#
# A fatal error has been detected by the Java Runtime Environment:
#
#  EXCEPTION_UNCAUGHT_CXX_EXCEPTION (0xe06d7363) at pc=0x000007fefd99a06d, pid=660, tid=0x0000000000002838
#
# JRE version: Java(TM) SE Runtime Environment (8.0_121-b13) (build 1.8.0_121-b13)
# Java VM: Java HotSpot(TM) 64-Bit Server VM (25.121-b13 mixed mode windows-amd64 compressed oops)
# Problematic frame:
# C  [KERNELBASE.dll+0x1a06d]
#
# Failed to write core dump. Minidumps are not enabled by default on client versions of Windows
#
# If you would like to submit a bug report, please visit:
#   http://bugreport.java.com/bugreport/crash.jsp
# The crash happened outside the Java Virtual Machine in native code.
# See problematic frame for where to report the bug.
#

---------------  T H R E A D  ---------------

Current thread (0x00000000024de000):  JavaThread "main" [_thread_in_native, id=10296, stack(0x0000000002700000,0x0000000002800000)]

siginfo: ExceptionCode=0xe06d7363, ExceptionInformation=0x0000000019930520 0x00000000027e28f0 0x000007feda1ac2b0 0x000007fed9530000 

Registers:
RAX=0x000000006dce03dc, RBX=0x00000000357c24a0, RCX=0x00000000027e2170, RDX=0x00000000000000d0
RSP=0x00000000027e2780, RBP=0x00000000027e28b0, RSI=0x000007feda1ac2b0, RDI=0x00000003a9040040
R8 =0x0000000000000000, R9 =0x0000000000000000, R10=0x000007fed9530000, R11=0x00000000027e27c0
R12=0x0000000000000000, R13=0x00000000027e5fe0, R14=0x00000000027e28f0, R15=0x0000000000000002
RIP=0x000007fefd99a06d, EFLAGS=0x0000000000000202

Top of Stack: (sp=0x00000000027e2780)
0x00000000027e2780:   00000000357c24a0 000007feda1ac2b0
0x00000000027e2790:   00000003a9040040 0000000000459760
0x00000000027e27a0:   00000001e06d7363 0000000000000000
0x00000000027e27b0:   000007fefd99a06d 000007fe00000004
0x00000000027e27c0:   0000000019930520 00000000027e28f0
0x00000000027e27d0:   000007feda1ac2b0 000007fed9530000
0x00000000027e27e0:   00000000c0000017 00000000027e2868
0x00000000027e27f0:   00000000357c24a0 00000000357c24e8
0x00000000027e2800:   00000000004bcba0 00000000027e28f0
0x00000000027e2810:   0000000000000000 000007fed9d20c85
0x00000000027e2820:   00000000027e28f0 00000000027e5fe0
0x00000000027e2830:   0000000000000000 00000003a9040040
0x00000000027e2840:   000007feda1ac2b0 000007fefacd4572
0x00000000027e2850:   00000000357c24a0 00000000027e28d0
0x00000000027e2860:   0000000000000001 000007fed9530110
0x00000000027e2870:   00000001e06d7363 0000000000000000 

Instructions: (pc=0x000007fefd99a06d)
0x000007fefd99a04d:   54 24 24 48 89 4c 24 28 4d 85 c9 0f 85 6a 03 00
0x000007fefd99a05d:   00 89 4c 24 38 48 8d 4c 24 20 ff 15 33 02 03 00
0x000007fefd99a06d:   48 81 c4 c8 00 00 00 c3 90 90 90 90 90 90 90 90
0x000007fefd99a07d:   90 90 90 48 83 ec 28 65 48 8b 04 25 30 00 00 00 


Register to memory mapping:

RAX=0x000000006dce03dc is an unknown value
RBX=0x00000000357c24a0 is an unknown value
RCX=0x00000000027e2170 is pointing into the stack for thread: 0x00000000024de000
RDX=0x00000000000000d0 is an unknown value
RSP=0x00000000027e2780 is pointing into the stack for thread: 0x00000000024de000
RBP=0x00000000027e28b0 is pointing into the stack for thread: 0x00000000024de000
RSI=0x000007feda1ac2b0 is an unknown value
RDI=0x00000003a9040040 is an unknown value
R8 =0x0000000000000000 is an unknown value
R9 =0x0000000000000000 is an unknown value
R10=0x000007fed9530000 is an unknown value
R11=0x00000000027e27c0 is pointing into the stack for thread: 0x00000000024de000
R12=0x0000000000000000 is an unknown value
R13=0x00000000027e5fe0 is pointing into the stack for thread: 0x00000000024de000
R14=0x00000000027e28f0 is pointing into the stack for thread: 0x00000000024de000
R15=0x0000000000000002 is an unknown value


Stack: [0x0000000002700000,0x0000000002800000],  sp=0x00000000027e2780,  free space=905k
Native frames: (J=compiled Java code, j=interpreted, Vv=VM code, C=native code)
C  [KERNELBASE.dll+0x1a06d]
C  [VCRUNTIME140.dll+0x4572]
C  [jniortools.dll+0x949e07]
C  [jniortools.dll+0x948615]
C  [jniortools.dll+0x7edc97]
C  [jniortools.dll+0x7e7d35]
C  [jniortools.dll+0x628df4]
C  [jniortools.dll+0x53d31a]
C  [jniortools.dll+0x54ebf3]
C  [jniortools.dll+0x54ef49]
C  [jniortools.dll+0x459dfc]
C  [jniortools.dll+0x440e7b]
C  [jniortools.dll+0x440f7b]
C  0x0000000002ae7f54

Java frames: (J=compiled Java code, j=interpreted, Vv=VM code)
j  com.google.ortools.linearsolver.operations_research_linear_solverJNI.MPSolver_solve__SWIG_0(JLcom/google/ortools/linearsolver/MPSolver;)I+0
j  com.google.ortools.linearsolver.MPSolver.solve()Lcom/google/ortools/linearsolver/MPSolver$ResultStatus;+5
J 2317% C2 com.saiglobal.sf.allocator.processor.MIP3Processor.solve([[[[I)Lcom/saiglobal/sf/allocator/processor/MIP3Processor$SolverResult; (1582 bytes) @ 0x0000000003172ee4 [0x000000000316f220+0x3cc4]
J 2247 C2 com.saiglobal.sf.allocator.processor.MIP3Processor.scheduleBatch()Ljava/util/List; (897 bytes) @ 0x00000000033aa9f4 [0x00000000033aa500+0x4f4]
j  com.saiglobal.sf.allocator.processor.MIP3Processor.execute()V+155
j  com.saiglobal.sf.allocator.main.ResourceAllocator.main([Ljava/lang/String;)V+382
v  ~StubRoutines::call_stub

---------------  P R O C E S S  ---------------

Java Threads: ( => current thread )
  0x0000000059e29000 JavaThread "Abandoned connection cleanup thread" daemon [_thread_blocked, id=5160, stack(0x000000005a760000,0x000000005a860000)]
  0x0000000059147000 JavaThread "Service Thread" daemon [_thread_blocked, id=2488, stack(0x0000000059990000,0x0000000059a90000)]
  0x00000000590e4800 JavaThread "C1 CompilerThread2" daemon [_thread_blocked, id=12272, stack(0x0000000059800000,0x0000000059900000)]
  0x0000000057a26000 JavaThread "C2 CompilerThread1" daemon [_thread_blocked, id=10172, stack(0x00000000595d0000,0x00000000596d0000)]
  0x0000000057a22000 JavaThread "C2 CompilerThread0" daemon [_thread_blocked, id=13220, stack(0x0000000058fe0000,0x00000000590e0000)]
  0x0000000057a2e000 JavaThread "Attach Listener" daemon [_thread_blocked, id=11952, stack(0x0000000058b40000,0x0000000058c40000)]
  0x0000000057a2d000 JavaThread "Signal Dispatcher" daemon [_thread_blocked, id=11756, stack(0x0000000058de0000,0x0000000058ee0000)]
  0x0000000057a09800 JavaThread "Finalizer" daemon [_thread_blocked, id=12016, stack(0x0000000058ce0000,0x0000000058de0000)]
  0x00000000579c2800 JavaThread "Reference Handler" daemon [_thread_blocked, id=3320, stack(0x00000000589f0000,0x0000000058af0000)]
=>0x00000000024de000 JavaThread "main" [_thread_in_native, id=10296, stack(0x0000000002700000,0x0000000002800000)]

Other Threads:
  0x00000000579bb000 VMThread [stack: 0x0000000058890000,0x0000000058990000] [id=12452]
  0x0000000059187800 WatcherThread [stack: 0x0000000059c20000,0x0000000059d20000] [id=11884]

VM state:not at safepoint (normal execution)

VM Mutex/Monitor currently owned by a thread: None

Heap:
 PSYoungGen      total 400896K, used 294453K [0x00000000d5d80000, 0x00000000f3980000, 0x0000000100000000)
  eden space 316416K, 79% used [0x00000000d5d80000,0x00000000e53d6fa8,0x00000000e9280000)
  from space 84480K, 49% used [0x00000000ee700000,0x00000000f1036688,0x00000000f3980000)
  to   space 85504K, 0% used [0x00000000e9280000,0x00000000e9280000,0x00000000ee600000)
 ParOldGen       total 205824K, used 118087K [0x0000000081800000, 0x000000008e100000, 0x00000000d5d80000)
  object space 205824K, 57% used [0x0000000081800000,0x0000000088b51d48,0x000000008e100000)
 Metaspace       used 12948K, capacity 13268K, committed 13568K, reserved 1060864K
  class space    used 1326K, capacity 1430K, committed 1536K, reserved 1048576K

Card table byte_map: [0x0000000011e90000,0x0000000012290000] byte_map_base: 0x0000000011a84000

Marking Bits: (ParMarkBitMap*) 0x00000000700bb6d0
 Begin Bits: [0x0000000012cf0000, 0x0000000014c90000)
 End Bits:   [0x0000000014c90000, 0x0000000016c30000)

Polling page: 0x0000000001d30000

CodeCache: size=245760Kb used=8468Kb max_used=9065Kb free=237291Kb
 bounds [0x0000000002ad0000, 0x00000000033d0000, 0x0000000011ad0000]
 total_blobs=2361 nmethods=1931 adapters=342
 compilation: enabled

Compilation events (10 events):
Event: 742.556 Thread 0x0000000057a26000 2316       4       com.saiglobal.sf.allocator.processor.MIP3Processor::getResourceAvailailityMatrix (355 bytes)
Event: 742.670 Thread 0x0000000057a26000 nmethod 2316 0x000000000317f8d0 code [0x000000000317fd60, 0x0000000003183240]
Event: 743.242 Thread 0x0000000057a22000 2317 %     4       com.saiglobal.sf.allocator.processor.MIP3Processor::solve @ 107 (1582 bytes)
Event: 743.449 Thread 0x00000000590e4800 2318   !   3       java.nio.charset.CharsetEncoder::encode (285 bytes)
Event: 743.451 Thread 0x00000000590e4800 nmethod 2318 0x00000000030e84d0 code [0x00000000030e87a0, 0x00000000030e9d78]
Event: 743.461 Thread 0x00000000590e4800 2319       3       java.util.IdentityHashMap$KeySet::<init> (6 bytes)
Event: 743.461 Thread 0x00000000590e4800 nmethod 2319 0x000000000306a350 code [0x000000000306a4c0, 0x000000000306a7b0]
Event: 743.461 Thread 0x00000000590e4800 2320       3       java.util.IdentityHashMap$KeySet::<init> (10 bytes)
Event: 743.461 Thread 0x00000000590e4800 nmethod 2320 0x00000000030a3f10 code [0x00000000030a4080, 0x00000000030a4310]
Event: 743.464 Thread 0x0000000057a22000 nmethod 2317% 0x000000000316e9d0 code [0x000000000316f220, 0x0000000003174fc0]

GC Heap History (10 events):
Event: 97.458 GC heap before
{Heap before GC invocations=10 (full 1):
 PSYoungGen      total 152576K, used 27648K [0x00000000d5d80000, 0x00000000e9300000, 0x0000000100000000)
  eden space 124928K, 0% used [0x00000000d5d80000,0x00000000d5d80000,0x00000000dd780000)
  from space 27648K, 100% used [0x00000000dd780000,0x00000000df280000,0x00000000df280000)
  to   space 58368K, 0% used [0x00000000e5a00000,0x00000000e5a00000,0x00000000e9300000)
 ParOldGen       total 101888K, used 100559K [0x0000000081800000, 0x0000000087b80000, 0x00000000d5d80000)
  object space 101888K, 98% used [0x0000000081800000,0x0000000087a33df0,0x0000000087b80000)
 Metaspace       used 12938K, capacity 13248K, committed 13568K, reserved 1060864K
  class space    used 1325K, capacity 1430K, committed 1536K, reserved 1048576K
Event: 97.563 GC heap after
Heap after GC invocations=10 (full 1):
 PSYoungGen      total 152576K, used 5093K [0x00000000d5d80000, 0x00000000e9300000, 0x0000000100000000)
  eden space 124928K, 0% used [0x00000000d5d80000,0x00000000d5d80000,0x00000000dd780000)
  from space 27648K, 18% used [0x00000000dd780000,0x00000000ddc79700,0x00000000df280000)
  to   space 58368K, 0% used [0x00000000e5a00000,0x00000000e5a00000,0x00000000e9300000)
 ParOldGen       total 174080K, used 101753K [0x0000000081800000, 0x000000008c200000, 0x00000000d5d80000)
  object space 174080K, 58% used [0x0000000081800000,0x0000000087b5e7a8,0x000000008c200000)
 Metaspace       used 12938K, capacity 13248K, committed 13568K, reserved 1060864K
  class space    used 1325K, capacity 1430K, committed 1536K, reserved 1048576K
}
Event: 404.193 GC heap before
{Heap before GC invocations=11 (full 1):
 PSYoungGen      total 152576K, used 130021K [0x00000000d5d80000, 0x00000000e9300000, 0x0000000100000000)
  eden space 124928K, 100% used [0x00000000d5d80000,0x00000000dd780000,0x00000000dd780000)
  from space 27648K, 18% used [0x00000000dd780000,0x00000000ddc79700,0x00000000df280000)
  to   space 58368K, 0% used [0x00000000e5a00000,0x00000000e5a00000,0x00000000e9300000)
 ParOldGen       total 174080K, used 101753K [0x0000000081800000, 0x000000008c200000, 0x00000000d5d80000)
  object space 174080K, 58% used [0x0000000081800000,0x0000000087b5e7a8,0x000000008c200000)
 Metaspace       used 12942K, capacity 13256K, committed 13568K, reserved 1060864K
  class space    used 1325K, capacity 1430K, committed 1536K, reserved 1048576K
Event: 404.228 GC heap after
Heap after GC invocations=11 (full 1):
 PSYoungGen      total 248320K, used 17354K [0x00000000d5d80000, 0x00000000e8a80000, 0x0000000100000000)
  eden space 198656K, 0% used [0x00000000d5d80000,0x00000000d5d80000,0x00000000e1f80000)
  from space 49664K, 34% used [0x00000000e5a00000,0x00000000e6af2ae8,0x00000000e8a80000)
  to   space 54784K, 0% used [0x00000000e1f80000,0x00000000e1f80000,0x00000000e5500000)
 ParOldGen       total 174080K, used 101761K [0x0000000081800000, 0x000000008c200000, 0x00000000d5d80000)
  object space 174080K, 58% used [0x0000000081800000,0x0000000087b607a8,0x000000008c200000)
 Metaspace       used 12942K, capacity 13256K, committed 13568K, reserved 1060864K
  class space    used 1325K, capacity 1430K, committed 1536K, reserved 1048576K
}
Event: 404.541 GC heap before
{Heap before GC invocations=12 (full 1):
 PSYoungGen      total 248320K, used 216010K [0x00000000d5d80000, 0x00000000e8a80000, 0x0000000100000000)
  eden space 198656K, 100% used [0x00000000d5d80000,0x00000000e1f80000,0x00000000e1f80000)
  from space 49664K, 34% used [0x00000000e5a00000,0x00000000e6af2ae8,0x00000000e8a80000)
  to   space 54784K, 0% used [0x00000000e1f80000,0x00000000e1f80000,0x00000000e5500000)
 ParOldGen       total 174080K, used 101761K [0x0000000081800000, 0x000000008c200000, 0x00000000d5d80000)
  object space 174080K, 58% used [0x0000000081800000,0x0000000087b607a8,0x000000008c200000)
 Metaspace       used 12942K, capacity 13256K, committed 13568K, reserved 1060864K
  class space    used 1325K, capacity 1430K, committed 1536K, reserved 1048576K
Event: 404.607 GC heap after
Heap after GC invocations=12 (full 1):
 PSYoungGen      total 253440K, used 54784K [0x00000000d5d80000, 0x00000000f3b80000, 0x0000000100000000)
  eden space 198656K, 0% used [0x00000000d5d80000,0x00000000d5d80000,0x00000000e1f80000)
  from space 54784K, 100% used [0x00000000e1f80000,0x00000000e5500000,0x00000000e5500000)
  to   space 86528K, 0% used [0x00000000ee700000,0x00000000ee700000,0x00000000f3b80000)
 ParOldGen       total 174080K, used 161164K [0x0000000081800000, 0x000000008c200000, 0x00000000d5d80000)
  object space 174080K, 92% used [0x0000000081800000,0x000000008b5632a0,0x000000008c200000)
 Metaspace       used 12942K, capacity 13256K, committed 13568K, reserved 1060864K
  class space    used 1325K, capacity 1430K, committed 1536K, reserved 1048576K
}
Event: 404.607 GC heap before
{Heap before GC invocations=13 (full 2):
 PSYoungGen      total 253440K, used 54784K [0x00000000d5d80000, 0x00000000f3b80000, 0x0000000100000000)
  eden space 198656K, 0% used [0x00000000d5d80000,0x00000000d5d80000,0x00000000e1f80000)
  from space 54784K, 100% used [0x00000000e1f80000,0x00000000e5500000,0x00000000e5500000)
  to   space 86528K, 0% used [0x00000000ee700000,0x00000000ee700000,0x00000000f3b80000)
 ParOldGen       total 174080K, used 161164K [0x0000000081800000, 0x000000008c200000, 0x00000000d5d80000)
  object space 174080K, 92% used [0x0000000081800000,0x000000008b5632a0,0x000000008c200000)
 Metaspace       used 12942K, capacity 13256K, committed 13568K, reserved 1060864K
  class space    used 1325K, capacity 1430K, committed 1536K, reserved 1048576K
Event: 404.779 GC heap after
Heap after GC invocations=13 (full 2):
 PSYoungGen      total 253440K, used 0K [0x00000000d5d80000, 0x00000000f3b80000, 0x0000000100000000)
  eden space 198656K, 0% used [0x00000000d5d80000,0x00000000d5d80000,0x00000000e1f80000)
  from space 54784K, 0% used [0x00000000e1f80000,0x00000000e1f80000,0x00000000e5500000)
  to   space 86528K, 0% used [0x00000000ee700000,0x00000000ee700000,0x00000000f3b80000)
 ParOldGen       total 205824K, used 118087K [0x0000000081800000, 0x000000008e100000, 0x00000000d5d80000)
  object space 205824K, 57% used [0x0000000081800000,0x0000000088b51d48,0x000000008e100000)
 Metaspace       used 12942K, capacity 13256K, committed 13568K, reserved 1060864K
  class space    used 1325K, capacity 1430K, committed 1536K, reserved 1048576K
}
Event: 742.757 GC heap before
{Heap before GC invocations=14 (full 2):
 PSYoungGen      total 253440K, used 198656K [0x00000000d5d80000, 0x00000000f3b80000, 0x0000000100000000)
  eden space 198656K, 100% used [0x00000000d5d80000,0x00000000e1f80000,0x00000000e1f80000)
  from space 54784K, 0% used [0x00000000e1f80000,0x00000000e1f80000,0x00000000e5500000)
  to   space 86528K, 0% used [0x00000000ee700000,0x00000000ee700000,0x00000000f3b80000)
 ParOldGen       total 205824K, used 118087K [0x0000000081800000, 0x000000008e100000, 0x00000000d5d80000)
  object space 205824K, 57% used [0x0000000081800000,0x0000000088b51d48,0x000000008e100000)
 Metaspace       used 12948K, capacity 13268K, committed 13568K, reserved 1060864K
  class space    used 1326K, capacity 1430K, committed 1536K, reserved 1048576K
Event: 743.107 GC heap after
Heap after GC invocations=14 (full 2):
 PSYoungGen      total 400896K, used 42201K [0x00000000d5d80000, 0x00000000f3980000, 0x0000000100000000)
  eden space 316416K, 0% used [0x00000000d5d80000,0x00000000d5d80000,0x00000000e9280000)
  from space 84480K, 49% used [0x00000000ee700000,0x00000000f1036688,0x00000000f3980000)
  to   space 85504K, 0% used [0x00000000e9280000,0x00000000e9280000,0x00000000ee600000)
 ParOldGen       total 205824K, used 118087K [0x0000000081800000, 0x000000008e100000, 0x00000000d5d80000)
  object space 205824K, 57% used [0x0000000081800000,0x0000000088b51d48,0x000000008e100000)
 Metaspace       used 12948K, capacity 13268K, committed 13568K, reserved 1060864K
  class space    used 1326K, capacity 1430K, committed 1536K, reserved 1048576K
}

Deoptimization events (10 events):
Event: 399.777 Thread 0x00000000024de000 Uncommon trap: reason=class_check action=maybe_recompile pc=0x0000000002dd7af0 method=java.util.stream.ReduceOps$3.getOpFlags()I @ 12
Event: 399.777 Thread 0x00000000024de000 Uncommon trap: reason=class_check action=maybe_recompile pc=0x0000000002c13be8 method=java.util.stream.ReduceOps$3ReducingSink.begin(J)V @ 5
Event: 399.777 Thread 0x00000000024de000 Uncommon trap: reason=class_check action=maybe_recompile pc=0x0000000002eaebdc method=java.util.stream.ReferencePipeline.collect(Ljava/util/stream/Collector;)Ljava/lang/Object; @ 99
Event: 399.777 Thread 0x00000000024de000 Uncommon trap: reason=class_check action=maybe_recompile pc=0x0000000002dd7af0 method=java.util.stream.ReduceOps$3.getOpFlags()I @ 12
Event: 399.777 Thread 0x00000000024de000 Uncommon trap: reason=class_check action=maybe_recompile pc=0x0000000002c13be8 method=java.util.stream.ReduceOps$3ReducingSink.begin(J)V @ 5
Event: 399.777 Thread 0x00000000024de000 Uncommon trap: reason=class_check action=maybe_recompile pc=0x0000000002eaebdc method=java.util.stream.ReferencePipeline.collect(Ljava/util/stream/Collector;)Ljava/lang/Object; @ 99
Event: 404.183 Thread 0x00000000024de000 Uncommon trap: reason=unstable_if action=reinterpret pc=0x00000000032e1e70 method=com.saiglobal.sf.core.utility.Utility.calculateTravelTimeHrs(D)D @ 44
Event: 413.261 Thread 0x00000000024de000 Uncommon trap: reason=unstable_if action=reinterpret pc=0x00000000033598b8 method=com.saiglobal.sf.allocator.processor.MIP3Processor.solve([[[[I)Lcom/saiglobal/sf/allocator/processor/MIP3Processor$SolverResult; @ 1014
Event: 736.506 Thread 0x00000000024de000 Uncommon trap: reason=unreached action=reinterpret pc=0x0000000003301480 method=com.saiglobal.sf.allocator.processor.MIP3Processor.scheduleBatch()Ljava/util/List; @ 887
Event: 743.312 Thread 0x00000000024de000 Uncommon trap: reason=unstable_if action=reinterpret pc=0x0000000002e981a0 method=com.saiglobal.sf.allocator.processor.MIP3Processor.solve([[[[I)Lcom/saiglobal/sf/allocator/processor/MIP3Processor$SolverResult; @ 583

Internal exceptions (10 events):
Event: 0.451 Thread 0x00000000024de000 Exception <a 'java/lang/ClassNotFoundException': org/apache/log4j/WriterAppenderCustomizer> (0x00000000d629f0e0) thrown at [C:\re\workspace\8-2-build-windows-amd64-cygwin\jdk8u121\8372\hotspot\src\share\vm\classfile\systemDictionary.cpp, line 210]
Event: 0.453 Thread 0x00000000024de000 Exception <a 'java/lang/ClassNotFoundException': org/apache/log4j/FileAppenderCustomizer> (0x00000000d62b28c8) thrown at [C:\re\workspace\8-2-build-windows-amd64-cygwin\jdk8u121\8372\hotspot\src\share\vm\classfile\systemDictionary.cpp, line 210]
Event: 0.455 Thread 0x00000000024de000 Exception <a 'java/lang/ClassNotFoundException': org/apache/log4j/RollingFileAppenderCustomizer> (0x00000000d62c61b0) thrown at [C:\re\workspace\8-2-build-windows-amd64-cygwin\jdk8u121\8372\hotspot\src\share\vm\classfile\systemDictionary.cpp, line 210]
Event: 0.461 Thread 0x00000000024de000 Exception <a 'java/lang/ClassNotFoundException': org/apache/log4j/ConsoleAppenderBeanInfo> (0x00000000d62ef8c0) thrown at [C:\re\workspace\8-2-build-windows-amd64-cygwin\jdk8u121\8372\hotspot\src\share\vm\classfile\systemDictionary.cpp, line 210]
Event: 0.461 Thread 0x00000000024de000 Exception <a 'java/lang/ClassNotFoundException': org/apache/log4j/ConsoleAppenderCustomizer> (0x00000000d62f6190) thrown at [C:\re\workspace\8-2-build-windows-amd64-cygwin\jdk8u121\8372\hotspot\src\share\vm\classfile\systemDictionary.cpp, line 210]
Event: 0.748 Thread 0x00000000024de000 Implicit null exception at 0x0000000002cd7506 to 0x0000000002cd78b1
Event: 4.008 Thread 0x00000000024de000 Exception <a 'java/lang/NoSuchFieldError': method resolution failed> (0x00000000d6eee930) thrown at [C:\re\workspace\8-2-build-windows-amd64-cygwin\jdk8u121\8372\hotspot\src\share\vm\prims\methodHandles.cpp, line 1146]
Event: 4.012 Thread 0x00000000024de000 Exception <a 'java/lang/NoSuchFieldError': method resolution failed> (0x00000000d6efbc60) thrown at [C:\re\workspace\8-2-build-windows-amd64-cygwin\jdk8u121\8372\hotspot\src\share\vm\prims\methodHandles.cpp, line 1146]
Event: 91.126 Thread 0x00000000024de000 Implicit null exception at 0x0000000002f3d851 to 0x0000000002f3e62d
Event: 91.193 Thread 0x00000000024de000 Exception <a 'java/lang/NoSuchMethodError': java.lang.Object.lambda$minBy$0(Ljava/util/Comparator;Ljava/lang/Object;Ljava/lang/Object;)Ljava/lang/Object;> (0x00000000d6b171d0) thrown at [C:\re\workspace\8-2-build-windows-amd64-cygwin\jdk8u121\8372\hotspot

Events (10 events):
Event: 742.556 Thread 0x00000000024de000 DEOPT UNPACKING pc=0x0000000002b1787f sp=0x00000000027ff040 mode 0
Event: 742.757 Executing VM operation: ParallelGCFailedAllocation
Event: 743.107 Executing VM operation: ParallelGCFailedAllocation done
Event: 743.271 Thread 0x00000000024de000 DEOPT PACKING pc=0x00000000031cde48 sp=0x00000000027ff080
Event: 743.271 Thread 0x00000000024de000 DEOPT UNPACKING pc=0x0000000002b1787f sp=0x00000000027ff070 mode 0
Event: 743.312 Thread 0x00000000024de000 Uncommon trap: trap_request=0xffffff65 fr.pc=0x0000000002e981a0
Event: 743.312 Thread 0x00000000024de000 DEOPT PACKING pc=0x0000000002e981a0 sp=0x00000000027ff340
Event: 743.312 Thread 0x00000000024de000 DEOPT UNPACKING pc=0x0000000002b1582a sp=0x00000000027ff300 mode 2
Event: 743.478 Thread 0x00000000024de000 DEOPT PACKING pc=0x00000000031cdb4a sp=0x00000000027ff080
Event: 743.478 Thread 0x00000000024de000 DEOPT UNPACKING pc=0x0000000002b1787f sp=0x00000000027ff070 mode 0


Dynamic libraries:
0x000000013f2b0000 - 0x000000013f2e7000 	C:\Program Files\Java\jdk1.8.0_121\bin\javaw.exe
0x0000000077ba0000 - 0x0000000077d4a000 	C:\windows\SYSTEM32\ntdll.dll
0x0000000077980000 - 0x0000000077a9f000 	C:\windows\system32\kernel32.dll
0x000007fefd980000 - 0x000007fefd9ea000 	C:\windows\system32\KERNELBASE.dll
0x000007fefe880000 - 0x000007fefe95b000 	C:\windows\system32\ADVAPI32.dll
0x000007fefdc60000 - 0x000007fefdcff000 	C:\windows\system32\msvcrt.dll
0x000007fefe3d0000 - 0x000007fefe3ef000 	C:\windows\SYSTEM32\sechost.dll
0x000007fefe960000 - 0x000007fefea8d000 	C:\windows\system32\RPCRT4.dll
0x0000000077aa0000 - 0x0000000077b9a000 	C:\windows\system32\USER32.dll
0x000007fefe3f0000 - 0x000007fefe457000 	C:\windows\system32\GDI32.dll
0x000007fefea90000 - 0x000007fefea9e000 	C:\windows\system32\LPK.dll
0x000007fefee50000 - 0x000007fefef1a000 	C:\windows\system32\USP10.dll
0x000007fefbe00000 - 0x000007fefbff4000 	C:\windows\WinSxS\amd64_microsoft.windows.common-controls_6595b64144ccf1df_6.0.7601.18837_none_fa3b1e3d17594757\COMCTL32.dll
0x000007fefef20000 - 0x000007fefef91000 	C:\windows\system32\SHLWAPI.dll
0x000007fefed10000 - 0x000007fefed3e000 	C:\windows\system32\IMM32.DLL
0x000007fefed40000 - 0x000007fefee49000 	C:\windows\system32\MSCTF.dll
0x0000000068000000 - 0x0000000068056000 	C:\windows\system32\QIPCAP64.DLL
0x000007fefefa0000 - 0x000007feffd2a000 	C:\windows\system32\SHELL32.dll
0x000007fefce40000 - 0x000007fefce9b000 	C:\windows\system32\DNSAPI.dll
0x000007fefe500000 - 0x000007fefe54d000 	C:\windows\system32\WS2_32.dll
0x000007fefdc50000 - 0x000007fefdc58000 	C:\windows\system32\NSI.dll
0x0000000060230000 - 0x0000000060302000 	C:\Program Files\Java\jdk1.8.0_121\jre\bin\msvcr100.dll
0x000000006f8a0000 - 0x000000007013b000 	C:\Program Files\Java\jdk1.8.0_121\jre\bin\server\jvm.dll
0x000007fefb010000 - 0x000007fefb019000 	C:\windows\system32\WSOCK32.dll
0x000007fefb6a0000 - 0x000007fefb6db000 	C:\windows\system32\WINMM.dll
0x000007fefc960000 - 0x000007fefc96c000 	C:\windows\system32\VERSION.dll
0x0000000077d70000 - 0x0000000077d77000 	C:\windows\system32\PSAPI.DLL
0x00000000748b0000 - 0x00000000748bf000 	C:\Program Files\Java\jdk1.8.0_121\jre\bin\verify.dll
0x0000000066ff0000 - 0x0000000067019000 	C:\Program Files\Java\jdk1.8.0_121\jre\bin\java.dll
0x0000000074380000 - 0x0000000074396000 	C:\Program Files\Java\jdk1.8.0_121\jre\bin\zip.dll
0x000007fefdfd0000 - 0x000007fefe1cc000 	C:\windows\system32\ole32.dll
0x000007fefd8a0000 - 0x000007fefd8af000 	C:\windows\system32\profapi.dll
0x0000000074360000 - 0x000000007437a000 	C:\Program Files\Java\jdk1.8.0_121\jre\bin\net.dll
0x000007fefd060000 - 0x000007fefd0b5000 	C:\windows\system32\mswsock.dll
0x000007fefd050000 - 0x000007fefd057000 	C:\windows\System32\wship6.dll
0x0000000073ef0000 - 0x0000000073f01000 	C:\Program Files\Java\jdk1.8.0_121\jre\bin\nio.dll
0x000007fefd6d0000 - 0x000007fefd727000 	C:\windows\system32\apphelp.dll
0x00000000748e0000 - 0x00000000748ed000 	C:\Program Files\Java\jdk1.8.0_121\jre\bin\management.dll
0x000007fefb5d0000 - 0x000007fefb5e5000 	C:\windows\system32\NLAapi.dll
0x000007fef0060000 - 0x000007fef0075000 	C:\windows\system32\napinsp.dll
0x000007fef0040000 - 0x000007fef0059000 	C:\windows\system32\pnrpnsp.dll
0x000007fef0030000 - 0x000007fef003b000 	C:\windows\System32\winrnr.dll
0x000007fef0020000 - 0x000007fef0030000 	C:\windows\system32\wshbth.dll
0x000007fefca30000 - 0x000007fefca37000 	C:\windows\System32\wshtcpip.dll
0x000007fefb320000 - 0x000007fefb347000 	C:\windows\system32\IPHLPAPI.DLL
0x000007fefb310000 - 0x000007fefb31b000 	C:\windows\system32\WINNSI.DLL
0x000007fef7450000 - 0x000007fef7458000 	C:\windows\system32\rasadhlp.dll
0x000007fef8f50000 - 0x000007fef8fa3000 	C:\windows\System32\fwpuclnt.dll
0x000007fed9530000 - 0x000007feda2b0000 	C:\Code\DataAnalysisBB\dataanalysis\SFResourceAllocator\lib\jniortools.dll
0x000007fef82f0000 - 0x000007fef838f000 	C:\windows\system32\MSVCP140.dll
0x000007fefacd0000 - 0x000007feface7000 	C:\windows\system32\VCRUNTIME140.dll
0x000007fefaef0000 - 0x000007fefaef4000 	C:\windows\system32\api-ms-win-crt-runtime-l1-1-0.dll
0x000007fef81f0000 - 0x000007fef82e4000 	C:\windows\system32\ucrtbase.DLL
0x000007fefac00000 - 0x000007fefac03000 	C:\windows\system32\api-ms-win-core-timezone-l1-1-0.dll
0x000007fefabd0000 - 0x000007fefabd3000 	C:\windows\system32\api-ms-win-core-file-l2-1-0.dll
0x000007fefa480000 - 0x000007fefa483000 	C:\windows\system32\api-ms-win-core-localization-l1-2-0.dll
0x000007fef87c0000 - 0x000007fef87c3000 	C:\windows\system32\api-ms-win-core-synch-l1-2-0.dll
0x000007fef87b0000 - 0x000007fef87b3000 	C:\windows\system32\api-ms-win-core-processthreads-l1-1-1.dll
0x000007fef8740000 - 0x000007fef8743000 	C:\windows\system32\api-ms-win-core-file-l1-2-0.dll
0x000007fef8730000 - 0x000007fef8734000 	C:\windows\system32\api-ms-win-crt-string-l1-1-0.dll
0x000007fef8620000 - 0x000007fef8623000 	C:\windows\system32\api-ms-win-crt-heap-l1-1-0.dll
0x000007fef8610000 - 0x000007fef8614000 	C:\windows\system32\api-ms-win-crt-stdio-l1-1-0.dll
0x000007fef85d0000 - 0x000007fef85d4000 	C:\windows\system32\api-ms-win-crt-convert-l1-1-0.dll
0x000007fef85c0000 - 0x000007fef85c3000 	C:\windows\system32\api-ms-win-crt-locale-l1-1-0.dll
0x000007fef85b0000 - 0x000007fef85b5000 	C:\windows\system32\api-ms-win-crt-math-l1-1-0.dll
0x000007fef85a0000 - 0x000007fef85a5000 	C:\windows\system32\api-ms-win-crt-multibyte-l1-1-0.dll
0x000007fef81e0000 - 0x000007fef81e3000 	C:\windows\system32\api-ms-win-crt-time-l1-1-0.dll
0x000007fef8160000 - 0x000007fef8163000 	C:\windows\system32\api-ms-win-crt-filesystem-l1-1-0.dll
0x000007fef8150000 - 0x000007fef8153000 	C:\windows\system32\api-ms-win-crt-environment-l1-1-0.dll
0x000007fef8140000 - 0x000007fef8143000 	C:\windows\system32\api-ms-win-crt-utility-l1-1-0.dll
0x000007fefb020000 - 0x000007fefb145000 	C:\windows\system32\dbghelp.dll

VM Arguments:
jvm_args: -Djava.library.path=lib -Dfile.encoding=Cp1252 
java_command: com.saiglobal.sf.allocator.main.ResourceAllocator -ai com.saiglobal.sf.allocator.implementation.ResourceAllocatorMIPMilkRunsUK -includePipeline false -logLevel DEBUG -cp noOfMonth:6
java_class_path (initial): C:\Code\DataAnalysisBB\dataanalysis\SFResourceAllocator\bin;C:\Code\DataAnalysis\SFResourceAllocator\lib\org.apache.log4j_1.2.13.v200903072027.jar;C:\Code\DataAnalysisBB\dataanalysis\SFCore\bin;C:\Code\DataAnalysis\SFCore\lib\commons-cli-1.2.jar;C:\Code\DataAnalysis\SFCore\lib\commons-logging-1.1.3.jar;C:\Code\DataAnalysis\SFCore\lib\geocoder-java-0.15.jar;C:\Code\DataAnalysis\SFCore\lib\gson-2.2.4.jar;C:\Code\DataAnalysis\SFCore\lib\org.apache.log4j_1.2.13.v200903072027.jar;C:\Code\DataAnalysis\SFCore\lib\jsch-0.1.50.jar;C:\Code\DataAnalysis\SFCore\lib\sqljdbc4.jar;C:\Code\DataAnalysis\SFCore\lib\javax.mail.jar;C:\Code\DataAnalysis\SFCore\lib\mysql-connector-java-5.1.35-bin.jar;C:\Code\DataAnalysis\SFCore\lib\commons-lang-2.5.jar;C:\Code\DataAnalysis\SFCore\lib\force-wsc-32.0.0.jar;C:\Code\DataAnalysis\SFCore\lib\wsc.partner.32.jar;C:\Code\DataAnalysisBB\dataanalysis\SFResourceAllocator\lib\com.google.ortools.jar;C:\Code\DataAnalysisBB\dataanalysis\SFResourceAllocator\lib\protobuf.jar
Launcher Type: SUN_STANDARD

Environment Variables:
PATH=C:/Program Files/Java/jre1.8.0_121/bin/server;C:/Program Files/Java/jre1.8.0_121/bin;C:/Program Files/Java/jre1.8.0_121/lib/amd64;C:\ProgramData\Oracle\Java\javapath;C:\windows\system32;C:\windows;C:\windows\System32\Wbem;C:\windows\System32\WindowsPowerShell\v1.0\;C:\Program Files (x86)\Common Files\Roxio Shared\DLLShared\;C:\Program Files (x86)\Common Files\Roxio Shared\10.0\DLLShared\;C:\Program Files (x86)\ATI Technologies\ATI.ACE\Core-Static;C:\Program Files (x86)\MySQL\MySQL Utilities 1.4\;C:\Program Files (x86)\MySQL\MySQL Utilities 1.4\Doctrine extensions for PHP\;C:\Program Files\nodejs\;C:\TDM-GCC-64\bin;C:\Users\conluc0\AppData\Local\Continuum\Anaconda;C:\Users\conluc0\AppData\Local\Continuum\Anaconda\Scripts;C:\Users\conluc0\AppData\Roaming\npm;C:\TDM-GCC-64\bin;C:\eclipse;
USERNAME=conluc0
OS=Windows_NT
PROCESSOR_IDENTIFIER=Intel64 Family 6 Model 69 Stepping 1, GenuineIntel



---------------  S Y S T E M  ---------------

OS: Windows 7 , 64 bit Build 7601 (6.1.7601.23714)

CPU:total 4 (2 cores per cpu, 2 threads per core) family 6 model 69 stepping 1, cmov, cx8, fxsr, mmx, sse, sse2, sse3, ssse3, sse4.1, sse4.2, popcnt, avx, avx2, aes, clmul, erms, lzcnt, ht, tsc, tscinvbit, bmi1, bmi2

Memory: 4k page, physical 8283244k(346828k free), swap 32938964k(876136k free)

vm_info: Java HotSpot(TM) 64-Bit Server VM (25.121-b13) for windows-amd64 JRE (1.8.0_121-b13), built on Dec 12 2016 18:21:36 by "java_re" with MS VC++ 10.0 (VS2010)

time: Wed May 17 12:18:03 2017
elapsed time: 1199 seconds (0d 0h 19m 59s)

