#
# A fatal error has been detected by the Java Runtime Environment:
#
#  EXCEPTION_ACCESS_VIOLATION (0xc0000005) at pc=0x000007fecca41b20, pid=2024, tid=0x0000000000002388
#
# JRE version: Java(TM) SE Runtime Environment (8.0_121-b13) (build 1.8.0_121-b13)
# Java VM: Java HotSpot(TM) 64-Bit Server VM (25.121-b13 mixed mode windows-amd64 compressed oops)
# Problematic frame:
# C  [jniortools.dll+0x441b20]
#
# Failed to write core dump. Minidumps are not enabled by default on client versions of Windows
#
# If you would like to submit a bug report, please visit:
#   http://bugreport.java.com/bugreport/crash.jsp
# The crash happened outside the Java Virtual Machine in native code.
# See problematic frame for where to report the bug.
#

---------------  T H R E A D  ---------------

Current thread (0x00000000023de000):  JavaThread "main" [_thread_in_native, id=9096, stack(0x0000000002500000,0x0000000002600000)]

siginfo: ExceptionCode=0xc0000005, reading address 0x0000000000000000

Registers:
RAX=0x0000000000000000, RBX=0x00000000003a8e10, RCX=0xc56aaaf0d03b0000, RDX=0x000007fed72255f0
RSP=0x00000000025fed10, RBP=0x00000000025fee10, RSI=0x0000000000000000, RDI=0x0000000000000000
R8 =0x00000000025fd468, R9 =0x000000001bed1b71, R10=0x0000000000000000, R11=0x00000000025fecd0
R12=0x0000000000000001, R13=0x000000001b7372d0, R14=0x0000000000000000, R15=0x0000000000000000
RIP=0x000007fecca41b20, EFLAGS=0x0000000000010206

Top of Stack: (sp=0x00000000025fed10)
0x00000000025fed10:   3fe0000000000000 00000000025fed78
0x00000000025fed20:   00000000003a8e10 0000000000000001
0x00000000025fed30:   0000000000000000 0000000100000000
0x00000000025fed40:   0000000000000000 00000000003a8e10
0x00000000025fed50:   0000000000000000 fffffffffffffffe
0x00000000025fed60:   00000000023defb8 0000000000706c00
0x00000000025fed70:   00000000d7a9efe8 0000000000000000
0x00000000025fed80:   0000000000000000 0000000000000000
0x00000000025fed90:   000007fed7224168 0000000067382e25
0x00000000025feda0:   00000000d7aa5ba8 0000000000000005
0x00000000025fedb0:   00000000d7aa5ba8 0000c56aa8af3d2b
0x00000000025fedc0:   0000000000000000 0000000000000000
0x00000000025fedd0:   0000000000000000 0000000000000000
0x00000000025fede0:   0000000000000000 0000000000000000
0x00000000025fedf0:   0000000000000002 0000000000000000
0x00000000025fee00:   00000000d84441f0 0000000000000000 

Instructions: (pc=0x000007fecca41b20)
0x000007fecca41b00:   0f b6 64 24 2c 66 66 66 0f 1f 84 00 00 00 00 00
0x000007fecca41b10:   48 8b 83 b0 00 00 00 4e 8b 2c f8 48 8b 44 24 68
0x000007fecca41b20:   f2 46 0f 10 04 f8 41 0f 28 fb 49 8b 5d 08 48 8b
0x000007fecca41b30:   1b 49 8b 7d 08 48 3b df 74 61 66 0f 1f 44 00 00 


Register to memory mapping:

RAX=0x0000000000000000 is an unknown value
RBX=0x00000000003a8e10 is an unknown value
RCX=0xc56aaaf0d03b0000 is an unknown value
RDX=0x000007fed72255f0 is an unknown value
RSP=0x00000000025fed10 is pointing into the stack for thread: 0x00000000023de000
RBP=0x00000000025fee10 is pointing into the stack for thread: 0x00000000023de000
RSI=0x0000000000000000 is an unknown value
RDI=0x0000000000000000 is an unknown value
R8 =0x00000000025fd468 is pointing into the stack for thread: 0x00000000023de000
R9 =0x000000001bed1b71 is an unknown value
R10=0x0000000000000000 is an unknown value
R11=0x00000000025fecd0 is pointing into the stack for thread: 0x00000000023de000
R12=0x0000000000000001 is an unknown value
R13=0x000000001b7372d0 is an unknown value
R14=0x0000000000000000 is an unknown value
R15=0x0000000000000000 is an unknown value


Stack: [0x0000000002500000,0x0000000002600000],  sp=0x00000000025fed10,  free space=1019k
Native frames: (J=compiled Java code, j=interpreted, Vv=VM code, C=native code)
C  [jniortools.dll+0x441b20]
C  0x00000000028e7f74

Java frames: (J=compiled Java code, j=interpreted, Vv=VM code)
j  com.google.ortools.linearsolver.operations_research_linear_solverJNI.MPSolver_verifySolution(JLcom/google/ortools/linearsolver/MPSolver;DZ)Z+0
j  com.google.ortools.linearsolver.MPSolver.verifySolution(DZ)Z+7
j  com.saiglobal.sf.allocator.processor.MIP2Processor.solve([[[I)Lcom/saiglobal/sf/allocator/processor/MIP2Processor$SolverResult;+927
J 1557% C1 com.saiglobal.sf.allocator.processor.MIP2Processor.scheduleBatch()Ljava/util/List; (419 bytes) @ 0x0000000002e288c4 [0x0000000002e26600+0x22c4]
j  com.saiglobal.sf.allocator.processor.MIP2Processor.execute()V+155
j  com.saiglobal.sf.allocator.main.ResourceAllocator.main([Ljava/lang/String;)V+305
v  ~StubRoutines::call_stub

---------------  P R O C E S S  ---------------

Java Threads: ( => current thread )
  0x00000000198ff000 JavaThread "Abandoned connection cleanup thread" daemon [_thread_blocked, id=7376, stack(0x0000000019120000,0x0000000019220000)]
  0x0000000018da5000 JavaThread "Service Thread" daemon [_thread_blocked, id=9580, stack(0x00000000194f0000,0x00000000195f0000)]
  0x0000000018d16000 JavaThread "C1 CompilerThread2" daemon [_thread_blocked, id=9796, stack(0x0000000019300000,0x0000000019400000)]
  0x0000000018d15000 JavaThread "C2 CompilerThread1" daemon [_thread_in_native, id=4792, stack(0x0000000018770000,0x0000000018870000)]
  0x0000000017466800 JavaThread "C2 CompilerThread0" daemon [_thread_blocked, id=8128, stack(0x0000000018c10000,0x0000000018d10000)]
  0x000000001745e000 JavaThread "Attach Listener" daemon [_thread_blocked, id=6152, stack(0x0000000018980000,0x0000000018a80000)]
  0x000000001746f000 JavaThread "Signal Dispatcher" daemon [_thread_blocked, id=9532, stack(0x0000000018ad0000,0x0000000018bd0000)]
  0x000000001744b800 JavaThread "Finalizer" daemon [_thread_blocked, id=5964, stack(0x0000000018880000,0x0000000018980000)]
  0x0000000017404800 JavaThread "Reference Handler" daemon [_thread_blocked, id=8352, stack(0x0000000018660000,0x0000000018760000)]
=>0x00000000023de000 JavaThread "main" [_thread_in_native, id=9096, stack(0x0000000002500000,0x0000000002600000)]

Other Threads:
  0x00000000173fb000 VMThread [stack: 0x0000000018540000,0x0000000018640000] [id=6256]
  0x0000000018dbb800 WatcherThread [stack: 0x0000000019690000,0x0000000019790000] [id=8008]

VM state:not at safepoint (normal execution)

VM Mutex/Monitor currently owned by a thread: None

Heap:
 PSYoungGen      total 38400K, used 34958K [0x00000000d5d80000, 0x00000000d8800000, 0x0000000100000000)
  eden space 33280K, 89% used [0x00000000d5d80000,0x00000000d7aa9260,0x00000000d7e00000)
  from space 5120K, 99% used [0x00000000d8300000,0x00000000d87fa880,0x00000000d8800000)
  to   space 5120K, 0% used [0x00000000d7e00000,0x00000000d7e00000,0x00000000d8300000)
 ParOldGen       total 87552K, used 2350K [0x0000000081800000, 0x0000000086d80000, 0x00000000d5d80000)
  object space 87552K, 2% used [0x0000000081800000,0x0000000081a4b878,0x0000000086d80000)
 Metaspace       used 12107K, capacity 12372K, committed 12672K, reserved 1060864K
  class space    used 1233K, capacity 1336K, committed 1408K, reserved 1048576K

Card table byte_map: [0x0000000011c90000,0x0000000012090000] byte_map_base: 0x0000000011884000

Marking Bits: (ParMarkBitMap*) 0x000000007039b6d0
 Begin Bits: [0x0000000012730000, 0x00000000146d0000)
 End Bits:   [0x00000000146d0000, 0x0000000016670000)

Polling page: 0x0000000001dc0000

CodeCache: size=245760Kb used=5952Kb max_used=5979Kb free=239807Kb
 bounds [0x00000000028d0000, 0x0000000002ec0000, 0x00000000118d0000]
 total_blobs=2018 nmethods=1609 adapters=321
 compilation: enabled

Compilation events (10 events):
Event: 81.990 Thread 0x0000000018d16000 nmethod 1648 0x0000000002e79d50 code [0x0000000002e79f20, 0x0000000002e7a798]
Event: 81.990 Thread 0x0000000018d16000 1650       3       com.saiglobal.sf.allocator.processor.MIP2Processor::scheduleBatch (419 bytes)
Event: 81.993 Thread 0x0000000018d16000 nmethod 1650 0x0000000002e7ab10 code [0x0000000002e7b020, 0x0000000002e7dcc8]
Event: 82.153 Thread 0x0000000018d15000 nmethod 1596 0x0000000002e8ae50 code [0x0000000002e8b6e0, 0x0000000002e956b8]
Event: 82.153 Thread 0x0000000018d15000 1649   !   4       java.text.SimpleDateFormat::parse (456 bytes)
Event: 82.200 Thread 0x0000000018d15000 nmethod 1649 0x0000000002e838d0 code [0x0000000002e83b00, 0x0000000002e853c0]
Event: 82.201 Thread 0x0000000018d15000 1652       4       java.lang.Integer::getChars (131 bytes)
Event: 82.208 Thread 0x0000000018d15000 nmethod 1652 0x0000000002e78710 code [0x0000000002e78860, 0x0000000002e78d98]
Event: 82.208 Thread 0x0000000018d15000 1647       4       com.saiglobal.sf.allocator.processor.MIP2Processor::calculateSolutionCost (205 bytes)
Event: 82.225 Thread 0x0000000017466800 nmethod 1642 0x0000000002ea5a10 code [0x0000000002ea6100, 0x0000000002eabde8]

GC Heap History (4 events):
Event: 52.892 GC heap before
{Heap before GC invocations=1 (full 0):
 PSYoungGen      total 38400K, used 33280K [0x00000000d5d80000, 0x00000000d8800000, 0x0000000100000000)
  eden space 33280K, 100% used [0x00000000d5d80000,0x00000000d7e00000,0x00000000d7e00000)
  from space 5120K, 0% used [0x00000000d8300000,0x00000000d8300000,0x00000000d8800000)
  to   space 5120K, 0% used [0x00000000d7e00000,0x00000000d7e00000,0x00000000d8300000)
 ParOldGen       total 87552K, used 0K [0x0000000081800000, 0x0000000086d80000, 0x00000000d5d80000)
  object space 87552K, 0% used [0x0000000081800000,0x0000000081800000,0x0000000086d80000)
 Metaspace       used 11196K, capacity 11368K, committed 11520K, reserved 1058816K
  class space    used 1133K, capacity 1208K, committed 1280K, reserved 1048576K
Event: 52.899 GC heap after
Heap after GC invocations=1 (full 0):
 PSYoungGen      total 38400K, used 5102K [0x00000000d5d80000, 0x00000000d8800000, 0x0000000100000000)
  eden space 33280K, 0% used [0x00000000d5d80000,0x00000000d5d80000,0x00000000d7e00000)
  from space 5120K, 99% used [0x00000000d7e00000,0x00000000d82fb8c0,0x00000000d8300000)
  to   space 5120K, 0% used [0x00000000d8300000,0x00000000d8300000,0x00000000d8800000)
 ParOldGen       total 87552K, used 1716K [0x0000000081800000, 0x0000000086d80000, 0x00000000d5d80000)
  object space 87552K, 1% used [0x0000000081800000,0x00000000819ad1a0,0x0000000086d80000)
 Metaspace       used 11196K, capacity 11368K, committed 11520K, reserved 1058816K
  class space    used 1133K, capacity 1208K, committed 1280K, reserved 1048576K
}
Event: 78.307 GC heap before
{Heap before GC invocations=2 (full 0):
 PSYoungGen      total 38400K, used 38382K [0x00000000d5d80000, 0x00000000d8800000, 0x0000000100000000)
  eden space 33280K, 100% used [0x00000000d5d80000,0x00000000d7e00000,0x00000000d7e00000)
  from space 5120K, 99% used [0x00000000d7e00000,0x00000000d82fb8c0,0x00000000d8300000)
  to   space 5120K, 0% used [0x00000000d8300000,0x00000000d8300000,0x00000000d8800000)
 ParOldGen       total 87552K, used 1716K [0x0000000081800000, 0x0000000086d80000, 0x00000000d5d80000)
  object space 87552K, 1% used [0x0000000081800000,0x00000000819ad1a0,0x0000000086d80000)
 Metaspace       used 11859K, capacity 12094K, committed 12288K, reserved 1060864K
  class space    used 1205K, capacity 1269K, committed 1280K, reserved 1048576K
Event: 78.312 GC heap after
Heap after GC invocations=2 (full 0):
 PSYoungGen      total 38400K, used 5098K [0x00000000d5d80000, 0x00000000d8800000, 0x0000000100000000)
  eden space 33280K, 0% used [0x00000000d5d80000,0x00000000d5d80000,0x00000000d7e00000)
  from space 5120K, 99% used [0x00000000d8300000,0x00000000d87fa880,0x00000000d8800000)
  to   space 5120K, 0% used [0x00000000d7e00000,0x00000000d7e00000,0x00000000d8300000)
 ParOldGen       total 87552K, used 2350K [0x0000000081800000, 0x0000000086d80000, 0x00000000d5d80000)
  object space 87552K, 2% used [0x0000000081800000,0x0000000081a4b878,0x0000000086d80000)
 Metaspace       used 11859K, capacity 12094K, committed 12288K, reserved 1060864K
  class space    used 1205K, capacity 1269K, committed 1280K, reserved 1048576K
}

Deoptimization events (10 events):
Event: 81.782 Thread 0x00000000023de000 Uncommon trap: reason=bimorphic action=maybe_recompile pc=0x0000000002dba0cc method=java.util.stream.ReferencePipeline$2$1.accept(Ljava/lang/Object;)V @ 21
Event: 81.782 Thread 0x00000000023de000 Uncommon trap: reason=bimorphic action=maybe_recompile pc=0x0000000002dba0cc method=java.util.stream.ReferencePipeline$2$1.accept(Ljava/lang/Object;)V @ 21
Event: 81.814 Thread 0x00000000023de000 Uncommon trap: reason=bimorphic action=maybe_recompile pc=0x0000000002e1dad8 method=java.util.stream.AbstractPipeline.<init>(Ljava/util/stream/AbstractPipeline;I)V @ 66
Event: 81.815 Thread 0x00000000023de000 Uncommon trap: reason=bimorphic action=maybe_recompile pc=0x0000000002e1dad8 method=java.util.stream.AbstractPipeline.<init>(Ljava/util/stream/AbstractPipeline;I)V @ 66
Event: 81.815 Thread 0x00000000023de000 Uncommon trap: reason=bimorphic action=maybe_recompile pc=0x0000000002e1dad8 method=java.util.stream.AbstractPipeline.<init>(Ljava/util/stream/AbstractPipeline;I)V @ 66
Event: 81.815 Thread 0x00000000023de000 Uncommon trap: reason=bimorphic action=maybe_recompile pc=0x0000000002e1dad8 method=java.util.stream.AbstractPipeline.<init>(Ljava/util/stream/AbstractPipeline;I)V @ 66
Event: 81.950 Thread 0x00000000023de000 Uncommon trap: reason=unstable_if action=reinterpret pc=0x0000000002e2328c method=com.saiglobal.sf.allocator.processor.MIP2Processor.solve([[[I)Lcom/saiglobal/sf/allocator/processor/MIP2Processor$SolverResult; @ 102
Event: 81.988 Thread 0x00000000023de000 Uncommon trap: reason=unstable_if action=reinterpret pc=0x0000000002e34f84 method=com.saiglobal.sf.allocator.processor.MIP2Processor.calculateSolutionCost([[[Lcom/google/ortools/linearsolver/MPVariable;Lcom/saiglobal/sf/core/model/TravelCostCalculationTyp
Event: 82.005 Thread 0x00000000023de000 Uncommon trap: reason=unstable_if action=reinterpret pc=0x0000000002e2c614 method=com.saiglobal.sf.allocator.processor.MIP2Processor.solve([[[I)Lcom/saiglobal/sf/allocator/processor/MIP2Processor$SolverResult; @ 376
Event: 82.016 Thread 0x00000000023de000 Uncommon trap: reason=unstable_if action=reinterpret pc=0x0000000002e2df1c method=com.saiglobal.sf.allocator.processor.MIP2Processor.solve([[[I)Lcom/saiglobal/sf/allocator/processor/MIP2Processor$SolverResult; @ 539

Internal exceptions (10 events):
Event: 0.240 Thread 0x00000000023de000 Exception <a 'java/lang/ClassNotFoundException': org/apache/log4j/WriterAppenderCustomizer> (0x00000000d62a15c0) thrown at [C:\re\workspace\8-2-build-windows-amd64-cygwin\jdk8u121\8372\hotspot\src\share\vm\classfile\systemDictionary.cpp, line 210]
Event: 0.242 Thread 0x00000000023de000 Exception <a 'java/lang/ClassNotFoundException': org/apache/log4j/FileAppenderCustomizer> (0x00000000d62b4cc0) thrown at [C:\re\workspace\8-2-build-windows-amd64-cygwin\jdk8u121\8372\hotspot\src\share\vm\classfile\systemDictionary.cpp, line 210]
Event: 0.244 Thread 0x00000000023de000 Exception <a 'java/lang/ClassNotFoundException': org/apache/log4j/RollingFileAppenderCustomizer> (0x00000000d62c8788) thrown at [C:\re\workspace\8-2-build-windows-amd64-cygwin\jdk8u121\8372\hotspot\src\share\vm\classfile\systemDictionary.cpp, line 210]
Event: 0.249 Thread 0x00000000023de000 Exception <a 'java/lang/ClassNotFoundException': org/apache/log4j/ConsoleAppenderBeanInfo> (0x00000000d62f1e98) thrown at [C:\re\workspace\8-2-build-windows-amd64-cygwin\jdk8u121\8372\hotspot\src\share\vm\classfile\systemDictionary.cpp, line 210]
Event: 0.249 Thread 0x00000000023de000 Exception <a 'java/lang/ClassNotFoundException': org/apache/log4j/ConsoleAppenderCustomizer> (0x00000000d62f8768) thrown at [C:\re\workspace\8-2-build-windows-amd64-cygwin\jdk8u121\8372\hotspot\src\share\vm\classfile\systemDictionary.cpp, line 210]
Event: 0.342 Thread 0x00000000023de000 Implicit null exception at 0x0000000002aca5d9 to 0x0000000002aca995
Event: 3.666 Thread 0x00000000023de000 Exception <a 'java/lang/NoSuchFieldError': method resolution failed> (0x00000000d6ec3f28) thrown at [C:\re\workspace\8-2-build-windows-amd64-cygwin\jdk8u121\8372\hotspot\src\share\vm\prims\methodHandles.cpp, line 1146]
Event: 3.669 Thread 0x00000000023de000 Exception <a 'java/lang/NoSuchFieldError': method resolution failed> (0x00000000d6ed1248) thrown at [C:\re\workspace\8-2-build-windows-amd64-cygwin\jdk8u121\8372\hotspot\src\share\vm\prims\methodHandles.cpp, line 1146]
Event: 78.125 Thread 0x00000000023de000 Implicit null exception at 0x0000000002cc811c to 0x0000000002cc9f3d
Event: 78.170 Thread 0x00000000023de000 Exception <a 'java/lang/NoSuchMethodError': java.lang.Object.lambda$minBy$0(Ljava/util/Comparator;Ljava/lang/Object;Ljava/lang/Object;)Ljava/lang/Object;> (0x00000000d6fbb9c0) thrown at [C:\re\workspace\8-2-build-windows-amd64-cygwin\jdk8u121\8372\hotspot

Events (10 events):
Event: 81.951 Executing VM operation: BulkRevokeBias done
Event: 81.988 Thread 0x00000000023de000 Uncommon trap: trap_request=0xffffff65 fr.pc=0x0000000002e34f84
Event: 81.988 Thread 0x00000000023de000 DEOPT PACKING pc=0x0000000002e34f84 sp=0x00000000025ff0a0
Event: 81.988 Thread 0x00000000023de000 DEOPT UNPACKING pc=0x000000000291582a sp=0x00000000025ff060 mode 2
Event: 82.005 Thread 0x00000000023de000 Uncommon trap: trap_request=0xffffff65 fr.pc=0x0000000002e2c614
Event: 82.006 Thread 0x00000000023de000 DEOPT PACKING pc=0x0000000002e2c614 sp=0x00000000025ff000
Event: 82.006 Thread 0x00000000023de000 DEOPT UNPACKING pc=0x000000000291582a sp=0x00000000025fefa0 mode 2
Event: 82.016 Thread 0x00000000023de000 Uncommon trap: trap_request=0xffffff65 fr.pc=0x0000000002e2df1c
Event: 82.016 Thread 0x00000000023de000 DEOPT PACKING pc=0x0000000002e2df1c sp=0x00000000025fefe0
Event: 82.016 Thread 0x00000000023de000 DEOPT UNPACKING pc=0x000000000291582a sp=0x00000000025fefa0 mode 2


Dynamic libraries:
0x000000013fc40000 - 0x000000013fc77000 	C:\Program Files\Java\jdk1.8.0_121\bin\javaw.exe
0x00000000774b0000 - 0x000000007765a000 	C:\windows\SYSTEM32\ntdll.dll
0x0000000077290000 - 0x00000000773af000 	C:\windows\system32\kernel32.dll
0x000007fefd4e0000 - 0x000007fefd54a000 	C:\windows\system32\KERNELBASE.dll
0x000007fefd6b0000 - 0x000007fefd78b000 	C:\windows\system32\ADVAPI32.dll
0x000007fefd610000 - 0x000007fefd6af000 	C:\windows\system32\msvcrt.dll
0x000007feff0a0000 - 0x000007feff0bf000 	C:\windows\SYSTEM32\sechost.dll
0x000007fefdda0000 - 0x000007fefdecd000 	C:\windows\system32\RPCRT4.dll
0x00000000773b0000 - 0x00000000774aa000 	C:\windows\system32\USER32.dll
0x000007fefed40000 - 0x000007fefeda7000 	C:\windows\system32\GDI32.dll
0x000007fefd830000 - 0x000007fefd83e000 	C:\windows\system32\LPK.dll
0x000007feff650000 - 0x000007feff71a000 	C:\windows\system32\USP10.dll
0x000007fefb770000 - 0x000007fefb964000 	C:\windows\WinSxS\amd64_microsoft.windows.common-controls_6595b64144ccf1df_6.0.7601.18837_none_fa3b1e3d17594757\COMCTL32.dll
0x000007feff3c0000 - 0x000007feff431000 	C:\windows\system32\SHLWAPI.dll
0x000007feff390000 - 0x000007feff3be000 	C:\windows\system32\IMM32.DLL
0x000007fefef90000 - 0x000007feff099000 	C:\windows\system32\MSCTF.dll
0x0000000068000000 - 0x0000000068056000 	C:\windows\system32\QIPCAP64.DLL
0x000007fefded0000 - 0x000007fefec5a000 	C:\windows\system32\SHELL32.dll
0x000007fefc890000 - 0x000007fefc8eb000 	C:\windows\system32\DNSAPI.dll
0x000007fefd5a0000 - 0x000007fefd5ed000 	C:\windows\system32\WS2_32.dll
0x000007fefdd90000 - 0x000007fefdd98000 	C:\windows\system32\NSI.dll
0x0000000078d50000 - 0x0000000078e22000 	C:\Program Files\Java\jdk1.8.0_121\jre\bin\msvcr100.dll
0x000000006fb80000 - 0x000000007041b000 	C:\Program Files\Java\jdk1.8.0_121\jre\bin\server\jvm.dll
0x000007fefa630000 - 0x000007fefa639000 	C:\windows\system32\WSOCK32.dll
0x000007fefafe0000 - 0x000007fefb01b000 	C:\windows\system32\WINMM.dll
0x000007fefc2a0000 - 0x000007fefc2ac000 	C:\windows\system32\VERSION.dll
0x0000000077670000 - 0x0000000077677000 	C:\windows\system32\PSAPI.DLL
0x0000000059650000 - 0x000000005965f000 	C:\Program Files\Java\jdk1.8.0_121\jre\bin\verify.dll
0x000000006ccb0000 - 0x000000006ccd9000 	C:\Program Files\Java\jdk1.8.0_121\jre\bin\java.dll
0x0000000050000000 - 0x0000000050016000 	C:\Program Files\Java\jdk1.8.0_121\jre\bin\zip.dll
0x000007feff440000 - 0x000007feff643000 	C:\windows\system32\ole32.dll
0x000007fefd1e0000 - 0x000007fefd1ef000 	C:\windows\system32\profapi.dll
0x000000006f510000 - 0x000000006f52a000 	C:\Program Files\Java\jdk1.8.0_121\jre\bin\net.dll
0x000007fefcaa0000 - 0x000007fefcaf5000 	C:\windows\system32\mswsock.dll
0x000007fefcb80000 - 0x000007fefcb87000 	C:\windows\System32\wship6.dll
0x000007fecc600000 - 0x000007fecd380000 	C:\Code\DataAnalysisBB\dataanalysis\SFResourceAllocator\lib\jniortools.dll
0x000007fedddf0000 - 0x000007fedde8f000 	C:\windows\system32\MSVCP140.dll
0x000007feeea20000 - 0x000007feeea37000 	C:\windows\system32\VCRUNTIME140.dll
0x000007fefac30000 - 0x000007fefac34000 	C:\windows\system32\api-ms-win-crt-runtime-l1-1-0.dll
0x000007fed7140000 - 0x000007fed7234000 	C:\windows\system32\ucrtbase.DLL
0x000007feee9a0000 - 0x000007feee9a3000 	C:\windows\system32\api-ms-win-core-timezone-l1-1-0.dll
0x000007feee990000 - 0x000007feee993000 	C:\windows\system32\api-ms-win-core-file-l2-1-0.dll
0x000007feee970000 - 0x000007feee973000 	C:\windows\system32\api-ms-win-core-localization-l1-2-0.dll
0x000007feee980000 - 0x000007feee983000 	C:\windows\system32\api-ms-win-core-synch-l1-2-0.dll
0x000007feee950000 - 0x000007feee953000 	C:\windows\system32\api-ms-win-core-processthreads-l1-1-1.dll
0x000007feee960000 - 0x000007feee963000 	C:\windows\system32\api-ms-win-core-file-l1-2-0.dll
0x000007feee0f0000 - 0x000007feee0f4000 	C:\windows\system32\api-ms-win-crt-string-l1-1-0.dll
0x000007feee100000 - 0x000007feee103000 	C:\windows\system32\api-ms-win-crt-heap-l1-1-0.dll
0x000007fee0420000 - 0x000007fee0424000 	C:\windows\system32\api-ms-win-crt-stdio-l1-1-0.dll
0x000007feee0e0000 - 0x000007feee0e4000 	C:\windows\system32\api-ms-win-crt-convert-l1-1-0.dll
0x000007fee0400000 - 0x000007fee0403000 	C:\windows\system32\api-ms-win-crt-locale-l1-1-0.dll
0x000007fee0410000 - 0x000007fee0415000 	C:\windows\system32\api-ms-win-crt-math-l1-1-0.dll
0x000007fee03e0000 - 0x000007fee03e5000 	C:\windows\system32\api-ms-win-crt-multibyte-l1-1-0.dll
0x000007fee03f0000 - 0x000007fee03f3000 	C:\windows\system32\api-ms-win-crt-time-l1-1-0.dll
0x000007fee03c0000 - 0x000007fee03c3000 	C:\windows\system32\api-ms-win-crt-filesystem-l1-1-0.dll
0x000007fee03d0000 - 0x000007fee03d3000 	C:\windows\system32\api-ms-win-crt-environment-l1-1-0.dll
0x000007fee0390000 - 0x000007fee0393000 	C:\windows\system32\api-ms-win-crt-utility-l1-1-0.dll
0x000007fefa640000 - 0x000007fefa765000 	C:\windows\system32\dbghelp.dll

VM Arguments:
jvm_args: -Djava.library.path=lib -Dfile.encoding=Cp1252 
java_command: com.saiglobal.sf.allocator.main.ResourceAllocator -ai com.saiglobal.sf.allocator.implementation.ResourceAllocatorMIPUK -includePipeline false -logLevel INFO
java_class_path (initial): C:\Code\DataAnalysisBB\dataanalysis\SFResourceAllocator\bin;C:\Code\DataAnalysis\SFResourceAllocator\lib\org.apache.log4j_1.2.13.v200903072027.jar;C:\Code\DataAnalysisBB\dataanalysis\SFCore\bin;C:\Code\DataAnalysis\SFCore\lib\commons-cli-1.2.jar;C:\Code\DataAnalysis\SFCore\lib\commons-logging-1.1.3.jar;C:\Code\DataAnalysis\SFCore\lib\geocoder-java-0.15.jar;C:\Code\DataAnalysis\SFCore\lib\gson-2.2.4.jar;C:\Code\DataAnalysis\SFCore\lib\org.apache.log4j_1.2.13.v200903072027.jar;C:\Code\DataAnalysis\SFCore\lib\jsch-0.1.50.jar;C:\Code\DataAnalysis\SFCore\lib\sqljdbc4.jar;C:\Code\DataAnalysis\SFCore\lib\javax.mail.jar;C:\Code\DataAnalysis\SFCore\lib\mysql-connector-java-5.1.35-bin.jar;C:\Code\DataAnalysis\SFCore\lib\commons-lang-2.5.jar;C:\Code\DataAnalysis\SFCore\lib\force-wsc-32.0.0.jar;C:\Code\DataAnalysis\SFCore\lib\wsc.partner.32.jar;C:\Code\DataAnalysisBB\dataanalysis\SFResourceAllocator\lib\com.google.ortools.jar;C:\Code\DataAnalysisBB\dataanalysis\SFResourceAllocator\lib\protobuf.jar
Launcher Type: SUN_STANDARD

Environment Variables:
PATH=C:/Program Files/Java/jre1.8.0_121/bin/server;C:/Program Files/Java/jre1.8.0_121/bin;C:/Program Files/Java/jre1.8.0_121/lib/amd64;C:\ProgramData\Oracle\Java\javapath;C:\windows\system32;C:\windows;C:\windows\System32\Wbem;C:\windows\System32\WindowsPowerShell\v1.0\;C:\Program Files (x86)\Common Files\Roxio Shared\DLLShared\;C:\Program Files (x86)\Common Files\Roxio Shared\10.0\DLLShared\;C:\Program Files (x86)\ATI Technologies\ATI.ACE\Core-Static;C:\Program Files (x86)\MySQL\MySQL Utilities 1.4\;C:\Program Files (x86)\MySQL\MySQL Utilities 1.4\Doctrine extensions for PHP\;C:\Program Files\nodejs\;C:\TDM-GCC-64\bin;C:\Users\conluc0\AppData\Local\Continuum\Anaconda;C:\Users\conluc0\AppData\Local\Continuum\Anaconda\Scripts;C:\Users\conluc0\AppData\Roaming\npm;C:\TDM-GCC-64\bin;C:\eclipse;
USERNAME=conluc0
OS=Windows_NT
PROCESSOR_IDENTIFIER=Intel64 Family 6 Model 69 Stepping 1, GenuineIntel



---------------  S Y S T E M  ---------------

OS: Windows 7 , 64 bit Build 7601 (6.1.7601.23572)

CPU:total 4 (2 cores per cpu, 2 threads per core) family 6 model 69 stepping 1, cmov, cx8, fxsr, mmx, sse, sse2, sse3, ssse3, sse4.1, sse4.2, popcnt, avx, avx2, aes, clmul, erms, lzcnt, ht, tsc, tscinvbit, bmi1, bmi2

Memory: 4k page, physical 8283244k(4445120k free), swap 16564628k(12121048k free)

vm_info: Java HotSpot(TM) 64-Bit Server VM (25.121-b13) for windows-amd64 JRE (1.8.0_121-b13), built on Dec 12 2016 18:21:36 by "java_re" with MS VC++ 10.0 (VS2010)

time: Thu Mar 09 16:06:48 2017
elapsed time: 82 seconds (0d 0h 1m 22s)

