#
# A fatal error has been detected by the Java Runtime Environment:
#
#  EXCEPTION_ACCESS_VIOLATION (0xc0000005) at pc=0x000007fecac81b20, pid=3248, tid=0x0000000000002c70
#
# JRE version: Java(TM) SE Runtime Environment (8.0_121-b13) (build 1.8.0_121-b13)
# Java VM: Java HotSpot(TM) 64-Bit Server VM (25.121-b13 mixed mode windows-amd64 compressed oops)
# Problematic frame:
# C  [jniortools.dll+0x441b20]
#
# Failed to write core dump. Minidumps are not enabled by default on client versions of Windows
#
# If you would like to submit a bug report, please visit:
#   http://bugreport.java.com/bugreport/crash.jsp
# The crash happened outside the Java Virtual Machine in native code.
# See problematic frame for where to report the bug.
#

---------------  T H R E A D  ---------------

Current thread (0x000000000224e000):  JavaThread "main" [_thread_in_native, id=11376, stack(0x00000000023b0000,0x00000000024b0000)]

siginfo: ExceptionCode=0xc0000005, reading address 0x0000000000000000

Registers:
RAX=0x0000000000000000, RBX=0x0000000000357e10, RCX=0x839a7f90c87d0000, RDX=0x000007fed32655f0
RSP=0x00000000024aece0, RBP=0x00000000024aede0, RSI=0x0000000000000000, RDI=0x0000000000000000
R8 =0x00000000024ad438, R9 =0x000000005c49adc1, R10=0x0000000000000000, R11=0x00000000024aeca0
R12=0x0000000000000001, R13=0x000000000031e6c0, R14=0x0000000000000000, R15=0x0000000000000000
RIP=0x000007fecac81b20, EFLAGS=0x0000000000010202

Top of Stack: (sp=0x00000000024aece0)
0x00000000024aece0:   3fe0000000000000 00000000024aed48
0x00000000024aecf0:   0000000000357e10 0000000000000000
0x00000000024aed00:   0000000000000000 0000000100000000
0x00000000024aed10:   0000000000000000 0000000000357e10
0x00000000024aed20:   0000000000000000 fffffffffffffffe
0x00000000024aed30:   0000000058f18ec0 0000000000000000
0x00000000024aed40:   0000000000000000 0000000000000000
0x00000000024aed50:   0000000000000000 0000000000000000
0x00000000024aed60:   0000000000000000 0000000000000000
0x00000000024aed70:   00000000024aee00 0000000000000000
0x00000000024aed80:   0000000000000000 0000839a7dda249d
0x00000000024aed90:   0000000000000000 0000000000000000
0x00000000024aeda0:   0000000000000000 0000000000000000
0x00000000024aedb0:   0000000000000000 0000000000000000
0x00000000024aedc0:   0000000000000000 0000000000000000
0x00000000024aedd0:   0000000000000001 0000000000000000 

Instructions: (pc=0x000007fecac81b20)
0x000007fecac81b00:   0f b6 64 24 2c 66 66 66 0f 1f 84 00 00 00 00 00
0x000007fecac81b10:   48 8b 83 b0 00 00 00 4e 8b 2c f8 48 8b 44 24 68
0x000007fecac81b20:   f2 46 0f 10 04 f8 41 0f 28 fb 49 8b 5d 08 48 8b
0x000007fecac81b30:   1b 49 8b 7d 08 48 3b df 74 61 66 0f 1f 44 00 00 


Register to memory mapping:

RAX=0x0000000000000000 is an unknown value
RBX=0x0000000000357e10 is an unknown value
RCX=0x839a7f90c87d0000 is an unknown value
RDX=0x000007fed32655f0 is an unknown value
RSP=0x00000000024aece0 is pointing into the stack for thread: 0x000000000224e000
RBP=0x00000000024aede0 is pointing into the stack for thread: 0x000000000224e000
RSI=0x0000000000000000 is an unknown value
RDI=0x0000000000000000 is an unknown value
R8 =0x00000000024ad438 is pointing into the stack for thread: 0x000000000224e000
R9 =0x000000005c49adc1 is an unknown value
R10=0x0000000000000000 is an unknown value
R11=0x00000000024aeca0 is pointing into the stack for thread: 0x000000000224e000
R12=0x0000000000000001 is an unknown value
R13=0x000000000031e6c0 is an unknown value
R14=0x0000000000000000 is an unknown value
R15=0x0000000000000000 is an unknown value


Stack: [0x00000000023b0000,0x00000000024b0000],  sp=0x00000000024aece0,  free space=1019k
Native frames: (J=compiled Java code, j=interpreted, Vv=VM code, C=native code)
C  [jniortools.dll+0x441b20]
C  0x0000000002797f54

Java frames: (J=compiled Java code, j=interpreted, Vv=VM code)
j  com.google.ortools.linearsolver.operations_research_linear_solverJNI.MPSolver_verifySolution(JLcom/google/ortools/linearsolver/MPSolver;DZ)Z+0
J 1498% C1 com.saiglobal.sf.allocator.processor.MIP2Processor.schedule(Ljava/util/List;Ljava/util/List;)Ljava/util/List; (1565 bytes) @ 0x0000000002cf7d74 [0x0000000002cf0b20+0x7254]
j  com.saiglobal.sf.allocator.processor.MIP2Processor.execute()V+151
j  com.saiglobal.sf.allocator.main.ResourceAllocator.main([Ljava/lang/String;)V+305
v  ~StubRoutines::call_stub

---------------  P R O C E S S  ---------------

Java Threads: ( => current thread )
  0x0000000059a13000 JavaThread "Abandoned connection cleanup thread" daemon [_thread_blocked, id=7240, stack(0x000000005a0d0000,0x000000005a1d0000)]
  0x0000000058efe000 JavaThread "Service Thread" daemon [_thread_blocked, id=12212, stack(0x0000000059770000,0x0000000059870000)]
  0x0000000058e72800 JavaThread "C1 CompilerThread2" daemon [_thread_blocked, id=10448, stack(0x00000000595e0000,0x00000000596e0000)]
  0x0000000057676000 JavaThread "C2 CompilerThread1" daemon [_thread_blocked, id=10476, stack(0x0000000059320000,0x0000000059420000)]
  0x000000005766f000 JavaThread "C2 CompilerThread0" daemon [_thread_blocked, id=3864, stack(0x0000000058ab0000,0x0000000058bb0000)]
  0x000000005767e800 JavaThread "Attach Listener" daemon [_thread_blocked, id=8000, stack(0x0000000058d70000,0x0000000058e70000)]
  0x000000005767d000 JavaThread "Signal Dispatcher" daemon [_thread_blocked, id=7204, stack(0x0000000058c40000,0x0000000058d40000)]
  0x0000000057659800 JavaThread "Finalizer" daemon [_thread_blocked, id=2440, stack(0x0000000058990000,0x0000000058a90000)]
  0x0000000057612800 JavaThread "Reference Handler" daemon [_thread_blocked, id=10752, stack(0x0000000058780000,0x0000000058880000)]
=>0x000000000224e000 JavaThread "main" [_thread_in_native, id=11376, stack(0x00000000023b0000,0x00000000024b0000)]

Other Threads:
  0x000000005760b000 VMThread [stack: 0x0000000058610000,0x0000000058710000] [id=12208]
  0x0000000058f10800 WatcherThread [stack: 0x0000000058890000,0x0000000058990000] [id=11052]

VM state:not at safepoint (normal execution)

VM Mutex/Monitor currently owned by a thread: None

Heap:
 PSYoungGen      total 38400K, used 38369K [0x00000000d5d80000, 0x00000000d8800000, 0x0000000100000000)
  eden space 33280K, 100% used [0x00000000d5d80000,0x00000000d7e00000,0x00000000d7e00000)
  from space 5120K, 99% used [0x00000000d7e00000,0x00000000d82f8698,0x00000000d8300000)
  to   space 5120K, 0% used [0x00000000d8300000,0x00000000d8300000,0x00000000d8800000)
 ParOldGen       total 87552K, used 1689K [0x0000000081800000, 0x0000000086d80000, 0x00000000d5d80000)
  object space 87552K, 1% used [0x0000000081800000,0x00000000819a65c8,0x0000000086d80000)
 Metaspace       used 11938K, capacity 12186K, committed 12416K, reserved 1060864K
  class space    used 1213K, capacity 1301K, committed 1408K, reserved 1048576K

Card table byte_map: [0x0000000011b40000,0x0000000011f40000] byte_map_base: 0x0000000011734000

Marking Bits: (ParMarkBitMap*) 0x000000007067b6d0
 Begin Bits: [0x0000000012940000, 0x00000000148e0000)
 End Bits:   [0x00000000148e0000, 0x0000000016880000)

Polling page: 0x0000000002220000

CodeCache: size=245760Kb used=5687Kb max_used=5694Kb free=240072Kb
 bounds [0x0000000002780000, 0x0000000002d20000, 0x0000000011780000]
 total_blobs=1907 nmethods=1499 adapters=321
 compilation: enabled

Compilation events (10 events):
Event: 41.685 Thread 0x0000000058e72800 1489       3       com.google.ortools.linearsolver.MPVariable::<init> (15 bytes)
Event: 41.685 Thread 0x0000000057676000 1500 %     4       com.saiglobal.sf.allocator.processor.MIP2Processor::schedule @ 745 (1565 bytes)
Event: 41.685 Thread 0x0000000058e72800 nmethod 1489 0x0000000002cabc90 code [0x0000000002cabe00, 0x0000000002cabff0]
Event: 41.685 Thread 0x0000000058e72800 1483   !   3       java.util.zip.Inflater::reset (69 bytes)
Event: 41.686 Thread 0x0000000058e72800 nmethod 1483 0x0000000002cad950 code [0x0000000002cadae0, 0x0000000002cadf38]
Event: 41.686 Thread 0x0000000058e72800 1485       3       java.util.ArrayDeque::add (7 bytes)
Event: 41.686 Thread 0x0000000058e72800 nmethod 1485 0x0000000002cad590 code [0x0000000002cad700, 0x0000000002cad8a8]
Event: 41.693 Thread 0x0000000058e72800 1501       3       com.google.ortools.linearsolver.MPObjective::setCoefficient (15 bytes)
Event: 41.693 Thread 0x0000000058e72800 nmethod 1501 0x0000000002cacc10 code [0x0000000002cacd80, 0x0000000002cacfe8]
Event: 41.715 Thread 0x0000000057676000 nmethod 1500% 0x0000000002d11e10 code [0x0000000002d12020, 0x0000000002d13188]

GC Heap History (2 events):
Event: 19.909 GC heap before
{Heap before GC invocations=1 (full 0):
 PSYoungGen      total 38400K, used 33280K [0x00000000d5d80000, 0x00000000d8800000, 0x0000000100000000)
  eden space 33280K, 100% used [0x00000000d5d80000,0x00000000d7e00000,0x00000000d7e00000)
  from space 5120K, 0% used [0x00000000d8300000,0x00000000d8300000,0x00000000d8800000)
  to   space 5120K, 0% used [0x00000000d7e00000,0x00000000d7e00000,0x00000000d8300000)
 ParOldGen       total 87552K, used 0K [0x0000000081800000, 0x0000000086d80000, 0x00000000d5d80000)
  object space 87552K, 0% used [0x0000000081800000,0x0000000081800000,0x0000000086d80000)
 Metaspace       used 11195K, capacity 11368K, committed 11520K, reserved 1058816K
  class space    used 1133K, capacity 1208K, committed 1280K, reserved 1048576K
Event: 19.917 GC heap after
Heap after GC invocations=1 (full 0):
 PSYoungGen      total 38400K, used 5089K [0x00000000d5d80000, 0x00000000d8800000, 0x0000000100000000)
  eden space 33280K, 0% used [0x00000000d5d80000,0x00000000d5d80000,0x00000000d7e00000)
  from space 5120K, 99% used [0x00000000d7e00000,0x00000000d82f8698,0x00000000d8300000)
  to   space 5120K, 0% used [0x00000000d8300000,0x00000000d8300000,0x00000000d8800000)
 ParOldGen       total 87552K, used 1689K [0x0000000081800000, 0x0000000086d80000, 0x00000000d5d80000)
  object space 87552K, 1% used [0x0000000081800000,0x00000000819a65c8,0x0000000086d80000)
 Metaspace       used 11195K, capacity 11368K, committed 11520K, reserved 1058816K
  class space    used 1133K, capacity 1208K, committed 1280K, reserved 1048576K
}

Deoptimization events (10 events):
Event: 3.782 Thread 0x000000000224e000 Uncommon trap: reason=class_check action=maybe_recompile pc=0x00000000029f0d04 method=java.util.Properties$LineReader.readLine()I @ 410
Event: 19.811 Thread 0x000000000224e000 Uncommon trap: reason=unstable_if action=reinterpret pc=0x000000000299896c method=java.util.HashMap.putVal(ILjava/lang/Object;Ljava/lang/Object;ZZ)Ljava/lang/Object; @ 94
Event: 19.921 Thread 0x000000000224e000 Uncommon trap: reason=unstable_if action=reinterpret pc=0x0000000002b714d0 method=java.util.Calendar.set(II)V @ 4
Event: 19.921 Thread 0x000000000224e000 Uncommon trap: reason=unstable_if action=reinterpret pc=0x0000000002b67a60 method=java.util.Calendar.setFieldsNormalized(I)V @ 3
Event: 31.231 Thread 0x000000000224e000 Uncommon trap: reason=unstable_if action=reinterpret pc=0x0000000002bcbbbc method=com.mysql.jdbc.util.ReadAheadInputStream.read([BII)I @ 93
Event: 38.342 Thread 0x000000000224e000 Uncommon trap: reason=bimorphic action=maybe_recompile pc=0x0000000002bdf514 method=java.util.concurrent.ConcurrentHashMap.get(Ljava/lang/Object;)Ljava/lang/Object; @ 149
Event: 41.435 Thread 0x000000000224e000 Uncommon trap: reason=bimorphic action=maybe_recompile pc=0x0000000002bdf514 method=java.util.concurrent.ConcurrentHashMap.get(Ljava/lang/Object;)Ljava/lang/Object; @ 149
Event: 41.451 Thread 0x000000000224e000 Uncommon trap: reason=unstable_if action=reinterpret pc=0x0000000002b87e80 method=java.text.DigitList.getStringBuffer()Ljava/lang/StringBuffer; @ 4
Event: 41.573 Thread 0x000000000224e000 Uncommon trap: reason=unstable_if action=reinterpret pc=0x0000000002a5c934 method=java.util.ArrayList.rangeCheck(I)V @ 5
Event: 41.642 Thread 0x000000000224e000 Uncommon trap: reason=unstable_if action=reinterpret pc=0x0000000002a79358 method=java.lang.ref.SoftReference.get()Ljava/lang/Object; @ 17

Internal exceptions (10 events):
Event: 0.309 Thread 0x000000000224e000 Exception <a 'java/lang/ClassNotFoundException': org/apache/log4j/WriterAppenderCustomizer> (0x00000000d62a1650) thrown at [C:\re\workspace\8-2-build-windows-amd64-cygwin\jdk8u121\8372\hotspot\src\share\vm\classfile\systemDictionary.cpp, line 210]
Event: 0.311 Thread 0x000000000224e000 Exception <a 'java/lang/ClassNotFoundException': org/apache/log4j/FileAppenderCustomizer> (0x00000000d62b4d50) thrown at [C:\re\workspace\8-2-build-windows-amd64-cygwin\jdk8u121\8372\hotspot\src\share\vm\classfile\systemDictionary.cpp, line 210]
Event: 0.313 Thread 0x000000000224e000 Exception <a 'java/lang/ClassNotFoundException': org/apache/log4j/RollingFileAppenderCustomizer> (0x00000000d62c8818) thrown at [C:\re\workspace\8-2-build-windows-amd64-cygwin\jdk8u121\8372\hotspot\src\share\vm\classfile\systemDictionary.cpp, line 210]
Event: 0.319 Thread 0x000000000224e000 Exception <a 'java/lang/ClassNotFoundException': org/apache/log4j/ConsoleAppenderBeanInfo> (0x00000000d62f1f28) thrown at [C:\re\workspace\8-2-build-windows-amd64-cygwin\jdk8u121\8372\hotspot\src\share\vm\classfile\systemDictionary.cpp, line 210]
Event: 0.319 Thread 0x000000000224e000 Exception <a 'java/lang/ClassNotFoundException': org/apache/log4j/ConsoleAppenderCustomizer> (0x00000000d62f87f8) thrown at [C:\re\workspace\8-2-build-windows-amd64-cygwin\jdk8u121\8372\hotspot\src\share\vm\classfile\systemDictionary.cpp, line 210]
Event: 0.437 Thread 0x000000000224e000 Implicit null exception at 0x000000000297c3c9 to 0x000000000297c785
Event: 3.764 Thread 0x000000000224e000 Exception <a 'java/lang/NoSuchFieldError': method resolution failed> (0x00000000d6ec4a80) thrown at [C:\re\workspace\8-2-build-windows-amd64-cygwin\jdk8u121\8372\hotspot\src\share\vm\prims\methodHandles.cpp, line 1146]
Event: 3.766 Thread 0x000000000224e000 Exception <a 'java/lang/NoSuchFieldError': method resolution failed> (0x00000000d6ed1da0) thrown at [C:\re\workspace\8-2-build-windows-amd64-cygwin\jdk8u121\8372\hotspot\src\share\vm\prims\methodHandles.cpp, line 1146]
Event: 41.451 Thread 0x000000000224e000 Implicit null exception at 0x0000000002b8654a to 0x0000000002b87e69
Event: 41.453 Thread 0x000000000224e000 Exception <a 'java/lang/NoSuchMethodError': java.lang.Object.lambda$minBy$0(Ljava/util/Comparator;Ljava/lang/Object;Ljava/lang/Object;)Ljava/lang/Object;> (0x00000000d6d56aa0) thrown at [C:\re\workspace\8-2-build-windows-amd64-cygwin\jdk8u121\8372\hotspot

Events (10 events):
Event: 41.645 loading class com/google/ortools/linearsolver/MPVariable
Event: 41.645 loading class com/google/ortools/linearsolver/MPVariable done
Event: 41.649 loading class com/google/ortools/linearsolver/MPConstraint
Event: 41.649 loading class com/google/ortools/linearsolver/MPConstraint done
Event: 41.692 loading class com/google/ortools/linearsolver/MPObjective
Event: 41.692 loading class com/google/ortools/linearsolver/MPObjective done
Event: 49.630 loading class com/google/ortools/linearsolver/MPSolver$ResultStatus
Event: 49.630 loading class com/google/ortools/linearsolver/MPSolver$ResultStatus done
Event: 49.631 loading class com/google/ortools/linearsolver/MPSolver$ResultStatus$SwigNext
Event: 49.631 loading class com/google/ortools/linearsolver/MPSolver$ResultStatus$SwigNext done


Dynamic libraries:
0x000000013fed0000 - 0x000000013ff07000 	C:\Program Files\Java\jdk1.8.0_121\bin\javaw.exe
0x0000000076ed0000 - 0x000000007707a000 	C:\windows\SYSTEM32\ntdll.dll
0x0000000076cb0000 - 0x0000000076dcf000 	C:\windows\system32\kernel32.dll
0x000007fefcce0000 - 0x000007fefcd4a000 	C:\windows\system32\KERNELBASE.dll
0x000007fefe860000 - 0x000007fefe93b000 	C:\windows\system32\ADVAPI32.dll
0x000007fefed20000 - 0x000007fefedbf000 	C:\windows\system32\msvcrt.dll
0x000007fefedf0000 - 0x000007fefee0f000 	C:\windows\SYSTEM32\sechost.dll
0x000007fefd2b0000 - 0x000007fefd3dd000 	C:\windows\system32\RPCRT4.dll
0x0000000076dd0000 - 0x0000000076eca000 	C:\windows\system32\USER32.dll
0x000007fefd1a0000 - 0x000007fefd207000 	C:\windows\system32\GDI32.dll
0x000007fefef30000 - 0x000007fefef3e000 	C:\windows\system32\LPK.dll
0x000007fefd3e0000 - 0x000007fefd4aa000 	C:\windows\system32\USP10.dll
0x000007fefb190000 - 0x000007fefb384000 	C:\windows\WinSxS\amd64_microsoft.windows.common-controls_6595b64144ccf1df_6.0.7601.18837_none_fa3b1e3d17594757\COMCTL32.dll
0x000007fefeeb0000 - 0x000007fefef21000 	C:\windows\system32\SHLWAPI.dll
0x000007fefedc0000 - 0x000007fefedee000 	C:\windows\system32\IMM32.DLL
0x000007fefe940000 - 0x000007fefea49000 	C:\windows\system32\MSCTF.dll
0x0000000068000000 - 0x0000000068056000 	C:\windows\system32\QIPCAP64.DLL
0x000007fefda70000 - 0x000007fefe7fa000 	C:\windows\system32\SHELL32.dll
0x000007fefc2d0000 - 0x000007fefc32b000 	C:\windows\system32\DNSAPI.dll
0x000007fefda20000 - 0x000007fefda6d000 	C:\windows\system32\WS2_32.dll
0x000007feff1d0000 - 0x000007feff1d8000 	C:\windows\system32\NSI.dll
0x0000000079400000 - 0x00000000794d2000 	C:\Program Files\Java\jdk1.8.0_121\jre\bin\msvcr100.dll
0x000000006fe60000 - 0x00000000706fb000 	C:\Program Files\Java\jdk1.8.0_121\jre\bin\server\jvm.dll
0x000007fefa050000 - 0x000007fefa059000 	C:\windows\system32\WSOCK32.dll
0x000007fefaa00000 - 0x000007fefaa3b000 	C:\windows\system32\WINMM.dll
0x000007fefbce0000 - 0x000007fefbcec000 	C:\windows\system32\VERSION.dll
0x0000000077090000 - 0x0000000077097000 	C:\windows\system32\PSAPI.DLL
0x0000000067060000 - 0x000000006706f000 	C:\Program Files\Java\jdk1.8.0_121\jre\bin\verify.dll
0x000000005fd10000 - 0x000000005fd39000 	C:\Program Files\Java\jdk1.8.0_121\jre\bin\java.dll
0x0000000002360000 - 0x0000000002376000 	C:\Program Files\Java\jdk1.8.0_121\jre\bin\zip.dll
0x000007fefef40000 - 0x000007feff143000 	C:\windows\system32\ole32.dll
0x000007fefcc00000 - 0x000007fefcc0f000 	C:\windows\system32\profapi.dll
0x000000006fc40000 - 0x000000006fc5a000 	C:\Program Files\Java\jdk1.8.0_121\jre\bin\net.dll
0x000007fefc4a0000 - 0x000007fefc4f5000 	C:\windows\system32\mswsock.dll
0x000007fefc470000 - 0x000007fefc477000 	C:\windows\System32\wship6.dll
0x000007feca840000 - 0x000007fecb5c0000 	C:\Code\DataAnalysisBB\dataanalysis\SFResourceAllocator\lib\jniortools.dll
0x000007feeb8c0000 - 0x000007feeb95f000 	C:\windows\system32\MSVCP140.dll
0x000007feeb8a0000 - 0x000007feeb8b7000 	C:\windows\system32\VCRUNTIME140.dll
0x000007fefa680000 - 0x000007fefa684000 	C:\windows\system32\api-ms-win-crt-runtime-l1-1-0.dll
0x000007fed3180000 - 0x000007fed3274000 	C:\windows\system32\ucrtbase.DLL
0x000007feeb890000 - 0x000007feeb893000 	C:\windows\system32\api-ms-win-core-timezone-l1-1-0.dll
0x000007feeb880000 - 0x000007feeb883000 	C:\windows\system32\api-ms-win-core-file-l2-1-0.dll
0x000007feeb870000 - 0x000007feeb873000 	C:\windows\system32\api-ms-win-core-localization-l1-2-0.dll
0x000007feeb860000 - 0x000007feeb863000 	C:\windows\system32\api-ms-win-core-synch-l1-2-0.dll
0x000007feeb850000 - 0x000007feeb853000 	C:\windows\system32\api-ms-win-core-processthreads-l1-1-1.dll
0x000007feeb840000 - 0x000007feeb843000 	C:\windows\system32\api-ms-win-core-file-l1-2-0.dll
0x000007feeb830000 - 0x000007feeb834000 	C:\windows\system32\api-ms-win-crt-string-l1-1-0.dll
0x000007feeb820000 - 0x000007feeb823000 	C:\windows\system32\api-ms-win-crt-heap-l1-1-0.dll
0x000007feeb810000 - 0x000007feeb814000 	C:\windows\system32\api-ms-win-crt-stdio-l1-1-0.dll
0x000007feeb800000 - 0x000007feeb804000 	C:\windows\system32\api-ms-win-crt-convert-l1-1-0.dll
0x000007feeb7f0000 - 0x000007feeb7f3000 	C:\windows\system32\api-ms-win-crt-locale-l1-1-0.dll
0x000007feeb7e0000 - 0x000007feeb7e5000 	C:\windows\system32\api-ms-win-crt-math-l1-1-0.dll
0x000007feeb7d0000 - 0x000007feeb7d5000 	C:\windows\system32\api-ms-win-crt-multibyte-l1-1-0.dll
0x000007feeb7c0000 - 0x000007feeb7c3000 	C:\windows\system32\api-ms-win-crt-time-l1-1-0.dll
0x000007feeb660000 - 0x000007feeb663000 	C:\windows\system32\api-ms-win-crt-filesystem-l1-1-0.dll
0x000007feeb650000 - 0x000007feeb653000 	C:\windows\system32\api-ms-win-crt-environment-l1-1-0.dll
0x000007feeb640000 - 0x000007feeb643000 	C:\windows\system32\api-ms-win-crt-utility-l1-1-0.dll
0x000007fefa060000 - 0x000007fefa185000 	C:\windows\system32\dbghelp.dll

VM Arguments:
jvm_args: -Djava.library.path=lib -Dfile.encoding=Cp1252 
java_command: com.saiglobal.sf.allocator.main.ResourceAllocator -ai com.saiglobal.sf.allocator.implementation.ResourceAllocatorMIPUK -includePipeline false -logLevel INFO
java_class_path (initial): C:\Code\DataAnalysisBB\dataanalysis\SFResourceAllocator\bin;C:\Code\DataAnalysis\SFResourceAllocator\lib\org.apache.log4j_1.2.13.v200903072027.jar;C:\Code\DataAnalysisBB\dataanalysis\SFCore\bin;C:\Code\DataAnalysis\SFCore\lib\commons-cli-1.2.jar;C:\Code\DataAnalysis\SFCore\lib\commons-logging-1.1.3.jar;C:\Code\DataAnalysis\SFCore\lib\geocoder-java-0.15.jar;C:\Code\DataAnalysis\SFCore\lib\gson-2.2.4.jar;C:\Code\DataAnalysis\SFCore\lib\org.apache.log4j_1.2.13.v200903072027.jar;C:\Code\DataAnalysis\SFCore\lib\jsch-0.1.50.jar;C:\Code\DataAnalysis\SFCore\lib\sqljdbc4.jar;C:\Code\DataAnalysis\SFCore\lib\javax.mail.jar;C:\Code\DataAnalysis\SFCore\lib\mysql-connector-java-5.1.35-bin.jar;C:\Code\DataAnalysis\SFCore\lib\commons-lang-2.5.jar;C:\Code\DataAnalysis\SFCore\lib\force-wsc-32.0.0.jar;C:\Code\DataAnalysis\SFCore\lib\wsc.partner.32.jar;C:\Code\DataAnalysisBB\dataanalysis\SFResourceAllocator\lib\com.google.ortools.jar;C:\Code\DataAnalysisBB\dataanalysis\SFResourceAllocator\lib\protobuf.jar
Launcher Type: SUN_STANDARD

Environment Variables:
PATH=C:/Program Files/Java/jre1.8.0_121/bin/server;C:/Program Files/Java/jre1.8.0_121/bin;C:/Program Files/Java/jre1.8.0_121/lib/amd64;C:\ProgramData\Oracle\Java\javapath;C:\windows\system32;C:\windows;C:\windows\System32\Wbem;C:\windows\System32\WindowsPowerShell\v1.0\;C:\Program Files (x86)\Common Files\Roxio Shared\DLLShared\;C:\Program Files (x86)\Common Files\Roxio Shared\10.0\DLLShared\;C:\Program Files (x86)\ATI Technologies\ATI.ACE\Core-Static;C:\Program Files (x86)\MySQL\MySQL Utilities 1.4\;C:\Program Files (x86)\MySQL\MySQL Utilities 1.4\Doctrine extensions for PHP\;C:\Program Files\nodejs\;C:\TDM-GCC-64\bin;C:\Users\conluc0\AppData\Local\Continuum\Anaconda;C:\Users\conluc0\AppData\Local\Continuum\Anaconda\Scripts;C:\Users\conluc0\AppData\Roaming\npm;C:\TDM-GCC-64\bin;C:\eclipse;
USERNAME=conluc0
OS=Windows_NT
PROCESSOR_IDENTIFIER=Intel64 Family 6 Model 69 Stepping 1, GenuineIntel



---------------  S Y S T E M  ---------------

OS: Windows 7 , 64 bit Build 7601 (6.1.7601.23572)

CPU:total 4 (2 cores per cpu, 2 threads per core) family 6 model 69 stepping 1, cmov, cx8, fxsr, mmx, sse, sse2, sse3, ssse3, sse4.1, sse4.2, popcnt, avx, avx2, aes, clmul, erms, lzcnt, ht, tsc, tscinvbit, bmi1, bmi2

Memory: 4k page, physical 8283244k(4346356k free), swap 16564628k(11973380k free)

vm_info: Java HotSpot(TM) 64-Bit Server VM (25.121-b13) for windows-amd64 JRE (1.8.0_121-b13), built on Dec 12 2016 18:21:36 by "java_re" with MS VC++ 10.0 (VS2010)

time: Tue Mar 07 13:40:03 2017
elapsed time: 49 seconds (0d 0h 0m 49s)

