#
# A fatal error has been detected by the Java Runtime Environment:
#
#  EXCEPTION_ACCESS_VIOLATION (0xc0000005) at pc=0x000007fecac81b20, pid=12072, tid=0x0000000000000d1c
#
# JRE version: Java(TM) SE Runtime Environment (8.0_121-b13) (build 1.8.0_121-b13)
# Java VM: Java HotSpot(TM) 64-Bit Server VM (25.121-b13 mixed mode windows-amd64 compressed oops)
# Problematic frame:
# C  [jniortools.dll+0x441b20]
#
# Failed to write core dump. Minidumps are not enabled by default on client versions of Windows
#
# If you would like to submit a bug report, please visit:
#   http://bugreport.java.com/bugreport/crash.jsp
# The crash happened outside the Java Virtual Machine in native code.
# See problematic frame for where to report the bug.
#

---------------  T H R E A D  ---------------

Current thread (0x0000000001eae000):  JavaThread "main" [_thread_in_native, id=3356, stack(0x0000000002510000,0x0000000002610000)]

siginfo: ExceptionCode=0xc0000005, reading address 0x0000000000000000

Registers:
RAX=0x0000000000000000, RBX=0x00000000003d7e10, RCX=0x142484a8cf350000, RDX=0x000007fed32655f0
RSP=0x000000000260ee90, RBP=0x000000000260ef90, RSI=0x0000000000000000, RDI=0x0000000000000000
R8 =0x000000000260d5e8, R9 =0x000000005b92da51, R10=0x0000000000000000, R11=0x000000000260ee50
R12=0x0000000000000001, R13=0x000000000039e6c0, R14=0x0000000000000000, R15=0x0000000000000000
RIP=0x000007fecac81b20, EFLAGS=0x0000000000010202

Top of Stack: (sp=0x000000000260ee90)
0x000000000260ee90:   3fe0000000000000 000000000260eef8
0x000000000260eea0:   00000000003d7e10 0000000000000000
0x000000000260eeb0:   0000000000000000 0000000100000000
0x000000000260eec0:   0000000000000000 00000000003d7e10
0x000000000260eed0:   0000000000000000 fffffffffffffffe
0x000000000260eee0:   000000005914b5c0 0000000000000000
0x000000000260eef0:   0000000000000000 0000000000000000
0x000000000260ef00:   0000000000000000 0000000000000000
0x000000000260ef10:   0000000000000000 0000000000000000
0x000000000260ef20:   000000000260ef00 0000000000000000
0x000000000260ef30:   0000000000000000 0000142486c821a5
0x000000000260ef40:   0000000000000000 0000000000000000
0x000000000260ef50:   0000000000000000 0000000000000000
0x000000000260ef60:   0000000000000000 0000000000000000
0x000000000260ef70:   0000000000000002 0000000000000000
0x000000000260ef80:   00000000d6bc88b0 0000000000000000 

Instructions: (pc=0x000007fecac81b20)
0x000007fecac81b00:   0f b6 64 24 2c 66 66 66 0f 1f 84 00 00 00 00 00
0x000007fecac81b10:   48 8b 83 b0 00 00 00 4e 8b 2c f8 48 8b 44 24 68
0x000007fecac81b20:   f2 46 0f 10 04 f8 41 0f 28 fb 49 8b 5d 08 48 8b
0x000007fecac81b30:   1b 49 8b 7d 08 48 3b df 74 61 66 0f 1f 44 00 00 


Register to memory mapping:

RAX=0x0000000000000000 is an unknown value
RBX=0x00000000003d7e10 is an unknown value
RCX=0x142484a8cf350000 is an unknown value
RDX=0x000007fed32655f0 is an unknown value
RSP=0x000000000260ee90 is pointing into the stack for thread: 0x0000000001eae000
RBP=0x000000000260ef90 is pointing into the stack for thread: 0x0000000001eae000
RSI=0x0000000000000000 is an unknown value
RDI=0x0000000000000000 is an unknown value
R8 =0x000000000260d5e8 is pointing into the stack for thread: 0x0000000001eae000
R9 =0x000000005b92da51 is an unknown value
R10=0x0000000000000000 is an unknown value
R11=0x000000000260ee50 is pointing into the stack for thread: 0x0000000001eae000
R12=0x0000000000000001 is an unknown value
R13=0x000000000039e6c0 is an unknown value
R14=0x0000000000000000 is an unknown value
R15=0x0000000000000000 is an unknown value


Stack: [0x0000000002510000,0x0000000002610000],  sp=0x000000000260ee90,  free space=1019k
Native frames: (J=compiled Java code, j=interpreted, Vv=VM code, C=native code)
C  [jniortools.dll+0x441b20]
C  0x00000000028f7f54

Java frames: (J=compiled Java code, j=interpreted, Vv=VM code)
j  com.google.ortools.linearsolver.operations_research_linear_solverJNI.MPSolver_verifySolution(JLcom/google/ortools/linearsolver/MPSolver;DZ)Z+0
j  com.google.ortools.linearsolver.MPSolver.verifySolution(DZ)Z+7
j  com.saiglobal.sf.allocator.processor.MIP2Processor.schedule(Ljava/util/List;Ljava/util/List;)Ljava/util/List;+1185
j  com.saiglobal.sf.allocator.processor.MIP2Processor.execute()V+151
j  com.saiglobal.sf.allocator.main.ResourceAllocator.main([Ljava/lang/String;)V+305
v  ~StubRoutines::call_stub

---------------  P R O C E S S  ---------------

Java Threads: ( => current thread )
  0x00000000598ee000 JavaThread "Abandoned connection cleanup thread" daemon [_thread_blocked, id=8868, stack(0x000000005a0c0000,0x000000005a1c0000)]
  0x000000005913b800 JavaThread "Service Thread" daemon [_thread_blocked, id=11192, stack(0x0000000059670000,0x0000000059770000)]
  0x00000000590cd000 JavaThread "C1 CompilerThread2" daemon [_thread_blocked, id=9224, stack(0x00000000594d0000,0x00000000595d0000)]
  0x0000000057606800 JavaThread "C2 CompilerThread1" daemon [_thread_blocked, id=10904, stack(0x0000000058fb0000,0x00000000590b0000)]
  0x00000000575ff000 JavaThread "C2 CompilerThread0" daemon [_thread_blocked, id=10064, stack(0x0000000058de0000,0x0000000058ee0000)]
  0x000000005760e800 JavaThread "Attach Listener" daemon [_thread_blocked, id=11848, stack(0x0000000058890000,0x0000000058990000)]
  0x000000005760d000 JavaThread "Signal Dispatcher" daemon [_thread_blocked, id=11620, stack(0x0000000058ba0000,0x0000000058ca0000)]
  0x00000000575e9800 JavaThread "Finalizer" daemon [_thread_blocked, id=12144, stack(0x0000000058a70000,0x0000000058b70000)]
  0x00000000575a2800 JavaThread "Reference Handler" daemon [_thread_blocked, id=8588, stack(0x0000000058790000,0x0000000058890000)]
=>0x0000000001eae000 JavaThread "main" [_thread_in_native, id=3356, stack(0x0000000002510000,0x0000000002610000)]

Other Threads:
  0x000000005759b000 VMThread [stack: 0x00000000585d0000,0x00000000586d0000] [id=4536]
  0x0000000059142800 WatcherThread [stack: 0x0000000058ce0000,0x0000000058de0000] [id=1228]

VM state:not at safepoint (normal execution)

VM Mutex/Monitor currently owned by a thread: None

Heap:
 PSYoungGen      total 38400K, used 11100K [0x00000000d5d80000, 0x00000000d8800000, 0x0000000100000000)
  eden space 33280K, 17% used [0x00000000d5d80000,0x00000000d6358e28,0x00000000d7e00000)
  from space 5120K, 99% used [0x00000000d8300000,0x00000000d87fe450,0x00000000d8800000)
  to   space 5120K, 0% used [0x00000000d7e00000,0x00000000d7e00000,0x00000000d8300000)
 ParOldGen       total 87552K, used 2710K [0x0000000081800000, 0x0000000086d80000, 0x00000000d5d80000)
  object space 87552K, 3% used [0x0000000081800000,0x0000000081aa5a78,0x0000000086d80000)
 Metaspace       used 11936K, capacity 12186K, committed 12416K, reserved 1060864K
  class space    used 1213K, capacity 1301K, committed 1408K, reserved 1048576K

Card table byte_map: [0x0000000011ca0000,0x00000000120a0000] byte_map_base: 0x0000000011894000

Marking Bits: (ParMarkBitMap*) 0x000000006ff6b6d0
 Begin Bits: [0x00000000128d0000, 0x0000000014870000)
 End Bits:   [0x0000000014870000, 0x0000000016810000)

Polling page: 0x0000000001e30000

CodeCache: size=245760Kb used=6156Kb max_used=6168Kb free=239603Kb
 bounds [0x00000000028e0000, 0x0000000002ef0000, 0x00000000118e0000]
 total_blobs=1935 nmethods=1526 adapters=321
 compilation: enabled

Compilation events (10 events):
Event: 80.886 Thread 0x00000000590cd000 1531 %     3       com.saiglobal.sf.allocator.processor.MIP2Processor::schedule @ 746 (1565 bytes)
Event: 80.901 Thread 0x00000000590cd000 nmethod 1531% 0x0000000002ea9510 code [0x0000000002eaa9e0, 0x0000000002eb94f8]
Event: 80.902 Thread 0x0000000057606800 1532 %     4       com.saiglobal.sf.allocator.processor.MIP2Processor::schedule @ 746 (1565 bytes)
Event: 80.915 Thread 0x0000000057606800 nmethod 1532% 0x0000000002e9cb50 code [0x0000000002e9cd60, 0x0000000002e9e208]
Event: 81.028 Thread 0x00000000590cd000 1533 %     3       com.saiglobal.sf.allocator.processor.MIP2Processor::schedule @ 902 (1565 bytes)
Event: 81.039 Thread 0x00000000590cd000 nmethod 1533% 0x0000000002eca350 code [0x0000000002ecb800, 0x0000000002ed9eb8]
Event: 81.039 Thread 0x00000000590cd000 1534       3       com.google.ortools.linearsolver.MPObjective::setCoefficient (15 bytes)
Event: 81.040 Thread 0x00000000590cd000 nmethod 1534 0x0000000002e34110 code [0x0000000002e34280, 0x0000000002e344e8]
Event: 94.306 Thread 0x00000000575ff000 1536       4       java.lang.AbstractStringBuilder::newCapacity (39 bytes)
Event: 94.307 Thread 0x00000000575ff000 nmethod 1536 0x0000000002e9b0d0 code [0x0000000002e9b200, 0x0000000002e9b2b8]

GC Heap History (4 events):
Event: 52.792 GC heap before
{Heap before GC invocations=1 (full 0):
 PSYoungGen      total 38400K, used 33280K [0x00000000d5d80000, 0x00000000d8800000, 0x0000000100000000)
  eden space 33280K, 100% used [0x00000000d5d80000,0x00000000d7e00000,0x00000000d7e00000)
  from space 5120K, 0% used [0x00000000d8300000,0x00000000d8300000,0x00000000d8800000)
  to   space 5120K, 0% used [0x00000000d7e00000,0x00000000d7e00000,0x00000000d8300000)
 ParOldGen       total 87552K, used 0K [0x0000000081800000, 0x0000000086d80000, 0x00000000d5d80000)
  object space 87552K, 0% used [0x0000000081800000,0x0000000081800000,0x0000000086d80000)
 Metaspace       used 11191K, capacity 11368K, committed 11520K, reserved 1058816K
  class space    used 1133K, capacity 1208K, committed 1280K, reserved 1048576K
Event: 52.807 GC heap after
Heap after GC invocations=1 (full 0):
 PSYoungGen      total 38400K, used 5106K [0x00000000d5d80000, 0x00000000d8800000, 0x0000000100000000)
  eden space 33280K, 0% used [0x00000000d5d80000,0x00000000d5d80000,0x00000000d7e00000)
  from space 5120K, 99% used [0x00000000d7e00000,0x00000000d82fc940,0x00000000d8300000)
  to   space 5120K, 0% used [0x00000000d8300000,0x00000000d8300000,0x00000000d8800000)
 ParOldGen       total 87552K, used 1663K [0x0000000081800000, 0x0000000086d80000, 0x00000000d5d80000)
  object space 87552K, 1% used [0x0000000081800000,0x000000008199fe38,0x0000000086d80000)
 Metaspace       used 11191K, capacity 11368K, committed 11520K, reserved 1058816K
  class space    used 1133K, capacity 1208K, committed 1280K, reserved 1048576K
}
Event: 80.712 GC heap before
{Heap before GC invocations=2 (full 0):
 PSYoungGen      total 38400K, used 38386K [0x00000000d5d80000, 0x00000000d8800000, 0x0000000100000000)
  eden space 33280K, 100% used [0x00000000d5d80000,0x00000000d7e00000,0x00000000d7e00000)
  from space 5120K, 99% used [0x00000000d7e00000,0x00000000d82fc940,0x00000000d8300000)
  to   space 5120K, 0% used [0x00000000d8300000,0x00000000d8300000,0x00000000d8800000)
 ParOldGen       total 87552K, used 1663K [0x0000000081800000, 0x0000000086d80000, 0x00000000d5d80000)
  object space 87552K, 1% used [0x0000000081800000,0x000000008199fe38,0x0000000086d80000)
 Metaspace       used 11922K, capacity 12186K, committed 12416K, reserved 1060864K
  class space    used 1211K, capacity 1301K, committed 1408K, reserved 1048576K
Event: 80.719 GC heap after
Heap after GC invocations=2 (full 0):
 PSYoungGen      total 38400K, used 5113K [0x00000000d5d80000, 0x00000000d8800000, 0x0000000100000000)
  eden space 33280K, 0% used [0x00000000d5d80000,0x00000000d5d80000,0x00000000d7e00000)
  from space 5120K, 99% used [0x00000000d8300000,0x00000000d87fe450,0x00000000d8800000)
  to   space 5120K, 0% used [0x00000000d7e00000,0x00000000d7e00000,0x00000000d8300000)
 ParOldGen       total 87552K, used 2710K [0x0000000081800000, 0x0000000086d80000, 0x00000000d5d80000)
  object space 87552K, 3% used [0x0000000081800000,0x0000000081aa5a78,0x0000000086d80000)
 Metaspace       used 11922K, capacity 12186K, committed 12416K, reserved 1060864K
  class space    used 1211K, capacity 1301K, committed 1408K, reserved 1048576K
}

Deoptimization events (10 events):
Event: 3.759 Thread 0x0000000001eae000 Uncommon trap: reason=class_check action=maybe_recompile pc=0x0000000002b58304 method=java.util.Properties$LineReader.readLine()I @ 410
Event: 52.706 Thread 0x0000000001eae000 Uncommon trap: reason=unstable_if action=reinterpret pc=0x0000000002af7544 method=java.util.HashMap.putVal(ILjava/lang/Object;Ljava/lang/Object;ZZ)Ljava/lang/Object; @ 94
Event: 52.812 Thread 0x0000000001eae000 Uncommon trap: reason=unstable_if action=reinterpret pc=0x0000000002ce0060 method=java.util.Calendar.setFieldsNormalized(I)V @ 3
Event: 77.431 Thread 0x0000000001eae000 Uncommon trap: reason=bimorphic action=maybe_recompile pc=0x0000000002d43094 method=java.util.concurrent.ConcurrentHashMap.get(Ljava/lang/Object;)Ljava/lang/Object; @ 149
Event: 80.507 Thread 0x0000000001eae000 Uncommon trap: reason=bimorphic action=maybe_recompile pc=0x0000000002d43094 method=java.util.concurrent.ConcurrentHashMap.get(Ljava/lang/Object;)Ljava/lang/Object; @ 149
Event: 80.521 Thread 0x0000000001eae000 Uncommon trap: reason=unstable_if action=reinterpret pc=0x0000000002cf90cc method=java.text.DigitList.getStringBuffer()Ljava/lang/StringBuffer; @ 4
Event: 80.637 Thread 0x0000000001eae000 Uncommon trap: reason=unstable_if action=reinterpret pc=0x0000000002baa6f4 method=java.util.ArrayList.rangeCheck(I)V @ 5
Event: 80.637 Thread 0x0000000001eae000 Uncommon trap: reason=unstable_if action=reinterpret pc=0x0000000002b61708 method=java.util.ArrayList.rangeCheck(I)V @ 5
Event: 80.767 Thread 0x0000000001eae000 Uncommon trap: reason=unreached action=reinterpret pc=0x0000000002e9a2fc method=com.saiglobal.sf.allocator.processor.MIP2Processor.schedule(Ljava/util/List;Ljava/util/List;)Ljava/util/List; @ 872
Event: 81.028 Thread 0x0000000001eae000 Uncommon trap: reason=unreached action=reinterpret pc=0x0000000002e9d9f0 method=com.saiglobal.sf.allocator.processor.MIP2Processor.schedule(Ljava/util/List;Ljava/util/List;)Ljava/util/List; @ 961

Internal exceptions (10 events):
Event: 0.284 Thread 0x0000000001eae000 Exception <a 'java/lang/ClassNotFoundException': org/apache/log4j/WriterAppenderCustomizer> (0x00000000d62a1688) thrown at [C:\re\workspace\8-2-build-windows-amd64-cygwin\jdk8u121\8372\hotspot\src\share\vm\classfile\systemDictionary.cpp, line 210]
Event: 0.286 Thread 0x0000000001eae000 Exception <a 'java/lang/ClassNotFoundException': org/apache/log4j/FileAppenderCustomizer> (0x00000000d62b4d88) thrown at [C:\re\workspace\8-2-build-windows-amd64-cygwin\jdk8u121\8372\hotspot\src\share\vm\classfile\systemDictionary.cpp, line 210]
Event: 0.288 Thread 0x0000000001eae000 Exception <a 'java/lang/ClassNotFoundException': org/apache/log4j/RollingFileAppenderCustomizer> (0x00000000d62c8828) thrown at [C:\re\workspace\8-2-build-windows-amd64-cygwin\jdk8u121\8372\hotspot\src\share\vm\classfile\systemDictionary.cpp, line 210]
Event: 0.295 Thread 0x0000000001eae000 Exception <a 'java/lang/ClassNotFoundException': org/apache/log4j/ConsoleAppenderBeanInfo> (0x00000000d62f1f38) thrown at [C:\re\workspace\8-2-build-windows-amd64-cygwin\jdk8u121\8372\hotspot\src\share\vm\classfile\systemDictionary.cpp, line 210]
Event: 0.295 Thread 0x0000000001eae000 Exception <a 'java/lang/ClassNotFoundException': org/apache/log4j/ConsoleAppenderCustomizer> (0x00000000d62f8808) thrown at [C:\re\workspace\8-2-build-windows-amd64-cygwin\jdk8u121\8372\hotspot\src\share\vm\classfile\systemDictionary.cpp, line 210]
Event: 0.413 Thread 0x0000000001eae000 Implicit null exception at 0x0000000002adbdc6 to 0x0000000002adc171
Event: 3.748 Thread 0x0000000001eae000 Exception <a 'java/lang/NoSuchFieldError': method resolution failed> (0x00000000d6ec69e8) thrown at [C:\re\workspace\8-2-build-windows-amd64-cygwin\jdk8u121\8372\hotspot\src\share\vm\prims\methodHandles.cpp, line 1146]
Event: 3.749 Thread 0x0000000001eae000 Exception <a 'java/lang/NoSuchFieldError': method resolution failed> (0x00000000d6ed3d28) thrown at [C:\re\workspace\8-2-build-windows-amd64-cygwin\jdk8u121\8372\hotspot\src\share\vm\prims\methodHandles.cpp, line 1146]
Event: 80.521 Thread 0x0000000001eae000 Implicit null exception at 0x0000000002cf778a to 0x0000000002cf90b5
Event: 80.523 Thread 0x0000000001eae000 Exception <a 'java/lang/NoSuchMethodError': java.lang.Object.lambda$minBy$0(Ljava/util/Comparator;Ljava/lang/Object;Ljava/lang/Object;)Ljava/lang/Object;> (0x00000000d6d56760) thrown at [C:\re\workspace\8-2-build-windows-amd64-cygwin\jdk8u121\8372\hotspot

Events (10 events):
Event: 80.915 Thread 0x0000000001eae000 DEOPT UNPACKING pc=0x000000000292787f sp=0x000000000260ee98 mode 0
Event: 81.028 Thread 0x0000000001eae000 Uncommon trap: trap_request=0xffffffad fr.pc=0x0000000002e9d9f0
Event: 81.028 Thread 0x0000000001eae000 DEOPT PACKING pc=0x0000000002e9d9f0 sp=0x000000000260f160
Event: 81.028 Thread 0x0000000001eae000 DEOPT UNPACKING pc=0x000000000292582a sp=0x000000000260f128 mode 2
Event: 81.030 loading class com/google/ortools/linearsolver/MPObjective
Event: 81.030 loading class com/google/ortools/linearsolver/MPObjective done
Event: 94.305 loading class com/google/ortools/linearsolver/MPSolver$ResultStatus
Event: 94.305 loading class com/google/ortools/linearsolver/MPSolver$ResultStatus done
Event: 94.306 loading class com/google/ortools/linearsolver/MPSolver$ResultStatus$SwigNext
Event: 94.306 loading class com/google/ortools/linearsolver/MPSolver$ResultStatus$SwigNext done


Dynamic libraries:
0x000000013f4f0000 - 0x000000013f527000 	C:\Program Files\Java\jdk1.8.0_121\bin\javaw.exe
0x0000000076ed0000 - 0x000000007707a000 	C:\windows\SYSTEM32\ntdll.dll
0x0000000076cb0000 - 0x0000000076dcf000 	C:\windows\system32\kernel32.dll
0x000007fefcce0000 - 0x000007fefcd4a000 	C:\windows\system32\KERNELBASE.dll
0x000007fefe860000 - 0x000007fefe93b000 	C:\windows\system32\ADVAPI32.dll
0x000007fefed20000 - 0x000007fefedbf000 	C:\windows\system32\msvcrt.dll
0x000007fefedf0000 - 0x000007fefee0f000 	C:\windows\SYSTEM32\sechost.dll
0x000007fefd2b0000 - 0x000007fefd3dd000 	C:\windows\system32\RPCRT4.dll
0x0000000076dd0000 - 0x0000000076eca000 	C:\windows\system32\USER32.dll
0x000007fefd1a0000 - 0x000007fefd207000 	C:\windows\system32\GDI32.dll
0x000007fefef30000 - 0x000007fefef3e000 	C:\windows\system32\LPK.dll
0x000007fefd3e0000 - 0x000007fefd4aa000 	C:\windows\system32\USP10.dll
0x000007fefb190000 - 0x000007fefb384000 	C:\windows\WinSxS\amd64_microsoft.windows.common-controls_6595b64144ccf1df_6.0.7601.18837_none_fa3b1e3d17594757\COMCTL32.dll
0x000007fefeeb0000 - 0x000007fefef21000 	C:\windows\system32\SHLWAPI.dll
0x000007fefedc0000 - 0x000007fefedee000 	C:\windows\system32\IMM32.DLL
0x000007fefe940000 - 0x000007fefea49000 	C:\windows\system32\MSCTF.dll
0x0000000068000000 - 0x0000000068056000 	C:\windows\system32\QIPCAP64.DLL
0x000007fefda70000 - 0x000007fefe7fa000 	C:\windows\system32\SHELL32.dll
0x000007fefc2d0000 - 0x000007fefc32b000 	C:\windows\system32\DNSAPI.dll
0x000007fefda20000 - 0x000007fefda6d000 	C:\windows\system32\WS2_32.dll
0x000007feff1d0000 - 0x000007feff1d8000 	C:\windows\system32\NSI.dll
0x0000000078790000 - 0x0000000078862000 	C:\Program Files\Java\jdk1.8.0_121\jre\bin\msvcr100.dll
0x000000006f750000 - 0x000000006ffeb000 	C:\Program Files\Java\jdk1.8.0_121\jre\bin\server\jvm.dll
0x000007fefa050000 - 0x000007fefa059000 	C:\windows\system32\WSOCK32.dll
0x000007fefaa00000 - 0x000007fefaa3b000 	C:\windows\system32\WINMM.dll
0x000007fefbce0000 - 0x000007fefbcec000 	C:\windows\system32\VERSION.dll
0x0000000077090000 - 0x0000000077097000 	C:\windows\system32\PSAPI.DLL
0x0000000067060000 - 0x000000006706f000 	C:\Program Files\Java\jdk1.8.0_121\jre\bin\verify.dll
0x000000005fd10000 - 0x000000005fd39000 	C:\Program Files\Java\jdk1.8.0_121\jre\bin\java.dll
0x0000000070c60000 - 0x0000000070c76000 	C:\Program Files\Java\jdk1.8.0_121\jre\bin\zip.dll
0x000007fefef40000 - 0x000007feff143000 	C:\windows\system32\ole32.dll
0x000007fefcc00000 - 0x000007fefcc0f000 	C:\windows\system32\profapi.dll
0x00000000023c0000 - 0x00000000023da000 	C:\Program Files\Java\jdk1.8.0_121\jre\bin\net.dll
0x000007fefc4a0000 - 0x000007fefc4f5000 	C:\windows\system32\mswsock.dll
0x000007fefc470000 - 0x000007fefc477000 	C:\windows\System32\wship6.dll
0x000007feca840000 - 0x000007fecb5c0000 	C:\Code\DataAnalysisBB\dataanalysis\SFResourceAllocator\lib\jniortools.dll
0x000007feeb530000 - 0x000007feeb5cf000 	C:\windows\system32\MSVCP140.dll
0x000007feeb820000 - 0x000007feeb837000 	C:\windows\system32\VCRUNTIME140.dll
0x000007fefa680000 - 0x000007fefa684000 	C:\windows\system32\api-ms-win-crt-runtime-l1-1-0.dll
0x000007fed3180000 - 0x000007fed3274000 	C:\windows\system32\ucrtbase.DLL
0x000007fefa640000 - 0x000007fefa643000 	C:\windows\system32\api-ms-win-core-timezone-l1-1-0.dll
0x000007feec310000 - 0x000007feec313000 	C:\windows\system32\api-ms-win-core-file-l2-1-0.dll
0x000007feeb810000 - 0x000007feeb813000 	C:\windows\system32\api-ms-win-core-localization-l1-2-0.dll
0x000007feeb800000 - 0x000007feeb803000 	C:\windows\system32\api-ms-win-core-synch-l1-2-0.dll
0x000007feeb520000 - 0x000007feeb523000 	C:\windows\system32\api-ms-win-core-processthreads-l1-1-1.dll
0x000007fee7fd0000 - 0x000007fee7fd3000 	C:\windows\system32\api-ms-win-core-file-l1-2-0.dll
0x000007fedd400000 - 0x000007fedd404000 	C:\windows\system32\api-ms-win-crt-string-l1-1-0.dll
0x000007fedd2c0000 - 0x000007fedd2c3000 	C:\windows\system32\api-ms-win-crt-heap-l1-1-0.dll
0x000007fedd240000 - 0x000007fedd244000 	C:\windows\system32\api-ms-win-crt-stdio-l1-1-0.dll
0x000007fed7340000 - 0x000007fed7344000 	C:\windows\system32\api-ms-win-crt-convert-l1-1-0.dll
0x000007fed7330000 - 0x000007fed7333000 	C:\windows\system32\api-ms-win-crt-locale-l1-1-0.dll
0x000007fed66e0000 - 0x000007fed66e5000 	C:\windows\system32\api-ms-win-crt-math-l1-1-0.dll
0x000007fed66d0000 - 0x000007fed66d5000 	C:\windows\system32\api-ms-win-crt-multibyte-l1-1-0.dll
0x000007fed66c0000 - 0x000007fed66c3000 	C:\windows\system32\api-ms-win-crt-time-l1-1-0.dll
0x000007fed66b0000 - 0x000007fed66b3000 	C:\windows\system32\api-ms-win-crt-filesystem-l1-1-0.dll
0x000007fed66a0000 - 0x000007fed66a3000 	C:\windows\system32\api-ms-win-crt-environment-l1-1-0.dll
0x000007fed6670000 - 0x000007fed6673000 	C:\windows\system32\api-ms-win-crt-utility-l1-1-0.dll
0x000007fefa060000 - 0x000007fefa185000 	C:\windows\system32\dbghelp.dll

VM Arguments:
jvm_args: -Djava.library.path=lib -Dfile.encoding=Cp1252 
java_command: com.saiglobal.sf.allocator.main.ResourceAllocator -ai com.saiglobal.sf.allocator.implementation.ResourceAllocatorMIPUK -includePipeline false -logLevel INFO
java_class_path (initial): C:\Code\DataAnalysisBB\dataanalysis\SFResourceAllocator\bin;C:\Code\DataAnalysis\SFResourceAllocator\lib\org.apache.log4j_1.2.13.v200903072027.jar;C:\Code\DataAnalysisBB\dataanalysis\SFCore\bin;C:\Code\DataAnalysis\SFCore\lib\commons-cli-1.2.jar;C:\Code\DataAnalysis\SFCore\lib\commons-logging-1.1.3.jar;C:\Code\DataAnalysis\SFCore\lib\geocoder-java-0.15.jar;C:\Code\DataAnalysis\SFCore\lib\gson-2.2.4.jar;C:\Code\DataAnalysis\SFCore\lib\org.apache.log4j_1.2.13.v200903072027.jar;C:\Code\DataAnalysis\SFCore\lib\jsch-0.1.50.jar;C:\Code\DataAnalysis\SFCore\lib\sqljdbc4.jar;C:\Code\DataAnalysis\SFCore\lib\javax.mail.jar;C:\Code\DataAnalysis\SFCore\lib\mysql-connector-java-5.1.35-bin.jar;C:\Code\DataAnalysis\SFCore\lib\commons-lang-2.5.jar;C:\Code\DataAnalysis\SFCore\lib\force-wsc-32.0.0.jar;C:\Code\DataAnalysis\SFCore\lib\wsc.partner.32.jar;C:\Code\DataAnalysisBB\dataanalysis\SFResourceAllocator\lib\com.google.ortools.jar;C:\Code\DataAnalysisBB\dataanalysis\SFResourceAllocator\lib\protobuf.jar
Launcher Type: SUN_STANDARD

Environment Variables:
PATH=C:/Program Files/Java/jre1.8.0_121/bin/server;C:/Program Files/Java/jre1.8.0_121/bin;C:/Program Files/Java/jre1.8.0_121/lib/amd64;C:\ProgramData\Oracle\Java\javapath;C:\windows\system32;C:\windows;C:\windows\System32\Wbem;C:\windows\System32\WindowsPowerShell\v1.0\;C:\Program Files (x86)\Common Files\Roxio Shared\DLLShared\;C:\Program Files (x86)\Common Files\Roxio Shared\10.0\DLLShared\;C:\Program Files (x86)\ATI Technologies\ATI.ACE\Core-Static;C:\Program Files (x86)\MySQL\MySQL Utilities 1.4\;C:\Program Files (x86)\MySQL\MySQL Utilities 1.4\Doctrine extensions for PHP\;C:\Program Files\nodejs\;C:\TDM-GCC-64\bin;C:\Users\conluc0\AppData\Local\Continuum\Anaconda;C:\Users\conluc0\AppData\Local\Continuum\Anaconda\Scripts;C:\Users\conluc0\AppData\Roaming\npm;C:\TDM-GCC-64\bin;C:\eclipse;
USERNAME=conluc0
OS=Windows_NT
PROCESSOR_IDENTIFIER=Intel64 Family 6 Model 69 Stepping 1, GenuineIntel



---------------  S Y S T E M  ---------------

OS: Windows 7 , 64 bit Build 7601 (6.1.7601.23572)

CPU:total 4 (2 cores per cpu, 2 threads per core) family 6 model 69 stepping 1, cmov, cx8, fxsr, mmx, sse, sse2, sse3, ssse3, sse4.1, sse4.2, popcnt, avx, avx2, aes, clmul, erms, lzcnt, ht, tsc, tscinvbit, bmi1, bmi2

Memory: 4k page, physical 8283244k(4234860k free), swap 16564628k(11809228k free)

vm_info: Java HotSpot(TM) 64-Bit Server VM (25.121-b13) for windows-amd64 JRE (1.8.0_121-b13), built on Dec 12 2016 18:21:36 by "java_re" with MS VC++ 10.0 (VS2010)

time: Tue Mar 07 13:34:32 2017
elapsed time: 94 seconds (0d 0h 1m 34s)

