#
# A fatal error has been detected by the Java Runtime Environment:
#
#  EXCEPTION_ACCESS_VIOLATION (0xc0000005) at pc=0x000007fecac81b20, pid=11560, tid=0x0000000000000a48
#
# JRE version: Java(TM) SE Runtime Environment (8.0_121-b13) (build 1.8.0_121-b13)
# Java VM: Java HotSpot(TM) 64-Bit Server VM (25.121-b13 mixed mode windows-amd64 compressed oops)
# Problematic frame:
# C  [jniortools.dll+0x441b20]
#
# Failed to write core dump. Minidumps are not enabled by default on client versions of Windows
#
# If you would like to submit a bug report, please visit:
#   http://bugreport.java.com/bugreport/crash.jsp
# The crash happened outside the Java Virtual Machine in native code.
# See problematic frame for where to report the bug.
#

---------------  T H R E A D  ---------------

Current thread (0x0000000001f4e000):  JavaThread "main" [_thread_in_native, id=2632, stack(0x00000000024d0000,0x00000000025d0000)]

siginfo: ExceptionCode=0xc0000005, reading address 0x0000000000000000

Registers:
RAX=0x0000000000000000, RBX=0x00000000003d7e10, RCX=0x816c1fb355c60000, RDX=0x000007feeb7d55f0
RSP=0x00000000025cea20, RBP=0x00000000025ceb20, RSI=0x0000000000000000, RDI=0x0000000000000000
R8 =0x00000000025cd178, R9 =0x000000005c76dd41, R10=0x0000000000000000, R11=0x00000000025ce9e0
R12=0x0000000000000001, R13=0x000000000039e6c0, R14=0x0000000000000000, R15=0x0000000000000000
RIP=0x000007fecac81b20, EFLAGS=0x0000000000010202

Top of Stack: (sp=0x00000000025cea20)
0x00000000025cea20:   3fe0000000000000 00000000025cea88
0x00000000025cea30:   00000000003d7e10 0000000000000000
0x00000000025cea40:   0000000000000000 0000000100000000
0x00000000025cea50:   0000000000000000 00000000003d7e10
0x00000000025cea60:   0000000000000000 fffffffffffffffe
0x00000000025cea70:   000000005915bcd0 0000000000000000
0x00000000025cea80:   0000000000000000 0000000000000000
0x00000000025cea90:   0000000000000000 0000000000000000
0x00000000025ceaa0:   0000000000000000 0000000000000000
0x00000000025ceab0:   00000000025ceb00 0000000000000000
0x00000000025ceac0:   0000000000000000 0000816c1defbfe6
0x00000000025cead0:   0000000000000000 0000000000000000
0x00000000025ceae0:   0000000000000000 0000000000000000
0x00000000025ceaf0:   0000000000000000 0000000000000000
0x00000000025ceb00:   0000000000000000 0000000000000000
0x00000000025ceb10:   0000000000000001 0000000000000000 

Instructions: (pc=0x000007fecac81b20)
0x000007fecac81b00:   0f b6 64 24 2c 66 66 66 0f 1f 84 00 00 00 00 00
0x000007fecac81b10:   48 8b 83 b0 00 00 00 4e 8b 2c f8 48 8b 44 24 68
0x000007fecac81b20:   f2 46 0f 10 04 f8 41 0f 28 fb 49 8b 5d 08 48 8b
0x000007fecac81b30:   1b 49 8b 7d 08 48 3b df 74 61 66 0f 1f 44 00 00 


Register to memory mapping:

RAX=0x0000000000000000 is an unknown value
RBX=0x00000000003d7e10 is an unknown value
RCX=0x816c1fb355c60000 is an unknown value
RDX=0x000007feeb7d55f0 is an unknown value
RSP=0x00000000025cea20 is pointing into the stack for thread: 0x0000000001f4e000
RBP=0x00000000025ceb20 is pointing into the stack for thread: 0x0000000001f4e000
RSI=0x0000000000000000 is an unknown value
RDI=0x0000000000000000 is an unknown value
R8 =0x00000000025cd178 is pointing into the stack for thread: 0x0000000001f4e000
R9 =0x000000005c76dd41 is an unknown value
R10=0x0000000000000000 is an unknown value
R11=0x00000000025ce9e0 is pointing into the stack for thread: 0x0000000001f4e000
R12=0x0000000000000001 is an unknown value
R13=0x000000000039e6c0 is an unknown value
R14=0x0000000000000000 is an unknown value
R15=0x0000000000000000 is an unknown value


Stack: [0x00000000024d0000,0x00000000025d0000],  sp=0x00000000025cea20,  free space=1018k
Native frames: (J=compiled Java code, j=interpreted, Vv=VM code, C=native code)
C  [jniortools.dll+0x441b20]
C  0x00000000028b7f54

Java frames: (J=compiled Java code, j=interpreted, Vv=VM code)
j  com.google.ortools.linearsolver.operations_research_linear_solverJNI.MPSolver_verifySolution(JLcom/google/ortools/linearsolver/MPSolver;DZ)Z+0
J 1517% C1 com.saiglobal.sf.allocator.processor.MIP2Processor.schedule(Ljava/util/List;Ljava/util/List;)Ljava/util/List; (1539 bytes) @ 0x0000000002e3dd54 [0x0000000002e36ce0+0x7074]
j  com.saiglobal.sf.allocator.processor.MIP2Processor.execute()V+151
j  com.saiglobal.sf.allocator.main.ResourceAllocator.main([Ljava/lang/String;)V+305
v  ~StubRoutines::call_stub

---------------  P R O C E S S  ---------------

Java Threads: ( => current thread )
  0x0000000059a80800 JavaThread "Abandoned connection cleanup thread" daemon [_thread_blocked, id=11276, stack(0x000000005a180000,0x000000005a280000)]
  0x0000000059143800 JavaThread "Service Thread" daemon [_thread_blocked, id=10956, stack(0x00000000596c0000,0x00000000597c0000)]
  0x00000000590c0800 JavaThread "C1 CompilerThread2" daemon [_thread_blocked, id=9044, stack(0x0000000059500000,0x0000000059600000)]
  0x0000000057516800 JavaThread "C2 CompilerThread1" daemon [_thread_blocked, id=5980, stack(0x0000000058fc0000,0x00000000590c0000)]
  0x000000005750f000 JavaThread "C2 CompilerThread0" daemon [_thread_blocked, id=11628, stack(0x0000000058e50000,0x0000000058f50000)]
  0x000000005751e000 JavaThread "Attach Listener" daemon [_thread_blocked, id=7104, stack(0x0000000058c20000,0x0000000058d20000)]
  0x000000005751d000 JavaThread "Signal Dispatcher" daemon [_thread_blocked, id=11728, stack(0x0000000058af0000,0x0000000058bf0000)]
  0x00000000574f9800 JavaThread "Finalizer" daemon [_thread_blocked, id=2028, stack(0x00000000589c0000,0x0000000058ac0000)]
  0x00000000574b2800 JavaThread "Reference Handler" daemon [_thread_blocked, id=5624, stack(0x0000000058800000,0x0000000058900000)]
=>0x0000000001f4e000 JavaThread "main" [_thread_in_native, id=2632, stack(0x00000000024d0000,0x00000000025d0000)]

Other Threads:
  0x00000000574ab000 VMThread [stack: 0x0000000058680000,0x0000000058780000] [id=11596]
  0x0000000059153000 WatcherThread [stack: 0x0000000059850000,0x0000000059950000] [id=6136]

VM state:not at safepoint (normal execution)

VM Mutex/Monitor currently owned by a thread: None

Heap:
 PSYoungGen      total 38400K, used 38386K [0x00000000d5d80000, 0x00000000d8800000, 0x0000000100000000)
  eden space 33280K, 100% used [0x00000000d5d80000,0x00000000d7e00000,0x00000000d7e00000)
  from space 5120K, 99% used [0x00000000d7e00000,0x00000000d82fc940,0x00000000d8300000)
  to   space 5120K, 0% used [0x00000000d8300000,0x00000000d8300000,0x00000000d8800000)
 ParOldGen       total 87552K, used 1642K [0x0000000081800000, 0x0000000086d80000, 0x00000000d5d80000)
  object space 87552K, 1% used [0x0000000081800000,0x000000008199a9c8,0x0000000086d80000)
 Metaspace       used 11934K, capacity 12186K, committed 12416K, reserved 1060864K
  class space    used 1213K, capacity 1301K, committed 1408K, reserved 1048576K

Card table byte_map: [0x0000000011c60000,0x0000000012060000] byte_map_base: 0x0000000011854000

Marking Bits: (ParMarkBitMap*) 0x00000000700fb6d0
 Begin Bits: [0x00000000127e0000, 0x0000000014780000)
 End Bits:   [0x0000000014780000, 0x0000000016720000)

Polling page: 0x0000000001f30000

CodeCache: size=245760Kb used=5952Kb max_used=5952Kb free=239807Kb
 bounds [0x00000000028a0000, 0x0000000002e80000, 0x00000000118a0000]
 total_blobs=1927 nmethods=1519 adapters=321
 compilation: enabled

Compilation events (10 events):
Event: 78.331 Thread 0x00000000590c0800 1519       3       com.saiglobal.sf.allocator.processor.MIP2Processor::schedule (1539 bytes)
Event: 78.346 Thread 0x00000000590c0800 nmethod 1519 0x0000000002e55fd0 code [0x0000000002e57420, 0x0000000002e65408]
Event: 78.346 Thread 0x00000000590c0800 1520       3       com.google.ortools.linearsolver.MPObjective::setCoefficient (15 bytes)
Event: 78.346 Thread 0x00000000590c0800 nmethod 1520 0x0000000002e34790 code [0x0000000002e34900, 0x0000000002e34b68]
Event: 78.346 Thread 0x00000000590c0800 1504       3       java.lang.StringBuilder::append (8 bytes)
Event: 78.346 Thread 0x00000000590c0800 nmethod 1504 0x0000000002e34410 code [0x0000000002e34580, 0x0000000002e34708]
Event: 78.346 Thread 0x00000000590c0800 1505       3       com.google.ortools.linearsolver.MPSolver::makeIntVar (36 bytes)
Event: 78.347 Thread 0x00000000590c0800 nmethod 1505 0x0000000002df16d0 code [0x0000000002df1860, 0x0000000002df1b88]
Event: 78.347 Thread 0x00000000590c0800 1507       3       com.google.ortools.linearsolver.MPVariable::<init> (15 bytes)
Event: 78.347 Thread 0x00000000590c0800 nmethod 1507 0x0000000002df1290 code [0x0000000002df1400, 0x0000000002df15f0]

GC Heap History (2 events):
Event: 52.777 GC heap before
{Heap before GC invocations=1 (full 0):
 PSYoungGen      total 38400K, used 33280K [0x00000000d5d80000, 0x00000000d8800000, 0x0000000100000000)
  eden space 33280K, 100% used [0x00000000d5d80000,0x00000000d7e00000,0x00000000d7e00000)
  from space 5120K, 0% used [0x00000000d8300000,0x00000000d8300000,0x00000000d8800000)
  to   space 5120K, 0% used [0x00000000d7e00000,0x00000000d7e00000,0x00000000d8300000)
 ParOldGen       total 87552K, used 0K [0x0000000081800000, 0x0000000086d80000, 0x00000000d5d80000)
  object space 87552K, 0% used [0x0000000081800000,0x0000000081800000,0x0000000086d80000)
 Metaspace       used 11191K, capacity 11368K, committed 11520K, reserved 1058816K
  class space    used 1133K, capacity 1208K, committed 1280K, reserved 1048576K
Event: 52.785 GC heap after
Heap after GC invocations=1 (full 0):
 PSYoungGen      total 38400K, used 5106K [0x00000000d5d80000, 0x00000000d8800000, 0x0000000100000000)
  eden space 33280K, 0% used [0x00000000d5d80000,0x00000000d5d80000,0x00000000d7e00000)
  from space 5120K, 99% used [0x00000000d7e00000,0x00000000d82fc940,0x00000000d8300000)
  to   space 5120K, 0% used [0x00000000d8300000,0x00000000d8300000,0x00000000d8800000)
 ParOldGen       total 87552K, used 1642K [0x0000000081800000, 0x0000000086d80000, 0x00000000d5d80000)
  object space 87552K, 1% used [0x0000000081800000,0x000000008199a9c8,0x0000000086d80000)
 Metaspace       used 11191K, capacity 11368K, committed 11520K, reserved 1058816K
  class space    used 1133K, capacity 1208K, committed 1280K, reserved 1048576K
}

Deoptimization events (10 events):
Event: 3.860 Thread 0x0000000001f4e000 Uncommon trap: reason=class_check action=maybe_recompile pc=0x0000000002b15704 method=java.util.Properties$LineReader.readLine()I @ 410
Event: 52.663 Thread 0x0000000001f4e000 Uncommon trap: reason=unstable_if action=reinterpret pc=0x0000000002abd748 method=java.util.HashMap.putVal(ILjava/lang/Object;Ljava/lang/Object;ZZ)Ljava/lang/Object; @ 94
Event: 52.794 Thread 0x0000000001f4e000 Uncommon trap: reason=unstable_if action=reinterpret pc=0x0000000002c2f010 method=java.util.Calendar.set(II)V @ 4
Event: 52.794 Thread 0x0000000001f4e000 Uncommon trap: reason=unstable_if action=reinterpret pc=0x0000000002c8ee60 method=java.util.Calendar.setFieldsNormalized(I)V @ 3
Event: 74.981 Thread 0x0000000001f4e000 Uncommon trap: reason=bimorphic action=maybe_recompile pc=0x0000000002cfd894 method=java.util.concurrent.ConcurrentHashMap.get(Ljava/lang/Object;)Ljava/lang/Object; @ 149
Event: 78.054 Thread 0x0000000001f4e000 Uncommon trap: reason=bimorphic action=maybe_recompile pc=0x0000000002cfd894 method=java.util.concurrent.ConcurrentHashMap.get(Ljava/lang/Object;)Ljava/lang/Object; @ 149
Event: 78.086 Thread 0x0000000001f4e000 Uncommon trap: reason=unstable_if action=reinterpret pc=0x0000000002cb3380 method=java.text.DigitList.getStringBuffer()Ljava/lang/StringBuffer; @ 4
Event: 78.086 Thread 0x0000000001f4e000 Uncommon trap: reason=unstable_if action=reinterpret pc=0x0000000002d48210 method=java.util.Calendar.complete()V @ 22
Event: 78.090 Thread 0x0000000001f4e000 Uncommon trap: reason=unstable_if action=reinterpret pc=0x0000000002d2a1b4 method=java.util.Calendar.complete()V @ 22
Event: 78.216 Thread 0x0000000001f4e000 Uncommon trap: reason=unstable_if action=reinterpret pc=0x0000000002aef374 method=java.util.ArrayList.rangeCheck(I)V @ 5

Internal exceptions (10 events):
Event: 0.335 Thread 0x0000000001f4e000 Exception <a 'java/lang/ClassNotFoundException': org/apache/log4j/WriterAppenderCustomizer> (0x00000000d62a15f0) thrown at [C:\re\workspace\8-2-build-windows-amd64-cygwin\jdk8u121\8372\hotspot\src\share\vm\classfile\systemDictionary.cpp, line 210]
Event: 0.337 Thread 0x0000000001f4e000 Exception <a 'java/lang/ClassNotFoundException': org/apache/log4j/FileAppenderCustomizer> (0x00000000d62b4cf0) thrown at [C:\re\workspace\8-2-build-windows-amd64-cygwin\jdk8u121\8372\hotspot\src\share\vm\classfile\systemDictionary.cpp, line 210]
Event: 0.339 Thread 0x0000000001f4e000 Exception <a 'java/lang/ClassNotFoundException': org/apache/log4j/RollingFileAppenderCustomizer> (0x00000000d62c87b8) thrown at [C:\re\workspace\8-2-build-windows-amd64-cygwin\jdk8u121\8372\hotspot\src\share\vm\classfile\systemDictionary.cpp, line 210]
Event: 0.349 Thread 0x0000000001f4e000 Exception <a 'java/lang/ClassNotFoundException': org/apache/log4j/ConsoleAppenderBeanInfo> (0x00000000d62f1ec8) thrown at [C:\re\workspace\8-2-build-windows-amd64-cygwin\jdk8u121\8372\hotspot\src\share\vm\classfile\systemDictionary.cpp, line 210]
Event: 0.349 Thread 0x0000000001f4e000 Exception <a 'java/lang/ClassNotFoundException': org/apache/log4j/ConsoleAppenderCustomizer> (0x00000000d62f8798) thrown at [C:\re\workspace\8-2-build-windows-amd64-cygwin\jdk8u121\8372\hotspot\src\share\vm\classfile\systemDictionary.cpp, line 210]
Event: 0.487 Thread 0x0000000001f4e000 Implicit null exception at 0x0000000002a9d087 to 0x0000000002a9d491
Event: 3.843 Thread 0x0000000001f4e000 Exception <a 'java/lang/NoSuchFieldError': method resolution failed> (0x00000000d6ec3a80) thrown at [C:\re\workspace\8-2-build-windows-amd64-cygwin\jdk8u121\8372\hotspot\src\share\vm\prims\methodHandles.cpp, line 1146]
Event: 3.849 Thread 0x0000000001f4e000 Exception <a 'java/lang/NoSuchFieldError': method resolution failed> (0x00000000d6ed0da0) thrown at [C:\re\workspace\8-2-build-windows-amd64-cygwin\jdk8u121\8372\hotspot\src\share\vm\prims\methodHandles.cpp, line 1146]
Event: 78.086 Thread 0x0000000001f4e000 Implicit null exception at 0x0000000002cb1595 to 0x0000000002cb335d
Event: 78.089 Thread 0x0000000001f4e000 Exception <a 'java/lang/NoSuchMethodError': java.lang.Object.lambda$minBy$0(Ljava/util/Comparator;Ljava/lang/Object;Ljava/lang/Object;)Ljava/lang/Object;> (0x00000000d6d57860) thrown at [C:\re\workspace\8-2-build-windows-amd64-cygwin\jdk8u121\8372\hotspot

Events (10 events):
Event: 78.285 loading class com/google/ortools/linearsolver/MPVariable
Event: 78.285 loading class com/google/ortools/linearsolver/MPVariable done
Event: 78.290 loading class com/google/ortools/linearsolver/MPConstraint
Event: 78.290 loading class com/google/ortools/linearsolver/MPConstraint done
Event: 78.340 loading class com/google/ortools/linearsolver/MPObjective
Event: 78.340 loading class com/google/ortools/linearsolver/MPObjective done
Event: 78.417 loading class com/google/ortools/linearsolver/MPSolver$ResultStatus
Event: 78.417 loading class com/google/ortools/linearsolver/MPSolver$ResultStatus done
Event: 78.418 loading class com/google/ortools/linearsolver/MPSolver$ResultStatus$SwigNext
Event: 78.418 loading class com/google/ortools/linearsolver/MPSolver$ResultStatus$SwigNext done


Dynamic libraries:
0x000000013f650000 - 0x000000013f687000 	C:\Program Files\Java\jdk1.8.0_121\bin\javaw.exe
0x0000000076ed0000 - 0x000000007707a000 	C:\windows\SYSTEM32\ntdll.dll
0x0000000076cb0000 - 0x0000000076dcf000 	C:\windows\system32\kernel32.dll
0x000007fefcce0000 - 0x000007fefcd4a000 	C:\windows\system32\KERNELBASE.dll
0x000007fefe860000 - 0x000007fefe93b000 	C:\windows\system32\ADVAPI32.dll
0x000007fefed20000 - 0x000007fefedbf000 	C:\windows\system32\msvcrt.dll
0x000007fefedf0000 - 0x000007fefee0f000 	C:\windows\SYSTEM32\sechost.dll
0x000007fefd2b0000 - 0x000007fefd3dd000 	C:\windows\system32\RPCRT4.dll
0x0000000076dd0000 - 0x0000000076eca000 	C:\windows\system32\USER32.dll
0x000007fefd1a0000 - 0x000007fefd207000 	C:\windows\system32\GDI32.dll
0x000007fefef30000 - 0x000007fefef3e000 	C:\windows\system32\LPK.dll
0x000007fefd3e0000 - 0x000007fefd4aa000 	C:\windows\system32\USP10.dll
0x000007fefb190000 - 0x000007fefb384000 	C:\windows\WinSxS\amd64_microsoft.windows.common-controls_6595b64144ccf1df_6.0.7601.18837_none_fa3b1e3d17594757\COMCTL32.dll
0x000007fefeeb0000 - 0x000007fefef21000 	C:\windows\system32\SHLWAPI.dll
0x000007fefedc0000 - 0x000007fefedee000 	C:\windows\system32\IMM32.DLL
0x000007fefe940000 - 0x000007fefea49000 	C:\windows\system32\MSCTF.dll
0x0000000068000000 - 0x0000000068056000 	C:\windows\system32\QIPCAP64.DLL
0x000007fefda70000 - 0x000007fefe7fa000 	C:\windows\system32\SHELL32.dll
0x000007fefc2d0000 - 0x000007fefc32b000 	C:\windows\system32\DNSAPI.dll
0x000007fefda20000 - 0x000007fefda6d000 	C:\windows\system32\WS2_32.dll
0x000007feff1d0000 - 0x000007feff1d8000 	C:\windows\system32\NSI.dll
0x00000000795c0000 - 0x0000000079692000 	C:\Program Files\Java\jdk1.8.0_121\jre\bin\msvcr100.dll
0x000000006f8e0000 - 0x000000007017b000 	C:\Program Files\Java\jdk1.8.0_121\jre\bin\server\jvm.dll
0x000007fefa050000 - 0x000007fefa059000 	C:\windows\system32\WSOCK32.dll
0x000007fefaa00000 - 0x000007fefaa3b000 	C:\windows\system32\WINMM.dll
0x000007fefbce0000 - 0x000007fefbcec000 	C:\windows\system32\VERSION.dll
0x0000000077090000 - 0x0000000077097000 	C:\windows\system32\PSAPI.DLL
0x000000005fd30000 - 0x000000005fd3f000 	C:\Program Files\Java\jdk1.8.0_121\jre\bin\verify.dll
0x000000005fd00000 - 0x000000005fd29000 	C:\Program Files\Java\jdk1.8.0_121\jre\bin\java.dll
0x0000000070410000 - 0x0000000070426000 	C:\Program Files\Java\jdk1.8.0_121\jre\bin\zip.dll
0x000007fefef40000 - 0x000007feff143000 	C:\windows\system32\ole32.dll
0x000007fefcc00000 - 0x000007fefcc0f000 	C:\windows\system32\profapi.dll
0x000000006f860000 - 0x000000006f87a000 	C:\Program Files\Java\jdk1.8.0_121\jre\bin\net.dll
0x000007fefc4a0000 - 0x000007fefc4f5000 	C:\windows\system32\mswsock.dll
0x000007fefc470000 - 0x000007fefc477000 	C:\windows\System32\wship6.dll
0x000007feca840000 - 0x000007fecb5c0000 	C:\Code\DataAnalysisBB\dataanalysis\SFResourceAllocator\lib\jniortools.dll
0x000007feeb8c0000 - 0x000007feeb95f000 	C:\windows\system32\MSVCP140.dll
0x000007feeb7f0000 - 0x000007feeb807000 	C:\windows\system32\VCRUNTIME140.dll
0x000007feeb8b0000 - 0x000007feeb8b4000 	C:\windows\system32\api-ms-win-crt-runtime-l1-1-0.dll
0x000007feeb6f0000 - 0x000007feeb7e4000 	C:\windows\system32\ucrtbase.DLL
0x000007feeb6e0000 - 0x000007feeb6e3000 	C:\windows\system32\api-ms-win-core-timezone-l1-1-0.dll
0x000007feeb6d0000 - 0x000007feeb6d3000 	C:\windows\system32\api-ms-win-core-file-l2-1-0.dll
0x000007feeb6c0000 - 0x000007feeb6c3000 	C:\windows\system32\api-ms-win-core-localization-l1-2-0.dll
0x000007feeb6b0000 - 0x000007feeb6b3000 	C:\windows\system32\api-ms-win-core-synch-l1-2-0.dll
0x000007feeb6a0000 - 0x000007feeb6a3000 	C:\windows\system32\api-ms-win-core-processthreads-l1-1-1.dll
0x000007feeb690000 - 0x000007feeb693000 	C:\windows\system32\api-ms-win-core-file-l1-2-0.dll
0x000007feeb680000 - 0x000007feeb684000 	C:\windows\system32\api-ms-win-crt-string-l1-1-0.dll
0x000007feeb670000 - 0x000007feeb673000 	C:\windows\system32\api-ms-win-crt-heap-l1-1-0.dll
0x000007feeb5e0000 - 0x000007feeb5e4000 	C:\windows\system32\api-ms-win-crt-stdio-l1-1-0.dll
0x000007feeb5d0000 - 0x000007feeb5d4000 	C:\windows\system32\api-ms-win-crt-convert-l1-1-0.dll
0x000007feeb5c0000 - 0x000007feeb5c3000 	C:\windows\system32\api-ms-win-crt-locale-l1-1-0.dll
0x000007feeb5b0000 - 0x000007feeb5b5000 	C:\windows\system32\api-ms-win-crt-math-l1-1-0.dll
0x000007feeb5a0000 - 0x000007feeb5a5000 	C:\windows\system32\api-ms-win-crt-multibyte-l1-1-0.dll
0x000007feeb590000 - 0x000007feeb593000 	C:\windows\system32\api-ms-win-crt-time-l1-1-0.dll
0x000007feeb580000 - 0x000007feeb583000 	C:\windows\system32\api-ms-win-crt-filesystem-l1-1-0.dll
0x000007feeb570000 - 0x000007feeb573000 	C:\windows\system32\api-ms-win-crt-environment-l1-1-0.dll
0x000007feeb560000 - 0x000007feeb563000 	C:\windows\system32\api-ms-win-crt-utility-l1-1-0.dll
0x000007fefa060000 - 0x000007fefa185000 	C:\windows\system32\dbghelp.dll

VM Arguments:
jvm_args: -Djava.library.path=lib -Dfile.encoding=Cp1252 
java_command: com.saiglobal.sf.allocator.main.ResourceAllocator -ai com.saiglobal.sf.allocator.implementation.ResourceAllocatorMIPUK -includePipeline false -logLevel INFO
java_class_path (initial): C:\Code\DataAnalysisBB\dataanalysis\SFResourceAllocator\bin;C:\Code\DataAnalysis\SFResourceAllocator\lib\org.apache.log4j_1.2.13.v200903072027.jar;C:\Code\DataAnalysisBB\dataanalysis\SFCore\bin;C:\Code\DataAnalysis\SFCore\lib\commons-cli-1.2.jar;C:\Code\DataAnalysis\SFCore\lib\commons-logging-1.1.3.jar;C:\Code\DataAnalysis\SFCore\lib\geocoder-java-0.15.jar;C:\Code\DataAnalysis\SFCore\lib\gson-2.2.4.jar;C:\Code\DataAnalysis\SFCore\lib\org.apache.log4j_1.2.13.v200903072027.jar;C:\Code\DataAnalysis\SFCore\lib\jsch-0.1.50.jar;C:\Code\DataAnalysis\SFCore\lib\sqljdbc4.jar;C:\Code\DataAnalysis\SFCore\lib\javax.mail.jar;C:\Code\DataAnalysis\SFCore\lib\mysql-connector-java-5.1.35-bin.jar;C:\Code\DataAnalysis\SFCore\lib\commons-lang-2.5.jar;C:\Code\DataAnalysis\SFCore\lib\force-wsc-32.0.0.jar;C:\Code\DataAnalysis\SFCore\lib\wsc.partner.32.jar;C:\Code\DataAnalysisBB\dataanalysis\SFResourceAllocator\lib\com.google.ortools.jar;C:\Code\DataAnalysisBB\dataanalysis\SFResourceAllocator\lib\protobuf.jar
Launcher Type: SUN_STANDARD

Environment Variables:
PATH=C:/Program Files/Java/jre1.8.0_121/bin/server;C:/Program Files/Java/jre1.8.0_121/bin;C:/Program Files/Java/jre1.8.0_121/lib/amd64;C:\ProgramData\Oracle\Java\javapath;C:\windows\system32;C:\windows;C:\windows\System32\Wbem;C:\windows\System32\WindowsPowerShell\v1.0\;C:\Program Files (x86)\Common Files\Roxio Shared\DLLShared\;C:\Program Files (x86)\Common Files\Roxio Shared\10.0\DLLShared\;C:\Program Files (x86)\ATI Technologies\ATI.ACE\Core-Static;C:\Program Files (x86)\MySQL\MySQL Utilities 1.4\;C:\Program Files (x86)\MySQL\MySQL Utilities 1.4\Doctrine extensions for PHP\;C:\Program Files\nodejs\;C:\TDM-GCC-64\bin;C:\Users\conluc0\AppData\Local\Continuum\Anaconda;C:\Users\conluc0\AppData\Local\Continuum\Anaconda\Scripts;C:\Users\conluc0\AppData\Roaming\npm;C:\TDM-GCC-64\bin;C:\eclipse;
USERNAME=conluc0
OS=Windows_NT
PROCESSOR_IDENTIFIER=Intel64 Family 6 Model 69 Stepping 1, GenuineIntel



---------------  S Y S T E M  ---------------

OS: Windows 7 , 64 bit Build 7601 (6.1.7601.23572)

CPU:total 4 (2 cores per cpu, 2 threads per core) family 6 model 69 stepping 1, cmov, cx8, fxsr, mmx, sse, sse2, sse3, ssse3, sse4.1, sse4.2, popcnt, avx, avx2, aes, clmul, erms, lzcnt, ht, tsc, tscinvbit, bmi1, bmi2

Memory: 4k page, physical 8283244k(4331968k free), swap 16564628k(11944132k free)

vm_info: Java HotSpot(TM) 64-Bit Server VM (25.121-b13) for windows-amd64 JRE (1.8.0_121-b13), built on Dec 12 2016 18:21:36 by "java_re" with MS VC++ 10.0 (VS2010)

time: Tue Mar 07 13:58:14 2017
elapsed time: 78 seconds (0d 0h 1m 18s)

