#
# A fatal error has been detected by the Java Runtime Environment:
#
#  EXCEPTION_UNCAUGHT_CXX_EXCEPTION (0xe06d7363) at pc=0x000007fefd99a06d, pid=11876, tid=0x0000000000000c14
#
# JRE version: Java(TM) SE Runtime Environment (8.0_121-b13) (build 1.8.0_121-b13)
# Java VM: Java HotSpot(TM) 64-Bit Server VM (25.121-b13 mixed mode windows-amd64 compressed oops)
# Problematic frame:
# C  [KERNELBASE.dll+0x1a06d]
#
# Failed to write core dump. Minidumps are not enabled by default on client versions of Windows
#
# If you would like to submit a bug report, please visit:
#   http://bugreport.java.com/bugreport/crash.jsp
# The crash happened outside the Java Virtual Machine in native code.
# See problematic frame for where to report the bug.
#

---------------  T H R E A D  ---------------

Current thread (0x00000000023be000):  JavaThread "main" [_thread_in_native, id=3092, stack(0x00000000025b0000,0x00000000026b0000)]

siginfo: ExceptionCode=0xe06d7363, ExceptionInformation=0x0000000019930520 0x00000000026921e0 0x000007fedbc5c2b0 0x000007fedafe0000 

Registers:
RAX=0x00000000662a5249, RBX=0x000000004df5b2d0, RCX=0x0000000002691a60, RDX=0x00000000000000d0
RSP=0x0000000002692070, RBP=0x00000000026921a0, RSI=0x000007fedbc5c2b0, RDI=0x00000000001514f6
R8 =0x0000000000000000, R9 =0x0000000000000000, R10=0x000007fedafe0000, R11=0x00000000026920b0
R12=0xffffffffffffffff, R13=0x00000001551ce600, R14=0x00000000026921e0, R15=0x0000000000000000
RIP=0x000007fefd99a06d, EFLAGS=0x0000000000000202

Top of Stack: (sp=0x0000000002692070)
0x0000000002692070:   000000004df5b2d0 000007fedbc5c2b0
0x0000000002692080:   00000000001514f6 0000000002692170
0x0000000002692090:   00000001e06d7363 0000000000000000
0x00000000026920a0:   000007fefd99a06d 000007fe00000004
0x00000000026920b0:   0000000019930520 00000000026921e0
0x00000000026920c0:   000007fedbc5c2b0 000007fedafe0000
0x00000000026920d0:   00000000c0000017 0000000002692158
0x00000000026920e0:   000000004df5b2d0 000000004df5b318
0x00000000026920f0:   000000000043cd10 00000000026921e0
0x0000000002692100:   0000000000000000 000000020aa431b0
0x0000000002692110:   00000000026921e0 00000001551ce600
0x0000000002692120:   ffffffffffffffff 00000000001514f6
0x0000000002692130:   000007fedbc5c2b0 000007fef87b4572
0x0000000002692140:   000000004df5b2d0 00000000026921c0
0x0000000002692150:   0000000000000001 000007fedafe0110
0x0000000002692160:   00000001e06d7363 0000000000000000 

Instructions: (pc=0x000007fefd99a06d)
0x000007fefd99a04d:   54 24 24 48 89 4c 24 28 4d 85 c9 0f 85 6a 03 00
0x000007fefd99a05d:   00 89 4c 24 38 48 8d 4c 24 20 ff 15 33 02 03 00
0x000007fefd99a06d:   48 81 c4 c8 00 00 00 c3 90 90 90 90 90 90 90 90
0x000007fefd99a07d:   90 90 90 48 83 ec 28 65 48 8b 04 25 30 00 00 00 


Register to memory mapping:

RAX=0x00000000662a5249 is an unknown value
RBX=0x000000004df5b2d0 is an unknown value
RCX=0x0000000002691a60 is pointing into the stack for thread: 0x00000000023be000
RDX=0x00000000000000d0 is an unknown value
RSP=0x0000000002692070 is pointing into the stack for thread: 0x00000000023be000
RBP=0x00000000026921a0 is pointing into the stack for thread: 0x00000000023be000
RSI=0x000007fedbc5c2b0 is an unknown value
RDI=0x00000000001514f6 is an unknown value
R8 =0x0000000000000000 is an unknown value
R9 =0x0000000000000000 is an unknown value
R10=0x000007fedafe0000 is an unknown value
R11=0x00000000026920b0 is pointing into the stack for thread: 0x00000000023be000
R12=0xffffffffffffffff is an unknown value
R13=0x00000001551ce600 is an unknown value
R14=0x00000000026921e0 is pointing into the stack for thread: 0x00000000023be000
R15=0x0000000000000000 is an unknown value


Stack: [0x00000000025b0000,0x00000000026b0000],  sp=0x0000000002692070,  free space=904k
Native frames: (J=compiled Java code, j=interpreted, Vv=VM code, C=native code)
C  [KERNELBASE.dll+0x1a06d]
C  [VCRUNTIME140.dll+0x4572]
C  [jniortools.dll+0x949e07]
C  [jniortools.dll+0x948615]
C  [jniortools.dll+0x6c4fc2]
C  [jniortools.dll+0x6c65bc]
C  [jniortools.dll+0x62b1fb]
C  [jniortools.dll+0x53d31a]
C  [jniortools.dll+0x54ebf3]
C  [jniortools.dll+0x54ef49]
C  [jniortools.dll+0x459dfc]
C  [jniortools.dll+0x440e7b]
C  [jniortools.dll+0x440f7b]
C  0x0000000002997f54

Java frames: (J=compiled Java code, j=interpreted, Vv=VM code)
j  com.google.ortools.linearsolver.operations_research_linear_solverJNI.MPSolver_solve__SWIG_0(JLcom/google/ortools/linearsolver/MPSolver;)I+0
j  com.google.ortools.linearsolver.MPSolver.solve()Lcom/google/ortools/linearsolver/MPSolver$ResultStatus;+5
J 2008 C2 com.saiglobal.sf.allocator.processor.MIP3Processor.solve([[[[I)Lcom/saiglobal/sf/allocator/processor/MIP3Processor$SolverResult; (1599 bytes) @ 0x000000000312d914 [0x000000000312aa00+0x2f14]
J 2184% C2 com.saiglobal.sf.allocator.processor.MIP3Processor.scheduleBatch()Ljava/util/List; (897 bytes) @ 0x000000000321d3e0 [0x000000000321cd00+0x6e0]
j  com.saiglobal.sf.allocator.processor.MIP3Processor.execute()V+155
j  com.saiglobal.sf.allocator.main.ResourceAllocator.main([Ljava/lang/String;)V+382
v  ~StubRoutines::call_stub

---------------  P R O C E S S  ---------------

Java Threads: ( => current thread )
  0x0000000059a78800 JavaThread "Abandoned connection cleanup thread" daemon [_thread_blocked, id=10820, stack(0x000000005a500000,0x000000005a600000)]
  0x00000000590d9800 JavaThread "Service Thread" daemon [_thread_blocked, id=8976, stack(0x0000000059620000,0x0000000059720000)]
  0x0000000059090800 JavaThread "C1 CompilerThread2" daemon [_thread_blocked, id=2552, stack(0x00000000594e0000,0x00000000595e0000)]
  0x0000000057656000 JavaThread "C2 CompilerThread1" daemon [_thread_blocked, id=3412, stack(0x0000000058f90000,0x0000000059090000)]
  0x0000000057652000 JavaThread "C2 CompilerThread0" daemon [_thread_blocked, id=1428, stack(0x0000000058e10000,0x0000000058f10000)]
  0x000000005765e000 JavaThread "Attach Listener" daemon [_thread_blocked, id=7964, stack(0x0000000058bb0000,0x0000000058cb0000)]
  0x000000005765d000 JavaThread "Signal Dispatcher" daemon [_thread_blocked, id=11792, stack(0x0000000058960000,0x0000000058a60000)]
  0x0000000057639800 JavaThread "Finalizer" daemon [_thread_blocked, id=10624, stack(0x0000000058a60000,0x0000000058b60000)]
  0x00000000575f2800 JavaThread "Reference Handler" daemon [_thread_blocked, id=8288, stack(0x0000000058650000,0x0000000058750000)]
=>0x00000000023be000 JavaThread "main" [_thread_in_native, id=3092, stack(0x00000000025b0000,0x00000000026b0000)]

Other Threads:
  0x00000000575eb000 VMThread [stack: 0x0000000058780000,0x0000000058880000] [id=540]
  0x0000000059134800 WatcherThread [stack: 0x0000000059800000,0x0000000059900000] [id=9736]

VM state:not at safepoint (normal execution)

VM Mutex/Monitor currently owned by a thread: None

Heap:
 PSYoungGen      total 520192K, used 405846K [0x00000000d5d80000, 0x0000000100000000, 0x0000000100000000)
  eden space 368128K, 79% used [0x00000000d5d80000,0x00000000e7cfda60,0x00000000ec500000)
  from space 152064K, 73% used [0x00000000ec500000,0x00000000f31d8000,0x00000000f5980000)
  to   space 168448K, 0% used [0x00000000f5b80000,0x00000000f5b80000,0x0000000100000000)
 ParOldGen       total 374272K, used 216830K [0x0000000081800000, 0x0000000098580000, 0x00000000d5d80000)
  object space 374272K, 57% used [0x0000000081800000,0x000000008ebbf950,0x0000000098580000)
 Metaspace       used 12949K, capacity 13260K, committed 13568K, reserved 1060864K
  class space    used 1324K, capacity 1428K, committed 1536K, reserved 1048576K

Card table byte_map: [0x0000000011d40000,0x0000000012140000] byte_map_base: 0x0000000011934000

Marking Bits: (ParMarkBitMap*) 0x000000007040b6d0
 Begin Bits: [0x0000000012920000, 0x00000000148c0000)
 End Bits:   [0x00000000148c0000, 0x0000000016860000)

Polling page: 0x0000000001e30000

CodeCache: size=245760Kb used=8008Kb max_used=8784Kb free=237751Kb
 bounds [0x0000000002980000, 0x0000000003250000, 0x0000000011980000]
 total_blobs=2277 nmethods=1847 adapters=342
 compilation: enabled

Compilation events (10 events):
Event: 245.269 Thread 0x0000000059090800 2256       3       java.io.Writer::write (11 bytes)
Event: 245.269 Thread 0x0000000059090800 nmethod 2256 0x0000000002edb250 code [0x0000000002edb3c0, 0x0000000002edb6c8]
Event: 245.270 Thread 0x0000000059090800 2257   !   3       java.nio.charset.CharsetEncoder::encode (285 bytes)
Event: 245.271 Thread 0x0000000059090800 nmethod 2257 0x0000000002f5bd50 code [0x0000000002f5c020, 0x0000000002f5d5f8]
Event: 245.276 Thread 0x0000000057656000 2258       4       org.apache.log4j.helpers.PatternParser$LiteralPatternConverter::format (10 bytes)
Event: 245.276 Thread 0x0000000057652000 2259       4       java.nio.ByteBuffer::arrayOffset (35 bytes)
Event: 245.277 Thread 0x0000000057652000 nmethod 2259 0x0000000002fd39d0 code [0x0000000002fd3b00, 0x0000000002fd3b98]
Event: 245.277 Thread 0x0000000057652000 2260       4       org.apache.log4j.helpers.PatternConverter::format (127 bytes)
Event: 245.280 Thread 0x0000000057656000 nmethod 2258 0x0000000002f29c50 code [0x0000000002f29dc0, 0x0000000002f2a508]
Event: 245.287 Thread 0x0000000057652000 nmethod 2260 0x0000000002f53490 code [0x0000000002f53640, 0x0000000002f544a8]

GC Heap History (10 events):
Event: 225.861 GC heap before
{Heap before GC invocations=18 (full 3):
 PSYoungGen      total 485376K, used 106989K [0x00000000d5d80000, 0x0000000100000000, 0x0000000100000000)
  eden space 378368K, 0% used [0x00000000d5d80000,0x00000000d5d80000,0x00000000ecf00000)
  from space 107008K, 99% used [0x00000000ecf00000,0x00000000f377b468,0x00000000f3780000)
  to   space 165888K, 0% used [0x00000000f5e00000,0x00000000f5e00000,0x0000000100000000)
 ParOldGen       total 321024K, used 307266K [0x0000000081800000, 0x0000000095180000, 0x00000000d5d80000)
  object space 321024K, 95% used [0x0000000081800000,0x0000000094410808,0x0000000095180000)
 Metaspace       used 12949K, capacity 13260K, committed 13568K, reserved 1060864K
  class space    used 1324K, capacity 1428K, committed 1536K, reserved 1048576K
Event: 226.553 GC heap after
Heap after GC invocations=18 (full 3):
 PSYoungGen      total 485376K, used 0K [0x00000000d5d80000, 0x0000000100000000, 0x0000000100000000)
  eden space 378368K, 0% used [0x00000000d5d80000,0x00000000d5d80000,0x00000000ecf00000)
  from space 107008K, 0% used [0x00000000ecf00000,0x00000000ecf00000,0x00000000f3780000)
  to   space 165888K, 0% used [0x00000000f5e00000,0x00000000f5e00000,0x0000000100000000)
 ParOldGen       total 374272K, used 216830K [0x0000000081800000, 0x0000000098580000, 0x00000000d5d80000)
  object space 374272K, 57% used [0x0000000081800000,0x000000008ebbf950,0x0000000098580000)
 Metaspace       used 12949K, capacity 13260K, committed 13568K, reserved 1060864K
  class space    used 1324K, capacity 1428K, committed 1536K, reserved 1048576K
}
Event: 227.800 GC heap before
{Heap before GC invocations=19 (full 3):
 PSYoungGen      total 485376K, used 378368K [0x00000000d5d80000, 0x0000000100000000, 0x0000000100000000)
  eden space 378368K, 100% used [0x00000000d5d80000,0x00000000ecf00000,0x00000000ecf00000)
  from space 107008K, 0% used [0x00000000ecf00000,0x00000000ecf00000,0x00000000f3780000)
  to   space 165888K, 0% used [0x00000000f5e00000,0x00000000f5e00000,0x0000000100000000)
 ParOldGen       total 374272K, used 216830K [0x0000000081800000, 0x0000000098580000, 0x00000000d5d80000)
  object space 374272K, 57% used [0x0000000081800000,0x000000008ebbf950,0x0000000098580000)
 Metaspace       used 12949K, capacity 13260K, committed 13568K, reserved 1060864K
  class space    used 1324K, capacity 1428K, committed 1536K, reserved 1048576K
Event: 227.812 GC heap after
Heap after GC invocations=19 (full 3):
 PSYoungGen      total 528896K, used 64K [0x00000000d5d80000, 0x0000000100000000, 0x0000000100000000)
  eden space 363008K, 0% used [0x00000000d5d80000,0x00000000d5d80000,0x00000000ec000000)
  from space 165888K, 0% used [0x00000000f5e00000,0x00000000f5e10000,0x0000000100000000)
  to   space 161792K, 0% used [0x00000000ec000000,0x00000000ec000000,0x00000000f5e00000)
 ParOldGen       total 374272K, used 216830K [0x0000000081800000, 0x0000000098580000, 0x00000000d5d80000)
  object space 374272K, 57% used [0x0000000081800000,0x000000008ebbf950,0x0000000098580000)
 Metaspace       used 12949K, capacity 13260K, committed 13568K, reserved 1060864K
  class space    used 1324K, capacity 1428K, committed 1536K, reserved 1048576K
}
Event: 229.031 GC heap before
{Heap before GC invocations=20 (full 3):
 PSYoungGen      total 528896K, used 363072K [0x00000000d5d80000, 0x0000000100000000, 0x0000000100000000)
  eden space 363008K, 100% used [0x00000000d5d80000,0x00000000ec000000,0x00000000ec000000)
  from space 165888K, 0% used [0x00000000f5e00000,0x00000000f5e10000,0x0000000100000000)
  to   space 161792K, 0% used [0x00000000ec000000,0x00000000ec000000,0x00000000f5e00000)
 ParOldGen       total 374272K, used 216830K [0x0000000081800000, 0x0000000098580000, 0x00000000d5d80000)
  object space 374272K, 57% used [0x0000000081800000,0x000000008ebbf950,0x0000000098580000)
 Metaspace       used 12949K, capacity 13260K, committed 13568K, reserved 1060864K
  class space    used 1324K, capacity 1428K, committed 1536K, reserved 1048576K
Event: 229.032 GC heap after
Heap after GC invocations=20 (full 3):
 PSYoungGen      total 363520K, used 64K [0x00000000d5d80000, 0x00000000ff300000, 0x0000000100000000)
  eden space 363008K, 0% used [0x00000000d5d80000,0x00000000d5d80000,0x00000000ec000000)
  from space 512K, 12% used [0x00000000ec000000,0x00000000ec010000,0x00000000ec080000)
  to   space 157184K, 0% used [0x00000000f5980000,0x00000000f5980000,0x00000000ff300000)
 ParOldGen       total 374272K, used 216830K [0x0000000081800000, 0x0000000098580000, 0x00000000d5d80000)
  object space 374272K, 57% used [0x0000000081800000,0x000000008ebbf950,0x0000000098580000)
 Metaspace       used 12949K, capacity 13260K, committed 13568K, reserved 1060864K
  class space    used 1324K, capacity 1428K, committed 1536K, reserved 1048576K
}
Event: 230.250 GC heap before
{Heap before GC invocations=21 (full 3):
 PSYoungGen      total 363520K, used 363072K [0x00000000d5d80000, 0x00000000ff300000, 0x0000000100000000)
  eden space 363008K, 100% used [0x00000000d5d80000,0x00000000ec000000,0x00000000ec000000)
  from space 512K, 12% used [0x00000000ec000000,0x00000000ec010000,0x00000000ec080000)
  to   space 157184K, 0% used [0x00000000f5980000,0x00000000f5980000,0x00000000ff300000)
 ParOldGen       total 374272K, used 216830K [0x0000000081800000, 0x0000000098580000, 0x00000000d5d80000)
  object space 374272K, 57% used [0x0000000081800000,0x000000008ebbf950,0x0000000098580000)
 Metaspace       used 12949K, capacity 13260K, committed 13568K, reserved 1060864K
  class space    used 1324K, capacity 1428K, committed 1536K, reserved 1048576K
Event: 230.251 GC heap after
Heap after GC invocations=21 (full 3):
 PSYoungGen      total 525312K, used 96K [0x00000000d5d80000, 0x0000000100000000, 0x0000000100000000)
  eden space 368128K, 0% used [0x00000000d5d80000,0x00000000d5d80000,0x00000000ec500000)
  from space 157184K, 0% used [0x00000000f5980000,0x00000000f5998000,0x00000000ff300000)
  to   space 152064K, 0% used [0x00000000ec500000,0x00000000ec500000,0x00000000f5980000)
 ParOldGen       total 374272K, used 216830K [0x0000000081800000, 0x0000000098580000, 0x00000000d5d80000)
  object space 374272K, 57% used [0x0000000081800000,0x000000008ebbf950,0x0000000098580000)
 Metaspace       used 12949K, capacity 13260K, committed 13568K, reserved 1060864K
  class space    used 1324K, capacity 1428K, committed 1536K, reserved 1048576K
}
Event: 245.302 GC heap before
{Heap before GC invocations=22 (full 3):
 PSYoungGen      total 525312K, used 368224K [0x00000000d5d80000, 0x0000000100000000, 0x0000000100000000)
  eden space 368128K, 100% used [0x00000000d5d80000,0x00000000ec500000,0x00000000ec500000)
  from space 157184K, 0% used [0x00000000f5980000,0x00000000f5998000,0x00000000ff300000)
  to   space 152064K, 0% used [0x00000000ec500000,0x00000000ec500000,0x00000000f5980000)
 ParOldGen       total 374272K, used 216830K [0x0000000081800000, 0x0000000098580000, 0x00000000d5d80000)
  object space 374272K, 57% used [0x0000000081800000,0x000000008ebbf950,0x0000000098580000)
 Metaspace       used 12949K, capacity 13260K, committed 13568K, reserved 1060864K
  class space    used 1324K, capacity 1428K, committed 1536K, reserved 1048576K
Event: 245.392 GC heap after
Heap after GC invocations=22 (full 3):
 PSYoungGen      total 520192K, used 111456K [0x00000000d5d80000, 0x0000000100000000, 0x0000000100000000)
  eden space 368128K, 0% used [0x00000000d5d80000,0x00000000d5d80000,0x00000000ec500000)
  from space 152064K, 73% used [0x00000000ec500000,0x00000000f31d8000,0x00000000f5980000)
  to   space 168448K, 0% used [0x00000000f5b80000,0x00000000f5b80000,0x0000000100000000)
 ParOldGen       total 374272K, used 216830K [0x0000000081800000, 0x0000000098580000, 0x00000000d5d80000)
  object space 374272K, 57% used [0x0000000081800000,0x000000008ebbf950,0x0000000098580000)
 Metaspace       used 12949K, capacity 13260K, committed 13568K, reserved 1060864K
  class space    used 1324K, capacity 1428K, committed 1536K, reserved 1048576K
}

Deoptimization events (10 events):
Event: 100.015 Thread 0x00000000575f2800 Uncommon trap: reason=class_check action=maybe_recompile pc=0x0000000002aba490 method=java.lang.ref.ReferenceQueue.enqueue(Ljava/lang/ref/Reference;)Z @ 91
Event: 100.015 Thread 0x00000000575f2800 Uncommon trap: reason=class_check action=maybe_recompile pc=0x0000000002d39898 method=java.lang.ref.ReferenceQueue.enqueue(Ljava/lang/ref/Reference;)Z @ 91
Event: 100.584 Thread 0x00000000023be000 Uncommon trap: reason=unstable_if action=reinterpret pc=0x0000000003187b94 method=com.saiglobal.sf.core.model.Resource.canPerform(Lcom/saiglobal/sf/core/model/WorkItem;)Z @ 73
Event: 102.201 Thread 0x00000000023be000 Uncommon trap: reason=unstable_if action=reinterpret pc=0x0000000002feb938 method=com.saiglobal.sf.allocator.processor.MIP3Processor.presolve()[[[[I @ 38
Event: 217.270 Thread 0x00000000023be000 Uncommon trap: reason=unstable_if action=reinterpret pc=0x0000000002af343c method=com.saiglobal.sf.allocator.processor.MIP3Processor.populateSchedule([[[[Lcom/google/ortools/linearsolver/MPVariable;)Ljava/util/List; @ 69
Event: 219.858 Thread 0x00000000023be000 Uncommon trap: reason=unstable_if action=reinterpret pc=0x0000000002ea4b0c method=sun.nio.cs.SingleByte$Encoder.encodeArrayLoop(Ljava/nio/CharBuffer;Ljava/nio/ByteBuffer;)Ljava/nio/charset/CoderResult; @ 70
Event: 223.505 Thread 0x00000000023be000 Uncommon trap: reason=unstable_if action=reinterpret pc=0x0000000002ca8530 method=java.util.Date.compareTo(Ljava/util/Date;)I @ 26
Event: 223.513 Thread 0x00000000023be000 Uncommon trap: reason=unstable_if action=reinterpret pc=0x0000000002ccf234 method=java.util.Date.compareTo(Ljava/util/Date;)I @ 26
Event: 223.523 Thread 0x00000000023be000 Uncommon trap: reason=unstable_if action=reinterpret pc=0x0000000002c18684 method=java.util.Date.compareTo(Ljava/util/Date;)I @ 26
Event: 228.914 Thread 0x00000000023be000 Uncommon trap: reason=unstable_if action=reinterpret pc=0x00000000031fdc38 method=com.saiglobal.sf.core.model.Resource.canPerform(Lcom/saiglobal/sf/core/model/WorkItem;)Z @ 73

Internal exceptions (10 events):
Event: 0.542 Thread 0x00000000023be000 Exception <a 'java/lang/ClassNotFoundException': org/apache/log4j/WriterAppenderCustomizer> (0x00000000d629f0a0) thrown at [C:\re\workspace\8-2-build-windows-amd64-cygwin\jdk8u121\8372\hotspot\src\share\vm\classfile\systemDictionary.cpp, line 210]
Event: 0.544 Thread 0x00000000023be000 Exception <a 'java/lang/ClassNotFoundException': org/apache/log4j/FileAppenderCustomizer> (0x00000000d62b2888) thrown at [C:\re\workspace\8-2-build-windows-amd64-cygwin\jdk8u121\8372\hotspot\src\share\vm\classfile\systemDictionary.cpp, line 210]
Event: 0.546 Thread 0x00000000023be000 Exception <a 'java/lang/ClassNotFoundException': org/apache/log4j/RollingFileAppenderCustomizer> (0x00000000d62c6148) thrown at [C:\re\workspace\8-2-build-windows-amd64-cygwin\jdk8u121\8372\hotspot\src\share\vm\classfile\systemDictionary.cpp, line 210]
Event: 0.551 Thread 0x00000000023be000 Exception <a 'java/lang/ClassNotFoundException': org/apache/log4j/ConsoleAppenderBeanInfo> (0x00000000d62ef858) thrown at [C:\re\workspace\8-2-build-windows-amd64-cygwin\jdk8u121\8372\hotspot\src\share\vm\classfile\systemDictionary.cpp, line 210]
Event: 0.551 Thread 0x00000000023be000 Exception <a 'java/lang/ClassNotFoundException': org/apache/log4j/ConsoleAppenderCustomizer> (0x00000000d62f6128) thrown at [C:\re\workspace\8-2-build-windows-amd64-cygwin\jdk8u121\8372\hotspot\src\share\vm\classfile\systemDictionary.cpp, line 210]
Event: 0.863 Thread 0x00000000023be000 Implicit null exception at 0x0000000002b88204 to 0x0000000002b885c9
Event: 4.151 Thread 0x00000000023be000 Exception <a 'java/lang/NoSuchFieldError': method resolution failed> (0x00000000d6eee810) thrown at [C:\re\workspace\8-2-build-windows-amd64-cygwin\jdk8u121\8372\hotspot\src\share\vm\prims\methodHandles.cpp, line 1146]
Event: 4.152 Thread 0x00000000023be000 Exception <a 'java/lang/NoSuchFieldError': method resolution failed> (0x00000000d6efbb30) thrown at [C:\re\workspace\8-2-build-windows-amd64-cygwin\jdk8u121\8372\hotspot\src\share\vm\prims\methodHandles.cpp, line 1146]
Event: 91.072 Thread 0x00000000023be000 Implicit null exception at 0x0000000002dcb111 to 0x0000000002dcbefd
Event: 91.128 Thread 0x00000000023be000 Exception <a 'java/lang/NoSuchMethodError': java.lang.Object.lambda$minBy$0(Ljava/util/Comparator;Ljava/lang/Object;Ljava/lang/Object;)Ljava/lang/Object;> (0x00000000d6d61fb0) thrown at [C:\re\workspace\8-2-build-windows-amd64-cygwin\jdk8u121\8372\hotspot

Events (10 events):
Event: 230.798 Thread 0x00000000023be000 DEOPT PACKING pc=0x00000000030559a6 sp=0x00000000026aee70
Event: 230.799 Thread 0x00000000023be000 DEOPT UNPACKING pc=0x00000000029c787f sp=0x00000000026aee38 mode 0
Event: 245.266 Thread 0x00000000023be000 DEOPT PACKING pc=0x0000000002edffc1 sp=0x00000000026ae560
Event: 245.266 Thread 0x00000000023be000 DEOPT UNPACKING pc=0x00000000029c787f sp=0x00000000026ae350 mode 0
Event: 245.270 Thread 0x00000000023be000 DEOPT PACKING pc=0x0000000002edffc1 sp=0x00000000026ae560
Event: 245.270 Thread 0x00000000023be000 DEOPT UNPACKING pc=0x00000000029c787f sp=0x00000000026ae350 mode 0
Event: 245.277 Thread 0x00000000023be000 DEOPT PACKING pc=0x0000000002edffc1 sp=0x00000000026ae6a0
Event: 245.277 Thread 0x00000000023be000 DEOPT UNPACKING pc=0x00000000029c787f sp=0x00000000026ae490 mode 0
Event: 245.301 Executing VM operation: ParallelGCFailedAllocation
Event: 245.392 Executing VM operation: ParallelGCFailedAllocation done


Dynamic libraries:
0x000000013f0a0000 - 0x000000013f0d7000 	C:\Program Files\Java\jdk1.8.0_121\bin\javaw.exe
0x0000000077ba0000 - 0x0000000077d4a000 	C:\windows\SYSTEM32\ntdll.dll
0x0000000077980000 - 0x0000000077a9f000 	C:\windows\system32\kernel32.dll
0x000007fefd980000 - 0x000007fefd9ea000 	C:\windows\system32\KERNELBASE.dll
0x000007fefe880000 - 0x000007fefe95b000 	C:\windows\system32\ADVAPI32.dll
0x000007fefdc60000 - 0x000007fefdcff000 	C:\windows\system32\msvcrt.dll
0x000007fefe3d0000 - 0x000007fefe3ef000 	C:\windows\SYSTEM32\sechost.dll
0x000007fefe960000 - 0x000007fefea8d000 	C:\windows\system32\RPCRT4.dll
0x0000000077aa0000 - 0x0000000077b9a000 	C:\windows\system32\USER32.dll
0x000007fefe3f0000 - 0x000007fefe457000 	C:\windows\system32\GDI32.dll
0x000007fefea90000 - 0x000007fefea9e000 	C:\windows\system32\LPK.dll
0x000007fefee50000 - 0x000007fefef1a000 	C:\windows\system32\USP10.dll
0x000007fefbe00000 - 0x000007fefbff4000 	C:\windows\WinSxS\amd64_microsoft.windows.common-controls_6595b64144ccf1df_6.0.7601.18837_none_fa3b1e3d17594757\COMCTL32.dll
0x000007fefef20000 - 0x000007fefef91000 	C:\windows\system32\SHLWAPI.dll
0x000007fefed10000 - 0x000007fefed3e000 	C:\windows\system32\IMM32.DLL
0x000007fefed40000 - 0x000007fefee49000 	C:\windows\system32\MSCTF.dll
0x0000000068000000 - 0x0000000068056000 	C:\windows\system32\QIPCAP64.DLL
0x000007fefefa0000 - 0x000007feffd2a000 	C:\windows\system32\SHELL32.dll
0x000007fefce40000 - 0x000007fefce9b000 	C:\windows\system32\DNSAPI.dll
0x000007fefe500000 - 0x000007fefe54d000 	C:\windows\system32\WS2_32.dll
0x000007fefdc50000 - 0x000007fefdc58000 	C:\windows\system32\NSI.dll
0x0000000060230000 - 0x0000000060302000 	C:\Program Files\Java\jdk1.8.0_121\jre\bin\msvcr100.dll
0x000000006fbf0000 - 0x000000007048b000 	C:\Program Files\Java\jdk1.8.0_121\jre\bin\server\jvm.dll
0x000007fefb010000 - 0x000007fefb019000 	C:\windows\system32\WSOCK32.dll
0x000007fefb6a0000 - 0x000007fefb6db000 	C:\windows\system32\WINMM.dll
0x000007fefc960000 - 0x000007fefc96c000 	C:\windows\system32\VERSION.dll
0x0000000077d70000 - 0x0000000077d77000 	C:\windows\system32\PSAPI.DLL
0x00000000748e0000 - 0x00000000748ef000 	C:\Program Files\Java\jdk1.8.0_121\jre\bin\verify.dll
0x0000000073ee0000 - 0x0000000073f09000 	C:\Program Files\Java\jdk1.8.0_121\jre\bin\java.dll
0x0000000074380000 - 0x0000000074396000 	C:\Program Files\Java\jdk1.8.0_121\jre\bin\zip.dll
0x000007fefdfd0000 - 0x000007fefe1cc000 	C:\windows\system32\ole32.dll
0x000007fefd8a0000 - 0x000007fefd8af000 	C:\windows\system32\profapi.dll
0x0000000074360000 - 0x000000007437a000 	C:\Program Files\Java\jdk1.8.0_121\jre\bin\net.dll
0x000007fefd060000 - 0x000007fefd0b5000 	C:\windows\system32\mswsock.dll
0x000007fefd050000 - 0x000007fefd057000 	C:\windows\System32\wship6.dll
0x0000000073ec0000 - 0x0000000073ed1000 	C:\Program Files\Java\jdk1.8.0_121\jre\bin\nio.dll
0x000007fefd6d0000 - 0x000007fefd727000 	C:\windows\system32\apphelp.dll
0x00000000748f0000 - 0x00000000748fd000 	C:\Program Files\Java\jdk1.8.0_121\jre\bin\management.dll
0x000007fefb5d0000 - 0x000007fefb5e5000 	C:\windows\system32\NLAapi.dll
0x000007fef0060000 - 0x000007fef0075000 	C:\windows\system32\napinsp.dll
0x000007fef0040000 - 0x000007fef0059000 	C:\windows\system32\pnrpnsp.dll
0x000007fef0030000 - 0x000007fef003b000 	C:\windows\System32\winrnr.dll
0x000007fef0020000 - 0x000007fef0030000 	C:\windows\system32\wshbth.dll
0x000007fefca30000 - 0x000007fefca37000 	C:\windows\System32\wshtcpip.dll
0x000007fefb320000 - 0x000007fefb347000 	C:\windows\system32\IPHLPAPI.DLL
0x000007fefb310000 - 0x000007fefb31b000 	C:\windows\system32\WINNSI.DLL
0x000007fef7450000 - 0x000007fef7458000 	C:\windows\system32\rasadhlp.dll
0x000007fef8f50000 - 0x000007fef8fa3000 	C:\windows\System32\fwpuclnt.dll
0x000007fedafe0000 - 0x000007fedbd60000 	C:\Code\DataAnalysisBB\dataanalysis\SFResourceAllocator\lib\jniortools.dll
0x000007fef86b0000 - 0x000007fef874f000 	C:\windows\system32\MSVCP140.dll
0x000007fef87b0000 - 0x000007fef87c7000 	C:\windows\system32\VCRUNTIME140.dll
0x000007fefabd0000 - 0x000007fefabd4000 	C:\windows\system32\api-ms-win-crt-runtime-l1-1-0.dll
0x000007fef85b0000 - 0x000007fef86a4000 	C:\windows\system32\ucrtbase.DLL
0x000007fefa470000 - 0x000007fefa473000 	C:\windows\system32\api-ms-win-core-timezone-l1-1-0.dll
0x000007fef87a0000 - 0x000007fef87a3000 	C:\windows\system32\api-ms-win-core-file-l2-1-0.dll
0x000007fef8790000 - 0x000007fef8793000 	C:\windows\system32\api-ms-win-core-localization-l1-2-0.dll
0x000007fef85a0000 - 0x000007fef85a3000 	C:\windows\system32\api-ms-win-core-synch-l1-2-0.dll
0x000007fef8570000 - 0x000007fef8573000 	C:\windows\system32\api-ms-win-core-processthreads-l1-1-1.dll
0x000007fef8560000 - 0x000007fef8563000 	C:\windows\system32\api-ms-win-core-file-l1-2-0.dll
0x000007fef8550000 - 0x000007fef8554000 	C:\windows\system32\api-ms-win-crt-string-l1-1-0.dll
0x000007fef8540000 - 0x000007fef8543000 	C:\windows\system32\api-ms-win-crt-heap-l1-1-0.dll
0x000007fef8530000 - 0x000007fef8534000 	C:\windows\system32\api-ms-win-crt-stdio-l1-1-0.dll
0x000007fef8520000 - 0x000007fef8524000 	C:\windows\system32\api-ms-win-crt-convert-l1-1-0.dll
0x000007fef8510000 - 0x000007fef8513000 	C:\windows\system32\api-ms-win-crt-locale-l1-1-0.dll
0x000007fef8500000 - 0x000007fef8505000 	C:\windows\system32\api-ms-win-crt-math-l1-1-0.dll
0x000007fef84f0000 - 0x000007fef84f5000 	C:\windows\system32\api-ms-win-crt-multibyte-l1-1-0.dll
0x000007fef84e0000 - 0x000007fef84e3000 	C:\windows\system32\api-ms-win-crt-time-l1-1-0.dll
0x000007fef84d0000 - 0x000007fef84d3000 	C:\windows\system32\api-ms-win-crt-filesystem-l1-1-0.dll
0x000007fef84c0000 - 0x000007fef84c3000 	C:\windows\system32\api-ms-win-crt-environment-l1-1-0.dll
0x000007fef84b0000 - 0x000007fef84b3000 	C:\windows\system32\api-ms-win-crt-utility-l1-1-0.dll
0x000007fefb020000 - 0x000007fefb145000 	C:\windows\system32\dbghelp.dll

VM Arguments:
jvm_args: -Djava.library.path=lib -Dfile.encoding=Cp1252 
java_command: com.saiglobal.sf.allocator.main.ResourceAllocator -ai com.saiglobal.sf.allocator.implementation.ResourceAllocatorMIPMilkRunsUK -includePipeline false -logLevel DEBUG -cp noOfMonth:6
java_class_path (initial): C:\Code\DataAnalysisBB\dataanalysis\SFResourceAllocator\bin;C:\Code\DataAnalysis\SFResourceAllocator\lib\org.apache.log4j_1.2.13.v200903072027.jar;C:\Code\DataAnalysisBB\dataanalysis\SFCore\bin;C:\Code\DataAnalysis\SFCore\lib\commons-cli-1.2.jar;C:\Code\DataAnalysis\SFCore\lib\commons-logging-1.1.3.jar;C:\Code\DataAnalysis\SFCore\lib\geocoder-java-0.15.jar;C:\Code\DataAnalysis\SFCore\lib\gson-2.2.4.jar;C:\Code\DataAnalysis\SFCore\lib\org.apache.log4j_1.2.13.v200903072027.jar;C:\Code\DataAnalysis\SFCore\lib\jsch-0.1.50.jar;C:\Code\DataAnalysis\SFCore\lib\sqljdbc4.jar;C:\Code\DataAnalysis\SFCore\lib\javax.mail.jar;C:\Code\DataAnalysis\SFCore\lib\mysql-connector-java-5.1.35-bin.jar;C:\Code\DataAnalysis\SFCore\lib\commons-lang-2.5.jar;C:\Code\DataAnalysis\SFCore\lib\force-wsc-32.0.0.jar;C:\Code\DataAnalysis\SFCore\lib\wsc.partner.32.jar;C:\Code\DataAnalysisBB\dataanalysis\SFResourceAllocator\lib\com.google.ortools.jar;C:\Code\DataAnalysisBB\dataanalysis\SFResourceAllocator\lib\protobuf.jar
Launcher Type: SUN_STANDARD

Environment Variables:
PATH=C:/Program Files/Java/jre1.8.0_121/bin/server;C:/Program Files/Java/jre1.8.0_121/bin;C:/Program Files/Java/jre1.8.0_121/lib/amd64;C:\ProgramData\Oracle\Java\javapath;C:\windows\system32;C:\windows;C:\windows\System32\Wbem;C:\windows\System32\WindowsPowerShell\v1.0\;C:\Program Files (x86)\Common Files\Roxio Shared\DLLShared\;C:\Program Files (x86)\Common Files\Roxio Shared\10.0\DLLShared\;C:\Program Files (x86)\ATI Technologies\ATI.ACE\Core-Static;C:\Program Files (x86)\MySQL\MySQL Utilities 1.4\;C:\Program Files (x86)\MySQL\MySQL Utilities 1.4\Doctrine extensions for PHP\;C:\Program Files\nodejs\;C:\TDM-GCC-64\bin;C:\Users\conluc0\AppData\Local\Continuum\Anaconda;C:\Users\conluc0\AppData\Local\Continuum\Anaconda\Scripts;C:\Users\conluc0\AppData\Roaming\npm;C:\TDM-GCC-64\bin;C:\eclipse;
USERNAME=conluc0
OS=Windows_NT
PROCESSOR_IDENTIFIER=Intel64 Family 6 Model 69 Stepping 1, GenuineIntel



---------------  S Y S T E M  ---------------

OS: Windows 7 , 64 bit Build 7601 (6.1.7601.23714)

CPU:total 4 (2 cores per cpu, 2 threads per core) family 6 model 69 stepping 1, cmov, cx8, fxsr, mmx, sse, sse2, sse3, ssse3, sse4.1, sse4.2, popcnt, avx, avx2, aes, clmul, erms, lzcnt, ht, tsc, tscinvbit, bmi1, bmi2

Memory: 4k page, physical 8283244k(90752k free), swap 32932568k(1277600k free)

vm_info: Java HotSpot(TM) 64-Bit Server VM (25.121-b13) for windows-amd64 JRE (1.8.0_121-b13), built on Dec 12 2016 18:21:36 by "java_re" with MS VC++ 10.0 (VS2010)

time: Tue May 16 13:08:59 2017
elapsed time: 630 seconds (0d 0h 10m 30s)

