#
# A fatal error has been detected by the Java Runtime Environment:
#
#  EXCEPTION_ACCESS_VIOLATION (0xc0000005) at pc=0x000007fecc0f1b20, pid=8072, tid=0x0000000000001b58
#
# JRE version: Java(TM) SE Runtime Environment (8.0_121-b13) (build 1.8.0_121-b13)
# Java VM: Java HotSpot(TM) 64-Bit Server VM (25.121-b13 mixed mode windows-amd64 compressed oops)
# Problematic frame:
# C  [jniortools.dll+0x441b20]
#
# Failed to write core dump. Minidumps are not enabled by default on client versions of Windows
#
# If you would like to submit a bug report, please visit:
#   http://bugreport.java.com/bugreport/crash.jsp
# The crash happened outside the Java Virtual Machine in native code.
# See problematic frame for where to report the bug.
#

---------------  T H R E A D  ---------------

Current thread (0x0000000002370800):  JavaThread "main" [_thread_in_native, id=7000, stack(0x0000000002640000,0x0000000002740000)]

siginfo: ExceptionCode=0xc0000005, reading address 0x0000000000000000

Registers:
RAX=0x0000000000000000, RBX=0x00000000003a6000, RCX=0x8fb9d09d91950000, RDX=0x000007fee79255f0
RSP=0x000000000273ef00, RBP=0x000000000273f000, RSI=0x0000000000000000, RDI=0x0000000000000000
R8 =0x000000000273d658, R9 =0x00000001049a0e51, R10=0x0000000000000000, R11=0x000000000273eec0
R12=0x0000000000000001, R13=0x0000000068978a00, R14=0x0000000000000000, R15=0x0000000000000000
RIP=0x000007fecc0f1b20, EFLAGS=0x0000000000010206

Top of Stack: (sp=0x000000000273ef00)
0x000000000273ef00:   3fe0000000000000 000000000273ef68
0x000000000273ef10:   00000000003a6000 00000000700ec737
0x000000000273ef20:   0000000000000000 0000000100000000
0x000000000273ef30:   0000000000000000 00000000003a6000
0x000000000273ef40:   0000000000000000 fffffffffffffffe
0x000000000273ef50:   000000000236f730 00000000700aca9b
0x000000000273ef60:   000000000273f648 0000000000000000
0x000000000273ef70:   0000000000000000 0000000000000000
0x000000000273ef80:   00000000000000b8 0000000002370800
0x000000000273ef90:   0000000002367070 00000000700ec78c
0x000000000273efa0:   00000000000000b6 00008fb9d2ee7e95
0x000000000273efb0:   0000000000000000 0000000000000000
0x000000000273efc0:   0000000000000001 0000000000000000
0x000000000273efd0:   0000000000000000 0000000000000000
0x000000000273efe0:   00000000e28557b0 0000000000000000
0x000000000273eff0:   000000006f05b59d 0000000000000000 

Instructions: (pc=0x000007fecc0f1b20)
0x000007fecc0f1b00:   0f b6 64 24 2c 66 66 66 0f 1f 84 00 00 00 00 00
0x000007fecc0f1b10:   48 8b 83 b0 00 00 00 4e 8b 2c f8 48 8b 44 24 68
0x000007fecc0f1b20:   f2 46 0f 10 04 f8 41 0f 28 fb 49 8b 5d 08 48 8b
0x000007fecc0f1b30:   1b 49 8b 7d 08 48 3b df 74 61 66 0f 1f 44 00 00 


Register to memory mapping:

RAX=0x0000000000000000 is an unknown value
RBX=0x00000000003a6000 is an unknown value
RCX=0x8fb9d09d91950000 is an unknown value
RDX=0x000007fee79255f0 is an unknown value
RSP=0x000000000273ef00 is pointing into the stack for thread: 0x0000000002370800
RBP=0x000000000273f000 is pointing into the stack for thread: 0x0000000002370800
RSI=0x0000000000000000 is an unknown value
RDI=0x0000000000000000 is an unknown value
R8 =0x000000000273d658 is pointing into the stack for thread: 0x0000000002370800
R9 =0x00000001049a0e51 is an unknown value
R10=0x0000000000000000 is an unknown value
R11=0x000000000273eec0 is pointing into the stack for thread: 0x0000000002370800
R12=0x0000000000000001 is an unknown value
R13=0x0000000068978a00 is an unknown value
R14=0x0000000000000000 is an unknown value
R15=0x0000000000000000 is an unknown value


Stack: [0x0000000002640000,0x0000000002740000],  sp=0x000000000273ef00,  free space=1019k
Native frames: (J=compiled Java code, j=interpreted, Vv=VM code, C=native code)
C  [jniortools.dll+0x441b20]
C  0x0000000002a27f54

Java frames: (J=compiled Java code, j=interpreted, Vv=VM code)
j  com.google.ortools.linearsolver.operations_research_linear_solverJNI.MPSolver_verifySolution(JLcom/google/ortools/linearsolver/MPSolver;DZ)Z+0
j  com.google.ortools.linearsolver.MPSolver.verifySolution(DZ)Z+7
j  com.saiglobal.sf.allocator.processor.PizzaHutMIPProcessor.solve(Z)[[[Lcom/google/ortools/linearsolver/MPVariable;+2341
j  com.saiglobal.sf.allocator.processor.PizzaHutMIPProcessor.execute()V+367
j  com.saiglobal.sf.allocator.main.ResourceAllocator.main([Ljava/lang/String;)V+382
v  ~StubRoutines::call_stub

---------------  P R O C E S S  ---------------

Java Threads: ( => current thread )
  0x000000005a776800 JavaThread "task-result-getter-3" daemon [_thread_blocked, id=11040, stack(0x000000006b700000,0x000000006b800000)]
  0x000000005a775800 JavaThread "task-result-getter-2" daemon [_thread_blocked, id=4156, stack(0x000000006b5b0000,0x000000006b6b0000)]
  0x000000005a775000 JavaThread "task-result-getter-1" daemon [_thread_blocked, id=10160, stack(0x0000000063a50000,0x0000000063b50000)]
  0x000000005a774000 JavaThread "task-result-getter-0" daemon [_thread_blocked, id=2184, stack(0x000000006b1f0000,0x000000006b2f0000)]
  0x000000005c356800 JavaThread "org.apache.hadoop.fs.FileSystem$Statistics$StatisticsDataReferenceCleaner" daemon [_thread_blocked, id=10516, stack(0x0000000063150000,0x0000000063250000)]
  0x000000005c356000 JavaThread "SparkListenerBus" daemon [_thread_blocked, id=4900, stack(0x000000005fec0000,0x000000005ffc0000)]
  0x000000005aa55800 JavaThread "context-cleaner-periodic-gc" daemon [_thread_blocked, id=9248, stack(0x0000000061090000,0x0000000061190000)]
  0x000000005aa55000 JavaThread "Spark Context Cleaner" daemon [_thread_blocked, id=11828, stack(0x0000000062860000,0x0000000062960000)]
  0x000000005aa54000 JavaThread "shuffle-server-5-1" daemon [_thread_in_native, id=8776, stack(0x00000000611b0000,0x00000000612b0000)]
  0x000000005aa53800 JavaThread "driver-heartbeater" daemon [_thread_blocked, id=12604, stack(0x000000005ffc0000,0x00000000600c0000)]
  0x000000005aa52800 JavaThread "dag-scheduler-event-loop" daemon [_thread_blocked, id=9868, stack(0x000000005fd60000,0x000000005fe60000)]
  0x000000005aa52000 JavaThread "netty-rpc-env-timeout" daemon [_thread_blocked, id=6368, stack(0x000000005fc50000,0x000000005fd50000)]
  0x000000005aa51000 JavaThread "Timer-0" daemon [_thread_blocked, id=8880, stack(0x000000005f150000,0x000000005f250000)]
  0x000000005aa50800 JavaThread "heartbeat-receiver-event-loop-thread" daemon [_thread_blocked, id=9920, stack(0x000000005fad0000,0x000000005fbd0000)]
  0x000000005aa4f800 JavaThread "SparkUI-41" daemon [_thread_blocked, id=11900, stack(0x000000005f6c0000,0x000000005f7c0000)]
  0x000000005aa4f000 JavaThread "SparkUI-40" daemon [_thread_blocked, id=11636, stack(0x000000005f540000,0x000000005f640000)]
  0x000000005aa4e000 JavaThread "SparkUI-39" daemon [_thread_blocked, id=6684, stack(0x000000005f010000,0x000000005f110000)]
  0x000000005aa4d800 JavaThread "SparkUI-38" daemon [_thread_blocked, id=12692, stack(0x000000005f2a0000,0x000000005f3a0000)]
  0x000000005aa4c800 JavaThread "SparkUI-37" daemon [_thread_blocked, id=1156, stack(0x000000005dc90000,0x000000005dd90000)]
  0x000000005aa4c000 JavaThread "SparkUI-36-acceptor-0@2511ee68-ServerConnector@2bd604ba{HTTP/1.1,[http/1.1]}{0.0.0.0:4040}" daemon [_thread_in_native, id=10940, stack(0x000000005eef0000,0x000000005eff0000)]
  0x000000005aa4b000 JavaThread "SparkUI-35" daemon [_thread_in_native, id=7380, stack(0x000000005ed30000,0x000000005ee30000)]
  0x000000005aa4a800 JavaThread "SparkUI-34" daemon [_thread_in_native, id=12616, stack(0x000000005eb70000,0x000000005ec70000)]
  0x000000005aa49800 JavaThread "map-output-dispatcher-7" daemon [_thread_blocked, id=3496, stack(0x000000005e7a0000,0x000000005e8a0000)]
  0x000000005aa49000 JavaThread "map-output-dispatcher-6" daemon [_thread_blocked, id=13004, stack(0x000000005e5a0000,0x000000005e6a0000)]
  0x000000005aa48000 JavaThread "map-output-dispatcher-5" daemon [_thread_blocked, id=8308, stack(0x000000005e3c0000,0x000000005e4c0000)]
  0x000000005aa47800 JavaThread "map-output-dispatcher-4" daemon [_thread_blocked, id=3040, stack(0x000000005e280000,0x000000005e380000)]
  0x000000005aa46800 JavaThread "map-output-dispatcher-3" daemon [_thread_blocked, id=9356, stack(0x000000005e170000,0x000000005e270000)]
  0x000000005ab83800 JavaThread "map-output-dispatcher-2" daemon [_thread_blocked, id=4240, stack(0x000000005dff0000,0x000000005e0f0000)]
  0x000000005ab83000 JavaThread "map-output-dispatcher-1" daemon [_thread_blocked, id=10128, stack(0x000000005de50000,0x000000005df50000)]
  0x000000005ab80800 JavaThread "map-output-dispatcher-0" daemon [_thread_blocked, id=11480, stack(0x00000000592f0000,0x00000000593f0000)]
  0x000000005abfe000 JavaThread "rpc-server-3-1" daemon [_thread_in_native, id=10376, stack(0x000000005b520000,0x000000005b620000)]
  0x000000005b08a800 JavaThread "dispatcher-event-loop-3" daemon [_thread_blocked, id=4320, stack(0x000000005d980000,0x000000005da80000)]
  0x000000005b088000 JavaThread "dispatcher-event-loop-2" daemon [_thread_blocked, id=10664, stack(0x0000000059520000,0x0000000059620000)]
  0x000000005af26000 JavaThread "dispatcher-event-loop-1" daemon [_thread_blocked, id=12184, stack(0x000000005d790000,0x000000005d890000)]
  0x000000005b496000 JavaThread "dispatcher-event-loop-0" daemon [_thread_blocked, id=11716, stack(0x000000005b890000,0x000000005b990000)]
  0x000000005adc8000 JavaThread "Abandoned connection cleanup thread" daemon [_thread_blocked, id=12200, stack(0x0000000059b40000,0x0000000059c40000)]
  0x0000000058c86800 JavaThread "Service Thread" daemon [_thread_blocked, id=6896, stack(0x0000000059a10000,0x0000000059b10000)]
  0x0000000058c15800 JavaThread "C1 CompilerThread2" daemon [_thread_blocked, id=10320, stack(0x0000000059830000,0x0000000059930000)]
  0x0000000058c14000 JavaThread "C2 CompilerThread1" daemon [_thread_blocked, id=3196, stack(0x0000000059650000,0x0000000059750000)]
  0x0000000058bf8000 JavaThread "C2 CompilerThread0" daemon [_thread_blocked, id=10308, stack(0x00000000593f0000,0x00000000594f0000)]
  0x0000000058bf7000 JavaThread "Attach Listener" daemon [_thread_blocked, id=8620, stack(0x00000000591d0000,0x00000000592d0000)]
  0x0000000058bf3800 JavaThread "Signal Dispatcher" daemon [_thread_blocked, id=6036, stack(0x00000000590b0000,0x00000000591b0000)]
  0x0000000057743800 JavaThread "Finalizer" daemon [_thread_blocked, id=11216, stack(0x0000000058af0000,0x0000000058bf0000)]
  0x00000000576fc800 JavaThread "Reference Handler" daemon [_thread_blocked, id=8564, stack(0x0000000058940000,0x0000000058a40000)]
=>0x0000000002370800 JavaThread "main" [_thread_in_native, id=7000, stack(0x0000000002640000,0x0000000002740000)]

Other Threads:
  0x00000000576f5000 VMThread [stack: 0x00000000586b0000,0x00000000587b0000] [id=7244]
  0x0000000058ce8000 WatcherThread [stack: 0x0000000059c40000,0x0000000059d40000] [id=836]

VM state:not at safepoint (normal execution)

VM Mutex/Monitor currently owned by a thread: None

Heap:
 PSYoungGen      total 670720K, used 273647K [0x00000000d5d80000, 0x0000000100000000, 0x0000000100000000)
  eden space 650752K, 40% used [0x00000000d5d80000,0x00000000e5c694b8,0x00000000fd900000)
  from space 19968K, 63% used [0x00000000fd900000,0x00000000fe552928,0x00000000fec80000)
  to   space 19456K, 0% used [0x00000000fed00000,0x00000000fed00000,0x0000000100000000)
 ParOldGen       total 105472K, used 50884K [0x0000000081800000, 0x0000000087f00000, 0x00000000d5d80000)
  object space 105472K, 48% used [0x0000000081800000,0x00000000849b1158,0x0000000087f00000)
 Metaspace       used 82163K, capacity 84070K, committed 84264K, reserved 1122304K
  class space    used 11325K, capacity 11731K, committed 11824K, reserved 1048576K

Card table byte_map: [0x0000000011dd0000,0x00000000121d0000] byte_map_base: 0x00000000119c4000

Marking Bits: (ParMarkBitMap*) 0x000000007080b6d0
 Begin Bits: [0x0000000012a20000, 0x00000000149c0000)
 End Bits:   [0x00000000149c0000, 0x0000000016960000)

Polling page: 0x0000000002430000

CodeCache: size=245760Kb used=47178Kb max_used=47703Kb free=198581Kb
 bounds [0x0000000002a10000, 0x00000000058f0000, 0x0000000011a10000]
 total_blobs=14250 nmethods=13508 adapters=650
 compilation: enabled

Compilation events (10 events):
Event: 274.228 Thread 0x0000000058c14000 16399       4       org.apache.spark.ContextCleaner$$anonfun$org$apache$spark$ContextCleaner$$keepCleaning$1$$anonfun$apply$mcV$sp$1::<init> (16 bytes)
Event: 274.229 Thread 0x0000000058c14000 nmethod 16399 0x000000000585e990 code [0x000000000585eac0, 0x000000000585eb38]
Event: 329.946 Thread 0x0000000058c15800 16400       3       org.apache.spark.scheduler.SparkListener::onExecutorMetricsUpdate (1 bytes)
Event: 329.947 Thread 0x0000000058c15800 nmethod 16400 0x0000000004183390 code [0x00000000041834e0, 0x0000000004183630]
Event: 369.959 Thread 0x0000000058c15800 16401       3       java.util.concurrent.locks.AbstractQueuedSynchronizer$ConditionObject::addConditionWaiter (64 bytes)
Event: 369.960 Thread 0x0000000058c15800 nmethod 16401 0x0000000002bab8d0 code [0x0000000002baba60, 0x0000000002babe88]
Event: 389.953 Thread 0x0000000058bf8000 16402   !   4       java.util.concurrent.ThreadPoolExecutor::getTask (179 bytes)
Event: 389.999 Thread 0x0000000058bf8000 nmethod 16402 0x0000000003e7c650 code [0x0000000003e7c920, 0x0000000003e7e1f8]
Event: 419.944 Thread 0x0000000058c14000 16403       4       java.util.concurrent.locks.ReentrantLock$Sync::nonfairTryAcquire (67 bytes)
Event: 419.946 Thread 0x0000000058c14000 nmethod 16403 0x00000000058865d0 code [0x0000000005886700, 0x00000000058867d8]

GC Heap History (10 events):
Event: 106.842 GC heap before
{Heap before GC invocations=26 (full 3):
 PSYoungGen      total 674304K, used 670614K [0x00000000d5d80000, 0x0000000100000000, 0x0000000100000000)
  eden space 658944K, 100% used [0x00000000d5d80000,0x00000000fe100000,0x00000000fe100000)
  from space 15360K, 75% used [0x00000000ff100000,0x00000000ffc658e8,0x0000000100000000)
  to   space 15872K, 0% used [0x00000000fe100000,0x00000000fe100000,0x00000000ff080000)
 ParOldGen       total 105472K, used 45308K [0x0000000081800000, 0x0000000087f00000, 0x00000000d5d80000)
  object space 105472K, 42% used [0x0000000081800000,0x000000008443f128,0x0000000087f00000)
 Metaspace       used 81283K, capacity 82888K, committed 83112K, reserved 1120256K
  class space    used 11251K, capacity 11598K, committed 11696K, reserved 1048576K
Event: 106.863 GC heap after
Heap after GC invocations=26 (full 3):
 PSYoungGen      total 671744K, used 12708K [0x00000000d5d80000, 0x0000000100000000, 0x0000000100000000)
  eden space 658944K, 0% used [0x00000000d5d80000,0x00000000d5d80000,0x00000000fe100000)
  from space 12800K, 99% used [0x00000000fe100000,0x00000000fed69190,0x00000000fed80000)
  to   space 16896K, 0% used [0x00000000fef80000,0x00000000fef80000,0x0000000100000000)
 ParOldGen       total 105472K, used 45316K [0x0000000081800000, 0x0000000087f00000, 0x00000000d5d80000)
  object space 105472K, 42% used [0x0000000081800000,0x0000000084441128,0x0000000087f00000)
 Metaspace       used 81283K, capacity 82888K, committed 83112K, reserved 1120256K
  class space    used 11251K, capacity 11598K, committed 11696K, reserved 1048576K
}
Event: 108.881 GC heap before
{Heap before GC invocations=27 (full 3):
 PSYoungGen      total 671744K, used 670177K [0x00000000d5d80000, 0x0000000100000000, 0x0000000100000000)
  eden space 658944K, 99% used [0x00000000d5d80000,0x00000000fdf8f5b0,0x00000000fe100000)
  from space 12800K, 99% used [0x00000000fe100000,0x00000000fed69190,0x00000000fed80000)
  to   space 16896K, 0% used [0x00000000fef80000,0x00000000fef80000,0x0000000100000000)
 ParOldGen       total 105472K, used 45316K [0x0000000081800000, 0x0000000087f00000, 0x00000000d5d80000)
  object space 105472K, 42% used [0x0000000081800000,0x0000000084441128,0x0000000087f00000)
 Metaspace       used 81460K, capacity 83144K, committed 83368K, reserved 1120256K
  class space    used 11269K, capacity 11630K, committed 11696K, reserved 1048576K
Event: 108.898 GC heap after
Heap after GC invocations=27 (full 3):
 PSYoungGen      total 671744K, used 14359K [0x00000000d5d80000, 0x0000000100000000, 0x0000000100000000)
  eden space 654848K, 0% used [0x00000000d5d80000,0x00000000d5d80000,0x00000000fdd00000)
  from space 16896K, 84% used [0x00000000fef80000,0x00000000ffd85e80,0x0000000100000000)
  to   space 17920K, 0% used [0x00000000fdd00000,0x00000000fdd00000,0x00000000fee80000)
 ParOldGen       total 105472K, used 45324K [0x0000000081800000, 0x0000000087f00000, 0x00000000d5d80000)
  object space 105472K, 42% used [0x0000000081800000,0x0000000084443128,0x0000000087f00000)
 Metaspace       used 81460K, capacity 83144K, committed 83368K, reserved 1120256K
  class space    used 11269K, capacity 11630K, committed 11696K, reserved 1048576K
}
Event: 110.634 GC heap before
{Heap before GC invocations=28 (full 3):
 PSYoungGen      total 671744K, used 669207K [0x00000000d5d80000, 0x0000000100000000, 0x0000000100000000)
  eden space 654848K, 100% used [0x00000000d5d80000,0x00000000fdd00000,0x00000000fdd00000)
  from space 16896K, 84% used [0x00000000fef80000,0x00000000ffd85e80,0x0000000100000000)
  to   space 17920K, 0% used [0x00000000fdd00000,0x00000000fdd00000,0x00000000fee80000)
 ParOldGen       total 105472K, used 45324K [0x0000000081800000, 0x0000000087f00000, 0x00000000d5d80000)
  object space 105472K, 42% used [0x0000000081800000,0x0000000084443128,0x0000000087f00000)
 Metaspace       used 81673K, capacity 83452K, committed 83624K, reserved 1122304K
  class space    used 11286K, capacity 11660K, committed 11696K, reserved 1048576K
Event: 110.682 GC heap after
Heap after GC invocations=28 (full 3):
 PSYoungGen      total 670720K, used 15365K [0x00000000d5d80000, 0x0000000100000000, 0x0000000100000000)
  eden space 654848K, 0% used [0x00000000d5d80000,0x00000000d5d80000,0x00000000fdd00000)
  from space 15872K, 96% used [0x00000000fdd00000,0x00000000fec015b8,0x00000000fec80000)
  to   space 18944K, 0% used [0x00000000fed80000,0x00000000fed80000,0x0000000100000000)
 ParOldGen       total 105472K, used 45324K [0x0000000081800000, 0x0000000087f00000, 0x00000000d5d80000)
  object space 105472K, 42% used [0x0000000081800000,0x0000000084443128,0x0000000087f00000)
 Metaspace       used 81673K, capacity 83452K, committed 83624K, reserved 1122304K
  class space    used 11286K, capacity 11660K, committed 11696K, reserved 1048576K
}
Event: 112.589 GC heap before
{Heap before GC invocations=29 (full 3):
 PSYoungGen      total 670720K, used 670213K [0x00000000d5d80000, 0x0000000100000000, 0x0000000100000000)
  eden space 654848K, 100% used [0x00000000d5d80000,0x00000000fdd00000,0x00000000fdd00000)
  from space 15872K, 96% used [0x00000000fdd00000,0x00000000fec015b8,0x00000000fec80000)
  to   space 18944K, 0% used [0x00000000fed80000,0x00000000fed80000,0x0000000100000000)
 ParOldGen       total 105472K, used 45324K [0x0000000081800000, 0x0000000087f00000, 0x00000000d5d80000)
  object space 105472K, 42% used [0x0000000081800000,0x0000000084443128,0x0000000087f00000)
 Metaspace       used 81886K, capacity 83702K, committed 83880K, reserved 1122304K
  class space    used 11303K, capacity 11691K, committed 11696K, reserved 1048576K
Event: 112.616 GC heap after
Heap after GC invocations=29 (full 3):
 PSYoungGen      total 669696K, used 14362K [0x00000000d5d80000, 0x0000000100000000, 0x0000000100000000)
  eden space 650752K, 0% used [0x00000000d5d80000,0x00000000d5d80000,0x00000000fd900000)
  from space 18944K, 75% used [0x00000000fed80000,0x00000000ffb86aa8,0x0000000100000000)
  to   space 19968K, 0% used [0x00000000fd900000,0x00000000fd900000,0x00000000fec80000)
 ParOldGen       total 105472K, used 47964K [0x0000000081800000, 0x0000000087f00000, 0x00000000d5d80000)
  object space 105472K, 45% used [0x0000000081800000,0x00000000846d7128,0x0000000087f00000)
 Metaspace       used 81886K, capacity 83702K, committed 83880K, reserved 1122304K
  class space    used 11303K, capacity 11691K, committed 11696K, reserved 1048576K
}
Event: 114.500 GC heap before
{Heap before GC invocations=30 (full 3):
 PSYoungGen      total 669696K, used 665114K [0x00000000d5d80000, 0x0000000100000000, 0x0000000100000000)
  eden space 650752K, 100% used [0x00000000d5d80000,0x00000000fd900000,0x00000000fd900000)
  from space 18944K, 75% used [0x00000000fed80000,0x00000000ffb86aa8,0x0000000100000000)
  to   space 19968K, 0% used [0x00000000fd900000,0x00000000fd900000,0x00000000fec80000)
 ParOldGen       total 105472K, used 47964K [0x0000000081800000, 0x0000000087f00000, 0x00000000d5d80000)
  object space 105472K, 45% used [0x0000000081800000,0x00000000846d7128,0x0000000087f00000)
 Metaspace       used 82070K, capacity 83946K, committed 84264K, reserved 1122304K
  class space    used 11320K, capacity 11721K, committed 11824K, reserved 1048576K
Event: 114.522 GC heap after
Heap after GC invocations=30 (full 3):
 PSYoungGen      total 670720K, used 12618K [0x00000000d5d80000, 0x0000000100000000, 0x0000000100000000)
  eden space 650752K, 0% used [0x00000000d5d80000,0x00000000d5d80000,0x00000000fd900000)
  from space 19968K, 63% used [0x00000000fd900000,0x00000000fe552928,0x00000000fec80000)
  to   space 19456K, 0% used [0x00000000fed00000,0x00000000fed00000,0x0000000100000000)
 ParOldGen       total 105472K, used 50884K [0x0000000081800000, 0x0000000087f00000, 0x00000000d5d80000)
  object space 105472K, 48% used [0x0000000081800000,0x00000000849b1158,0x0000000087f00000)
 Metaspace       used 82070K, capacity 83946K, committed 84264K, reserved 1122304K
  class space    used 11320K, capacity 11721K, committed 11824K, reserved 1048576K
}

Deoptimization events (10 events):
Event: 175.300 Thread 0x000000005c359000 Uncommon trap: reason=unstable_if action=reinterpret pc=0x0000000005017aa4 method=java.util.concurrent.SynchronousQueue.poll(JLjava/util/concurrent/TimeUnit;)Ljava/lang/Object; @ 18
Event: 175.314 Thread 0x0000000061fe1000 Uncommon trap: reason=unstable_if action=reinterpret pc=0x0000000003a3920c method=java.util.concurrent.SynchronousQueue$TransferStack.awaitFulfill(Ljava/util/concurrent/SynchronousQueue$TransferStack$SNode;ZJ)Ljava/util/concurrent/SynchronousQueue$Transfe
Event: 175.314 Thread 0x0000000061fe1000 Uncommon trap: reason=unstable_if action=reinterpret pc=0x0000000005017aa4 method=java.util.concurrent.SynchronousQueue.poll(JLjava/util/concurrent/TimeUnit;)Ljava/lang/Object; @ 18
Event: 175.315 Thread 0x0000000064b55000 Uncommon trap: reason=unstable_if action=reinterpret pc=0x0000000003a3920c method=java.util.concurrent.SynchronousQueue$TransferStack.awaitFulfill(Ljava/util/concurrent/SynchronousQueue$TransferStack$SNode;ZJ)Ljava/util/concurrent/SynchronousQueue$Transfe
Event: 175.315 Thread 0x0000000064b55000 Uncommon trap: reason=unstable_if action=reinterpret pc=0x0000000005017aa4 method=java.util.concurrent.SynchronousQueue.poll(JLjava/util/concurrent/TimeUnit;)Ljava/lang/Object; @ 18
Event: 175.315 Thread 0x0000000061fe1800 Uncommon trap: reason=unstable_if action=reinterpret pc=0x0000000003a3920c method=java.util.concurrent.SynchronousQueue$TransferStack.awaitFulfill(Ljava/util/concurrent/SynchronousQueue$TransferStack$SNode;ZJ)Ljava/util/concurrent/SynchronousQueue$Transfe
Event: 175.315 Thread 0x0000000061fe1800 Uncommon trap: reason=unstable_if action=reinterpret pc=0x0000000005017aa4 method=java.util.concurrent.SynchronousQueue.poll(JLjava/util/concurrent/TimeUnit;)Ljava/lang/Object; @ 18
Event: 175.315 Thread 0x0000000061fde000 Uncommon trap: reason=unstable_if action=reinterpret pc=0x0000000003a3920c method=java.util.concurrent.SynchronousQueue$TransferStack.awaitFulfill(Ljava/util/concurrent/SynchronousQueue$TransferStack$SNode;ZJ)Ljava/util/concurrent/SynchronousQueue$Transfe
Event: 175.315 Thread 0x0000000061fde000 Uncommon trap: reason=unstable_if action=reinterpret pc=0x0000000005017aa4 method=java.util.concurrent.SynchronousQueue.poll(JLjava/util/concurrent/TimeUnit;)Ljava/lang/Object; @ 18
Event: 248.419 Thread 0x000000005aa4d800 Uncommon trap: reason=unstable_if action=reinterpret pc=0x0000000004d80584 method=java.util.concurrent.locks.AbstractQueuedSynchronizer$ConditionObject.addConditionWaiter()Ljava/util/concurrent/locks/AbstractQueuedSynchronizer$Node; @ 15

Internal exceptions (10 events):
Event: 175.138 Thread 0x000000005a777000 Implicit null exception at 0x0000000005017187 to 0x0000000005017a91
Event: 175.139 Thread 0x000000006035c000 Implicit null exception at 0x0000000005017187 to 0x0000000005017a91
Event: 175.139 Thread 0x0000000064b56800 Implicit null exception at 0x0000000005017187 to 0x0000000005017a91
Event: 175.139 Thread 0x0000000061fe0000 Implicit null exception at 0x0000000005017187 to 0x0000000005017a91
Event: 175.299 Thread 0x000000005c358000 Implicit null exception at 0x0000000005017187 to 0x0000000005017a91
Event: 175.300 Thread 0x000000005c359000 Implicit null exception at 0x0000000005017187 to 0x0000000005017a91
Event: 175.314 Thread 0x0000000061fe1000 Implicit null exception at 0x0000000005017187 to 0x0000000005017a91
Event: 175.315 Thread 0x0000000064b55000 Implicit null exception at 0x0000000005017187 to 0x0000000005017a91
Event: 175.315 Thread 0x0000000061fe1800 Implicit null exception at 0x0000000005017187 to 0x0000000005017a91
Event: 175.315 Thread 0x0000000061fde000 Implicit null exception at 0x0000000005017187 to 0x0000000005017a91

Events (10 events):
Event: 369.960 Thread 0x0000000058c15800 flushing nmethod 0x000000000361bf90
Event: 369.960 Thread 0x0000000058c15800 flushing nmethod 0x0000000003671a10
Event: 369.960 Thread 0x0000000058c15800 flushing nmethod 0x0000000003734690
Event: 369.960 Thread 0x0000000058c15800 flushing nmethod 0x0000000003737290
Event: 369.960 Thread 0x0000000058c15800 flushing nmethod 0x000000000376a750
Event: 389.999 Thread 0x0000000058bf8000 flushing nmethod 0x0000000003800350
Event: 389.999 Thread 0x0000000058bf8000 flushing nmethod 0x000000000384c7d0
Event: 390.000 Thread 0x0000000058bf8000 flushing nmethod 0x00000000039d0ad0
Event: 419.947 Thread 0x0000000058c14000 flushing nmethod 0x0000000003b3c350
Event: 419.947 Thread 0x0000000058c14000 flushing nmethod 0x0000000003b40e10


Dynamic libraries:
0x000000013f2a0000 - 0x000000013f2d7000 	C:\Program Files\Java\jdk1.8.0_121\bin\javaw.exe
0x0000000077230000 - 0x00000000773da000 	C:\windows\SYSTEM32\ntdll.dll
0x0000000077110000 - 0x000000007722f000 	C:\windows\system32\kernel32.dll
0x000007fefd1e0000 - 0x000007fefd24a000 	C:\windows\system32\KERNELBASE.dll
0x000007fefec50000 - 0x000007fefed2b000 	C:\windows\system32\ADVAPI32.dll
0x000007fefe220000 - 0x000007fefe2bf000 	C:\windows\system32\msvcrt.dll
0x000007fefe8a0000 - 0x000007fefe8bf000 	C:\windows\SYSTEM32\sechost.dll
0x000007feff220000 - 0x000007feff34d000 	C:\windows\system32\RPCRT4.dll
0x0000000077010000 - 0x000000007710a000 	C:\windows\system32\USER32.dll
0x000007fefd2e0000 - 0x000007fefd347000 	C:\windows\system32\GDI32.dll
0x000007fefd480000 - 0x000007fefd48e000 	C:\windows\system32\LPK.dll
0x000007fefd350000 - 0x000007fefd41b000 	C:\windows\system32\USP10.dll
0x000007fefc770000 - 0x000007fefc964000 	C:\windows\WinSxS\amd64_microsoft.windows.common-controls_6595b64144ccf1df_6.0.7601.18837_none_fa3b1e3d17594757\COMCTL32.dll
0x000007fefe820000 - 0x000007fefe891000 	C:\windows\system32\SHLWAPI.dll
0x000007feff1f0000 - 0x000007feff21e000 	C:\windows\system32\IMM32.DLL
0x000007feff430000 - 0x000007feff539000 	C:\windows\system32\MSCTF.dll
0x0000000068000000 - 0x000000006805e000 	C:\windows\System32\QIPCAP64.dll
0x000007fefd490000 - 0x000007fefe21a000 	C:\windows\system32\SHELL32.dll
0x000007fefc220000 - 0x000007fefc27b000 	C:\windows\system32\DNSAPI.dll
0x000007fefe8c0000 - 0x000007fefe90d000 	C:\windows\system32\WS2_32.dll
0x000007feff000000 - 0x000007feff008000 	C:\windows\system32\NSI.dll
0x0000000078c10000 - 0x0000000078ce2000 	C:\Program Files\Java\jdk1.8.0_121\jre\bin\msvcr100.dll
0x000000006fff0000 - 0x000000007088b000 	C:\Program Files\Java\jdk1.8.0_121\jre\bin\server\jvm.dll
0x000007fefac50000 - 0x000007fefac59000 	C:\windows\system32\WSOCK32.dll
0x000007fefa4f0000 - 0x000007fefa52b000 	C:\windows\system32\WINMM.dll
0x000007fefc470000 - 0x000007fefc47c000 	C:\windows\system32\VERSION.dll
0x0000000077400000 - 0x0000000077407000 	C:\windows\system32\PSAPI.DLL
0x0000000063e20000 - 0x0000000063e2f000 	C:\Program Files\Java\jdk1.8.0_121\jre\bin\verify.dll
0x000000005f4a0000 - 0x000000005f4c9000 	C:\Program Files\Java\jdk1.8.0_121\jre\bin\java.dll
0x0000000063e00000 - 0x0000000063e16000 	C:\Program Files\Java\jdk1.8.0_121\jre\bin\zip.dll
0x000007fefea30000 - 0x000007fefec2c000 	C:\windows\system32\ole32.dll
0x000007fefcf30000 - 0x000007fefcf3f000 	C:\windows\system32\profapi.dll
0x000000005f480000 - 0x000000005f49a000 	C:\Program Files\Java\jdk1.8.0_121\jre\bin\net.dll
0x000007fefc4c0000 - 0x000007fefc515000 	C:\windows\system32\mswsock.dll
0x000007fefc590000 - 0x000007fefc597000 	C:\windows\System32\wship6.dll
0x000000005f250000 - 0x000000005f261000 	C:\Program Files\Java\jdk1.8.0_121\jre\bin\nio.dll
0x000007fefcd60000 - 0x000007fefcdb7000 	C:\windows\system32\apphelp.dll
0x0000000063f00000 - 0x0000000063f0d000 	C:\Program Files\Java\jdk1.8.0_121\jre\bin\management.dll
0x000007fefb050000 - 0x000007fefb065000 	C:\windows\system32\NLAapi.dll
0x000007feee830000 - 0x000007feee845000 	C:\windows\system32\napinsp.dll
0x000007feee810000 - 0x000007feee829000 	C:\windows\system32\pnrpnsp.dll
0x000007feee800000 - 0x000007feee80b000 	C:\windows\System32\winrnr.dll
0x000007feee7f0000 - 0x000007feee800000 	C:\windows\system32\wshbth.dll
0x000007fefb900000 - 0x000007fefb907000 	C:\windows\System32\wshtcpip.dll
0x000007fefac20000 - 0x000007fefac47000 	C:\windows\system32\IPHLPAPI.DLL
0x000007fefac10000 - 0x000007fefac1b000 	C:\windows\system32\WINNSI.DLL
0x000007fef7590000 - 0x000007fef7598000 	C:\windows\system32\rasadhlp.dll
0x000007fefbd70000 - 0x000007fefbdc3000 	C:\windows\System32\fwpuclnt.dll
0x000007fecbcb0000 - 0x000007fecca30000 	C:\Code\DataAnalysisBB\dataanalysis\SFResourceAllocator\lib\jniortools.dll
0x000007fee6b10000 - 0x000007fee6bac000 	C:\windows\system32\MSVCP140.dll
0x000007fee7110000 - 0x000007fee7126000 	C:\windows\system32\VCRUNTIME140.dll
0x000007fefb2e0000 - 0x000007fefb2e4000 	C:\windows\system32\api-ms-win-crt-runtime-l1-1-0.dll
0x000007fee7840000 - 0x000007fee7934000 	C:\windows\system32\ucrtbase.DLL
0x000007fee7830000 - 0x000007fee7833000 	C:\windows\system32\api-ms-win-core-timezone-l1-1-0.dll
0x000007fee7820000 - 0x000007fee7823000 	C:\windows\system32\api-ms-win-core-file-l2-1-0.dll
0x000007fee7810000 - 0x000007fee7813000 	C:\windows\system32\api-ms-win-core-localization-l1-2-0.dll
0x000007fee7130000 - 0x000007fee7133000 	C:\windows\system32\api-ms-win-core-synch-l1-2-0.dll
0x000007fee7800000 - 0x000007fee7803000 	C:\windows\system32\api-ms-win-core-processthreads-l1-1-1.dll
0x000007fee77f0000 - 0x000007fee77f3000 	C:\windows\system32\api-ms-win-core-file-l1-2-0.dll
0x000007fefa0d0000 - 0x000007fefa0d4000 	C:\windows\system32\api-ms-win-crt-string-l1-1-0.dll
0x000007fefa070000 - 0x000007fefa073000 	C:\windows\system32\api-ms-win-crt-heap-l1-1-0.dll
0x000007fef8630000 - 0x000007fef8634000 	C:\windows\system32\api-ms-win-crt-stdio-l1-1-0.dll
0x000007fef8590000 - 0x000007fef8594000 	C:\windows\system32\api-ms-win-crt-convert-l1-1-0.dll
0x000007feed1c0000 - 0x000007feed1c3000 	C:\windows\system32\api-ms-win-crt-locale-l1-1-0.dll
0x000007fee9eb0000 - 0x000007fee9eb5000 	C:\windows\system32\api-ms-win-crt-math-l1-1-0.dll
0x000007fee7100000 - 0x000007fee7105000 	C:\windows\system32\api-ms-win-crt-multibyte-l1-1-0.dll
0x000007fee70f0000 - 0x000007fee70f3000 	C:\windows\system32\api-ms-win-crt-time-l1-1-0.dll
0x000007fee7030000 - 0x000007fee7033000 	C:\windows\system32\api-ms-win-crt-filesystem-l1-1-0.dll
0x000007fee7020000 - 0x000007fee7023000 	C:\windows\system32\api-ms-win-crt-environment-l1-1-0.dll
0x000007fee7010000 - 0x000007fee7013000 	C:\windows\system32\api-ms-win-crt-utility-l1-1-0.dll
0x000007fefc390000 - 0x000007fefc3a8000 	C:\windows\system32\CRYPTSP.dll
0x000007fefc140000 - 0x000007fefc187000 	C:\windows\system32\rsaenh.dll
0x000007fefcf40000 - 0x000007fefcf5e000 	C:\windows\system32\USERENV.dll
0x000007fefcdc0000 - 0x000007fefcdcf000 	C:\windows\system32\CRYPTBASE.dll
0x000007fef8550000 - 0x000007fef8568000 	C:\windows\system32\dhcpcsvc.DLL
0x000007fef8530000 - 0x000007fef8541000 	C:\windows\system32\dhcpcsvc6.DLL
0x0000000063b50000 - 0x0000000063b59000 	C:\Program Files\Java\jdk1.8.0_121\jre\bin\w2k_lsa_auth.dll
0x000007fefccf0000 - 0x000007fefccfb000 	C:\windows\system32\Secur32.dll
0x000007fefcd30000 - 0x000007fefcd55000 	C:\windows\system32\SSPICLI.DLL
0x000000005fa90000 - 0x000000005fa99000 	C:\Program Files\Java\jdk1.8.0_121\jre\bin\jaas_nt.dll
0x00000000024f0000 - 0x000000000251d000 	C:\Users\conluc0\AppData\Local\Temp\liblz4-java7020993987811394956.so
0x000007fefba00000 - 0x000007fefbb25000 	C:\windows\system32\dbghelp.dll

VM Arguments:
jvm_args: -Djava.library.path=C:\Code\DataAnalysisBB\dataanalysis\SFResourceAllocator\lib -Dfile.encoding=Cp1252 
java_command: com.saiglobal.sf.allocator.main.ResourceAllocator -ai com.saiglobal.sf.allocator.implementation.StoreSchedulingPizzaHut -includePipeline false -logLevel DEBUG
java_class_path (initial): C:\Code\DataAnalysisBB\dataanalysis\SFResourceAllocator\target\classes;C:\Code\DataAnalysis\SFResourceAllocator\lib\org.apache.log4j_1.2.13.v200903072027.jar;C:\Code\DataAnalysisBB\dataanalysis\SFCore\bin;C:\Code\DataAnalysis\SFCore\lib\commons-cli-1.2.jar;C:\Code\DataAnalysis\SFCore\lib\commons-logging-1.1.3.jar;C:\Code\DataAnalysis\SFCore\lib\geocoder-java-0.15.jar;C:\Code\DataAnalysis\SFCore\lib\gson-2.2.4.jar;C:\Code\DataAnalysis\SFCore\lib\org.apache.log4j_1.2.13.v200903072027.jar;C:\Code\DataAnalysis\SFCore\lib\jsch-0.1.50.jar;C:\Code\DataAnalysis\SFCore\lib\sqljdbc4.jar;C:\Code\DataAnalysis\SFCore\lib\javax.mail.jar;C:\Code\DataAnalysis\SFCore\lib\mysql-connector-java-5.1.35-bin.jar;C:\Code\DataAnalysis\SFCore\lib\commons-lang-2.5.jar;C:\Code\DataAnalysis\SFCore\lib\force-wsc-32.0.0.jar;C:\Code\DataAnalysis\SFCore\lib\wsc.partner.32.jar;C:\Code\DataAnalysisBB\dataanalysis\SFResourceAllocator\lib\com.google.ortools.jar;C:\Code\DataAnalysisBB\dataanalysis\SFResourceAllocator\lib\protobuf.jar;C:\Code\DataAnalysisBB\dataanalysis\SFResourceAllocator\lib\commons-lang-2.5.jar;C:\Code\DataAnalysisBB\dataanalysis\SFReportEngine\lib\poi-3.11.jar;C:\Code\DataAnalysisBB\dataanalysis\SFReportEngine\lib\poi-ooxml-3.11.jar;C:\Code\DataAnalysisBB\dataanalysis\SFReportEngine\lib\poi-ooxml-schemas-3.11.jar;C:\Code\DataAnalysisBB\dataanalysis\SFReportEngine\lib\poi-scratchpad-3.11.jar;C:\Code\DataAnalysisBB\dataanalysis\SFReportEngine\lib\xmlbeans-2.6.0.jar;C:\Users\conluc0\.m2\repository\com\sparkjava\spark-core\2.6.0.RC0\spark-core-2.6.0.RC0.jar;C:\Users\conluc0\.m2\repository\org\slf4j\slf4j-api\1.7.13\slf4j-api-1.7.13.jar;C:\Users\conluc0\.m2\repository\org\eclipse\jetty\jetty-server\9.4.4.v20170414\jetty-server-9.4.4.v20170414.jar;C:\Users\conluc0\.m2\repository\javax\servlet\javax.servlet-api\3.1.0\javax.servlet-api-3.1.0.jar;C:\Users\conluc0\.m2\repository\org\eclipse\jetty\jetty-http\9.4.4.v20170414\jetty-http-9.4.4.v20170414.jar;C:\Users\co
Launcher Type: SUN_STANDARD

Environment Variables:
JAVA_HOME=C:\Program Files\Java\jre1.8.0_121
PATH=C:/Program Files/Java/jre1.8.0_121/bin/server;C:/Program Files/Java/jre1.8.0_121/bin;C:/Program Files/Java/jre1.8.0_121/lib/amd64;C:\gurobi702\win64\bin;C:\Program Files\Microsoft MPI\Bin\;C:\ProgramData\Oracle\Java\javapath;C:\windows\system32;C:\windows;C:\windows\System32\Wbem;C:\windows\System32\WindowsPowerShell\v1.0\;C:\Program Files (x86)\Common Files\Roxio Shared\DLLShared\;C:\Program Files (x86)\Common Files\Roxio Shared\10.0\DLLShared\;C:\Program Files (x86)\ATI Technologies\ATI.ACE\Core-Static;C:\Program Files (x86)\MySQL\MySQL Utilities 1.4\;C:\Program Files (x86)\MySQL\MySQL Utilities 1.4\Doctrine extensions for PHP\;C:\TDM-GCC-64\bin;C:\Program Files\Microsoft SQL Server\130\Tools\Binn\;C:\Program Files\Anaconda3;C:\Program Files\Anaconda3\Scripts;C:\Program Files\Anaconda3\Library\bin;C:\Program Files\Git\cmd;C:\Program Files (x86)\Microsoft Visual Studio\2017\Community\Common7\Tools\;C:\Users\conluc0\Downloads\or-tools-master\tools\;C:\Program Files\TortoiseSVN\bin;C:\Program Files\CMake\bin;C:\Program Files\Java\jdk1.8.0_121\bin;C:\Program Files\Microsoft SQL Server\110\Tools\Binn\;C:\Program Files (x86)\Microsoft SDKs\TypeScript\1.0\;C:\Program Files\Microsoft SQL Server\120\Tools\Binn\;C:\Windows\System32;C:\Program Files\nodejs\;C:\maven\apache-maven-3.5.0\bin;C:\Program Files (x86)\Microsoft SQL Server\Client SDK\ODBC\130\Tools\Binn\;C:\Program Files (x86)\Microsoft SQL Server\140\Tools\Binn\;C:\Program Files (x86)\Microsoft SQL Server\140\DTS\Binn\;C:\Program Files (x86)\Microsoft SQL Server\140\Tools\Binn\ManagementStudio\;C:\ProgramData\chocolatey\bin;C:\Users\conluc0\AppData\Local\Continuum\Anaconda;C:\Users\conluc0\AppData\Local\Continuum\Anaconda\Scripts;C:\TDM-GCC-64\bin;C:\Users\conluc0\AppData\Local\GitHubDesktop\bin;C:\Users\conluc0\AppData\Roaming\npm;C:\eclipse;
USERNAME=conluc0
OS=Windows_NT
PROCESSOR_IDENTIFIER=Intel64 Family 6 Model 69 Stepping 1, GenuineIntel



---------------  S Y S T E M  ---------------

OS: Windows 7 , 64 bit Build 7601 (6.1.7601.23915)

CPU:total 4 (2 cores per cpu, 2 threads per core) family 6 model 69 stepping 1, cmov, cx8, fxsr, mmx, sse, sse2, sse3, ssse3, sse4.1, sse4.2, popcnt, avx, avx2, aes, clmul, erms, lzcnt, ht, tsc, tscinvbit, bmi1, bmi2

Memory: 4k page, physical 8283244k(2538440k free), swap 16564628k(10337144k free)

vm_info: Java HotSpot(TM) 64-Bit Server VM (25.121-b13) for windows-amd64 JRE (1.8.0_121-b13), built on Dec 12 2016 18:21:36 by "java_re" with MS VC++ 10.0 (VS2010)

time: Wed Nov 22 13:05:04 2017
elapsed time: 547 seconds (0d 0h 9m 7s)

