#
# A fatal error has been detected by the Java Runtime Environment:
#
#  EXCEPTION_ACCESS_VIOLATION (0xc0000005) at pc=0x000007fee9f21b20, pid=2492, tid=0x0000000000002448
#
# JRE version: Java(TM) SE Runtime Environment (8.0_121-b13) (build 1.8.0_121-b13)
# Java VM: Java HotSpot(TM) 64-Bit Server VM (25.121-b13 mixed mode windows-amd64 compressed oops)
# Problematic frame:
# C  [jniortools.dll+0x441b20]
#
# Failed to write core dump. Minidumps are not enabled by default on client versions of Windows
#
# If you would like to submit a bug report, please visit:
#   http://bugreport.java.com/bugreport/crash.jsp
# The crash happened outside the Java Virtual Machine in native code.
# See problematic frame for where to report the bug.
#

---------------  T H R E A D  ---------------

Current thread (0x0000000002368000):  JavaThread "main" [_thread_in_native, id=9288, stack(0x0000000002460000,0x0000000002560000)]

siginfo: ExceptionCode=0xc0000005, reading address 0x0000000000000000

Registers:
RAX=0x0000000000000000, RBX=0x000000005ad595c0, RCX=0xd7cc8deb0ca90000, RDX=0x000007fee9ac55f0
RSP=0x000000000255eeb0, RBP=0x000000000255efb0, RSI=0x0000000000000000, RDI=0x0000000000000000
R8 =0x000000000255d608, R9 =0x000000005adb5551, R10=0x0000000000000000, R11=0x000000000255ee70
R12=0x0000000000000001, R13=0x000000005af080d0, R14=0x0000000000000000, R15=0x0000000000000000
RIP=0x000007fee9f21b20, EFLAGS=0x0000000000010206

Top of Stack: (sp=0x000000000255eeb0)
0x000000000255eeb0:   3fe0000000000000 000000000255ef18
0x000000000255eec0:   000000005ad595c0 0000000000000001
0x000000000255eed0:   0000000000000000 0000000100000000
0x000000000255eee0:   0000000000000000 000000005ad595c0
0x000000000255eef0:   0000000000000000 fffffffffffffffe
0x000000000255ef00:   000000000232f9c8 0000000000706c00
0x000000000255ef10:   00000000d5facad8 0000000000000000
0x000000000255ef20:   0000000000000000 0000000000000000
0x000000000255ef30:   000007fee9ac4168 0000000067382e25
0x000000000255ef40:   00000000d5fb3698 0000000000000005
0x000000000255ef50:   00000000d5fb3698 0000d7cc8fbee219
0x000000000255ef60:   0000000000000001 0000000000000000
0x000000000255ef70:   0000000000000000 0000000000000000
0x000000000255ef80:   00000000d7e00f48 0000000000000000
0x000000000255ef90:   0000000000000007 0000000000000000
0x000000000255efa0:   00000000d7f506f0 0000000000000000 

Instructions: (pc=0x000007fee9f21b20)
0x000007fee9f21b00:   0f b6 64 24 2c 66 66 66 0f 1f 84 00 00 00 00 00
0x000007fee9f21b10:   48 8b 83 b0 00 00 00 4e 8b 2c f8 48 8b 44 24 68
0x000007fee9f21b20:   f2 46 0f 10 04 f8 41 0f 28 fb 49 8b 5d 08 48 8b
0x000007fee9f21b30:   1b 49 8b 7d 08 48 3b df 74 61 66 0f 1f 44 00 00 


Register to memory mapping:

RAX=0x0000000000000000 is an unknown value
RBX=0x000000005ad595c0 is an unknown value
RCX=0xd7cc8deb0ca90000 is an unknown value
RDX=0x000007fee9ac55f0 is an unknown value
RSP=0x000000000255eeb0 is pointing into the stack for thread: 0x0000000002368000
RBP=0x000000000255efb0 is pointing into the stack for thread: 0x0000000002368000
RSI=0x0000000000000000 is an unknown value
RDI=0x0000000000000000 is an unknown value
R8 =0x000000000255d608 is pointing into the stack for thread: 0x0000000002368000
R9 =0x000000005adb5551 is an unknown value
R10=0x0000000000000000 is an unknown value
R11=0x000000000255ee70 is pointing into the stack for thread: 0x0000000002368000
R12=0x0000000000000001 is an unknown value
R13=0x000000005af080d0 is an unknown value
R14=0x0000000000000000 is an unknown value
R15=0x0000000000000000 is an unknown value


Stack: [0x0000000002460000,0x0000000002560000],  sp=0x000000000255eeb0,  free space=1019k
Native frames: (J=compiled Java code, j=interpreted, Vv=VM code, C=native code)
C  [jniortools.dll+0x441b20]
C  0x0000000002850fec

Java frames: (J=compiled Java code, j=interpreted, Vv=VM code)
j  com.google.ortools.linearsolver.operations_research_linear_solverJNI.MPSolver_verifySolution(JLcom/google/ortools/linearsolver/MPSolver;DZ)Z+0
j  com.google.ortools.linearsolver.MPSolver.verifySolution(DZ)Z+7
j  com.saiglobal.sf.allocator.processor.MIP2Processor.solve([[[I)Lcom/saiglobal/sf/allocator/processor/MIP2Processor$SolverResult;+926
j  com.saiglobal.sf.allocator.processor.MIP2Processor.scheduleBatch()Ljava/util/List;+381
j  com.saiglobal.sf.allocator.processor.MIP2Processor.execute()V+155
j  com.saiglobal.sf.allocator.main.ResourceAllocator.main([Ljava/lang/String;)V+305
v  ~StubRoutines::call_stub

---------------  P R O C E S S  ---------------

Java Threads: ( => current thread )
  0x000000005a304800 JavaThread "Abandoned connection cleanup thread" daemon [_thread_blocked, id=9520, stack(0x000000005aa30000,0x000000005ab30000)]
  0x0000000058f94800 JavaThread "Service Thread" daemon [_thread_blocked, id=4716, stack(0x0000000059f60000,0x000000005a060000)]
  0x0000000058f2c800 JavaThread "C1 CompilerThread2" daemon [_thread_blocked, id=8120, stack(0x0000000059e30000,0x0000000059f30000)]
  0x0000000058f29000 JavaThread "C2 CompilerThread1" daemon [_thread_blocked, id=8160, stack(0x0000000059be0000,0x0000000059ce0000)]
  0x0000000058f23000 JavaThread "C2 CompilerThread0" daemon [_thread_in_native, id=9796, stack(0x0000000059a60000,0x0000000059b60000)]
  0x0000000058f12800 JavaThread "JDWP Command Reader" daemon [_thread_in_native, id=4696, stack(0x0000000059800000,0x0000000059900000)]
  0x0000000058f11800 JavaThread "JDWP Event Helper Thread" daemon [_thread_blocked, id=8492, stack(0x0000000059920000,0x0000000059a20000)]
  0x0000000058f06000 JavaThread "JDWP Transport Listener: dt_socket" daemon [_thread_blocked, id=4816, stack(0x00000000596c0000,0x00000000597c0000)]
  0x0000000057715000 JavaThread "Attach Listener" daemon [_thread_blocked, id=2276, stack(0x0000000058e00000,0x0000000058f00000)]
  0x0000000057714000 JavaThread "Signal Dispatcher" daemon [_thread_blocked, id=5620, stack(0x0000000058c40000,0x0000000058d40000)]
  0x00000000576fa000 JavaThread "Finalizer" daemon [_thread_blocked, id=1184, stack(0x0000000058ac0000,0x0000000058bc0000)]
  0x00000000576b3000 JavaThread "Reference Handler" daemon [_thread_blocked, id=10820, stack(0x0000000058810000,0x0000000058910000)]
=>0x0000000002368000 JavaThread "main" [_thread_in_native, id=9288, stack(0x0000000002460000,0x0000000002560000)]

Other Threads:
  0x00000000576ab800 VMThread [stack: 0x0000000058600000,0x0000000058700000] [id=9104]
  0x0000000058fbd800 WatcherThread [stack: 0x000000005a0a0000,0x000000005a1a0000] [id=4964]

VM state:not at safepoint (normal execution)

VM Mutex/Monitor currently owned by a thread: None

Heap:
 PSYoungGen      total 38400K, used 7815K [0x00000000d5d80000, 0x00000000d8800000, 0x0000000100000000)
  eden space 33280K, 8% used [0x00000000d5d80000,0x00000000d6024930,0x00000000d7e00000)
  from space 5120K, 99% used [0x00000000d7e00000,0x00000000d82fd470,0x00000000d8300000)
  to   space 5120K, 0% used [0x00000000d8300000,0x00000000d8300000,0x00000000d8800000)
 ParOldGen       total 87552K, used 7053K [0x0000000081800000, 0x0000000086d80000, 0x00000000d5d80000)
  object space 87552K, 8% used [0x0000000081800000,0x0000000081ee3760,0x0000000086d80000)
 Metaspace       used 12409K, capacity 12658K, committed 12928K, reserved 1060864K
  class space    used 1253K, capacity 1345K, committed 1408K, reserved 1048576K

Card table byte_map: [0x0000000011bf0000,0x0000000011ff0000] byte_map_base: 0x00000000117e4000

Marking Bits: (ParMarkBitMap*) 0x000000007084b6d0
 Begin Bits: [0x00000000129e0000, 0x0000000014980000)
 End Bits:   [0x0000000014980000, 0x0000000016920000)

Polling page: 0x0000000001e30000

CodeCache: size=245760Kb used=5705Kb max_used=6183Kb free=240055Kb
 bounds [0x0000000002830000, 0x0000000002e60000, 0x0000000011830000]
 total_blobs=1955 nmethods=1547 adapters=328
 compilation: enabled

Compilation events (10 events):
Event: 251.864 Thread 0x0000000058f2c800 nmethod 1758 0x0000000002bf71d0 code [0x0000000002bf7360, 0x0000000002bf77d8]
Event: 251.867 Thread 0x0000000058f29000 1759 %     4       com.saiglobal.sf.allocator.processor.MIP2Processor::solve @ 91 (1142 bytes)
Event: 251.886 Thread 0x0000000058f29000 nmethod 1759% 0x0000000002b2d910 code [0x0000000002b2db00, 0x0000000002b2ecc8]
Event: 251.890 Thread 0x0000000058f23000 1760 %     4       com.saiglobal.sf.allocator.processor.MIP2Processor::solve @ 365 (1142 bytes)
Event: 251.911 Thread 0x0000000058f2c800 1762       3       com.google.ortools.linearsolver.MPVariable::getCPtr (13 bytes)
Event: 251.911 Thread 0x0000000058f2c800 nmethod 1762 0x0000000002bc3290 code [0x0000000002bc33e0, 0x0000000002bc3570]
Event: 251.911 Thread 0x0000000058f2c800 1761       3       com.google.ortools.linearsolver.MPConstraint::setCoefficient (15 bytes)
Event: 251.911 Thread 0x0000000058f2c800 nmethod 1761 0x0000000002b63e10 code [0x0000000002b63f80, 0x0000000002b64208]
Event: 251.912 Thread 0x0000000058f2c800 1763       3       com.google.ortools.linearsolver.MPObjective::setCoefficient (15 bytes)
Event: 251.912 Thread 0x0000000058f2c800 nmethod 1763 0x00000000029a6750 code [0x00000000029a68c0, 0x00000000029a6b48]

GC Heap History (6 events):
Event: 55.169 GC heap before
{Heap before GC invocations=1 (full 0):
 PSYoungGen      total 38400K, used 33280K [0x00000000d5d80000, 0x00000000d8800000, 0x0000000100000000)
  eden space 33280K, 100% used [0x00000000d5d80000,0x00000000d7e00000,0x00000000d7e00000)
  from space 5120K, 0% used [0x00000000d8300000,0x00000000d8300000,0x00000000d8800000)
  to   space 5120K, 0% used [0x00000000d7e00000,0x00000000d7e00000,0x00000000d8300000)
 ParOldGen       total 87552K, used 0K [0x0000000081800000, 0x0000000086d80000, 0x00000000d5d80000)
  object space 87552K, 0% used [0x0000000081800000,0x0000000081800000,0x0000000086d80000)
 Metaspace       used 11344K, capacity 11500K, committed 11776K, reserved 1060864K
  class space    used 1133K, capacity 1208K, committed 1280K, reserved 1048576K
Event: 55.178 GC heap after
Heap after GC invocations=1 (full 0):
 PSYoungGen      total 38400K, used 5093K [0x00000000d5d80000, 0x00000000d8800000, 0x0000000100000000)
  eden space 33280K, 0% used [0x00000000d5d80000,0x00000000d5d80000,0x00000000d7e00000)
  from space 5120K, 99% used [0x00000000d7e00000,0x00000000d82f9480,0x00000000d8300000)
  to   space 5120K, 0% used [0x00000000d8300000,0x00000000d8300000,0x00000000d8800000)
 ParOldGen       total 87552K, used 2928K [0x0000000081800000, 0x0000000086d80000, 0x00000000d5d80000)
  object space 87552K, 3% used [0x0000000081800000,0x0000000081adc108,0x0000000086d80000)
 Metaspace       used 11344K, capacity 11500K, committed 11776K, reserved 1060864K
  class space    used 1133K, capacity 1208K, committed 1280K, reserved 1048576K
}
Event: 84.582 GC heap before
{Heap before GC invocations=2 (full 0):
 PSYoungGen      total 38400K, used 38373K [0x00000000d5d80000, 0x00000000d8800000, 0x0000000100000000)
  eden space 33280K, 100% used [0x00000000d5d80000,0x00000000d7e00000,0x00000000d7e00000)
  from space 5120K, 99% used [0x00000000d7e00000,0x00000000d82f9480,0x00000000d8300000)
  to   space 5120K, 0% used [0x00000000d8300000,0x00000000d8300000,0x00000000d8800000)
 ParOldGen       total 87552K, used 2928K [0x0000000081800000, 0x0000000086d80000, 0x00000000d5d80000)
  object space 87552K, 3% used [0x0000000081800000,0x0000000081adc108,0x0000000086d80000)
 Metaspace       used 11539K, capacity 11698K, committed 12032K, reserved 1060864K
  class space    used 1141K, capacity 1209K, committed 1280K, reserved 1048576K
Event: 84.600 GC heap after
Heap after GC invocations=2 (full 0):
 PSYoungGen      total 38400K, used 5093K [0x00000000d5d80000, 0x00000000d8800000, 0x0000000100000000)
  eden space 33280K, 0% used [0x00000000d5d80000,0x00000000d5d80000,0x00000000d7e00000)
  from space 5120K, 99% used [0x00000000d8300000,0x00000000d87f9480,0x00000000d8800000)
  to   space 5120K, 0% used [0x00000000d7e00000,0x00000000d7e00000,0x00000000d8300000)
 ParOldGen       total 87552K, used 5520K [0x0000000081800000, 0x0000000086d80000, 0x00000000d5d80000)
  object space 87552K, 6% used [0x0000000081800000,0x0000000081d64108,0x0000000086d80000)
 Metaspace       used 11539K, capacity 11698K, committed 12032K, reserved 1060864K
  class space    used 1141K, capacity 1209K, committed 1280K, reserved 1048576K
}
Event: 205.276 GC heap before
{Heap before GC invocations=3 (full 0):
 PSYoungGen      total 38400K, used 38373K [0x00000000d5d80000, 0x00000000d8800000, 0x0000000100000000)
  eden space 33280K, 100% used [0x00000000d5d80000,0x00000000d7e00000,0x00000000d7e00000)
  from space 5120K, 99% used [0x00000000d8300000,0x00000000d87f9480,0x00000000d8800000)
  to   space 5120K, 0% used [0x00000000d7e00000,0x00000000d7e00000,0x00000000d8300000)
 ParOldGen       total 87552K, used 5520K [0x0000000081800000, 0x0000000086d80000, 0x00000000d5d80000)
  object space 87552K, 6% used [0x0000000081800000,0x0000000081d64108,0x0000000086d80000)
 Metaspace       used 12267K, capacity 12498K, committed 12672K, reserved 1060864K
  class space    used 1229K, capacity 1335K, committed 1408K, reserved 1048576K
Event: 205.284 GC heap after
Heap after GC invocations=3 (full 0):
 PSYoungGen      total 38400K, used 5109K [0x00000000d5d80000, 0x00000000d8800000, 0x0000000100000000)
  eden space 33280K, 0% used [0x00000000d5d80000,0x00000000d5d80000,0x00000000d7e00000)
  from space 5120K, 99% used [0x00000000d7e00000,0x00000000d82fd470,0x00000000d8300000)
  to   space 5120K, 0% used [0x00000000d8300000,0x00000000d8300000,0x00000000d8800000)
 ParOldGen       total 87552K, used 7053K [0x0000000081800000, 0x0000000086d80000, 0x00000000d5d80000)
  object space 87552K, 8% used [0x0000000081800000,0x0000000081ee3760,0x0000000086d80000)
 Metaspace       used 12267K, capacity 12498K, committed 12672K, reserved 1060864K
  class space    used 1229K, capacity 1335K, committed 1408K, reserved 1048576K
}

Deoptimization events (10 events):
Event: 190.070 Thread 0x0000000002368000 Uncommon trap: reason=unstable_if action=reinterpret pc=0x0000000002b2988c method=java.util.ArrayList.rangeCheck(I)V @ 5
Event: 190.071 Thread 0x0000000002368000 Uncommon trap: reason=unstable_if action=reinterpret pc=0x0000000002ab83c8 method=java.util.ArrayList.rangeCheck(I)V @ 5
Event: 240.026 Thread 0x0000000002368000 Uncommon trap: reason=bimorphic action=maybe_recompile pc=0x0000000002d92ccc method=java.util.stream.ReferencePipeline$2$1.accept(Ljava/lang/Object;)V @ 21
Event: 240.026 Thread 0x0000000002368000 Uncommon trap: reason=bimorphic action=maybe_recompile pc=0x0000000002d92ccc method=java.util.stream.ReferencePipeline$2$1.accept(Ljava/lang/Object;)V @ 21
Event: 240.026 Thread 0x0000000002368000 Uncommon trap: reason=bimorphic action=maybe_recompile pc=0x0000000002d92ccc method=java.util.stream.ReferencePipeline$2$1.accept(Ljava/lang/Object;)V @ 21
Event: 240.026 Thread 0x0000000002368000 Uncommon trap: reason=bimorphic action=maybe_recompile pc=0x0000000002d92ccc method=java.util.stream.ReferencePipeline$2$1.accept(Ljava/lang/Object;)V @ 21
Event: 241.115 Thread 0x0000000002368000 Uncommon trap: reason=bimorphic action=maybe_recompile pc=0x0000000002e00a10 method=java.util.ArrayList.indexOf(Ljava/lang/Object;)I @ 51
Event: 241.115 Thread 0x0000000002368000 Uncommon trap: reason=bimorphic action=maybe_recompile pc=0x0000000002e00a10 method=java.util.ArrayList.indexOf(Ljava/lang/Object;)I @ 51
Event: 241.115 Thread 0x0000000002368000 Uncommon trap: reason=bimorphic action=maybe_recompile pc=0x0000000002e00a10 method=java.util.ArrayList.indexOf(Ljava/lang/Object;)I @ 51
Event: 241.115 Thread 0x0000000002368000 Uncommon trap: reason=bimorphic action=maybe_recompile pc=0x0000000002e00a10 method=java.util.ArrayList.indexOf(Ljava/lang/Object;)I @ 51

Internal exceptions (10 events):
Event: 1.221 Thread 0x0000000002368000 Exception <a 'java/lang/ClassNotFoundException': org/apache/log4j/WriterAppenderCustomizer> (0x00000000d6348618) thrown at [C:\re\workspace\8-2-build-windows-amd64-cygwin\jdk8u121\8372\hotspot\src\share\vm\classfile\systemDictionary.cpp, line 210]
Event: 1.223 Thread 0x0000000002368000 Exception <a 'java/lang/ClassNotFoundException': org/apache/log4j/FileAppenderCustomizer> (0x00000000d635bd60) thrown at [C:\re\workspace\8-2-build-windows-amd64-cygwin\jdk8u121\8372\hotspot\src\share\vm\classfile\systemDictionary.cpp, line 210]
Event: 1.225 Thread 0x0000000002368000 Exception <a 'java/lang/ClassNotFoundException': org/apache/log4j/RollingFileAppenderCustomizer> (0x00000000d636f610) thrown at [C:\re\workspace\8-2-build-windows-amd64-cygwin\jdk8u121\8372\hotspot\src\share\vm\classfile\systemDictionary.cpp, line 210]
Event: 1.232 Thread 0x0000000002368000 Exception <a 'java/lang/ClassNotFoundException': org/apache/log4j/ConsoleAppenderBeanInfo> (0x00000000d6398d20) thrown at [C:\re\workspace\8-2-build-windows-amd64-cygwin\jdk8u121\8372\hotspot\src\share\vm\classfile\systemDictionary.cpp, line 210]
Event: 1.232 Thread 0x0000000002368000 Exception <a 'java/lang/ClassNotFoundException': org/apache/log4j/ConsoleAppenderCustomizer> (0x00000000d639f5f0) thrown at [C:\re\workspace\8-2-build-windows-amd64-cygwin\jdk8u121\8372\hotspot\src\share\vm\classfile\systemDictionary.cpp, line 210]
Event: 1.383 Thread 0x0000000002368000 Implicit null exception at 0x0000000002a39307 to 0x0000000002a39851
Event: 4.733 Thread 0x0000000002368000 Exception <a 'java/lang/NoSuchFieldError': method resolution failed> (0x00000000d6f6acb8) thrown at [C:\re\workspace\8-2-build-windows-amd64-cygwin\jdk8u121\8372\hotspot\src\share\vm\prims\methodHandles.cpp, line 1146]
Event: 4.742 Thread 0x0000000002368000 Exception <a 'java/lang/NoSuchFieldError': method resolution failed> (0x00000000d6f78008) thrown at [C:\re\workspace\8-2-build-windows-amd64-cygwin\jdk8u121\8372\hotspot\src\share\vm\prims\methodHandles.cpp, line 1146]
Event: 87.707 Thread 0x0000000002368000 Implicit null exception at 0x0000000002c74dea to 0x0000000002c76acf
Event: 184.733 Thread 0x0000000002368000 Exception <a 'java/lang/NoSuchMethodError': java.lang.Object.lambda$minBy$0(Ljava/util/Comparator;Ljava/lang/Object;Ljava/lang/Object;)Ljava/lang/Object;> (0x00000000d6cd1620) thrown at [C:\re\workspace\8-2-build-windows-amd64-cygwin\jdk8u121\8372\hotspot

Events (10 events):
Event: 251.911 Thread 0x0000000058f2c800 flushing nmethod 0x0000000002c34d50
Event: 251.911 Thread 0x0000000058f2c800 flushing nmethod 0x0000000002c37650
Event: 251.911 Thread 0x0000000058f2c800 flushing nmethod 0x0000000002c42010
Event: 251.911 Thread 0x0000000058f2c800 flushing nmethod 0x0000000002c42490
Event: 251.911 Thread 0x0000000058f2c800 flushing nmethod 0x0000000002c5df50
Event: 251.911 Thread 0x0000000058f2c800 flushing nmethod 0x0000000002c69910
Event: 251.911 Thread 0x0000000058f2c800 flushing nmethod 0x0000000002c74bd0
Event: 251.911 Thread 0x0000000058f2c800 flushing nmethod 0x0000000002c865d0
Event: 251.912 Thread 0x0000000058f2c800 flushing nmethod 0x0000000002d0dcd0
Event: 251.912 Thread 0x0000000058f2c800 flushing nmethod 0x0000000002d1d0d0


Dynamic libraries:
0x000000013f2b0000 - 0x000000013f2e7000 	C:\Program Files\Java\jdk1.8.0_121\bin\javaw.exe
0x00000000774b0000 - 0x000000007765a000 	C:\windows\SYSTEM32\ntdll.dll
0x0000000077290000 - 0x00000000773af000 	C:\windows\system32\kernel32.dll
0x000007fefd4e0000 - 0x000007fefd54a000 	C:\windows\system32\KERNELBASE.dll
0x000007fefd6b0000 - 0x000007fefd78b000 	C:\windows\system32\ADVAPI32.dll
0x000007fefd610000 - 0x000007fefd6af000 	C:\windows\system32\msvcrt.dll
0x000007feff0a0000 - 0x000007feff0bf000 	C:\windows\SYSTEM32\sechost.dll
0x000007fefdda0000 - 0x000007fefdecd000 	C:\windows\system32\RPCRT4.dll
0x00000000773b0000 - 0x00000000774aa000 	C:\windows\system32\USER32.dll
0x000007fefed40000 - 0x000007fefeda7000 	C:\windows\system32\GDI32.dll
0x000007fefd830000 - 0x000007fefd83e000 	C:\windows\system32\LPK.dll
0x000007feff650000 - 0x000007feff71a000 	C:\windows\system32\USP10.dll
0x000007fefb770000 - 0x000007fefb964000 	C:\windows\WinSxS\amd64_microsoft.windows.common-controls_6595b64144ccf1df_6.0.7601.18837_none_fa3b1e3d17594757\COMCTL32.dll
0x000007feff3c0000 - 0x000007feff431000 	C:\windows\system32\SHLWAPI.dll
0x000007feff390000 - 0x000007feff3be000 	C:\windows\system32\IMM32.DLL
0x000007fefef90000 - 0x000007feff099000 	C:\windows\system32\MSCTF.dll
0x0000000068000000 - 0x0000000068056000 	C:\windows\system32\QIPCAP64.DLL
0x000007fefded0000 - 0x000007fefec5a000 	C:\windows\system32\SHELL32.dll
0x000007fefc890000 - 0x000007fefc8eb000 	C:\windows\system32\DNSAPI.dll
0x000007fefd5a0000 - 0x000007fefd5ed000 	C:\windows\system32\WS2_32.dll
0x000007fefdd90000 - 0x000007fefdd98000 	C:\windows\system32\NSI.dll
0x0000000067a00000 - 0x0000000067ad2000 	C:\Program Files\Java\jdk1.8.0_121\jre\bin\msvcr100.dll
0x0000000070030000 - 0x00000000708cb000 	C:\Program Files\Java\jdk1.8.0_121\jre\bin\server\jvm.dll
0x000007fefa630000 - 0x000007fefa639000 	C:\windows\system32\WSOCK32.dll
0x000007fefafe0000 - 0x000007fefb01b000 	C:\windows\system32\WINMM.dll
0x000007fefc2a0000 - 0x000007fefc2ac000 	C:\windows\system32\VERSION.dll
0x0000000077670000 - 0x0000000077677000 	C:\windows\system32\PSAPI.DLL
0x0000000068500000 - 0x000000006850f000 	C:\Program Files\Java\jdk1.8.0_121\jre\bin\verify.dll
0x00000000684d0000 - 0x00000000684f9000 	C:\Program Files\Java\jdk1.8.0_121\jre\bin\java.dll
0x0000000068490000 - 0x00000000684c5000 	C:\Program Files\Java\jdk1.8.0_121\jre\bin\jdwp.dll
0x0000000068480000 - 0x0000000068488000 	C:\Program Files\Java\jdk1.8.0_121\jre\bin\npt.dll
0x0000000068460000 - 0x0000000068476000 	C:\Program Files\Java\jdk1.8.0_121\jre\bin\zip.dll
0x000007feff440000 - 0x000007feff643000 	C:\windows\system32\ole32.dll
0x000007fefd1e0000 - 0x000007fefd1ef000 	C:\windows\system32\profapi.dll
0x0000000068450000 - 0x0000000068459000 	C:\Program Files\Java\jdk1.8.0_121\jre\bin\dt_socket.dll
0x000007fefaf30000 - 0x000007fefaf45000 	C:\windows\system32\NLAapi.dll
0x000007feefbc0000 - 0x000007feefbd5000 	C:\windows\system32\napinsp.dll
0x000007feefba0000 - 0x000007feefbb9000 	C:\windows\system32\pnrpnsp.dll
0x000007fefcaa0000 - 0x000007fefcaf5000 	C:\windows\System32\mswsock.dll
0x000007feefb90000 - 0x000007feefb9b000 	C:\windows\System32\winrnr.dll
0x000007feefb80000 - 0x000007feefb90000 	C:\windows\system32\wshbth.dll
0x000007fefa9a0000 - 0x000007fefa9c7000 	C:\windows\system32\IPHLPAPI.DLL
0x000007fefa990000 - 0x000007fefa99b000 	C:\windows\system32\WINNSI.DLL
0x000007fef88a0000 - 0x000007fef88f3000 	C:\windows\System32\fwpuclnt.dll
0x000007fef6e00000 - 0x000007fef6e08000 	C:\windows\system32\rasadhlp.dll
0x000007fefc390000 - 0x000007fefc397000 	C:\windows\System32\wshtcpip.dll
0x0000000068430000 - 0x000000006844a000 	C:\Program Files\Java\jdk1.8.0_121\jre\bin\net.dll
0x000007fefcb80000 - 0x000007fefcb87000 	C:\windows\System32\wship6.dll
0x000007fee9ae0000 - 0x000007feea860000 	C:\Code\DataAnalysisBB\dataanalysis\SFResourceAllocator\lib\jniortools.dll
0x000007feeaf10000 - 0x000007feeafaf000 	C:\windows\system32\MSVCP140.dll
0x000007feedb60000 - 0x000007feedb77000 	C:\windows\system32\VCRUNTIME140.dll
0x000007fef01f0000 - 0x000007fef01f4000 	C:\windows\system32\api-ms-win-crt-runtime-l1-1-0.dll
0x000007fee99e0000 - 0x000007fee9ad4000 	C:\windows\system32\ucrtbase.DLL
0x000007feeeb20000 - 0x000007feeeb23000 	C:\windows\system32\api-ms-win-core-timezone-l1-1-0.dll
0x000007feee950000 - 0x000007feee953000 	C:\windows\system32\api-ms-win-core-file-l2-1-0.dll
0x000007feee190000 - 0x000007feee193000 	C:\windows\system32\api-ms-win-core-localization-l1-2-0.dll
0x000007feedb10000 - 0x000007feedb13000 	C:\windows\system32\api-ms-win-core-synch-l1-2-0.dll
0x000007feeb240000 - 0x000007feeb243000 	C:\windows\system32\api-ms-win-core-processthreads-l1-1-1.dll
0x000007feeaf00000 - 0x000007feeaf03000 	C:\windows\system32\api-ms-win-core-file-l1-2-0.dll
0x000007feeaef0000 - 0x000007feeaef4000 	C:\windows\system32\api-ms-win-crt-string-l1-1-0.dll
0x000007feeaee0000 - 0x000007feeaee3000 	C:\windows\system32\api-ms-win-crt-heap-l1-1-0.dll
0x000007feeaed0000 - 0x000007feeaed4000 	C:\windows\system32\api-ms-win-crt-stdio-l1-1-0.dll
0x000007feeaec0000 - 0x000007feeaec4000 	C:\windows\system32\api-ms-win-crt-convert-l1-1-0.dll
0x000007feeaeb0000 - 0x000007feeaeb3000 	C:\windows\system32\api-ms-win-crt-locale-l1-1-0.dll
0x000007feeaea0000 - 0x000007feeaea5000 	C:\windows\system32\api-ms-win-crt-math-l1-1-0.dll
0x000007feeae90000 - 0x000007feeae95000 	C:\windows\system32\api-ms-win-crt-multibyte-l1-1-0.dll
0x000007feeae80000 - 0x000007feeae83000 	C:\windows\system32\api-ms-win-crt-time-l1-1-0.dll
0x000007feeae70000 - 0x000007feeae73000 	C:\windows\system32\api-ms-win-crt-filesystem-l1-1-0.dll
0x000007feeae60000 - 0x000007feeae63000 	C:\windows\system32\api-ms-win-crt-environment-l1-1-0.dll
0x000007feeae50000 - 0x000007feeae53000 	C:\windows\system32\api-ms-win-crt-utility-l1-1-0.dll
0x000007fefa640000 - 0x000007fefa765000 	C:\windows\system32\dbghelp.dll

VM Arguments:
jvm_args: -agentlib:jdwp=transport=dt_socket,suspend=y,address=localhost:58221 -Djava.library.path=lib -Dfile.encoding=Cp1252 
java_command: com.saiglobal.sf.allocator.main.ResourceAllocator -ai com.saiglobal.sf.allocator.implementation.ResourceAllocatorMIPUK -includePipeline false -logLevel INFO
java_class_path (initial): C:\Code\DataAnalysisBB\dataanalysis\SFResourceAllocator\bin;C:\Code\DataAnalysis\SFResourceAllocator\lib\org.apache.log4j_1.2.13.v200903072027.jar;C:\Code\DataAnalysisBB\dataanalysis\SFCore\bin;C:\Code\DataAnalysis\SFCore\lib\commons-cli-1.2.jar;C:\Code\DataAnalysis\SFCore\lib\commons-logging-1.1.3.jar;C:\Code\DataAnalysis\SFCore\lib\geocoder-java-0.15.jar;C:\Code\DataAnalysis\SFCore\lib\gson-2.2.4.jar;C:\Code\DataAnalysis\SFCore\lib\org.apache.log4j_1.2.13.v200903072027.jar;C:\Code\DataAnalysis\SFCore\lib\jsch-0.1.50.jar;C:\Code\DataAnalysis\SFCore\lib\sqljdbc4.jar;C:\Code\DataAnalysis\SFCore\lib\javax.mail.jar;C:\Code\DataAnalysis\SFCore\lib\mysql-connector-java-5.1.35-bin.jar;C:\Code\DataAnalysis\SFCore\lib\commons-lang-2.5.jar;C:\Code\DataAnalysis\SFCore\lib\force-wsc-32.0.0.jar;C:\Code\DataAnalysis\SFCore\lib\wsc.partner.32.jar;C:\Code\DataAnalysisBB\dataanalysis\SFResourceAllocator\lib\com.google.ortools.jar;C:\Code\DataAnalysisBB\dataanalysis\SFResourceAllocator\lib\protobuf.jar
Launcher Type: SUN_STANDARD

Environment Variables:
PATH=C:\Program Files\Java\jdk1.8.0_121\jre\bin;C:/Program Files/Java/jre1.8.0_121/bin/server;C:/Program Files/Java/jre1.8.0_121/bin;C:/Program Files/Java/jre1.8.0_121/lib/amd64;C:\ProgramData\Oracle\Java\javapath;C:\windows\system32;C:\windows;C:\windows\System32\Wbem;C:\windows\System32\WindowsPowerShell\v1.0\;C:\Program Files (x86)\Common Files\Roxio Shared\DLLShared\;C:\Program Files (x86)\Common Files\Roxio Shared\10.0\DLLShared\;C:\Program Files (x86)\ATI Technologies\ATI.ACE\Core-Static;C:\Program Files (x86)\MySQL\MySQL Utilities 1.4\;C:\Program Files (x86)\MySQL\MySQL Utilities 1.4\Doctrine extensions for PHP\;C:\Program Files\nodejs\;C:\TDM-GCC-64\bin;C:\Users\conluc0\AppData\Local\Continuum\Anaconda;C:\Users\conluc0\AppData\Local\Continuum\Anaconda\Scripts;C:\Users\conluc0\AppData\Roaming\npm;C:\TDM-GCC-64\bin;C:\eclipse;
USERNAME=conluc0
OS=Windows_NT
PROCESSOR_IDENTIFIER=Intel64 Family 6 Model 69 Stepping 1, GenuineIntel



---------------  S Y S T E M  ---------------

OS: Windows 7 , 64 bit Build 7601 (6.1.7601.23572)

CPU:total 4 (2 cores per cpu, 2 threads per core) family 6 model 69 stepping 1, cmov, cx8, fxsr, mmx, sse, sse2, sse3, ssse3, sse4.1, sse4.2, popcnt, avx, avx2, aes, clmul, erms, lzcnt, ht, tsc, tscinvbit, bmi1, bmi2

Memory: 4k page, physical 8283244k(4197004k free), swap 16564628k(11886428k free)

vm_info: Java HotSpot(TM) 64-Bit Server VM (25.121-b13) for windows-amd64 JRE (1.8.0_121-b13), built on Dec 12 2016 18:21:36 by "java_re" with MS VC++ 10.0 (VS2010)

time: Fri Mar 10 14:22:03 2017
elapsed time: 251 seconds (0d 0h 4m 11s)

