#
# A fatal error has been detected by the Java Runtime Environment:
#
#  EXCEPTION_ACCESS_VIOLATION (0xc0000005) at pc=0x000007fed1f51b20, pid=6504, tid=0x00000000000009a4
#
# JRE version: Java(TM) SE Runtime Environment (8.0_121-b13) (build 1.8.0_121-b13)
# Java VM: Java HotSpot(TM) 64-Bit Server VM (25.121-b13 mixed mode windows-amd64 compressed oops)
# Problematic frame:
# C  [jniortools.dll+0x441b20]
#
# Failed to write core dump. Minidumps are not enabled by default on client versions of Windows
#
# If you would like to submit a bug report, please visit:
#   http://bugreport.java.com/bugreport/crash.jsp
# The crash happened outside the Java Virtual Machine in native code.
# See problematic frame for where to report the bug.
#

---------------  T H R E A D  ---------------

Current thread (0x0000000001ede800):  JavaThread "main" [_thread_in_native, id=2468, stack(0x00000000025f0000,0x00000000026f0000)]

siginfo: ExceptionCode=0xc0000005, reading address 0x0000000000000000

Registers:
RAX=0x0000000000000000, RBX=0x0000000000434980, RCX=0x4632caeed6280000, RDX=0x000007fee46155f0
RSP=0x00000000026eefb0, RBP=0x00000000026ef0b0, RSI=0x0000000000000000, RDI=0x0000000000000000
R8 =0x00000000026ed708, R9 =0x0000000059660081, R10=0x0000000000000000, R11=0x00000000026eef70
R12=0x0000000000000001, R13=0x0000000000454ce0, R14=0x0000000000000000, R15=0x0000000000000000
RIP=0x000007fed1f51b20, EFLAGS=0x0000000000010206

Top of Stack: (sp=0x00000000026eefb0)
0x00000000026eefb0:   0000000000000000 00000000026ef018
0x00000000026eefc0:   0000000000434980 0000000000000000
0x00000000026eefd0:   0000000000000000 0000000100000000
0x00000000026eefe0:   0000000000000000 0000000000434980
0x00000000026eeff0:   0000000000000000 fffffffffffffffe
0x00000000026ef000:   0000000002418b90 0000000000000000
0x00000000026ef010:   0000000000000000 0000000000000000
0x00000000026ef020:   0000000000000000 0000000000000000
0x00000000026ef030:   0000000000000000 0000000000000000
0x00000000026ef040:   00000000026ef100 0000000000000000
0x00000000026ef050:   0000000000000000 00004632c8803998
0x00000000026ef060:   0000000000000000 0000000000000000
0x00000000026ef070:   0000000000000000 0000000000000000
0x00000000026ef080:   0000000000000000 0000000000000000
0x00000000026ef090:   0000000000000000 0000000000000000
0x00000000026ef0a0:   0000000000000000 0000000000000000 

Instructions: (pc=0x000007fed1f51b20)
0x000007fed1f51b00:   0f b6 64 24 2c 66 66 66 0f 1f 84 00 00 00 00 00
0x000007fed1f51b10:   48 8b 83 b0 00 00 00 4e 8b 2c f8 48 8b 44 24 68
0x000007fed1f51b20:   f2 46 0f 10 04 f8 41 0f 28 fb 49 8b 5d 08 48 8b
0x000007fed1f51b30:   1b 49 8b 7d 08 48 3b df 74 61 66 0f 1f 44 00 00 


Register to memory mapping:

RAX=0x0000000000000000 is an unknown value
RBX=0x0000000000434980 is an unknown value
RCX=0x4632caeed6280000 is an unknown value
RDX=0x000007fee46155f0 is an unknown value
RSP=0x00000000026eefb0 is pointing into the stack for thread: 0x0000000001ede800
RBP=0x00000000026ef0b0 is pointing into the stack for thread: 0x0000000001ede800
RSI=0x0000000000000000 is an unknown value
RDI=0x0000000000000000 is an unknown value
R8 =0x00000000026ed708 is pointing into the stack for thread: 0x0000000001ede800
R9 =0x0000000059660081 is an unknown value
R10=0x0000000000000000 is an unknown value
R11=0x00000000026eef70 is pointing into the stack for thread: 0x0000000001ede800
R12=0x0000000000000001 is an unknown value
R13=0x0000000000454ce0 is an unknown value
R14=0x0000000000000000 is an unknown value
R15=0x0000000000000000 is an unknown value


Stack: [0x00000000025f0000,0x00000000026f0000],  sp=0x00000000026eefb0,  free space=1019k
Native frames: (J=compiled Java code, j=interpreted, Vv=VM code, C=native code)
C  [jniortools.dll+0x441b20]
C  0x00000000029d7f54

Java frames: (J=compiled Java code, j=interpreted, Vv=VM code)
j  com.google.ortools.linearsolver.operations_research_linear_solverJNI.MPSolver_verifySolution(JLcom/google/ortools/linearsolver/MPSolver;DZ)Z+0
j  com.google.ortools.linearsolver.MPSolver.verifySolution(DZ)Z+7
j  com.saiglobal.sf.allocator.processor.MIP3Processor.solve([[[[Z)Lcom/saiglobal/sf/allocator/processor/MIP3Processor$SolverResult;+1870
J 1870% C2 com.saiglobal.sf.allocator.processor.MIP3Processor.scheduleBatch()Ljava/util/List; (932 bytes) @ 0x0000000003028100 [0x0000000003027d00+0x400]
j  com.saiglobal.sf.allocator.processor.MIP3Processor.execute()V+155
j  com.saiglobal.sf.allocator.main.ResourceAllocator.main([Ljava/lang/String;)V+382
v  ~StubRoutines::call_stub

---------------  P R O C E S S  ---------------

Java Threads: ( => current thread )
  0x0000000059af5800 JavaThread "Abandoned connection cleanup thread" daemon [_thread_blocked, id=2136, stack(0x0000000058d80000,0x0000000058e80000)]
  0x0000000059018000 JavaThread "Service Thread" daemon [_thread_blocked, id=1568, stack(0x0000000059780000,0x0000000059880000)]
  0x0000000058f98800 JavaThread "C1 CompilerThread2" daemon [_thread_blocked, id=1900, stack(0x0000000059560000,0x0000000059660000)]
  0x000000005763f000 JavaThread "C2 CompilerThread1" daemon [_thread_blocked, id=7536, stack(0x0000000059390000,0x0000000059490000)]
  0x0000000057638000 JavaThread "C2 CompilerThread0" daemon [_thread_blocked, id=5984, stack(0x00000000587f0000,0x00000000588f0000)]
  0x0000000057633000 JavaThread "Attach Listener" daemon [_thread_blocked, id=6460, stack(0x0000000058e90000,0x0000000058f90000)]
  0x0000000057632000 JavaThread "Signal Dispatcher" daemon [_thread_blocked, id=7952, stack(0x0000000058c80000,0x0000000058d80000)]
  0x000000005761b000 JavaThread "Finalizer" daemon [_thread_blocked, id=4952, stack(0x0000000058b40000,0x0000000058c40000)]
  0x00000000575d3800 JavaThread "Reference Handler" daemon [_thread_blocked, id=6300, stack(0x00000000588f0000,0x00000000589f0000)]
=>0x0000000001ede800 JavaThread "main" [_thread_in_native, id=2468, stack(0x00000000025f0000,0x00000000026f0000)]

Other Threads:
  0x00000000575cc000 VMThread [stack: 0x00000000586c0000,0x00000000587c0000] [id=2632]
  0x000000005904c000 WatcherThread [stack: 0x0000000059960000,0x0000000059a60000] [id=8452]

VM state:not at safepoint (normal execution)

VM Mutex/Monitor currently owned by a thread: None

Heap:
 PSYoungGen      total 470528K, used 141590K [0x00000000d5d80000, 0x00000000f6780000, 0x0000000100000000)
  eden space 420864K, 31% used [0x00000000d5d80000,0x00000000de0bdbd8,0x00000000ef880000)
  from space 49664K, 14% used [0x00000000f3700000,0x00000000f3e08000,0x00000000f6780000)
  to   space 56832K, 0% used [0x00000000ef880000,0x00000000ef880000,0x00000000f3000000)
 ParOldGen       total 200704K, used 123515K [0x0000000081800000, 0x000000008dc00000, 0x00000000d5d80000)
  object space 200704K, 61% used [0x0000000081800000,0x000000008909edc8,0x000000008dc00000)
 Metaspace       used 12634K, capacity 12932K, committed 13056K, reserved 1060864K
  class space    used 1304K, capacity 1418K, committed 1536K, reserved 1048576K

Card table byte_map: [0x0000000011d80000,0x0000000012180000] byte_map_base: 0x0000000011974000

Marking Bits: (ParMarkBitMap*) 0x0000000062d5b6d0
 Begin Bits: [0x0000000012900000, 0x00000000148a0000)
 End Bits:   [0x00000000148a0000, 0x0000000016840000)

Polling page: 0x0000000001db0000

CodeCache: size=245760Kb used=7006Kb max_used=7014Kb free=238753Kb
 bounds [0x00000000029c0000, 0x00000000030b0000, 0x00000000119c0000]
 total_blobs=2301 nmethods=1872 adapters=341
 compilation: enabled

Compilation events (10 events):
Event: 94.996 Thread 0x0000000057638000 1878 %     4       com.saiglobal.sf.allocator.processor.MIP3Processor::solve @ 146 (2110 bytes)
Event: 95.003 Thread 0x0000000057638000 nmethod 1878% 0x000000000308d390 code [0x000000000308d520, 0x000000000308dcb8]
Event: 95.003 Thread 0x000000005763f000 1879       4       com.saiglobal.sf.allocator.processor.MIP3Processor::solve (2110 bytes)
Event: 95.113 Thread 0x000000005763f000 nmethod 1879 0x0000000003092b90 code [0x0000000003093480, 0x00000000030970c0]
Event: 95.113 Thread 0x0000000057638000 1880 %     4       com.saiglobal.sf.allocator.processor.MIP3Processor::solve @ 1415 (2110 bytes)
Event: 95.120 Thread 0x0000000057638000 nmethod 1880% 0x0000000003043510 code [0x00000000030436e0, 0x0000000003043db8]
Event: 95.120 Thread 0x000000005763f000 1881 %     4       com.saiglobal.sf.allocator.processor.MIP3Processor::solve @ 1421 (2110 bytes)
Event: 95.132 Thread 0x000000005763f000 nmethod 1881% 0x0000000003091810 code [0x00000000030919e0, 0x0000000003092198]
Event: 95.132 Thread 0x0000000057638000 1882 %     4       com.saiglobal.sf.allocator.processor.MIP3Processor::solve @ 1580 (2110 bytes)
Event: 95.154 Thread 0x0000000057638000 nmethod 1882% 0x000000000309d5d0 code [0x000000000309daa0, 0x000000000309edd0]

GC Heap History (10 events):
Event: 93.206 GC heap before
{Heap before GC invocations=7 (full 0):
 PSYoungGen      total 147456K, used 138256K [0x00000000d5d80000, 0x00000000dfc80000, 0x0000000100000000)
  eden space 133120K, 100% used [0x00000000d5d80000,0x00000000ddf80000,0x00000000ddf80000)
  from space 14336K, 35% used [0x00000000dee80000,0x00000000df384030,0x00000000dfc80000)
  to   space 14848K, 0% used [0x00000000ddf80000,0x00000000ddf80000,0x00000000dee00000)
 ParOldGen       total 87552K, used 12497K [0x0000000081800000, 0x0000000086d80000, 0x00000000d5d80000)
  object space 87552K, 14% used [0x0000000081800000,0x0000000082434408,0x0000000086d80000)
 Metaspace       used 12537K, capacity 12786K, committed 12928K, reserved 1060864K
  class space    used 1287K, capacity 1351K, committed 1408K, reserved 1048576K
Event: 93.213 GC heap after
Heap after GC invocations=7 (full 0):
 PSYoungGen      total 147968K, used 11232K [0x00000000d5d80000, 0x00000000e8080000, 0x0000000100000000)
  eden space 133120K, 0% used [0x00000000d5d80000,0x00000000d5d80000,0x00000000ddf80000)
  from space 14848K, 75% used [0x00000000ddf80000,0x00000000dea78000,0x00000000dee00000)
  to   space 15872K, 0% used [0x00000000e7100000,0x00000000e7100000,0x00000000e8080000)
 ParOldGen       total 87552K, used 16766K [0x0000000081800000, 0x0000000086d80000, 0x00000000d5d80000)
  object space 87552K, 19% used [0x0000000081800000,0x000000008285fbc0,0x0000000086d80000)
 Metaspace       used 12537K, capacity 12786K, committed 12928K, reserved 1060864K
  class space    used 1287K, capacity 1351K, committed 1408K, reserved 1048576K
}
Event: 93.427 GC heap before
{Heap before GC invocations=8 (full 0):
 PSYoungGen      total 147968K, used 144352K [0x00000000d5d80000, 0x00000000e8080000, 0x0000000100000000)
  eden space 133120K, 100% used [0x00000000d5d80000,0x00000000ddf80000,0x00000000ddf80000)
  from space 14848K, 75% used [0x00000000ddf80000,0x00000000dea78000,0x00000000dee00000)
  to   space 15872K, 0% used [0x00000000e7100000,0x00000000e7100000,0x00000000e8080000)
 ParOldGen       total 87552K, used 16766K [0x0000000081800000, 0x0000000086d80000, 0x00000000d5d80000)
  object space 87552K, 19% used [0x0000000081800000,0x000000008285fbc0,0x0000000086d80000)
 Metaspace       used 12539K, capacity 12786K, committed 12928K, reserved 1060864K
  class space    used 1287K, capacity 1351K, committed 1408K, reserved 1048576K
Event: 93.431 GC heap after
Heap after GC invocations=8 (full 0):
 PSYoungGen      total 282112K, used 10400K [0x00000000d5d80000, 0x00000000e8080000, 0x0000000100000000)
  eden space 266240K, 0% used [0x00000000d5d80000,0x00000000d5d80000,0x00000000e6180000)
  from space 15872K, 65% used [0x00000000e7100000,0x00000000e7b28000,0x00000000e8080000)
  to   space 15872K, 0% used [0x00000000e6180000,0x00000000e6180000,0x00000000e7100000)
 ParOldGen       total 87552K, used 17622K [0x0000000081800000, 0x0000000086d80000, 0x00000000d5d80000)
  object space 87552K, 20% used [0x0000000081800000,0x0000000082935bc0,0x0000000086d80000)
 Metaspace       used 12539K, capacity 12786K, committed 12928K, reserved 1060864K
  class space    used 1287K, capacity 1351K, committed 1408K, reserved 1048576K
}
Event: 93.880 GC heap before
{Heap before GC invocations=9 (full 0):
 PSYoungGen      total 282112K, used 276640K [0x00000000d5d80000, 0x00000000e8080000, 0x0000000100000000)
  eden space 266240K, 100% used [0x00000000d5d80000,0x00000000e6180000,0x00000000e6180000)
  from space 15872K, 65% used [0x00000000e7100000,0x00000000e7b28000,0x00000000e8080000)
  to   space 15872K, 0% used [0x00000000e6180000,0x00000000e6180000,0x00000000e7100000)
 ParOldGen       total 87552K, used 17622K [0x0000000081800000, 0x0000000086d80000, 0x00000000d5d80000)
  object space 87552K, 20% used [0x0000000081800000,0x0000000082935bc0,0x0000000086d80000)
 Metaspace       used 12597K, capacity 12836K, committed 12928K, reserved 1060864K
  class space    used 1297K, capacity 1386K, committed 1408K, reserved 1048576K
Event: 93.929 GC heap after
Heap after GC invocations=9 (full 0):
 PSYoungGen      total 282112K, used 15872K [0x00000000d5d80000, 0x00000000f7080000, 0x0000000100000000)
  eden space 266240K, 0% used [0x00000000d5d80000,0x00000000d5d80000,0x00000000e6180000)
  from space 15872K, 100% used [0x00000000e6180000,0x00000000e7100000,0x00000000e7100000)
  to   space 58880K, 0% used [0x00000000f3700000,0x00000000f3700000,0x00000000f7080000)
 ParOldGen       total 118272K, used 117990K [0x0000000081800000, 0x0000000088b80000, 0x00000000d5d80000)
  object space 118272K, 99% used [0x0000000081800000,0x0000000088b39bc0,0x0000000088b80000)
 Metaspace       used 12597K, capacity 12836K, committed 12928K, reserved 1060864K
  class space    used 1297K, capacity 1386K, committed 1408K, reserved 1048576K
}
Event: 93.929 GC heap before
{Heap before GC invocations=10 (full 1):
 PSYoungGen      total 282112K, used 15872K [0x00000000d5d80000, 0x00000000f7080000, 0x0000000100000000)
  eden space 266240K, 0% used [0x00000000d5d80000,0x00000000d5d80000,0x00000000e6180000)
  from space 15872K, 100% used [0x00000000e6180000,0x00000000e7100000,0x00000000e7100000)
  to   space 58880K, 0% used [0x00000000f3700000,0x00000000f3700000,0x00000000f7080000)
 ParOldGen       total 118272K, used 117990K [0x0000000081800000, 0x0000000088b80000, 0x00000000d5d80000)
  object space 118272K, 99% used [0x0000000081800000,0x0000000088b39bc0,0x0000000088b80000)
 Metaspace       used 12597K, capacity 12836K, committed 12928K, reserved 1060864K
  class space    used 1297K, capacity 1386K, committed 1408K, reserved 1048576K
Event: 94.059 GC heap after
Heap after GC invocations=10 (full 1):
 PSYoungGen      total 282112K, used 12207K [0x00000000d5d80000, 0x00000000f7080000, 0x0000000100000000)
  eden space 266240K, 0% used [0x00000000d5d80000,0x00000000d5d80000,0x00000000e6180000)
  from space 15872K, 76% used [0x00000000e6180000,0x00000000e6d6bee0,0x00000000e7100000)
  to   space 58880K, 0% used [0x00000000f3700000,0x00000000f3700000,0x00000000f7080000)
 ParOldGen       total 200704K, used 118195K [0x0000000081800000, 0x000000008dc00000, 0x00000000d5d80000)
  object space 200704K, 58% used [0x0000000081800000,0x0000000088b6cdc8,0x000000008dc00000)
 Metaspace       used 12597K, capacity 12836K, committed 12928K, reserved 1060864K
  class space    used 1297K, capacity 1386K, committed 1408K, reserved 1048576K
}
Event: 94.806 GC heap before
{Heap before GC invocations=11 (full 1):
 PSYoungGen      total 282112K, used 278447K [0x00000000d5d80000, 0x00000000f7080000, 0x0000000100000000)
  eden space 266240K, 100% used [0x00000000d5d80000,0x00000000e6180000,0x00000000e6180000)
  from space 15872K, 76% used [0x00000000e6180000,0x00000000e6d6bee0,0x00000000e7100000)
  to   space 58880K, 0% used [0x00000000f3700000,0x00000000f3700000,0x00000000f7080000)
 ParOldGen       total 200704K, used 118195K [0x0000000081800000, 0x000000008dc00000, 0x00000000d5d80000)
  object space 200704K, 58% used [0x0000000081800000,0x0000000088b6cdc8,0x000000008dc00000)
 Metaspace       used 12597K, capacity 12836K, committed 12928K, reserved 1060864K
  class space    used 1297K, capacity 1386K, committed 1408K, reserved 1048576K
Event: 94.818 GC heap after
Heap after GC invocations=11 (full 1):
 PSYoungGen      total 470528K, used 7200K [0x00000000d5d80000, 0x00000000f6780000, 0x0000000100000000)
  eden space 420864K, 0% used [0x00000000d5d80000,0x00000000d5d80000,0x00000000ef880000)
  from space 49664K, 14% used [0x00000000f3700000,0x00000000f3e08000,0x00000000f6780000)
  to   space 56832K, 0% used [0x00000000ef880000,0x00000000ef880000,0x00000000f3000000)
 ParOldGen       total 200704K, used 123515K [0x0000000081800000, 0x000000008dc00000, 0x00000000d5d80000)
  object space 200704K, 61% used [0x0000000081800000,0x000000008909edc8,0x000000008dc00000)
 Metaspace       used 12597K, capacity 12836K, committed 12928K, reserved 1060864K
  class space    used 1297K, capacity 1386K, committed 1408K, reserved 1048576K
}

Deoptimization events (10 events):
Event: 93.677 Thread 0x0000000001ede800 Uncommon trap: reason=class_check action=maybe_recompile pc=0x0000000002ecdf08 method=java.util.Spliterator.getExactSizeIfKnown()J @ 1
Event: 93.677 Thread 0x0000000001ede800 Uncommon trap: reason=class_check action=maybe_recompile pc=0x0000000002e502f8 method=java.util.stream.StreamOpFlag.fromCharacteristics(Ljava/util/Spliterator;)I @ 1
Event: 93.677 Thread 0x0000000001ede800 Uncommon trap: reason=class_check action=maybe_recompile pc=0x0000000002ecdf08 method=java.util.Spliterator.getExactSizeIfKnown()J @ 1
Event: 94.063 Thread 0x0000000001ede800 Uncommon trap: reason=unreached action=reinterpret pc=0x000000000300ddfc method=com.saiglobal.sf.allocator.processor.MIP3Processor.presolve()[[[[Z @ 607
Event: 94.124 Thread 0x0000000001ede800 Uncommon trap: reason=unstable_if action=reinterpret pc=0x0000000003002898 method=com.saiglobal.sf.core.model.Resource.canPerform(Lcom/saiglobal/sf/core/model/WorkItem;)Z @ 58
Event: 94.517 Thread 0x0000000001ede800 Uncommon trap: reason=unstable_if action=reinterpret pc=0x000000000301e4e4 method=com.saiglobal.sf.allocator.processor.MIP3Processor.presolve()[[[[Z @ 48
Event: 94.958 Thread 0x0000000001ede800 Uncommon trap: reason=unstable_if action=reinterpret pc=0x00000000030254ec method=com.saiglobal.sf.allocator.processor.MIP3Processor.scheduleBatch()Ljava/util/List; @ 140
Event: 95.011 Thread 0x0000000001ede800 Uncommon trap: reason=unreached action=reinterpret pc=0x000000000308db10 method=com.saiglobal.sf.allocator.processor.MIP3Processor.solve([[[[Z)Lcom/saiglobal/sf/allocator/processor/MIP3Processor$SolverResult; @ 832
Event: 95.129 Thread 0x0000000001ede800 Uncommon trap: reason=null_assert action=make_not_entrant pc=0x0000000003043cb4 method=com.saiglobal.sf.allocator.processor.MIP3Processor.solve([[[[Z)Lcom/saiglobal/sf/allocator/processor/MIP3Processor$SolverResult; @ 1560
Event: 95.159 Thread 0x0000000001ede800 Uncommon trap: reason=null_assert action=make_not_entrant pc=0x000000000309e88c method=com.saiglobal.sf.allocator.processor.MIP3Processor.solve([[[[Z)Lcom/saiglobal/sf/allocator/processor/MIP3Processor$SolverResult; @ 1863

Internal exceptions (10 events):
Event: 0.309 Thread 0x0000000001ede800 Exception <a 'java/lang/ClassNotFoundException': org/apache/log4j/AppenderSkeletonCustomizer> (0x00000000d6285ad0) thrown at [C:\re\workspace\8-2-build-windows-amd64-cygwin\jdk8u121\8372\hotspot\src\share\vm\classfile\systemDictionary.cpp, line 210]
Event: 0.311 Thread 0x0000000001ede800 Exception <a 'java/lang/ClassNotFoundException': org/apache/log4j/WriterAppenderCustomizer> (0x00000000d62a0480) thrown at [C:\re\workspace\8-2-build-windows-amd64-cygwin\jdk8u121\8372\hotspot\src\share\vm\classfile\systemDictionary.cpp, line 210]
Event: 0.313 Thread 0x0000000001ede800 Exception <a 'java/lang/ClassNotFoundException': org/apache/log4j/FileAppenderCustomizer> (0x00000000d62b3c68) thrown at [C:\re\workspace\8-2-build-windows-amd64-cygwin\jdk8u121\8372\hotspot\src\share\vm\classfile\systemDictionary.cpp, line 210]
Event: 0.314 Thread 0x0000000001ede800 Exception <a 'java/lang/ClassNotFoundException': org/apache/log4j/RollingFileAppenderCustomizer> (0x00000000d62c76f0) thrown at [C:\re\workspace\8-2-build-windows-amd64-cygwin\jdk8u121\8372\hotspot\src\share\vm\classfile\systemDictionary.cpp, line 210]
Event: 0.320 Thread 0x0000000001ede800 Exception <a 'java/lang/ClassNotFoundException': org/apache/log4j/ConsoleAppenderBeanInfo> (0x00000000d62f0e00) thrown at [C:\re\workspace\8-2-build-windows-amd64-cygwin\jdk8u121\8372\hotspot\src\share\vm\classfile\systemDictionary.cpp, line 210]
Event: 0.320 Thread 0x0000000001ede800 Exception <a 'java/lang/ClassNotFoundException': org/apache/log4j/ConsoleAppenderCustomizer> (0x00000000d62f76d0) thrown at [C:\re\workspace\8-2-build-windows-amd64-cygwin\jdk8u121\8372\hotspot\src\share\vm\classfile\systemDictionary.cpp, line 210]
Event: 0.926 Thread 0x0000000001ede800 Implicit null exception at 0x0000000002bbbd86 to 0x0000000002bbc131
Event: 4.181 Thread 0x0000000001ede800 Exception <a 'java/lang/NoSuchFieldError': method resolution failed> (0x00000000d6eeefa8) thrown at [C:\re\workspace\8-2-build-windows-amd64-cygwin\jdk8u121\8372\hotspot\src\share\vm\prims\methodHandles.cpp, line 1146]
Event: 4.183 Thread 0x0000000001ede800 Exception <a 'java/lang/NoSuchFieldError': method resolution failed> (0x00000000d6efc2c8) thrown at [C:\re\workspace\8-2-build-windows-amd64-cygwin\jdk8u121\8372\hotspot\src\share\vm\prims\methodHandles.cpp, line 1146]
Event: 92.979 Thread 0x0000000001ede800 Exception <a 'java/lang/NoSuchMethodError': java.lang.Object.lambda$minBy$0(Ljava/util/Comparator;Ljava/lang/Object;Ljava/lang/Object;)Ljava/lang/Object;> (0x00000000db084e60) thrown at [C:\re\workspace\8-2-build-windows-amd64-cygwin\jdk8u121\8372\hotspot

Events (10 events):
Event: 95.129 Thread 0x0000000001ede800 Uncommon trap: trap_request=0xffffffec fr.pc=0x0000000003043cb4
Event: 95.129 Thread 0x0000000001ede800 DEOPT PACKING pc=0x0000000003043cb4 sp=0x00000000026ef2c0
Event: 95.129 Thread 0x0000000001ede800 DEOPT UNPACKING pc=0x0000000002a0582a sp=0x00000000026ef248 mode 2
Event: 95.158 loading class com/google/ortools/linearsolver/MPSolver$ResultStatus
Event: 95.158 loading class com/google/ortools/linearsolver/MPSolver$ResultStatus done
Event: 95.159 loading class com/google/ortools/linearsolver/MPSolver$ResultStatus$SwigNext
Event: 95.159 loading class com/google/ortools/linearsolver/MPSolver$ResultStatus$SwigNext done
Event: 95.159 Thread 0x0000000001ede800 Uncommon trap: trap_request=0xffffffec fr.pc=0x000000000309e88c
Event: 95.159 Thread 0x0000000001ede800 DEOPT PACKING pc=0x000000000309e88c sp=0x00000000026ef2c0
Event: 95.159 Thread 0x0000000001ede800 DEOPT UNPACKING pc=0x0000000002a0582a sp=0x00000000026ef248 mode 2


Dynamic libraries:
0x000000013ff10000 - 0x000000013ff47000 	C:\Program Files\Java\jdk1.8.0_121\bin\javaw.exe
0x00000000778f0000 - 0x0000000077a9a000 	C:\windows\SYSTEM32\ntdll.dll
0x00000000776d0000 - 0x00000000777ef000 	C:\windows\system32\kernel32.dll
0x000007fefd850000 - 0x000007fefd8ba000 	C:\windows\system32\KERNELBASE.dll
0x000007fefdbf0000 - 0x000007fefdccb000 	C:\windows\system32\ADVAPI32.dll
0x000007feff7b0000 - 0x000007feff84f000 	C:\windows\system32\msvcrt.dll
0x000007feff6e0000 - 0x000007feff6ff000 	C:\windows\SYSTEM32\sechost.dll
0x000007fefda40000 - 0x000007fefdb6d000 	C:\windows\system32\RPCRT4.dll
0x00000000777f0000 - 0x00000000778ea000 	C:\windows\system32\USER32.dll
0x000007fefdcf0000 - 0x000007fefdd57000 	C:\windows\system32\GDI32.dll
0x000007fefdfe0000 - 0x000007fefdfee000 	C:\windows\system32\LPK.dll
0x000007fefdff0000 - 0x000007fefe0ba000 	C:\windows\system32\USP10.dll
0x000007fefbaa0000 - 0x000007fefbc94000 	C:\windows\WinSxS\amd64_microsoft.windows.common-controls_6595b64144ccf1df_6.0.7601.18837_none_fa3b1e3d17594757\COMCTL32.dll
0x000007fefdf60000 - 0x000007fefdfd1000 	C:\windows\system32\SHLWAPI.dll
0x000007feff850000 - 0x000007feff87e000 	C:\windows\system32\IMM32.DLL
0x000007feff960000 - 0x000007feffa69000 	C:\windows\system32\MSCTF.dll
0x0000000068000000 - 0x0000000068056000 	C:\windows\system32\QIPCAP64.DLL
0x000007fefe0c0000 - 0x000007fefee4a000 	C:\windows\system32\SHELL32.dll
0x000007fefcc00000 - 0x000007fefcc5b000 	C:\windows\system32\DNSAPI.dll
0x000007feff700000 - 0x000007feff74d000 	C:\windows\system32\WS2_32.dll
0x000007feff1c0000 - 0x000007feff1c8000 	C:\windows\system32\NSI.dll
0x0000000063ed0000 - 0x0000000063fa2000 	C:\Program Files\Java\jdk1.8.0_121\jre\bin\msvcr100.dll
0x0000000062540000 - 0x0000000062ddb000 	C:\Program Files\Java\jdk1.8.0_121\jre\bin\server\jvm.dll
0x000007fefb770000 - 0x000007fefb779000 	C:\windows\system32\WSOCK32.dll
0x000007fefacb0000 - 0x000007fefaceb000 	C:\windows\system32\WINMM.dll
0x000007fefc6b0000 - 0x000007fefc6bc000 	C:\windows\system32\VERSION.dll
0x0000000077ab0000 - 0x0000000077ab7000 	C:\windows\system32\PSAPI.DLL
0x0000000065ec0000 - 0x0000000065ecf000 	C:\Program Files\Java\jdk1.8.0_121\jre\bin\verify.dll
0x0000000063ea0000 - 0x0000000063ec9000 	C:\Program Files\Java\jdk1.8.0_121\jre\bin\java.dll
0x0000000063e80000 - 0x0000000063e96000 	C:\Program Files\Java\jdk1.8.0_121\jre\bin\zip.dll
0x000007fefdd60000 - 0x000007fefdf5c000 	C:\windows\system32\ole32.dll
0x000007fefd5e0000 - 0x000007fefd5ef000 	C:\windows\system32\profapi.dll
0x0000000063e60000 - 0x0000000063e7a000 	C:\Program Files\Java\jdk1.8.0_121\jre\bin\net.dll
0x000007fefcd70000 - 0x000007fefcdc5000 	C:\windows\system32\mswsock.dll
0x000007fefd010000 - 0x000007fefd017000 	C:\windows\System32\wship6.dll
0x0000000063e40000 - 0x0000000063e51000 	C:\Program Files\Java\jdk1.8.0_121\jre\bin\nio.dll
0x000007fefd4d0000 - 0x000007fefd527000 	C:\windows\system32\apphelp.dll
0x0000000066570000 - 0x000000006657d000 	C:\Program Files\Java\jdk1.8.0_121\jre\bin\management.dll
0x000007fefbea0000 - 0x000007fefbeb5000 	C:\windows\system32\NLAapi.dll
0x000007fef08d0000 - 0x000007fef08e5000 	C:\windows\system32\napinsp.dll
0x000007fef08b0000 - 0x000007fef08c9000 	C:\windows\system32\pnrpnsp.dll
0x000007fef08a0000 - 0x000007fef08ab000 	C:\windows\System32\winrnr.dll
0x000007fef0890000 - 0x000007fef08a0000 	C:\windows\system32\wshbth.dll
0x000007fefc780000 - 0x000007fefc787000 	C:\windows\System32\wshtcpip.dll
0x000007fefb740000 - 0x000007fefb767000 	C:\windows\system32\IPHLPAPI.DLL
0x000007fefb730000 - 0x000007fefb73b000 	C:\windows\system32\WINNSI.DLL
0x000007fef7c40000 - 0x000007fef7c48000 	C:\windows\system32\rasadhlp.dll
0x000007fef90e0000 - 0x000007fef9133000 	C:\windows\System32\fwpuclnt.dll
0x000007fed1b10000 - 0x000007fed2890000 	C:\Code\DataAnalysisBB\dataanalysis\SFResourceAllocator\lib\jniortools.dll
0x000007fedf6f0000 - 0x000007fedf78c000 	C:\windows\system32\MSVCP140.dll
0x000007fef96a0000 - 0x000007fef96b6000 	C:\windows\system32\VCRUNTIME140.dll
0x000007fefc120000 - 0x000007fefc124000 	C:\windows\system32\api-ms-win-crt-runtime-l1-1-0.dll
0x000007fee4530000 - 0x000007fee4624000 	C:\windows\system32\ucrtbase.DLL
0x000007fee7da0000 - 0x000007fee7da3000 	C:\windows\system32\api-ms-win-core-timezone-l1-1-0.dll
0x000007fee4520000 - 0x000007fee4523000 	C:\windows\system32\api-ms-win-core-file-l2-1-0.dll
0x000007fee4510000 - 0x000007fee4513000 	C:\windows\system32\api-ms-win-core-localization-l1-2-0.dll
0x000007fee8f20000 - 0x000007fee8f23000 	C:\windows\system32\api-ms-win-core-synch-l1-2-0.dll
0x000007fee4500000 - 0x000007fee4503000 	C:\windows\system32\api-ms-win-core-processthreads-l1-1-1.dll
0x000007fee44f0000 - 0x000007fee44f3000 	C:\windows\system32\api-ms-win-core-file-l1-2-0.dll
0x000007fef9690000 - 0x000007fef9694000 	C:\windows\system32\api-ms-win-crt-string-l1-1-0.dll
0x000007fef9620000 - 0x000007fef9623000 	C:\windows\system32\api-ms-win-crt-heap-l1-1-0.dll
0x000007fef9610000 - 0x000007fef9614000 	C:\windows\system32\api-ms-win-crt-stdio-l1-1-0.dll
0x000007fef9600000 - 0x000007fef9604000 	C:\windows\system32\api-ms-win-crt-convert-l1-1-0.dll
0x000007fef95f0000 - 0x000007fef95f3000 	C:\windows\system32\api-ms-win-crt-locale-l1-1-0.dll
0x000007fef95e0000 - 0x000007fef95e5000 	C:\windows\system32\api-ms-win-crt-math-l1-1-0.dll
0x000007fef0650000 - 0x000007fef0655000 	C:\windows\system32\api-ms-win-crt-multibyte-l1-1-0.dll
0x000007fef03b0000 - 0x000007fef03b3000 	C:\windows\system32\api-ms-win-crt-time-l1-1-0.dll
0x000007fef03a0000 - 0x000007fef03a3000 	C:\windows\system32\api-ms-win-crt-filesystem-l1-1-0.dll
0x000007fef0390000 - 0x000007fef0393000 	C:\windows\system32\api-ms-win-crt-environment-l1-1-0.dll
0x000007fef0380000 - 0x000007fef0383000 	C:\windows\system32\api-ms-win-crt-utility-l1-1-0.dll
0x000007fefb780000 - 0x000007fefb8a5000 	C:\windows\system32\dbghelp.dll

VM Arguments:
jvm_args: -Djava.library.path=lib -Dfile.encoding=Cp1252 
java_command: com.saiglobal.sf.allocator.main.ResourceAllocator -ai com.saiglobal.sf.allocator.implementation.ResourceAllocatorMIPMilkRunsUK -includePipeline false -logLevel DEBUG -cp noOfMonth:12
java_class_path (initial): C:\Code\DataAnalysisBB\dataanalysis\SFResourceAllocator\bin;C:\Code\DataAnalysis\SFResourceAllocator\lib\org.apache.log4j_1.2.13.v200903072027.jar;C:\Code\DataAnalysisBB\dataanalysis\SFCore\bin;C:\Code\DataAnalysis\SFCore\lib\commons-cli-1.2.jar;C:\Code\DataAnalysis\SFCore\lib\commons-logging-1.1.3.jar;C:\Code\DataAnalysis\SFCore\lib\geocoder-java-0.15.jar;C:\Code\DataAnalysis\SFCore\lib\gson-2.2.4.jar;C:\Code\DataAnalysis\SFCore\lib\org.apache.log4j_1.2.13.v200903072027.jar;C:\Code\DataAnalysis\SFCore\lib\jsch-0.1.50.jar;C:\Code\DataAnalysis\SFCore\lib\sqljdbc4.jar;C:\Code\DataAnalysis\SFCore\lib\javax.mail.jar;C:\Code\DataAnalysis\SFCore\lib\mysql-connector-java-5.1.35-bin.jar;C:\Code\DataAnalysis\SFCore\lib\commons-lang-2.5.jar;C:\Code\DataAnalysis\SFCore\lib\force-wsc-32.0.0.jar;C:\Code\DataAnalysis\SFCore\lib\wsc.partner.32.jar;C:\Code\DataAnalysisBB\dataanalysis\SFResourceAllocator\lib\com.google.ortools.jar;C:\Code\DataAnalysisBB\dataanalysis\SFResourceAllocator\lib\protobuf.jar
Launcher Type: SUN_STANDARD

Environment Variables:
PATH=C:/Program Files/Java/jre1.8.0_121/bin/server;C:/Program Files/Java/jre1.8.0_121/bin;C:/Program Files/Java/jre1.8.0_121/lib/amd64;C:\gurobi702\win64\bin;C:\Program Files\Microsoft MPI\Bin\;C:\ProgramData\Oracle\Java\javapath;C:\windows\system32;C:\windows;C:\windows\System32\Wbem;C:\windows\System32\WindowsPowerShell\v1.0\;C:\Program Files (x86)\Common Files\Roxio Shared\DLLShared\;C:\Program Files (x86)\Common Files\Roxio Shared\10.0\DLLShared\;C:\Program Files (x86)\ATI Technologies\ATI.ACE\Core-Static;C:\Program Files (x86)\MySQL\MySQL Utilities 1.4\;C:\Program Files (x86)\MySQL\MySQL Utilities 1.4\Doctrine extensions for PHP\;C:\Program Files\nodejs\;C:\TDM-GCC-64\bin;C:\Program Files\Microsoft SQL Server\130\Tools\Binn\;C:\Program Files\Anaconda3;C:\Program Files\Anaconda3\Scripts;C:\Program Files\Anaconda3\Library\bin;C:\Program Files\Git\cmd;C:\Program Files (x86)\Microsoft Visual Studio\2017\Community\Common7\Tools\;C:\Users\conluc0\Downloads\or-tools-master\tools\;C:\Program Files\TortoiseSVN\bin;C:\Program Files\CMake\bin;C:\Program Files\Java\jdk1.8.0_121\bin;C:\Program Files\Microsoft SQL Server\110\Tools\Binn\;C:\Program Files (x86)\Microsoft SDKs\TypeScript\1.0\;C:\Program Files\Microsoft SQL Server\120\Tools\Binn\;C:\Windows\System32;C:\Users\conluc0\AppData\Local\Continuum\Anaconda;C:\Users\conluc0\AppData\Local\Continuum\Anaconda\Scripts;C:\Users\conluc0\AppData\Roaming\npm;C:\TDM-GCC-64\bin;C:\eclipse;
USERNAME=conluc0
OS=Windows_NT
PROCESSOR_IDENTIFIER=Intel64 Family 6 Model 69 Stepping 1, GenuineIntel



---------------  S Y S T E M  ---------------

OS: Windows 7 , 64 bit Build 7601 (6.1.7601.23796)

CPU:total 4 (2 cores per cpu, 2 threads per core) family 6 model 69 stepping 1, cmov, cx8, fxsr, mmx, sse, sse2, sse3, ssse3, sse4.1, sse4.2, popcnt, avx, avx2, aes, clmul, erms, lzcnt, ht, tsc, tscinvbit, bmi1, bmi2

Memory: 4k page, physical 8283244k(5589012k free), swap 33093228k(28320848k free)

vm_info: Java HotSpot(TM) 64-Bit Server VM (25.121-b13) for windows-amd64 JRE (1.8.0_121-b13), built on Dec 12 2016 18:21:36 by "java_re" with MS VC++ 10.0 (VS2010)

time: Mon May 29 16:37:16 2017
elapsed time: 95 seconds (0d 0h 1m 35s)

