#
# A fatal error has been detected by the Java Runtime Environment:
#
#  EXCEPTION_UNCAUGHT_CXX_EXCEPTION (0xe06d7363) at pc=0x000007fefd5da06d, pid=5316, tid=0x0000000000001ec8
#
# JRE version: Java(TM) SE Runtime Environment (8.0_121-b13) (build 1.8.0_121-b13)
# Java VM: Java HotSpot(TM) 64-Bit Server VM (25.121-b13 mixed mode windows-amd64 compressed oops)
# Problematic frame:
# C  [KERNELBASE.dll+0x1a06d]
#
# Failed to write core dump. Minidumps are not enabled by default on client versions of Windows
#
# If you would like to submit a bug report, please visit:
#   http://bugreport.java.com/bugreport/crash.jsp
# The crash happened outside the Java Virtual Machine in native code.
# See problematic frame for where to report the bug.
#

---------------  T H R E A D  ---------------

Current thread (0x0000000001dde800):  JavaThread "main" [_thread_in_native, id=7880, stack(0x00000000021f0000,0x00000000022f0000)]

siginfo: ExceptionCode=0xe06d7363, ExceptionInformation=0x0000000019930520 0x00000000022eec90 0x000007fed884c2b0 0x000007fed7bd0000 

Registers:
RAX=0x000000007622055d, RBX=0x00000000022eeb40, RCX=0x00000000022ebee0, RDX=0x0000000000002630
RSP=0x00000000022ec4f0, RBP=0x00000000022ecb70, RSI=0x00000000022ec620, RDI=0x00000000022ed2d0
R8 =0x0000000000000000, R9 =0x0000000000000000, R10=0x000007fed7bd0000, R11=0x00000000022ec530
R12=0x00000000022ed8e8, R13=0x000007fed859fd8d, R14=0x0000000000000000, R15=0x0000000000000000
RIP=0x000007fefd5da06d, EFLAGS=0x0000000000000202

Top of Stack: (sp=0x00000000022ec4f0)
0x00000000022ec4f0:   00000000022eeb40 00000000022ec620
0x00000000022ec500:   00000000022ed2d0 0000000000000000
0x00000000022ec510:   00000001e06d7363 0000000000000000
0x00000000022ec520:   000007fefd5da06d 000007fe00000004
0x00000000022ec530:   0000000019930520 00000000022eec90
0x00000000022ec540:   000007fed884c2b0 000007fed7bd0000
0x00000000022ec550:   0000000000000008 000007feef5e4734
0x00000000022ec560:   00000000022eeb40 00000000022eeb40
0x00000000022ec570:   00000000022ec620 00000000022ec620
0x00000000022ec580:   00000000022ed2d0 000007feef5e4751
0x00000000022ec590:   00000000022eeb40 00000000022ec620
0x00000000022ec5a0:   00000000022eee10 000000013fb52678
0x00000000022ec5b0:   00000000022eeb40 000007feef5e2a86
0x00000000022ec5c0:   000007fed859fd8d 00000000022ed8e8
0x00000000022ec5d0:   0000000000000100 0000030300000000
0x00000000022ec5e0:   0000000000000001 0000000000000000 

Instructions: (pc=0x000007fefd5da06d)
0x000007fefd5da04d:   54 24 24 48 89 4c 24 28 4d 85 c9 0f 85 6a 03 00
0x000007fefd5da05d:   00 89 4c 24 38 48 8d 4c 24 20 ff 15 33 02 03 00
0x000007fefd5da06d:   48 81 c4 c8 00 00 00 c3 90 90 90 90 90 90 90 90
0x000007fefd5da07d:   90 90 90 48 83 ec 28 65 48 8b 04 25 30 00 00 00 


Register to memory mapping:

RAX=0x000000007622055d is an unknown value
RBX=0x00000000022eeb40 is pointing into the stack for thread: 0x0000000001dde800
RCX=0x00000000022ebee0 is pointing into the stack for thread: 0x0000000001dde800
RDX=0x0000000000002630 is an unknown value
RSP=0x00000000022ec4f0 is pointing into the stack for thread: 0x0000000001dde800
RBP=0x00000000022ecb70 is pointing into the stack for thread: 0x0000000001dde800
RSI=0x00000000022ec620 is pointing into the stack for thread: 0x0000000001dde800
RDI=0x00000000022ed2d0 is pointing into the stack for thread: 0x0000000001dde800
R8 =0x0000000000000000 is an unknown value
R9 =0x0000000000000000 is an unknown value
R10=0x000007fed7bd0000 is an unknown value
R11=0x00000000022ec530 is pointing into the stack for thread: 0x0000000001dde800
R12=0x00000000022ed8e8 is pointing into the stack for thread: 0x0000000001dde800
R13=0x000007fed859fd8d is an unknown value
R14=0x0000000000000000 is an unknown value
R15=0x0000000000000000 is an unknown value


Stack: [0x00000000021f0000,0x00000000022f0000],  sp=0x00000000022ec4f0,  free space=1009k
Native frames: (J=compiled Java code, j=interpreted, Vv=VM code, C=native code)
C  [KERNELBASE.dll+0x1a06d]

Java frames: (J=compiled Java code, j=interpreted, Vv=VM code)
J 1779  com.google.ortools.linearsolver.operations_research_linear_solverJNI.MPConstraint_setCoefficient(JLcom/google/ortools/linearsolver/MPConstraint;JLcom/google/ortools/linearsolver/MPVariable;D)V (0 bytes) @ 0x00000000026edd3c [0x00000000026edcc0+0x7c]
J 1858% C2 com.saiglobal.sf.allocator.processor.MIP3Processor.solve([[[[I)Lcom/saiglobal/sf/allocator/processor/MIP3Processor$SolverResult; (1650 bytes) @ 0x0000000002d1f704 [0x0000000002d1f1a0+0x564]
j  com.saiglobal.sf.allocator.processor.MIP3Processor.scheduleBatch()Ljava/util/List;+263
j  com.saiglobal.sf.allocator.processor.MIP3Processor.execute()V+155
j  com.saiglobal.sf.allocator.main.ResourceAllocator.main([Ljava/lang/String;)V+382
v  ~StubRoutines::call_stub

---------------  P R O C E S S  ---------------

Java Threads: ( => current thread )
  0x00000000194e2000 JavaThread "Abandoned connection cleanup thread" daemon [_thread_blocked, id=10176, stack(0x000000001a060000,0x000000001a160000)]
  0x0000000018a78000 JavaThread "Service Thread" daemon [_thread_blocked, id=3160, stack(0x0000000018e10000,0x0000000018f10000)]
  0x000000001720f800 JavaThread "C1 CompilerThread2" daemon [_thread_blocked, id=7864, stack(0x00000000192e0000,0x00000000193e0000)]
  0x000000001720c800 JavaThread "C2 CompilerThread1" daemon [_thread_blocked, id=9728, stack(0x00000000190e0000,0x00000000191e0000)]
  0x0000000017208000 JavaThread "C2 CompilerThread0" daemon [_thread_blocked, id=6432, stack(0x0000000018f30000,0x0000000019030000)]
  0x0000000017203800 JavaThread "Attach Listener" daemon [_thread_blocked, id=5168, stack(0x00000000188e0000,0x00000000189e0000)]
  0x0000000017202000 JavaThread "Signal Dispatcher" daemon [_thread_blocked, id=10016, stack(0x0000000018790000,0x0000000018890000)]
  0x00000000171eb000 JavaThread "Finalizer" daemon [_thread_blocked, id=4508, stack(0x00000000185c0000,0x00000000186c0000)]
  0x00000000171a3800 JavaThread "Reference Handler" daemon [_thread_blocked, id=1876, stack(0x0000000018370000,0x0000000018470000)]
=>0x0000000001dde800 JavaThread "main" [_thread_in_native, id=7880, stack(0x00000000021f0000,0x00000000022f0000)]

Other Threads:
  0x000000001719c000 VMThread [stack: 0x0000000018200000,0x0000000018300000] [id=9564]
  0x0000000018a96800 WatcherThread [stack: 0x0000000018470000,0x0000000018570000] [id=5852]

VM state:not at safepoint (normal execution)

VM Mutex/Monitor currently owned by a thread: None

Heap:
 PSYoungGen      total 240640K, used 216273K [0x00000000d5d80000, 0x00000000ef380000, 0x0000000100000000)
  eden space 184320K, 95% used [0x00000000d5d80000,0x00000000e09bfa90,0x00000000e1180000)
  from space 56320K, 70% used [0x00000000e6f80000,0x00000000e9674c30,0x00000000ea680000)
  to   space 96256K, 0% used [0x00000000e1180000,0x00000000e1180000,0x00000000e6f80000)
 ParOldGen       total 256512K, used 157076K [0x0000000081800000, 0x0000000091280000, 0x00000000d5d80000)
  object space 256512K, 61% used [0x0000000081800000,0x000000008b1652a0,0x0000000091280000)
 Metaspace       used 12631K, capacity 12926K, committed 13056K, reserved 1060864K
  class space    used 1304K, capacity 1417K, committed 1536K, reserved 1048576K

Card table byte_map: [0x0000000011980000,0x0000000011d80000] byte_map_base: 0x0000000011574000

Marking Bits: (ParMarkBitMap*) 0x00000000700fb6d0
 Begin Bits: [0x00000000124d0000, 0x0000000014470000)
 End Bits:   [0x0000000014470000, 0x0000000016410000)

Polling page: 0x0000000001d90000

CodeCache: size=245760Kb used=7520Kb max_used=7530Kb free=238239Kb
 bounds [0x00000000025c0000, 0x0000000002d30000, 0x00000000115c0000]
 total_blobs=2248 nmethods=1819 adapters=341
 compilation: enabled

Compilation events (10 events):
Event: 171.122 Thread 0x000000001720f800 1854 %     3       com.saiglobal.sf.allocator.processor.MIP3Processor::solve @ 772 (1650 bytes)
Event: 171.141 Thread 0x000000001720f800 nmethod 1854% 0x0000000002ce1fd0 code [0x0000000002ce3300, 0x0000000002cf0588]
Event: 171.141 Thread 0x0000000017208000 1855 %     4       com.saiglobal.sf.allocator.processor.MIP3Processor::solve @ 872 (1650 bytes)
Event: 171.193 Thread 0x0000000017208000 nmethod 1855% 0x0000000002cfe650 code [0x0000000002cfe900, 0x0000000002d00310]
Event: 171.194 Thread 0x000000001720f800 1856 %     3       com.saiglobal.sf.allocator.processor.MIP3Processor::solve @ 872 (1650 bytes)
Event: 171.204 Thread 0x000000001720c800 1857       4       com.google.ortools.linearsolver.MPSolver::makeConstraint (34 bytes)
Event: 171.206 Thread 0x000000001720c800 nmethod 1857 0x0000000002c87850 code [0x0000000002c879a0, 0x0000000002c87ac8]
Event: 171.211 Thread 0x000000001720f800 nmethod 1856% 0x0000000002d02590 code [0x0000000002d038c0, 0x0000000002d10cc8]
Event: 171.211 Thread 0x000000001720c800 1858 %     4       com.saiglobal.sf.allocator.processor.MIP3Processor::solve @ 872 (1650 bytes)
Event: 171.275 Thread 0x000000001720c800 nmethod 1858% 0x0000000002d1eed0 code [0x0000000002d1f1a0, 0x0000000002d20b80]

GC Heap History (10 events):
Event: 97.526 GC heap before
{Heap before GC invocations=6 (full 0):
 PSYoungGen      total 71680K, used 71664K [0x00000000d5d80000, 0x00000000df280000, 0x0000000100000000)
  eden space 66560K, 100% used [0x00000000d5d80000,0x00000000d9e80000,0x00000000d9e80000)
  from space 5120K, 99% used [0x00000000d9e80000,0x00000000da37c030,0x00000000da380000)
  to   space 9728K, 0% used [0x00000000de900000,0x00000000de900000,0x00000000df280000)
 ParOldGen       total 87552K, used 7435K [0x0000000081800000, 0x0000000086d80000, 0x00000000d5d80000)
  object space 87552K, 8% used [0x0000000081800000,0x0000000081f42e78,0x0000000086d80000)
 Metaspace       used 12498K, capacity 12718K, committed 12928K, reserved 1060864K
  class space    used 1290K, capacity 1351K, committed 1408K, reserved 1048576K
Event: 97.550 GC heap after
Heap after GC invocations=6 (full 0):
 PSYoungGen      total 121856K, used 9712K [0x00000000d5d80000, 0x00000000e1b80000, 0x0000000100000000)
  eden space 112128K, 0% used [0x00000000d5d80000,0x00000000d5d80000,0x00000000dcb00000)
  from space 9728K, 99% used [0x00000000de900000,0x00000000df27c050,0x00000000df280000)
  to   space 30720K, 0% used [0x00000000dcb00000,0x00000000dcb00000,0x00000000de900000)
 ParOldGen       total 87552K, used 42819K [0x0000000081800000, 0x0000000086d80000, 0x00000000d5d80000)
  object space 87552K, 48% used [0x0000000081800000,0x00000000841d0e78,0x0000000086d80000)
 Metaspace       used 12498K, capacity 12718K, committed 12928K, reserved 1060864K
  class space    used 1290K, capacity 1351K, committed 1408K, reserved 1048576K
}
Event: 97.848 GC heap before
{Heap before GC invocations=7 (full 0):
 PSYoungGen      total 121856K, used 121840K [0x00000000d5d80000, 0x00000000e1b80000, 0x0000000100000000)
  eden space 112128K, 100% used [0x00000000d5d80000,0x00000000dcb00000,0x00000000dcb00000)
  from space 9728K, 99% used [0x00000000de900000,0x00000000df27c050,0x00000000df280000)
  to   space 30720K, 0% used [0x00000000dcb00000,0x00000000dcb00000,0x00000000de900000)
 ParOldGen       total 87552K, used 42819K [0x0000000081800000, 0x0000000086d80000, 0x00000000d5d80000)
  object space 87552K, 48% used [0x0000000081800000,0x00000000841d0e78,0x0000000086d80000)
 Metaspace       used 12564K, capacity 12796K, committed 12928K, reserved 1060864K
  class space    used 1293K, capacity 1352K, committed 1408K, reserved 1048576K
Event: 97.895 GC heap after
Heap after GC invocations=7 (full 0):
 PSYoungGen      total 142848K, used 30720K [0x00000000d5d80000, 0x00000000ea680000, 0x0000000100000000)
  eden space 112128K, 0% used [0x00000000d5d80000,0x00000000d5d80000,0x00000000dcb00000)
  from space 30720K, 100% used [0x00000000dcb00000,0x00000000de900000,0x00000000de900000)
  to   space 56320K, 0% used [0x00000000e6f80000,0x00000000e6f80000,0x00000000ea680000)
 ParOldGen       total 87552K, used 81059K [0x0000000081800000, 0x0000000086d80000, 0x00000000d5d80000)
  object space 87552K, 92% used [0x0000000081800000,0x0000000086728f18,0x0000000086d80000)
 Metaspace       used 12564K, capacity 12796K, committed 12928K, reserved 1060864K
  class space    used 1293K, capacity 1352K, committed 1408K, reserved 1048576K
}
Event: 97.895 GC heap before
{Heap before GC invocations=8 (full 1):
 PSYoungGen      total 142848K, used 30720K [0x00000000d5d80000, 0x00000000ea680000, 0x0000000100000000)
  eden space 112128K, 0% used [0x00000000d5d80000,0x00000000d5d80000,0x00000000dcb00000)
  from space 30720K, 100% used [0x00000000dcb00000,0x00000000de900000,0x00000000de900000)
  to   space 56320K, 0% used [0x00000000e6f80000,0x00000000e6f80000,0x00000000ea680000)
 ParOldGen       total 87552K, used 81059K [0x0000000081800000, 0x0000000086d80000, 0x00000000d5d80000)
  object space 87552K, 92% used [0x0000000081800000,0x0000000086728f18,0x0000000086d80000)
 Metaspace       used 12564K, capacity 12796K, committed 12928K, reserved 1060864K
  class space    used 1293K, capacity 1352K, committed 1408K, reserved 1048576K
Event: 98.010 GC heap after
Heap after GC invocations=8 (full 1):
 PSYoungGen      total 142848K, used 19922K [0x00000000d5d80000, 0x00000000ea680000, 0x0000000100000000)
  eden space 112128K, 0% used [0x00000000d5d80000,0x00000000d5d80000,0x00000000dcb00000)
  from space 30720K, 64% used [0x00000000dcb00000,0x00000000dde74a68,0x00000000de900000)
  to   space 56320K, 0% used [0x00000000e6f80000,0x00000000e6f80000,0x00000000ea680000)
 ParOldGen       total 157184K, used 87481K [0x0000000081800000, 0x000000008b180000, 0x00000000d5d80000)
  object space 157184K, 55% used [0x0000000081800000,0x0000000086d6e438,0x000000008b180000)
 Metaspace       used 12564K, capacity 12796K, committed 12928K, reserved 1060864K
  class space    used 1293K, capacity 1352K, committed 1408K, reserved 1048576K
}
Event: 100.209 GC heap before
{Heap before GC invocations=9 (full 1):
 PSYoungGen      total 142848K, used 132050K [0x00000000d5d80000, 0x00000000ea680000, 0x0000000100000000)
  eden space 112128K, 100% used [0x00000000d5d80000,0x00000000dcb00000,0x00000000dcb00000)
  from space 30720K, 64% used [0x00000000dcb00000,0x00000000dde74a68,0x00000000de900000)
  to   space 56320K, 0% used [0x00000000e6f80000,0x00000000e6f80000,0x00000000ea680000)
 ParOldGen       total 157184K, used 87481K [0x0000000081800000, 0x000000008b180000, 0x00000000d5d80000)
  object space 157184K, 55% used [0x0000000081800000,0x0000000086d6e438,0x000000008b180000)
 Metaspace       used 12629K, capacity 12926K, committed 13056K, reserved 1060864K
  class space    used 1304K, capacity 1417K, committed 1536K, reserved 1048576K
Event: 100.270 GC heap after
Heap after GC invocations=9 (full 1):
 PSYoungGen      total 240640K, used 56320K [0x00000000d5d80000, 0x00000000ef380000, 0x0000000100000000)
  eden space 184320K, 0% used [0x00000000d5d80000,0x00000000d5d80000,0x00000000e1180000)
  from space 56320K, 100% used [0x00000000e6f80000,0x00000000ea680000,0x00000000ea680000)
  to   space 96256K, 0% used [0x00000000e1180000,0x00000000e1180000,0x00000000e6f80000)
 ParOldGen       total 157184K, used 152126K [0x0000000081800000, 0x000000008b180000, 0x00000000d5d80000)
  object space 157184K, 96% used [0x0000000081800000,0x000000008ac8fa90,0x000000008b180000)
 Metaspace       used 12629K, capacity 12926K, committed 13056K, reserved 1060864K
  class space    used 1304K, capacity 1417K, committed 1536K, reserved 1048576K
}
Event: 100.270 GC heap before
{Heap before GC invocations=10 (full 2):
 PSYoungGen      total 240640K, used 56320K [0x00000000d5d80000, 0x00000000ef380000, 0x0000000100000000)
  eden space 184320K, 0% used [0x00000000d5d80000,0x00000000d5d80000,0x00000000e1180000)
  from space 56320K, 100% used [0x00000000e6f80000,0x00000000ea680000,0x00000000ea680000)
  to   space 96256K, 0% used [0x00000000e1180000,0x00000000e1180000,0x00000000e6f80000)
 ParOldGen       total 157184K, used 152126K [0x0000000081800000, 0x000000008b180000, 0x00000000d5d80000)
  object space 157184K, 96% used [0x0000000081800000,0x000000008ac8fa90,0x000000008b180000)
 Metaspace       used 12629K, capacity 12926K, committed 13056K, reserved 1060864K
  class space    used 1304K, capacity 1417K, committed 1536K, reserved 1048576K
Event: 100.422 GC heap after
Heap after GC invocations=10 (full 2):
 PSYoungGen      total 240640K, used 39891K [0x00000000d5d80000, 0x00000000ef380000, 0x0000000100000000)
  eden space 184320K, 0% used [0x00000000d5d80000,0x00000000d5d80000,0x00000000e1180000)
  from space 56320K, 70% used [0x00000000e6f80000,0x00000000e9674c30,0x00000000ea680000)
  to   space 96256K, 0% used [0x00000000e1180000,0x00000000e1180000,0x00000000e6f80000)
 ParOldGen       total 256512K, used 157076K [0x0000000081800000, 0x0000000091280000, 0x00000000d5d80000)
  object space 256512K, 61% used [0x0000000081800000,0x000000008b1652a0,0x0000000091280000)
 Metaspace       used 12629K, capacity 12926K, committed 13056K, reserved 1060864K
  class space    used 1304K, capacity 1417K, committed 1536K, reserved 1048576K
}

Deoptimization events (10 events):
Event: 98.205 Thread 0x0000000001dde800 Uncommon trap: reason=unreached action=reinterpret pc=0x00000000026df6c8 method=com.saiglobal.sf.allocator.processor.MIP3Processor.solve([[[[I)Lcom/saiglobal/sf/allocator/processor/MIP3Processor$SolverResult; @ 1144
Event: 98.226 Thread 0x0000000001dde800 Uncommon trap: reason=null_assert action=make_not_entrant pc=0x00000000026ccdf4 method=com.saiglobal.sf.allocator.processor.MIP3Processor.solve([[[[I)Lcom/saiglobal/sf/allocator/processor/MIP3Processor$SolverResult; @ 1151
Event: 100.108 Thread 0x0000000001dde800 Uncommon trap: reason=unstable_if action=reinterpret pc=0x0000000002c78d4c method=com.saiglobal.sf.allocator.processor.MIP3Processor.calculateSolutionCost([[[[Lcom/google/ortools/linearsolver/MPVariable;Lcom/saiglobal/sf/core/model/TravelCostCalculationTy
Event: 100.134 Thread 0x0000000001dde800 Uncommon trap: reason=bimorphic action=maybe_recompile pc=0x0000000002b5a328 method=java.util.stream.ReferencePipeline$4$1.accept(Ljava/lang/Object;)V @ 12
Event: 100.136 Thread 0x0000000001dde800 Uncommon trap: reason=null_assert action=make_not_entrant pc=0x0000000002be92e4 method=com.saiglobal.sf.allocator.processor.MIP3Processor.scheduleBatch()Ljava/util/List; @ 132
Event: 100.165 Thread 0x0000000001dde800 Uncommon trap: reason=bimorphic action=maybe_recompile pc=0x0000000002b5a328 method=java.util.stream.ReferencePipeline$4$1.accept(Ljava/lang/Object;)V @ 12
Event: 101.242 Thread 0x0000000001dde800 Uncommon trap: reason=unstable_if action=reinterpret pc=0x0000000002c24598 method=com.saiglobal.sf.allocator.processor.MIP3Processor.solve([[[[I)Lcom/saiglobal/sf/allocator/processor/MIP3Processor$SolverResult; @ 256
Event: 170.734 Thread 0x0000000001dde800 Uncommon trap: reason=unstable_if action=reinterpret pc=0x0000000002cb7948 method=com.saiglobal.sf.allocator.processor.MIP3Processor.solve([[[[I)Lcom/saiglobal/sf/allocator/processor/MIP3Processor$SolverResult; @ 587
Event: 171.122 Thread 0x0000000001dde800 Uncommon trap: reason=unreached action=reinterpret pc=0x0000000002ce0b10 method=com.saiglobal.sf.allocator.processor.MIP3Processor.solve([[[[I)Lcom/saiglobal/sf/allocator/processor/MIP3Processor$SolverResult; @ 1018
Event: 171.193 Thread 0x0000000001dde800 Uncommon trap: reason=unstable_if action=reinterpret pc=0x0000000002cff6c8 method=com.saiglobal.sf.allocator.processor.MIP3Processor.solve([[[[I)Lcom/saiglobal/sf/allocator/processor/MIP3Processor$SolverResult; @ 896

Internal exceptions (10 events):
Event: 0.282 Thread 0x0000000001dde800 Exception <a 'java/lang/ClassNotFoundException': org/apache/log4j/AppenderSkeletonCustomizer> (0x00000000d6285288) thrown at [C:\re\workspace\8-2-build-windows-amd64-cygwin\jdk8u121\8372\hotspot\src\share\vm\classfile\systemDictionary.cpp, line 210]
Event: 0.284 Thread 0x0000000001dde800 Exception <a 'java/lang/ClassNotFoundException': org/apache/log4j/WriterAppenderCustomizer> (0x00000000d629fc38) thrown at [C:\re\workspace\8-2-build-windows-amd64-cygwin\jdk8u121\8372\hotspot\src\share\vm\classfile\systemDictionary.cpp, line 210]
Event: 0.285 Thread 0x0000000001dde800 Exception <a 'java/lang/ClassNotFoundException': org/apache/log4j/FileAppenderCustomizer> (0x00000000d62b3420) thrown at [C:\re\workspace\8-2-build-windows-amd64-cygwin\jdk8u121\8372\hotspot\src\share\vm\classfile\systemDictionary.cpp, line 210]
Event: 0.287 Thread 0x0000000001dde800 Exception <a 'java/lang/ClassNotFoundException': org/apache/log4j/RollingFileAppenderCustomizer> (0x00000000d62c6ce8) thrown at [C:\re\workspace\8-2-build-windows-amd64-cygwin\jdk8u121\8372\hotspot\src\share\vm\classfile\systemDictionary.cpp, line 210]
Event: 0.293 Thread 0x0000000001dde800 Exception <a 'java/lang/ClassNotFoundException': org/apache/log4j/ConsoleAppenderBeanInfo> (0x00000000d62f03f8) thrown at [C:\re\workspace\8-2-build-windows-amd64-cygwin\jdk8u121\8372\hotspot\src\share\vm\classfile\systemDictionary.cpp, line 210]
Event: 0.293 Thread 0x0000000001dde800 Exception <a 'java/lang/ClassNotFoundException': org/apache/log4j/ConsoleAppenderCustomizer> (0x00000000d62f6cc8) thrown at [C:\re\workspace\8-2-build-windows-amd64-cygwin\jdk8u121\8372\hotspot\src\share\vm\classfile\systemDictionary.cpp, line 210]
Event: 0.492 Thread 0x0000000001dde800 Implicit null exception at 0x00000000027c1396 to 0x00000000027c1741
Event: 3.721 Thread 0x0000000001dde800 Exception <a 'java/lang/NoSuchFieldError': method resolution failed> (0x00000000d6eeefa8) thrown at [C:\re\workspace\8-2-build-windows-amd64-cygwin\jdk8u121\8372\hotspot\src\share\vm\prims\methodHandles.cpp, line 1146]
Event: 3.722 Thread 0x0000000001dde800 Exception <a 'java/lang/NoSuchFieldError': method resolution failed> (0x00000000d6efc2c8) thrown at [C:\re\workspace\8-2-build-windows-amd64-cygwin\jdk8u121\8372\hotspot\src\share\vm\prims\methodHandles.cpp, line 1146]
Event: 97.174 Thread 0x0000000001dde800 Exception <a 'java/lang/NoSuchMethodError': java.lang.Object.lambda$minBy$0(Ljava/util/Comparator;Ljava/lang/Object;Ljava/lang/Object;)Ljava/lang/Object;> (0x00000000d79d9d78) thrown at [C:\re\workspace\8-2-build-windows-amd64-cygwin\jdk8u121\8372\hotspot

Events (10 events):
Event: 171.122 Thread 0x0000000001dde800 Uncommon trap: trap_request=0xffffffad fr.pc=0x0000000002ce0b10
Event: 171.122 Thread 0x0000000001dde800 DEOPT PACKING pc=0x0000000002ce0b10 sp=0x00000000022eefb0
Event: 171.122 Thread 0x0000000001dde800 DEOPT UNPACKING pc=0x000000000260582a sp=0x00000000022eef50 mode 2
Event: 171.193 Thread 0x0000000001dde800 DEOPT PACKING pc=0x0000000002ceef3b sp=0x00000000022eec20
Event: 171.193 Thread 0x0000000001dde800 DEOPT UNPACKING pc=0x000000000260787f sp=0x00000000022eecc0 mode 0
Event: 171.193 Thread 0x0000000001dde800 Uncommon trap: trap_request=0xffffff65 fr.pc=0x0000000002cff6c8
Event: 171.193 Thread 0x0000000001dde800 DEOPT PACKING pc=0x0000000002cff6c8 sp=0x00000000022eef90
Event: 171.193 Thread 0x0000000001dde800 DEOPT UNPACKING pc=0x000000000260582a sp=0x00000000022eef50 mode 2
Event: 171.275 Thread 0x0000000001dde800 DEOPT PACKING pc=0x0000000002d0f62b sp=0x00000000022eeb90
Event: 171.275 Thread 0x0000000001dde800 DEOPT UNPACKING pc=0x000000000260787f sp=0x00000000022eecc0 mode 0


Dynamic libraries:
0x000000013fb10000 - 0x000000013fb47000 	C:\Program Files\Java\jdk1.8.0_121\bin\javaw.exe
0x0000000077600000 - 0x00000000777aa000 	C:\windows\SYSTEM32\ntdll.dll
0x00000000773e0000 - 0x00000000774ff000 	C:\windows\system32\kernel32.dll
0x000007fefd5c0000 - 0x000007fefd62a000 	C:\windows\system32\KERNELBASE.dll
0x000007fefde40000 - 0x000007fefdf1b000 	C:\windows\system32\ADVAPI32.dll
0x000007fefdf20000 - 0x000007fefdfbf000 	C:\windows\system32\msvcrt.dll
0x000007fefe970000 - 0x000007fefe98f000 	C:\windows\SYSTEM32\sechost.dll
0x000007fefd830000 - 0x000007fefd95d000 	C:\windows\system32\RPCRT4.dll
0x0000000077500000 - 0x00000000775fa000 	C:\windows\system32\USER32.dll
0x000007fefdfc0000 - 0x000007fefe027000 	C:\windows\system32\GDI32.dll
0x000007fefe2d0000 - 0x000007fefe2de000 	C:\windows\system32\LPK.dll
0x000007feff720000 - 0x000007feff7ea000 	C:\windows\system32\USP10.dll
0x000007fefbd00000 - 0x000007fefbef4000 	C:\windows\WinSxS\amd64_microsoft.windows.common-controls_6595b64144ccf1df_6.0.7601.18837_none_fa3b1e3d17594757\COMCTL32.dll
0x000007feff7f0000 - 0x000007feff861000 	C:\windows\system32\SHLWAPI.dll
0x000007fefe940000 - 0x000007fefe96e000 	C:\windows\system32\IMM32.DLL
0x000007fefe1c0000 - 0x000007fefe2c9000 	C:\windows\system32\MSCTF.dll
0x0000000068000000 - 0x0000000068056000 	C:\windows\system32\QIPCAP64.DLL
0x000007fefe990000 - 0x000007feff71a000 	C:\windows\system32\SHELL32.dll
0x000007fefc9b0000 - 0x000007fefca0b000 	C:\windows\system32\DNSAPI.dll
0x000007fefe360000 - 0x000007fefe3ad000 	C:\windows\system32\WS2_32.dll
0x000007fefd960000 - 0x000007fefd968000 	C:\windows\system32\NSI.dll
0x0000000055120000 - 0x00000000551f2000 	C:\Program Files\Java\jdk1.8.0_121\jre\bin\msvcr100.dll
0x000000006f8e0000 - 0x000000007017b000 	C:\Program Files\Java\jdk1.8.0_121\jre\bin\server\jvm.dll
0x000007fefaa40000 - 0x000007fefaa49000 	C:\windows\system32\WSOCK32.dll
0x000007fefb100000 - 0x000007fefb13b000 	C:\windows\system32\WINMM.dll
0x000007fefc3c0000 - 0x000007fefc3cc000 	C:\windows\system32\VERSION.dll
0x00000000777d0000 - 0x00000000777d7000 	C:\windows\system32\PSAPI.DLL
0x0000000065be0000 - 0x0000000065bef000 	C:\Program Files\Java\jdk1.8.0_121\jre\bin\verify.dll
0x00000000550f0000 - 0x0000000055119000 	C:\Program Files\Java\jdk1.8.0_121\jre\bin\java.dll
0x0000000063090000 - 0x00000000630a6000 	C:\Program Files\Java\jdk1.8.0_121\jre\bin\zip.dll
0x000007fefe6e0000 - 0x000007fefe8dc000 	C:\windows\system32\ole32.dll
0x000007fefd2f0000 - 0x000007fefd2ff000 	C:\windows\system32\profapi.dll
0x00000000550d0000 - 0x00000000550ea000 	C:\Program Files\Java\jdk1.8.0_121\jre\bin\net.dll
0x000007fefca70000 - 0x000007fefcac5000 	C:\windows\system32\mswsock.dll
0x000007fefcc70000 - 0x000007fefcc77000 	C:\windows\System32\wship6.dll
0x00000000550b0000 - 0x00000000550c1000 	C:\Program Files\Java\jdk1.8.0_121\jre\bin\nio.dll
0x000007fefd1e0000 - 0x000007fefd237000 	C:\windows\system32\apphelp.dll
0x00000000664b0000 - 0x00000000664bd000 	C:\Program Files\Java\jdk1.8.0_121\jre\bin\management.dll
0x000007fefafd0000 - 0x000007fefafe5000 	C:\windows\system32\NLAapi.dll
0x000007fef0450000 - 0x000007fef0465000 	C:\windows\system32\napinsp.dll
0x000007fef0430000 - 0x000007fef0449000 	C:\windows\system32\pnrpnsp.dll
0x000007fef0420000 - 0x000007fef042b000 	C:\windows\System32\winrnr.dll
0x000007fef0410000 - 0x000007fef0420000 	C:\windows\system32\wshbth.dll
0x000007fefc870000 - 0x000007fefc877000 	C:\windows\System32\wshtcpip.dll
0x000007fefadd0000 - 0x000007fefadf7000 	C:\windows\system32\IPHLPAPI.DLL
0x000007fefadc0000 - 0x000007fefadcb000 	C:\windows\system32\WINNSI.DLL
0x000007fef7950000 - 0x000007fef7958000 	C:\windows\system32\rasadhlp.dll
0x000007fef8a50000 - 0x000007fef8aa3000 	C:\windows\System32\fwpuclnt.dll
0x000007fed7bd0000 - 0x000007fed8950000 	C:\Code\DataAnalysisBB\dataanalysis\SFResourceAllocator\lib\jniortools.dll
0x000007fede040000 - 0x000007fede0dc000 	C:\windows\system32\MSVCP140.dll
0x000007feef5e0000 - 0x000007feef5f6000 	C:\windows\system32\VCRUNTIME140.dll
0x000007fefa650000 - 0x000007fefa654000 	C:\windows\system32\api-ms-win-crt-runtime-l1-1-0.dll
0x000007fee51b0000 - 0x000007fee52a4000 	C:\windows\system32\ucrtbase.DLL
0x000007fee51a0000 - 0x000007fee51a3000 	C:\windows\system32\api-ms-win-core-timezone-l1-1-0.dll
0x000007fee5190000 - 0x000007fee5193000 	C:\windows\system32\api-ms-win-core-file-l2-1-0.dll
0x000007fee50d0000 - 0x000007fee50d3000 	C:\windows\system32\api-ms-win-core-localization-l1-2-0.dll
0x000007fee7290000 - 0x000007fee7293000 	C:\windows\system32\api-ms-win-core-synch-l1-2-0.dll
0x000007fee50c0000 - 0x000007fee50c3000 	C:\windows\system32\api-ms-win-core-processthreads-l1-1-1.dll
0x000007fee50b0000 - 0x000007fee50b3000 	C:\windows\system32\api-ms-win-core-file-l1-2-0.dll
0x000007feeffb0000 - 0x000007feeffb4000 	C:\windows\system32\api-ms-win-crt-string-l1-1-0.dll
0x000007feef5d0000 - 0x000007feef5d3000 	C:\windows\system32\api-ms-win-crt-heap-l1-1-0.dll
0x000007feef5c0000 - 0x000007feef5c4000 	C:\windows\system32\api-ms-win-crt-stdio-l1-1-0.dll
0x000007feef5b0000 - 0x000007feef5b4000 	C:\windows\system32\api-ms-win-crt-convert-l1-1-0.dll
0x000007feef5a0000 - 0x000007feef5a3000 	C:\windows\system32\api-ms-win-crt-locale-l1-1-0.dll
0x000007feef590000 - 0x000007feef595000 	C:\windows\system32\api-ms-win-crt-math-l1-1-0.dll
0x000007feef090000 - 0x000007feef095000 	C:\windows\system32\api-ms-win-crt-multibyte-l1-1-0.dll
0x000007feef020000 - 0x000007feef023000 	C:\windows\system32\api-ms-win-crt-time-l1-1-0.dll
0x000007feef010000 - 0x000007feef013000 	C:\windows\system32\api-ms-win-crt-filesystem-l1-1-0.dll
0x000007feeea00000 - 0x000007feeea03000 	C:\windows\system32\api-ms-win-crt-environment-l1-1-0.dll
0x000007feee9f0000 - 0x000007feee9f3000 	C:\windows\system32\api-ms-win-crt-utility-l1-1-0.dll

VM Arguments:
jvm_args: -Djava.library.path=lib -Dfile.encoding=Cp1252 
java_command: com.saiglobal.sf.allocator.main.ResourceAllocator -ai com.saiglobal.sf.allocator.implementation.ResourceAllocatorMIPMilkRunsUK -includePipeline false -logLevel DEBUG -cp noOfMonth:6
java_class_path (initial): C:\Code\DataAnalysisBB\dataanalysis\SFResourceAllocator\bin;C:\Code\DataAnalysis\SFResourceAllocator\lib\org.apache.log4j_1.2.13.v200903072027.jar;C:\Code\DataAnalysisBB\dataanalysis\SFCore\bin;C:\Code\DataAnalysis\SFCore\lib\commons-cli-1.2.jar;C:\Code\DataAnalysis\SFCore\lib\commons-logging-1.1.3.jar;C:\Code\DataAnalysis\SFCore\lib\geocoder-java-0.15.jar;C:\Code\DataAnalysis\SFCore\lib\gson-2.2.4.jar;C:\Code\DataAnalysis\SFCore\lib\org.apache.log4j_1.2.13.v200903072027.jar;C:\Code\DataAnalysis\SFCore\lib\jsch-0.1.50.jar;C:\Code\DataAnalysis\SFCore\lib\sqljdbc4.jar;C:\Code\DataAnalysis\SFCore\lib\javax.mail.jar;C:\Code\DataAnalysis\SFCore\lib\mysql-connector-java-5.1.35-bin.jar;C:\Code\DataAnalysis\SFCore\lib\commons-lang-2.5.jar;C:\Code\DataAnalysis\SFCore\lib\force-wsc-32.0.0.jar;C:\Code\DataAnalysis\SFCore\lib\wsc.partner.32.jar;C:\Code\DataAnalysisBB\dataanalysis\SFResourceAllocator\lib\com.google.ortools.jar;C:\Code\DataAnalysisBB\dataanalysis\SFResourceAllocator\lib\protobuf.jar
Launcher Type: SUN_STANDARD

Environment Variables:
PATH=C:/Program Files/Java/jre1.8.0_121/bin/server;C:/Program Files/Java/jre1.8.0_121/bin;C:/Program Files/Java/jre1.8.0_121/lib/amd64;C:\Program Files\Microsoft MPI\Bin\;C:\ProgramData\Oracle\Java\javapath;C:\windows\system32;C:\windows;C:\windows\System32\Wbem;C:\windows\System32\WindowsPowerShell\v1.0\;C:\Program Files (x86)\Common Files\Roxio Shared\DLLShared\;C:\Program Files (x86)\Common Files\Roxio Shared\10.0\DLLShared\;C:\Program Files (x86)\ATI Technologies\ATI.ACE\Core-Static;C:\Program Files (x86)\MySQL\MySQL Utilities 1.4\;C:\Program Files (x86)\MySQL\MySQL Utilities 1.4\Doctrine extensions for PHP\;C:\Program Files\nodejs\;C:\TDM-GCC-64\bin;C:\Program Files\Microsoft SQL Server\130\Tools\Binn\;C:\Program Files\Anaconda3;C:\Program Files\Anaconda3\Scripts;C:\Program Files\Anaconda3\Library\bin;C:\Program Files\Git\cmd;C:\Program Files (x86)\Microsoft Visual Studio\2017\Community\Common7\Tools\;C:\Users\conluc0\Downloads\or-tools-master\tools\;C:\Program Files\TortoiseSVN\bin;C:\Program Files\CMake\bin;C:\Program Files\Java\jdk1.8.0_121\bin;C:\Program Files\Microsoft SQL Server\110\Tools\Binn\;C:\Program Files (x86)\Microsoft SDKs\TypeScript\1.0\;C:\Program Files\Microsoft SQL Server\120\Tools\Binn\;C:\Windows\System32;C:\Users\conluc0\AppData\Local\Continuum\Anaconda;C:\Users\conluc0\AppData\Local\Continuum\Anaconda\Scripts;C:\Users\conluc0\AppData\Roaming\npm;C:\TDM-GCC-64\bin;C:\eclipse;
USERNAME=conluc0
OS=Windows_NT
PROCESSOR_IDENTIFIER=Intel64 Family 6 Model 69 Stepping 1, GenuineIntel



---------------  S Y S T E M  ---------------

OS: Windows 7 , 64 bit Build 7601 (6.1.7601.23796)

CPU:total 4 (2 cores per cpu, 2 threads per core) family 6 model 69 stepping 1, cmov, cx8, fxsr, mmx, sse, sse2, sse3, ssse3, sse4.1, sse4.2, popcnt, avx, avx2, aes, clmul, erms, lzcnt, ht, tsc, tscinvbit, bmi1, bmi2

Memory: 4k page, physical 8283244k(67064k free), swap 33131116k(4784k free)

vm_info: Java HotSpot(TM) 64-Bit Server VM (25.121-b13) for windows-amd64 JRE (1.8.0_121-b13), built on Dec 12 2016 18:21:36 by "java_re" with MS VC++ 10.0 (VS2010)

time: Fri May 26 10:12:42 2017
elapsed time: 1020 seconds (0d 0h 17m 0s)

