#
# A fatal error has been detected by the Java Runtime Environment:
#
#  EXCEPTION_ACCESS_VIOLATION (0xc0000005) at pc=0x000007fecc0f1b20, pid=8104, tid=0x000000000000242c
#
# JRE version: Java(TM) SE Runtime Environment (8.0_121-b13) (build 1.8.0_121-b13)
# Java VM: Java HotSpot(TM) 64-Bit Server VM (25.121-b13 mixed mode windows-amd64 compressed oops)
# Problematic frame:
# C  [jniortools.dll+0x441b20]
#
# Failed to write core dump. Minidumps are not enabled by default on client versions of Windows
#
# If you would like to submit a bug report, please visit:
#   http://bugreport.java.com/bugreport/crash.jsp
# The crash happened outside the Java Virtual Machine in native code.
# See problematic frame for where to report the bug.
#

---------------  T H R E A D  ---------------

Current thread (0x0000000002420800):  JavaThread "main" [_thread_in_native, id=9260, stack(0x0000000002610000,0x0000000002710000)]

siginfo: ExceptionCode=0xc0000005, reading address 0x0000000000000000

Registers:
RAX=0x0000000000000000, RBX=0x0000000000558660, RCX=0x197f049658650000, RDX=0x000007fee79255f0
RSP=0x000000000270e7e0, RBP=0x000000000270e8e0, RSI=0x0000000000000000, RDI=0x0000000000000000
R8 =0x000000000270cf38, R9 =0x000000010deabf91, R10=0x0000000000000000, R11=0x000000000270e7a0
R12=0x0000000000000001, R13=0x0000000063cc4bd0, R14=0x0000000000000000, R15=0x0000000000000000
RIP=0x000007fecc0f1b20, EFLAGS=0x0000000000010202

Top of Stack: (sp=0x000000000270e7e0)
0x000000000270e7e0:   3fe0000000000000 000000000270e848
0x000000000270e7f0:   0000000000558660 0000000000000000
0x000000000270e800:   0000000000000000 0000000100000000
0x000000000270e810:   0000000000000000 0000000000558660
0x000000000270e820:   0000000000000000 fffffffffffffffe
0x000000000270e830:   0000000058d4cb00 0000000000000000
0x000000000270e840:   0000000000000000 0000000000000000
0x000000000270e850:   0000000000000000 0000000000000000
0x000000000270e860:   0000000000000000 0000000000000000
0x000000000270e870:   000000000270e900 0000000000000000
0x000000000270e880:   0000000000000000 0000197f06e6bf85
0x000000000270e890:   0000000000000000 0000000000000000
0x000000000270e8a0:   0000000000000000 0000000000000000
0x000000000270e8b0:   0000000000000000 0000000000000000
0x000000000270e8c0:   0000000000000000 0000000000000000
0x000000000270e8d0:   0000000000000000 0000000000000000 

Instructions: (pc=0x000007fecc0f1b20)
0x000007fecc0f1b00:   0f b6 64 24 2c 66 66 66 0f 1f 84 00 00 00 00 00
0x000007fecc0f1b10:   48 8b 83 b0 00 00 00 4e 8b 2c f8 48 8b 44 24 68
0x000007fecc0f1b20:   f2 46 0f 10 04 f8 41 0f 28 fb 49 8b 5d 08 48 8b
0x000007fecc0f1b30:   1b 49 8b 7d 08 48 3b df 74 61 66 0f 1f 44 00 00 


Register to memory mapping:

RAX=0x0000000000000000 is an unknown value
RBX=0x0000000000558660 is an unknown value
RCX=0x197f049658650000 is an unknown value
RDX=0x000007fee79255f0 is an unknown value
RSP=0x000000000270e7e0 is pointing into the stack for thread: 0x0000000002420800
RBP=0x000000000270e8e0 is pointing into the stack for thread: 0x0000000002420800
RSI=0x0000000000000000 is an unknown value
RDI=0x0000000000000000 is an unknown value
R8 =0x000000000270cf38 is pointing into the stack for thread: 0x0000000002420800
R9 =0x000000010deabf91 is an unknown value
R10=0x0000000000000000 is an unknown value
R11=0x000000000270e7a0 is pointing into the stack for thread: 0x0000000002420800
R12=0x0000000000000001 is an unknown value
R13=0x0000000063cc4bd0 is an unknown value
R14=0x0000000000000000 is an unknown value
R15=0x0000000000000000 is an unknown value


Stack: [0x0000000002610000,0x0000000002710000],  sp=0x000000000270e7e0,  free space=1017k
Native frames: (J=compiled Java code, j=interpreted, Vv=VM code, C=native code)
C  [jniortools.dll+0x441b20]
C  0x00000000029f7f54

Java frames: (J=compiled Java code, j=interpreted, Vv=VM code)
j  com.google.ortools.linearsolver.operations_research_linear_solverJNI.MPSolver_verifySolution(JLcom/google/ortools/linearsolver/MPSolver;DZ)Z+0
J 3330% C1 com.saiglobal.sf.allocator.processor.PizzaHutMIPProcessor.solve(Z)[[[Lcom/google/ortools/linearsolver/MPVariable; (2490 bytes) @ 0x000000000352bdfc [0x0000000003518280+0x13b7c]
j  com.saiglobal.sf.allocator.processor.PizzaHutMIPProcessor.execute()V+6
j  com.saiglobal.sf.allocator.main.ResourceAllocator.main([Ljava/lang/String;)V+382
v  ~StubRoutines::call_stub

---------------  P R O C E S S  ---------------

Java Threads: ( => current thread )
  0x000000005a7f6800 JavaThread "org.apache.hadoop.fs.FileSystem$Statistics$StatisticsDataReferenceCleaner" daemon [_thread_blocked, id=9968, stack(0x0000000063d90000,0x0000000063e90000)]
  0x000000005a7f6000 JavaThread "SparkListenerBus" daemon [_thread_blocked, id=12576, stack(0x0000000061450000,0x0000000061550000)]
  0x000000005acc3000 JavaThread "context-cleaner-periodic-gc" daemon [_thread_blocked, id=9388, stack(0x000000005fbc0000,0x000000005fcc0000)]
  0x000000005acc2800 JavaThread "Spark Context Cleaner" daemon [_thread_blocked, id=13180, stack(0x000000005f800000,0x000000005f900000)]
  0x000000005acc1800 JavaThread "shuffle-server-5-1" daemon [_thread_in_native, id=11948, stack(0x0000000060ed0000,0x0000000060fd0000)]
  0x000000005acc1000 JavaThread "driver-heartbeater" daemon [_thread_blocked, id=10384, stack(0x000000005fcc0000,0x000000005fdc0000)]
  0x000000005acc0000 JavaThread "dag-scheduler-event-loop" daemon [_thread_blocked, id=11648, stack(0x000000005f0c0000,0x000000005f1c0000)]
  0x000000005acbf800 JavaThread "netty-rpc-env-timeout" daemon [_thread_blocked, id=2316, stack(0x000000005fac0000,0x000000005fbc0000)]
  0x000000005acbe800 JavaThread "Timer-0" daemon [_thread_blocked, id=9656, stack(0x000000005f930000,0x000000005fa30000)]
  0x000000005acbe000 JavaThread "heartbeat-receiver-event-loop-thread" daemon [_thread_blocked, id=2100, stack(0x000000005df10000,0x000000005e010000)]
  0x000000005acbd000 JavaThread "SparkUI-41" daemon [_thread_blocked, id=10832, stack(0x000000005f500000,0x000000005f600000)]
  0x000000005acbc800 JavaThread "SparkUI-40" daemon [_thread_blocked, id=11640, stack(0x000000005f340000,0x000000005f440000)]
  0x000000005acbb800 JavaThread "SparkUI-39" daemon [_thread_blocked, id=10612, stack(0x000000005e900000,0x000000005ea00000)]
  0x000000005acbb000 JavaThread "SparkUI-38" daemon [_thread_blocked, id=6196, stack(0x000000005efb0000,0x000000005f0b0000)]
  0x000000005acba000 JavaThread "SparkUI-37" daemon [_thread_blocked, id=11844, stack(0x000000005ee00000,0x000000005ef00000)]
  0x000000005acb9800 JavaThread "SparkUI-36-acceptor-0@72507fe9-ServerConnector@7c979fd3{HTTP/1.1,[http/1.1]}{0.0.0.0:4040}" daemon [_thread_in_native, id=2508, stack(0x000000005ea50000,0x000000005eb50000)]
  0x000000005acb8800 JavaThread "SparkUI-35" daemon [_thread_in_native, id=9476, stack(0x000000005ec10000,0x000000005ed10000)]
  0x000000005acb8000 JavaThread "SparkUI-34" daemon [_thread_in_native, id=12348, stack(0x000000005e7c0000,0x000000005e8c0000)]
  0x000000005acb7000 JavaThread "map-output-dispatcher-7" daemon [_thread_blocked, id=1200, stack(0x000000005e470000,0x000000005e570000)]
  0x000000005acb6800 JavaThread "map-output-dispatcher-6" daemon [_thread_blocked, id=10296, stack(0x000000005e290000,0x000000005e390000)]
  0x000000005acb5800 JavaThread "map-output-dispatcher-5" daemon [_thread_blocked, id=5596, stack(0x000000005e180000,0x000000005e280000)]
  0x000000005acb5000 JavaThread "map-output-dispatcher-4" daemon [_thread_blocked, id=12272, stack(0x000000005e020000,0x000000005e120000)]
  0x000000005acb4000 JavaThread "map-output-dispatcher-3" daemon [_thread_blocked, id=9660, stack(0x000000005de00000,0x000000005df00000)]
  0x0000000058c4b800 JavaThread "map-output-dispatcher-2" daemon [_thread_blocked, id=3508, stack(0x000000005dce0000,0x000000005dde0000)]
  0x0000000058c4a800 JavaThread "map-output-dispatcher-1" daemon [_thread_blocked, id=5544, stack(0x000000005d350000,0x000000005d450000)]
  0x0000000058c4a000 JavaThread "map-output-dispatcher-0" daemon [_thread_blocked, id=8208, stack(0x000000005db50000,0x000000005dc50000)]
  0x000000005af97800 JavaThread "rpc-server-3-1" daemon [_thread_in_native, id=11996, stack(0x000000005da20000,0x000000005db20000)]
  0x000000005a910800 JavaThread "dispatcher-event-loop-3" daemon [_thread_blocked, id=11200, stack(0x000000005d690000,0x000000005d790000)]
  0x000000005a910000 JavaThread "dispatcher-event-loop-2" daemon [_thread_blocked, id=12496, stack(0x000000005d4f0000,0x000000005d5f0000)]
  0x000000005af6a000 JavaThread "dispatcher-event-loop-1" daemon [_thread_blocked, id=13240, stack(0x000000005d210000,0x000000005d310000)]
  0x000000005af69000 JavaThread "dispatcher-event-loop-0" daemon [_thread_blocked, id=4892, stack(0x000000005b2d0000,0x000000005b3d0000)]
  0x000000005a448800 JavaThread "Abandoned connection cleanup thread" daemon [_thread_blocked, id=9432, stack(0x000000005b520000,0x000000005b620000)]
  0x0000000058cba000 JavaThread "Service Thread" daemon [_thread_blocked, id=4184, stack(0x0000000059700000,0x0000000059800000)]
  0x0000000058c45800 JavaThread "C1 CompilerThread2" daemon [_thread_blocked, id=10964, stack(0x0000000059440000,0x0000000059540000)]
  0x0000000058c3e800 JavaThread "C2 CompilerThread1" daemon [_thread_blocked, id=6200, stack(0x00000000592c0000,0x00000000593c0000)]
  0x0000000058c39000 JavaThread "C2 CompilerThread0" daemon [_thread_blocked, id=9204, stack(0x00000000591a0000,0x00000000592a0000)]
  0x0000000058c38000 JavaThread "Attach Listener" daemon [_thread_blocked, id=10516, stack(0x0000000058a20000,0x0000000058b20000)]
  0x0000000058c35800 JavaThread "Signal Dispatcher" daemon [_thread_blocked, id=4900, stack(0x00000000590a0000,0x00000000591a0000)]
  0x0000000057667800 JavaThread "Finalizer" daemon [_thread_blocked, id=10488, stack(0x0000000058b30000,0x0000000058c30000)]
  0x0000000057620800 JavaThread "Reference Handler" daemon [_thread_blocked, id=9496, stack(0x0000000058880000,0x0000000058980000)]
=>0x0000000002420800 JavaThread "main" [_thread_in_native, id=9260, stack(0x0000000002610000,0x0000000002710000)]

Other Threads:
  0x0000000057615000 VMThread [stack: 0x0000000058680000,0x0000000058780000] [id=13268]
  0x0000000058d48800 WatcherThread [stack: 0x0000000059870000,0x0000000059970000] [id=11304]

VM state:not at safepoint (normal execution)

VM Mutex/Monitor currently owned by a thread: None

Heap:
 PSYoungGen      total 187392K, used 179000K [0x00000000d5d80000, 0x00000000e3d80000, 0x0000000100000000)
  eden space 178688K, 95% used [0x00000000d5d80000,0x00000000e03d5750,0x00000000e0c00000)
  from space 8704K, 99% used [0x00000000e3500000,0x00000000e3d78be0,0x00000000e3d80000)
  to   space 9728K, 0% used [0x00000000e2a80000,0x00000000e2a80000,0x00000000e3400000)
 ParOldGen       total 73216K, used 14059K [0x0000000081800000, 0x0000000085f80000, 0x00000000d5d80000)
  object space 73216K, 19% used [0x0000000081800000,0x00000000825bae30,0x0000000085f80000)
 Metaspace       used 45089K, capacity 45348K, committed 45608K, reserved 1089536K
  class space    used 6087K, capacity 6178K, committed 6192K, reserved 1048576K

Card table byte_map: [0x0000000011da0000,0x00000000121a0000] byte_map_base: 0x0000000011994000

Marking Bits: (ParMarkBitMap*) 0x000000007093b6d0
 Begin Bits: [0x0000000012940000, 0x00000000148e0000)
 End Bits:   [0x00000000148e0000, 0x0000000016880000)

Polling page: 0x0000000001db0000

CodeCache: size=245760Kb used=11936Kb max_used=11975Kb free=233823Kb
 bounds [0x00000000029e0000, 0x00000000035b0000, 0x00000000119e0000]
 total_blobs=3795 nmethods=3228 adapters=479
 compilation: enabled

Compilation events (10 events):
Event: 306.763 Thread 0x0000000058c45800 3494       3       java.util.concurrent.locks.AbstractQueuedSynchronizer::enq (58 bytes)
Event: 306.764 Thread 0x0000000058c45800 nmethod 3494 0x0000000002e15210 code [0x0000000002e153a0, 0x0000000002e158d0]
Event: 306.764 Thread 0x0000000058c45800 3495       3       java.util.concurrent.ScheduledThreadPoolExecutor::now (4 bytes)
Event: 306.764 Thread 0x0000000058c45800 nmethod 3495 0x0000000002e14ed0 code [0x0000000002e15020, 0x0000000002e15190]
Event: 313.079 Thread 0x0000000058c45800 3496       1       org.apache.spark.rpc.RpcTimeout::duration (5 bytes)
Event: 313.079 Thread 0x0000000058c45800 nmethod 3496 0x0000000002e14c10 code [0x0000000002e14d60, 0x0000000002e14e70]
Event: 316.763 Thread 0x0000000058c45800 3497       3       scala.collection.convert.Wrappers$JIteratorWrapper::hasNext (10 bytes)
Event: 316.764 Thread 0x0000000058c45800 nmethod 3497 0x0000000002e14790 code [0x0000000002e14900, 0x0000000002e14b48]
Event: 316.764 Thread 0x0000000058c45800 3498       1       scala.collection.immutable.$colon$colon::tl$1 (5 bytes)
Event: 316.765 Thread 0x0000000058c45800 nmethod 3498 0x0000000002e144d0 code [0x0000000002e14620, 0x0000000002e14730]

GC Heap History (10 events):
Event: 12.853 GC heap before
{Heap before GC invocations=6 (full 1):
 PSYoungGen      total 71680K, used 66560K [0x00000000d5d80000, 0x00000000da880000, 0x0000000100000000)
  eden space 66560K, 100% used [0x00000000d5d80000,0x00000000d9e80000,0x00000000d9e80000)
  from space 5120K, 0% used [0x00000000da380000,0x00000000da380000,0x00000000da880000)
  to   space 5120K, 0% used [0x00000000d9e80000,0x00000000d9e80000,0x00000000da380000)
 ParOldGen       total 51200K, used 7336K [0x0000000081800000, 0x0000000084a00000, 0x00000000d5d80000)
  object space 51200K, 14% used [0x0000000081800000,0x0000000081f2a020,0x0000000084a00000)
 Metaspace       used 27821K, capacity 28034K, committed 28464K, reserved 1073152K
  class space    used 3709K, capacity 3775K, committed 3888K, reserved 1048576K
Event: 12.866 GC heap after
Heap after GC invocations=6 (full 1):
 PSYoungGen      total 71680K, used 5113K [0x00000000d5d80000, 0x00000000de000000, 0x0000000100000000)
  eden space 66560K, 0% used [0x00000000d5d80000,0x00000000d5d80000,0x00000000d9e80000)
  from space 5120K, 99% used [0x00000000d9e80000,0x00000000da37e600,0x00000000da380000)
  to   space 8192K, 0% used [0x00000000dd800000,0x00000000dd800000,0x00000000de000000)
 ParOldGen       total 51200K, used 9656K [0x0000000081800000, 0x0000000084a00000, 0x00000000d5d80000)
  object space 51200K, 18% used [0x0000000081800000,0x000000008216e250,0x0000000084a00000)
 Metaspace       used 27821K, capacity 28034K, committed 28464K, reserved 1073152K
  class space    used 3709K, capacity 3775K, committed 3888K, reserved 1048576K
}
Event: 13.851 GC heap before
{Heap before GC invocations=7 (full 1):
 PSYoungGen      total 71680K, used 71673K [0x00000000d5d80000, 0x00000000de000000, 0x0000000100000000)
  eden space 66560K, 100% used [0x00000000d5d80000,0x00000000d9e80000,0x00000000d9e80000)
  from space 5120K, 99% used [0x00000000d9e80000,0x00000000da37e600,0x00000000da380000)
  to   space 8192K, 0% used [0x00000000dd800000,0x00000000dd800000,0x00000000de000000)
 ParOldGen       total 51200K, used 9656K [0x0000000081800000, 0x0000000084a00000, 0x00000000d5d80000)
  object space 51200K, 18% used [0x0000000081800000,0x000000008216e250,0x0000000084a00000)
 Metaspace       used 32918K, capacity 33100K, committed 33456K, reserved 1079296K
  class space    used 4394K, capacity 4458K, committed 4528K, reserved 1048576K
Event: 13.893 GC heap after
Heap after GC invocations=7 (full 1):
 PSYoungGen      total 124928K, used 7914K [0x00000000d5d80000, 0x00000000de380000, 0x0000000100000000)
  eden space 116736K, 0% used [0x00000000d5d80000,0x00000000d5d80000,0x00000000dcf80000)
  from space 8192K, 96% used [0x00000000dd800000,0x00000000ddfba958,0x00000000de000000)
  to   space 8704K, 0% used [0x00000000dcf80000,0x00000000dcf80000,0x00000000dd800000)
 ParOldGen       total 51200K, used 9656K [0x0000000081800000, 0x0000000084a00000, 0x00000000d5d80000)
  object space 51200K, 18% used [0x0000000081800000,0x000000008216e250,0x0000000084a00000)
 Metaspace       used 32918K, capacity 33100K, committed 33456K, reserved 1079296K
  class space    used 4394K, capacity 4458K, committed 4528K, reserved 1048576K
}
Event: 14.256 GC heap before
{Heap before GC invocations=8 (full 1):
 PSYoungGen      total 124928K, used 41133K [0x00000000d5d80000, 0x00000000de380000, 0x0000000100000000)
  eden space 116736K, 28% used [0x00000000d5d80000,0x00000000d7df0cb8,0x00000000dcf80000)
  from space 8192K, 96% used [0x00000000dd800000,0x00000000ddfba958,0x00000000de000000)
  to   space 8704K, 0% used [0x00000000dcf80000,0x00000000dcf80000,0x00000000dd800000)
 ParOldGen       total 51200K, used 9656K [0x0000000081800000, 0x0000000084a00000, 0x00000000d5d80000)
  object space 51200K, 18% used [0x0000000081800000,0x000000008216e250,0x0000000084a00000)
 Metaspace       used 35123K, capacity 35288K, committed 35496K, reserved 1079296K
  class space    used 4699K, capacity 4780K, committed 4784K, reserved 1048576K
Event: 14.268 GC heap after
Heap after GC invocations=8 (full 1):
 PSYoungGen      total 125440K, used 6832K [0x00000000d5d80000, 0x00000000e3d80000, 0x0000000100000000)
  eden space 116736K, 0% used [0x00000000d5d80000,0x00000000d5d80000,0x00000000dcf80000)
  from space 8704K, 78% used [0x00000000dcf80000,0x00000000dd62c268,0x00000000dd800000)
  to   space 8704K, 0% used [0x00000000e3500000,0x00000000e3500000,0x00000000e3d80000)
 ParOldGen       total 51200K, used 9664K [0x0000000081800000, 0x0000000084a00000, 0x00000000d5d80000)
  object space 51200K, 18% used [0x0000000081800000,0x0000000082170250,0x0000000084a00000)
 Metaspace       used 35123K, capacity 35288K, committed 35496K, reserved 1079296K
  class space    used 4699K, capacity 4780K, committed 4784K, reserved 1048576K
}
Event: 14.268 GC heap before
{Heap before GC invocations=9 (full 2):
 PSYoungGen      total 125440K, used 6832K [0x00000000d5d80000, 0x00000000e3d80000, 0x0000000100000000)
  eden space 116736K, 0% used [0x00000000d5d80000,0x00000000d5d80000,0x00000000dcf80000)
  from space 8704K, 78% used [0x00000000dcf80000,0x00000000dd62c268,0x00000000dd800000)
  to   space 8704K, 0% used [0x00000000e3500000,0x00000000e3500000,0x00000000e3d80000)
 ParOldGen       total 51200K, used 9664K [0x0000000081800000, 0x0000000084a00000, 0x00000000d5d80000)
  object space 51200K, 18% used [0x0000000081800000,0x0000000082170250,0x0000000084a00000)
 Metaspace       used 35123K, capacity 35288K, committed 35496K, reserved 1079296K
  class space    used 4699K, capacity 4780K, committed 4784K, reserved 1048576K
Event: 14.384 GC heap after
Heap after GC invocations=9 (full 2):
 PSYoungGen      total 125440K, used 0K [0x00000000d5d80000, 0x00000000e3d80000, 0x0000000100000000)
  eden space 116736K, 0% used [0x00000000d5d80000,0x00000000d5d80000,0x00000000dcf80000)
  from space 8704K, 0% used [0x00000000dcf80000,0x00000000dcf80000,0x00000000dd800000)
  to   space 8704K, 0% used [0x00000000e3500000,0x00000000e3500000,0x00000000e3d80000)
 ParOldGen       total 73216K, used 11937K [0x0000000081800000, 0x0000000085f80000, 0x00000000d5d80000)
  object space 73216K, 16% used [0x0000000081800000,0x00000000823a8588,0x0000000085f80000)
 Metaspace       used 35123K, capacity 35288K, committed 35496K, reserved 1079296K
  class space    used 4699K, capacity 4780K, committed 4784K, reserved 1048576K
}
Event: 15.692 GC heap before
{Heap before GC invocations=10 (full 2):
 PSYoungGen      total 125440K, used 116736K [0x00000000d5d80000, 0x00000000e3d80000, 0x0000000100000000)
  eden space 116736K, 100% used [0x00000000d5d80000,0x00000000dcf80000,0x00000000dcf80000)
  from space 8704K, 0% used [0x00000000dcf80000,0x00000000dcf80000,0x00000000dd800000)
  to   space 8704K, 0% used [0x00000000e3500000,0x00000000e3500000,0x00000000e3d80000)
 ParOldGen       total 73216K, used 11937K [0x0000000081800000, 0x0000000085f80000, 0x00000000d5d80000)
  object space 73216K, 16% used [0x0000000081800000,0x00000000823a8588,0x0000000085f80000)
 Metaspace       used 41137K, capacity 41368K, committed 41768K, reserved 1085440K
  class space    used 5587K, capacity 5676K, committed 5680K, reserved 1048576K
Event: 15.703 GC heap after
Heap after GC invocations=10 (full 2):
 PSYoungGen      total 187392K, used 8674K [0x00000000d5d80000, 0x00000000e3d80000, 0x0000000100000000)
  eden space 178688K, 0% used [0x00000000d5d80000,0x00000000d5d80000,0x00000000e0c00000)
  from space 8704K, 99% used [0x00000000e3500000,0x00000000e3d78be0,0x00000000e3d80000)
  to   space 9728K, 0% used [0x00000000e2a80000,0x00000000e2a80000,0x00000000e3400000)
 ParOldGen       total 73216K, used 14059K [0x0000000081800000, 0x0000000085f80000, 0x00000000d5d80000)
  object space 73216K, 19% used [0x0000000081800000,0x00000000825bae30,0x0000000085f80000)
 Metaspace       used 41137K, capacity 41368K, committed 41768K, reserved 1085440K
  class space    used 5587K, capacity 5676K, committed 5680K, reserved 1048576K
}

Deoptimization events (10 events):
Event: 17.114 Thread 0x0000000002420800 Uncommon trap: reason=bimorphic action=maybe_recompile pc=0x000000000332779c method=org.apache.xmlbeans.impl.values.XmlObjectBase.getStringValue()Ljava/lang/String; @ 86
Event: 17.115 Thread 0x0000000002420800 Uncommon trap: reason=unstable_if action=reinterpret pc=0x0000000003323cdc method=org.apache.xmlbeans.impl.store.Xobj.getFirstChars()Ljava/lang/Object; @ 8
Event: 17.116 Thread 0x0000000002420800 Uncommon trap: reason=bimorphic action=maybe_recompile pc=0x000000000332779c method=org.apache.xmlbeans.impl.values.XmlObjectBase.getStringValue()Ljava/lang/String; @ 86
Event: 17.116 Thread 0x0000000002420800 Uncommon trap: reason=bimorphic action=maybe_recompile pc=0x000000000332779c method=org.apache.xmlbeans.impl.values.XmlObjectBase.getStringValue()Ljava/lang/String; @ 86
Event: 17.116 Thread 0x0000000002420800 Uncommon trap: reason=bimorphic action=maybe_recompile pc=0x000000000332779c method=org.apache.xmlbeans.impl.values.XmlObjectBase.getStringValue()Ljava/lang/String; @ 86
Event: 17.123 Thread 0x0000000002420800 Uncommon trap: reason=class_check action=maybe_recompile pc=0x00000000033524b8 method=org.apache.xmlbeans.impl.values.XmlObjectBase.check_element_dated()V @ 44
Event: 17.123 Thread 0x0000000002420800 Uncommon trap: reason=unstable_if action=reinterpret pc=0x000000000335268c method=org.apache.xmlbeans.impl.values.XmlObjectBase.get_attributeflags(Ljavax/xml/namespace/QName;)I @ 32
Event: 17.125 Thread 0x0000000002420800 Uncommon trap: reason=class_check action=maybe_recompile pc=0x00000000032c0e48 method=org.apache.xmlbeans.impl.store.CharUtil.getString(Ljava/lang/Object;II)Ljava/lang/String; @ 55
Event: 17.212 Thread 0x0000000002420800 Uncommon trap: reason=unstable_if action=reinterpret pc=0x00000000031f4ab4 method=org.apache.xmlbeans.impl.store.Xobj.getFirstChars()Ljava/lang/Object; @ 8
Event: 17.664 Thread 0x0000000002420800 Uncommon trap: reason=unreached action=reinterpret pc=0x0000000003510bac method=com.saiglobal.sf.allocator.processor.PizzaHutMIPProcessor.solve(Z)[[[Lcom/google/ortools/linearsolver/MPVariable; @ 1390

Internal exceptions (10 events):
Event: 15.658 Thread 0x0000000002420800 Exception <a 'java/security/PrivilegedActionException'> (0x00000000dcd687f0) thrown at [C:\re\workspace\8-2-build-windows-amd64-cygwin\jdk8u121\8372\hotspot\src\share\vm\prims\jvm.cpp, line 1390]
Event: 15.658 Thread 0x0000000002420800 Exception <a 'java/security/PrivilegedActionException'> (0x00000000dcd68be8) thrown at [C:\re\workspace\8-2-build-windows-amd64-cygwin\jdk8u121\8372\hotspot\src\share\vm\prims\jvm.cpp, line 1390]
Event: 15.659 Thread 0x0000000002420800 Exception <a 'java/security/PrivilegedActionException'> (0x00000000dcd7ca78) thrown at [C:\re\workspace\8-2-build-windows-amd64-cygwin\jdk8u121\8372\hotspot\src\share\vm\prims\jvm.cpp, line 1390]
Event: 15.659 Thread 0x0000000002420800 Exception <a 'java/security/PrivilegedActionException'> (0x00000000dcd7ce70) thrown at [C:\re\workspace\8-2-build-windows-amd64-cygwin\jdk8u121\8372\hotspot\src\share\vm\prims\jvm.cpp, line 1390]
Event: 15.659 Thread 0x0000000002420800 Exception <a 'java/security/PrivilegedActionException'> (0x00000000dcd92548) thrown at [C:\re\workspace\8-2-build-windows-amd64-cygwin\jdk8u121\8372\hotspot\src\share\vm\prims\jvm.cpp, line 1390]
Event: 15.659 Thread 0x0000000002420800 Exception <a 'java/security/PrivilegedActionException'> (0x00000000dcd92940) thrown at [C:\re\workspace\8-2-build-windows-amd64-cygwin\jdk8u121\8372\hotspot\src\share\vm\prims\jvm.cpp, line 1390]
Event: 15.660 Thread 0x0000000002420800 Exception <a 'java/security/PrivilegedActionException'> (0x00000000dcda7a68) thrown at [C:\re\workspace\8-2-build-windows-amd64-cygwin\jdk8u121\8372\hotspot\src\share\vm\prims\jvm.cpp, line 1390]
Event: 15.660 Thread 0x0000000002420800 Exception <a 'java/security/PrivilegedActionException'> (0x00000000dcda7e60) thrown at [C:\re\workspace\8-2-build-windows-amd64-cygwin\jdk8u121\8372\hotspot\src\share\vm\prims\jvm.cpp, line 1390]
Event: 16.191 Thread 0x0000000002420800 Implicit null exception at 0x00000000031f3a7b to 0x00000000031f3f7d
Event: 16.201 Thread 0x0000000002420800 Implicit null exception at 0x00000000031f1660 to 0x00000000031f1741

Events (10 events):
Event: 36.759 Thread 0x0000000058c45800 flushing nmethod 0x0000000002e01110
Event: 36.759 Thread 0x0000000058c45800 flushing nmethod 0x0000000002e13450
Event: 36.759 Thread 0x0000000058c45800 flushing nmethod 0x0000000002e1c9d0
Event: 36.759 Thread 0x0000000058c45800 flushing nmethod 0x0000000002e28450
Event: 36.759 Thread 0x0000000058c45800 flushing nmethod 0x0000000002ebb110
Event: 36.759 Thread 0x0000000058c45800 flushing nmethod 0x0000000002f05e90
Event: 319.993 loading class com/google/ortools/linearsolver/MPSolver$ResultStatus
Event: 319.993 loading class com/google/ortools/linearsolver/MPSolver$ResultStatus done
Event: 319.994 loading class com/google/ortools/linearsolver/MPSolver$ResultStatus$SwigNext
Event: 319.994 loading class com/google/ortools/linearsolver/MPSolver$ResultStatus$SwigNext done


Dynamic libraries:
0x000000013f420000 - 0x000000013f457000 	C:\Program Files\Java\jdk1.8.0_121\bin\javaw.exe
0x0000000077230000 - 0x00000000773da000 	C:\windows\SYSTEM32\ntdll.dll
0x0000000077110000 - 0x000000007722f000 	C:\windows\system32\kernel32.dll
0x000007fefd1e0000 - 0x000007fefd24a000 	C:\windows\system32\KERNELBASE.dll
0x000007fefec50000 - 0x000007fefed2b000 	C:\windows\system32\ADVAPI32.dll
0x000007fefe220000 - 0x000007fefe2bf000 	C:\windows\system32\msvcrt.dll
0x000007fefe8a0000 - 0x000007fefe8bf000 	C:\windows\SYSTEM32\sechost.dll
0x000007feff220000 - 0x000007feff34d000 	C:\windows\system32\RPCRT4.dll
0x0000000077010000 - 0x000000007710a000 	C:\windows\system32\USER32.dll
0x000007fefd2e0000 - 0x000007fefd347000 	C:\windows\system32\GDI32.dll
0x000007fefd480000 - 0x000007fefd48e000 	C:\windows\system32\LPK.dll
0x000007fefd350000 - 0x000007fefd41b000 	C:\windows\system32\USP10.dll
0x000007fefc770000 - 0x000007fefc964000 	C:\windows\WinSxS\amd64_microsoft.windows.common-controls_6595b64144ccf1df_6.0.7601.18837_none_fa3b1e3d17594757\COMCTL32.dll
0x000007fefe820000 - 0x000007fefe891000 	C:\windows\system32\SHLWAPI.dll
0x000007feff1f0000 - 0x000007feff21e000 	C:\windows\system32\IMM32.DLL
0x000007feff430000 - 0x000007feff539000 	C:\windows\system32\MSCTF.dll
0x0000000068000000 - 0x000000006805e000 	C:\windows\System32\QIPCAP64.dll
0x000007fefd490000 - 0x000007fefe21a000 	C:\windows\system32\SHELL32.dll
0x000007fefc220000 - 0x000007fefc27b000 	C:\windows\system32\DNSAPI.dll
0x000007fefe8c0000 - 0x000007fefe90d000 	C:\windows\system32\WS2_32.dll
0x000007feff000000 - 0x000007feff008000 	C:\windows\system32\NSI.dll
0x00000000794c0000 - 0x0000000079592000 	C:\Program Files\Java\jdk1.8.0_121\jre\bin\msvcr100.dll
0x0000000070120000 - 0x00000000709bb000 	C:\Program Files\Java\jdk1.8.0_121\jre\bin\server\jvm.dll
0x000007fefac50000 - 0x000007fefac59000 	C:\windows\system32\WSOCK32.dll
0x000007fefa4f0000 - 0x000007fefa52b000 	C:\windows\system32\WINMM.dll
0x000007fefc470000 - 0x000007fefc47c000 	C:\windows\system32\VERSION.dll
0x0000000077400000 - 0x0000000077407000 	C:\windows\system32\PSAPI.DLL
0x000000005fa90000 - 0x000000005fa9f000 	C:\Program Files\Java\jdk1.8.0_121\jre\bin\verify.dll
0x000000006d440000 - 0x000000006d469000 	C:\Program Files\Java\jdk1.8.0_121\jre\bin\java.dll
0x000000005ea10000 - 0x000000005ea26000 	C:\Program Files\Java\jdk1.8.0_121\jre\bin\zip.dll
0x000007fefea30000 - 0x000007fefec2c000 	C:\windows\system32\ole32.dll
0x000007fefcf30000 - 0x000007fefcf3f000 	C:\windows\system32\profapi.dll
0x000000005eba0000 - 0x000000005ebba000 	C:\Program Files\Java\jdk1.8.0_121\jre\bin\net.dll
0x000007fefc4c0000 - 0x000007fefc515000 	C:\windows\system32\mswsock.dll
0x000007fefc590000 - 0x000007fefc597000 	C:\windows\System32\wship6.dll
0x000000006f3c0000 - 0x000000006f3d1000 	C:\Program Files\Java\jdk1.8.0_121\jre\bin\nio.dll
0x000007fefcd60000 - 0x000007fefcdb7000 	C:\windows\system32\apphelp.dll
0x000000005f240000 - 0x000000005f24d000 	C:\Program Files\Java\jdk1.8.0_121\jre\bin\management.dll
0x000007fefb050000 - 0x000007fefb065000 	C:\windows\system32\NLAapi.dll
0x000007feee830000 - 0x000007feee845000 	C:\windows\system32\napinsp.dll
0x000007feee810000 - 0x000007feee829000 	C:\windows\system32\pnrpnsp.dll
0x000007feee800000 - 0x000007feee80b000 	C:\windows\System32\winrnr.dll
0x000007feee7f0000 - 0x000007feee800000 	C:\windows\system32\wshbth.dll
0x000007fefb900000 - 0x000007fefb907000 	C:\windows\System32\wshtcpip.dll
0x000007fefac20000 - 0x000007fefac47000 	C:\windows\system32\IPHLPAPI.DLL
0x000007fefac10000 - 0x000007fefac1b000 	C:\windows\system32\WINNSI.DLL
0x000007fef7590000 - 0x000007fef7598000 	C:\windows\system32\rasadhlp.dll
0x000007fefbd70000 - 0x000007fefbdc3000 	C:\windows\System32\fwpuclnt.dll
0x000007fecbcb0000 - 0x000007fecca30000 	C:\Code\DataAnalysisBB\dataanalysis\SFResourceAllocator\lib\jniortools.dll
0x000007fee6360000 - 0x000007fee63fc000 	C:\windows\system32\MSVCP140.dll
0x000007fefb2e0000 - 0x000007fefb2f6000 	C:\windows\system32\VCRUNTIME140.dll
0x000007fefa080000 - 0x000007fefa084000 	C:\windows\system32\api-ms-win-crt-runtime-l1-1-0.dll
0x000007fee7840000 - 0x000007fee7934000 	C:\windows\system32\ucrtbase.DLL
0x000007fee7830000 - 0x000007fee7833000 	C:\windows\system32\api-ms-win-core-timezone-l1-1-0.dll
0x000007fee7820000 - 0x000007fee7823000 	C:\windows\system32\api-ms-win-core-file-l2-1-0.dll
0x000007fee7810000 - 0x000007fee7813000 	C:\windows\system32\api-ms-win-core-localization-l1-2-0.dll
0x000007fee7130000 - 0x000007fee7133000 	C:\windows\system32\api-ms-win-core-synch-l1-2-0.dll
0x000007fee7800000 - 0x000007fee7803000 	C:\windows\system32\api-ms-win-core-processthreads-l1-1-1.dll
0x000007fee77f0000 - 0x000007fee77f3000 	C:\windows\system32\api-ms-win-core-file-l1-2-0.dll
0x000007fefa0d0000 - 0x000007fefa0d4000 	C:\windows\system32\api-ms-win-crt-string-l1-1-0.dll
0x000007fefa070000 - 0x000007fefa073000 	C:\windows\system32\api-ms-win-crt-heap-l1-1-0.dll
0x000007fef9df0000 - 0x000007fef9df4000 	C:\windows\system32\api-ms-win-crt-stdio-l1-1-0.dll
0x000007fef9de0000 - 0x000007fef9de4000 	C:\windows\system32\api-ms-win-crt-convert-l1-1-0.dll
0x000007fef8630000 - 0x000007fef8633000 	C:\windows\system32\api-ms-win-crt-locale-l1-1-0.dll
0x000007fef8590000 - 0x000007fef8595000 	C:\windows\system32\api-ms-win-crt-math-l1-1-0.dll
0x000007feed1c0000 - 0x000007feed1c5000 	C:\windows\system32\api-ms-win-crt-multibyte-l1-1-0.dll
0x000007fee9eb0000 - 0x000007fee9eb3000 	C:\windows\system32\api-ms-win-crt-time-l1-1-0.dll
0x000007fee7120000 - 0x000007fee7123000 	C:\windows\system32\api-ms-win-crt-filesystem-l1-1-0.dll
0x000007fee7110000 - 0x000007fee7113000 	C:\windows\system32\api-ms-win-crt-environment-l1-1-0.dll
0x000007fee7100000 - 0x000007fee7103000 	C:\windows\system32\api-ms-win-crt-utility-l1-1-0.dll
0x000007fefc390000 - 0x000007fefc3a8000 	C:\windows\system32\CRYPTSP.dll
0x000007fefc140000 - 0x000007fefc187000 	C:\windows\system32\rsaenh.dll
0x000007fefcf40000 - 0x000007fefcf5e000 	C:\windows\system32\USERENV.dll
0x000007fefcdc0000 - 0x000007fefcdcf000 	C:\windows\system32\CRYPTBASE.dll
0x000007fef8550000 - 0x000007fef8568000 	C:\windows\system32\dhcpcsvc.DLL
0x000007fef8530000 - 0x000007fef8541000 	C:\windows\system32\dhcpcsvc6.DLL
0x0000000002600000 - 0x0000000002609000 	C:\Program Files\Java\jdk1.8.0_121\jre\bin\w2k_lsa_auth.dll
0x000007fefccf0000 - 0x000007fefccfb000 	C:\windows\system32\Secur32.dll
0x000007fefcd30000 - 0x000007fefcd55000 	C:\windows\system32\SSPICLI.DLL
0x000000006c9d0000 - 0x000000006c9d9000 	C:\Program Files\Java\jdk1.8.0_121\jre\bin\jaas_nt.dll
0x000007fefba00000 - 0x000007fefbb25000 	C:\windows\system32\dbghelp.dll

VM Arguments:
jvm_args: -Djava.library.path=C:\Code\DataAnalysisBB\dataanalysis\SFResourceAllocator\lib -Dfile.encoding=Cp1252 
java_command: com.saiglobal.sf.allocator.main.ResourceAllocator -ai com.saiglobal.sf.allocator.implementation.StoreSchedulingPizzaHut -includePipeline false -logLevel DEBUG
java_class_path (initial): C:\Code\DataAnalysisBB\dataanalysis\SFResourceAllocator\target\classes;C:\Code\DataAnalysis\SFResourceAllocator\lib\org.apache.log4j_1.2.13.v200903072027.jar;C:\Code\DataAnalysisBB\dataanalysis\SFCore\bin;C:\Code\DataAnalysis\SFCore\lib\commons-cli-1.2.jar;C:\Code\DataAnalysis\SFCore\lib\commons-logging-1.1.3.jar;C:\Code\DataAnalysis\SFCore\lib\geocoder-java-0.15.jar;C:\Code\DataAnalysis\SFCore\lib\gson-2.2.4.jar;C:\Code\DataAnalysis\SFCore\lib\org.apache.log4j_1.2.13.v200903072027.jar;C:\Code\DataAnalysis\SFCore\lib\jsch-0.1.50.jar;C:\Code\DataAnalysis\SFCore\lib\sqljdbc4.jar;C:\Code\DataAnalysis\SFCore\lib\javax.mail.jar;C:\Code\DataAnalysis\SFCore\lib\mysql-connector-java-5.1.35-bin.jar;C:\Code\DataAnalysis\SFCore\lib\commons-lang-2.5.jar;C:\Code\DataAnalysis\SFCore\lib\force-wsc-32.0.0.jar;C:\Code\DataAnalysis\SFCore\lib\wsc.partner.32.jar;C:\Code\DataAnalysisBB\dataanalysis\SFResourceAllocator\lib\com.google.ortools.jar;C:\Code\DataAnalysisBB\dataanalysis\SFResourceAllocator\lib\protobuf.jar;C:\Code\DataAnalysisBB\dataanalysis\SFResourceAllocator\lib\commons-lang-2.5.jar;C:\Code\DataAnalysisBB\dataanalysis\SFReportEngine\lib\poi-3.11.jar;C:\Code\DataAnalysisBB\dataanalysis\SFReportEngine\lib\poi-ooxml-3.11.jar;C:\Code\DataAnalysisBB\dataanalysis\SFReportEngine\lib\poi-ooxml-schemas-3.11.jar;C:\Code\DataAnalysisBB\dataanalysis\SFReportEngine\lib\poi-scratchpad-3.11.jar;C:\Code\DataAnalysisBB\dataanalysis\SFReportEngine\lib\xmlbeans-2.6.0.jar;C:\Users\conluc0\.m2\repository\com\sparkjava\spark-core\2.6.0.RC0\spark-core-2.6.0.RC0.jar;C:\Users\conluc0\.m2\repository\org\slf4j\slf4j-api\1.7.13\slf4j-api-1.7.13.jar;C:\Users\conluc0\.m2\repository\org\eclipse\jetty\jetty-server\9.4.4.v20170414\jetty-server-9.4.4.v20170414.jar;C:\Users\conluc0\.m2\repository\javax\servlet\javax.servlet-api\3.1.0\javax.servlet-api-3.1.0.jar;C:\Users\conluc0\.m2\repository\org\eclipse\jetty\jetty-http\9.4.4.v20170414\jetty-http-9.4.4.v20170414.jar;C:\Users\co
Launcher Type: SUN_STANDARD

Environment Variables:
JAVA_HOME=C:\Program Files\Java\jre1.8.0_121
PATH=C:/Program Files/Java/jre1.8.0_121/bin/server;C:/Program Files/Java/jre1.8.0_121/bin;C:/Program Files/Java/jre1.8.0_121/lib/amd64;C:\gurobi702\win64\bin;C:\Program Files\Microsoft MPI\Bin\;C:\ProgramData\Oracle\Java\javapath;C:\windows\system32;C:\windows;C:\windows\System32\Wbem;C:\windows\System32\WindowsPowerShell\v1.0\;C:\Program Files (x86)\Common Files\Roxio Shared\DLLShared\;C:\Program Files (x86)\Common Files\Roxio Shared\10.0\DLLShared\;C:\Program Files (x86)\ATI Technologies\ATI.ACE\Core-Static;C:\Program Files (x86)\MySQL\MySQL Utilities 1.4\;C:\Program Files (x86)\MySQL\MySQL Utilities 1.4\Doctrine extensions for PHP\;C:\TDM-GCC-64\bin;C:\Program Files\Microsoft SQL Server\130\Tools\Binn\;C:\Program Files\Anaconda3;C:\Program Files\Anaconda3\Scripts;C:\Program Files\Anaconda3\Library\bin;C:\Program Files\Git\cmd;C:\Program Files (x86)\Microsoft Visual Studio\2017\Community\Common7\Tools\;C:\Users\conluc0\Downloads\or-tools-master\tools\;C:\Program Files\TortoiseSVN\bin;C:\Program Files\CMake\bin;C:\Program Files\Java\jdk1.8.0_121\bin;C:\Program Files\Microsoft SQL Server\110\Tools\Binn\;C:\Program Files (x86)\Microsoft SDKs\TypeScript\1.0\;C:\Program Files\Microsoft SQL Server\120\Tools\Binn\;C:\Windows\System32;C:\Program Files\nodejs\;C:\maven\apache-maven-3.5.0\bin;C:\Program Files (x86)\Microsoft SQL Server\Client SDK\ODBC\130\Tools\Binn\;C:\Program Files (x86)\Microsoft SQL Server\140\Tools\Binn\;C:\Program Files (x86)\Microsoft SQL Server\140\DTS\Binn\;C:\Program Files (x86)\Microsoft SQL Server\140\Tools\Binn\ManagementStudio\;C:\ProgramData\chocolatey\bin;C:\Users\conluc0\AppData\Local\Continuum\Anaconda;C:\Users\conluc0\AppData\Local\Continuum\Anaconda\Scripts;C:\TDM-GCC-64\bin;C:\Users\conluc0\AppData\Local\GitHubDesktop\bin;C:\Users\conluc0\AppData\Roaming\npm;C:\eclipse;
USERNAME=conluc0
OS=Windows_NT
PROCESSOR_IDENTIFIER=Intel64 Family 6 Model 69 Stepping 1, GenuineIntel



---------------  S Y S T E M  ---------------

OS: Windows 7 , 64 bit Build 7601 (6.1.7601.23915)

CPU:total 4 (2 cores per cpu, 2 threads per core) family 6 model 69 stepping 1, cmov, cx8, fxsr, mmx, sse, sse2, sse3, ssse3, sse4.1, sse4.2, popcnt, avx, avx2, aes, clmul, erms, lzcnt, ht, tsc, tscinvbit, bmi1, bmi2

Memory: 4k page, physical 8283244k(3243072k free), swap 16564628k(10979988k free)

vm_info: Java HotSpot(TM) 64-Bit Server VM (25.121-b13) for windows-amd64 JRE (1.8.0_121-b13), built on Dec 12 2016 18:21:36 by "java_re" with MS VC++ 10.0 (VS2010)

time: Wed Nov 22 12:53:07 2017
elapsed time: 325 seconds (0d 0h 5m 25s)

