#
# A fatal error has been detected by the Java Runtime Environment:
#
#  EXCEPTION_ACCESS_VIOLATION (0xc0000005) at pc=0x000000007700f23c, pid=9956, tid=5284
#
# JRE version: Java(TM) SE Runtime Environment (8.0_91-b14) (build 1.8.0_91-b14)
# Java VM: Java HotSpot(TM) 64-Bit Server VM (25.91-b14 mixed mode windows-amd64 compressed oops)
# Problematic frame:
# C  [ntdll.dll+0x4f23c]
#
# Failed to write core dump. Minidumps are not enabled by default on client versions of Windows
#
# If you would like to submit a bug report, please visit:
#   http://bugreport.java.com/bugreport/crash.jsp
#

---------------  T H R E A D  ---------------

Current thread (0x0000000058a71000):  JavaThread "JDWP Transport Listener: dt_socket" daemon [_thread_in_vm, id=5284, stack(0x00000000594c0000,0x00000000595c0000)]

siginfo: ExceptionCode=0xc0000005, reading address 0x00000f016bd47b28

Registers:
RAX=0x000000005a7e2600, RBX=0x00000f016bd47b20, RCX=0x000000ffffffffff, RDX=0x0000000000000000
RSP=0x00000000595bf4d0, RBP=0x000000005a494670, RSI=0x0000000000000000, RDI=0x0000000000000000
R8 =0x000000005a494660, R9 =0x000000000000ff00, R10=0x6d6f634c3c747369, R11=0x00002209004d0274
R12=0x0000000001db0000, R13=0x0000000058a71888, R14=0x0000000000000000, R15=0x0000000000000000
RIP=0x000000007700f23c, EFLAGS=0x0000000000010202

Top of Stack: (sp=0x00000000595bf4d0)
0x00000000595bf4d0:   00000000572c2060 000000006fbcbc8b
0x00000000595bf4e0:   0000000000000023 0000000000000007
0x00000000595bf4f0:   0000000058a714a0 000000005a3f8d17
0x00000000595bf500:   0000000058a71563 000000006fc821da
0x00000000595bf510:   0000000000000000 0000000000000000
0x00000000595bf520:   0000000000000000 0000000001db96e0
0x00000000595bf530:   000000005a494670 00000000595bf6b0
0x00000000595bf540:   0000000058a71000 0000000076ec1a0a
0x00000000595bf550:   0000000058a71000 0000000058a71888
0x00000000595bf560:   0000000058a71888 0000000200000078
0x00000000595bf570:   0000000058a71000 000000005a3f8d94
0x00000000595bf580:   0000000001db96e0 00000000595bf680
0x00000000595bf590:   0000000000000000 0000000058a71888
0x00000000595bf5a0:   0000000058a71000 000000006fc82249
0x00000000595bf5b0:   0000000001db96e0 0000000067e29155
0x00000000595bf5c0:   0000000058a71000 0000000058a71000 

Instructions: (pc=0x000000007700f23c)
0x000000007700f21c:   ff ff 00 00 00 49 33 dc 48 23 c1 48 c1 eb 04 48
0x000000007700f22c:   33 d8 48 33 1d 93 e1 0d 00 48 c1 e3 04 0f 0d 0b
0x000000007700f23c:   48 8b 7b 08 49 bd 01 00 00 00 01 00 00 00 49 be
0x000000007700f24c:   ff 7f 00 00 ff ff ff ff 41 c6 40 0f 80 41 88 70 


Register to memory mapping:

RAX=0x000000005a7e2600 is an unknown value
RBX=0x00000f016bd47b20 is an unknown value
RCX=0x000000ffffffffff is an unknown value
RDX=0x0000000000000000 is an unknown value
RSP=0x00000000595bf4d0 is pointing into the stack for thread: 0x0000000058a71000
RBP=0x000000005a494670 is an unknown value
RSI=0x0000000000000000 is an unknown value
RDI=0x0000000000000000 is an unknown value
R8 =0x000000005a494660 is an unknown value
R9 =0x000000000000ff00 is an unknown value
R10=0x6d6f634c3c747369 is an unknown value
R11=0x00002209004d0274 is an unknown value
R12=0x0000000001db0000 is an unknown value
R13=0x0000000058a71888 is an unknown value
R14=0x0000000000000000 is an unknown value
R15=0x0000000000000000 is an unknown value


Stack: [0x00000000594c0000,0x00000000595c0000],  sp=0x00000000595bf4d0,  free space=1021k
Native frames: (J=compiled Java code, j=interpreted, Vv=VM code, C=native code)
C  [ntdll.dll+0x4f23c]
C  [kernel32.dll+0x21a0a]
C  [msvcr100.dll+0x68d94]
V  [jvm.dll+0x1a2249]
V  [jvm.dll+0x32f2b6]
C  [jdwp.dll+0x2291e]
C  [jdwp.dll+0x5461]
C  [jdwp.dll+0x5571]
C  [jdwp.dll+0xf0a8]
C  [jdwp.dll+0x1f2d5]
C  [jdwp.dll+0x1f4aa]
V  [jvm.dll+0x1bbf38]
V  [jvm.dll+0x243ae4]
V  [jvm.dll+0x29a99a]
C  [msvcr100.dll+0x21d9f]
C  [msvcr100.dll+0x21e3b]
C  [kernel32.dll+0x159cd]
C  [ntdll.dll+0x2a561]


---------------  P R O C E S S  ---------------

Java Threads: ( => current thread )
  0x000000005a5db800 JavaThread "Abandoned connection cleanup thread" daemon [_thread_blocked, id=8984, stack(0x0000000059d10000,0x0000000059e10000)]
  0x0000000058b07000 JavaThread "Service Thread" daemon [_thread_blocked, id=9848, stack(0x0000000059a20000,0x0000000059b20000)]
  0x0000000058a96800 JavaThread "C1 CompilerThread2" daemon [_thread_blocked, id=9752, stack(0x0000000059840000,0x0000000059940000)]
  0x0000000058a93000 JavaThread "C2 CompilerThread1" daemon [_thread_blocked, id=9724, stack(0x00000000595f0000,0x00000000596f0000)]
  0x0000000058a8f800 JavaThread "C2 CompilerThread0" daemon [_thread_blocked, id=6952, stack(0x0000000059740000,0x0000000059840000)]
  0x0000000058a8e000 JavaThread "JDWP Command Reader" daemon [_thread_in_native, id=1092, stack(0x00000000593b0000,0x00000000594b0000)]
  0x0000000058a7d000 JavaThread "JDWP Event Helper Thread" daemon [_thread_blocked, id=3832, stack(0x00000000591c0000,0x00000000592c0000)]
=>0x0000000058a71000 JavaThread "JDWP Transport Listener: dt_socket" daemon [_thread_in_vm, id=5284, stack(0x00000000594c0000,0x00000000595c0000)]
  0x00000000572cf800 JavaThread "Attach Listener" daemon [_thread_blocked, id=9928, stack(0x0000000058970000,0x0000000058a70000)]
  0x00000000572ce000 JavaThread "Signal Dispatcher" daemon [_thread_blocked, id=6928, stack(0x00000000582d0000,0x00000000583d0000)]
  0x00000000572aa800 JavaThread "Finalizer" daemon [_thread_blocked, id=3492, stack(0x0000000058790000,0x0000000058890000)]
  0x0000000057263800 JavaThread "Reference Handler" daemon [_thread_blocked, id=7340, stack(0x00000000585e0000,0x00000000586e0000)]
  0x0000000001dbf000 JavaThread "main" [_thread_blocked, id=10128, stack(0x0000000002250000,0x0000000002350000)]

Other Threads:
  0x000000005725c000 VMThread [stack: 0x00000000584a0000,0x00000000585a0000] [id=5164]
  0x0000000058b1d000 WatcherThread [stack: 0x0000000059b30000,0x0000000059c30000] [id=9376]

VM state:not at safepoint (normal execution)

VM Mutex/Monitor currently owned by a thread: None

Heap:
 PSYoungGen      total 38400K, used 19475K [0x00000000d5d80000, 0x00000000da880000, 0x0000000100000000)
  eden space 33280K, 43% used [0x00000000d5d80000,0x00000000d6b88f60,0x00000000d7e00000)
  from space 5120K, 99% used [0x00000000d7e00000,0x00000000d82fc050,0x00000000d8300000)
  to   space 5120K, 0% used [0x00000000da380000,0x00000000da380000,0x00000000da880000)
 ParOldGen       total 87552K, used 5181K [0x0000000081800000, 0x0000000086d80000, 0x00000000d5d80000)
  object space 87552K, 5% used [0x0000000081800000,0x0000000081d0f610,0x0000000086d80000)
 Metaspace       used 11769K, capacity 11980K, committed 12288K, reserved 1060864K
  class space    used 1184K, capacity 1230K, committed 1280K, reserved 1048576K

Card table byte_map: [0x00000000119e0000,0x0000000011de0000] byte_map_base: 0x00000000115d4000

Marking Bits: (ParMarkBitMap*) 0x00000000702f2f70
 Begin Bits: [0x0000000012590000, 0x0000000014530000)
 End Bits:   [0x0000000014530000, 0x00000000164d0000)

Polling page: 0x0000000001d90000

CodeCache: size=245760Kb used=5969Kb max_used=6001Kb free=239790Kb
 bounds [0x0000000002620000, 0x0000000002c10000, 0x0000000011620000]
 total_blobs=1916 nmethods=1521 adapters=316
 compilation: enabled

Compilation events (10 events):
Event: 96.310 Thread 0x0000000058a96800 1625 %     3       com.saiglobal.sf.allocator.processor.MIPProcessor::getCostMatrix @ 35 (270 bytes)
Event: 96.312 Thread 0x0000000058a96800 nmethod 1625% 0x0000000002bfc310 code [0x0000000002bfc700, 0x0000000002bfe9a8]
Event: 96.313 Thread 0x0000000058a96800 1626       3       com.saiglobal.sf.allocator.processor.MIPProcessor::getCostMatrix (270 bytes)
Event: 96.315 Thread 0x0000000058a96800 nmethod 1626 0x0000000002bffd10 code [0x0000000002c000e0, 0x0000000002c02208]
Event: 96.322 Thread 0x0000000058a93000 1627 %     4       com.saiglobal.sf.allocator.processor.MIPProcessor::getCostMatrix @ 35 (270 bytes)
Event: 96.344 Thread 0x0000000058a93000 nmethod 1627% 0x0000000002bf4a10 code [0x0000000002bf4c40, 0x0000000002bf5c88]
Event: 100.319 Thread 0x0000000058a8f800 1628       4       java.text.DateFormat::format (19 bytes)
Event: 100.326 Thread 0x0000000058a8f800 nmethod 1628 0x0000000002bf3bd0 code [0x0000000002bf3d60, 0x0000000002bf44e8]
Event: 229.237 Thread 0x0000000058a93000 1629       4       java.lang.ref.ReferenceQueue::reallyPoll (66 bytes)
Event: 229.238 Thread 0x0000000058a93000 nmethod 1629 0x0000000002745d10 code [0x0000000002745e40, 0x0000000002745f58]

GC Heap History (6 events):
Event: 21.840 GC heap before
{Heap before GC invocations=1 (full 0):
 PSYoungGen      total 38400K, used 33280K [0x00000000d5d80000, 0x00000000d8800000, 0x0000000100000000)
  eden space 33280K, 100% used [0x00000000d5d80000,0x00000000d7e00000,0x00000000d7e00000)
  from space 5120K, 0% used [0x00000000d8300000,0x00000000d8300000,0x00000000d8800000)
  to   space 5120K, 0% used [0x00000000d7e00000,0x00000000d7e00000,0x00000000d8300000)
 ParOldGen       total 87552K, used 0K [0x0000000081800000, 0x0000000086d80000, 0x00000000d5d80000)
  object space 87552K, 0% used [0x0000000081800000,0x0000000081800000,0x0000000086d80000)
 Metaspace       used 10973K, capacity 11084K, committed 11264K, reserved 1058816K
  class space    used 1120K, capacity 1176K, committed 1280K, reserved 1048576K
Event: 21.849 GC heap after
Heap after GC invocations=1 (full 0):
 PSYoungGen      total 38400K, used 5088K [0x00000000d5d80000, 0x00000000d8800000, 0x0000000100000000)
  eden space 33280K, 0% used [0x00000000d5d80000,0x00000000d5d80000,0x00000000d7e00000)
  from space 5120K, 99% used [0x00000000d7e00000,0x00000000d82f8060,0x00000000d8300000)
  to   space 5120K, 0% used [0x00000000d8300000,0x00000000d8300000,0x00000000d8800000)
 ParOldGen       total 87552K, used 2549K [0x0000000081800000, 0x0000000086d80000, 0x00000000d5d80000)
  object space 87552K, 2% used [0x0000000081800000,0x0000000081a7d610,0x0000000086d80000)
 Metaspace       used 10973K, capacity 11084K, committed 11264K, reserved 1058816K
  class space    used 1120K, capacity 1176K, committed 1280K, reserved 1048576K
}
Event: 53.191 GC heap before
{Heap before GC invocations=2 (full 0):
 PSYoungGen      total 38400K, used 38368K [0x00000000d5d80000, 0x00000000d8800000, 0x0000000100000000)
  eden space 33280K, 100% used [0x00000000d5d80000,0x00000000d7e00000,0x00000000d7e00000)
  from space 5120K, 99% used [0x00000000d7e00000,0x00000000d82f8060,0x00000000d8300000)
  to   space 5120K, 0% used [0x00000000d8300000,0x00000000d8300000,0x00000000d8800000)
 ParOldGen       total 87552K, used 2549K [0x0000000081800000, 0x0000000086d80000, 0x00000000d5d80000)
  object space 87552K, 2% used [0x0000000081800000,0x0000000081a7d610,0x0000000086d80000)
 Metaspace       used 11196K, capacity 11346K, committed 11520K, reserved 1058816K
  class space    used 1128K, capacity 1177K, committed 1280K, reserved 1048576K
Event: 53.222 GC heap after
Heap after GC invocations=2 (full 0):
 PSYoungGen      total 38400K, used 5088K [0x00000000d5d80000, 0x00000000d8800000, 0x0000000100000000)
  eden space 33280K, 0% used [0x00000000d5d80000,0x00000000d5d80000,0x00000000d7e00000)
  from space 5120K, 99% used [0x00000000d8300000,0x00000000d87f8060,0x00000000d8800000)
  to   space 5120K, 0% used [0x00000000d7e00000,0x00000000d7e00000,0x00000000d8300000)
 ParOldGen       total 87552K, used 4621K [0x0000000081800000, 0x0000000086d80000, 0x00000000d5d80000)
  object space 87552K, 5% used [0x0000000081800000,0x0000000081c83610,0x0000000086d80000)
 Metaspace       used 11196K, capacity 11346K, committed 11520K, reserved 1058816K
  class space    used 1128K, capacity 1177K, committed 1280K, reserved 1048576K
}
Event: 53.406 GC heap before
{Heap before GC invocations=3 (full 0):
 PSYoungGen      total 38400K, used 38368K [0x00000000d5d80000, 0x00000000d8800000, 0x0000000100000000)
  eden space 33280K, 100% used [0x00000000d5d80000,0x00000000d7e00000,0x00000000d7e00000)
  from space 5120K, 99% used [0x00000000d8300000,0x00000000d87f8060,0x00000000d8800000)
  to   space 5120K, 0% used [0x00000000d7e00000,0x00000000d7e00000,0x00000000d8300000)
 ParOldGen       total 87552K, used 4621K [0x0000000081800000, 0x0000000086d80000, 0x00000000d5d80000)
  object space 87552K, 5% used [0x0000000081800000,0x0000000081c83610,0x0000000086d80000)
 Metaspace       used 11290K, capacity 11410K, committed 11776K, reserved 1060864K
  class space    used 1128K, capacity 1177K, committed 1280K, reserved 1048576K
Event: 53.418 GC heap after
Heap after GC invocations=3 (full 0):
 PSYoungGen      total 38400K, used 5104K [0x00000000d5d80000, 0x00000000da880000, 0x0000000100000000)
  eden space 33280K, 0% used [0x00000000d5d80000,0x00000000d5d80000,0x00000000d7e00000)
  from space 5120K, 99% used [0x00000000d7e00000,0x00000000d82fc050,0x00000000d8300000)
  to   space 5120K, 0% used [0x00000000da380000,0x00000000da380000,0x00000000da880000)
 ParOldGen       total 87552K, used 5181K [0x0000000081800000, 0x0000000086d80000, 0x00000000d5d80000)
  object space 87552K, 5% used [0x0000000081800000,0x0000000081d0f610,0x0000000086d80000)
 Metaspace       used 11290K, capacity 11410K, committed 11776K, reserved 1060864K
  class space    used 1128K, capacity 1177K, committed 1280K, reserved 1048576K
}

Deoptimization events (10 events):
Event: 0.435 Thread 0x0000000001dbf000 Uncommon trap: reason=unstable_if action=reinterpret pc=0x00000000027b5a74 method=java.lang.String.indexOf([CII[CIII)I @ 134
Event: 0.564 Thread 0x0000000001dbf000 Uncommon trap: reason=unstable_if action=reinterpret pc=0x000000000281b440 method=java.lang.AbstractStringBuilder.append(Ljava/lang/String;)Ljava/lang/AbstractStringBuilder; @ 1
Event: 4.134 Thread 0x0000000001dbf000 Uncommon trap: reason=unstable_if action=reinterpret pc=0x0000000002890f60 method=sun.misc.MetaIndex.mayContain(Ljava/lang/String;)Z @ 38
Event: 4.136 Thread 0x0000000001dbf000 Uncommon trap: reason=unstable_if action=reinterpret pc=0x00000000028875e0 method=sun.misc.MetaIndex.mayContain(Ljava/lang/String;)Z @ 38
Event: 4.201 Thread 0x0000000001dbf000 Uncommon trap: reason=class_check action=maybe_recompile pc=0x000000000289b18c method=java.util.Properties$LineReader.readLine()I @ 410
Event: 21.862 Thread 0x0000000001dbf000 Uncommon trap: reason=unstable_if action=reinterpret pc=0x000000000283ad58 method=java.util.HashMap.putVal(ILjava/lang/Object;Ljava/lang/Object;ZZ)Ljava/lang/Object; @ 94
Event: 21.863 Thread 0x0000000001dbf000 Uncommon trap: reason=unstable_if action=reinterpret pc=0x000000000282e5e4 method=java.util.HashMap.putVal(ILjava/lang/Object;Ljava/lang/Object;ZZ)Ljava/lang/Object; @ 94
Event: 21.889 Thread 0x0000000001dbf000 Uncommon trap: reason=unstable_if action=reinterpret pc=0x000000000298e008 method=java.lang.ref.SoftReference.get()Ljava/lang/Object; @ 17
Event: 21.889 Thread 0x0000000001dbf000 Uncommon trap: reason=unstable_if action=reinterpret pc=0x0000000002a29254 method=java.util.Calendar.setFieldsNormalized(I)V @ 3
Event: 53.028 Thread 0x0000000001dbf000 Uncommon trap: reason=class_check action=maybe_recompile pc=0x0000000002a9ac60 method=java.util.concurrent.ConcurrentHashMap.get(Ljava/lang/Object;)Ljava/lang/Object; @ 149

Internal exceptions (10 events):
Event: 0.426 Thread 0x0000000001dbf000 Exception <a 'java/lang/ClassNotFoundException': org/apache/log4j/AppenderSkeletonBeanInfo> (0x00000000d631e418) thrown at [C:\re\workspace\8-2-build-windows-amd64-cygwin\jdk8u91\6644\hotspot\src\share\vm\classfile\systemDictionary.cpp, line 210]
Event: 0.427 Thread 0x0000000001dbf000 Exception <a 'java/lang/ClassNotFoundException': org/apache/log4j/AppenderSkeletonCustomizer> (0x00000000d6325820) thrown at [C:\re\workspace\8-2-build-windows-amd64-cygwin\jdk8u91\6644\hotspot\src\share\vm\classfile\systemDictionary.cpp, line 210]
Event: 0.430 Thread 0x0000000001dbf000 Exception <a 'java/lang/ClassNotFoundException': org/apache/log4j/WriterAppenderCustomizer> (0x00000000d63401d0) thrown at [C:\re\workspace\8-2-build-windows-amd64-cygwin\jdk8u91\6644\hotspot\src\share\vm\classfile\systemDictionary.cpp, line 210]
Event: 0.432 Thread 0x0000000001dbf000 Exception <a 'java/lang/ClassNotFoundException': org/apache/log4j/FileAppenderCustomizer> (0x00000000d63538d0) thrown at [C:\re\workspace\8-2-build-windows-amd64-cygwin\jdk8u91\6644\hotspot\src\share\vm\classfile\systemDictionary.cpp, line 210]
Event: 0.434 Thread 0x0000000001dbf000 Exception <a 'java/lang/ClassNotFoundException': org/apache/log4j/RollingFileAppenderCustomizer> (0x00000000d63671a0) thrown at [C:\re\workspace\8-2-build-windows-amd64-cygwin\jdk8u91\6644\hotspot\src\share\vm\classfile\systemDictionary.cpp, line 210]
Event: 0.441 Thread 0x0000000001dbf000 Exception <a 'java/lang/ClassNotFoundException': org/apache/log4j/ConsoleAppenderBeanInfo> (0x00000000d63908b0) thrown at [C:\re\workspace\8-2-build-windows-amd64-cygwin\jdk8u91\6644\hotspot\src\share\vm\classfile\systemDictionary.cpp, line 210]
Event: 0.442 Thread 0x0000000001dbf000 Exception <a 'java/lang/ClassNotFoundException': org/apache/log4j/ConsoleAppenderCustomizer> (0x00000000d6397180) thrown at [C:\re\workspace\8-2-build-windows-amd64-cygwin\jdk8u91\6644\hotspot\src\share\vm\classfile\systemDictionary.cpp, line 210]
Event: 0.564 Thread 0x0000000001dbf000 Implicit null exception at 0x000000000281b009 to 0x000000000281b429
Event: 4.177 Thread 0x0000000001dbf000 Exception <a 'java/lang/NoSuchFieldError': method resolution failed> (0x00000000d6f68d80) thrown at [C:\re\workspace\8-2-build-windows-amd64-cygwin\jdk8u91\6644\hotspot\src\share\vm\prims\methodHandles.cpp, line 1146]
Event: 4.183 Thread 0x0000000001dbf000 Exception <a 'java/lang/NoSuchFieldError': method resolution failed> (0x00000000d6f760a0) thrown at [C:\re\workspace\8-2-build-windows-amd64-cygwin\jdk8u91\6644\hotspot\src\share\vm\prims\methodHandles.cpp, line 1146]

Events (10 events):
Event: 405.466 Executing VM operation: GetCurrentLocation
Event: 405.466 Executing VM operation: GetCurrentLocation done
Event: 405.466 Executing VM operation: EnterInterpOnlyMode
Event: 405.466 Executing VM operation: EnterInterpOnlyMode done
Event: 405.466 Executing VM operation: ChangeSingleStep
Event: 405.466 Executing VM operation: ChangeSingleStep done
Event: 405.466 Executing VM operation: ChangeSingleStep
Event: 405.466 Executing VM operation: ChangeSingleStep done
Event: 405.477 Executing VM operation: RedefineClasses
Event: 405.488 Executing VM operation: RedefineClasses done


Dynamic libraries:
0x000000013f750000 - 0x000000013f787000 	C:\Program Files\Java\jre1.8.0_91\bin\javaw.exe
0x0000000076fc0000 - 0x000000007716a000 	C:\windows\SYSTEM32\ntdll.dll
0x0000000076ea0000 - 0x0000000076fbf000 	C:\windows\system32\kernel32.dll
0x000007fefcf50000 - 0x000007fefcfba000 	C:\windows\system32\KERNELBASE.dll
0x000007fefd450000 - 0x000007fefd52b000 	C:\windows\system32\ADVAPI32.dll
0x000007fefd3b0000 - 0x000007fefd44f000 	C:\windows\system32\msvcrt.dll
0x000007fefd110000 - 0x000007fefd12f000 	C:\windows\SYSTEM32\sechost.dll
0x000007fefd1e0000 - 0x000007fefd30d000 	C:\windows\system32\RPCRT4.dll
0x0000000076da0000 - 0x0000000076e9a000 	C:\windows\system32\USER32.dll
0x000007fefe3f0000 - 0x000007fefe457000 	C:\windows\system32\GDI32.dll
0x000007fefd150000 - 0x000007fefd15e000 	C:\windows\system32\LPK.dll
0x000007feff200000 - 0x000007feff2ca000 	C:\windows\system32\USP10.dll
0x000007fefb280000 - 0x000007fefb474000 	C:\windows\WinSxS\amd64_microsoft.windows.common-controls_6595b64144ccf1df_6.0.7601.18837_none_fa3b1e3d17594757\COMCTL32.dll
0x000007fefe370000 - 0x000007fefe3e1000 	C:\windows\system32\SHLWAPI.dll
0x000007fefd530000 - 0x000007fefd55e000 	C:\windows\system32\IMM32.DLL
0x000007fefd5b0000 - 0x000007fefd6b9000 	C:\windows\system32\MSCTF.dll
0x0000000068000000 - 0x0000000068056000 	C:\windows\system32\QIPCAP64.DLL
0x000007fefe460000 - 0x000007feff1ea000 	C:\windows\system32\SHELL32.dll
0x000007fefc3b0000 - 0x000007fefc40b000 	C:\windows\system32\DNSAPI.dll
0x000007fefd560000 - 0x000007fefd5ad000 	C:\windows\system32\WS2_32.dll
0x000007feff1f0000 - 0x000007feff1f8000 	C:\windows\system32\NSI.dll
0x000000005a390000 - 0x000000005a462000 	C:\Program Files\Java\jre1.8.0_91\bin\msvcr100.dll
0x000000006fae0000 - 0x0000000070373000 	C:\Program Files\Java\jre1.8.0_91\bin\server\jvm.dll
0x000007fef9800000 - 0x000007fef9809000 	C:\windows\system32\WSOCK32.dll
0x000007fefa700000 - 0x000007fefa73b000 	C:\windows\system32\WINMM.dll
0x000007fefbdd0000 - 0x000007fefbddc000 	C:\windows\system32\VERSION.dll
0x0000000077180000 - 0x0000000077187000 	C:\windows\system32\PSAPI.DLL
0x0000000066640000 - 0x000000006664f000 	C:\Program Files\Java\jre1.8.0_91\bin\verify.dll
0x0000000066340000 - 0x0000000066369000 	C:\Program Files\Java\jre1.8.0_91\bin\java.dll
0x0000000067e10000 - 0x0000000067e45000 	C:\Program Files\Java\jre1.8.0_91\bin\jdwp.dll
0x0000000062a30000 - 0x0000000062a38000 	C:\Program Files\Java\jre1.8.0_91\bin\npt.dll
0x00000000659c0000 - 0x00000000659d6000 	C:\Program Files\Java\jre1.8.0_91\bin\zip.dll
0x000007fefd6c0000 - 0x000007fefd8c3000 	C:\windows\system32\ole32.dll
0x000007fefcd00000 - 0x000007fefcd0f000 	C:\windows\system32\profapi.dll
0x0000000062a20000 - 0x0000000062a29000 	C:\Program Files\Java\jre1.8.0_91\bin\dt_socket.dll
0x000007fefa6d0000 - 0x000007fefa6e5000 	C:\windows\system32\NLAapi.dll
0x000007feeeec0000 - 0x000007feeeed5000 	C:\windows\system32\napinsp.dll
0x000007feeeea0000 - 0x000007feeeeb9000 	C:\windows\system32\pnrpnsp.dll
0x000007fefc580000 - 0x000007fefc5d5000 	C:\windows\System32\mswsock.dll
0x000007feeee90000 - 0x000007feeee9b000 	C:\windows\System32\winrnr.dll
0x000007feeee80000 - 0x000007feeee90000 	C:\windows\system32\wshbth.dll
0x000007fefacc0000 - 0x000007feface7000 	C:\windows\system32\IPHLPAPI.DLL
0x000007fefacb0000 - 0x000007fefacbb000 	C:\windows\system32\WINNSI.DLL
0x000007fef7be0000 - 0x000007fef7c33000 	C:\windows\System32\fwpuclnt.dll
0x000007fef64d0000 - 0x000007fef64d8000 	C:\windows\system32\rasadhlp.dll
0x000007fefbea0000 - 0x000007fefbea7000 	C:\windows\System32\wshtcpip.dll
0x0000000065970000 - 0x000000006598a000 	C:\Program Files\Java\jre1.8.0_91\bin\net.dll
0x000007fefc680000 - 0x000007fefc687000 	C:\windows\System32\wship6.dll
0x000007fecb1c0000 - 0x000007fecbf40000 	C:\Code\DataAnalysisBB\dataanalysis\SFResourceAllocator\lib\jniortools.dll
0x000007fee34a0000 - 0x000007fee353f000 	C:\windows\system32\MSVCP140.dll
0x000007fefa1a0000 - 0x000007fefa1b7000 	C:\windows\system32\VCRUNTIME140.dll
0x000007fefba90000 - 0x000007fefba94000 	C:\windows\system32\api-ms-win-crt-runtime-l1-1-0.dll
0x000007fede0b0000 - 0x000007fede1a4000 	C:\windows\system32\ucrtbase.DLL
0x000007fefa200000 - 0x000007fefa203000 	C:\windows\system32\api-ms-win-core-timezone-l1-1-0.dll
0x000007fefa120000 - 0x000007fefa123000 	C:\windows\system32\api-ms-win-core-file-l2-1-0.dll
0x000007fef9f20000 - 0x000007fef9f23000 	C:\windows\system32\api-ms-win-core-localization-l1-2-0.dll
0x000007fef9f10000 - 0x000007fef9f13000 	C:\windows\system32\api-ms-win-core-synch-l1-2-0.dll
0x000007fef9c20000 - 0x000007fef9c23000 	C:\windows\system32\api-ms-win-core-processthreads-l1-1-1.dll
0x000007fef9c10000 - 0x000007fef9c13000 	C:\windows\system32\api-ms-win-core-file-l1-2-0.dll
0x000007fef9c00000 - 0x000007fef9c04000 	C:\windows\system32\api-ms-win-crt-string-l1-1-0.dll
0x000007fef9bf0000 - 0x000007fef9bf3000 	C:\windows\system32\api-ms-win-crt-heap-l1-1-0.dll
0x000007fef9be0000 - 0x000007fef9be4000 	C:\windows\system32\api-ms-win-crt-stdio-l1-1-0.dll
0x000007fef9bd0000 - 0x000007fef9bd4000 	C:\windows\system32\api-ms-win-crt-convert-l1-1-0.dll
0x000007fef9b20000 - 0x000007fef9b23000 	C:\windows\system32\api-ms-win-crt-locale-l1-1-0.dll
0x000007fef9b10000 - 0x000007fef9b15000 	C:\windows\system32\api-ms-win-crt-math-l1-1-0.dll
0x000007fef9b00000 - 0x000007fef9b05000 	C:\windows\system32\api-ms-win-crt-multibyte-l1-1-0.dll
0x000007fef9ac0000 - 0x000007fef9ac3000 	C:\windows\system32\api-ms-win-crt-time-l1-1-0.dll
0x000007fef9ab0000 - 0x000007fef9ab3000 	C:\windows\system32\api-ms-win-crt-filesystem-l1-1-0.dll
0x000007fef9aa0000 - 0x000007fef9aa3000 	C:\windows\system32\api-ms-win-crt-environment-l1-1-0.dll
0x000007fef9a90000 - 0x000007fef9a93000 	C:\windows\system32\api-ms-win-crt-utility-l1-1-0.dll
0x000007fefa280000 - 0x000007fefa3a5000 	C:\windows\system32\dbghelp.dll

VM Arguments:
jvm_args: -agentlib:jdwp=transport=dt_socket,suspend=y,address=localhost:58745 -Djava.library.path=lib -Dfile.encoding=Cp1252 
java_command: com.saiglobal.sf.allocator.main.ResourceAllocator -ai com.saiglobal.sf.allocator.implementation.ResourceAllocatorMIPUK -includePipeline false -logLevel DEBUG
java_class_path (initial): C:\Code\DataAnalysisBB\dataanalysis\SFResourceAllocator\bin;C:\Code\DataAnalysis\SFResourceAllocator\lib\org.apache.log4j_1.2.13.v200903072027.jar;C:\Code\DataAnalysisBB\dataanalysis\SFCore\bin;C:\Code\DataAnalysis\SFCore\lib\commons-cli-1.2.jar;C:\Code\DataAnalysis\SFCore\lib\commons-logging-1.1.3.jar;C:\Code\DataAnalysis\SFCore\lib\geocoder-java-0.15.jar;C:\Code\DataAnalysis\SFCore\lib\gson-2.2.4.jar;C:\Code\DataAnalysis\SFCore\lib\org.apache.log4j_1.2.13.v200903072027.jar;C:\Code\DataAnalysis\SFCore\lib\jsch-0.1.50.jar;C:\Code\DataAnalysis\SFCore\lib\sqljdbc4.jar;C:\Code\DataAnalysis\SFCore\lib\javax.mail.jar;C:\Code\DataAnalysis\SFCore\lib\mysql-connector-java-5.1.35-bin.jar;C:\Code\DataAnalysis\SFCore\lib\commons-lang-2.5.jar;C:\Code\DataAnalysis\SFCore\lib\force-wsc-32.0.0.jar;C:\Code\DataAnalysis\SFCore\lib\wsc.partner.32.jar;C:\Code\DataAnalysisBB\dataanalysis\SFResourceAllocator\lib\com.google.ortools.jar;C:\Code\DataAnalysisBB\dataanalysis\SFResourceAllocator\lib\protobuf.jar
Launcher Type: SUN_STANDARD

Environment Variables:
PATH=C:/Program Files/Java/jre1.8.0_91/bin/server;C:/Program Files/Java/jre1.8.0_91/bin;C:/Program Files/Java/jre1.8.0_91/lib/amd64;C:\ProgramData\Oracle\Java\javapath;C:\windows\system32;C:\windows;C:\windows\System32\Wbem;C:\windows\System32\WindowsPowerShell\v1.0\;C:\Program Files (x86)\Common Files\Roxio Shared\DLLShared\;C:\Program Files (x86)\Common Files\Roxio Shared\10.0\DLLShared\;C:\Program Files (x86)\ATI Technologies\ATI.ACE\Core-Static;C:\Program Files (x86)\MySQL\MySQL Utilities 1.4\;C:\Program Files (x86)\MySQL\MySQL Utilities 1.4\Doctrine extensions for PHP\;C:\Program Files\nodejs\;C:\TDM-GCC-64\bin;C:\Users\conluc0\AppData\Local\Continuum\Anaconda;C:\Users\conluc0\AppData\Local\Continuum\Anaconda\Scripts;C:\Users\conluc0\AppData\Roaming\npm;C:\TDM-GCC-64\bin;C:\eclipse;
USERNAME=conluc0
OS=Windows_NT
PROCESSOR_IDENTIFIER=Intel64 Family 6 Model 69 Stepping 1, GenuineIntel



---------------  S Y S T E M  ---------------

OS: Windows 7 , 64 bit Build 7601 (6.1.7601.23572)

CPU:total 4 (2 cores per cpu, 2 threads per core) family 6 model 69 stepping 1, cmov, cx8, fxsr, mmx, sse, sse2, sse3, ssse3, sse4.1, sse4.2, popcnt, avx, avx2, aes, clmul, erms, lzcnt, ht, tsc, tscinvbit, bmi1, bmi2

Memory: 4k page, physical 8283244k(4321588k free), swap 16564628k(11946228k free)

vm_info: Java HotSpot(TM) 64-Bit Server VM (25.91-b14) for windows-amd64 JRE (1.8.0_91-b14), built on Apr  1 2016 00:58:32 by "java_re" with MS VC++ 10.0 (VS2010)

time: Thu Feb 02 14:47:12 2017
elapsed time: 405 seconds (0d 0h 6m 45s)

