#
# A fatal error has been detected by the Java Runtime Environment:
#
#  EXCEPTION_ACCESS_VIOLATION (0xc0000005) at pc=0x000007fec7a274fa, pid=9936, tid=0x0000000000002740
#
# JRE version: Java(TM) SE Runtime Environment (8.0_121-b13) (build 1.8.0_121-b13)
# Java VM: Java HotSpot(TM) 64-Bit Server VM (25.121-b13 mixed mode windows-amd64 compressed oops)
# Problematic frame:
# C  [jniortools.dll+0x4474fa]
#
# Failed to write core dump. Minidumps are not enabled by default on client versions of Windows
#
# If you would like to submit a bug report, please visit:
#   http://bugreport.java.com/bugreport/crash.jsp
# The crash happened outside the Java Virtual Machine in native code.
# See problematic frame for where to report the bug.
#

---------------  T H R E A D  ---------------

Current thread (0x0000000002570800):  JavaThread "main" [_thread_in_native, id=10048, stack(0x00000000026c0000,0x00000000027c0000)]

siginfo: ExceptionCode=0xc0000005, reading address 0x0000000023f69b10

Registers:
RAX=0x0000000023bdcf30, RBX=0x0000000023bdcf30, RCX=0x0000000023f69ac0, RDX=0x00000000027bf4c0
RSP=0x00000000027bf440, RBP=0x00000000027bf4d0, RSI=0x0000000025a1cff0, RDI=0x0000000081898f80
R8 =0x0000000023f69ac0, R9 =0x00000000027bf498, R10=0x000007fec76977f0, R11=0x0000000002e781a0
R12=0x0000000000000000, R13=0x00000000027bf528, R14=0x00000000027bf4c0, R15=0x0000000002570800
RIP=0x000007fec7a274fa, EFLAGS=0x0000000000010202

Top of Stack: (sp=0x00000000027bf440)
0x00000000027bf440:   00000000e395cb60 0000000023f69a60
0x00000000027bf450:   00000000d5fec6c8 0000000081898f80
0x00000000027bf460:   0000000081898f80 0000000002ba381b
0x00000000027bf470:   0000000023bdcf30 000000006fcfd0d0
0x00000000027bf480:   00000000027bf570 00000000034534f4
0x00000000027bf490:   0000000081898f80 00000000e3515438
0x00000000027bf4a0:   00000000027bf4d0 00000000027bf4d0
0x00000000027bf4b0:   00000000d5fec6c8 000000000312ef04
0x00000000027bf4c0:   00000000e32fdbd0 00000000e395cb60
0x00000000027bf4d0:   00000000027bf570 0000000002e781fc
0x00000000027bf4e0:   00000000027bf570 0000000003006830
0x00000000027bf4f0:   00000000d5fec8c0 0000000002aafae9
0x00000000027bf500:   00000000027bf570 0000000002a97b75
0x00000000027bf510:   00000000027bf570 0000000002a98010
0x00000000027bf520:   0000000002a98010 00000000e3515438
0x00000000027bf530:   00000000027bf530 000000001b5eb0c4 

Instructions: (pc=0x000007fec7a274fa)
0x000007fec7a274da:   8b 05 80 b0 89 00 48 8b 40 58 c3 cc cc cc cc cc
0x000007fec7a274ea:   cc cc cc cc cc cc 48 89 5c 24 08 57 48 83 ec 20
0x000007fec7a274fa:   48 8b 79 50 48 8b d9 48 8b cf e8 87 47 ff ff 84
0x000007fec7a2750a:   c0 74 32 48 8b 07 48 8b cf ff 90 98 00 00 00 84 


Register to memory mapping:

RAX={method} {0x0000000023bdcf38} 'solutionValue' '()D' in 'com/google/ortools/linearsolver/MPVariable'
RBX={method} {0x0000000023bdcf38} 'solutionValue' '()D' in 'com/google/ortools/linearsolver/MPVariable'
RCX=0x0000000023f69ac0 is an unknown value
RDX=0x00000000027bf4c0 is pointing into the stack for thread: 0x0000000002570800
RSP=0x00000000027bf440 is pointing into the stack for thread: 0x0000000002570800
RBP=0x00000000027bf4d0 is pointing into the stack for thread: 0x0000000002570800
RSI=0x0000000025a1cff0 is pointing into metadata
RDI=0x0000000081898f80 is an oop
java.lang.Object 
 - klass: 'java/lang/Object'
R8 =0x0000000023f69ac0 is an unknown value
R9 =0x00000000027bf498 is pointing into the stack for thread: 0x0000000002570800
R10=0x000007fec76977f0 is an unknown value
R11=0x0000000002e781a0 is at entry_point+32 in (nmethod*)0x0000000002e78010
R12=0x0000000000000000 is an unknown value
R13=0x00000000027bf528 is pointing into the stack for thread: 0x0000000002570800
R14=0x00000000027bf4c0 is pointing into the stack for thread: 0x0000000002570800
R15=0x0000000002570800 is a thread


Stack: [0x00000000026c0000,0x00000000027c0000],  sp=0x00000000027bf440,  free space=1021k
Native frames: (J=compiled Java code, j=interpreted, Vv=VM code, C=native code)
C  [jniortools.dll+0x4474fa]
C  0x0000000002ba381b

Java frames: (J=compiled Java code, j=interpreted, Vv=VM code)
J 3446  com.google.ortools.linearsolver.operations_research_linear_solverJNI.MPVariable_solutionValue(JLcom/google/ortools/linearsolver/MPVariable;)D (0 bytes) @ 0x0000000002ba3795 [0x0000000002ba3740+0x55]
J 3445 C1 com.google.ortools.linearsolver.MPVariable.solutionValue()D (9 bytes) @ 0x0000000002e781fc [0x0000000002e78180+0x7c]
j  com.saiglobal.sf.allocator.processor.PizzaHutMIPProcessor.execute()V+124
j  com.saiglobal.sf.allocator.main.ResourceAllocator.main([Ljava/lang/String;)V+382
v  ~StubRoutines::call_stub

---------------  P R O C E S S  ---------------

Java Threads: ( => current thread )
  0x0000000020aef800 JavaThread "org.apache.hadoop.fs.FileSystem$Statistics$StatisticsDataReferenceCleaner" daemon [_thread_blocked, id=8392, stack(0x0000000021aa0000,0x0000000021ba0000)]
  0x0000000020aee800 JavaThread "SparkListenerBus" daemon [_thread_blocked, id=9880, stack(0x0000000022120000,0x0000000022220000)]
  0x000000001bfc8800 JavaThread "context-cleaner-periodic-gc" daemon [_thread_blocked, id=11520, stack(0x0000000021f10000,0x0000000022010000)]
  0x000000001bfc8000 JavaThread "Spark Context Cleaner" daemon [_thread_blocked, id=9180, stack(0x0000000021d50000,0x0000000021e50000)]
  0x000000001bfc7000 JavaThread "shuffle-server-5-1" daemon [_thread_in_native, id=10728, stack(0x000000001f650000,0x000000001f750000)]
  0x000000001bfc6800 JavaThread "driver-heartbeater" daemon [_thread_blocked, id=12808, stack(0x000000001f550000,0x000000001f650000)]
  0x000000001bfc5800 JavaThread "dag-scheduler-event-loop" daemon [_thread_blocked, id=8028, stack(0x000000001f3d0000,0x000000001f4d0000)]
  0x000000001bfc5000 JavaThread "netty-rpc-env-timeout" daemon [_thread_blocked, id=11500, stack(0x000000001eb40000,0x000000001ec40000)]
  0x000000001bfc4000 JavaThread "Timer-0" daemon [_thread_blocked, id=11288, stack(0x000000001f2b0000,0x000000001f3b0000)]
  0x000000001bfc3800 JavaThread "heartbeat-receiver-event-loop-thread" daemon [_thread_blocked, id=8728, stack(0x000000001e940000,0x000000001ea40000)]
  0x000000001bfc2800 JavaThread "SparkUI-41" daemon [_thread_blocked, id=2124, stack(0x000000001ef60000,0x000000001f060000)]
  0x000000001bfc2000 JavaThread "SparkUI-40" daemon [_thread_blocked, id=6956, stack(0x000000001e0d0000,0x000000001e1d0000)]
  0x000000001bfc1000 JavaThread "SparkUI-39" daemon [_thread_blocked, id=12120, stack(0x000000001ee40000,0x000000001ef40000)]
  0x000000001bfc0800 JavaThread "SparkUI-38" daemon [_thread_blocked, id=2228, stack(0x000000001ecb0000,0x000000001edb0000)]
  0x000000001bfbf800 JavaThread "SparkUI-37" daemon [_thread_blocked, id=9504, stack(0x000000001e2e0000,0x000000001e3e0000)]
  0x000000001bfbf000 JavaThread "SparkUI-36-acceptor-0@499ee14c-Spark@67427b69{HTTP/1.1,[http/1.1]}{0.0.0.0:4040}" daemon [_thread_in_native, id=10320, stack(0x000000001ea40000,0x000000001eb40000)]
  0x000000001bfbe000 JavaThread "SparkUI-35" daemon [_thread_in_native, id=8412, stack(0x000000001e820000,0x000000001e920000)]
  0x000000001bfbd800 JavaThread "SparkUI-34" daemon [_thread_in_native, id=10136, stack(0x000000001d910000,0x000000001da10000)]
  0x000000001bfbc800 JavaThread "map-output-dispatcher-7" daemon [_thread_blocked, id=10352, stack(0x000000001e520000,0x000000001e620000)]
  0x000000001bfbc000 JavaThread "map-output-dispatcher-6" daemon [_thread_blocked, id=9872, stack(0x000000001db40000,0x000000001dc40000)]
  0x000000001bfbb000 JavaThread "map-output-dispatcher-5" daemon [_thread_blocked, id=11468, stack(0x000000001e3e0000,0x000000001e4e0000)]
  0x000000001bfba800 JavaThread "map-output-dispatcher-4" daemon [_thread_blocked, id=13268, stack(0x000000001e1e0000,0x000000001e2e0000)]
  0x000000001bfb9800 JavaThread "map-output-dispatcher-3" daemon [_thread_blocked, id=11644, stack(0x000000001dfc0000,0x000000001e0c0000)]
  0x000000001bfae800 JavaThread "map-output-dispatcher-2" daemon [_thread_blocked, id=12444, stack(0x000000001de50000,0x000000001df50000)]
  0x000000001bfad800 JavaThread "map-output-dispatcher-1" daemon [_thread_blocked, id=12312, stack(0x000000001dca0000,0x000000001dda0000)]
  0x000000001bfac800 JavaThread "map-output-dispatcher-0" daemon [_thread_blocked, id=10296, stack(0x000000001da10000,0x000000001db10000)]
  0x000000001c163000 JavaThread "rpc-server-3-1" daemon [_thread_in_native, id=12880, stack(0x000000001d810000,0x000000001d910000)]
  0x000000001bfe0000 JavaThread "dispatcher-event-loop-3" daemon [_thread_blocked, id=12296, stack(0x000000001d500000,0x000000001d600000)]
  0x000000001bfdf800 JavaThread "dispatcher-event-loop-2" daemon [_thread_blocked, id=8552, stack(0x000000001cd00000,0x000000001ce00000)]
  0x000000001abc9000 JavaThread "dispatcher-event-loop-1" daemon [_thread_blocked, id=8948, stack(0x000000001d220000,0x000000001d320000)]
  0x000000001abc8800 JavaThread "dispatcher-event-loop-0" daemon [_thread_blocked, id=9600, stack(0x000000001d3a0000,0x000000001d4a0000)]
  0x000000001a60d800 JavaThread "Abandoned connection cleanup thread" daemon [_thread_blocked, id=12184, stack(0x000000001b410000,0x000000001b510000)]
  0x0000000018c84800 JavaThread "Service Thread" daemon [_thread_blocked, id=9392, stack(0x00000000196c0000,0x00000000197c0000)]
  0x0000000017719800 JavaThread "C1 CompilerThread2" daemon [_thread_blocked, id=11196, stack(0x0000000019000000,0x0000000019100000)]
  0x0000000017718000 JavaThread "C2 CompilerThread1" daemon [_thread_blocked, id=13096, stack(0x0000000019540000,0x0000000019640000)]
  0x0000000018c03000 JavaThread "C2 CompilerThread0" daemon [_thread_blocked, id=7308, stack(0x0000000019430000,0x0000000019530000)]
  0x0000000018c02000 JavaThread "Attach Listener" daemon [_thread_blocked, id=10844, stack(0x0000000019330000,0x0000000019430000)]
  0x0000000018bfe800 JavaThread "Signal Dispatcher" daemon [_thread_blocked, id=4240, stack(0x0000000019180000,0x0000000019280000)]
  0x0000000017707000 JavaThread "Finalizer" daemon [_thread_blocked, id=1644, stack(0x0000000018970000,0x0000000018a70000)]
  0x00000000176c0000 JavaThread "Reference Handler" daemon [_thread_blocked, id=12796, stack(0x0000000018af0000,0x0000000018bf0000)]
=>0x0000000002570800 JavaThread "main" [_thread_in_native, id=10048, stack(0x00000000026c0000,0x00000000027c0000)]

Other Threads:
  0x00000000176b8800 VMThread [stack: 0x0000000018860000,0x0000000018960000] [id=7072]
  0x0000000018d15800 WatcherThread [stack: 0x0000000019950000,0x0000000019a50000] [id=9260]

VM state:not at safepoint (normal execution)

VM Mutex/Monitor currently owned by a thread: None

Heap:
 PSYoungGen      total 196608K, used 15390K [0x00000000d5d80000, 0x00000000e4000000, 0x0000000100000000)
  eden space 186368K, 2% used [0x00000000d5d80000,0x00000000d62e8b68,0x00000000e1380000)
  from space 10240K, 96% used [0x00000000e3280000,0x00000000e3c1eef0,0x00000000e3c80000)
  to   space 3584K, 0% used [0x00000000e3c80000,0x00000000e3c80000,0x00000000e4000000)
 ParOldGen       total 79360K, used 16466K [0x0000000081800000, 0x0000000086580000, 0x00000000d5d80000)
  object space 79360K, 20% used [0x0000000081800000,0x0000000082814828,0x0000000086580000)
 Metaspace       used 45050K, capacity 45284K, committed 45608K, reserved 1089536K
  class space    used 6088K, capacity 6178K, committed 6192K, reserved 1048576K

Card table byte_map: [0x0000000011e50000,0x0000000012250000] byte_map_base: 0x0000000011a44000

Marking Bits: (ParMarkBitMap*) 0x000000006fd1b6d0
 Begin Bits: [0x00000000129e0000, 0x0000000014980000)
 End Bits:   [0x0000000014980000, 0x0000000016920000)

Polling page: 0x0000000001e30000

CodeCache: size=245760Kb used=11998Kb max_used=12010Kb free=233761Kb
 bounds [0x0000000002a90000, 0x0000000003660000, 0x0000000011a90000]
 total_blobs=3825 nmethods=3258 adapters=479
 compilation: enabled

Compilation events (10 events):
Event: 86.197 Thread 0x0000000017719800 3518       3       java.math.BigInteger::toString (7 bytes)
Event: 86.197 Thread 0x0000000017719800 nmethod 3518 0x0000000003644fd0 code [0x0000000003645140, 0x00000000036452c8]
Event: 86.197 Thread 0x0000000017719800 3523       3       java.math.BigDecimal$StringBuilderHelper::getStringBuilder (13 bytes)
Event: 86.198 Thread 0x0000000017719800 nmethod 3523 0x0000000003644ad0 code [0x0000000003644c40, 0x0000000003644ec8]
Event: 86.198 Thread 0x0000000017719800 3535 %     3       java.math.BigInteger::multiply @ 128 (300 bytes)
Event: 86.199 Thread 0x0000000017719800 nmethod 3535% 0x0000000003649c50 code [0x0000000003649e40, 0x000000000364a858]
Event: 86.199 Thread 0x0000000017719800 3536       1       com.saiglobal.sf.allocator.processor.Store::setAuditor (6 bytes)
Event: 86.199 Thread 0x0000000017719800 nmethod 3536 0x00000000036447d0 code [0x0000000003644920, 0x0000000003644a50]
Event: 86.199 Thread 0x0000000017719800 3537       1       com.saiglobal.sf.allocator.processor.Store::setFrequency (6 bytes)
Event: 86.199 Thread 0x0000000017719800 nmethod 3537 0x0000000003644510 code [0x0000000003644660, 0x0000000003644770]

GC Heap History (10 events):
Event: 16.372 GC heap before
{Heap before GC invocations=7 (full 1):
 PSYoungGen      total 71680K, used 71660K [0x00000000d5d80000, 0x00000000de380000, 0x0000000100000000)
  eden space 66560K, 100% used [0x00000000d5d80000,0x00000000d9e80000,0x00000000d9e80000)
  from space 5120K, 99% used [0x00000000d9e80000,0x00000000da37b2e8,0x00000000da380000)
  to   space 8192K, 0% used [0x00000000ddb80000,0x00000000ddb80000,0x00000000de380000)
 ParOldGen       total 49664K, used 9795K [0x0000000081800000, 0x0000000084880000, 0x00000000d5d80000)
  object space 49664K, 19% used [0x0000000081800000,0x0000000082190c70,0x0000000084880000)
 Metaspace       used 32920K, capacity 33100K, committed 33456K, reserved 1079296K
  class space    used 4394K, capacity 4458K, committed 4528K, reserved 1048576K
Event: 16.386 GC heap after
Heap after GC invocations=7 (full 1):
 PSYoungGen      total 129024K, used 7956K [0x00000000d5d80000, 0x00000000de380000, 0x0000000100000000)
  eden space 120832K, 0% used [0x00000000d5d80000,0x00000000d5d80000,0x00000000dd380000)
  from space 8192K, 97% used [0x00000000ddb80000,0x00000000de345230,0x00000000de380000)
  to   space 8192K, 0% used [0x00000000dd380000,0x00000000dd380000,0x00000000ddb80000)
 ParOldGen       total 49664K, used 9803K [0x0000000081800000, 0x0000000084880000, 0x00000000d5d80000)
  object space 49664K, 19% used [0x0000000081800000,0x0000000082192c70,0x0000000084880000)
 Metaspace       used 32920K, capacity 33100K, committed 33456K, reserved 1079296K
  class space    used 4394K, capacity 4458K, committed 4528K, reserved 1048576K
}
Event: 16.750 GC heap before
{Heap before GC invocations=8 (full 1):
 PSYoungGen      total 129024K, used 39792K [0x00000000d5d80000, 0x00000000de380000, 0x0000000100000000)
  eden space 120832K, 26% used [0x00000000d5d80000,0x00000000d7c971a8,0x00000000dd380000)
  from space 8192K, 97% used [0x00000000ddb80000,0x00000000de345230,0x00000000de380000)
  to   space 8192K, 0% used [0x00000000dd380000,0x00000000dd380000,0x00000000ddb80000)
 ParOldGen       total 49664K, used 9803K [0x0000000081800000, 0x0000000084880000, 0x00000000d5d80000)
  object space 49664K, 19% used [0x0000000081800000,0x0000000082192c70,0x0000000084880000)
 Metaspace       used 35132K, capacity 35288K, committed 35496K, reserved 1079296K
  class space    used 4701K, capacity 4780K, committed 4784K, reserved 1048576K
Event: 16.762 GC heap after
Heap after GC invocations=8 (full 1):
 PSYoungGen      total 129024K, used 6845K [0x00000000d5d80000, 0x00000000e4780000, 0x0000000100000000)
  eden space 120832K, 0% used [0x00000000d5d80000,0x00000000d5d80000,0x00000000dd380000)
  from space 8192K, 83% used [0x00000000dd380000,0x00000000dda2f4c8,0x00000000ddb80000)
  to   space 8192K, 0% used [0x00000000e3f80000,0x00000000e3f80000,0x00000000e4780000)
 ParOldGen       total 49664K, used 9803K [0x0000000081800000, 0x0000000084880000, 0x00000000d5d80000)
  object space 49664K, 19% used [0x0000000081800000,0x0000000082192c70,0x0000000084880000)
 Metaspace       used 35132K, capacity 35288K, committed 35496K, reserved 1079296K
  class space    used 4701K, capacity 4780K, committed 4784K, reserved 1048576K
}
Event: 16.762 GC heap before
{Heap before GC invocations=9 (full 2):
 PSYoungGen      total 129024K, used 6845K [0x00000000d5d80000, 0x00000000e4780000, 0x0000000100000000)
  eden space 120832K, 0% used [0x00000000d5d80000,0x00000000d5d80000,0x00000000dd380000)
  from space 8192K, 83% used [0x00000000dd380000,0x00000000dda2f4c8,0x00000000ddb80000)
  to   space 8192K, 0% used [0x00000000e3f80000,0x00000000e3f80000,0x00000000e4780000)
 ParOldGen       total 49664K, used 9803K [0x0000000081800000, 0x0000000084880000, 0x00000000d5d80000)
  object space 49664K, 19% used [0x0000000081800000,0x0000000082192c70,0x0000000084880000)
 Metaspace       used 35132K, capacity 35288K, committed 35496K, reserved 1079296K
  class space    used 4701K, capacity 4780K, committed 4784K, reserved 1048576K
Event: 16.942 GC heap after
Heap after GC invocations=9 (full 2):
 PSYoungGen      total 129024K, used 0K [0x00000000d5d80000, 0x00000000e4780000, 0x0000000100000000)
  eden space 120832K, 0% used [0x00000000d5d80000,0x00000000d5d80000,0x00000000dd380000)
  from space 8192K, 0% used [0x00000000dd380000,0x00000000dd380000,0x00000000ddb80000)
  to   space 8192K, 0% used [0x00000000e3f80000,0x00000000e3f80000,0x00000000e4780000)
 ParOldGen       total 79360K, used 11919K [0x0000000081800000, 0x0000000086580000, 0x00000000d5d80000)
  object space 79360K, 15% used [0x0000000081800000,0x00000000823a3de0,0x0000000086580000)
 Metaspace       used 35132K, capacity 35288K, committed 35496K, reserved 1079296K
  class space    used 4701K, capacity 4780K, committed 4784K, reserved 1048576K
}
Event: 18.017 GC heap before
{Heap before GC invocations=10 (full 2):
 PSYoungGen      total 129024K, used 120832K [0x00000000d5d80000, 0x00000000e4780000, 0x0000000100000000)
  eden space 120832K, 100% used [0x00000000d5d80000,0x00000000dd380000,0x00000000dd380000)
  from space 8192K, 0% used [0x00000000dd380000,0x00000000dd380000,0x00000000ddb80000)
  to   space 8192K, 0% used [0x00000000e3f80000,0x00000000e3f80000,0x00000000e4780000)
 ParOldGen       total 79360K, used 11919K [0x0000000081800000, 0x0000000086580000, 0x00000000d5d80000)
  object space 79360K, 15% used [0x0000000081800000,0x00000000823a3de0,0x0000000086580000)
 Metaspace       used 41816K, capacity 42040K, committed 42408K, reserved 1085440K
  class space    used 5687K, capacity 5772K, committed 5808K, reserved 1048576K
Event: 18.027 GC heap after
Heap after GC invocations=10 (full 2):
 PSYoungGen      total 168448K, used 8176K [0x00000000d5d80000, 0x00000000e4780000, 0x0000000100000000)
  eden space 160256K, 0% used [0x00000000d5d80000,0x00000000d5d80000,0x00000000dfa00000)
  from space 8192K, 99% used [0x00000000e3f80000,0x00000000e477c340,0x00000000e4780000)
  to   space 10752K, 0% used [0x00000000e3280000,0x00000000e3280000,0x00000000e3d00000)
 ParOldGen       total 79360K, used 16458K [0x0000000081800000, 0x0000000086580000, 0x00000000d5d80000)
  object space 79360K, 20% used [0x0000000081800000,0x0000000082812828,0x0000000086580000)
 Metaspace       used 41816K, capacity 42040K, committed 42408K, reserved 1085440K
  class space    used 5687K, capacity 5772K, committed 5808K, reserved 1048576K
}
Event: 86.156 GC heap before
{Heap before GC invocations=11 (full 2):
 PSYoungGen      total 168448K, used 168432K [0x00000000d5d80000, 0x00000000e4780000, 0x0000000100000000)
  eden space 160256K, 100% used [0x00000000d5d80000,0x00000000dfa00000,0x00000000dfa00000)
  from space 8192K, 99% used [0x00000000e3f80000,0x00000000e477c340,0x00000000e4780000)
  to   space 10752K, 0% used [0x00000000e3280000,0x00000000e3280000,0x00000000e3d00000)
 ParOldGen       total 79360K, used 16458K [0x0000000081800000, 0x0000000086580000, 0x00000000d5d80000)
  object space 79360K, 20% used [0x0000000081800000,0x0000000082812828,0x0000000086580000)
 Metaspace       used 45046K, capacity 45284K, committed 45608K, reserved 1089536K
  class space    used 6088K, capacity 6178K, committed 6192K, reserved 1048576K
Event: 86.180 GC heap after
Heap after GC invocations=11 (full 2):
 PSYoungGen      total 196608K, used 9851K [0x00000000d5d80000, 0x00000000e4000000, 0x0000000100000000)
  eden space 186368K, 0% used [0x00000000d5d80000,0x00000000d5d80000,0x00000000e1380000)
  from space 10240K, 96% used [0x00000000e3280000,0x00000000e3c1eef0,0x00000000e3c80000)
  to   space 3584K, 0% used [0x00000000e3c80000,0x00000000e3c80000,0x00000000e4000000)
 ParOldGen       total 79360K, used 16466K [0x0000000081800000, 0x0000000086580000, 0x00000000d5d80000)
  object space 79360K, 20% used [0x0000000081800000,0x0000000082814828,0x0000000086580000)
 Metaspace       used 45046K, capacity 45284K, committed 45608K, reserved 1089536K
  class space    used 6088K, capacity 6178K, committed 6192K, reserved 1048576K
}

Deoptimization events (10 events):
Event: 19.485 Thread 0x0000000002570800 Uncommon trap: reason=class_check action=maybe_recompile pc=0x00000000033e8e64 method=org.apache.xmlbeans.impl.values.XmlObjectBase.check_dated()V @ 118
Event: 19.485 Thread 0x0000000002570800 Uncommon trap: reason=class_check action=maybe_recompile pc=0x00000000033f6164 method=org.apache.xmlbeans.impl.values.XmlObjectBase.get_wscanon_text()Ljava/lang/String; @ 30
Event: 19.485 Thread 0x0000000002570800 Uncommon trap: reason=class_check action=maybe_recompile pc=0x00000000033e8e64 method=org.apache.xmlbeans.impl.values.XmlObjectBase.check_dated()V @ 118
Event: 19.485 Thread 0x0000000002570800 Uncommon trap: reason=class_check action=maybe_recompile pc=0x00000000033f6164 method=org.apache.xmlbeans.impl.values.XmlObjectBase.get_wscanon_text()Ljava/lang/String; @ 30
Event: 19.485 Thread 0x0000000002570800 Uncommon trap: reason=class_check action=maybe_recompile pc=0x00000000034022d4 method=org.apache.xmlbeans.impl.values.XmlObjectBase.check_dated()V @ 118
Event: 19.495 Thread 0x0000000002570800 Uncommon trap: reason=class_check action=maybe_recompile pc=0x000000000336a40c method=org.apache.xmlbeans.impl.store.CharUtil.getString(Ljava/lang/Object;II)Ljava/lang/String; @ 55
Event: 19.593 Thread 0x0000000002570800 Uncommon trap: reason=unstable_if action=reinterpret pc=0x0000000003358b08 method=org.apache.xmlbeans.impl.store.Xobj.getFirstChars()Ljava/lang/Object; @ 8
Event: 19.593 Thread 0x0000000002570800 Uncommon trap: reason=unstable_if action=reinterpret pc=0x0000000003426f38 method=org.apache.xmlbeans.impl.store.CharUtil.getString(Ljava/lang/Object;II)Ljava/lang/String; @ 24
Event: 20.317 Thread 0x0000000002570800 Uncommon trap: reason=null_assert action=make_not_entrant pc=0x00000000035e577c method=com.saiglobal.sf.allocator.processor.PizzaHutMIPProcessor.solve(Z)[[[Lcom/google/ortools/linearsolver/MPVariable; @ 2131
Event: 86.099 Thread 0x0000000002570800 Uncommon trap: reason=null_check action=make_not_entrant pc=0x000000000339a708 method=java.lang.ThreadLocal$ThreadLocalMap.getEntryAfterMiss(Ljava/lang/ThreadLocal;ILjava/lang/ThreadLocal$ThreadLocalMap$Entry;)Ljava/lang/ThreadLocal$ThreadLocalMap$Entry; 

Internal exceptions (10 events):
Event: 17.862 Thread 0x0000000002570800 Exception <a 'java/security/PrivilegedActionException'> (0x00000000dcc67068) thrown at [C:\re\workspace\8-2-build-windows-amd64-cygwin\jdk8u121\8372\hotspot\src\share\vm\prims\jvm.cpp, line 1390]
Event: 17.862 Thread 0x0000000002570800 Exception <a 'java/security/PrivilegedActionException'> (0x00000000dcc7c190) thrown at [C:\re\workspace\8-2-build-windows-amd64-cygwin\jdk8u121\8372\hotspot\src\share\vm\prims\jvm.cpp, line 1390]
Event: 17.862 Thread 0x0000000002570800 Exception <a 'java/security/PrivilegedActionException'> (0x00000000dcc7c588) thrown at [C:\re\workspace\8-2-build-windows-amd64-cygwin\jdk8u121\8372\hotspot\src\share\vm\prims\jvm.cpp, line 1390]
Event: 18.402 Thread 0x0000000002570800 Implicit null exception at 0x000000000328b7d0 to 0x000000000328c4f5
Event: 18.403 Thread 0x0000000002570800 Implicit null exception at 0x00000000032853cb to 0x00000000032858cd
Event: 18.403 Thread 0x0000000002570800 Implicit null exception at 0x00000000032881aa to 0x00000000032883e1
Event: 18.417 Thread 0x0000000002570800 Implicit null exception at 0x000000000326a4f0 to 0x000000000326a5d1
Event: 18.900 Thread 0x0000000002570800 Implicit null exception at 0x000000000307a655 to 0x000000000307a86d
Event: 18.900 Thread 0x0000000002570800 Implicit null exception at 0x0000000002c58c6f to 0x0000000002c58cd9
Event: 86.099 Thread 0x0000000002570800 Implicit null exception at 0x000000000339a57c to 0x000000000339a6db

Events (10 events):
Event: 86.099 loading class java/math/BigDecimal$StringBuilderHelper
Event: 86.099 loading class java/math/BigDecimal$StringBuilderHelper done
Event: 86.145 Thread 0x0000000002570800 DEOPT PACKING pc=0x00000000034439e6 sp=0x00000000027bf2e0
Event: 86.145 Thread 0x0000000002570800 DEOPT UNPACKING pc=0x0000000002ad787f sp=0x00000000027beff8 mode 0
Event: 86.156 Executing VM operation: ParallelGCFailedAllocation
Event: 86.180 Executing VM operation: ParallelGCFailedAllocation done
Event: 86.199 Executing VM operation: RevokeBias
Event: 86.199 Executing VM operation: RevokeBias done
Event: 86.200 Executing VM operation: RevokeBias
Event: 86.200 Executing VM operation: RevokeBias done


Dynamic libraries:
0x000000013f250000 - 0x000000013f287000 	C:\Program Files\Java\jdk1.8.0_121\bin\javaw.exe
0x0000000077230000 - 0x00000000773da000 	C:\windows\SYSTEM32\ntdll.dll
0x0000000077110000 - 0x000000007722f000 	C:\windows\system32\kernel32.dll
0x000007fefd1e0000 - 0x000007fefd24a000 	C:\windows\system32\KERNELBASE.dll
0x000007fefec50000 - 0x000007fefed2b000 	C:\windows\system32\ADVAPI32.dll
0x000007fefe220000 - 0x000007fefe2bf000 	C:\windows\system32\msvcrt.dll
0x000007fefe8a0000 - 0x000007fefe8bf000 	C:\windows\SYSTEM32\sechost.dll
0x000007feff220000 - 0x000007feff34d000 	C:\windows\system32\RPCRT4.dll
0x0000000077010000 - 0x000000007710a000 	C:\windows\system32\USER32.dll
0x000007fefd2e0000 - 0x000007fefd347000 	C:\windows\system32\GDI32.dll
0x000007fefd480000 - 0x000007fefd48e000 	C:\windows\system32\LPK.dll
0x000007fefd350000 - 0x000007fefd41b000 	C:\windows\system32\USP10.dll
0x000007fefc770000 - 0x000007fefc964000 	C:\windows\WinSxS\amd64_microsoft.windows.common-controls_6595b64144ccf1df_6.0.7601.18837_none_fa3b1e3d17594757\COMCTL32.dll
0x000007fefe820000 - 0x000007fefe891000 	C:\windows\system32\SHLWAPI.dll
0x000007feff1f0000 - 0x000007feff21e000 	C:\windows\system32\IMM32.DLL
0x000007feff430000 - 0x000007feff539000 	C:\windows\system32\MSCTF.dll
0x0000000068000000 - 0x000000006805e000 	C:\windows\System32\QIPCAP64.dll
0x000007fefd490000 - 0x000007fefe21a000 	C:\windows\system32\SHELL32.dll
0x000007fefc220000 - 0x000007fefc27b000 	C:\windows\system32\DNSAPI.dll
0x000007fefe8c0000 - 0x000007fefe90d000 	C:\windows\system32\WS2_32.dll
0x000007feff000000 - 0x000007feff008000 	C:\windows\system32\NSI.dll
0x0000000079250000 - 0x0000000079322000 	C:\Program Files\Java\jdk1.8.0_121\jre\bin\msvcr100.dll
0x000000006f500000 - 0x000000006fd9b000 	C:\Program Files\Java\jdk1.8.0_121\jre\bin\server\jvm.dll
0x000007fefac50000 - 0x000007fefac59000 	C:\windows\system32\WSOCK32.dll
0x000007fefa4f0000 - 0x000007fefa52b000 	C:\windows\system32\WINMM.dll
0x000007fefc470000 - 0x000007fefc47c000 	C:\windows\system32\VERSION.dll
0x0000000077400000 - 0x0000000077407000 	C:\windows\system32\PSAPI.DLL
0x0000000050fc0000 - 0x0000000050fcf000 	C:\Program Files\Java\jdk1.8.0_121\jre\bin\verify.dll
0x000000006cbd0000 - 0x000000006cbf9000 	C:\Program Files\Java\jdk1.8.0_121\jre\bin\java.dll
0x0000000070a60000 - 0x0000000070a76000 	C:\Program Files\Java\jdk1.8.0_121\jre\bin\zip.dll
0x000007fefea30000 - 0x000007fefec2c000 	C:\windows\system32\ole32.dll
0x000007fefcf30000 - 0x000007fefcf3f000 	C:\windows\system32\profapi.dll
0x000000006f2f0000 - 0x000000006f30a000 	C:\Program Files\Java\jdk1.8.0_121\jre\bin\net.dll
0x000007fefc4c0000 - 0x000007fefc515000 	C:\windows\system32\mswsock.dll
0x000007fefc590000 - 0x000007fefc597000 	C:\windows\System32\wship6.dll
0x0000000001f70000 - 0x0000000001f81000 	C:\Program Files\Java\jdk1.8.0_121\jre\bin\nio.dll
0x000007fefcd60000 - 0x000007fefcdb7000 	C:\windows\system32\apphelp.dll
0x0000000050090000 - 0x000000005009d000 	C:\Program Files\Java\jdk1.8.0_121\jre\bin\management.dll
0x000007fefb050000 - 0x000007fefb065000 	C:\windows\system32\NLAapi.dll
0x000007feee830000 - 0x000007feee845000 	C:\windows\system32\napinsp.dll
0x000007feee810000 - 0x000007feee829000 	C:\windows\system32\pnrpnsp.dll
0x000007feee800000 - 0x000007feee80b000 	C:\windows\System32\winrnr.dll
0x000007feee7f0000 - 0x000007feee800000 	C:\windows\system32\wshbth.dll
0x000007fefb900000 - 0x000007fefb907000 	C:\windows\System32\wshtcpip.dll
0x000007fefac20000 - 0x000007fefac47000 	C:\windows\system32\IPHLPAPI.DLL
0x000007fefac10000 - 0x000007fefac1b000 	C:\windows\system32\WINNSI.DLL
0x000007fef7590000 - 0x000007fef7598000 	C:\windows\system32\rasadhlp.dll
0x000007fefbd70000 - 0x000007fefbdc3000 	C:\windows\System32\fwpuclnt.dll
0x000007fec75e0000 - 0x000007fec8360000 	C:\Code\DataAnalysisBB\dataanalysis\SFResourceAllocator\lib\jniortools.dll
0x000007fed8a80000 - 0x000007fed8b1c000 	C:\windows\system32\MSVCP140.dll
0x000007fee7950000 - 0x000007fee7966000 	C:\windows\system32\VCRUNTIME140.dll
0x000007fef8590000 - 0x000007fef8594000 	C:\windows\system32\api-ms-win-crt-runtime-l1-1-0.dll
0x000007fee7840000 - 0x000007fee7934000 	C:\windows\system32\ucrtbase.DLL
0x000007fee7830000 - 0x000007fee7833000 	C:\windows\system32\api-ms-win-core-timezone-l1-1-0.dll
0x000007fee7820000 - 0x000007fee7823000 	C:\windows\system32\api-ms-win-core-file-l2-1-0.dll
0x000007fee7810000 - 0x000007fee7813000 	C:\windows\system32\api-ms-win-core-localization-l1-2-0.dll
0x000007fee7130000 - 0x000007fee7133000 	C:\windows\system32\api-ms-win-core-synch-l1-2-0.dll
0x000007fee7800000 - 0x000007fee7803000 	C:\windows\system32\api-ms-win-core-processthreads-l1-1-1.dll
0x000007fee77f0000 - 0x000007fee77f3000 	C:\windows\system32\api-ms-win-core-file-l1-2-0.dll
0x000007fefb2e0000 - 0x000007fefb2e4000 	C:\windows\system32\api-ms-win-crt-string-l1-1-0.dll
0x000007feed1c0000 - 0x000007feed1c3000 	C:\windows\system32\api-ms-win-crt-heap-l1-1-0.dll
0x000007fee9eb0000 - 0x000007fee9eb4000 	C:\windows\system32\api-ms-win-crt-stdio-l1-1-0.dll
0x000007fee7940000 - 0x000007fee7944000 	C:\windows\system32\api-ms-win-crt-convert-l1-1-0.dll
0x000007fee7100000 - 0x000007fee7103000 	C:\windows\system32\api-ms-win-crt-locale-l1-1-0.dll
0x000007fee70f0000 - 0x000007fee70f5000 	C:\windows\system32\api-ms-win-crt-math-l1-1-0.dll
0x000007fee6ff0000 - 0x000007fee6ff5000 	C:\windows\system32\api-ms-win-crt-multibyte-l1-1-0.dll
0x000007fee6fe0000 - 0x000007fee6fe3000 	C:\windows\system32\api-ms-win-crt-time-l1-1-0.dll
0x000007fee6fd0000 - 0x000007fee6fd3000 	C:\windows\system32\api-ms-win-crt-filesystem-l1-1-0.dll
0x000007fee6fc0000 - 0x000007fee6fc3000 	C:\windows\system32\api-ms-win-crt-environment-l1-1-0.dll
0x000007fee6f60000 - 0x000007fee6f63000 	C:\windows\system32\api-ms-win-crt-utility-l1-1-0.dll
0x000007fefc390000 - 0x000007fefc3a8000 	C:\windows\system32\CRYPTSP.dll
0x000007fefc140000 - 0x000007fefc187000 	C:\windows\system32\rsaenh.dll
0x000007fefcf40000 - 0x000007fefcf5e000 	C:\windows\system32\USERENV.dll
0x000007fefcdc0000 - 0x000007fefcdcf000 	C:\windows\system32\CRYPTBASE.dll
0x000007fef8550000 - 0x000007fef8568000 	C:\windows\system32\dhcpcsvc.DLL
0x000007fef8530000 - 0x000007fef8541000 	C:\windows\system32\dhcpcsvc6.DLL
0x0000000050000000 - 0x0000000050009000 	C:\Program Files\Java\jdk1.8.0_121\jre\bin\w2k_lsa_auth.dll
0x000007fefccf0000 - 0x000007fefccfb000 	C:\windows\system32\Secur32.dll
0x000007fefcd30000 - 0x000007fefcd55000 	C:\windows\system32\SSPICLI.DLL
0x0000000077590000 - 0x0000000077599000 	C:\Program Files\Java\jdk1.8.0_121\jre\bin\jaas_nt.dll
0x000007fefba00000 - 0x000007fefbb25000 	C:\windows\system32\dbghelp.dll

VM Arguments:
jvm_args: -Djava.library.path=C:\Code\DataAnalysisBB\dataanalysis\SFResourceAllocator\lib -Dfile.encoding=Cp1252 
java_command: com.saiglobal.sf.allocator.main.ResourceAllocator -ai com.saiglobal.sf.allocator.implementation.StoreSchedulingPizzaHut -includePipeline false -logLevel DEBUG
java_class_path (initial): C:\Code\DataAnalysisBB\dataanalysis\SFResourceAllocator\target\classes;C:\Code\DataAnalysis\SFResourceAllocator\lib\org.apache.log4j_1.2.13.v200903072027.jar;C:\Code\DataAnalysisBB\dataanalysis\SFCore\bin;C:\Code\DataAnalysis\SFCore\lib\commons-cli-1.2.jar;C:\Code\DataAnalysis\SFCore\lib\commons-logging-1.1.3.jar;C:\Code\DataAnalysis\SFCore\lib\geocoder-java-0.15.jar;C:\Code\DataAnalysis\SFCore\lib\gson-2.2.4.jar;C:\Code\DataAnalysis\SFCore\lib\org.apache.log4j_1.2.13.v200903072027.jar;C:\Code\DataAnalysis\SFCore\lib\jsch-0.1.50.jar;C:\Code\DataAnalysis\SFCore\lib\sqljdbc4.jar;C:\Code\DataAnalysis\SFCore\lib\javax.mail.jar;C:\Code\DataAnalysis\SFCore\lib\mysql-connector-java-5.1.35-bin.jar;C:\Code\DataAnalysis\SFCore\lib\commons-lang-2.5.jar;C:\Code\DataAnalysis\SFCore\lib\force-wsc-32.0.0.jar;C:\Code\DataAnalysis\SFCore\lib\wsc.partner.32.jar;C:\Code\DataAnalysisBB\dataanalysis\SFResourceAllocator\lib\com.google.ortools.jar;C:\Code\DataAnalysisBB\dataanalysis\SFResourceAllocator\lib\protobuf.jar;C:\Code\DataAnalysisBB\dataanalysis\SFResourceAllocator\lib\commons-lang-2.5.jar;C:\Code\DataAnalysisBB\dataanalysis\SFReportEngine\lib\poi-3.11.jar;C:\Code\DataAnalysisBB\dataanalysis\SFReportEngine\lib\poi-ooxml-3.11.jar;C:\Code\DataAnalysisBB\dataanalysis\SFReportEngine\lib\poi-ooxml-schemas-3.11.jar;C:\Code\DataAnalysisBB\dataanalysis\SFReportEngine\lib\poi-scratchpad-3.11.jar;C:\Code\DataAnalysisBB\dataanalysis\SFReportEngine\lib\xmlbeans-2.6.0.jar;C:\Users\conluc0\.m2\repository\com\sparkjava\spark-core\2.6.0.RC0\spark-core-2.6.0.RC0.jar;C:\Users\conluc0\.m2\repository\org\slf4j\slf4j-api\1.7.13\slf4j-api-1.7.13.jar;C:\Users\conluc0\.m2\repository\org\eclipse\jetty\jetty-server\9.4.4.v20170414\jetty-server-9.4.4.v20170414.jar;C:\Users\conluc0\.m2\repository\javax\servlet\javax.servlet-api\3.1.0\javax.servlet-api-3.1.0.jar;C:\Users\conluc0\.m2\repository\org\eclipse\jetty\jetty-http\9.4.4.v20170414\jetty-http-9.4.4.v20170414.jar;C:\Users\co
Launcher Type: SUN_STANDARD

Environment Variables:
JAVA_HOME=C:\Program Files\Java\jre1.8.0_121
PATH=C:/Program Files/Java/jre1.8.0_121/bin/server;C:/Program Files/Java/jre1.8.0_121/bin;C:/Program Files/Java/jre1.8.0_121/lib/amd64;C:\gurobi702\win64\bin;C:\Program Files\Microsoft MPI\Bin\;C:\ProgramData\Oracle\Java\javapath;C:\windows\system32;C:\windows;C:\windows\System32\Wbem;C:\windows\System32\WindowsPowerShell\v1.0\;C:\Program Files (x86)\Common Files\Roxio Shared\DLLShared\;C:\Program Files (x86)\Common Files\Roxio Shared\10.0\DLLShared\;C:\Program Files (x86)\ATI Technologies\ATI.ACE\Core-Static;C:\Program Files (x86)\MySQL\MySQL Utilities 1.4\;C:\Program Files (x86)\MySQL\MySQL Utilities 1.4\Doctrine extensions for PHP\;C:\TDM-GCC-64\bin;C:\Program Files\Microsoft SQL Server\130\Tools\Binn\;C:\Program Files\Anaconda3;C:\Program Files\Anaconda3\Scripts;C:\Program Files\Anaconda3\Library\bin;C:\Program Files\Git\cmd;C:\Program Files (x86)\Microsoft Visual Studio\2017\Community\Common7\Tools\;C:\Users\conluc0\Downloads\or-tools-master\tools\;C:\Program Files\TortoiseSVN\bin;C:\Program Files\CMake\bin;C:\Program Files\Java\jdk1.8.0_121\bin;C:\Program Files\Microsoft SQL Server\110\Tools\Binn\;C:\Program Files (x86)\Microsoft SDKs\TypeScript\1.0\;C:\Program Files\Microsoft SQL Server\120\Tools\Binn\;C:\Windows\System32;C:\Program Files\nodejs\;C:\maven\apache-maven-3.5.0\bin;C:\Program Files (x86)\Microsoft SQL Server\Client SDK\ODBC\130\Tools\Binn\;C:\Program Files (x86)\Microsoft SQL Server\140\Tools\Binn\;C:\Program Files (x86)\Microsoft SQL Server\140\DTS\Binn\;C:\Program Files (x86)\Microsoft SQL Server\140\Tools\Binn\ManagementStudio\;C:\ProgramData\chocolatey\bin;C:\Users\conluc0\AppData\Local\Continuum\Anaconda;C:\Users\conluc0\AppData\Local\Continuum\Anaconda\Scripts;C:\TDM-GCC-64\bin;C:\Users\conluc0\AppData\Local\GitHubDesktop\bin;C:\Users\conluc0\AppData\Roaming\npm;C:\eclipse;
USERNAME=conluc0
OS=Windows_NT
PROCESSOR_IDENTIFIER=Intel64 Family 6 Model 69 Stepping 1, GenuineIntel



---------------  S Y S T E M  ---------------

OS: Windows 7 , 64 bit Build 7601 (6.1.7601.23915)

CPU:total 4 (2 cores per cpu, 2 threads per core) family 6 model 69 stepping 1, cmov, cx8, fxsr, mmx, sse, sse2, sse3, ssse3, sse4.1, sse4.2, popcnt, avx, avx2, aes, clmul, erms, lzcnt, ht, tsc, tscinvbit, bmi1, bmi2

Memory: 4k page, physical 8283244k(3317980k free), swap 16564628k(11073264k free)

vm_info: Java HotSpot(TM) 64-Bit Server VM (25.121-b13) for windows-amd64 JRE (1.8.0_121-b13), built on Dec 12 2016 18:21:36 by "java_re" with MS VC++ 10.0 (VS2010)

time: Wed Nov 22 13:46:44 2017
elapsed time: 86 seconds (0d 0h 1m 26s)

