#
# A fatal error has been detected by the Java Runtime Environment:
#
#  EXCEPTION_ACCESS_VIOLATION (0xc0000005) at pc=0x000007fecc0f1b20, pid=2556, tid=0x0000000000002d20
#
# JRE version: Java(TM) SE Runtime Environment (8.0_121-b13) (build 1.8.0_121-b13)
# Java VM: Java HotSpot(TM) 64-Bit Server VM (25.121-b13 mixed mode windows-amd64 compressed oops)
# Problematic frame:
# C  [jniortools.dll+0x441b20]
#
# Failed to write core dump. Minidumps are not enabled by default on client versions of Windows
#
# If you would like to submit a bug report, please visit:
#   http://bugreport.java.com/bugreport/crash.jsp
# The crash happened outside the Java Virtual Machine in native code.
# See problematic frame for where to report the bug.
#

---------------  T H R E A D  ---------------

Current thread (0x0000000002460800):  JavaThread "main" [_thread_in_native, id=11552, stack(0x00000000026e0000,0x00000000027e0000)]

siginfo: ExceptionCode=0xc0000005, reading address 0x0000000000000000

Registers:
RAX=0x0000000000000000, RBX=0x0000000000326000, RCX=0x97257ab1f9890000, RDX=0x000007fee79255f0
RSP=0x00000000027dec50, RBP=0x00000000027ded50, RSI=0x0000000000000000, RDI=0x0000000000000000
R8 =0x00000000027dd3a8, R9 =0x000000010c848e51, R10=0x0000000000000000, R11=0x00000000027dec10
R12=0x0000000000000001, R13=0x0000000068978a00, R14=0x0000000000000000, R15=0x0000000000000000
RIP=0x000007fecc0f1b20, EFLAGS=0x0000000000010202

Top of Stack: (sp=0x00000000027dec50)
0x00000000027dec50:   3fe0000000000000 00000000027decb8
0x00000000027dec60:   0000000000326000 0000000000003fff
0x00000000027dec70:   0000000000000000 0000000100000000
0x00000000027dec80:   0000000000000000 0000000000326000
0x00000000027dec90:   0000000000000000 fffffffffffffffe
0x00000000027deca0:   d1b71758e2196800 0000000000003ff1
0x00000000027decb0:   e74f9b1bc3e439f2 0000000000000000
0x00000000027decc0:   0000000000000000 0000000000000000
0x00000000027decd0:   0000000000000000 0000000000000000
0x00000000027dece0:   0000000000000000 0000000000000000
0x00000000027decf0:   0000000000000000 0000972578cc15d9
0x00000000027ded00:   0000000000000000 0000000000000000
0x00000000027ded10:   0000000000000000 0000000000000000
0x00000000027ded20:   0000000000000001 0000000000000000
0x00000000027ded30:   0000000000000000 0000000000000000
0x00000000027ded40:   000000006f05b59d 0000000000000000 

Instructions: (pc=0x000007fecc0f1b20)
0x000007fecc0f1b00:   0f b6 64 24 2c 66 66 66 0f 1f 84 00 00 00 00 00
0x000007fecc0f1b10:   48 8b 83 b0 00 00 00 4e 8b 2c f8 48 8b 44 24 68
0x000007fecc0f1b20:   f2 46 0f 10 04 f8 41 0f 28 fb 49 8b 5d 08 48 8b
0x000007fecc0f1b30:   1b 49 8b 7d 08 48 3b df 74 61 66 0f 1f 44 00 00 


Register to memory mapping:

RAX=0x0000000000000000 is an unknown value
RBX=0x0000000000326000 is an unknown value
RCX=0x97257ab1f9890000 is an unknown value
RDX=0x000007fee79255f0 is an unknown value
RSP=0x00000000027dec50 is pointing into the stack for thread: 0x0000000002460800
RBP=0x00000000027ded50 is pointing into the stack for thread: 0x0000000002460800
RSI=0x0000000000000000 is an unknown value
RDI=0x0000000000000000 is an unknown value
R8 =0x00000000027dd3a8 is pointing into the stack for thread: 0x0000000002460800
R9 =0x000000010c848e51 is an unknown value
R10=0x0000000000000000 is an unknown value
R11=0x00000000027dec10 is pointing into the stack for thread: 0x0000000002460800
R12=0x0000000000000001 is an unknown value
R13=0x0000000068978a00 is an unknown value
R14=0x0000000000000000 is an unknown value
R15=0x0000000000000000 is an unknown value


Stack: [0x00000000026e0000,0x00000000027e0000],  sp=0x00000000027dec50,  free space=1019k
Native frames: (J=compiled Java code, j=interpreted, Vv=VM code, C=native code)
C  [jniortools.dll+0x441b20]
C  0x0000000002ac7f54

Java frames: (J=compiled Java code, j=interpreted, Vv=VM code)
j  com.google.ortools.linearsolver.operations_research_linear_solverJNI.MPSolver_verifySolution(JLcom/google/ortools/linearsolver/MPSolver;DZ)Z+0
J 9532% C1 com.saiglobal.sf.allocator.processor.PizzaHutMIPProcessor.solve(Z)[[[Lcom/google/ortools/linearsolver/MPVariable; (2463 bytes) @ 0x00000000041fddd4 [0x00000000041e9900+0x144d4]
j  com.saiglobal.sf.allocator.processor.PizzaHutMIPProcessor.execute()V+367
j  com.saiglobal.sf.allocator.main.ResourceAllocator.main([Ljava/lang/String;)V+382
v  ~StubRoutines::call_stub

---------------  P R O C E S S  ---------------

Java Threads: ( => current thread )
  0x000000006136f000 JavaThread "task-result-getter-3" daemon [_thread_blocked, id=13024, stack(0x0000000067d40000,0x0000000067e40000)]
  0x000000006136a800 JavaThread "task-result-getter-2" daemon [_thread_blocked, id=7212, stack(0x000000005ec70000,0x000000005ed70000)]
  0x0000000060060000 JavaThread "task-result-getter-1" daemon [_thread_blocked, id=12952, stack(0x000000006ac50000,0x000000006ad50000)]
  0x000000006005f800 JavaThread "task-result-getter-0" daemon [_thread_blocked, id=9920, stack(0x00000000678e0000,0x00000000679e0000)]
  0x000000006005b800 JavaThread "org.apache.hadoop.fs.FileSystem$Statistics$StatisticsDataReferenceCleaner" daemon [_thread_blocked, id=10460, stack(0x00000000622f0000,0x00000000623f0000)]
  0x000000006005a800 JavaThread "SparkListenerBus" daemon [_thread_blocked, id=7100, stack(0x0000000062480000,0x0000000062580000)]
  0x000000006005a000 JavaThread "context-cleaner-periodic-gc" daemon [_thread_blocked, id=10440, stack(0x0000000062750000,0x0000000062850000)]
  0x0000000060059000 JavaThread "Spark Context Cleaner" daemon [_thread_blocked, id=5544, stack(0x0000000062590000,0x0000000062690000)]
  0x0000000058d0a000 JavaThread "shuffle-server-5-1" daemon [_thread_in_native, id=5596, stack(0x000000005fdc0000,0x000000005fec0000)]
  0x0000000058d09000 JavaThread "driver-heartbeater" daemon [_thread_blocked, id=10196, stack(0x000000005e500000,0x000000005e600000)]
  0x0000000058d08800 JavaThread "dag-scheduler-event-loop" daemon [_thread_blocked, id=9496, stack(0x000000005fc60000,0x000000005fd60000)]
  0x0000000058d07800 JavaThread "netty-rpc-env-timeout" daemon [_thread_blocked, id=10156, stack(0x000000005faf0000,0x000000005fbf0000)]
  0x0000000058d07000 JavaThread "Timer-0" daemon [_thread_blocked, id=12420, stack(0x000000005f600000,0x000000005f700000)]
  0x0000000058d06000 JavaThread "heartbeat-receiver-event-loop-thread" daemon [_thread_blocked, id=8440, stack(0x000000005f990000,0x000000005fa90000)]
  0x0000000058d05800 JavaThread "SparkUI-41" daemon [_thread_blocked, id=9060, stack(0x000000005f4e0000,0x000000005f5e0000)]
  0x0000000058d04800 JavaThread "SparkUI-40" daemon [_thread_blocked, id=9696, stack(0x000000005f2e0000,0x000000005f3e0000)]
  0x0000000058d04000 JavaThread "SparkUI-39" daemon [_thread_blocked, id=9428, stack(0x000000005f100000,0x000000005f200000)]
  0x0000000058d03000 JavaThread "SparkUI-38" daemon [_thread_blocked, id=11300, stack(0x000000005ef50000,0x000000005f050000)]
  0x0000000058d02800 JavaThread "SparkUI-37" daemon [_thread_blocked, id=8416, stack(0x000000005ed90000,0x000000005ee90000)]
  0x0000000058d01800 JavaThread "SparkUI-36-acceptor-0@2a89c35-ServerConnector@c6f6210{HTTP/1.1,[http/1.1]}{0.0.0.0:4040}" daemon [_thread_in_native, id=11816, stack(0x000000005dc10000,0x000000005dd10000)]
  0x0000000058d01000 JavaThread "SparkUI-35" daemon [_thread_in_native, id=11932, stack(0x000000005eb60000,0x000000005ec60000)]
  0x0000000058d00000 JavaThread "SparkUI-34" daemon [_thread_in_native, id=3816, stack(0x000000005ea30000,0x000000005eb30000)]
  0x0000000058cff800 JavaThread "map-output-dispatcher-7" daemon [_thread_blocked, id=2912, stack(0x000000005e2a0000,0x000000005e3a0000)]
  0x0000000058cfe800 JavaThread "map-output-dispatcher-6" daemon [_thread_blocked, id=12104, stack(0x000000005e620000,0x000000005e720000)]
  0x0000000058cfe000 JavaThread "map-output-dispatcher-5" daemon [_thread_blocked, id=8620, stack(0x000000005e3a0000,0x000000005e4a0000)]
  0x0000000058cfd000 JavaThread "map-output-dispatcher-4" daemon [_thread_blocked, id=11324, stack(0x000000005e170000,0x000000005e270000)]
  0x000000005b85c800 JavaThread "map-output-dispatcher-3" daemon [_thread_blocked, id=7128, stack(0x000000005e050000,0x000000005e150000)]
  0x000000005b85b800 JavaThread "map-output-dispatcher-2" daemon [_thread_blocked, id=13180, stack(0x000000005d7d0000,0x000000005d8d0000)]
  0x000000005b85b000 JavaThread "map-output-dispatcher-1" daemon [_thread_blocked, id=8428, stack(0x000000005b4f0000,0x000000005b5f0000)]
  0x000000005a56f800 JavaThread "map-output-dispatcher-0" daemon [_thread_blocked, id=13268, stack(0x000000005de60000,0x000000005df60000)]
  0x000000005b257000 JavaThread "rpc-server-3-1" daemon [_thread_in_native, id=13008, stack(0x000000005dd10000,0x000000005de10000)]
  0x000000005b8a9000 JavaThread "dispatcher-event-loop-3" daemon [_thread_blocked, id=10640, stack(0x000000005d900000,0x000000005da00000)]
  0x000000005ad0f800 JavaThread "dispatcher-event-loop-2" daemon [_thread_blocked, id=9808, stack(0x000000005d6d0000,0x000000005d7d0000)]
  0x000000005ad0f000 JavaThread "dispatcher-event-loop-1" daemon [_thread_blocked, id=9664, stack(0x000000005d4e0000,0x000000005d5e0000)]
  0x000000005ab3d000 JavaThread "dispatcher-event-loop-0" daemon [_thread_blocked, id=1296, stack(0x000000005d390000,0x000000005d490000)]
  0x000000005aa9f800 JavaThread "Abandoned connection cleanup thread" daemon [_thread_blocked, id=13224, stack(0x000000005b330000,0x000000005b430000)]
  0x0000000058d5a800 JavaThread "Service Thread" daemon [_thread_blocked, id=7012, stack(0x0000000059790000,0x0000000059890000)]
  0x0000000058cfb800 JavaThread "C1 CompilerThread2" daemon [_thread_blocked, id=9484, stack(0x0000000058960000,0x0000000058a60000)]
  0x0000000058ce6000 JavaThread "C2 CompilerThread1" daemon [_thread_blocked, id=920, stack(0x0000000059610000,0x0000000059710000)]
  0x0000000058cd8000 JavaThread "C2 CompilerThread0" daemon [_thread_blocked, id=10964, stack(0x00000000594b0000,0x00000000595b0000)]
  0x0000000058cd6800 JavaThread "Attach Listener" daemon [_thread_blocked, id=10768, stack(0x00000000592d0000,0x00000000593d0000)]
  0x00000000577df800 JavaThread "Signal Dispatcher" daemon [_thread_blocked, id=4900, stack(0x00000000591a0000,0x00000000592a0000)]
  0x00000000577c3800 JavaThread "Finalizer" daemon [_thread_blocked, id=12116, stack(0x0000000058bd0000,0x0000000058cd0000)]
  0x000000005777c800 JavaThread "Reference Handler" daemon [_thread_blocked, id=9868, stack(0x0000000058a60000,0x0000000058b60000)]
=>0x0000000002460800 JavaThread "main" [_thread_in_native, id=11552, stack(0x00000000026e0000,0x00000000027e0000)]

Other Threads:
  0x0000000057775000 VMThread [stack: 0x0000000058780000,0x0000000058880000] [id=4368]
  0x0000000058db4800 WatcherThread [stack: 0x0000000059a50000,0x0000000059b50000] [id=11376]

VM state:not at safepoint (normal execution)

VM Mutex/Monitor currently owned by a thread: None

Heap:
 PSYoungGen      total 659456K, used 345301K [0x00000000d5d80000, 0x0000000100000000, 0x0000000100000000)
  eden space 628224K, 51% used [0x00000000d5d80000,0x00000000e9a64598,0x00000000fc300000)
  from space 31232K, 66% used [0x00000000fe180000,0x00000000ff5d0f38,0x0000000100000000)
  to   space 31232K, 0% used [0x00000000fc300000,0x00000000fc300000,0x00000000fe180000)
 ParOldGen       total 119808K, used 36669K [0x0000000081800000, 0x0000000088d00000, 0x00000000d5d80000)
  object space 119808K, 30% used [0x0000000081800000,0x0000000083bcf598,0x0000000088d00000)
 Metaspace       used 82149K, capacity 84070K, committed 84264K, reserved 1122304K
  class space    used 11317K, capacity 11731K, committed 11824K, reserved 1048576K

Card table byte_map: [0x0000000011e70000,0x0000000012270000] byte_map_base: 0x0000000011a64000

Marking Bits: (ParMarkBitMap*) 0x000000007052b6d0
 Begin Bits: [0x0000000012aa0000, 0x0000000014a40000)
 End Bits:   [0x0000000014a40000, 0x00000000169e0000)

Polling page: 0x0000000001db0000

CodeCache: size=245760Kb used=46681Kb max_used=47323Kb free=199078Kb
 bounds [0x0000000002ab0000, 0x0000000005930000, 0x0000000011ab0000]
 total_blobs=14177 nmethods=13436 adapters=650
 compilation: enabled

Compilation events (10 events):
Event: 331.360 Thread 0x0000000058cfb800 16437       3       org.apache.spark.scheduler.SparkListener::onExecutorMetricsUpdate (1 bytes)
Event: 331.361 Thread 0x0000000058cfb800 nmethod 16437 0x0000000002e30ad0 code [0x0000000002e30c20, 0x0000000002e30d70]
Event: 371.348 Thread 0x0000000058cfb800 16438       3       java.util.concurrent.locks.AbstractQueuedSynchronizer$ConditionObject::await (98 bytes)
Event: 371.349 Thread 0x0000000058cfb800 nmethod 16438 0x00000000039e4750 code [0x00000000039e4a00, 0x00000000039e5be8]
Event: 411.347 Thread 0x0000000058ce6000 16439       4       java.util.concurrent.locks.ReentrantLock::lockInterruptibly (9 bytes)
Event: 411.349 Thread 0x0000000058ce6000 nmethod 16439 0x0000000002c0f450 code [0x0000000002c0f5a0, 0x0000000002c0f738]
Event: 481.356 Thread 0x0000000058cd8000 16440       4       java.util.concurrent.locks.AbstractQueuedSynchronizer$Node::<init> (15 bytes)
Event: 481.357 Thread 0x0000000058cd8000 nmethod 16440 0x00000000058e9b10 code [0x00000000058e9c40, 0x00000000058e9cb8]
Event: 481.358 Thread 0x0000000058cfb800 16441       3       java.util.concurrent.locks.AbstractQueuedSynchronizer$ConditionObject::addConditionWaiter (64 bytes)
Event: 481.358 Thread 0x0000000058cfb800 nmethod 16441 0x0000000003f5d790 code [0x0000000003f5d920, 0x0000000003f5dd48]

GC Heap History (10 events):
Event: 109.271 GC heap before
{Heap before GC invocations=29 (full 3):
 PSYoungGen      total 662016K, used 661703K [0x00000000d5d80000, 0x0000000100000000, 0x0000000100000000)
  eden space 638464K, 100% used [0x00000000d5d80000,0x00000000fcd00000,0x00000000fcd00000)
  from space 23552K, 98% used [0x00000000fcd00000,0x00000000fe3b1fa0,0x00000000fe400000)
  to   space 28160K, 0% used [0x00000000fe480000,0x00000000fe480000,0x0000000100000000)
 ParOldGen       total 119808K, used 27926K [0x0000000081800000, 0x0000000088d00000, 0x00000000d5d80000)
  object space 119808K, 23% used [0x0000000081800000,0x00000000833459d0,0x0000000088d00000)
 Metaspace       used 81264K, capacity 82900K, committed 83112K, reserved 1120256K
  class space    used 11244K, capacity 11600K, committed 11696K, reserved 1048576K
Event: 109.337 GC heap after
Heap after GC invocations=29 (full 3):
 PSYoungGen      total 658432K, used 24820K [0x00000000d5d80000, 0x0000000100000000, 0x0000000100000000)
  eden space 630272K, 0% used [0x00000000d5d80000,0x00000000d5d80000,0x00000000fc500000)
  from space 28160K, 88% used [0x00000000fe480000,0x00000000ffcbd370,0x0000000100000000)
  to   space 30208K, 0% used [0x00000000fc500000,0x00000000fc500000,0x00000000fe280000)
 ParOldGen       total 119808K, used 27926K [0x0000000081800000, 0x0000000088d00000, 0x00000000d5d80000)
  object space 119808K, 23% used [0x0000000081800000,0x00000000833459d0,0x0000000088d00000)
 Metaspace       used 81264K, capacity 82900K, committed 83112K, reserved 1120256K
  class space    used 11244K, capacity 11600K, committed 11696K, reserved 1048576K
}
Event: 111.282 GC heap before
{Heap before GC invocations=30 (full 3):
 PSYoungGen      total 658432K, used 655092K [0x00000000d5d80000, 0x0000000100000000, 0x0000000100000000)
  eden space 630272K, 100% used [0x00000000d5d80000,0x00000000fc500000,0x00000000fc500000)
  from space 28160K, 88% used [0x00000000fe480000,0x00000000ffcbd370,0x0000000100000000)
  to   space 30208K, 0% used [0x00000000fc500000,0x00000000fc500000,0x00000000fe280000)
 ParOldGen       total 119808K, used 27926K [0x0000000081800000, 0x0000000088d00000, 0x00000000d5d80000)
  object space 119808K, 23% used [0x0000000081800000,0x00000000833459d0,0x0000000088d00000)
 Metaspace       used 81433K, capacity 83138K, committed 83368K, reserved 1120256K
  class space    used 11260K, capacity 11629K, committed 11696K, reserved 1048576K
Event: 111.320 GC heap after
Heap after GC invocations=30 (full 3):
 PSYoungGen      total 653312K, used 22902K [0x00000000d5d80000, 0x0000000100000000, 0x0000000100000000)
  eden space 630272K, 0% used [0x00000000d5d80000,0x00000000d5d80000,0x00000000fc500000)
  from space 23040K, 99% used [0x00000000fc500000,0x00000000fdb5d8a0,0x00000000fdb80000)
  to   space 31232K, 0% used [0x00000000fe180000,0x00000000fe180000,0x0000000100000000)
 ParOldGen       total 119808K, used 30804K [0x0000000081800000, 0x0000000088d00000, 0x00000000d5d80000)
  object space 119808K, 25% used [0x0000000081800000,0x00000000836150f8,0x0000000088d00000)
 Metaspace       used 81433K, capacity 83138K, committed 83368K, reserved 1120256K
  class space    used 11260K, capacity 11629K, committed 11696K, reserved 1048576K
}
Event: 113.176 GC heap before
{Heap before GC invocations=31 (full 3):
 PSYoungGen      total 653312K, used 653174K [0x00000000d5d80000, 0x0000000100000000, 0x0000000100000000)
  eden space 630272K, 100% used [0x00000000d5d80000,0x00000000fc500000,0x00000000fc500000)
  from space 23040K, 99% used [0x00000000fc500000,0x00000000fdb5d8a0,0x00000000fdb80000)
  to   space 31232K, 0% used [0x00000000fe180000,0x00000000fe180000,0x0000000100000000)
 ParOldGen       total 119808K, used 30804K [0x0000000081800000, 0x0000000088d00000, 0x00000000d5d80000)
  object space 119808K, 25% used [0x0000000081800000,0x00000000836150f8,0x0000000088d00000)
 Metaspace       used 81663K, capacity 83446K, committed 83624K, reserved 1122304K
  class space    used 11277K, capacity 11659K, committed 11696K, reserved 1048576K
Event: 113.225 GC heap after
Heap after GC invocations=31 (full 3):
 PSYoungGen      total 659456K, used 20812K [0x00000000d5d80000, 0x0000000100000000, 0x0000000100000000)
  eden space 628224K, 0% used [0x00000000d5d80000,0x00000000d5d80000,0x00000000fc300000)
  from space 31232K, 66% used [0x00000000fe180000,0x00000000ff5d3010,0x0000000100000000)
  to   space 31232K, 0% used [0x00000000fc300000,0x00000000fc300000,0x00000000fe180000)
 ParOldGen       total 119808K, used 34157K [0x0000000081800000, 0x0000000088d00000, 0x00000000d5d80000)
  object space 119808K, 28% used [0x0000000081800000,0x000000008395b598,0x0000000088d00000)
 Metaspace       used 81663K, capacity 83446K, committed 83624K, reserved 1122304K
  class space    used 11277K, capacity 11659K, committed 11696K, reserved 1048576K
}
Event: 115.092 GC heap before
{Heap before GC invocations=32 (full 3):
 PSYoungGen      total 659456K, used 644956K [0x00000000d5d80000, 0x0000000100000000, 0x0000000100000000)
  eden space 628224K, 99% used [0x00000000d5d80000,0x00000000fbf040c0,0x00000000fc300000)
  from space 31232K, 66% used [0x00000000fe180000,0x00000000ff5d3010,0x0000000100000000)
  to   space 31232K, 0% used [0x00000000fc300000,0x00000000fc300000,0x00000000fe180000)
 ParOldGen       total 119808K, used 34157K [0x0000000081800000, 0x0000000088d00000, 0x00000000d5d80000)
  object space 119808K, 28% used [0x0000000081800000,0x000000008395b598,0x0000000088d00000)
 Metaspace       used 81862K, capacity 83684K, committed 83880K, reserved 1122304K
  class space    used 11294K, capacity 11688K, committed 11696K, reserved 1048576K
Event: 115.135 GC heap after
Heap after GC invocations=32 (full 3):
 PSYoungGen      total 659456K, used 21168K [0x00000000d5d80000, 0x0000000100000000, 0x0000000100000000)
  eden space 628224K, 0% used [0x00000000d5d80000,0x00000000d5d80000,0x00000000fc300000)
  from space 31232K, 67% used [0x00000000fc300000,0x00000000fd7ac300,0x00000000fe180000)
  to   space 31232K, 0% used [0x00000000fe180000,0x00000000fe180000,0x0000000100000000)
 ParOldGen       total 119808K, used 35261K [0x0000000081800000, 0x0000000088d00000, 0x00000000d5d80000)
  object space 119808K, 29% used [0x0000000081800000,0x0000000083a6f598,0x0000000088d00000)
 Metaspace       used 81862K, capacity 83684K, committed 83880K, reserved 1122304K
  class space    used 11294K, capacity 11688K, committed 11696K, reserved 1048576K
}
Event: 116.876 GC heap before
{Heap before GC invocations=33 (full 3):
 PSYoungGen      total 659456K, used 649392K [0x00000000d5d80000, 0x0000000100000000, 0x0000000100000000)
  eden space 628224K, 100% used [0x00000000d5d80000,0x00000000fc300000,0x00000000fc300000)
  from space 31232K, 67% used [0x00000000fc300000,0x00000000fd7ac300,0x00000000fe180000)
  to   space 31232K, 0% used [0x00000000fe180000,0x00000000fe180000,0x0000000100000000)
 ParOldGen       total 119808K, used 35261K [0x0000000081800000, 0x0000000088d00000, 0x00000000d5d80000)
  object space 119808K, 29% used [0x0000000081800000,0x0000000083a6f598,0x0000000088d00000)
 Metaspace       used 82038K, capacity 83922K, committed 84264K, reserved 1122304K
  class space    used 11310K, capacity 11717K, committed 11824K, reserved 1048576K
Event: 116.919 GC heap after
Heap after GC invocations=33 (full 3):
 PSYoungGen      total 659456K, used 20803K [0x00000000d5d80000, 0x0000000100000000, 0x0000000100000000)
  eden space 628224K, 0% used [0x00000000d5d80000,0x00000000d5d80000,0x00000000fc300000)
  from space 31232K, 66% used [0x00000000fe180000,0x00000000ff5d0f38,0x0000000100000000)
  to   space 31232K, 0% used [0x00000000fc300000,0x00000000fc300000,0x00000000fe180000)
 ParOldGen       total 119808K, used 36669K [0x0000000081800000, 0x0000000088d00000, 0x00000000d5d80000)
  object space 119808K, 30% used [0x0000000081800000,0x0000000083bcf598,0x0000000088d00000)
 Metaspace       used 82038K, capacity 83922K, committed 84264K, reserved 1122304K
  class space    used 11310K, capacity 11717K, committed 11824K, reserved 1048576K
}

Deoptimization events (10 events):
Event: 177.730 Thread 0x0000000061cfa000 Uncommon trap: reason=unstable_if action=reinterpret pc=0x00000000039fd8e4 method=java.util.concurrent.SynchronousQueue$TransferStack.awaitFulfill(Ljava/util/concurrent/SynchronousQueue$TransferStack$SNode;ZJ)Ljava/util/concurrent/SynchronousQueue$Transfe
Event: 177.730 Thread 0x000000005a74b800 Uncommon trap: reason=unstable_if action=reinterpret pc=0x00000000039fd8e4 method=java.util.concurrent.SynchronousQueue$TransferStack.awaitFulfill(Ljava/util/concurrent/SynchronousQueue$TransferStack$SNode;ZJ)Ljava/util/concurrent/SynchronousQueue$Transfe
Event: 177.730 Thread 0x0000000061cfa000 Uncommon trap: reason=unstable_if action=reinterpret pc=0x0000000002f7ea54 method=java.util.concurrent.SynchronousQueue.poll(JLjava/util/concurrent/TimeUnit;)Ljava/lang/Object; @ 18
Event: 177.730 Thread 0x000000005a74b800 Uncommon trap: reason=unstable_if action=reinterpret pc=0x0000000002f7ea54 method=java.util.concurrent.SynchronousQueue.poll(JLjava/util/concurrent/TimeUnit;)Ljava/lang/Object; @ 18
Event: 177.730 Thread 0x0000000061cf7800 Uncommon trap: reason=unstable_if action=reinterpret pc=0x00000000039fd8e4 method=java.util.concurrent.SynchronousQueue$TransferStack.awaitFulfill(Ljava/util/concurrent/SynchronousQueue$TransferStack$SNode;ZJ)Ljava/util/concurrent/SynchronousQueue$Transfe
Event: 177.730 Thread 0x0000000061cf9000 Uncommon trap: reason=unstable_if action=reinterpret pc=0x00000000039fd8e4 method=java.util.concurrent.SynchronousQueue$TransferStack.awaitFulfill(Ljava/util/concurrent/SynchronousQueue$TransferStack$SNode;ZJ)Ljava/util/concurrent/SynchronousQueue$Transfe
Event: 177.730 Thread 0x0000000061cf7800 Uncommon trap: reason=unstable_if action=reinterpret pc=0x0000000002f7ea54 method=java.util.concurrent.SynchronousQueue.poll(JLjava/util/concurrent/TimeUnit;)Ljava/lang/Object; @ 18
Event: 177.730 Thread 0x0000000061cf9000 Uncommon trap: reason=unstable_if action=reinterpret pc=0x0000000002f7ea54 method=java.util.concurrent.SynchronousQueue.poll(JLjava/util/concurrent/TimeUnit;)Ljava/lang/Object; @ 18
Event: 188.735 Thread 0x0000000058d04000 Uncommon trap: reason=unstable_if action=reinterpret pc=0x0000000004a81c7c method=java.util.concurrent.locks.AbstractQueuedSynchronizer.enq(Ljava/util/concurrent/locks/AbstractQueuedSynchronizer$Node;)Ljava/util/concurrent/locks/AbstractQueuedSynchronizer
Event: 301.357 Thread 0x0000000058d07800 Uncommon trap: reason=unstable_if action=reinterpret pc=0x0000000003242484 method=java.util.concurrent.locks.AbstractQueuedSynchronizer$ConditionObject.addConditionWaiter()Ljava/util/concurrent/locks/AbstractQueuedSynchronizer$Node; @ 15

Internal exceptions (10 events):
Event: 177.083 Thread 0x000000006136c000 Implicit null exception at 0x0000000002f7e887 to 0x0000000002f7ea41
Event: 177.114 Thread 0x000000006136b000 Implicit null exception at 0x0000000002f7e887 to 0x0000000002f7ea41
Event: 177.572 Thread 0x000000006136e000 Implicit null exception at 0x0000000002f7e887 to 0x0000000002f7ea41
Event: 177.588 Thread 0x0000000061cf8800 Implicit null exception at 0x0000000002f7e887 to 0x0000000002f7ea41
Event: 177.714 Thread 0x000000006005d800 Implicit null exception at 0x0000000002f7e887 to 0x0000000002f7ea41
Event: 177.714 Thread 0x000000006005d000 Implicit null exception at 0x0000000002f7e887 to 0x0000000002f7ea41
Event: 177.730 Thread 0x0000000061cfa000 Implicit null exception at 0x0000000002f7e887 to 0x0000000002f7ea41
Event: 177.730 Thread 0x000000005a74b800 Implicit null exception at 0x0000000002f7e887 to 0x0000000002f7ea41
Event: 177.730 Thread 0x0000000061cf7800 Implicit null exception at 0x0000000002f7e887 to 0x0000000002f7ea41
Event: 177.730 Thread 0x0000000061cf9000 Implicit null exception at 0x0000000002f7e887 to 0x0000000002f7ea41

Events (10 events):
Event: 481.357 Thread 0x0000000058cd8000 flushing nmethod 0x000000000410ee10
Event: 481.357 Thread 0x0000000058cd8000 flushing nmethod 0x000000000414fb10
Event: 481.357 Thread 0x0000000058cd8000 flushing nmethod 0x000000000415ac50
Event: 481.357 Thread 0x0000000058cd8000 flushing nmethod 0x000000000417a450
Event: 481.357 Thread 0x0000000058cd8000 flushing nmethod 0x000000000417b590
Event: 481.357 Thread 0x0000000058cd8000 flushing nmethod 0x00000000041be550
Event: 481.357 Thread 0x0000000058cd8000 flushing nmethod 0x0000000004239610
Event: 481.357 Thread 0x0000000058cd8000 flushing nmethod 0x0000000004272090
Event: 481.357 Thread 0x0000000058cd8000 flushing nmethod 0x00000000042751d0
Event: 481.359 Thread 0x0000000058cfb800 flushing nmethod 0x0000000004550e50


Dynamic libraries:
0x000000013fb10000 - 0x000000013fb47000 	C:\Program Files\Java\jdk1.8.0_121\bin\javaw.exe
0x0000000077230000 - 0x00000000773da000 	C:\windows\SYSTEM32\ntdll.dll
0x0000000077110000 - 0x000000007722f000 	C:\windows\system32\kernel32.dll
0x000007fefd1e0000 - 0x000007fefd24a000 	C:\windows\system32\KERNELBASE.dll
0x000007fefec50000 - 0x000007fefed2b000 	C:\windows\system32\ADVAPI32.dll
0x000007fefe220000 - 0x000007fefe2bf000 	C:\windows\system32\msvcrt.dll
0x000007fefe8a0000 - 0x000007fefe8bf000 	C:\windows\SYSTEM32\sechost.dll
0x000007feff220000 - 0x000007feff34d000 	C:\windows\system32\RPCRT4.dll
0x0000000077010000 - 0x000000007710a000 	C:\windows\system32\USER32.dll
0x000007fefd2e0000 - 0x000007fefd347000 	C:\windows\system32\GDI32.dll
0x000007fefd480000 - 0x000007fefd48e000 	C:\windows\system32\LPK.dll
0x000007fefd350000 - 0x000007fefd41b000 	C:\windows\system32\USP10.dll
0x000007fefc770000 - 0x000007fefc964000 	C:\windows\WinSxS\amd64_microsoft.windows.common-controls_6595b64144ccf1df_6.0.7601.18837_none_fa3b1e3d17594757\COMCTL32.dll
0x000007fefe820000 - 0x000007fefe891000 	C:\windows\system32\SHLWAPI.dll
0x000007feff1f0000 - 0x000007feff21e000 	C:\windows\system32\IMM32.DLL
0x000007feff430000 - 0x000007feff539000 	C:\windows\system32\MSCTF.dll
0x0000000068000000 - 0x000000006805e000 	C:\windows\System32\QIPCAP64.dll
0x000007fefd490000 - 0x000007fefe21a000 	C:\windows\system32\SHELL32.dll
0x000007fefc220000 - 0x000007fefc27b000 	C:\windows\system32\DNSAPI.dll
0x000007fefe8c0000 - 0x000007fefe90d000 	C:\windows\system32\WS2_32.dll
0x000007feff000000 - 0x000007feff008000 	C:\windows\system32\NSI.dll
0x0000000078c80000 - 0x0000000078d52000 	C:\Program Files\Java\jdk1.8.0_121\jre\bin\msvcr100.dll
0x000000006fd10000 - 0x00000000705ab000 	C:\Program Files\Java\jdk1.8.0_121\jre\bin\server\jvm.dll
0x000007fefac50000 - 0x000007fefac59000 	C:\windows\system32\WSOCK32.dll
0x000007fefa4f0000 - 0x000007fefa52b000 	C:\windows\system32\WINMM.dll
0x000007fefc470000 - 0x000007fefc47c000 	C:\windows\system32\VERSION.dll
0x0000000077400000 - 0x0000000077407000 	C:\windows\system32\PSAPI.DLL
0x0000000063f00000 - 0x0000000063f0f000 	C:\Program Files\Java\jdk1.8.0_121\jre\bin\verify.dll
0x0000000063e00000 - 0x0000000063e29000 	C:\Program Files\Java\jdk1.8.0_121\jre\bin\java.dll
0x000000005f4b0000 - 0x000000005f4c6000 	C:\Program Files\Java\jdk1.8.0_121\jre\bin\zip.dll
0x000007fefea30000 - 0x000007fefec2c000 	C:\windows\system32\ole32.dll
0x000007fefcf30000 - 0x000007fefcf3f000 	C:\windows\system32\profapi.dll
0x000000005f490000 - 0x000000005f4aa000 	C:\Program Files\Java\jdk1.8.0_121\jre\bin\net.dll
0x000007fefc4c0000 - 0x000007fefc515000 	C:\windows\system32\mswsock.dll
0x000007fefc590000 - 0x000007fefc597000 	C:\windows\System32\wship6.dll
0x000000005f470000 - 0x000000005f481000 	C:\Program Files\Java\jdk1.8.0_121\jre\bin\nio.dll
0x000007fefcd60000 - 0x000007fefcdb7000 	C:\windows\system32\apphelp.dll
0x0000000063b50000 - 0x0000000063b5d000 	C:\Program Files\Java\jdk1.8.0_121\jre\bin\management.dll
0x000007fefb050000 - 0x000007fefb065000 	C:\windows\system32\NLAapi.dll
0x000007feee830000 - 0x000007feee845000 	C:\windows\system32\napinsp.dll
0x000007feee810000 - 0x000007feee829000 	C:\windows\system32\pnrpnsp.dll
0x000007feee800000 - 0x000007feee80b000 	C:\windows\System32\winrnr.dll
0x000007feee7f0000 - 0x000007feee800000 	C:\windows\system32\wshbth.dll
0x000007fefb900000 - 0x000007fefb907000 	C:\windows\System32\wshtcpip.dll
0x000007fefac20000 - 0x000007fefac47000 	C:\windows\system32\IPHLPAPI.DLL
0x000007fefac10000 - 0x000007fefac1b000 	C:\windows\system32\WINNSI.DLL
0x000007fef7590000 - 0x000007fef7598000 	C:\windows\system32\rasadhlp.dll
0x000007fefbd70000 - 0x000007fefbdc3000 	C:\windows\System32\fwpuclnt.dll
0x000007fecbcb0000 - 0x000007fecca30000 	C:\Code\DataAnalysisBB\dataanalysis\SFResourceAllocator\lib\jniortools.dll
0x000007fee6b10000 - 0x000007fee6bac000 	C:\windows\system32\MSVCP140.dll
0x000007fefa070000 - 0x000007fefa086000 	C:\windows\system32\VCRUNTIME140.dll
0x000007fefa0d0000 - 0x000007fefa0d4000 	C:\windows\system32\api-ms-win-crt-runtime-l1-1-0.dll
0x000007fee7840000 - 0x000007fee7934000 	C:\windows\system32\ucrtbase.DLL
0x000007fee7830000 - 0x000007fee7833000 	C:\windows\system32\api-ms-win-core-timezone-l1-1-0.dll
0x000007fee7820000 - 0x000007fee7823000 	C:\windows\system32\api-ms-win-core-file-l2-1-0.dll
0x000007fee7810000 - 0x000007fee7813000 	C:\windows\system32\api-ms-win-core-localization-l1-2-0.dll
0x000007fee7130000 - 0x000007fee7133000 	C:\windows\system32\api-ms-win-core-synch-l1-2-0.dll
0x000007fee7800000 - 0x000007fee7803000 	C:\windows\system32\api-ms-win-core-processthreads-l1-1-1.dll
0x000007fee77f0000 - 0x000007fee77f3000 	C:\windows\system32\api-ms-win-core-file-l1-2-0.dll
0x000007fef8630000 - 0x000007fef8634000 	C:\windows\system32\api-ms-win-crt-string-l1-1-0.dll
0x000007fef8590000 - 0x000007fef8593000 	C:\windows\system32\api-ms-win-crt-heap-l1-1-0.dll
0x000007feed1c0000 - 0x000007feed1c4000 	C:\windows\system32\api-ms-win-crt-stdio-l1-1-0.dll
0x000007fee9eb0000 - 0x000007fee9eb4000 	C:\windows\system32\api-ms-win-crt-convert-l1-1-0.dll
0x000007fee7960000 - 0x000007fee7963000 	C:\windows\system32\api-ms-win-crt-locale-l1-1-0.dll
0x000007fee7950000 - 0x000007fee7955000 	C:\windows\system32\api-ms-win-crt-math-l1-1-0.dll
0x000007fee7940000 - 0x000007fee7945000 	C:\windows\system32\api-ms-win-crt-multibyte-l1-1-0.dll
0x000007fee7100000 - 0x000007fee7103000 	C:\windows\system32\api-ms-win-crt-time-l1-1-0.dll
0x000007fee70f0000 - 0x000007fee70f3000 	C:\windows\system32\api-ms-win-crt-filesystem-l1-1-0.dll
0x000007fee6f60000 - 0x000007fee6f63000 	C:\windows\system32\api-ms-win-crt-environment-l1-1-0.dll
0x000007fee6f50000 - 0x000007fee6f53000 	C:\windows\system32\api-ms-win-crt-utility-l1-1-0.dll
0x000007fefc390000 - 0x000007fefc3a8000 	C:\windows\system32\CRYPTSP.dll
0x000007fefc140000 - 0x000007fefc187000 	C:\windows\system32\rsaenh.dll
0x000007fefcf40000 - 0x000007fefcf5e000 	C:\windows\system32\USERENV.dll
0x000007fefcdc0000 - 0x000007fefcdcf000 	C:\windows\system32\CRYPTBASE.dll
0x000007fef8550000 - 0x000007fef8568000 	C:\windows\system32\dhcpcsvc.DLL
0x000007fef8530000 - 0x000007fef8541000 	C:\windows\system32\dhcpcsvc6.DLL
0x000000005fa90000 - 0x000000005fa99000 	C:\Program Files\Java\jdk1.8.0_121\jre\bin\w2k_lsa_auth.dll
0x000007fefccf0000 - 0x000007fefccfb000 	C:\windows\system32\Secur32.dll
0x000007fefcd30000 - 0x000007fefcd55000 	C:\windows\system32\SSPICLI.DLL
0x000000005f740000 - 0x000000005f749000 	C:\Program Files\Java\jdk1.8.0_121\jre\bin\jaas_nt.dll
0x0000000002630000 - 0x000000000265d000 	C:\Users\conluc0\AppData\Local\Temp\liblz4-java837577958767290650.so
0x000007fefba00000 - 0x000007fefbb25000 	C:\windows\system32\dbghelp.dll

VM Arguments:
jvm_args: -Djava.library.path=C:\Code\DataAnalysisBB\dataanalysis\SFResourceAllocator\lib -Dfile.encoding=Cp1252 
java_command: com.saiglobal.sf.allocator.main.ResourceAllocator -ai com.saiglobal.sf.allocator.implementation.StoreSchedulingPizzaHut -includePipeline false -logLevel DEBUG
java_class_path (initial): C:\Code\DataAnalysisBB\dataanalysis\SFResourceAllocator\target\classes;C:\Code\DataAnalysis\SFResourceAllocator\lib\org.apache.log4j_1.2.13.v200903072027.jar;C:\Code\DataAnalysisBB\dataanalysis\SFCore\bin;C:\Code\DataAnalysis\SFCore\lib\commons-cli-1.2.jar;C:\Code\DataAnalysis\SFCore\lib\commons-logging-1.1.3.jar;C:\Code\DataAnalysis\SFCore\lib\geocoder-java-0.15.jar;C:\Code\DataAnalysis\SFCore\lib\gson-2.2.4.jar;C:\Code\DataAnalysis\SFCore\lib\org.apache.log4j_1.2.13.v200903072027.jar;C:\Code\DataAnalysis\SFCore\lib\jsch-0.1.50.jar;C:\Code\DataAnalysis\SFCore\lib\sqljdbc4.jar;C:\Code\DataAnalysis\SFCore\lib\javax.mail.jar;C:\Code\DataAnalysis\SFCore\lib\mysql-connector-java-5.1.35-bin.jar;C:\Code\DataAnalysis\SFCore\lib\commons-lang-2.5.jar;C:\Code\DataAnalysis\SFCore\lib\force-wsc-32.0.0.jar;C:\Code\DataAnalysis\SFCore\lib\wsc.partner.32.jar;C:\Code\DataAnalysisBB\dataanalysis\SFResourceAllocator\lib\com.google.ortools.jar;C:\Code\DataAnalysisBB\dataanalysis\SFResourceAllocator\lib\protobuf.jar;C:\Code\DataAnalysisBB\dataanalysis\SFResourceAllocator\lib\commons-lang-2.5.jar;C:\Code\DataAnalysisBB\dataanalysis\SFReportEngine\lib\poi-3.11.jar;C:\Code\DataAnalysisBB\dataanalysis\SFReportEngine\lib\poi-ooxml-3.11.jar;C:\Code\DataAnalysisBB\dataanalysis\SFReportEngine\lib\poi-ooxml-schemas-3.11.jar;C:\Code\DataAnalysisBB\dataanalysis\SFReportEngine\lib\poi-scratchpad-3.11.jar;C:\Code\DataAnalysisBB\dataanalysis\SFReportEngine\lib\xmlbeans-2.6.0.jar;C:\Users\conluc0\.m2\repository\com\sparkjava\spark-core\2.6.0.RC0\spark-core-2.6.0.RC0.jar;C:\Users\conluc0\.m2\repository\org\slf4j\slf4j-api\1.7.13\slf4j-api-1.7.13.jar;C:\Users\conluc0\.m2\repository\org\eclipse\jetty\jetty-server\9.4.4.v20170414\jetty-server-9.4.4.v20170414.jar;C:\Users\conluc0\.m2\repository\javax\servlet\javax.servlet-api\3.1.0\javax.servlet-api-3.1.0.jar;C:\Users\conluc0\.m2\repository\org\eclipse\jetty\jetty-http\9.4.4.v20170414\jetty-http-9.4.4.v20170414.jar;C:\Users\co
Launcher Type: SUN_STANDARD

Environment Variables:
JAVA_HOME=C:\Program Files\Java\jre1.8.0_121
PATH=C:/Program Files/Java/jre1.8.0_121/bin/server;C:/Program Files/Java/jre1.8.0_121/bin;C:/Program Files/Java/jre1.8.0_121/lib/amd64;C:\gurobi702\win64\bin;C:\Program Files\Microsoft MPI\Bin\;C:\ProgramData\Oracle\Java\javapath;C:\windows\system32;C:\windows;C:\windows\System32\Wbem;C:\windows\System32\WindowsPowerShell\v1.0\;C:\Program Files (x86)\Common Files\Roxio Shared\DLLShared\;C:\Program Files (x86)\Common Files\Roxio Shared\10.0\DLLShared\;C:\Program Files (x86)\ATI Technologies\ATI.ACE\Core-Static;C:\Program Files (x86)\MySQL\MySQL Utilities 1.4\;C:\Program Files (x86)\MySQL\MySQL Utilities 1.4\Doctrine extensions for PHP\;C:\TDM-GCC-64\bin;C:\Program Files\Microsoft SQL Server\130\Tools\Binn\;C:\Program Files\Anaconda3;C:\Program Files\Anaconda3\Scripts;C:\Program Files\Anaconda3\Library\bin;C:\Program Files\Git\cmd;C:\Program Files (x86)\Microsoft Visual Studio\2017\Community\Common7\Tools\;C:\Users\conluc0\Downloads\or-tools-master\tools\;C:\Program Files\TortoiseSVN\bin;C:\Program Files\CMake\bin;C:\Program Files\Java\jdk1.8.0_121\bin;C:\Program Files\Microsoft SQL Server\110\Tools\Binn\;C:\Program Files (x86)\Microsoft SDKs\TypeScript\1.0\;C:\Program Files\Microsoft SQL Server\120\Tools\Binn\;C:\Windows\System32;C:\Program Files\nodejs\;C:\maven\apache-maven-3.5.0\bin;C:\Program Files (x86)\Microsoft SQL Server\Client SDK\ODBC\130\Tools\Binn\;C:\Program Files (x86)\Microsoft SQL Server\140\Tools\Binn\;C:\Program Files (x86)\Microsoft SQL Server\140\DTS\Binn\;C:\Program Files (x86)\Microsoft SQL Server\140\Tools\Binn\ManagementStudio\;C:\ProgramData\chocolatey\bin;C:\Users\conluc0\AppData\Local\Continuum\Anaconda;C:\Users\conluc0\AppData\Local\Continuum\Anaconda\Scripts;C:\TDM-GCC-64\bin;C:\Users\conluc0\AppData\Local\GitHubDesktop\bin;C:\Users\conluc0\AppData\Roaming\npm;C:\eclipse;
USERNAME=conluc0
OS=Windows_NT
PROCESSOR_IDENTIFIER=Intel64 Family 6 Model 69 Stepping 1, GenuineIntel



---------------  S Y S T E M  ---------------

OS: Windows 7 , 64 bit Build 7601 (6.1.7601.23915)

CPU:total 4 (2 cores per cpu, 2 threads per core) family 6 model 69 stepping 1, cmov, cx8, fxsr, mmx, sse, sse2, sse3, ssse3, sse4.1, sse4.2, popcnt, avx, avx2, aes, clmul, erms, lzcnt, ht, tsc, tscinvbit, bmi1, bmi2

Memory: 4k page, physical 8283244k(2605940k free), swap 16564628k(10415612k free)

vm_info: Java HotSpot(TM) 64-Bit Server VM (25.121-b13) for windows-amd64 JRE (1.8.0_121-b13), built on Dec 12 2016 18:21:36 by "java_re" with MS VC++ 10.0 (VS2010)

time: Wed Nov 22 13:59:13 2017
elapsed time: 541 seconds (0d 0h 9m 1s)

