#
# A fatal error has been detected by the Java Runtime Environment:
#
#  EXCEPTION_ACCESS_VIOLATION (0xc0000005) at pc=0x000007fec45174fa, pid=9616, tid=0x0000000000002d78
#
# JRE version: Java(TM) SE Runtime Environment (8.0_121-b13) (build 1.8.0_121-b13)
# Java VM: Java HotSpot(TM) 64-Bit Server VM (25.121-b13 mixed mode windows-amd64 compressed oops)
# Problematic frame:
# C  [jniortools.dll+0x4474fa]
#
# Failed to write core dump. Minidumps are not enabled by default on client versions of Windows
#
# If you would like to submit a bug report, please visit:
#   http://bugreport.java.com/bugreport/crash.jsp
# The crash happened outside the Java Virtual Machine in native code.
# See problematic frame for where to report the bug.
#

---------------  T H R E A D  ---------------

Current thread (0x0000000001e2e800):  JavaThread "main" [_thread_in_native, id=11640, stack(0x0000000002400000,0x0000000002500000)]

siginfo: ExceptionCode=0xc0000005, reading address 0x000000006539b130

Registers:
RAX=0x0000000016d9d980, RBX=0x00000000d5e3a2c0, RCX=0x000000006539b0e0, RDX=0x00000000024ff2b0
RSP=0x00000000024ff230, RBP=0x00000000024ff2c0, RSI=0x00000000f5854b38, RDI=0x000000000000000a
R8 =0x000000006539b0e0, R9 =0x00000000024ff288, R10=0x000007fec41877f0, R11=0x0000000000000001
R12=0x0000000000000000, R13=0x0000000082294c30, R14=0x00000000024ff2b0, R15=0x0000000001e2e800
RIP=0x000007fec45174fa, EFLAGS=0x0000000000010206

Top of Stack: (sp=0x00000000024ff230)
0x00000000024ff230:   00000000d5e3a2c0 000000006539b140
0x00000000024ff240:   0000000081d36648 0000000002ee0234
0x00000000024ff250:   000000000000000a 0000000002edad5b
0x00000000024ff260:   00000000d5e3a2c0 0000000700000002
0x00000000024ff270:   0000000016d1d608 00000000d5e34658
0x00000000024ff280:   0000000200000001 00000000f5854b38
0x00000000024ff290:   0000000000000031 00000000822902d8
0x00000000024ff2a0:   01d2df88cdfa66da 000000008228ede0
0x00000000024ff2b0:   00000000829d8958 0000000000000000
0x00000000024ff2c0:   0000000000000057 00000000030f2320
0x00000000024ff2d0:   01d2df88cdfa66da 0000001000000010
0x00000000024ff2e0:   0000000000000000 000000008228f080
0x00000000024ff2f0:   00000000823f6078 0000005700000058
0x00000000024ff300:   0000000016d9d980 00000000f58319e0
0x00000000024ff310:   00000000d5e3a2c0 0000000100000057
0x00000000024ff320:   000000050000000f 0000000002d4076c 

Instructions: (pc=0x000007fec45174fa)
0x000007fec45174da:   8b 05 80 b0 89 00 48 8b 40 58 c3 cc cc cc cc cc
0x000007fec45174ea:   cc cc cc cc cc cc 48 89 5c 24 08 57 48 83 ec 20
0x000007fec45174fa:   48 8b 79 50 48 8b d9 48 8b cf e8 87 47 ff ff 84
0x000007fec451750a:   c0 74 32 48 8b 07 48 8b cf ff 90 98 00 00 00 84 


Register to memory mapping:

RAX=0x0000000016d9d980 is pointing into metadata
RBX=0x00000000d5e3a2c0 is an oop
java.util.ArrayList 
 - klass: 'java/util/ArrayList'
RCX=0x000000006539b0e0 is an unknown value
RDX=0x00000000024ff2b0 is pointing into the stack for thread: 0x0000000001e2e800
RSP=0x00000000024ff230 is pointing into the stack for thread: 0x0000000001e2e800
RBP=0x00000000024ff2c0 is pointing into the stack for thread: 0x0000000001e2e800
RSI=0x00000000f5854b38 is an oop
com.google.ortools.linearsolver.MPVariable 
 - klass: 'com/google/ortools/linearsolver/MPVariable'
RDI=0x000000000000000a is an unknown value
R8 =0x000000006539b0e0 is an unknown value
R9 =0x00000000024ff288 is pointing into the stack for thread: 0x0000000001e2e800
R10=0x000007fec41877f0 is an unknown value
R11=0x0000000000000001 is an unknown value
R12=0x0000000000000000 is an unknown value
R13=0x0000000082294c30 is an oop
[B 
 - klass: {type array byte}
 - length: 8192
R14=0x00000000024ff2b0 is pointing into the stack for thread: 0x0000000001e2e800
R15=0x0000000001e2e800 is a thread


Stack: [0x0000000002400000,0x0000000002500000],  sp=0x00000000024ff230,  free space=1020k
Native frames: (J=compiled Java code, j=interpreted, Vv=VM code, C=native code)
C  [jniortools.dll+0x4474fa]
C  0x0000000002edad5b

Java frames: (J=compiled Java code, j=interpreted, Vv=VM code)
J 1952  com.google.ortools.linearsolver.operations_research_linear_solverJNI.MPVariable_solutionValue(JLcom/google/ortools/linearsolver/MPVariable;)D (0 bytes) @ 0x0000000002edacd5 [0x0000000002edac80+0x55]
J 2245 C2 com.saiglobal.sf.allocator.processor.MIP4Processor.populateSchedule([[[[Lcom/google/ortools/linearsolver/MPVariable;)Ljava/util/List; (1729 bytes) @ 0x00000000030f2320 [0x00000000030f2100+0x220]
J 2154 C2 com.saiglobal.sf.allocator.processor.MIP4Processor.scheduleBatch()Ljava/util/List; (846 bytes) @ 0x0000000003025b9c [0x0000000003023ba0+0x1ffc]
j  com.saiglobal.sf.allocator.processor.MIP4Processor.execute()V+280
j  com.saiglobal.sf.allocator.main.ResourceAllocator.main([Ljava/lang/String;)V+382
v  ~StubRoutines::call_stub

---------------  P R O C E S S  ---------------

Java Threads: ( => current thread )
  0x0000000059aae000 JavaThread "Abandoned connection cleanup thread" daemon [_thread_blocked, id=13128, stack(0x000000005a4f0000,0x000000005a5f0000)]
  0x0000000058ec2800 JavaThread "Service Thread" daemon [_thread_blocked, id=12012, stack(0x0000000059560000,0x0000000059660000)]
  0x0000000058e71000 JavaThread "C1 CompilerThread2" daemon [_thread_blocked, id=12976, stack(0x00000000593f0000,0x00000000594f0000)]
  0x000000005770f800 JavaThread "C2 CompilerThread1" daemon [_thread_blocked, id=12708, stack(0x00000000592c0000,0x00000000593c0000)]
  0x000000005770d000 JavaThread "C2 CompilerThread0" daemon [_thread_blocked, id=11352, stack(0x0000000058810000,0x0000000058910000)]
  0x0000000057705800 JavaThread "Attach Listener" daemon [_thread_blocked, id=12264, stack(0x0000000058a50000,0x0000000058b50000)]
  0x0000000057704000 JavaThread "Signal Dispatcher" daemon [_thread_blocked, id=10336, stack(0x0000000058d70000,0x0000000058e70000)]
  0x00000000576ed000 JavaThread "Finalizer" daemon [_thread_blocked, id=9796, stack(0x0000000058b70000,0x0000000058c70000)]
  0x00000000576a5800 JavaThread "Reference Handler" daemon [_thread_blocked, id=12348, stack(0x0000000058950000,0x0000000058a50000)]
=>0x0000000001e2e800 JavaThread "main" [_thread_in_native, id=11640, stack(0x0000000002400000,0x0000000002500000)]

Other Threads:
  0x000000005769e000 VMThread [stack: 0x00000000586e0000,0x00000000587e0000] [id=6844]
  0x0000000058f15800 WatcherThread [stack: 0x0000000059800000,0x0000000059900000] [id=11676]

VM state:not at safepoint (normal execution)

VM Mutex/Monitor currently owned by a thread: None

Heap:
 PSYoungGen      total 529408K, used 16975K [0x00000000d5d80000, 0x0000000100000000, 0x0000000100000000)
  eden space 518144K, 1% used [0x00000000d5d80000,0x00000000d6793718,0x00000000f5780000)
  from space 11264K, 59% used [0x00000000f5780000,0x00000000f5e005f8,0x00000000f6280000)
  to   space 11264K, 0% used [0x00000000ff500000,0x00000000ff500000,0x0000000100000000)
 ParOldGen       total 87552K, used 22299K [0x0000000081800000, 0x0000000086d80000, 0x00000000d5d80000)
  object space 87552K, 25% used [0x0000000081800000,0x0000000082dc6f18,0x0000000086d80000)
 Metaspace       used 13062K, capacity 13358K, committed 13568K, reserved 1060864K
  class space    used 1332K, capacity 1435K, committed 1536K, reserved 1048576K

Card table byte_map: [0x0000000011b90000,0x0000000011f90000] byte_map_base: 0x0000000011784000

Marking Bits: (ParMarkBitMap*) 0x00000000703ab6d0
 Begin Bits: [0x00000000129d0000, 0x0000000014970000)
 End Bits:   [0x0000000014970000, 0x0000000016910000)

Polling page: 0x0000000001db0000

CodeCache: size=245760Kb used=8296Kb max_used=9589Kb free=237463Kb
 bounds [0x00000000027d0000, 0x0000000003140000, 0x00000000117d0000]
 total_blobs=2378 nmethods=1947 adapters=343
 compilation: enabled

Compilation events (10 events):
Event: 455.533 Thread 0x000000005770d000 nmethod 2348 0x0000000002e8bf10 code [0x0000000002e8c040, 0x0000000002e8c098]
Event: 456.250 Thread 0x0000000058e71000 2349       3       com.mysql.jdbc.ConnectionPropertiesImpl$IntegerConnectionProperty::getValueAsInt (11 bytes)
Event: 456.251 Thread 0x0000000058e71000 nmethod 2349 0x0000000002b8df50 code [0x0000000002b8e0c0, 0x0000000002b8e390]
Event: 456.818 Thread 0x0000000058e71000 2350       3       java.lang.Long::stringSize (38 bytes)
Event: 456.818 Thread 0x0000000058e71000 nmethod 2350 0x0000000002a41290 code [0x0000000002a41400, 0x0000000002a41650]
Event: 456.818 Thread 0x0000000058e71000 2351       3       java.lang.Long::getChars (221 bytes)
Event: 456.819 Thread 0x0000000058e71000 nmethod 2351 0x0000000002ad3d50 code [0x0000000002ad3f20, 0x0000000002ad4590]
Event: 456.878 Thread 0x000000005770f800 2352 %     4       java.lang.ref.Reference$ReferenceHandler::run @ 0 (8 bytes)
Event: 456.879 Thread 0x000000005770f800 nmethod 2352% 0x0000000002d90490 code [0x0000000002d905e0, 0x0000000002d90668]
Event: 456.903 Thread 0x000000005770f800 2353 % !   4       java.lang.ref.Finalizer$FinalizerThread::run @ 33 (55 bytes)

GC Heap History (10 events):
Event: 114.088 GC heap before
{Heap before GC invocations=11 (full 0):
 PSYoungGen      total 214016K, used 202304K [0x00000000d5d80000, 0x00000000e3b80000, 0x0000000100000000)
  eden space 202240K, 100% used [0x00000000d5d80000,0x00000000e2300000,0x00000000e2300000)
  from space 11776K, 0% used [0x00000000e2f00000,0x00000000e2f10000,0x00000000e3a80000)
  to   space 12288K, 0% used [0x00000000e2300000,0x00000000e2300000,0x00000000e2f00000)
 ParOldGen       total 87552K, used 18168K [0x0000000081800000, 0x0000000086d80000, 0x00000000d5d80000)
  object space 87552K, 20% used [0x0000000081800000,0x00000000829be0a0,0x0000000086d80000)
 Metaspace       used 12982K, capacity 13256K, committed 13568K, reserved 1060864K
  class space    used 1330K, capacity 1432K, committed 1536K, reserved 1048576K
Event: 114.096 GC heap after
Heap after GC invocations=11 (full 0):
 PSYoungGen      total 214528K, used 4691K [0x00000000d5d80000, 0x00000000eb080000, 0x0000000100000000)
  eden space 202240K, 0% used [0x00000000d5d80000,0x00000000d5d80000,0x00000000e2300000)
  from space 12288K, 38% used [0x00000000e2300000,0x00000000e2794e48,0x00000000e2f00000)
  to   space 11776K, 0% used [0x00000000ea500000,0x00000000ea500000,0x00000000eb080000)
 ParOldGen       total 87552K, used 18176K [0x0000000081800000, 0x0000000086d80000, 0x00000000d5d80000)
  object space 87552K, 20% used [0x0000000081800000,0x00000000829c00a0,0x0000000086d80000)
 Metaspace       used 12982K, capacity 13256K, committed 13568K, reserved 1060864K
  class space    used 1330K, capacity 1432K, committed 1536K, reserved 1048576K
}
Event: 421.240 GC heap before
{Heap before GC invocations=12 (full 0):
 PSYoungGen      total 214528K, used 206931K [0x00000000d5d80000, 0x00000000eb080000, 0x0000000100000000)
  eden space 202240K, 100% used [0x00000000d5d80000,0x00000000e2300000,0x00000000e2300000)
  from space 12288K, 38% used [0x00000000e2300000,0x00000000e2794e48,0x00000000e2f00000)
  to   space 11776K, 0% used [0x00000000ea500000,0x00000000ea500000,0x00000000eb080000)
 ParOldGen       total 87552K, used 18176K [0x0000000081800000, 0x0000000086d80000, 0x00000000d5d80000)
  object space 87552K, 20% used [0x0000000081800000,0x00000000829c00a0,0x0000000086d80000)
 Metaspace       used 13000K, capacity 13336K, committed 13568K, reserved 1060864K
  class space    used 1331K, capacity 1432K, committed 1536K, reserved 1048576K
Event: 421.257 GC heap after
Heap after GC invocations=12 (full 0):
 PSYoungGen      total 334336K, used 2096K [0x00000000d5d80000, 0x00000000eaf80000, 0x0000000100000000)
  eden space 323584K, 0% used [0x00000000d5d80000,0x00000000d5d80000,0x00000000e9980000)
  from space 10752K, 19% used [0x00000000ea500000,0x00000000ea70c010,0x00000000eaf80000)
  to   space 11264K, 0% used [0x00000000e9980000,0x00000000e9980000,0x00000000ea480000)
 ParOldGen       total 87552K, used 18803K [0x0000000081800000, 0x0000000086d80000, 0x00000000d5d80000)
  object space 87552K, 21% used [0x0000000081800000,0x0000000082a5cef8,0x0000000086d80000)
 Metaspace       used 13000K, capacity 13336K, committed 13568K, reserved 1060864K
  class space    used 1331K, capacity 1432K, committed 1536K, reserved 1048576K
}
Event: 443.168 GC heap before
{Heap before GC invocations=13 (full 0):
 PSYoungGen      total 334336K, used 325680K [0x00000000d5d80000, 0x00000000eaf80000, 0x0000000100000000)
  eden space 323584K, 100% used [0x00000000d5d80000,0x00000000e9980000,0x00000000e9980000)
  from space 10752K, 19% used [0x00000000ea500000,0x00000000ea70c010,0x00000000eaf80000)
  to   space 11264K, 0% used [0x00000000e9980000,0x00000000e9980000,0x00000000ea480000)
 ParOldGen       total 87552K, used 18803K [0x0000000081800000, 0x0000000086d80000, 0x00000000d5d80000)
  object space 87552K, 21% used [0x0000000081800000,0x0000000082a5cef8,0x0000000086d80000)
 Metaspace       used 13054K, capacity 13358K, committed 13568K, reserved 1060864K
  class space    used 1332K, capacity 1435K, committed 1536K, reserved 1048576K
Event: 443.174 GC heap after
Heap after GC invocations=13 (full 0):
 PSYoungGen      total 334848K, used 5360K [0x00000000d5d80000, 0x00000000f6d80000, 0x0000000100000000)
  eden space 323584K, 0% used [0x00000000d5d80000,0x00000000d5d80000,0x00000000e9980000)
  from space 11264K, 47% used [0x00000000e9980000,0x00000000e9ebc050,0x00000000ea480000)
  to   space 11264K, 0% used [0x00000000f6280000,0x00000000f6280000,0x00000000f6d80000)
 ParOldGen       total 87552K, used 18891K [0x0000000081800000, 0x0000000086d80000, 0x00000000d5d80000)
  object space 87552K, 21% used [0x0000000081800000,0x0000000082a72f08,0x0000000086d80000)
 Metaspace       used 13054K, capacity 13358K, committed 13568K, reserved 1060864K
  class space    used 1332K, capacity 1435K, committed 1536K, reserved 1048576K
}
Event: 443.662 GC heap before
{Heap before GC invocations=14 (full 0):
 PSYoungGen      total 334848K, used 328944K [0x00000000d5d80000, 0x00000000f6d80000, 0x0000000100000000)
  eden space 323584K, 100% used [0x00000000d5d80000,0x00000000e9980000,0x00000000e9980000)
  from space 11264K, 47% used [0x00000000e9980000,0x00000000e9ebc050,0x00000000ea480000)
  to   space 11264K, 0% used [0x00000000f6280000,0x00000000f6280000,0x00000000f6d80000)
 ParOldGen       total 87552K, used 18891K [0x0000000081800000, 0x0000000086d80000, 0x00000000d5d80000)
  object space 87552K, 21% used [0x0000000081800000,0x0000000082a72f08,0x0000000086d80000)
 Metaspace       used 13054K, capacity 13358K, committed 13568K, reserved 1060864K
  class space    used 1332K, capacity 1435K, committed 1536K, reserved 1048576K
Event: 443.671 GC heap after
Heap after GC invocations=14 (full 0):
 PSYoungGen      total 529408K, used 6976K [0x00000000d5d80000, 0x00000000f6d80000, 0x0000000100000000)
  eden space 518144K, 0% used [0x00000000d5d80000,0x00000000d5d80000,0x00000000f5780000)
  from space 11264K, 61% used [0x00000000f6280000,0x00000000f6950000,0x00000000f6d80000)
  to   space 11264K, 0% used [0x00000000f5780000,0x00000000f5780000,0x00000000f6280000)
 ParOldGen       total 87552K, used 22299K [0x0000000081800000, 0x0000000086d80000, 0x00000000d5d80000)
  object space 87552K, 25% used [0x0000000081800000,0x0000000082dc6f18,0x0000000086d80000)
 Metaspace       used 13054K, capacity 13358K, committed 13568K, reserved 1060864K
  class space    used 1332K, capacity 1435K, committed 1536K, reserved 1048576K
}
Event: 456.864 GC heap before
{Heap before GC invocations=15 (full 0):
 PSYoungGen      total 529408K, used 525120K [0x00000000d5d80000, 0x00000000f6d80000, 0x0000000100000000)
  eden space 518144K, 100% used [0x00000000d5d80000,0x00000000f5780000,0x00000000f5780000)
  from space 11264K, 61% used [0x00000000f6280000,0x00000000f6950000,0x00000000f6d80000)
  to   space 11264K, 0% used [0x00000000f5780000,0x00000000f5780000,0x00000000f6280000)
 ParOldGen       total 87552K, used 22299K [0x0000000081800000, 0x0000000086d80000, 0x00000000d5d80000)
  object space 87552K, 25% used [0x0000000081800000,0x0000000082dc6f18,0x0000000086d80000)
 Metaspace       used 13062K, capacity 13358K, committed 13568K, reserved 1060864K
  class space    used 1332K, capacity 1435K, committed 1536K, reserved 1048576K
Event: 456.876 GC heap after
Heap after GC invocations=15 (full 0):
 PSYoungGen      total 529408K, used 6657K [0x00000000d5d80000, 0x0000000100000000, 0x0000000100000000)
  eden space 518144K, 0% used [0x00000000d5d80000,0x00000000d5d80000,0x00000000f5780000)
  from space 11264K, 59% used [0x00000000f5780000,0x00000000f5e005f8,0x00000000f6280000)
  to   space 11264K, 0% used [0x00000000ff500000,0x00000000ff500000,0x0000000100000000)
 ParOldGen       total 87552K, used 22299K [0x0000000081800000, 0x0000000086d80000, 0x00000000d5d80000)
  object space 87552K, 25% used [0x0000000081800000,0x0000000082dc6f18,0x0000000086d80000)
 Metaspace       used 13062K, capacity 13358K, committed 13568K, reserved 1060864K
  class space    used 1332K, capacity 1435K, committed 1536K, reserved 1048576K
}

Deoptimization events (10 events):
Event: 113.951 Thread 0x0000000001e2e800 Uncommon trap: reason=uninitialized action=reinterpret pc=0x0000000002fa0bec method=com.saiglobal.sf.allocator.processor.MIP4Processor.populateSchedule([[[[Lcom/google/ortools/linearsolver/MPVariable;)Ljava/util/List; @ 1609
Event: 113.964 Thread 0x0000000001e2e800 Uncommon trap: reason=unstable_if action=reinterpret pc=0x0000000002a3d270 method=com.saiglobal.sf.allocator.processor.MIP4Processor.lambda$0(Lcom/saiglobal/sf/core/model/WorkItem;)Z @ 26
Event: 114.176 Thread 0x0000000001e2e800 Uncommon trap: reason=unstable_if action=reinterpret pc=0x0000000002f5cd18 method=com.saiglobal.sf.allocator.processor.MIP4Processor.solve([[[[Z)Lcom/saiglobal/sf/allocator/processor/MIP4Processor$SolverResult; @ 890
Event: 114.182 Thread 0x0000000001e2e800 Uncommon trap: reason=unstable_if action=reinterpret pc=0x00000000028edf50 method=com.saiglobal.sf.allocator.processor.MIP4Processor.solve([[[[Z)Lcom/saiglobal/sf/allocator/processor/MIP4Processor$SolverResult; @ 890
Event: 114.189 Thread 0x0000000001e2e800 Uncommon trap: reason=unstable_if action=reinterpret pc=0x0000000002ee1788 method=com.saiglobal.sf.allocator.processor.MIP4Processor.solve([[[[Z)Lcom/saiglobal/sf/allocator/processor/MIP4Processor$SolverResult; @ 1221
Event: 114.435 Thread 0x0000000001e2e800 Uncommon trap: reason=unreached action=reinterpret pc=0x0000000002f2d984 method=com.saiglobal.sf.allocator.processor.MIP4Processor.solve([[[[Z)Lcom/saiglobal/sf/allocator/processor/MIP4Processor$SolverResult; @ 781
Event: 114.748 Thread 0x0000000001e2e800 Uncommon trap: reason=unstable_if action=reinterpret pc=0x0000000002b5e9d0 method=com.saiglobal.sf.core.utility.Utility.calculateAuditCost(Lcom/saiglobal/sf/core/model/Resource;Lcom/saiglobal/sf/core/model/WorkItem;Lcom/saiglobal/sf/core/model/WorkItem;Lc
Event: 417.773 Thread 0x0000000001e2e800 Uncommon trap: reason=unstable_if action=reinterpret pc=0x00000000028e9ccc method=com.saiglobal.sf.allocator.processor.MIP4Processor.getFollowingAuditInMilkRun(I[[[[Lcom/google/ortools/linearsolver/MPVariable;)I @ 87
Event: 417.782 Thread 0x0000000001e2e800 Uncommon trap: reason=unstable_if action=reinterpret pc=0x000000000290d994 method=com.saiglobal.sf.allocator.processor.MIP4Processor.getFollowingAuditInMilkRun(I[[[[Lcom/google/ortools/linearsolver/MPVariable;)I @ 87
Event: 443.054 Thread 0x0000000001e2e800 Uncommon trap: reason=unstable_if action=reinterpret pc=0x0000000002aa2498 method=com.saiglobal.sf.allocator.processor.MIP4Processor.lambda$0(Lcom/saiglobal/sf/core/model/WorkItem;)Z @ 33

Internal exceptions (10 events):
Event: 0.681 Thread 0x0000000001e2e800 Exception <a 'java/lang/ClassNotFoundException': org/apache/log4j/AppenderSkeletonCustomizer> (0x00000000d6285b40) thrown at [C:\re\workspace\8-2-build-windows-amd64-cygwin\jdk8u121\8372\hotspot\src\share\vm\classfile\systemDictionary.cpp, line 210]
Event: 0.682 Thread 0x0000000001e2e800 Exception <a 'java/lang/ClassNotFoundException': org/apache/log4j/WriterAppenderCustomizer> (0x00000000d62a04f0) thrown at [C:\re\workspace\8-2-build-windows-amd64-cygwin\jdk8u121\8372\hotspot\src\share\vm\classfile\systemDictionary.cpp, line 210]
Event: 0.683 Thread 0x0000000001e2e800 Exception <a 'java/lang/ClassNotFoundException': org/apache/log4j/FileAppenderCustomizer> (0x00000000d62b3cd8) thrown at [C:\re\workspace\8-2-build-windows-amd64-cygwin\jdk8u121\8372\hotspot\src\share\vm\classfile\systemDictionary.cpp, line 210]
Event: 0.684 Thread 0x0000000001e2e800 Exception <a 'java/lang/ClassNotFoundException': org/apache/log4j/RollingFileAppenderCustomizer> (0x00000000d62c7760) thrown at [C:\re\workspace\8-2-build-windows-amd64-cygwin\jdk8u121\8372\hotspot\src\share\vm\classfile\systemDictionary.cpp, line 210]
Event: 0.697 Thread 0x0000000001e2e800 Exception <a 'java/lang/ClassNotFoundException': org/apache/log4j/ConsoleAppenderBeanInfo> (0x00000000d62f0e70) thrown at [C:\re\workspace\8-2-build-windows-amd64-cygwin\jdk8u121\8372\hotspot\src\share\vm\classfile\systemDictionary.cpp, line 210]
Event: 0.698 Thread 0x0000000001e2e800 Exception <a 'java/lang/ClassNotFoundException': org/apache/log4j/ConsoleAppenderCustomizer> (0x00000000d62f7740) thrown at [C:\re\workspace\8-2-build-windows-amd64-cygwin\jdk8u121\8372\hotspot\src\share\vm\classfile\systemDictionary.cpp, line 210]
Event: 1.137 Thread 0x0000000001e2e800 Implicit null exception at 0x00000000029e7586 to 0x00000000029e7929
Event: 4.550 Thread 0x0000000001e2e800 Exception <a 'java/lang/NoSuchFieldError': method resolution failed> (0x00000000d6eeff08) thrown at [C:\re\workspace\8-2-build-windows-amd64-cygwin\jdk8u121\8372\hotspot\src\share\vm\prims\methodHandles.cpp, line 1146]
Event: 4.556 Thread 0x0000000001e2e800 Exception <a 'java/lang/NoSuchFieldError': method resolution failed> (0x00000000d6efd228) thrown at [C:\re\workspace\8-2-build-windows-amd64-cygwin\jdk8u121\8372\hotspot\src\share\vm\prims\methodHandles.cpp, line 1146]
Event: 104.369 Thread 0x0000000001e2e800 Exception <a 'java/lang/NoSuchMethodError': java.lang.Object.lambda$minBy$0(Ljava/util/Comparator;Ljava/lang/Object;Ljava/lang/Object;)Ljava/lang/Object;> (0x00000000d7d687f8) thrown at [C:\re\workspace\8-2-build-windows-amd64-cygwin\jdk8u121\8372\hotspot

Events (10 events):
Event: 456.890 Executing VM operation: RevokeBias
Event: 456.890 Executing VM operation: RevokeBias done
Event: 456.890 Executing VM operation: RevokeBias
Event: 456.890 Executing VM operation: RevokeBias done
Event: 456.890 Executing VM operation: RevokeBias
Event: 456.890 Executing VM operation: RevokeBias done
Event: 456.890 Executing VM operation: RevokeBias
Event: 456.890 Executing VM operation: RevokeBias done
Event: 456.890 Executing VM operation: RevokeBias
Event: 456.890 Executing VM operation: RevokeBias done


Dynamic libraries:
0x000000013f5c0000 - 0x000000013f5f7000 	C:\Program Files\Java\jdk1.8.0_121\bin\javaw.exe
0x0000000077070000 - 0x000000007721a000 	C:\windows\SYSTEM32\ntdll.dll
0x0000000076e50000 - 0x0000000076f6f000 	C:\windows\system32\kernel32.dll
0x000007fefcda0000 - 0x000007fefce0a000 	C:\windows\system32\KERNELBASE.dll
0x000007fefec00000 - 0x000007fefecdb000 	C:\windows\system32\ADVAPI32.dll
0x000007fefe300000 - 0x000007fefe39f000 	C:\windows\system32\msvcrt.dll
0x000007fefefb0000 - 0x000007fefefcf000 	C:\windows\SYSTEM32\sechost.dll
0x000007fefeab0000 - 0x000007fefebdd000 	C:\windows\system32\RPCRT4.dll
0x0000000076f70000 - 0x000000007706a000 	C:\windows\system32\USER32.dll
0x000007fefe3a0000 - 0x000007fefe407000 	C:\windows\system32\GDI32.dll
0x000007fefe2f0000 - 0x000007fefe2fe000 	C:\windows\system32\LPK.dll
0x000007fefe9e0000 - 0x000007fefeaaa000 	C:\windows\system32\USP10.dll
0x000007fefb220000 - 0x000007fefb414000 	C:\windows\WinSxS\amd64_microsoft.windows.common-controls_6595b64144ccf1df_6.0.7601.18837_none_fa3b1e3d17594757\COMCTL32.dll
0x000007feff190000 - 0x000007feff201000 	C:\windows\system32\SHLWAPI.dll
0x000007fefe740000 - 0x000007fefe76e000 	C:\windows\system32\IMM32.DLL
0x000007fefefd0000 - 0x000007feff0d9000 	C:\windows\system32\MSCTF.dll
0x0000000068000000 - 0x0000000068056000 	C:\windows\system32\QIPCAP64.DLL
0x000007fefd560000 - 0x000007fefe2ea000 	C:\windows\system32\SHELL32.dll
0x000007fefc3b0000 - 0x000007fefc40b000 	C:\windows\system32\DNSAPI.dll
0x000007feff330000 - 0x000007feff37d000 	C:\windows\system32\WS2_32.dll
0x000007feff0e0000 - 0x000007feff0e8000 	C:\windows\system32\NSI.dll
0x00000000788f0000 - 0x00000000789c2000 	C:\Program Files\Java\jdk1.8.0_121\jre\bin\msvcr100.dll
0x000000006fb90000 - 0x000000007042b000 	C:\Program Files\Java\jdk1.8.0_121\jre\bin\server\jvm.dll
0x000007fefaef0000 - 0x000007fefaef9000 	C:\windows\system32\WSOCK32.dll
0x000007fefa430000 - 0x000007fefa46b000 	C:\windows\system32\WINMM.dll
0x000007fefbe30000 - 0x000007fefbe3c000 	C:\windows\system32\VERSION.dll
0x0000000077230000 - 0x0000000077237000 	C:\windows\system32\PSAPI.DLL
0x0000000061ca0000 - 0x0000000061caf000 	C:\Program Files\Java\jdk1.8.0_121\jre\bin\verify.dll
0x0000000061870000 - 0x0000000061899000 	C:\Program Files\Java\jdk1.8.0_121\jre\bin\java.dll
0x0000000061c00000 - 0x0000000061c16000 	C:\Program Files\Java\jdk1.8.0_121\jre\bin\zip.dll
0x000007fefd180000 - 0x000007fefd37c000 	C:\windows\system32\ole32.dll
0x000007fefcd60000 - 0x000007fefcd6f000 	C:\windows\system32\profapi.dll
0x00000000617d0000 - 0x00000000617ea000 	C:\Program Files\Java\jdk1.8.0_121\jre\bin\net.dll
0x000007fefc530000 - 0x000007fefc585000 	C:\windows\system32\mswsock.dll
0x000007fefc520000 - 0x000007fefc527000 	C:\windows\System32\wship6.dll
0x00000000617b0000 - 0x00000000617c1000 	C:\Program Files\Java\jdk1.8.0_121\jre\bin\nio.dll
0x000007fefcc50000 - 0x000007fefcca7000 	C:\windows\system32\apphelp.dll
0x0000000061c90000 - 0x0000000061c9d000 	C:\Program Files\Java\jdk1.8.0_121\jre\bin\management.dll
0x000007fefb620000 - 0x000007fefb635000 	C:\windows\system32\NLAapi.dll
0x000007feefb30000 - 0x000007feefb45000 	C:\windows\system32\napinsp.dll
0x000007feefb10000 - 0x000007feefb29000 	C:\windows\system32\pnrpnsp.dll
0x000007feefb00000 - 0x000007feefb0b000 	C:\windows\System32\winrnr.dll
0x000007feefaf0000 - 0x000007feefb00000 	C:\windows\system32\wshbth.dll
0x000007fefc150000 - 0x000007fefc157000 	C:\windows\System32\wshtcpip.dll
0x000007fefaec0000 - 0x000007fefaee7000 	C:\windows\system32\IPHLPAPI.DLL
0x000007fefaeb0000 - 0x000007fefaebb000 	C:\windows\system32\WINNSI.DLL
0x000007fef73c0000 - 0x000007fef73c8000 	C:\windows\system32\rasadhlp.dll
0x000007fef8810000 - 0x000007fef8863000 	C:\windows\System32\fwpuclnt.dll
0x000007fec40d0000 - 0x000007fec4e50000 	C:\Code\DataAnalysisBB\dataanalysis\SFResourceAllocator\lib\jniortools.dll
0x000007fee9b10000 - 0x000007fee9bac000 	C:\windows\system32\MSVCP140.dll
0x000007fefb8d0000 - 0x000007fefb8e6000 	C:\windows\system32\VCRUNTIME140.dll
0x000007fef8e30000 - 0x000007fef8e34000 	C:\windows\system32\api-ms-win-crt-runtime-l1-1-0.dll
0x000007fee3df0000 - 0x000007fee3ee4000 	C:\windows\system32\ucrtbase.DLL
0x000007fee5ae0000 - 0x000007fee5ae3000 	C:\windows\system32\api-ms-win-core-timezone-l1-1-0.dll
0x000007fee5ad0000 - 0x000007fee5ad3000 	C:\windows\system32\api-ms-win-core-file-l2-1-0.dll
0x000007fee5ac0000 - 0x000007fee5ac3000 	C:\windows\system32\api-ms-win-core-localization-l1-2-0.dll
0x000007feeaa90000 - 0x000007feeaa93000 	C:\windows\system32\api-ms-win-core-synch-l1-2-0.dll
0x000007fee5ab0000 - 0x000007fee5ab3000 	C:\windows\system32\api-ms-win-core-processthreads-l1-1-1.dll
0x000007fee5aa0000 - 0x000007fee5aa3000 	C:\windows\system32\api-ms-win-core-file-l1-2-0.dll
0x000007fef8c00000 - 0x000007fef8c04000 	C:\windows\system32\api-ms-win-crt-string-l1-1-0.dll
0x000007fef8bf0000 - 0x000007fef8bf3000 	C:\windows\system32\api-ms-win-crt-heap-l1-1-0.dll
0x000007fef81a0000 - 0x000007fef81a4000 	C:\windows\system32\api-ms-win-crt-stdio-l1-1-0.dll
0x000007fef6a40000 - 0x000007fef6a44000 	C:\windows\system32\api-ms-win-crt-convert-l1-1-0.dll
0x000007fef0f90000 - 0x000007fef0f93000 	C:\windows\system32\api-ms-win-crt-locale-l1-1-0.dll
0x000007fef0f80000 - 0x000007fef0f85000 	C:\windows\system32\api-ms-win-crt-math-l1-1-0.dll
0x000007feeeb60000 - 0x000007feeeb65000 	C:\windows\system32\api-ms-win-crt-multibyte-l1-1-0.dll
0x000007feeeb50000 - 0x000007feeeb53000 	C:\windows\system32\api-ms-win-crt-time-l1-1-0.dll
0x000007feeeb40000 - 0x000007feeeb43000 	C:\windows\system32\api-ms-win-crt-filesystem-l1-1-0.dll
0x000007feeeb30000 - 0x000007feeeb33000 	C:\windows\system32\api-ms-win-crt-environment-l1-1-0.dll
0x000007feeea50000 - 0x000007feeea53000 	C:\windows\system32\api-ms-win-crt-utility-l1-1-0.dll
0x000007fefaf00000 - 0x000007fefb025000 	C:\windows\system32\dbghelp.dll

VM Arguments:
jvm_args: -Djava.library.path=lib -Dfile.encoding=Cp1252 
java_command: com.saiglobal.sf.allocator.main.ResourceAllocator -ai com.saiglobal.sf.allocator.implementation.ResourceAllocatorMIPMilkRunsUK -includePipeline false -logLevel DEBUG -cp noOfMonth:12;milkRuns:true
java_class_path (initial): C:\Code\DataAnalysisBB\dataanalysis\SFResourceAllocator\bin;C:\Code\DataAnalysis\SFResourceAllocator\lib\org.apache.log4j_1.2.13.v200903072027.jar;C:\Code\DataAnalysisBB\dataanalysis\SFCore\bin;C:\Code\DataAnalysis\SFCore\lib\commons-cli-1.2.jar;C:\Code\DataAnalysis\SFCore\lib\commons-logging-1.1.3.jar;C:\Code\DataAnalysis\SFCore\lib\geocoder-java-0.15.jar;C:\Code\DataAnalysis\SFCore\lib\gson-2.2.4.jar;C:\Code\DataAnalysis\SFCore\lib\org.apache.log4j_1.2.13.v200903072027.jar;C:\Code\DataAnalysis\SFCore\lib\jsch-0.1.50.jar;C:\Code\DataAnalysis\SFCore\lib\sqljdbc4.jar;C:\Code\DataAnalysis\SFCore\lib\javax.mail.jar;C:\Code\DataAnalysis\SFCore\lib\mysql-connector-java-5.1.35-bin.jar;C:\Code\DataAnalysis\SFCore\lib\commons-lang-2.5.jar;C:\Code\DataAnalysis\SFCore\lib\force-wsc-32.0.0.jar;C:\Code\DataAnalysis\SFCore\lib\wsc.partner.32.jar;C:\Code\DataAnalysisBB\dataanalysis\SFResourceAllocator\lib\com.google.ortools.jar;C:\Code\DataAnalysisBB\dataanalysis\SFResourceAllocator\lib\protobuf.jar
Launcher Type: SUN_STANDARD

Environment Variables:
PATH=C:/Program Files/Java/jre1.8.0_121/bin/server;C:/Program Files/Java/jre1.8.0_121/bin;C:/Program Files/Java/jre1.8.0_121/lib/amd64;C:\gurobi702\win64\bin;C:\Program Files\Microsoft MPI\Bin\;C:\ProgramData\Oracle\Java\javapath;C:\windows\system32;C:\windows;C:\windows\System32\Wbem;C:\windows\System32\WindowsPowerShell\v1.0\;C:\Program Files (x86)\Common Files\Roxio Shared\DLLShared\;C:\Program Files (x86)\Common Files\Roxio Shared\10.0\DLLShared\;C:\Program Files (x86)\ATI Technologies\ATI.ACE\Core-Static;C:\Program Files (x86)\MySQL\MySQL Utilities 1.4\;C:\Program Files (x86)\MySQL\MySQL Utilities 1.4\Doctrine extensions for PHP\;C:\Program Files\nodejs\;C:\TDM-GCC-64\bin;C:\Program Files\Microsoft SQL Server\130\Tools\Binn\;C:\Program Files\Anaconda3;C:\Program Files\Anaconda3\Scripts;C:\Program Files\Anaconda3\Library\bin;C:\Program Files\Git\cmd;C:\Program Files (x86)\Microsoft Visual Studio\2017\Community\Common7\Tools\;C:\Users\conluc0\Downloads\or-tools-master\tools\;C:\Program Files\TortoiseSVN\bin;C:\Program Files\CMake\bin;C:\Program Files\Java\jdk1.8.0_121\bin;C:\Program Files\Microsoft SQL Server\110\Tools\Binn\;C:\Program Files (x86)\Microsoft SDKs\TypeScript\1.0\;C:\Program Files\Microsoft SQL Server\120\Tools\Binn\;C:\Windows\System32;C:\Users\conluc0\AppData\Local\Continuum\Anaconda;C:\Users\conluc0\AppData\Local\Continuum\Anaconda\Scripts;C:\Users\conluc0\AppData\Roaming\npm;C:\TDM-GCC-64\bin;C:\eclipse;
USERNAME=conluc0
OS=Windows_NT
PROCESSOR_IDENTIFIER=Intel64 Family 6 Model 69 Stepping 1, GenuineIntel



---------------  S Y S T E M  ---------------

OS: Windows 7 , 64 bit Build 7601 (6.1.7601.23796)

CPU:total 4 (2 cores per cpu, 2 threads per core) family 6 model 69 stepping 1, cmov, cx8, fxsr, mmx, sse, sse2, sse3, ssse3, sse4.1, sse4.2, popcnt, avx, avx2, aes, clmul, erms, lzcnt, ht, tsc, tscinvbit, bmi1, bmi2

Memory: 4k page, physical 8283244k(5136244k free), swap 33125996k(27254504k free)

vm_info: Java HotSpot(TM) 64-Bit Server VM (25.121-b13) for windows-amd64 JRE (1.8.0_121-b13), built on Dec 12 2016 18:21:36 by "java_re" with MS VC++ 10.0 (VS2010)

time: Wed Jun 07 14:23:01 2017
elapsed time: 456 seconds (0d 0h 7m 36s)

