#
# A fatal error has been detected by the Java Runtime Environment:
#
#  EXCEPTION_ACCESS_VIOLATION (0xc0000005) at pc=0x000007fecc0f1b20, pid=5560, tid=0x0000000000001094
#
# JRE version: Java(TM) SE Runtime Environment (8.0_121-b13) (build 1.8.0_121-b13)
# Java VM: Java HotSpot(TM) 64-Bit Server VM (25.121-b13 mixed mode windows-amd64 compressed oops)
# Problematic frame:
# C  [jniortools.dll+0x441b20]
#
# Failed to write core dump. Minidumps are not enabled by default on client versions of Windows
#
# If you would like to submit a bug report, please visit:
#   http://bugreport.java.com/bugreport/crash.jsp
# The crash happened outside the Java Virtual Machine in native code.
# See problematic frame for where to report the bug.
#

---------------  T H R E A D  ---------------

Current thread (0x0000000002400800):  JavaThread "main" [_thread_in_native, id=4244, stack(0x00000000026b0000,0x00000000027b0000)]

siginfo: ExceptionCode=0xc0000005, reading address 0x0000000000000000

Registers:
RAX=0x0000000000000000, RBX=0x000000005f371560, RCX=0xce675ac9623d0000, RDX=0x000007fee79255f0
RSP=0x00000000027aebe0, RBP=0x00000000027aece0, RSI=0x0000000000000000, RDI=0x0000000000000000
R8 =0x00000000027ad338, R9 =0x000000010d153591, R10=0x0000000000000000, R11=0x00000000027aeba0
R12=0x0000000000000001, R13=0x0000000068978a00, R14=0x0000000000000000, R15=0x0000000000000000
RIP=0x000007fecc0f1b20, EFLAGS=0x0000000000010206

Top of Stack: (sp=0x00000000027aebe0)
0x00000000027aebe0:   3fe0000000000000 00000000027aec48
0x00000000027aebf0:   000000005f371560 0000000000003fff
0x00000000027aec00:   0000000000000000 0000000100000000
0x00000000027aec10:   0000000000000000 000000005f371560
0x00000000027aec20:   0000000000000000 fffffffffffffffe
0x00000000027aec30:   d1b71758e2196800 0000000000003ff1
0x00000000027aec40:   aef7b7e18dfdc8a3 0000000000000000
0x00000000027aec50:   0000000000000000 0000000000000000
0x00000000027aec60:   0000000000000000 0000000000000000
0x00000000027aec70:   0000000000000000 0000000000000000
0x00000000027aec80:   0000000000000000 0000ce6758b389dd
0x00000000027aec90:   0000000000000000 0000000000000000
0x00000000027aeca0:   0000000000000000 0000000000000000
0x00000000027aecb0:   0000000000000001 0000000000000000
0x00000000027aecc0:   0000000000000000 0000000000000000
0x00000000027aecd0:   000000006f05b59d 0000000000000000 

Instructions: (pc=0x000007fecc0f1b20)
0x000007fecc0f1b00:   0f b6 64 24 2c 66 66 66 0f 1f 84 00 00 00 00 00
0x000007fecc0f1b10:   48 8b 83 b0 00 00 00 4e 8b 2c f8 48 8b 44 24 68
0x000007fecc0f1b20:   f2 46 0f 10 04 f8 41 0f 28 fb 49 8b 5d 08 48 8b
0x000007fecc0f1b30:   1b 49 8b 7d 08 48 3b df 74 61 66 0f 1f 44 00 00 


Register to memory mapping:

RAX=0x0000000000000000 is an unknown value
RBX=0x000000005f371560 is an unknown value
RCX=0xce675ac9623d0000 is an unknown value
RDX=0x000007fee79255f0 is an unknown value
RSP=0x00000000027aebe0 is pointing into the stack for thread: 0x0000000002400800
RBP=0x00000000027aece0 is pointing into the stack for thread: 0x0000000002400800
RSI=0x0000000000000000 is an unknown value
RDI=0x0000000000000000 is an unknown value
R8 =0x00000000027ad338 is pointing into the stack for thread: 0x0000000002400800
R9 =0x000000010d153591 is an unknown value
R10=0x0000000000000000 is an unknown value
R11=0x00000000027aeba0 is pointing into the stack for thread: 0x0000000002400800
R12=0x0000000000000001 is an unknown value
R13=0x0000000068978a00 is an unknown value
R14=0x0000000000000000 is an unknown value
R15=0x0000000000000000 is an unknown value


Stack: [0x00000000026b0000,0x00000000027b0000],  sp=0x00000000027aebe0,  free space=1018k
Native frames: (J=compiled Java code, j=interpreted, Vv=VM code, C=native code)
C  [jniortools.dll+0x441b20]
C  0x0000000002a97f54

Java frames: (J=compiled Java code, j=interpreted, Vv=VM code)
j  com.google.ortools.linearsolver.operations_research_linear_solverJNI.MPSolver_verifySolution(JLcom/google/ortools/linearsolver/MPSolver;DZ)Z+0
J 10128% C1 com.saiglobal.sf.allocator.processor.PizzaHutMIPProcessor.solve(Z)[[[Lcom/google/ortools/linearsolver/MPVariable; (2463 bytes) @ 0x0000000004439a54 [0x0000000004425580+0x144d4]
j  com.saiglobal.sf.allocator.processor.PizzaHutMIPProcessor.execute()V+367
j  com.saiglobal.sf.allocator.main.ResourceAllocator.main([Ljava/lang/String;)V+382
v  ~StubRoutines::call_stub

---------------  P R O C E S S  ---------------

Java Threads: ( => current thread )
  0x0000000060b66000 JavaThread "task-result-getter-3" daemon [_thread_blocked, id=10996, stack(0x0000000067790000,0x0000000067890000)]
  0x0000000060b65000 JavaThread "task-result-getter-2" daemon [_thread_blocked, id=11776, stack(0x000000006b1b0000,0x000000006b2b0000)]
  0x0000000060b64800 JavaThread "task-result-getter-1" daemon [_thread_blocked, id=8592, stack(0x00000000679e0000,0x0000000067ae0000)]
  0x0000000060b63800 JavaThread "task-result-getter-0" daemon [_thread_blocked, id=11880, stack(0x0000000067dc0000,0x0000000067ec0000)]
  0x0000000060b60000 JavaThread "org.apache.hadoop.fs.FileSystem$Statistics$StatisticsDataReferenceCleaner" daemon [_thread_blocked, id=7164, stack(0x000000005f630000,0x000000005f730000)]
  0x000000005abfe000 JavaThread "SparkListenerBus" daemon [_thread_blocked, id=9412, stack(0x00000000625b0000,0x00000000626b0000)]
  0x000000005abfd000 JavaThread "context-cleaner-periodic-gc" daemon [_thread_blocked, id=8024, stack(0x0000000062480000,0x0000000062580000)]
  0x000000005abfc800 JavaThread "Spark Context Cleaner" daemon [_thread_blocked, id=3548, stack(0x000000005fab0000,0x000000005fbb0000)]
  0x000000005abfb800 JavaThread "shuffle-server-5-1" daemon [_thread_in_native, id=11804, stack(0x000000005fdb0000,0x000000005feb0000)]
  0x000000005abfb000 JavaThread "driver-heartbeater" daemon [_thread_blocked, id=1156, stack(0x000000005f8a0000,0x000000005f9a0000)]
  0x000000005abfa000 JavaThread "dag-scheduler-event-loop" daemon [_thread_blocked, id=9520, stack(0x000000005fbd0000,0x000000005fcd0000)]
  0x000000005abf9800 JavaThread "netty-rpc-env-timeout" daemon [_thread_blocked, id=12388, stack(0x000000005f7a0000,0x000000005f8a0000)]
  0x000000005abf8800 JavaThread "Timer-0" daemon [_thread_blocked, id=2160, stack(0x000000005ebf0000,0x000000005ecf0000)]
  0x000000005abf8000 JavaThread "heartbeat-receiver-event-loop-thread" daemon [_thread_blocked, id=4520, stack(0x000000005f520000,0x000000005f620000)]
  0x000000005abf7000 JavaThread "SparkUI-41" daemon [_thread_blocked, id=7812, stack(0x000000005e260000,0x000000005e360000)]
  0x000000005abf6800 JavaThread "SparkUI-40" daemon [_thread_blocked, id=12480, stack(0x000000005f070000,0x000000005f170000)]
  0x000000005abf5800 JavaThread "SparkUI-39" daemon [_thread_blocked, id=13052, stack(0x000000005ee90000,0x000000005ef90000)]
  0x000000005abf5000 JavaThread "SparkUI-38" daemon [_thread_blocked, id=8272, stack(0x000000005ed20000,0x000000005ee20000)]
  0x000000005abf4000 JavaThread "SparkUI-37" daemon [_thread_blocked, id=10652, stack(0x000000005e010000,0x000000005e110000)]
  0x000000005abf3800 JavaThread "SparkUI-36-acceptor-0@4061e4e7-Spark@67427b69{HTTP/1.1,[http/1.1]}{0.0.0.0:4040}" daemon [_thread_in_native, id=9404, stack(0x000000005d9c0000,0x000000005dac0000)]
  0x000000005abf2800 JavaThread "SparkUI-35" daemon [_thread_in_native, id=6924, stack(0x000000005ea80000,0x000000005eb80000)]
  0x000000005abf2000 JavaThread "SparkUI-34" daemon [_thread_in_native, id=12952, stack(0x000000005e910000,0x000000005ea10000)]
  0x000000005abf1000 JavaThread "map-output-dispatcher-7" daemon [_thread_blocked, id=7708, stack(0x000000005e550000,0x000000005e650000)]
  0x000000005abf0800 JavaThread "map-output-dispatcher-6" daemon [_thread_blocked, id=5596, stack(0x000000005e370000,0x000000005e470000)]
  0x000000005abef800 JavaThread "map-output-dispatcher-5" daemon [_thread_blocked, id=1464, stack(0x000000005e140000,0x000000005e240000)]
  0x000000005abef000 JavaThread "map-output-dispatcher-4" daemon [_thread_blocked, id=9724, stack(0x000000005dbf0000,0x000000005dcf0000)]
  0x000000005abee000 JavaThread "map-output-dispatcher-3" daemon [_thread_blocked, id=10484, stack(0x000000005df00000,0x000000005e000000)]
  0x000000005abed800 JavaThread "map-output-dispatcher-2" daemon [_thread_blocked, id=9292, stack(0x000000005c0e0000,0x000000005c1e0000)]
  0x000000005abec800 JavaThread "map-output-dispatcher-1" daemon [_thread_blocked, id=2988, stack(0x000000005dd20000,0x000000005de20000)]
  0x000000005a5e6800 JavaThread "map-output-dispatcher-0" daemon [_thread_blocked, id=12684, stack(0x000000005dad0000,0x000000005dbd0000)]
  0x000000005a7b7800 JavaThread "rpc-server-3-1" daemon [_thread_in_native, id=13008, stack(0x000000005d8c0000,0x000000005d9c0000)]
  0x000000005b097000 JavaThread "dispatcher-event-loop-3" daemon [_thread_blocked, id=9752, stack(0x000000005d4d0000,0x000000005d5d0000)]
  0x000000005b096000 JavaThread "dispatcher-event-loop-2" daemon [_thread_blocked, id=9304, stack(0x000000005d2f0000,0x000000005d3f0000)]
  0x000000005b095800 JavaThread "dispatcher-event-loop-1" daemon [_thread_blocked, id=12044, stack(0x000000005d1c0000,0x000000005d2c0000)]
  0x000000005b092800 JavaThread "dispatcher-event-loop-0" daemon [_thread_blocked, id=8104, stack(0x00000000596e0000,0x00000000597e0000)]
  0x000000005a20f800 JavaThread "Abandoned connection cleanup thread" daemon [_thread_blocked, id=12436, stack(0x000000005c3d0000,0x000000005c4d0000)]
  0x0000000058d75000 JavaThread "Service Thread" daemon [_thread_blocked, id=9444, stack(0x0000000058940000,0x0000000058a40000)]
  0x0000000058d03800 JavaThread "C1 CompilerThread2" daemon [_thread_blocked, id=7884, stack(0x00000000597e0000,0x00000000598e0000)]
  0x0000000058d02000 JavaThread "C2 CompilerThread1" daemon [_thread_blocked, id=8524, stack(0x00000000595e0000,0x00000000596e0000)]
  0x0000000058cfc000 JavaThread "C2 CompilerThread0" daemon [_thread_blocked, id=11608, stack(0x0000000059470000,0x0000000059570000)]
  0x0000000058cfb000 JavaThread "Attach Listener" daemon [_thread_blocked, id=10664, stack(0x00000000586f0000,0x00000000587f0000)]
  0x0000000058cf7800 JavaThread "Signal Dispatcher" daemon [_thread_blocked, id=9512, stack(0x0000000059200000,0x0000000059300000)]
  0x0000000057a03800 JavaThread "Finalizer" daemon [_thread_blocked, id=13004, stack(0x0000000058bf0000,0x0000000058cf0000)]
  0x00000000579bc800 JavaThread "Reference Handler" daemon [_thread_blocked, id=10964, stack(0x0000000058a40000,0x0000000058b40000)]
=>0x0000000002400800 JavaThread "main" [_thread_in_native, id=4244, stack(0x00000000026b0000,0x00000000027b0000)]

Other Threads:
  0x00000000579b5000 VMThread [stack: 0x0000000058830000,0x0000000058930000] [id=12268]
  0x0000000058e1f000 WatcherThread [stack: 0x0000000059340000,0x0000000059440000] [id=12404]

VM state:not at safepoint (normal execution)

VM Mutex/Monitor currently owned by a thread: None

Heap:
 PSYoungGen      total 655360K, used 214038K [0x00000000d5d80000, 0x0000000100000000, 0x0000000100000000)
  eden space 632320K, 30% used [0x00000000d5d80000,0x00000000e180bfe8,0x00000000fc700000)
  from space 23040K, 99% used [0x00000000fc700000,0x00000000fdd798f0,0x00000000fdd80000)
  to   space 31232K, 0% used [0x00000000fe180000,0x00000000fe180000,0x0000000100000000)
 ParOldGen       total 114688K, used 41510K [0x0000000081800000, 0x0000000088800000, 0x00000000d5d80000)
  object space 114688K, 36% used [0x0000000081800000,0x00000000840898f8,0x0000000088800000)
 Metaspace       used 82218K, capacity 84106K, committed 84264K, reserved 1122304K
  class space    used 11319K, capacity 11737K, committed 11824K, reserved 1048576K

Card table byte_map: [0x0000000011e40000,0x0000000012240000] byte_map_base: 0x0000000011a34000

Marking Bits: (ParMarkBitMap*) 0x000000007028b6d0
 Begin Bits: [0x0000000012ce0000, 0x0000000014c80000)
 End Bits:   [0x0000000014c80000, 0x0000000016c20000)

Polling page: 0x0000000001e30000

CodeCache: size=245760Kb used=48017Kb max_used=48029Kb free=197742Kb
 bounds [0x0000000002a80000, 0x00000000059d0000, 0x0000000011a80000]
 total_blobs=14304 nmethods=13562 adapters=650
 compilation: enabled

Compilation events (10 events):
Event: 298.901 Thread 0x0000000058d02000 16541       4       java.util.concurrent.ScheduledThreadPoolExecutor$DelayedWorkQueue::setIndex (16 bytes)
Event: 298.902 Thread 0x0000000058d02000 nmethod 16541 0x0000000003f42dd0 code [0x0000000003f42f20, 0x0000000003f42f98]
Event: 328.900 Thread 0x0000000058d03800 16542       3       org.apache.spark.scheduler.SparkListener::onExecutorMetricsUpdate (1 bytes)
Event: 328.901 Thread 0x0000000058d03800 nmethod 16542 0x00000000041be3d0 code [0x00000000041be520, 0x00000000041be670]
Event: 338.909 Thread 0x0000000058cfc000 16543       4       sun.management.ManagementFactoryHelper::getGarbageCollectorMXBeans (66 bytes)
Event: 338.920 Thread 0x0000000058cfc000 nmethod 16543 0x000000000435c090 code [0x000000000435c220, 0x000000000435cab8]
Event: 365.461 Thread 0x0000000058d02000 16544       4       org.apache.spark.ContextCleaner$$anonfun$org$apache$spark$ContextCleaner$$keepCleaning$1$$anonfun$apply$mcV$sp$1::<init> (16 bytes)
Event: 365.462 Thread 0x0000000058d02000 nmethod 16544 0x00000000036d5390 code [0x00000000036d54c0, 0x00000000036d5538]
Event: 458.914 Thread 0x0000000058d02000 16545       4       java.util.concurrent.locks.AbstractQueuedSynchronizer::isOnSyncQueue (33 bytes)
Event: 458.915 Thread 0x0000000058d02000 nmethod 16545 0x00000000036d50d0 code [0x00000000036d5200, 0x00000000036d52b8]

GC Heap History (10 events):
Event: 62.121 GC heap before
{Heap before GC invocations=28 (full 3):
 PSYoungGen      total 667136K, used 663251K [0x00000000d5d80000, 0x0000000100000000, 0x0000000100000000)
  eden space 646656K, 99% used [0x00000000d5d80000,0x00000000fd3f29e8,0x00000000fd500000)
  from space 20480K, 86% used [0x00000000fec00000,0x00000000ffd425f8,0x0000000100000000)
  to   space 22016K, 0% used [0x00000000fd500000,0x00000000fd500000,0x00000000fea80000)
 ParOldGen       total 114688K, used 40862K [0x0000000081800000, 0x0000000088800000, 0x00000000d5d80000)
  object space 114688K, 35% used [0x0000000081800000,0x0000000083fe78f8,0x0000000088800000)
 Metaspace       used 81363K, capacity 83024K, committed 83112K, reserved 1120256K
  class space    used 11249K, capacity 11610K, committed 11696K, reserved 1048576K
Event: 62.144 GC heap after
Heap after GC invocations=28 (full 3):
 PSYoungGen      total 665600K, used 18726K [0x00000000d5d80000, 0x0000000100000000, 0x0000000100000000)
  eden space 646656K, 0% used [0x00000000d5d80000,0x00000000d5d80000,0x00000000fd500000)
  from space 18944K, 98% used [0x00000000fd500000,0x00000000fe749ad0,0x00000000fe780000)
  to   space 23552K, 0% used [0x00000000fe900000,0x00000000fe900000,0x0000000100000000)
 ParOldGen       total 114688K, used 40870K [0x0000000081800000, 0x0000000088800000, 0x00000000d5d80000)
  object space 114688K, 35% used [0x0000000081800000,0x0000000083fe98f8,0x0000000088800000)
 Metaspace       used 81363K, capacity 83024K, committed 83112K, reserved 1120256K
  class space    used 11249K, capacity 11610K, committed 11696K, reserved 1048576K
}
Event: 63.658 GC heap before
{Heap before GC invocations=29 (full 3):
 PSYoungGen      total 665600K, used 664029K [0x00000000d5d80000, 0x0000000100000000, 0x0000000100000000)
  eden space 646656K, 99% used [0x00000000d5d80000,0x00000000fd3ad9f0,0x00000000fd500000)
  from space 18944K, 98% used [0x00000000fd500000,0x00000000fe749ad0,0x00000000fe780000)
  to   space 23552K, 0% used [0x00000000fe900000,0x00000000fe900000,0x0000000100000000)
 ParOldGen       total 114688K, used 40870K [0x0000000081800000, 0x0000000088800000, 0x00000000d5d80000)
  object space 114688K, 35% used [0x0000000081800000,0x0000000083fe98f8,0x0000000088800000)
 Metaspace       used 81581K, capacity 83274K, committed 83368K, reserved 1120256K
  class space    used 11266K, capacity 11641K, committed 11696K, reserved 1048576K
Event: 63.683 GC heap after
Heap after GC invocations=29 (full 3):
 PSYoungGen      total 663040K, used 19999K [0x00000000d5d80000, 0x0000000100000000, 0x0000000100000000)
  eden space 639488K, 0% used [0x00000000d5d80000,0x00000000d5d80000,0x00000000fce00000)
  from space 23552K, 84% used [0x00000000fe900000,0x00000000ffc87e30,0x0000000100000000)
  to   space 25600K, 0% used [0x00000000fce00000,0x00000000fce00000,0x00000000fe700000)
 ParOldGen       total 114688K, used 40870K [0x0000000081800000, 0x0000000088800000, 0x00000000d5d80000)
  object space 114688K, 35% used [0x0000000081800000,0x0000000083fe98f8,0x0000000088800000)
 Metaspace       used 81581K, capacity 83274K, committed 83368K, reserved 1120256K
  class space    used 11266K, capacity 11641K, committed 11696K, reserved 1048576K
}
Event: 65.092 GC heap before
{Heap before GC invocations=30 (full 3):
 PSYoungGen      total 663040K, used 659487K [0x00000000d5d80000, 0x0000000100000000, 0x0000000100000000)
  eden space 639488K, 100% used [0x00000000d5d80000,0x00000000fce00000,0x00000000fce00000)
  from space 23552K, 84% used [0x00000000fe900000,0x00000000ffc87e30,0x0000000100000000)
  to   space 25600K, 0% used [0x00000000fce00000,0x00000000fce00000,0x00000000fe700000)
 ParOldGen       total 114688K, used 40870K [0x0000000081800000, 0x0000000088800000, 0x00000000d5d80000)
  object space 114688K, 35% used [0x0000000081800000,0x0000000083fe98f8,0x0000000088800000)
 Metaspace       used 81775K, capacity 83582K, committed 83624K, reserved 1122304K
  class space    used 11283K, capacity 11671K, committed 11696K, reserved 1048576K
Event: 65.133 GC heap after
Heap after GC invocations=30 (full 3):
 PSYoungGen      total 660992K, used 21014K [0x00000000d5d80000, 0x0000000100000000, 0x0000000100000000)
  eden space 639488K, 0% used [0x00000000d5d80000,0x00000000d5d80000,0x00000000fce00000)
  from space 21504K, 97% used [0x00000000fce00000,0x00000000fe285810,0x00000000fe300000)
  to   space 27648K, 0% used [0x00000000fe500000,0x00000000fe500000,0x0000000100000000)
 ParOldGen       total 114688K, used 40878K [0x0000000081800000, 0x0000000088800000, 0x00000000d5d80000)
  object space 114688K, 35% used [0x0000000081800000,0x0000000083feb8f8,0x0000000088800000)
 Metaspace       used 81775K, capacity 83582K, committed 83624K, reserved 1122304K
  class space    used 11283K, capacity 11671K, committed 11696K, reserved 1048576K
}
Event: 66.530 GC heap before
{Heap before GC invocations=31 (full 3):
 PSYoungGen      total 660992K, used 659062K [0x00000000d5d80000, 0x0000000100000000, 0x0000000100000000)
  eden space 639488K, 99% used [0x00000000d5d80000,0x00000000fcc981f8,0x00000000fce00000)
  from space 21504K, 97% used [0x00000000fce00000,0x00000000fe285810,0x00000000fe300000)
  to   space 27648K, 0% used [0x00000000fe500000,0x00000000fe500000,0x0000000100000000)
 ParOldGen       total 114688K, used 40878K [0x0000000081800000, 0x0000000088800000, 0x00000000d5d80000)
  object space 114688K, 35% used [0x0000000081800000,0x0000000083feb8f8,0x0000000088800000)
 Metaspace       used 81964K, capacity 83820K, committed 84008K, reserved 1122304K
  class space    used 11299K, capacity 11700K, committed 11824K, reserved 1048576K
Event: 66.553 GC heap after
Heap after GC invocations=31 (full 3):
 PSYoungGen      total 659968K, used 22365K [0x00000000d5d80000, 0x0000000100000000, 0x0000000100000000)
  eden space 632320K, 0% used [0x00000000d5d80000,0x00000000d5d80000,0x00000000fc700000)
  from space 27648K, 80% used [0x00000000fe500000,0x00000000ffad7650,0x0000000100000000)
  to   space 29184K, 0% used [0x00000000fc700000,0x00000000fc700000,0x00000000fe380000)
 ParOldGen       total 114688K, used 40878K [0x0000000081800000, 0x0000000088800000, 0x00000000d5d80000)
  object space 114688K, 35% used [0x0000000081800000,0x0000000083feb8f8,0x0000000088800000)
 Metaspace       used 81964K, capacity 83820K, committed 84008K, reserved 1122304K
  class space    used 11299K, capacity 11700K, committed 11824K, reserved 1048576K
}
Event: 67.777 GC heap before
{Heap before GC invocations=32 (full 3):
 PSYoungGen      total 659968K, used 654685K [0x00000000d5d80000, 0x0000000100000000, 0x0000000100000000)
  eden space 632320K, 100% used [0x00000000d5d80000,0x00000000fc700000,0x00000000fc700000)
  from space 27648K, 80% used [0x00000000fe500000,0x00000000ffad7650,0x0000000100000000)
  to   space 29184K, 0% used [0x00000000fc700000,0x00000000fc700000,0x00000000fe380000)
 ParOldGen       total 114688K, used 40878K [0x0000000081800000, 0x0000000088800000, 0x00000000d5d80000)
  object space 114688K, 35% used [0x0000000081800000,0x0000000083feb8f8,0x0000000088800000)
 Metaspace       used 82142K, capacity 84070K, committed 84264K, reserved 1122304K
  class space    used 11316K, capacity 11731K, committed 11824K, reserved 1048576K
Event: 67.800 GC heap after
Heap after GC invocations=32 (full 3):
 PSYoungGen      total 655360K, used 23014K [0x00000000d5d80000, 0x0000000100000000, 0x0000000100000000)
  eden space 632320K, 0% used [0x00000000d5d80000,0x00000000d5d80000,0x00000000fc700000)
  from space 23040K, 99% used [0x00000000fc700000,0x00000000fdd798f0,0x00000000fdd80000)
  to   space 31232K, 0% used [0x00000000fe180000,0x00000000fe180000,0x0000000100000000)
 ParOldGen       total 114688K, used 41510K [0x0000000081800000, 0x0000000088800000, 0x00000000d5d80000)
  object space 114688K, 36% used [0x0000000081800000,0x00000000840898f8,0x0000000088800000)
 Metaspace       used 82142K, capacity 84070K, committed 84264K, reserved 1122304K
  class space    used 11316K, capacity 11731K, committed 11824K, reserved 1048576K
}

Deoptimization events (10 events):
Event: 128.135 Thread 0x0000000060b62000 Uncommon trap: reason=unstable_if action=reinterpret pc=0x0000000005628554 method=java.util.concurrent.SynchronousQueue$TransferStack.awaitFulfill(Ljava/util/concurrent/SynchronousQueue$TransferStack$SNode;ZJ)Ljava/util/concurrent/SynchronousQueue$Transfe
Event: 128.136 Thread 0x0000000060b62000 Uncommon trap: reason=unstable_if action=reinterpret pc=0x0000000003b29e08 method=java.util.concurrent.SynchronousQueue.poll(JLjava/util/concurrent/TimeUnit;)Ljava/lang/Object; @ 18
Event: 128.151 Thread 0x0000000060b60800 Uncommon trap: reason=unstable_if action=reinterpret pc=0x0000000005628554 method=java.util.concurrent.SynchronousQueue$TransferStack.awaitFulfill(Ljava/util/concurrent/SynchronousQueue$TransferStack$SNode;ZJ)Ljava/util/concurrent/SynchronousQueue$Transfe
Event: 128.151 Thread 0x0000000060b60800 Uncommon trap: reason=unstable_if action=reinterpret pc=0x0000000003b29e08 method=java.util.concurrent.SynchronousQueue.poll(JLjava/util/concurrent/TimeUnit;)Ljava/lang/Object; @ 18
Event: 128.154 Thread 0x0000000060573800 Uncommon trap: reason=unstable_if action=reinterpret pc=0x0000000005628554 method=java.util.concurrent.SynchronousQueue$TransferStack.awaitFulfill(Ljava/util/concurrent/SynchronousQueue$TransferStack$SNode;ZJ)Ljava/util/concurrent/SynchronousQueue$Transfe
Event: 128.154 Thread 0x0000000060573800 Uncommon trap: reason=unstable_if action=reinterpret pc=0x0000000003b29e08 method=java.util.concurrent.SynchronousQueue.poll(JLjava/util/concurrent/TimeUnit;)Ljava/lang/Object; @ 18
Event: 128.154 Thread 0x0000000060575000 Uncommon trap: reason=unstable_if action=reinterpret pc=0x0000000005628554 method=java.util.concurrent.SynchronousQueue$TransferStack.awaitFulfill(Ljava/util/concurrent/SynchronousQueue$TransferStack$SNode;ZJ)Ljava/util/concurrent/SynchronousQueue$Transfe
Event: 128.154 Thread 0x0000000060575000 Uncommon trap: reason=unstable_if action=reinterpret pc=0x0000000003b29e08 method=java.util.concurrent.SynchronousQueue.poll(JLjava/util/concurrent/TimeUnit;)Ljava/lang/Object; @ 18
Event: 128.154 Thread 0x0000000060d81800 Uncommon trap: reason=unstable_if action=reinterpret pc=0x0000000005628554 method=java.util.concurrent.SynchronousQueue$TransferStack.awaitFulfill(Ljava/util/concurrent/SynchronousQueue$TransferStack$SNode;ZJ)Ljava/util/concurrent/SynchronousQueue$Transfe
Event: 128.154 Thread 0x0000000060d81800 Uncommon trap: reason=unstable_if action=reinterpret pc=0x0000000003b29e08 method=java.util.concurrent.SynchronousQueue.poll(JLjava/util/concurrent/TimeUnit;)Ljava/lang/Object; @ 18

Internal exceptions (10 events):
Event: 127.928 Thread 0x0000000060d7f000 Implicit null exception at 0x0000000003b29c87 to 0x0000000003b29df5
Event: 127.943 Thread 0x0000000060d80800 Implicit null exception at 0x0000000003b29c87 to 0x0000000003b29df5
Event: 127.959 Thread 0x0000000060d7d000 Implicit null exception at 0x0000000003b29c87 to 0x0000000003b29df5
Event: 128.007 Thread 0x0000000060574000 Implicit null exception at 0x0000000003b29c87 to 0x0000000003b29df5
Event: 128.135 Thread 0x0000000060b61800 Implicit null exception at 0x0000000003b29c87 to 0x0000000003b29df5
Event: 128.135 Thread 0x0000000060b62000 Implicit null exception at 0x0000000003b29c87 to 0x0000000003b29df5
Event: 128.151 Thread 0x0000000060b60800 Implicit null exception at 0x0000000003b29c87 to 0x0000000003b29df5
Event: 128.154 Thread 0x0000000060573800 Implicit null exception at 0x0000000003b29c87 to 0x0000000003b29df5
Event: 128.154 Thread 0x0000000060575000 Implicit null exception at 0x0000000003b29c87 to 0x0000000003b29df5
Event: 128.154 Thread 0x0000000060d81800 Implicit null exception at 0x0000000003b29c87 to 0x0000000003b29df5

Events (10 events):
Event: 135.888 Thread 0x0000000058d03800 flushing nmethod 0x00000000040d0b50
Event: 135.888 Thread 0x0000000058d03800 flushing nmethod 0x0000000004123150
Event: 135.888 Thread 0x0000000058d03800 flushing nmethod 0x0000000004197d10
Event: 135.888 Thread 0x0000000058d03800 flushing nmethod 0x00000000041aea50
Event: 135.888 Thread 0x0000000058d03800 flushing nmethod 0x00000000041be2d0
Event: 135.888 Thread 0x0000000058d03800 flushing nmethod 0x0000000004287650
Event: 135.888 Thread 0x0000000058d03800 flushing nmethod 0x00000000042bd2d0
Event: 135.888 Thread 0x0000000058d03800 flushing nmethod 0x000000000435d550
Event: 136.187 Thread 0x0000000058d03800 flushing nmethod 0x00000000046bf090
Event: 195.827 Thread 0x0000000058d03800 flushing nmethod 0x00000000055dae90


Dynamic libraries:
0x000000013f960000 - 0x000000013f997000 	C:\Program Files\Java\jdk1.8.0_121\bin\javaw.exe
0x0000000077230000 - 0x00000000773da000 	C:\windows\SYSTEM32\ntdll.dll
0x0000000077110000 - 0x000000007722f000 	C:\windows\system32\kernel32.dll
0x000007fefd1e0000 - 0x000007fefd24a000 	C:\windows\system32\KERNELBASE.dll
0x000007fefec50000 - 0x000007fefed2b000 	C:\windows\system32\ADVAPI32.dll
0x000007fefe220000 - 0x000007fefe2bf000 	C:\windows\system32\msvcrt.dll
0x000007fefe8a0000 - 0x000007fefe8bf000 	C:\windows\SYSTEM32\sechost.dll
0x000007feff220000 - 0x000007feff34d000 	C:\windows\system32\RPCRT4.dll
0x0000000077010000 - 0x000000007710a000 	C:\windows\system32\USER32.dll
0x000007fefd2e0000 - 0x000007fefd347000 	C:\windows\system32\GDI32.dll
0x000007fefd480000 - 0x000007fefd48e000 	C:\windows\system32\LPK.dll
0x000007fefd350000 - 0x000007fefd41b000 	C:\windows\system32\USP10.dll
0x000007fefc770000 - 0x000007fefc964000 	C:\windows\WinSxS\amd64_microsoft.windows.common-controls_6595b64144ccf1df_6.0.7601.18837_none_fa3b1e3d17594757\COMCTL32.dll
0x000007fefe820000 - 0x000007fefe891000 	C:\windows\system32\SHLWAPI.dll
0x000007feff1f0000 - 0x000007feff21e000 	C:\windows\system32\IMM32.DLL
0x000007feff430000 - 0x000007feff539000 	C:\windows\system32\MSCTF.dll
0x0000000068000000 - 0x000000006805e000 	C:\windows\System32\QIPCAP64.dll
0x000007fefd490000 - 0x000007fefe21a000 	C:\windows\system32\SHELL32.dll
0x000007fefc220000 - 0x000007fefc27b000 	C:\windows\system32\DNSAPI.dll
0x000007fefe8c0000 - 0x000007fefe90d000 	C:\windows\system32\WS2_32.dll
0x000007feff000000 - 0x000007feff008000 	C:\windows\system32\NSI.dll
0x00000000793c0000 - 0x0000000079492000 	C:\Program Files\Java\jdk1.8.0_121\jre\bin\msvcr100.dll
0x000000006fa70000 - 0x000000007030b000 	C:\Program Files\Java\jdk1.8.0_121\jre\bin\server\jvm.dll
0x000007fefac50000 - 0x000007fefac59000 	C:\windows\system32\WSOCK32.dll
0x000007fefa4f0000 - 0x000007fefa52b000 	C:\windows\system32\WINMM.dll
0x000007fefc470000 - 0x000007fefc47c000 	C:\windows\system32\VERSION.dll
0x0000000077400000 - 0x0000000077407000 	C:\windows\system32\PSAPI.DLL
0x0000000063f00000 - 0x0000000063f0f000 	C:\Program Files\Java\jdk1.8.0_121\jre\bin\verify.dll
0x0000000063e00000 - 0x0000000063e29000 	C:\Program Files\Java\jdk1.8.0_121\jre\bin\java.dll
0x000000005f4b0000 - 0x000000005f4c6000 	C:\Program Files\Java\jdk1.8.0_121\jre\bin\zip.dll
0x000007fefea30000 - 0x000007fefec2c000 	C:\windows\system32\ole32.dll
0x000007fefcf30000 - 0x000007fefcf3f000 	C:\windows\system32\profapi.dll
0x000000005f490000 - 0x000000005f4aa000 	C:\Program Files\Java\jdk1.8.0_121\jre\bin\net.dll
0x000007fefc4c0000 - 0x000007fefc515000 	C:\windows\system32\mswsock.dll
0x000007fefc590000 - 0x000007fefc597000 	C:\windows\System32\wship6.dll
0x000000005f470000 - 0x000000005f481000 	C:\Program Files\Java\jdk1.8.0_121\jre\bin\nio.dll
0x000007fefcd60000 - 0x000007fefcdb7000 	C:\windows\system32\apphelp.dll
0x0000000063b50000 - 0x0000000063b5d000 	C:\Program Files\Java\jdk1.8.0_121\jre\bin\management.dll
0x000007fefb050000 - 0x000007fefb065000 	C:\windows\system32\NLAapi.dll
0x000007feee830000 - 0x000007feee845000 	C:\windows\system32\napinsp.dll
0x000007feee810000 - 0x000007feee829000 	C:\windows\system32\pnrpnsp.dll
0x000007feee800000 - 0x000007feee80b000 	C:\windows\System32\winrnr.dll
0x000007feee7f0000 - 0x000007feee800000 	C:\windows\system32\wshbth.dll
0x000007fefb900000 - 0x000007fefb907000 	C:\windows\System32\wshtcpip.dll
0x000007fefac20000 - 0x000007fefac47000 	C:\windows\system32\IPHLPAPI.DLL
0x000007fefac10000 - 0x000007fefac1b000 	C:\windows\system32\WINNSI.DLL
0x000007fef7590000 - 0x000007fef7598000 	C:\windows\system32\rasadhlp.dll
0x000007fefbd70000 - 0x000007fefbdc3000 	C:\windows\System32\fwpuclnt.dll
0x000007fecbcb0000 - 0x000007fecca30000 	C:\Code\DataAnalysisBB\dataanalysis\SFResourceAllocator\lib\jniortools.dll
0x000007fee6b10000 - 0x000007fee6bac000 	C:\windows\system32\MSVCP140.dll
0x000007fee7950000 - 0x000007fee7966000 	C:\windows\system32\VCRUNTIME140.dll
0x000007fef8630000 - 0x000007fef8634000 	C:\windows\system32\api-ms-win-crt-runtime-l1-1-0.dll
0x000007fee7840000 - 0x000007fee7934000 	C:\windows\system32\ucrtbase.DLL
0x000007fee7830000 - 0x000007fee7833000 	C:\windows\system32\api-ms-win-core-timezone-l1-1-0.dll
0x000007fee7820000 - 0x000007fee7823000 	C:\windows\system32\api-ms-win-core-file-l2-1-0.dll
0x000007fee7810000 - 0x000007fee7813000 	C:\windows\system32\api-ms-win-core-localization-l1-2-0.dll
0x000007fee7130000 - 0x000007fee7133000 	C:\windows\system32\api-ms-win-core-synch-l1-2-0.dll
0x000007fee7800000 - 0x000007fee7803000 	C:\windows\system32\api-ms-win-core-processthreads-l1-1-1.dll
0x000007fee77f0000 - 0x000007fee77f3000 	C:\windows\system32\api-ms-win-core-file-l1-2-0.dll
0x000007fefa0d0000 - 0x000007fefa0d4000 	C:\windows\system32\api-ms-win-crt-string-l1-1-0.dll
0x000007fef8590000 - 0x000007fef8593000 	C:\windows\system32\api-ms-win-crt-heap-l1-1-0.dll
0x000007feed1c0000 - 0x000007feed1c4000 	C:\windows\system32\api-ms-win-crt-stdio-l1-1-0.dll
0x000007fee9eb0000 - 0x000007fee9eb4000 	C:\windows\system32\api-ms-win-crt-convert-l1-1-0.dll
0x000007fee7940000 - 0x000007fee7943000 	C:\windows\system32\api-ms-win-crt-locale-l1-1-0.dll
0x000007fee70f0000 - 0x000007fee70f5000 	C:\windows\system32\api-ms-win-crt-math-l1-1-0.dll
0x000007fee7000000 - 0x000007fee7005000 	C:\windows\system32\api-ms-win-crt-multibyte-l1-1-0.dll
0x000007fee6ff0000 - 0x000007fee6ff3000 	C:\windows\system32\api-ms-win-crt-time-l1-1-0.dll
0x000007fee6fe0000 - 0x000007fee6fe3000 	C:\windows\system32\api-ms-win-crt-filesystem-l1-1-0.dll
0x000007fee6fd0000 - 0x000007fee6fd3000 	C:\windows\system32\api-ms-win-crt-environment-l1-1-0.dll
0x000007fee6fc0000 - 0x000007fee6fc3000 	C:\windows\system32\api-ms-win-crt-utility-l1-1-0.dll
0x000007fefc390000 - 0x000007fefc3a8000 	C:\windows\system32\CRYPTSP.dll
0x000007fefc140000 - 0x000007fefc187000 	C:\windows\system32\rsaenh.dll
0x000007fefcf40000 - 0x000007fefcf5e000 	C:\windows\system32\USERENV.dll
0x000007fefcdc0000 - 0x000007fefcdcf000 	C:\windows\system32\CRYPTBASE.dll
0x000007fef8550000 - 0x000007fef8568000 	C:\windows\system32\dhcpcsvc.DLL
0x000007fef8530000 - 0x000007fef8541000 	C:\windows\system32\dhcpcsvc6.DLL
0x000000005fa90000 - 0x000000005fa99000 	C:\Program Files\Java\jdk1.8.0_121\jre\bin\w2k_lsa_auth.dll
0x000007fefccf0000 - 0x000007fefccfb000 	C:\windows\system32\Secur32.dll
0x000007fefcd30000 - 0x000007fefcd55000 	C:\windows\system32\SSPICLI.DLL
0x000000005f740000 - 0x000000005f749000 	C:\Program Files\Java\jdk1.8.0_121\jre\bin\jaas_nt.dll
0x00000000024e0000 - 0x000000000250d000 	C:\Users\conluc0\AppData\Local\Temp\liblz4-java6132028829569118457.so
0x000007fefba00000 - 0x000007fefbb25000 	C:\windows\system32\dbghelp.dll

VM Arguments:
jvm_args: -Djava.library.path=C:\Code\DataAnalysisBB\dataanalysis\SFResourceAllocator\lib -Dfile.encoding=Cp1252 
java_command: com.saiglobal.sf.allocator.main.ResourceAllocator -ai com.saiglobal.sf.allocator.implementation.StoreSchedulingPizzaHut -includePipeline false -logLevel DEBUG
java_class_path (initial): C:\Code\DataAnalysisBB\dataanalysis\SFResourceAllocator\target\classes;C:\Code\DataAnalysis\SFResourceAllocator\lib\org.apache.log4j_1.2.13.v200903072027.jar;C:\Code\DataAnalysisBB\dataanalysis\SFCore\bin;C:\Code\DataAnalysis\SFCore\lib\commons-cli-1.2.jar;C:\Code\DataAnalysis\SFCore\lib\commons-logging-1.1.3.jar;C:\Code\DataAnalysis\SFCore\lib\geocoder-java-0.15.jar;C:\Code\DataAnalysis\SFCore\lib\gson-2.2.4.jar;C:\Code\DataAnalysis\SFCore\lib\org.apache.log4j_1.2.13.v200903072027.jar;C:\Code\DataAnalysis\SFCore\lib\jsch-0.1.50.jar;C:\Code\DataAnalysis\SFCore\lib\sqljdbc4.jar;C:\Code\DataAnalysis\SFCore\lib\javax.mail.jar;C:\Code\DataAnalysis\SFCore\lib\mysql-connector-java-5.1.35-bin.jar;C:\Code\DataAnalysis\SFCore\lib\commons-lang-2.5.jar;C:\Code\DataAnalysis\SFCore\lib\force-wsc-32.0.0.jar;C:\Code\DataAnalysis\SFCore\lib\wsc.partner.32.jar;C:\Code\DataAnalysisBB\dataanalysis\SFResourceAllocator\lib\com.google.ortools.jar;C:\Code\DataAnalysisBB\dataanalysis\SFResourceAllocator\lib\protobuf.jar;C:\Code\DataAnalysisBB\dataanalysis\SFResourceAllocator\lib\commons-lang-2.5.jar;C:\Code\DataAnalysisBB\dataanalysis\SFReportEngine\lib\poi-3.11.jar;C:\Code\DataAnalysisBB\dataanalysis\SFReportEngine\lib\poi-ooxml-3.11.jar;C:\Code\DataAnalysisBB\dataanalysis\SFReportEngine\lib\poi-ooxml-schemas-3.11.jar;C:\Code\DataAnalysisBB\dataanalysis\SFReportEngine\lib\poi-scratchpad-3.11.jar;C:\Code\DataAnalysisBB\dataanalysis\SFReportEngine\lib\xmlbeans-2.6.0.jar;C:\Users\conluc0\.m2\repository\com\sparkjava\spark-core\2.6.0.RC0\spark-core-2.6.0.RC0.jar;C:\Users\conluc0\.m2\repository\org\slf4j\slf4j-api\1.7.13\slf4j-api-1.7.13.jar;C:\Users\conluc0\.m2\repository\org\eclipse\jetty\jetty-server\9.4.4.v20170414\jetty-server-9.4.4.v20170414.jar;C:\Users\conluc0\.m2\repository\javax\servlet\javax.servlet-api\3.1.0\javax.servlet-api-3.1.0.jar;C:\Users\conluc0\.m2\repository\org\eclipse\jetty\jetty-http\9.4.4.v20170414\jetty-http-9.4.4.v20170414.jar;C:\Users\co
Launcher Type: SUN_STANDARD

Environment Variables:
JAVA_HOME=C:\Program Files\Java\jre1.8.0_121
PATH=C:/Program Files/Java/jre1.8.0_121/bin/server;C:/Program Files/Java/jre1.8.0_121/bin;C:/Program Files/Java/jre1.8.0_121/lib/amd64;C:\gurobi702\win64\bin;C:\Program Files\Microsoft MPI\Bin\;C:\ProgramData\Oracle\Java\javapath;C:\windows\system32;C:\windows;C:\windows\System32\Wbem;C:\windows\System32\WindowsPowerShell\v1.0\;C:\Program Files (x86)\Common Files\Roxio Shared\DLLShared\;C:\Program Files (x86)\Common Files\Roxio Shared\10.0\DLLShared\;C:\Program Files (x86)\ATI Technologies\ATI.ACE\Core-Static;C:\Program Files (x86)\MySQL\MySQL Utilities 1.4\;C:\Program Files (x86)\MySQL\MySQL Utilities 1.4\Doctrine extensions for PHP\;C:\TDM-GCC-64\bin;C:\Program Files\Microsoft SQL Server\130\Tools\Binn\;C:\Program Files\Anaconda3;C:\Program Files\Anaconda3\Scripts;C:\Program Files\Anaconda3\Library\bin;C:\Program Files\Git\cmd;C:\Program Files (x86)\Microsoft Visual Studio\2017\Community\Common7\Tools\;C:\Users\conluc0\Downloads\or-tools-master\tools\;C:\Program Files\TortoiseSVN\bin;C:\Program Files\CMake\bin;C:\Program Files\Java\jdk1.8.0_121\bin;C:\Program Files\Microsoft SQL Server\110\Tools\Binn\;C:\Program Files (x86)\Microsoft SDKs\TypeScript\1.0\;C:\Program Files\Microsoft SQL Server\120\Tools\Binn\;C:\Windows\System32;C:\Program Files\nodejs\;C:\maven\apache-maven-3.5.0\bin;C:\Program Files (x86)\Microsoft SQL Server\Client SDK\ODBC\130\Tools\Binn\;C:\Program Files (x86)\Microsoft SQL Server\140\Tools\Binn\;C:\Program Files (x86)\Microsoft SQL Server\140\DTS\Binn\;C:\Program Files (x86)\Microsoft SQL Server\140\Tools\Binn\ManagementStudio\;C:\ProgramData\chocolatey\bin;C:\Users\conluc0\AppData\Local\Continuum\Anaconda;C:\Users\conluc0\AppData\Local\Continuum\Anaconda\Scripts;C:\TDM-GCC-64\bin;C:\Users\conluc0\AppData\Local\GitHubDesktop\bin;C:\Users\conluc0\AppData\Roaming\npm;C:\eclipse;
USERNAME=conluc0
OS=Windows_NT
PROCESSOR_IDENTIFIER=Intel64 Family 6 Model 69 Stepping 1, GenuineIntel



---------------  S Y S T E M  ---------------

OS: Windows 7 , 64 bit Build 7601 (6.1.7601.23915)

CPU:total 4 (2 cores per cpu, 2 threads per core) family 6 model 69 stepping 1, cmov, cx8, fxsr, mmx, sse, sse2, sse3, ssse3, sse4.1, sse4.2, popcnt, avx, avx2, aes, clmul, erms, lzcnt, ht, tsc, tscinvbit, bmi1, bmi2

Memory: 4k page, physical 8283244k(2551244k free), swap 16564628k(10265632k free)

vm_info: Java HotSpot(TM) 64-Bit Server VM (25.121-b13) for windows-amd64 JRE (1.8.0_121-b13), built on Dec 12 2016 18:21:36 by "java_re" with MS VC++ 10.0 (VS2010)

time: Wed Nov 22 11:59:32 2017
elapsed time: 464 seconds (0d 0h 7m 44s)

