#
# A fatal error has been detected by the Java Runtime Environment:
#
#  EXCEPTION_ACCESS_VIOLATION (0xc0000005) at pc=0x000007fed6161b20, pid=8304, tid=0x0000000000002b2c
#
# JRE version: Java(TM) SE Runtime Environment (8.0_121-b13) (build 1.8.0_121-b13)
# Java VM: Java HotSpot(TM) 64-Bit Server VM (25.121-b13 mixed mode windows-amd64 compressed oops)
# Problematic frame:
# C  [jniortools.dll+0x441b20]
#
# Failed to write core dump. Minidumps are not enabled by default on client versions of Windows
#
# If you would like to submit a bug report, please visit:
#   http://bugreport.java.com/bugreport/crash.jsp
# The crash happened outside the Java Virtual Machine in native code.
# See problematic frame for where to report the bug.
#

---------------  T H R E A D  ---------------

Current thread (0x0000000002440800):  JavaThread "main" [_thread_in_native, id=11052, stack(0x00000000026c0000,0x00000000027c0000)]

siginfo: ExceptionCode=0xc0000005, reading address 0x0000000000000000

Registers:
RAX=0x0000000000000000, RBX=0x00000000002cd860, RCX=0x44034a07bff10000, RDX=0x000007fee2c455f0
RSP=0x00000000027bee00, RBP=0x00000000027bef00, RSI=0x0000000000000000, RDI=0x0000000000000000
R8 =0x00000000027bd558, R9 =0x0000000068a34291, R10=0x0000000000000000, R11=0x00000000027bedc0
R12=0x0000000000000001, R13=0x0000000068959ae0, R14=0x0000000000000000, R15=0x0000000000000000
RIP=0x000007fed6161b20, EFLAGS=0x0000000000010202

Top of Stack: (sp=0x00000000027bee00)
0x00000000027bee00:   3fe0000000000000 00000000027bee68
0x00000000027bee10:   00000000002cd860 0000000002ad621e
0x00000000027bee20:   0000000000000000 0000000100000000
0x00000000027bee30:   0000000000000000 00000000002cd860
0x00000000027bee40:   0000000000000000 fffffffffffffffe
0x00000000027bee50:   00000000027bef68 0000ffff00001fbf
0x00000000027bee60:   8e147ae147ae1000 0000000000000000
0x00000000027bee70:   0000000000000000 0000000000000000
0x00000000027bee80:   8000000000000000 0000000000003fff
0x00000000027bee90:   def7ec14955602a0 0000000000003fff
0x00000000027beea0:   8e147ae147ae1000 00004403487c51f1
0x00000000027beeb0:   0000000000000000 0000000000000000
0x00000000027beec0:   0000000000000000 0000000000000000
0x00000000027beed0:   0000000000000001 0000000000000000
0x00000000027beee0:   0000000000000000 0000000000000000
0x00000000027beef0:   000000006f05b59d 0000000000000000 

Instructions: (pc=0x000007fed6161b20)
0x000007fed6161b00:   0f b6 64 24 2c 66 66 66 0f 1f 84 00 00 00 00 00
0x000007fed6161b10:   48 8b 83 b0 00 00 00 4e 8b 2c f8 48 8b 44 24 68
0x000007fed6161b20:   f2 46 0f 10 04 f8 41 0f 28 fb 49 8b 5d 08 48 8b
0x000007fed6161b30:   1b 49 8b 7d 08 48 3b df 74 61 66 0f 1f 44 00 00 


Register to memory mapping:

RAX=0x0000000000000000 is an unknown value
RBX=0x00000000002cd860 is an unknown value
RCX=0x44034a07bff10000 is an unknown value
RDX=0x000007fee2c455f0 is an unknown value
RSP=0x00000000027bee00 is pointing into the stack for thread: 0x0000000002440800
RBP=0x00000000027bef00 is pointing into the stack for thread: 0x0000000002440800
RSI=0x0000000000000000 is an unknown value
RDI=0x0000000000000000 is an unknown value
R8 =0x00000000027bd558 is pointing into the stack for thread: 0x0000000002440800
R9 =0x0000000068a34291 is an unknown value
R10=0x0000000000000000 is an unknown value
R11=0x00000000027bedc0 is pointing into the stack for thread: 0x0000000002440800
R12=0x0000000000000001 is an unknown value
R13=0x0000000068959ae0 is an unknown value
R14=0x0000000000000000 is an unknown value
R15=0x0000000000000000 is an unknown value


Stack: [0x00000000026c0000,0x00000000027c0000],  sp=0x00000000027bee00,  free space=1019k
Native frames: (J=compiled Java code, j=interpreted, Vv=VM code, C=native code)
C  [jniortools.dll+0x441b20]
C  0x0000000002aa7f54

Java frames: (J=compiled Java code, j=interpreted, Vv=VM code)
j  com.google.ortools.linearsolver.operations_research_linear_solverJNI.MPSolver_verifySolution(JLcom/google/ortools/linearsolver/MPSolver;DZ)Z+0
j  com.google.ortools.linearsolver.MPSolver.verifySolution(DZ)Z+7
J 11822% C2 com.saiglobal.sf.allocator.processor.PizzaHutMIPProcessor.solve(Z)[[[Lcom/google/ortools/linearsolver/MPVariable; (2490 bytes) @ 0x0000000004a42f70 [0x0000000004a41800+0x1770]
j  com.saiglobal.sf.allocator.processor.PizzaHutMIPProcessor.execute()V+367
j  com.saiglobal.sf.allocator.main.ResourceAllocator.main([Ljava/lang/String;)V+382
v  ~StubRoutines::call_stub

---------------  P R O C E S S  ---------------

Java Threads: ( => current thread )
  0x00000000630c7000 JavaThread "task-result-getter-3" daemon [_thread_blocked, id=10144, stack(0x000000006bf90000,0x000000006c090000)]
  0x00000000630c6800 JavaThread "task-result-getter-2" daemon [_thread_blocked, id=1668, stack(0x000000006bda0000,0x000000006bea0000)]
  0x00000000630c5800 JavaThread "task-result-getter-1" daemon [_thread_blocked, id=9992, stack(0x000000006b9e0000,0x000000006bae0000)]
  0x00000000630c5000 JavaThread "task-result-getter-0" daemon [_thread_blocked, id=9964, stack(0x000000006a8e0000,0x000000006a9e0000)]
  0x00000000630c1000 JavaThread "org.apache.hadoop.fs.FileSystem$Statistics$StatisticsDataReferenceCleaner" daemon [_thread_blocked, id=11224, stack(0x000000005ec80000,0x000000005ed80000)]
  0x00000000630c0000 JavaThread "SparkListenerBus" daemon [_thread_blocked, id=9884, stack(0x0000000063d10000,0x0000000063e10000)]
  0x000000005a774000 JavaThread "context-cleaner-periodic-gc" daemon [_thread_blocked, id=8476, stack(0x0000000063590000,0x0000000063690000)]
  0x000000005a773000 JavaThread "Spark Context Cleaner" daemon [_thread_blocked, id=9008, stack(0x000000005c290000,0x000000005c390000)]
  0x000000005a772800 JavaThread "shuffle-server-5-1" daemon [_thread_in_native, id=9716, stack(0x0000000060eb0000,0x0000000060fb0000)]
  0x000000005a771800 JavaThread "driver-heartbeater" daemon [_thread_blocked, id=4780, stack(0x0000000060bb0000,0x0000000060cb0000)]
  0x000000005a771000 JavaThread "dag-scheduler-event-loop" daemon [_thread_blocked, id=9488, stack(0x0000000060690000,0x0000000060790000)]
  0x000000005a770000 JavaThread "netty-rpc-env-timeout" daemon [_thread_blocked, id=8452, stack(0x0000000060980000,0x0000000060a80000)]
  0x000000005a76f800 JavaThread "Timer-0" daemon [_thread_blocked, id=10380, stack(0x00000000607c0000,0x00000000608c0000)]
  0x000000005a76e800 JavaThread "heartbeat-receiver-event-loop-thread" daemon [_thread_blocked, id=9696, stack(0x0000000060590000,0x0000000060690000)]
  0x000000005a76e000 JavaThread "SparkUI-41" daemon [_thread_blocked, id=9736, stack(0x000000005f280000,0x000000005f380000)]
  0x000000005a76d000 JavaThread "SparkUI-40" daemon [_thread_blocked, id=8308, stack(0x000000005f0e0000,0x000000005f1e0000)]
  0x000000005a76c800 JavaThread "SparkUI-39" daemon [_thread_blocked, id=10376, stack(0x00000000594f0000,0x00000000595f0000)]
  0x000000005a76b800 JavaThread "SparkUI-38" daemon [_thread_blocked, id=10632, stack(0x000000005eed0000,0x000000005efd0000)]
  0x000000005a76b000 JavaThread "SparkUI-37-acceptor-0@504b2ef-ServerConnector@67427b69{HTTP/1.1,[http/1.1]}{0.0.0.0:4040}" daemon [_thread_in_native, id=10132, stack(0x000000005ed80000,0x000000005ee80000)]
  0x000000005a76a000 JavaThread "SparkUI-36" daemon [_thread_blocked, id=9644, stack(0x000000005dfe0000,0x000000005e0e0000)]
  0x000000005a769800 JavaThread "SparkUI-35" daemon [_thread_in_native, id=10900, stack(0x000000005eb60000,0x000000005ec60000)]
  0x000000005a768800 JavaThread "SparkUI-34" daemon [_thread_in_native, id=7848, stack(0x000000005d9c0000,0x000000005dac0000)]
  0x000000005a768000 JavaThread "map-output-dispatcher-7" daemon [_thread_blocked, id=10816, stack(0x000000005e820000,0x000000005e920000)]
  0x000000005a767000 JavaThread "map-output-dispatcher-6" daemon [_thread_blocked, id=4724, stack(0x000000005e670000,0x000000005e770000)]
  0x000000005a766800 JavaThread "map-output-dispatcher-5" daemon [_thread_blocked, id=2168, stack(0x000000005e4e0000,0x000000005e5e0000)]
  0x000000005a765800 JavaThread "map-output-dispatcher-4" daemon [_thread_blocked, id=10748, stack(0x000000005e320000,0x000000005e420000)]
  0x000000005a765000 JavaThread "map-output-dispatcher-3" daemon [_thread_blocked, id=9364, stack(0x000000005e120000,0x000000005e220000)]
  0x000000005a762800 JavaThread "map-output-dispatcher-2" daemon [_thread_blocked, id=6564, stack(0x000000005dee0000,0x000000005dfe0000)]
  0x000000005a762000 JavaThread "map-output-dispatcher-1" daemon [_thread_blocked, id=2492, stack(0x000000005dd80000,0x000000005de80000)]
  0x000000005a760800 JavaThread "map-output-dispatcher-0" daemon [_thread_blocked, id=7748, stack(0x000000005dc80000,0x000000005dd80000)]
  0x000000005af21000 JavaThread "rpc-server-3-1" daemon [_thread_in_native, id=10184, stack(0x000000005dac0000,0x000000005dbc0000)]
  0x000000005b254800 JavaThread "dispatcher-event-loop-3" daemon [_thread_blocked, id=8448, stack(0x000000005c5d0000,0x000000005c6d0000)]
  0x000000005b251800 JavaThread "dispatcher-event-loop-2" daemon [_thread_blocked, id=10092, stack(0x000000005d420000,0x000000005d520000)]
  0x000000005b251000 JavaThread "dispatcher-event-loop-1" daemon [_thread_blocked, id=10684, stack(0x000000005d690000,0x000000005d790000)]
  0x000000005a827800 JavaThread "dispatcher-event-loop-0" daemon [_thread_blocked, id=10968, stack(0x000000005d540000,0x000000005d640000)]
  0x000000005b0f5000 JavaThread "Abandoned connection cleanup thread" daemon [_thread_blocked, id=8296, stack(0x000000005c710000,0x000000005c810000)]
  0x0000000058e1e800 JavaThread "Service Thread" daemon [_thread_blocked, id=8164, stack(0x00000000599d0000,0x0000000059ad0000)]
  0x0000000058ddd000 JavaThread "C1 CompilerThread2" daemon [_thread_blocked, id=8260, stack(0x0000000059780000,0x0000000059880000)]
  0x0000000058ddb000 JavaThread "C2 CompilerThread1" daemon [_thread_blocked, id=10772, stack(0x00000000595f0000,0x00000000596f0000)]
  0x0000000058dd7000 JavaThread "C2 CompilerThread0" daemon [_thread_blocked, id=10312, stack(0x0000000058790000,0x0000000058890000)]
  0x0000000058dd2800 JavaThread "Attach Listener" daemon [_thread_blocked, id=9568, stack(0x00000000593f0000,0x00000000594f0000)]
  0x000000005775f000 JavaThread "Signal Dispatcher" daemon [_thread_blocked, id=10160, stack(0x00000000592c0000,0x00000000593c0000)]
  0x0000000057743800 JavaThread "Finalizer" daemon [_thread_blocked, id=6092, stack(0x0000000058cd0000,0x0000000058dd0000)]
  0x00000000576fc800 JavaThread "Reference Handler" daemon [_thread_blocked, id=9656, stack(0x0000000058af0000,0x0000000058bf0000)]
=>0x0000000002440800 JavaThread "main" [_thread_in_native, id=11052, stack(0x00000000026c0000,0x00000000027c0000)]

Other Threads:
  0x00000000576f5000 VMThread [stack: 0x00000000588e0000,0x00000000589e0000] [id=9820]
  0x0000000058ee2800 WatcherThread [stack: 0x00000000598a0000,0x00000000599a0000] [id=9896]

VM state:not at safepoint (normal execution)

VM Mutex/Monitor currently owned by a thread: None

Heap:
 PSYoungGen      total 676352K, used 38709K [0x00000000d5d80000, 0x0000000100000000, 0x0000000100000000)
  eden space 663552K, 5% used [0x00000000d5d80000,0x00000000d834d410,0x00000000fe580000)
  from space 12800K, 0% used [0x00000000ff280000,0x00000000ff280000,0x00000000fff00000)
  to   space 13312K, 0% used [0x00000000fe580000,0x00000000fe580000,0x00000000ff280000)
 ParOldGen       total 103936K, used 49554K [0x0000000081800000, 0x0000000087d80000, 0x00000000d5d80000)
  object space 103936K, 47% used [0x0000000081800000,0x0000000084864940,0x0000000087d80000)
 Metaspace       used 80526K, capacity 81432K, committed 84264K, reserved 1122304K
  class space    used 11078K, capacity 11292K, committed 11824K, reserved 1048576K

Card table byte_map: [0x0000000011e50000,0x0000000012250000] byte_map_base: 0x0000000011a44000

Marking Bits: (ParMarkBitMap*) 0x000000006fedb6d0
 Begin Bits: [0x0000000012a20000, 0x00000000149c0000)
 End Bits:   [0x00000000149c0000, 0x0000000016960000)

Polling page: 0x0000000001e30000

CodeCache: size=245760Kb used=45884Kb max_used=46736Kb free=199875Kb
 bounds [0x0000000002a90000, 0x0000000005880000, 0x0000000011a90000]
 total_blobs=14105 nmethods=13363 adapters=650
 compilation: enabled

Compilation events (10 events):
Event: 2798.225 Thread 0x0000000058ddb000 16335       4       io.netty.util.concurrent.SingleThreadEventExecutor::isShuttingDown (17 bytes)
Event: 2798.226 Thread 0x0000000058ddb000 nmethod 16335 0x0000000005851fd0 code [0x0000000005852100, 0x0000000005852178]
Event: 2965.359 Thread 0x0000000058ddd000 16336 % !   3       org.apache.spark.ContextCleaner$$anonfun$org$apache$spark$ContextCleaner$$keepCleaning$1::apply$mcV$sp @ 0 (159 bytes)
Event: 2965.361 Thread 0x0000000058ddd000 nmethod 16336% 0x0000000004216bd0 code [0x0000000004216f20, 0x0000000004218e18]
Event: 3011.651 Thread 0x0000000058ddd000 16337       3       org.spark_project.jetty.util.thread.QueuedThreadPool::access$800 (5 bytes)
Event: 3011.651 Thread 0x0000000058ddd000 nmethod 16337 0x000000000435e3d0 code [0x000000000435e540, 0x000000000435e8c8]
Event: 3011.652 Thread 0x0000000058ddd000 16338   !   3       org.spark_project.jetty.util.BlockingArrayQueue::poll (177 bytes)
Event: 3011.653 Thread 0x0000000058ddd000 nmethod 16338 0x0000000003f7f550 code [0x0000000003f7f800, 0x0000000003f80878]
Event: 3021.276 Thread 0x0000000058ddd000 16339   !   3       org.apache.spark.ContextCleaner$$anonfun$org$apache$spark$ContextCleaner$$keepCleaning$1::apply$mcV$sp (159 bytes)
Event: 3021.278 Thread 0x0000000058ddd000 nmethod 16339 0x00000000038b4690 code [0x00000000038b49e0, 0x00000000038b6858]

GC Heap History (10 events):
Event: 71.420 GC heap before
{Heap before GC invocations=28 (full 3):
 PSYoungGen      total 674816K, used 669086K [0x00000000d5d80000, 0x00000000ffe80000, 0x0000000100000000)
  eden space 661504K, 100% used [0x00000000d5d80000,0x00000000fe380000,0x00000000fe380000)
  from space 13312K, 56% used [0x00000000ff180000,0x00000000ff8e7800,0x00000000ffe80000)
  to   space 13824K, 0% used [0x00000000fe380000,0x00000000fe380000,0x00000000ff100000)
 ParOldGen       total 103936K, used 52644K [0x0000000081800000, 0x0000000087d80000, 0x00000000d5d80000)
  object space 103936K, 50% used [0x0000000081800000,0x0000000084b690a8,0x0000000087d80000)
 Metaspace       used 81643K, capacity 83402K, committed 83624K, reserved 1122304K
  class space    used 11279K, capacity 11663K, committed 11696K, reserved 1048576K
Event: 71.428 GC heap after
Heap after GC invocations=28 (full 3):
 PSYoungGen      total 675328K, used 7168K [0x00000000d5d80000, 0x00000000fff80000, 0x0000000100000000)
  eden space 661504K, 0% used [0x00000000d5d80000,0x00000000d5d80000,0x00000000fe380000)
  from space 13824K, 51% used [0x00000000fe380000,0x00000000fea801a0,0x00000000ff100000)
  to   space 13312K, 0% used [0x00000000ff280000,0x00000000ff280000,0x00000000fff80000)
 ParOldGen       total 103936K, used 54059K [0x0000000081800000, 0x0000000087d80000, 0x00000000d5d80000)
  object space 103936K, 52% used [0x0000000081800000,0x0000000084ccae58,0x0000000087d80000)
 Metaspace       used 81643K, capacity 83402K, committed 83624K, reserved 1122304K
  class space    used 11279K, capacity 11663K, committed 11696K, reserved 1048576K
}
Event: 72.943 GC heap before
{Heap before GC invocations=29 (full 3):
 PSYoungGen      total 675328K, used 668672K [0x00000000d5d80000, 0x00000000fff80000, 0x0000000100000000)
  eden space 661504K, 100% used [0x00000000d5d80000,0x00000000fe380000,0x00000000fe380000)
  from space 13824K, 51% used [0x00000000fe380000,0x00000000fea801a0,0x00000000ff100000)
  to   space 13312K, 0% used [0x00000000ff280000,0x00000000ff280000,0x00000000fff80000)
 ParOldGen       total 103936K, used 54059K [0x0000000081800000, 0x0000000087d80000, 0x00000000d5d80000)
  object space 103936K, 52% used [0x0000000081800000,0x0000000084ccae58,0x0000000087d80000)
 Metaspace       used 81858K, capacity 83716K, committed 83880K, reserved 1122304K
  class space    used 11297K, capacity 11694K, committed 11696K, reserved 1048576K
Event: 72.960 GC heap after
Heap after GC invocations=29 (full 3):
 PSYoungGen      total 676864K, used 8753K [0x00000000d5d80000, 0x00000000fff80000, 0x0000000100000000)
  eden space 663552K, 0% used [0x00000000d5d80000,0x00000000d5d80000,0x00000000fe580000)
  from space 13312K, 65% used [0x00000000ff280000,0x00000000ffb0c428,0x00000000fff80000)
  to   space 13312K, 0% used [0x00000000fe580000,0x00000000fe580000,0x00000000ff280000)
 ParOldGen       total 103936K, used 54067K [0x0000000081800000, 0x0000000087d80000, 0x00000000d5d80000)
  object space 103936K, 52% used [0x0000000081800000,0x0000000084ccce58,0x0000000087d80000)
 Metaspace       used 81858K, capacity 83716K, committed 83880K, reserved 1122304K
  class space    used 11297K, capacity 11694K, committed 11696K, reserved 1048576K
}
Event: 74.393 GC heap before
{Heap before GC invocations=30 (full 3):
 PSYoungGen      total 676864K, used 668469K [0x00000000d5d80000, 0x00000000fff80000, 0x0000000100000000)
  eden space 663552K, 99% used [0x00000000d5d80000,0x00000000fe1c1158,0x00000000fe580000)
  from space 13312K, 65% used [0x00000000ff280000,0x00000000ffb0c428,0x00000000fff80000)
  to   space 13312K, 0% used [0x00000000fe580000,0x00000000fe580000,0x00000000ff280000)
 ParOldGen       total 103936K, used 54067K [0x0000000081800000, 0x0000000087d80000, 0x00000000d5d80000)
  object space 103936K, 52% used [0x0000000081800000,0x0000000084ccce58,0x0000000087d80000)
 Metaspace       used 82075K, capacity 83972K, committed 84264K, reserved 1122304K
  class space    used 11319K, capacity 11726K, committed 11824K, reserved 1048576K
Event: 74.406 GC heap after
Heap after GC invocations=30 (full 3):
 PSYoungGen      total 676864K, used 8887K [0x00000000d5d80000, 0x00000000fff00000, 0x0000000100000000)
  eden space 663552K, 0% used [0x00000000d5d80000,0x00000000d5d80000,0x00000000fe580000)
  from space 13312K, 66% used [0x00000000fe580000,0x00000000fee2dc08,0x00000000ff280000)
  to   space 12800K, 0% used [0x00000000ff280000,0x00000000ff280000,0x00000000fff00000)
 ParOldGen       total 103936K, used 55315K [0x0000000081800000, 0x0000000087d80000, 0x00000000d5d80000)
  object space 103936K, 53% used [0x0000000081800000,0x0000000084e04e68,0x0000000087d80000)
 Metaspace       used 82075K, capacity 83972K, committed 84264K, reserved 1122304K
  class space    used 11319K, capacity 11726K, committed 11824K, reserved 1048576K
}
Event: 1811.783 GC heap before
{Heap before GC invocations=31 (full 3):
 PSYoungGen      total 676864K, used 181394K [0x00000000d5d80000, 0x00000000fff00000, 0x0000000100000000)
  eden space 663552K, 25% used [0x00000000d5d80000,0x00000000e05f6e90,0x00000000fe580000)
  from space 13312K, 66% used [0x00000000fe580000,0x00000000fee2dc08,0x00000000ff280000)
  to   space 12800K, 0% used [0x00000000ff280000,0x00000000ff280000,0x00000000fff00000)
 ParOldGen       total 103936K, used 55315K [0x0000000081800000, 0x0000000087d80000, 0x00000000d5d80000)
  object space 103936K, 53% used [0x0000000081800000,0x0000000084e04e68,0x0000000087d80000)
 Metaspace       used 82157K, capacity 84008K, committed 84264K, reserved 1122304K
  class space    used 11322K, capacity 11732K, committed 11824K, reserved 1048576K
Event: 1811.790 GC heap after
Heap after GC invocations=31 (full 3):
 PSYoungGen      total 676352K, used 2768K [0x00000000d5d80000, 0x0000000100000000, 0x0000000100000000)
  eden space 663552K, 0% used [0x00000000d5d80000,0x00000000d5d80000,0x00000000fe580000)
  from space 12800K, 21% used [0x00000000ff280000,0x00000000ff534080,0x00000000fff00000)
  to   space 13312K, 0% used [0x00000000fe580000,0x00000000fe580000,0x00000000ff280000)
 ParOldGen       total 103936K, used 56675K [0x0000000081800000, 0x0000000087d80000, 0x00000000d5d80000)
  object space 103936K, 54% used [0x0000000081800000,0x0000000084f58ea8,0x0000000087d80000)
 Metaspace       used 82157K, capacity 84008K, committed 84264K, reserved 1122304K
  class space    used 11322K, capacity 11732K, committed 11824K, reserved 1048576K
}
Event: 1811.790 GC heap before
{Heap before GC invocations=32 (full 4):
 PSYoungGen      total 676352K, used 2768K [0x00000000d5d80000, 0x0000000100000000, 0x0000000100000000)
  eden space 663552K, 0% used [0x00000000d5d80000,0x00000000d5d80000,0x00000000fe580000)
  from space 12800K, 21% used [0x00000000ff280000,0x00000000ff534080,0x00000000fff00000)
  to   space 13312K, 0% used [0x00000000fe580000,0x00000000fe580000,0x00000000ff280000)
 ParOldGen       total 103936K, used 56675K [0x0000000081800000, 0x0000000087d80000, 0x00000000d5d80000)
  object space 103936K, 54% used [0x0000000081800000,0x0000000084f58ea8,0x0000000087d80000)
 Metaspace       used 82157K, capacity 84008K, committed 84264K, reserved 1122304K
  class space    used 11322K, capacity 11732K, committed 11824K, reserved 1048576K
Event: 1812.098 GC heap after
Heap after GC invocations=32 (full 4):
 PSYoungGen      total 676352K, used 0K [0x00000000d5d80000, 0x0000000100000000, 0x0000000100000000)
  eden space 663552K, 0% used [0x00000000d5d80000,0x00000000d5d80000,0x00000000fe580000)
  from space 12800K, 0% used [0x00000000ff280000,0x00000000ff280000,0x00000000fff00000)
  to   space 13312K, 0% used [0x00000000fe580000,0x00000000fe580000,0x00000000ff280000)
 ParOldGen       total 103936K, used 49554K [0x0000000081800000, 0x0000000087d80000, 0x00000000d5d80000)
  object space 103936K, 47% used [0x0000000081800000,0x0000000084864940,0x0000000087d80000)
 Metaspace       used 80511K, capacity 81368K, committed 84264K, reserved 1122304K
  class space    used 11078K, capacity 11292K, committed 11824K, reserved 1048576K
}

Deoptimization events (10 events):
Event: 1211.296 Thread 0x000000005a76b800 Uncommon trap: reason=unstable_if action=reinterpret pc=0x0000000002dcb83c method=java.util.concurrent.locks.AbstractQueuedSynchronizer.enq(Ljava/util/concurrent/locks/AbstractQueuedSynchronizer$Node;)Ljava/util/concurrent/locks/AbstractQueuedSynchronizer
Event: 1872.139 Thread 0x00000000630c2800 Uncommon trap: reason=unstable_if action=reinterpret pc=0x0000000004b7f98c method=java.util.concurrent.SynchronousQueue$TransferStack.awaitFulfill(Ljava/util/concurrent/SynchronousQueue$TransferStack$SNode;ZJ)Ljava/util/concurrent/SynchronousQueue$Transfe
Event: 1872.155 Thread 0x00000000630c8800 Uncommon trap: reason=unstable_if action=reinterpret pc=0x0000000004b7f98c method=java.util.concurrent.SynchronousQueue$TransferStack.awaitFulfill(Ljava/util/concurrent/SynchronousQueue$TransferStack$SNode;ZJ)Ljava/util/concurrent/SynchronousQueue$Transfe
Event: 1872.186 Thread 0x00000000630cc800 Uncommon trap: reason=unstable_if action=reinterpret pc=0x0000000004b7f98c method=java.util.concurrent.SynchronousQueue$TransferStack.awaitFulfill(Ljava/util/concurrent/SynchronousQueue$TransferStack$SNode;ZJ)Ljava/util/concurrent/SynchronousQueue$Transfe
Event: 1872.188 Thread 0x00000000630c3800 Uncommon trap: reason=unstable_if action=reinterpret pc=0x0000000004b7f98c method=java.util.concurrent.SynchronousQueue$TransferStack.awaitFulfill(Ljava/util/concurrent/SynchronousQueue$TransferStack$SNode;ZJ)Ljava/util/concurrent/SynchronousQueue$Transfe
Event: 1872.202 Thread 0x00000000630cb800 Uncommon trap: reason=unstable_if action=reinterpret pc=0x0000000004b7f98c method=java.util.concurrent.SynchronousQueue$TransferStack.awaitFulfill(Ljava/util/concurrent/SynchronousQueue$TransferStack$SNode;ZJ)Ljava/util/concurrent/SynchronousQueue$Transfe
Event: 1872.202 Thread 0x00000000630c9800 Uncommon trap: reason=unstable_if action=reinterpret pc=0x0000000004b7f98c method=java.util.concurrent.SynchronousQueue$TransferStack.awaitFulfill(Ljava/util/concurrent/SynchronousQueue$TransferStack$SNode;ZJ)Ljava/util/concurrent/SynchronousQueue$Transfe
Event: 1872.202 Thread 0x00000000630ca000 Uncommon trap: reason=unstable_if action=reinterpret pc=0x0000000004b7f98c method=java.util.concurrent.SynchronousQueue$TransferStack.awaitFulfill(Ljava/util/concurrent/SynchronousQueue$TransferStack$SNode;ZJ)Ljava/util/concurrent/SynchronousQueue$Transfe
Event: 1872.202 Thread 0x00000000630cb000 Uncommon trap: reason=unstable_if action=reinterpret pc=0x0000000004b7f98c method=java.util.concurrent.SynchronousQueue$TransferStack.awaitFulfill(Ljava/util/concurrent/SynchronousQueue$TransferStack$SNode;ZJ)Ljava/util/concurrent/SynchronousQueue$Transfe
Event: 1872.202 Thread 0x00000000630c8000 Uncommon trap: reason=unstable_if action=reinterpret pc=0x0000000004b7f98c method=java.util.concurrent.SynchronousQueue$TransferStack.awaitFulfill(Ljava/util/concurrent/SynchronousQueue$TransferStack$SNode;ZJ)Ljava/util/concurrent/SynchronousQueue$Transfe

Internal exceptions (10 events):
Event: 134.527 Thread 0x00000000630cc800 Implicit null exception at 0x0000000003bffb47 to 0x0000000003bffcb5
Event: 134.542 Thread 0x00000000634d3800 Implicit null exception at 0x0000000003bffb47 to 0x0000000003bffcb5
Event: 134.588 Thread 0x00000000630c8800 Implicit null exception at 0x0000000003bffb47 to 0x0000000003bffcb5
Event: 134.713 Thread 0x00000000630c8000 Implicit null exception at 0x0000000003bffb47 to 0x0000000003bffcb5
Event: 134.713 Thread 0x00000000630c2800 Implicit null exception at 0x0000000003bffb47 to 0x0000000003bffcb5
Event: 134.713 Thread 0x00000000630c3800 Implicit null exception at 0x0000000003bffb47 to 0x0000000003bffcb5
Event: 134.729 Thread 0x00000000630ca000 Implicit null exception at 0x0000000003bffb47 to 0x0000000003bffcb5
Event: 134.729 Thread 0x00000000630cb000 Implicit null exception at 0x0000000003bffb47 to 0x0000000003bffcb5
Event: 134.729 Thread 0x00000000634d6000 Implicit null exception at 0x0000000003bffb47 to 0x0000000003bffcb5
Event: 134.730 Thread 0x00000000630ce000 Implicit null exception at 0x0000000003bffb47 to 0x0000000003bffcb5

Events (10 events):
Event: 3011.651 Thread 0x0000000058ddd000 flushing nmethod 0x000000000380ba10
Event: 3011.652 Thread 0x0000000058ddd000 flushing nmethod 0x00000000038d3f90
Event: 3011.653 Thread 0x0000000058ddd000 flushing nmethod 0x000000000395dc50
Event: 3011.653 Thread 0x0000000058ddd000 flushing nmethod 0x00000000039bc3d0
Event: 3011.653 Thread 0x0000000058ddd000 flushing nmethod 0x00000000039bcc50
Event: 3011.653 Thread 0x0000000058ddd000 flushing nmethod 0x00000000039bcf50
Event: 3011.653 Thread 0x0000000058ddd000 flushing nmethod 0x0000000003adb890
Event: 3021.278 Thread 0x0000000058ddd000 flushing nmethod 0x0000000003b77bd0
Event: 3021.278 Thread 0x0000000058ddd000 flushing nmethod 0x0000000003b97010
Event: 3021.278 Thread 0x0000000058ddd000 flushing nmethod 0x0000000003c13790


Dynamic libraries:
0x000000013f190000 - 0x000000013f1c7000 	C:\Program Files\Java\jdk1.8.0_121\bin\javaw.exe
0x0000000077180000 - 0x000000007732a000 	C:\windows\SYSTEM32\ntdll.dll
0x0000000077060000 - 0x000000007717f000 	C:\windows\system32\kernel32.dll
0x000007fefceb0000 - 0x000007fefcf1a000 	C:\windows\system32\KERNELBASE.dll
0x000007fefee20000 - 0x000007fefeefb000 	C:\windows\system32\ADVAPI32.dll
0x000007fefd6f0000 - 0x000007fefd78f000 	C:\windows\system32\msvcrt.dll
0x000007fefed80000 - 0x000007fefed9f000 	C:\windows\SYSTEM32\sechost.dll
0x000007fefec50000 - 0x000007fefed7d000 	C:\windows\system32\RPCRT4.dll
0x0000000076f60000 - 0x000000007705a000 	C:\windows\system32\USER32.dll
0x000007fefedb0000 - 0x000007fefee17000 	C:\windows\system32\GDI32.dll
0x000007fefeda0000 - 0x000007fefedae000 	C:\windows\system32\LPK.dll
0x000007feff3c0000 - 0x000007feff48b000 	C:\windows\system32\USP10.dll
0x000007fefb330000 - 0x000007fefb524000 	C:\windows\WinSxS\amd64_microsoft.windows.common-controls_6595b64144ccf1df_6.0.7601.18837_none_fa3b1e3d17594757\COMCTL32.dll
0x000007fefef00000 - 0x000007fefef71000 	C:\windows\system32\SHLWAPI.dll
0x000007fefe9d0000 - 0x000007fefe9fe000 	C:\windows\system32\IMM32.DLL
0x000007fefe8c0000 - 0x000007fefe9c9000 	C:\windows\system32\MSCTF.dll
0x0000000068000000 - 0x000000006805e000 	C:\windows\System32\QIPCAP64.dll
0x000007fefd790000 - 0x000007fefe51a000 	C:\windows\system32\SHELL32.dll
0x000007fefc4c0000 - 0x000007fefc51b000 	C:\windows\system32\DNSAPI.dll
0x000007fefeae0000 - 0x000007fefeb2d000 	C:\windows\system32\WS2_32.dll
0x000007fefe810000 - 0x000007fefe818000 	C:\windows\system32\NSI.dll
0x0000000078ec0000 - 0x0000000078f92000 	C:\Program Files\Java\jdk1.8.0_121\jre\bin\msvcr100.dll
0x000000006f6c0000 - 0x000000006ff5b000 	C:\Program Files\Java\jdk1.8.0_121\jre\bin\server\jvm.dll
0x000007fefb000000 - 0x000007fefb009000 	C:\windows\system32\WSOCK32.dll
0x000007fefa8a0000 - 0x000007fefa8db000 	C:\windows\system32\WINMM.dll
0x000007fefbf40000 - 0x000007fefbf4c000 	C:\windows\system32\VERSION.dll
0x0000000077340000 - 0x0000000077347000 	C:\windows\system32\PSAPI.DLL
0x00000000615c0000 - 0x00000000615cf000 	C:\Program Files\Java\jdk1.8.0_121\jre\bin\verify.dll
0x000000006d370000 - 0x000000006d399000 	C:\Program Files\Java\jdk1.8.0_121\jre\bin\java.dll
0x000000006fff0000 - 0x0000000070006000 	C:\Program Files\Java\jdk1.8.0_121\jre\bin\zip.dll
0x000007fefef80000 - 0x000007feff17c000 	C:\windows\system32\ole32.dll
0x000007fefce80000 - 0x000007fefce8f000 	C:\windows\system32\profapi.dll
0x0000000060df0000 - 0x0000000060dfd000 	C:\Program Files\Java\jdk1.8.0_121\jre\bin\management.dll
0x0000000070150000 - 0x000000007016a000 	C:\Program Files\Java\jdk1.8.0_121\jre\bin\net.dll
0x000007fefc640000 - 0x000007fefc695000 	C:\windows\system32\mswsock.dll
0x000007fefc630000 - 0x000007fefc637000 	C:\windows\System32\wship6.dll
0x000007fefb730000 - 0x000007fefb745000 	C:\windows\system32\NLAapi.dll
0x000007feedee0000 - 0x000007feedef5000 	C:\windows\system32\napinsp.dll
0x000007feedec0000 - 0x000007feeded9000 	C:\windows\system32\pnrpnsp.dll
0x000007feedeb0000 - 0x000007feedebb000 	C:\windows\System32\winrnr.dll
0x000007feedea0000 - 0x000007feedeb0000 	C:\windows\system32\wshbth.dll
0x000007fefc010000 - 0x000007fefc017000 	C:\windows\System32\wshtcpip.dll
0x000007fefafd0000 - 0x000007fefaff7000 	C:\windows\system32\IPHLPAPI.DLL
0x000007fefafc0000 - 0x000007fefafcb000 	C:\windows\system32\WINNSI.DLL
0x000007fef74e0000 - 0x000007fef74e8000 	C:\windows\system32\rasadhlp.dll
0x000007fef85a0000 - 0x000007fef85f3000 	C:\windows\System32\fwpuclnt.dll
0x000007fed5d20000 - 0x000007fed6aa0000 	C:\Code\DataAnalysisBB\dataanalysis\SFResourceAllocator\lib\jniortools.dll
0x000007fedc9e0000 - 0x000007fedca7c000 	C:\windows\system32\MSVCP140.dll
0x000007feeccc0000 - 0x000007feeccd6000 	C:\windows\system32\VCRUNTIME140.dll
0x000007fefa640000 - 0x000007fefa644000 	C:\windows\system32\api-ms-win-crt-runtime-l1-1-0.dll
0x000007fee2b60000 - 0x000007fee2c54000 	C:\windows\system32\ucrtbase.DLL
0x000007fee2b50000 - 0x000007fee2b53000 	C:\windows\system32\api-ms-win-core-timezone-l1-1-0.dll
0x000007fee2b40000 - 0x000007fee2b43000 	C:\windows\system32\api-ms-win-core-file-l2-1-0.dll
0x000007fee2b30000 - 0x000007fee2b33000 	C:\windows\system32\api-ms-win-core-localization-l1-2-0.dll
0x000007fee43a0000 - 0x000007fee43a3000 	C:\windows\system32\api-ms-win-core-synch-l1-2-0.dll
0x000007fee2b20000 - 0x000007fee2b23000 	C:\windows\system32\api-ms-win-core-processthreads-l1-1-1.dll
0x000007fee2b10000 - 0x000007fee2b13000 	C:\windows\system32\api-ms-win-core-file-l1-2-0.dll
0x000007fefa3d0000 - 0x000007fefa3d4000 	C:\windows\system32\api-ms-win-crt-string-l1-1-0.dll
0x000007feed3b0000 - 0x000007feed3b3000 	C:\windows\system32\api-ms-win-crt-heap-l1-1-0.dll
0x000007feed380000 - 0x000007feed384000 	C:\windows\system32\api-ms-win-crt-stdio-l1-1-0.dll
0x000007feeccb0000 - 0x000007feeccb4000 	C:\windows\system32\api-ms-win-crt-convert-l1-1-0.dll
0x000007feecca0000 - 0x000007feecca3000 	C:\windows\system32\api-ms-win-crt-locale-l1-1-0.dll
0x000007feecc50000 - 0x000007feecc55000 	C:\windows\system32\api-ms-win-crt-math-l1-1-0.dll
0x000007feecc10000 - 0x000007feecc15000 	C:\windows\system32\api-ms-win-crt-multibyte-l1-1-0.dll
0x000007fee83f0000 - 0x000007fee83f3000 	C:\windows\system32\api-ms-win-crt-time-l1-1-0.dll
0x000007fee83e0000 - 0x000007fee83e3000 	C:\windows\system32\api-ms-win-crt-filesystem-l1-1-0.dll
0x000007fee83d0000 - 0x000007fee83d3000 	C:\windows\system32\api-ms-win-crt-environment-l1-1-0.dll
0x000007fee83c0000 - 0x000007fee83c3000 	C:\windows\system32\api-ms-win-crt-utility-l1-1-0.dll
0x000007fefc6a0000 - 0x000007fefc6b8000 	C:\windows\system32\CRYPTSP.dll
0x000007fefc3a0000 - 0x000007fefc3e7000 	C:\windows\system32\rsaenh.dll
0x000007fefd200000 - 0x000007fefd21e000 	C:\windows\system32\USERENV.dll
0x000007fefcd10000 - 0x000007fefcd1f000 	C:\windows\system32\CRYPTBASE.dll
0x000007fef8790000 - 0x000007fef87a8000 	C:\windows\system32\dhcpcsvc.DLL
0x000007fef8770000 - 0x000007fef8781000 	C:\windows\system32\dhcpcsvc6.DLL
0x000000006f640000 - 0x000000006f651000 	C:\Program Files\Java\jdk1.8.0_121\jre\bin\nio.dll
0x00000000023e0000 - 0x00000000023e9000 	C:\Program Files\Java\jdk1.8.0_121\jre\bin\w2k_lsa_auth.dll
0x000007fefcab0000 - 0x000007fefcabb000 	C:\windows\system32\Secur32.dll
0x000007fefcc80000 - 0x000007fefcca5000 	C:\windows\system32\SSPICLI.DLL
0x0000000077770000 - 0x0000000077779000 	C:\Program Files\Java\jdk1.8.0_121\jre\bin\jaas_nt.dll
0x0000000002500000 - 0x000000000252d000 	C:\Users\conluc0\AppData\Local\Temp\liblz4-java6648516201460209371.so
0x000007fefb010000 - 0x000007fefb135000 	C:\windows\system32\dbghelp.dll

VM Arguments:
jvm_args: -Djava.library.path=C:\Code\DataAnalysisBB\dataanalysis\SFResourceAllocator\lib -Dfile.encoding=Cp1252 
java_command: com.saiglobal.sf.allocator.main.ResourceAllocator -ai com.saiglobal.sf.allocator.implementation.StoreSchedulingPizzaHut -includePipeline false -logLevel DEBUG
java_class_path (initial): C:\Code\DataAnalysisBB\dataanalysis\SFResourceAllocator\target\classes;C:\Code\DataAnalysis\SFResourceAllocator\lib\org.apache.log4j_1.2.13.v200903072027.jar;C:\Code\DataAnalysisBB\dataanalysis\SFCore\bin;C:\Code\DataAnalysis\SFCore\lib\commons-cli-1.2.jar;C:\Code\DataAnalysis\SFCore\lib\commons-logging-1.1.3.jar;C:\Code\DataAnalysis\SFCore\lib\geocoder-java-0.15.jar;C:\Code\DataAnalysis\SFCore\lib\gson-2.2.4.jar;C:\Code\DataAnalysis\SFCore\lib\org.apache.log4j_1.2.13.v200903072027.jar;C:\Code\DataAnalysis\SFCore\lib\jsch-0.1.50.jar;C:\Code\DataAnalysis\SFCore\lib\sqljdbc4.jar;C:\Code\DataAnalysis\SFCore\lib\javax.mail.jar;C:\Code\DataAnalysis\SFCore\lib\mysql-connector-java-5.1.35-bin.jar;C:\Code\DataAnalysis\SFCore\lib\commons-lang-2.5.jar;C:\Code\DataAnalysis\SFCore\lib\force-wsc-32.0.0.jar;C:\Code\DataAnalysis\SFCore\lib\wsc.partner.32.jar;C:\Code\DataAnalysisBB\dataanalysis\SFResourceAllocator\lib\com.google.ortools.jar;C:\Code\DataAnalysisBB\dataanalysis\SFResourceAllocator\lib\protobuf.jar;C:\Code\DataAnalysisBB\dataanalysis\SFResourceAllocator\lib\commons-lang-2.5.jar;C:\Code\DataAnalysisBB\dataanalysis\SFReportEngine\lib\poi-3.11.jar;C:\Code\DataAnalysisBB\dataanalysis\SFReportEngine\lib\poi-ooxml-3.11.jar;C:\Code\DataAnalysisBB\dataanalysis\SFReportEngine\lib\poi-ooxml-schemas-3.11.jar;C:\Code\DataAnalysisBB\dataanalysis\SFReportEngine\lib\poi-scratchpad-3.11.jar;C:\Code\DataAnalysisBB\dataanalysis\SFReportEngine\lib\xmlbeans-2.6.0.jar;C:\Users\conluc0\.m2\repository\com\sparkjava\spark-core\2.6.0.RC0\spark-core-2.6.0.RC0.jar;C:\Users\conluc0\.m2\repository\org\slf4j\slf4j-api\1.7.13\slf4j-api-1.7.13.jar;C:\Users\conluc0\.m2\repository\org\eclipse\jetty\jetty-server\9.4.4.v20170414\jetty-server-9.4.4.v20170414.jar;C:\Users\conluc0\.m2\repository\javax\servlet\javax.servlet-api\3.1.0\javax.servlet-api-3.1.0.jar;C:\Users\conluc0\.m2\repository\org\eclipse\jetty\jetty-http\9.4.4.v20170414\jetty-http-9.4.4.v20170414.jar;C:\Users\co
Launcher Type: SUN_STANDARD

Environment Variables:
JAVA_HOME=C:\Program Files\Java\jre1.8.0_121
PATH=C:/Program Files/Java/jre1.8.0_121/bin/server;C:/Program Files/Java/jre1.8.0_121/bin;C:/Program Files/Java/jre1.8.0_121/lib/amd64;C:\gurobi702\win64\bin;C:\Program Files\Microsoft MPI\Bin\;C:\ProgramData\Oracle\Java\javapath;C:\windows\system32;C:\windows;C:\windows\System32\Wbem;C:\windows\System32\WindowsPowerShell\v1.0\;C:\Program Files (x86)\Common Files\Roxio Shared\DLLShared\;C:\Program Files (x86)\Common Files\Roxio Shared\10.0\DLLShared\;C:\Program Files (x86)\ATI Technologies\ATI.ACE\Core-Static;C:\Program Files (x86)\MySQL\MySQL Utilities 1.4\;C:\Program Files (x86)\MySQL\MySQL Utilities 1.4\Doctrine extensions for PHP\;C:\TDM-GCC-64\bin;C:\Program Files\Microsoft SQL Server\130\Tools\Binn\;C:\Program Files\Anaconda3;C:\Program Files\Anaconda3\Scripts;C:\Program Files\Anaconda3\Library\bin;C:\Program Files\Git\cmd;C:\Program Files (x86)\Microsoft Visual Studio\2017\Community\Common7\Tools\;C:\Users\conluc0\Downloads\or-tools-master\tools\;C:\Program Files\TortoiseSVN\bin;C:\Program Files\CMake\bin;C:\Program Files\Java\jdk1.8.0_121\bin;C:\Program Files\Microsoft SQL Server\110\Tools\Binn\;C:\Program Files (x86)\Microsoft SDKs\TypeScript\1.0\;C:\Program Files\Microsoft SQL Server\120\Tools\Binn\;C:\Windows\System32;C:\Program Files\nodejs\;C:\maven\apache-maven-3.5.0\bin;C:\Program Files (x86)\Microsoft SQL Server\Client SDK\ODBC\130\Tools\Binn\;C:\Program Files (x86)\Microsoft SQL Server\140\Tools\Binn\;C:\Program Files (x86)\Microsoft SQL Server\140\DTS\Binn\;C:\Program Files (x86)\Microsoft SQL Server\140\Tools\Binn\ManagementStudio\;C:\ProgramData\chocolatey\bin;C:\Users\conluc0\AppData\Local\Continuum\Anaconda;C:\Users\conluc0\AppData\Local\Continuum\Anaconda\Scripts;C:\TDM-GCC-64\bin;C:\Users\conluc0\AppData\Local\GitHubDesktop\bin;C:\Users\conluc0\AppData\Roaming\npm;C:\eclipse;
USERNAME=conluc0
OS=Windows_NT
PROCESSOR_IDENTIFIER=Intel64 Family 6 Model 69 Stepping 1, GenuineIntel



---------------  S Y S T E M  ---------------

OS: Windows 7 , 64 bit Build 7601 (6.1.7601.23915)

CPU:total 4 (2 cores per cpu, 2 threads per core) family 6 model 69 stepping 1, cmov, cx8, fxsr, mmx, sse, sse2, sse3, ssse3, sse4.1, sse4.2, popcnt, avx, avx2, aes, clmul, erms, lzcnt, ht, tsc, tscinvbit, bmi1, bmi2

Memory: 4k page, physical 8283244k(3299216k free), swap 16564628k(11139520k free)

vm_info: Java HotSpot(TM) 64-Bit Server VM (25.121-b13) for windows-amd64 JRE (1.8.0_121-b13), built on Dec 12 2016 18:21:36 by "java_re" with MS VC++ 10.0 (VS2010)

time: Thu Nov 23 11:21:54 2017
elapsed time: 3093 seconds (0d 0h 51m 33s)

