#
# A fatal error has been detected by the Java Runtime Environment:
#
#  EXCEPTION_UNCAUGHT_CXX_EXCEPTION (0xe06d7363) at pc=0x000007fefd86a06d, pid=10660, tid=0x000000000000296c
#
# JRE version: Java(TM) SE Runtime Environment (8.0_121-b13) (build 1.8.0_121-b13)
# Java VM: Java HotSpot(TM) 64-Bit Server VM (25.121-b13 mixed mode windows-amd64 compressed oops)
# Problematic frame:
# C  [KERNELBASE.dll+0x1a06d]
#
# Failed to write core dump. Minidumps are not enabled by default on client versions of Windows
#
# If you would like to submit a bug report, please visit:
#   http://bugreport.java.com/bugreport/crash.jsp
# The crash happened outside the Java Virtual Machine in native code.
# See problematic frame for where to report the bug.
#

---------------  T H R E A D  ---------------

Current thread (0x00000000023ae800):  JavaThread "main" [_thread_in_native, id=10604, stack(0x0000000002560000,0x0000000002660000)]

siginfo: ExceptionCode=0xe06d7363, ExceptionInformation=0x0000000019930520 0x000000000265dfd0 0x000007fed278c2b0 0x000007fed1b10000 

Registers:
RAX=0x00000000712f341d, RBX=0x00000000517dd700, RCX=0x000000000265d850, RDX=0x00000000000000d0
RSP=0x000000000265de60, RBP=0x000000000265df90, RSI=0x000007fed278c2b0, RDI=0x0000000000000000
R8 =0x0000000000000000, R9 =0x0000000000000000, R10=0x000007fed1b10000, R11=0x000000000265dea0
R12=0x000000070bcbd8f0, R13=0xffffffffffffffff, R14=0x000000000265dfd0, R15=0x0000000000000000
RIP=0x000007fefd86a06d, EFLAGS=0x0000000000000206

Top of Stack: (sp=0x000000000265de60)
0x000000000265de60:   00000000517dd700 000007fed278c2b0
0x000000000265de70:   0000000000000000 0000000000076990
0x000000000265de80:   00000001e06d7363 0000000000000000
0x000000000265de90:   000007fefd86a06d 000007fe00000004
0x000000000265dea0:   0000000019930520 000000000265dfd0
0x000000000265deb0:   000007fed278c2b0 000007fed1b10000
0x000000000265dec0:   00000000c0000017 000000000265df48
0x000000000265ded0:   00000000517dd700 00000000517dd748
0x000000000265dee0:   00000000000ba940 000000000265dfd0
0x000000000265def0:   0000000706d2e150 000007fed204079c
0x000000000265df00:   000000000265dfd0 ffffffffffffffff
0x000000000265df10:   000000070bcbd8f0 0000000000000000
0x000000000265df20:   000007fed278c2b0 000007fef96344f2
0x000000000265df30:   00000000517dd700 000000000265dfb0
0x000000000265df40:   0000000700000001 000007fed1b10110
0x000000000265df50:   00000001e06d7363 0000000000000000 

Instructions: (pc=0x000007fefd86a06d)
0x000007fefd86a04d:   54 24 24 48 89 4c 24 28 4d 85 c9 0f 85 6a 03 00
0x000007fefd86a05d:   00 89 4c 24 38 48 8d 4c 24 20 ff 15 33 02 03 00
0x000007fefd86a06d:   48 81 c4 c8 00 00 00 c3 90 90 90 90 90 90 90 90
0x000007fefd86a07d:   90 90 90 48 83 ec 28 65 48 8b 04 25 30 00 00 00 


Register to memory mapping:

RAX=0x00000000712f341d is an unknown value
RBX=0x00000000517dd700 is an unknown value
RCX=0x000000000265d850 is pointing into the stack for thread: 0x00000000023ae800
RDX=0x00000000000000d0 is an unknown value
RSP=0x000000000265de60 is pointing into the stack for thread: 0x00000000023ae800
RBP=0x000000000265df90 is pointing into the stack for thread: 0x00000000023ae800
RSI=0x000007fed278c2b0 is an unknown value
RDI=0x0000000000000000 is an unknown value
R8 =0x0000000000000000 is an unknown value
R9 =0x0000000000000000 is an unknown value
R10=0x000007fed1b10000 is an unknown value
R11=0x000000000265dea0 is pointing into the stack for thread: 0x00000000023ae800
R12=0x000000070bcbd8f0 is an unknown value
R13=0xffffffffffffffff is an unknown value
R14=0x000000000265dfd0 is pointing into the stack for thread: 0x00000000023ae800
R15=0x0000000000000000 is an unknown value


Stack: [0x0000000002560000,0x0000000002660000],  sp=0x000000000265de60,  free space=1015k
Native frames: (J=compiled Java code, j=interpreted, Vv=VM code, C=native code)
C  [KERNELBASE.dll+0x1a06d]
C  [VCRUNTIME140.dll+0x44f2]
C  [jniortools.dll+0x949e07]
C  [jniortools.dll+0x948615]
C  [jniortools.dll+0x7e57b6]
C  [jniortools.dll+0x7de882]
C  [jniortools.dll+0x4599aa]
C  [jniortools.dll+0x440e7b]
C  [jniortools.dll+0x440f7b]
C  0x0000000002947f54

Java frames: (J=compiled Java code, j=interpreted, Vv=VM code)
j  com.google.ortools.linearsolver.operations_research_linear_solverJNI.MPSolver_solve__SWIG_0(JLcom/google/ortools/linearsolver/MPSolver;)I+0
j  com.google.ortools.linearsolver.MPSolver.solve()Lcom/google/ortools/linearsolver/MPSolver$ResultStatus;+5
J 1842% C2 com.saiglobal.sf.allocator.processor.MIP3Processor.solve([[[[Z)Lcom/saiglobal/sf/allocator/processor/MIP3Processor$SolverResult; (2110 bytes) @ 0x000000000320f4d4 [0x000000000320b7e0+0x3cf4]
j  com.saiglobal.sf.allocator.processor.MIP3Processor.scheduleBatch()Ljava/util/List;+279
j  com.saiglobal.sf.allocator.processor.MIP3Processor.execute()V+155
j  com.saiglobal.sf.allocator.main.ResourceAllocator.main([Ljava/lang/String;)V+382
v  ~StubRoutines::call_stub

---------------  P R O C E S S  ---------------

Java Threads: ( => current thread )
  0x0000000059ab0000 JavaThread "Abandoned connection cleanup thread" daemon [_thread_blocked, id=6848, stack(0x000000005a480000,0x000000005a580000)]
  0x0000000058fdb800 JavaThread "Service Thread" daemon [_thread_blocked, id=6808, stack(0x0000000059810000,0x0000000059910000)]
  0x0000000058f5d000 JavaThread "C1 CompilerThread2" daemon [_thread_blocked, id=11160, stack(0x00000000596d0000,0x00000000597d0000)]
  0x00000000576ff800 JavaThread "C2 CompilerThread1" daemon [_thread_blocked, id=11192, stack(0x0000000059500000,0x0000000059600000)]
  0x00000000576fa000 JavaThread "C2 CompilerThread0" daemon [_thread_blocked, id=3200, stack(0x00000000593c0000,0x00000000594c0000)]
  0x00000000576f5800 JavaThread "Attach Listener" daemon [_thread_blocked, id=10628, stack(0x0000000058e40000,0x0000000058f40000)]
  0x00000000576f4000 JavaThread "Signal Dispatcher" daemon [_thread_blocked, id=6860, stack(0x0000000058ca0000,0x0000000058da0000)]
  0x00000000576dd000 JavaThread "Finalizer" daemon [_thread_blocked, id=8056, stack(0x00000000589c0000,0x0000000058ac0000)]
  0x0000000057695800 JavaThread "Reference Handler" daemon [_thread_blocked, id=10984, stack(0x00000000587e0000,0x00000000588e0000)]
=>0x00000000023ae800 JavaThread "main" [_thread_in_native, id=10604, stack(0x0000000002560000,0x0000000002660000)]

Other Threads:
  0x000000005768e000 VMThread [stack: 0x00000000586a0000,0x00000000587a0000] [id=6336]
  0x0000000058ff5800 WatcherThread [stack: 0x0000000058ac0000,0x0000000058bc0000] [id=2360]

VM state:not at safepoint (normal execution)

VM Mutex/Monitor currently owned by a thread: None

Heap:
 PSYoungGen      total 689152K, used 386153K [0x00000000d5d80000, 0x0000000100000000, 0x0000000100000000)
  eden space 687616K, 56% used [0x00000000d5d80000,0x00000000ed58a4a0,0x00000000ffd00000)
  from space 1536K, 70% used [0x00000000ffd00000,0x00000000ffe10000,0x00000000ffe80000)
  to   space 1536K, 0% used [0x00000000ffe80000,0x00000000ffe80000,0x0000000100000000)
 ParOldGen       total 497664K, used 321210K [0x0000000081800000, 0x000000009fe00000, 0x00000000d5d80000)
  object space 497664K, 64% used [0x0000000081800000,0x00000000951ae990,0x000000009fe00000)
 Metaspace       used 12263K, capacity 12550K, committed 12672K, reserved 1060864K
  class space    used 1269K, capacity 1355K, committed 1408K, reserved 1048576K

Card table byte_map: [0x0000000011cf0000,0x00000000120f0000] byte_map_base: 0x00000000118e4000

Marking Bits: (ParMarkBitMap*) 0x000000006ff6b6d0
 Begin Bits: [0x00000000129c0000, 0x0000000014960000)
 End Bits:   [0x0000000014960000, 0x0000000016900000)

Polling page: 0x0000000001e30000

CodeCache: size=245760Kb used=8800Kb max_used=8820Kb free=236959Kb
 bounds [0x0000000002930000, 0x0000000003220000, 0x0000000011930000]
 total_blobs=2149 nmethods=1740 adapters=321
 compilation: enabled

Compilation events (10 events):
Event: 1095.622 Thread 0x0000000058f5d000 1841 %     3       com.saiglobal.sf.allocator.processor.MIP3Processor::solve @ 1421 (2110 bytes)
Event: 1095.776 Thread 0x0000000058f5d000 nmethod 1841% 0x00000000031df750 code [0x00000000031e15a0, 0x00000000031f7648]
Event: 1095.778 Thread 0x00000000576ff800 1842 %     4       com.saiglobal.sf.allocator.processor.MIP3Processor::solve @ 1421 (2110 bytes)
Event: 1096.563 Thread 0x00000000576ff800 nmethod 1842% 0x000000000320b050 code [0x000000000320b7e0, 0x0000000003211c90]
Event: 1100.941 Thread 0x0000000058f5d000 1843       3       java.lang.Throwable$WrappedPrintWriter::println (9 bytes)
Event: 1100.947 Thread 0x0000000058f5d000 nmethod 1843 0x0000000002b3d590 code [0x0000000002b3d760, 0x0000000002b3df88]
Event: 1100.968 Thread 0x0000000058f5d000 1845       3       java.nio.CharBuffer::array (35 bytes)
Event: 1100.970 Thread 0x0000000058f5d000 nmethod 1845 0x0000000002ab6890 code [0x0000000002ab6a20, 0x0000000002ab6d38]
Event: 1100.987 Thread 0x0000000058f5d000 1844   !   3       java.io.PrintWriter::println (34 bytes)
Event: 1100.987 Thread 0x0000000058f5d000 nmethod 1844 0x0000000002a31490 code [0x0000000002a31660, 0x0000000002a31de8]

GC Heap History (10 events):
Event: 1058.309 GC heap before
{Heap before GC invocations=596 (full 3):
 PSYoungGen      total 689152K, used 688064K [0x00000000d5d80000, 0x0000000100000000, 0x0000000100000000)
  eden space 687616K, 100% used [0x00000000d5d80000,0x00000000ffd00000,0x00000000ffd00000)
  from space 1536K, 29% used [0x00000000ffe80000,0x00000000ffef0000,0x0000000100000000)
  to   space 1536K, 0% used [0x00000000ffd00000,0x00000000ffd00000,0x00000000ffe80000)
 ParOldGen       total 497664K, used 321210K [0x0000000081800000, 0x000000009fe00000, 0x00000000d5d80000)
  object space 497664K, 64% used [0x0000000081800000,0x00000000951ae990,0x000000009fe00000)
 Metaspace       used 12260K, capacity 12550K, committed 12672K, reserved 1060864K
  class space    used 1269K, capacity 1355K, committed 1408K, reserved 1048576K
Event: 1058.314 GC heap after
Heap after GC invocations=596 (full 3):
 PSYoungGen      total 689152K, used 416K [0x00000000d5d80000, 0x0000000100000000, 0x0000000100000000)
  eden space 687616K, 0% used [0x00000000d5d80000,0x00000000d5d80000,0x00000000ffd00000)
  from space 1536K, 27% used [0x00000000ffd00000,0x00000000ffd68000,0x00000000ffe80000)
  to   space 1536K, 0% used [0x00000000ffe80000,0x00000000ffe80000,0x0000000100000000)
 ParOldGen       total 497664K, used 321210K [0x0000000081800000, 0x000000009fe00000, 0x00000000d5d80000)
  object space 497664K, 64% used [0x0000000081800000,0x00000000951ae990,0x000000009fe00000)
 Metaspace       used 12260K, capacity 12550K, committed 12672K, reserved 1060864K
  class space    used 1269K, capacity 1355K, committed 1408K, reserved 1048576K
}
Event: 1063.748 GC heap before
{Heap before GC invocations=597 (full 3):
 PSYoungGen      total 689152K, used 688032K [0x00000000d5d80000, 0x0000000100000000, 0x0000000100000000)
  eden space 687616K, 100% used [0x00000000d5d80000,0x00000000ffd00000,0x00000000ffd00000)
  from space 1536K, 27% used [0x00000000ffd00000,0x00000000ffd68000,0x00000000ffe80000)
  to   space 1536K, 0% used [0x00000000ffe80000,0x00000000ffe80000,0x0000000100000000)
 ParOldGen       total 497664K, used 321210K [0x0000000081800000, 0x000000009fe00000, 0x00000000d5d80000)
  object space 497664K, 64% used [0x0000000081800000,0x00000000951ae990,0x000000009fe00000)
 Metaspace       used 12260K, capacity 12550K, committed 12672K, reserved 1060864K
  class space    used 1269K, capacity 1355K, committed 1408K, reserved 1048576K
Event: 1063.753 GC heap after
Heap after GC invocations=597 (full 3):
 PSYoungGen      total 689152K, used 448K [0x00000000d5d80000, 0x0000000100000000, 0x0000000100000000)
  eden space 687616K, 0% used [0x00000000d5d80000,0x00000000d5d80000,0x00000000ffd00000)
  from space 1536K, 29% used [0x00000000ffe80000,0x00000000ffef0000,0x0000000100000000)
  to   space 1536K, 0% used [0x00000000ffd00000,0x00000000ffd00000,0x00000000ffe80000)
 ParOldGen       total 497664K, used 321210K [0x0000000081800000, 0x000000009fe00000, 0x00000000d5d80000)
  object space 497664K, 64% used [0x0000000081800000,0x00000000951ae990,0x000000009fe00000)
 Metaspace       used 12260K, capacity 12550K, committed 12672K, reserved 1060864K
  class space    used 1269K, capacity 1355K, committed 1408K, reserved 1048576K
}
Event: 1070.959 GC heap before
{Heap before GC invocations=598 (full 3):
 PSYoungGen      total 689152K, used 688064K [0x00000000d5d80000, 0x0000000100000000, 0x0000000100000000)
  eden space 687616K, 100% used [0x00000000d5d80000,0x00000000ffd00000,0x00000000ffd00000)
  from space 1536K, 29% used [0x00000000ffe80000,0x00000000ffef0000,0x0000000100000000)
  to   space 1536K, 0% used [0x00000000ffd00000,0x00000000ffd00000,0x00000000ffe80000)
 ParOldGen       total 497664K, used 321210K [0x0000000081800000, 0x000000009fe00000, 0x00000000d5d80000)
  object space 497664K, 64% used [0x0000000081800000,0x00000000951ae990,0x000000009fe00000)
 Metaspace       used 12260K, capacity 12550K, committed 12672K, reserved 1060864K
  class space    used 1269K, capacity 1355K, committed 1408K, reserved 1048576K
Event: 1070.962 GC heap after
Heap after GC invocations=598 (full 3):
 PSYoungGen      total 689152K, used 448K [0x00000000d5d80000, 0x0000000100000000, 0x0000000100000000)
  eden space 687616K, 0% used [0x00000000d5d80000,0x00000000d5d80000,0x00000000ffd00000)
  from space 1536K, 29% used [0x00000000ffd00000,0x00000000ffd70000,0x00000000ffe80000)
  to   space 1536K, 0% used [0x00000000ffe80000,0x00000000ffe80000,0x0000000100000000)
 ParOldGen       total 497664K, used 321210K [0x0000000081800000, 0x000000009fe00000, 0x00000000d5d80000)
  object space 497664K, 64% used [0x0000000081800000,0x00000000951ae990,0x000000009fe00000)
 Metaspace       used 12260K, capacity 12550K, committed 12672K, reserved 1060864K
  class space    used 1269K, capacity 1355K, committed 1408K, reserved 1048576K
}
Event: 1077.709 GC heap before
{Heap before GC invocations=599 (full 3):
 PSYoungGen      total 689152K, used 688064K [0x00000000d5d80000, 0x0000000100000000, 0x0000000100000000)
  eden space 687616K, 100% used [0x00000000d5d80000,0x00000000ffd00000,0x00000000ffd00000)
  from space 1536K, 29% used [0x00000000ffd00000,0x00000000ffd70000,0x00000000ffe80000)
  to   space 1536K, 0% used [0x00000000ffe80000,0x00000000ffe80000,0x0000000100000000)
 ParOldGen       total 497664K, used 321210K [0x0000000081800000, 0x000000009fe00000, 0x00000000d5d80000)
  object space 497664K, 64% used [0x0000000081800000,0x00000000951ae990,0x000000009fe00000)
 Metaspace       used 12260K, capacity 12550K, committed 12672K, reserved 1060864K
  class space    used 1269K, capacity 1355K, committed 1408K, reserved 1048576K
Event: 1077.712 GC heap after
Heap after GC invocations=599 (full 3):
 PSYoungGen      total 689152K, used 416K [0x00000000d5d80000, 0x0000000100000000, 0x0000000100000000)
  eden space 687616K, 0% used [0x00000000d5d80000,0x00000000d5d80000,0x00000000ffd00000)
  from space 1536K, 27% used [0x00000000ffe80000,0x00000000ffee8000,0x0000000100000000)
  to   space 1536K, 0% used [0x00000000ffd00000,0x00000000ffd00000,0x00000000ffe80000)
 ParOldGen       total 497664K, used 321210K [0x0000000081800000, 0x000000009fe00000, 0x00000000d5d80000)
  object space 497664K, 64% used [0x0000000081800000,0x00000000951ae990,0x000000009fe00000)
 Metaspace       used 12260K, capacity 12550K, committed 12672K, reserved 1060864K
  class space    used 1269K, capacity 1355K, committed 1408K, reserved 1048576K
}
Event: 1088.775 GC heap before
{Heap before GC invocations=600 (full 3):
 PSYoungGen      total 689152K, used 688032K [0x00000000d5d80000, 0x0000000100000000, 0x0000000100000000)
  eden space 687616K, 100% used [0x00000000d5d80000,0x00000000ffd00000,0x00000000ffd00000)
  from space 1536K, 27% used [0x00000000ffe80000,0x00000000ffee8000,0x0000000100000000)
  to   space 1536K, 0% used [0x00000000ffd00000,0x00000000ffd00000,0x00000000ffe80000)
 ParOldGen       total 497664K, used 321210K [0x0000000081800000, 0x000000009fe00000, 0x00000000d5d80000)
  object space 497664K, 64% used [0x0000000081800000,0x00000000951ae990,0x000000009fe00000)
 Metaspace       used 12260K, capacity 12550K, committed 12672K, reserved 1060864K
  class space    used 1269K, capacity 1355K, committed 1408K, reserved 1048576K
Event: 1088.782 GC heap after
Heap after GC invocations=600 (full 3):
 PSYoungGen      total 689152K, used 1088K [0x00000000d5d80000, 0x0000000100000000, 0x0000000100000000)
  eden space 687616K, 0% used [0x00000000d5d80000,0x00000000d5d80000,0x00000000ffd00000)
  from space 1536K, 70% used [0x00000000ffd00000,0x00000000ffe10000,0x00000000ffe80000)
  to   space 1536K, 0% used [0x00000000ffe80000,0x00000000ffe80000,0x0000000100000000)
 ParOldGen       total 497664K, used 321210K [0x0000000081800000, 0x000000009fe00000, 0x00000000d5d80000)
  object space 497664K, 64% used [0x0000000081800000,0x00000000951ae990,0x000000009fe00000)
 Metaspace       used 12260K, capacity 12550K, committed 12672K, reserved 1060864K
  class space    used 1269K, capacity 1355K, committed 1408K, reserved 1048576K
}

Deoptimization events (10 events):
Event: 96.250 Thread 0x00000000023ae800 Uncommon trap: reason=bimorphic action=maybe_recompile pc=0x0000000002ec918c method=java.util.stream.ReferencePipeline$4$1.accept(Ljava/lang/Object;)V @ 12
Event: 98.662 Thread 0x00000000023ae800 Uncommon trap: reason=unstable_if action=reinterpret pc=0x0000000002fbff00 method=com.saiglobal.sf.allocator.processor.MIP3Processor.solve([[[[Z)Lcom/saiglobal/sf/allocator/processor/MIP3Processor$SolverResult; @ 334
Event: 98.666 Thread 0x00000000023ae800 Uncommon trap: reason=predicate action=maybe_recompile pc=0x0000000002ff166c method=com.saiglobal.sf.allocator.processor.MIP3Processor.solve([[[[Z)Lcom/saiglobal/sf/allocator/processor/MIP3Processor$SolverResult; @ 549
Event: 314.712 Thread 0x00000000023ae800 Uncommon trap: reason=unstable_if action=reinterpret pc=0x000000000308fcc0 method=java.util.HashMap.getNode(ILjava/lang/Object;)Ljava/util/HashMap$Node; @ 62
Event: 314.712 Thread 0x00000000023ae800 Uncommon trap: reason=unstable_if action=reinterpret pc=0x0000000002bf7900 method=java.util.HashMap.getNode(ILjava/lang/Object;)Ljava/util/HashMap$Node; @ 62
Event: 314.712 Thread 0x00000000023ae800 Uncommon trap: reason=unstable_if action=reinterpret pc=0x0000000002b7c1a4 method=java.util.HashMap.getNode(ILjava/lang/Object;)Ljava/util/HashMap$Node; @ 62
Event: 515.329 Thread 0x00000000023ae800 Uncommon trap: reason=unreached action=reinterpret pc=0x00000000030fa3f8 method=com.saiglobal.sf.allocator.processor.MIP3Processor.solve([[[[Z)Lcom/saiglobal/sf/allocator/processor/MIP3Processor$SolverResult; @ 1031
Event: 515.481 Thread 0x00000000023ae800 Uncommon trap: reason=unstable_if action=reinterpret pc=0x0000000003084ff0 method=com.saiglobal.sf.allocator.processor.MIP3Processor.solve([[[[Z)Lcom/saiglobal/sf/allocator/processor/MIP3Processor$SolverResult; @ 1019
Event: 516.052 Thread 0x00000000023ae800 Uncommon trap: reason=unreached action=reinterpret pc=0x0000000002a54d74 method=com.saiglobal.sf.allocator.processor.MIP3Processor.solve([[[[Z)Lcom/saiglobal/sf/allocator/processor/MIP3Processor$SolverResult; @ 1386
Event: 1095.544 Thread 0x00000000023ae800 Uncommon trap: reason=unstable_if action=reinterpret pc=0x00000000031bdf74 method=java.util.HashMap.getNode(ILjava/lang/Object;)Ljava/util/HashMap$Node; @ 129

Internal exceptions (10 events):
Event: 0.252 Thread 0x00000000023ae800 Exception <a 'java/lang/ClassNotFoundException': org/apache/log4j/AppenderSkeletonCustomizer> (0x00000000d6285ad0) thrown at [C:\re\workspace\8-2-build-windows-amd64-cygwin\jdk8u121\8372\hotspot\src\share\vm\classfile\systemDictionary.cpp, line 210]
Event: 0.256 Thread 0x00000000023ae800 Exception <a 'java/lang/ClassNotFoundException': org/apache/log4j/WriterAppenderCustomizer> (0x00000000d62a0480) thrown at [C:\re\workspace\8-2-build-windows-amd64-cygwin\jdk8u121\8372\hotspot\src\share\vm\classfile\systemDictionary.cpp, line 210]
Event: 0.257 Thread 0x00000000023ae800 Exception <a 'java/lang/ClassNotFoundException': org/apache/log4j/FileAppenderCustomizer> (0x00000000d62b3c68) thrown at [C:\re\workspace\8-2-build-windows-amd64-cygwin\jdk8u121\8372\hotspot\src\share\vm\classfile\systemDictionary.cpp, line 210]
Event: 0.259 Thread 0x00000000023ae800 Exception <a 'java/lang/ClassNotFoundException': org/apache/log4j/RollingFileAppenderCustomizer> (0x00000000d62c76f0) thrown at [C:\re\workspace\8-2-build-windows-amd64-cygwin\jdk8u121\8372\hotspot\src\share\vm\classfile\systemDictionary.cpp, line 210]
Event: 0.265 Thread 0x00000000023ae800 Exception <a 'java/lang/ClassNotFoundException': org/apache/log4j/ConsoleAppenderBeanInfo> (0x00000000d62f0e00) thrown at [C:\re\workspace\8-2-build-windows-amd64-cygwin\jdk8u121\8372\hotspot\src\share\vm\classfile\systemDictionary.cpp, line 210]
Event: 0.266 Thread 0x00000000023ae800 Exception <a 'java/lang/ClassNotFoundException': org/apache/log4j/ConsoleAppenderCustomizer> (0x00000000d62f76d0) thrown at [C:\re\workspace\8-2-build-windows-amd64-cygwin\jdk8u121\8372\hotspot\src\share\vm\classfile\systemDictionary.cpp, line 210]
Event: 0.377 Thread 0x00000000023ae800 Implicit null exception at 0x0000000002b291c9 to 0x0000000002b29585
Event: 3.552 Thread 0x00000000023ae800 Exception <a 'java/lang/NoSuchFieldError': method resolution failed> (0x00000000d6eca048) thrown at [C:\re\workspace\8-2-build-windows-amd64-cygwin\jdk8u121\8372\hotspot\src\share\vm\prims\methodHandles.cpp, line 1146]
Event: 3.555 Thread 0x00000000023ae800 Exception <a 'java/lang/NoSuchFieldError': method resolution failed> (0x00000000d6ed7390) thrown at [C:\re\workspace\8-2-build-windows-amd64-cygwin\jdk8u121\8372\hotspot\src\share\vm\prims\methodHandles.cpp, line 1146]
Event: 92.281 Thread 0x00000000023ae800 Exception <a 'java/lang/NoSuchMethodError': java.lang.Object.lambda$minBy$0(Ljava/util/Comparator;Ljava/lang/Object;Ljava/lang/Object;)Ljava/lang/Object;> (0x00000000da585920) thrown at [C:\re\workspace\8-2-build-windows-amd64-cygwin\jdk8u121\8372\hotspot

Events (10 events):
Event: 1095.780 Thread 0x0000000058f5d000 flushing nmethod 0x0000000002c7d1d0
Event: 1095.781 Thread 0x0000000058f5d000 flushing nmethod 0x0000000002c7e650
Event: 1095.784 Thread 0x0000000058f5d000 flushing nmethod 0x0000000002c7f350
Event: 1095.784 Thread 0x0000000058f5d000 flushing nmethod 0x0000000002c7ff50
Event: 1095.787 Thread 0x0000000058f5d000 flushing nmethod 0x0000000002c86dd0
Event: 1095.787 Thread 0x0000000058f5d000 flushing nmethod 0x0000000002c87190
Event: 1095.788 Thread 0x0000000058f5d000 flushing nmethod 0x0000000002c8ae50
Event: 1095.789 Thread 0x0000000058f5d000 flushing nmethod 0x0000000002c94010
Event: 1096.563 Thread 0x00000000023ae800 DEOPT PACKING pc=0x00000000031f5877 sp=0x000000000265eee0
Event: 1096.563 Thread 0x00000000023ae800 DEOPT UNPACKING pc=0x000000000297787f sp=0x000000000265f090 mode 0


Dynamic libraries:
0x000000013fea0000 - 0x000000013fed7000 	C:\Program Files\Java\jdk1.8.0_121\bin\javaw.exe
0x00000000778f0000 - 0x0000000077a9a000 	C:\windows\SYSTEM32\ntdll.dll
0x00000000776d0000 - 0x00000000777ef000 	C:\windows\system32\kernel32.dll
0x000007fefd850000 - 0x000007fefd8ba000 	C:\windows\system32\KERNELBASE.dll
0x000007fefdbf0000 - 0x000007fefdccb000 	C:\windows\system32\ADVAPI32.dll
0x000007feff7b0000 - 0x000007feff84f000 	C:\windows\system32\msvcrt.dll
0x000007feff6e0000 - 0x000007feff6ff000 	C:\windows\SYSTEM32\sechost.dll
0x000007fefda40000 - 0x000007fefdb6d000 	C:\windows\system32\RPCRT4.dll
0x00000000777f0000 - 0x00000000778ea000 	C:\windows\system32\USER32.dll
0x000007fefdcf0000 - 0x000007fefdd57000 	C:\windows\system32\GDI32.dll
0x000007fefdfe0000 - 0x000007fefdfee000 	C:\windows\system32\LPK.dll
0x000007fefdff0000 - 0x000007fefe0ba000 	C:\windows\system32\USP10.dll
0x000007fefbaa0000 - 0x000007fefbc94000 	C:\windows\WinSxS\amd64_microsoft.windows.common-controls_6595b64144ccf1df_6.0.7601.18837_none_fa3b1e3d17594757\COMCTL32.dll
0x000007fefdf60000 - 0x000007fefdfd1000 	C:\windows\system32\SHLWAPI.dll
0x000007feff850000 - 0x000007feff87e000 	C:\windows\system32\IMM32.DLL
0x000007feff960000 - 0x000007feffa69000 	C:\windows\system32\MSCTF.dll
0x0000000068000000 - 0x0000000068056000 	C:\windows\system32\QIPCAP64.DLL
0x000007fefe0c0000 - 0x000007fefee4a000 	C:\windows\system32\SHELL32.dll
0x000007fefcc00000 - 0x000007fefcc5b000 	C:\windows\system32\DNSAPI.dll
0x000007feff700000 - 0x000007feff74d000 	C:\windows\system32\WS2_32.dll
0x000007feff1c0000 - 0x000007feff1c8000 	C:\windows\system32\NSI.dll
0x00000000789b0000 - 0x0000000078a82000 	C:\Program Files\Java\jdk1.8.0_121\jre\bin\msvcr100.dll
0x000000006f750000 - 0x000000006ffeb000 	C:\Program Files\Java\jdk1.8.0_121\jre\bin\server\jvm.dll
0x000007fefb770000 - 0x000007fefb779000 	C:\windows\system32\WSOCK32.dll
0x000007fefacb0000 - 0x000007fefaceb000 	C:\windows\system32\WINMM.dll
0x000007fefc6b0000 - 0x000007fefc6bc000 	C:\windows\system32\VERSION.dll
0x0000000077ab0000 - 0x0000000077ab7000 	C:\windows\system32\PSAPI.DLL
0x0000000063dd0000 - 0x0000000063ddf000 	C:\Program Files\Java\jdk1.8.0_121\jre\bin\verify.dll
0x0000000062290000 - 0x00000000622b9000 	C:\Program Files\Java\jdk1.8.0_121\jre\bin\java.dll
0x0000000063d50000 - 0x0000000063d66000 	C:\Program Files\Java\jdk1.8.0_121\jre\bin\zip.dll
0x000007fefdd60000 - 0x000007fefdf5c000 	C:\windows\system32\ole32.dll
0x000007fefd5e0000 - 0x000007fefd5ef000 	C:\windows\system32\profapi.dll
0x0000000063de0000 - 0x0000000063ded000 	C:\Program Files\Java\jdk1.8.0_121\jre\bin\management.dll
0x000000005ba50000 - 0x000000005ba6a000 	C:\Program Files\Java\jdk1.8.0_121\jre\bin\net.dll
0x000007fefcd70000 - 0x000007fefcdc5000 	C:\windows\system32\mswsock.dll
0x000007fefd010000 - 0x000007fefd017000 	C:\windows\System32\wship6.dll
0x000007fefbea0000 - 0x000007fefbeb5000 	C:\windows\system32\NLAapi.dll
0x000007fef08d0000 - 0x000007fef08e5000 	C:\windows\system32\napinsp.dll
0x000007fef08b0000 - 0x000007fef08c9000 	C:\windows\system32\pnrpnsp.dll
0x000007fef08a0000 - 0x000007fef08ab000 	C:\windows\System32\winrnr.dll
0x000007fef0890000 - 0x000007fef08a0000 	C:\windows\system32\wshbth.dll
0x000007fefc780000 - 0x000007fefc787000 	C:\windows\System32\wshtcpip.dll
0x000007fefb740000 - 0x000007fefb767000 	C:\windows\system32\IPHLPAPI.DLL
0x000007fefb730000 - 0x000007fefb73b000 	C:\windows\system32\WINNSI.DLL
0x000007fef7c40000 - 0x000007fef7c48000 	C:\windows\system32\rasadhlp.dll
0x000007fef90e0000 - 0x000007fef9133000 	C:\windows\System32\fwpuclnt.dll
0x000007fed1b10000 - 0x000007fed2890000 	C:\Code\DataAnalysisBB\dataanalysis\SFResourceAllocator\lib\jniortools.dll
0x000007fedf6f0000 - 0x000007fedf78c000 	C:\windows\system32\MSVCP140.dll
0x000007fef9630000 - 0x000007fef9646000 	C:\windows\system32\VCRUNTIME140.dll
0x000007fef96a0000 - 0x000007fef96a4000 	C:\windows\system32\api-ms-win-crt-runtime-l1-1-0.dll
0x000007fee4530000 - 0x000007fee4624000 	C:\windows\system32\ucrtbase.DLL
0x000007fee7da0000 - 0x000007fee7da3000 	C:\windows\system32\api-ms-win-core-timezone-l1-1-0.dll
0x000007fee4520000 - 0x000007fee4523000 	C:\windows\system32\api-ms-win-core-file-l2-1-0.dll
0x000007fee4510000 - 0x000007fee4513000 	C:\windows\system32\api-ms-win-core-localization-l1-2-0.dll
0x000007fee8f20000 - 0x000007fee8f23000 	C:\windows\system32\api-ms-win-core-synch-l1-2-0.dll
0x000007fee4500000 - 0x000007fee4503000 	C:\windows\system32\api-ms-win-core-processthreads-l1-1-1.dll
0x000007fee44f0000 - 0x000007fee44f3000 	C:\windows\system32\api-ms-win-core-file-l1-2-0.dll
0x000007fef9620000 - 0x000007fef9624000 	C:\windows\system32\api-ms-win-crt-string-l1-1-0.dll
0x000007fef9610000 - 0x000007fef9613000 	C:\windows\system32\api-ms-win-crt-heap-l1-1-0.dll
0x000007fef9600000 - 0x000007fef9604000 	C:\windows\system32\api-ms-win-crt-stdio-l1-1-0.dll
0x000007fef95f0000 - 0x000007fef95f4000 	C:\windows\system32\api-ms-win-crt-convert-l1-1-0.dll
0x000007fef95e0000 - 0x000007fef95e3000 	C:\windows\system32\api-ms-win-crt-locale-l1-1-0.dll
0x000007fef72c0000 - 0x000007fef72c5000 	C:\windows\system32\api-ms-win-crt-math-l1-1-0.dll
0x000007fef02e0000 - 0x000007fef02e5000 	C:\windows\system32\api-ms-win-crt-multibyte-l1-1-0.dll
0x000007fef02d0000 - 0x000007fef02d3000 	C:\windows\system32\api-ms-win-crt-time-l1-1-0.dll
0x000007fef0270000 - 0x000007fef0273000 	C:\windows\system32\api-ms-win-crt-filesystem-l1-1-0.dll
0x000007feef660000 - 0x000007feef663000 	C:\windows\system32\api-ms-win-crt-environment-l1-1-0.dll
0x000007fee9e30000 - 0x000007fee9e33000 	C:\windows\system32\api-ms-win-crt-utility-l1-1-0.dll
0x000007fefb780000 - 0x000007fefb8a5000 	C:\windows\system32\dbghelp.dll

VM Arguments:
jvm_args: -Djava.library.path=lib -Dfile.encoding=Cp1252 
java_command: com.saiglobal.sf.allocator.main.ResourceAllocator -ai com.saiglobal.sf.allocator.implementation.ResourceAllocatorMIPMilkRunsUK -includePipeline false -logLevel INFO -cp noOfMonth:12;milkRuns:true
java_class_path (initial): C:\Code\DataAnalysisBB\dataanalysis\SFResourceAllocator\bin;C:\Code\DataAnalysis\SFResourceAllocator\lib\org.apache.log4j_1.2.13.v200903072027.jar;C:\Code\DataAnalysisBB\dataanalysis\SFCore\bin;C:\Code\DataAnalysis\SFCore\lib\commons-cli-1.2.jar;C:\Code\DataAnalysis\SFCore\lib\commons-logging-1.1.3.jar;C:\Code\DataAnalysis\SFCore\lib\geocoder-java-0.15.jar;C:\Code\DataAnalysis\SFCore\lib\gson-2.2.4.jar;C:\Code\DataAnalysis\SFCore\lib\org.apache.log4j_1.2.13.v200903072027.jar;C:\Code\DataAnalysis\SFCore\lib\jsch-0.1.50.jar;C:\Code\DataAnalysis\SFCore\lib\sqljdbc4.jar;C:\Code\DataAnalysis\SFCore\lib\javax.mail.jar;C:\Code\DataAnalysis\SFCore\lib\mysql-connector-java-5.1.35-bin.jar;C:\Code\DataAnalysis\SFCore\lib\commons-lang-2.5.jar;C:\Code\DataAnalysis\SFCore\lib\force-wsc-32.0.0.jar;C:\Code\DataAnalysis\SFCore\lib\wsc.partner.32.jar;C:\Code\DataAnalysisBB\dataanalysis\SFResourceAllocator\lib\com.google.ortools.jar;C:\Code\DataAnalysisBB\dataanalysis\SFResourceAllocator\lib\protobuf.jar
Launcher Type: SUN_STANDARD

Environment Variables:
PATH=C:/Program Files/Java/jre1.8.0_121/bin/server;C:/Program Files/Java/jre1.8.0_121/bin;C:/Program Files/Java/jre1.8.0_121/lib/amd64;C:\gurobi702\win64\bin;C:\Program Files\Microsoft MPI\Bin\;C:\ProgramData\Oracle\Java\javapath;C:\windows\system32;C:\windows;C:\windows\System32\Wbem;C:\windows\System32\WindowsPowerShell\v1.0\;C:\Program Files (x86)\Common Files\Roxio Shared\DLLShared\;C:\Program Files (x86)\Common Files\Roxio Shared\10.0\DLLShared\;C:\Program Files (x86)\ATI Technologies\ATI.ACE\Core-Static;C:\Program Files (x86)\MySQL\MySQL Utilities 1.4\;C:\Program Files (x86)\MySQL\MySQL Utilities 1.4\Doctrine extensions for PHP\;C:\Program Files\nodejs\;C:\TDM-GCC-64\bin;C:\Program Files\Microsoft SQL Server\130\Tools\Binn\;C:\Program Files\Anaconda3;C:\Program Files\Anaconda3\Scripts;C:\Program Files\Anaconda3\Library\bin;C:\Program Files\Git\cmd;C:\Program Files (x86)\Microsoft Visual Studio\2017\Community\Common7\Tools\;C:\Users\conluc0\Downloads\or-tools-master\tools\;C:\Program Files\TortoiseSVN\bin;C:\Program Files\CMake\bin;C:\Program Files\Java\jdk1.8.0_121\bin;C:\Program Files\Microsoft SQL Server\110\Tools\Binn\;C:\Program Files (x86)\Microsoft SDKs\TypeScript\1.0\;C:\Program Files\Microsoft SQL Server\120\Tools\Binn\;C:\Windows\System32;C:\Users\conluc0\AppData\Local\Continuum\Anaconda;C:\Users\conluc0\AppData\Local\Continuum\Anaconda\Scripts;C:\Users\conluc0\AppData\Roaming\npm;C:\TDM-GCC-64\bin;C:\eclipse;
USERNAME=conluc0
OS=Windows_NT
PROCESSOR_IDENTIFIER=Intel64 Family 6 Model 69 Stepping 1, GenuineIntel



---------------  S Y S T E M  ---------------

OS: Windows 7 , 64 bit Build 7601 (6.1.7601.23796)

CPU:total 4 (2 cores per cpu, 2 threads per core) family 6 model 69 stepping 1, cmov, cx8, fxsr, mmx, sse, sse2, sse3, ssse3, sse4.1, sse4.2, popcnt, avx, avx2, aes, clmul, erms, lzcnt, ht, tsc, tscinvbit, bmi1, bmi2

Memory: 4k page, physical 8283244k(20068k free), swap 33131116k(456552k free)

vm_info: Java HotSpot(TM) 64-Bit Server VM (25.121-b13) for windows-amd64 JRE (1.8.0_121-b13), built on Dec 12 2016 18:21:36 by "java_re" with MS VC++ 10.0 (VS2010)

time: Tue May 30 10:47:50 2017
elapsed time: 1262 seconds (0d 0h 21m 2s)

