#
# A fatal error has been detected by the Java Runtime Environment:
#
#  EXCEPTION_ACCESS_VIOLATION (0xc0000005) at pc=0x000007fecc0f1b20, pid=10632, tid=0x0000000000000510
#
# JRE version: Java(TM) SE Runtime Environment (8.0_121-b13) (build 1.8.0_121-b13)
# Java VM: Java HotSpot(TM) 64-Bit Server VM (25.121-b13 mixed mode windows-amd64 compressed oops)
# Problematic frame:
# C  [jniortools.dll+0x441b20]
#
# Failed to write core dump. Minidumps are not enabled by default on client versions of Windows
#
# If you would like to submit a bug report, please visit:
#   http://bugreport.java.com/bugreport/crash.jsp
# The crash happened outside the Java Virtual Machine in native code.
# See problematic frame for where to report the bug.
#

---------------  T H R E A D  ---------------

Current thread (0x0000000002380800):  JavaThread "main" [_thread_in_native, id=1296, stack(0x0000000002670000,0x0000000002770000)]

siginfo: ExceptionCode=0xc0000005, reading address 0x0000000000000000

Registers:
RAX=0x0000000000000000, RBX=0x0000000069bb3320, RCX=0x51b241905a3d0000, RDX=0x000007fee79255f0
RSP=0x000000000276ebf0, RBP=0x000000000276ecf0, RSI=0x0000000000000000, RDI=0x0000000000000000
R8 =0x000000000276d348, R9 =0x000000010d7abf81, R10=0x0000000000000000, R11=0x000000000276ebb0
R12=0x0000000000000001, R13=0x00000000004e0220, R14=0x0000000000000000, R15=0x0000000000000000
RIP=0x000007fecc0f1b20, EFLAGS=0x0000000000010206

Top of Stack: (sp=0x000000000276ebf0)
0x000000000276ebf0:   3fe0000000000000 000000000276ec58
0x000000000276ec00:   0000000069bb3320 0000000000000026
0x000000000276ec10:   0000000000000000 0000000100000000
0x000000000276ec20:   0000000000000000 0000000069bb3320
0x000000000276ec30:   0000000000000000 fffffffffffffffe
0x000000000276ec40:   00000000642fe480 0000000002380800
0x000000000276ec50:   000000000237f730 0000000000000000
0x000000000276ec60:   0000000000000000 0000000000000000
0x000000000276ec70:   000000000276ed60 00000000642f9010
0x000000000276ec80:   dba61ce4000000b8 0000000002380800
0x000000000276ec90:   8a3d70a3d70a4000 000051b243e6b1cd
0x000000000276eca0:   0000000000000000 0000000000000000
0x000000000276ecb0:   0000000000000000 0000000000000000
0x000000000276ecc0:   0000000000000001 0000000000000000
0x000000000276ecd0:   0000000000000000 0000000000000000
0x000000000276ece0:   00000000fa3353f0 0000000000000000 

Instructions: (pc=0x000007fecc0f1b20)
0x000007fecc0f1b00:   0f b6 64 24 2c 66 66 66 0f 1f 84 00 00 00 00 00
0x000007fecc0f1b10:   48 8b 83 b0 00 00 00 4e 8b 2c f8 48 8b 44 24 68
0x000007fecc0f1b20:   f2 46 0f 10 04 f8 41 0f 28 fb 49 8b 5d 08 48 8b
0x000007fecc0f1b30:   1b 49 8b 7d 08 48 3b df 74 61 66 0f 1f 44 00 00 


Register to memory mapping:

RAX=0x0000000000000000 is an unknown value
RBX=0x0000000069bb3320 is an unknown value
RCX=0x51b241905a3d0000 is an unknown value
RDX=0x000007fee79255f0 is an unknown value
RSP=0x000000000276ebf0 is pointing into the stack for thread: 0x0000000002380800
RBP=0x000000000276ecf0 is pointing into the stack for thread: 0x0000000002380800
RSI=0x0000000000000000 is an unknown value
RDI=0x0000000000000000 is an unknown value
R8 =0x000000000276d348 is pointing into the stack for thread: 0x0000000002380800
R9 =0x000000010d7abf81 is an unknown value
R10=0x0000000000000000 is an unknown value
R11=0x000000000276ebb0 is pointing into the stack for thread: 0x0000000002380800
R12=0x0000000000000001 is an unknown value
R13=0x00000000004e0220 is an unknown value
R14=0x0000000000000000 is an unknown value
R15=0x0000000000000000 is an unknown value


Stack: [0x0000000002670000,0x0000000002770000],  sp=0x000000000276ebf0,  free space=1018k
Native frames: (J=compiled Java code, j=interpreted, Vv=VM code, C=native code)
C  [jniortools.dll+0x441b20]
C  0x0000000002a57f54

Java frames: (J=compiled Java code, j=interpreted, Vv=VM code)
j  com.google.ortools.linearsolver.operations_research_linear_solverJNI.MPSolver_verifySolution(JLcom/google/ortools/linearsolver/MPSolver;DZ)Z+0
j  com.google.ortools.linearsolver.MPSolver.verifySolution(DZ)Z+7
J 15943% C2 com.saiglobal.sf.allocator.processor.PizzaHutMIPProcessor.solve(Z)[[[Lcom/google/ortools/linearsolver/MPVariable; (2490 bytes) @ 0x0000000005602850 [0x00000000056008e0+0x1f70]
j  com.saiglobal.sf.allocator.processor.PizzaHutMIPProcessor.execute()V+367
j  com.saiglobal.sf.allocator.main.ResourceAllocator.main([Ljava/lang/String;)V+382
v  ~StubRoutines::call_stub

---------------  P R O C E S S  ---------------

Java Threads: ( => current thread )
  0x000000005af7b800 JavaThread "task-result-getter-3" daemon [_thread_blocked, id=9468, stack(0x000000006c440000,0x000000006c540000)]
  0x000000005af7a000 JavaThread "task-result-getter-2" daemon [_thread_blocked, id=13212, stack(0x000000006c1a0000,0x000000006c2a0000)]
  0x000000005af79000 JavaThread "task-result-getter-1" daemon [_thread_blocked, id=13092, stack(0x000000006bd70000,0x000000006be70000)]
  0x000000005af78800 JavaThread "task-result-getter-0" daemon [_thread_blocked, id=8620, stack(0x000000006be70000,0x000000006bf70000)]
  0x000000005bded800 JavaThread "org.apache.hadoop.fs.FileSystem$Statistics$StatisticsDataReferenceCleaner" daemon [_thread_blocked, id=10800, stack(0x00000000639a0000,0x0000000063aa0000)]
  0x000000005bded000 JavaThread "SparkListenerBus" daemon [_thread_blocked, id=4184, stack(0x0000000061490000,0x0000000061590000)]
  0x000000005b24b000 JavaThread "context-cleaner-periodic-gc" daemon [_thread_blocked, id=11224, stack(0x0000000061310000,0x0000000061410000)]
  0x000000005b24a000 JavaThread "Spark Context Cleaner" daemon [_thread_blocked, id=10320, stack(0x0000000061120000,0x0000000061220000)]
  0x000000005b249800 JavaThread "shuffle-server-5-1" daemon [_thread_in_native, id=8348, stack(0x000000005fe10000,0x000000005ff10000)]
  0x000000005b248800 JavaThread "driver-heartbeater" daemon [_thread_blocked, id=12340, stack(0x000000005fc40000,0x000000005fd40000)]
  0x000000005b248000 JavaThread "dag-scheduler-event-loop" daemon [_thread_blocked, id=12120, stack(0x000000005f910000,0x000000005fa10000)]
  0x000000005b247000 JavaThread "netty-rpc-env-timeout" daemon [_thread_blocked, id=6672, stack(0x000000005faf0000,0x000000005fbf0000)]
  0x000000005b246800 JavaThread "heartbeat-receiver-event-loop-thread" daemon [_thread_blocked, id=12124, stack(0x000000005f810000,0x000000005f910000)]
  0x000000005b245800 JavaThread "Timer-0" daemon [_thread_blocked, id=9572, stack(0x000000005e010000,0x000000005e110000)]
  0x000000005b245000 JavaThread "SparkUI-41" daemon [_thread_blocked, id=9356, stack(0x000000005f350000,0x000000005f450000)]
  0x000000005b244000 JavaThread "SparkUI-40" daemon [_thread_blocked, id=10888, stack(0x000000005f1c0000,0x000000005f2c0000)]
  0x000000005b243800 JavaThread "SparkUI-39" daemon [_thread_blocked, id=12040, stack(0x000000005ef90000,0x000000005f090000)]
  0x000000005b242800 JavaThread "SparkUI-38" daemon [_thread_blocked, id=10660, stack(0x000000005eaf0000,0x000000005ebf0000)]
  0x000000005b242000 JavaThread "SparkUI-37" daemon [_thread_blocked, id=12620, stack(0x000000005f0a0000,0x000000005f1a0000)]
  0x000000005b241000 JavaThread "SparkUI-36-acceptor-0@3cab12d7-ServerConnector@326ceb32{HTTP/1.1,[http/1.1]}{0.0.0.0:4040}" daemon [_thread_in_native, id=11668, stack(0x000000005dc50000,0x000000005dd50000)]
  0x000000005b240800 JavaThread "SparkUI-35" daemon [_thread_in_native, id=11580, stack(0x000000005ee80000,0x000000005ef80000)]
  0x000000005b23f800 JavaThread "SparkUI-34" daemon [_thread_in_native, id=10400, stack(0x000000005ec00000,0x000000005ed00000)]
  0x000000005b23f000 JavaThread "map-output-dispatcher-7" daemon [_thread_blocked, id=10912, stack(0x000000005e7f0000,0x000000005e8f0000)]
  0x000000005b23e000 JavaThread "map-output-dispatcher-6" daemon [_thread_blocked, id=12832, stack(0x000000005e620000,0x000000005e720000)]
  0x000000005b23d800 JavaThread "map-output-dispatcher-5" daemon [_thread_blocked, id=9412, stack(0x000000005e490000,0x000000005e590000)]
  0x000000005b23c800 JavaThread "map-output-dispatcher-4" daemon [_thread_blocked, id=11748, stack(0x000000005e2d0000,0x000000005e3d0000)]
  0x000000005b23c000 JavaThread "map-output-dispatcher-3" daemon [_thread_blocked, id=7328, stack(0x000000005e1c0000,0x000000005e2c0000)]
  0x0000000058d2c800 JavaThread "map-output-dispatcher-2" daemon [_thread_blocked, id=11836, stack(0x000000005def0000,0x000000005dff0000)]
  0x0000000058d2c000 JavaThread "map-output-dispatcher-1" daemon [_thread_blocked, id=10300, stack(0x000000005d9a0000,0x000000005daa0000)]
  0x0000000058d2b000 JavaThread "map-output-dispatcher-0" daemon [_thread_blocked, id=11732, stack(0x000000005dd60000,0x000000005de60000)]
  0x0000000058e49000 JavaThread "rpc-server-3-1" daemon [_thread_in_native, id=10340, stack(0x000000005db50000,0x000000005dc50000)]
  0x000000005bb3a800 JavaThread "dispatcher-event-loop-3" daemon [_thread_blocked, id=12612, stack(0x000000005d680000,0x000000005d780000)]
  0x000000005bb39800 JavaThread "dispatcher-event-loop-2" daemon [_thread_blocked, id=3040, stack(0x000000005d3b0000,0x000000005d4b0000)]
  0x000000005ad1d000 JavaThread "dispatcher-event-loop-1" daemon [_thread_blocked, id=12940, stack(0x000000005c2d0000,0x000000005c3d0000)]
  0x000000005ad1c800 JavaThread "dispatcher-event-loop-0" daemon [_thread_blocked, id=9060, stack(0x000000005d4d0000,0x000000005d5d0000)]
  0x000000005ac37800 JavaThread "Abandoned connection cleanup thread" daemon [_thread_blocked, id=10788, stack(0x000000005c640000,0x000000005c740000)]
  0x0000000058cb8800 JavaThread "Service Thread" daemon [_thread_blocked, id=12384, stack(0x0000000059a10000,0x0000000059b10000)]
  0x0000000058c4f800 JavaThread "C1 CompilerThread2" daemon [_thread_blocked, id=7744, stack(0x0000000059760000,0x0000000059860000)]
  0x0000000058c4e000 JavaThread "C2 CompilerThread1" daemon [_thread_blocked, id=10480, stack(0x0000000059230000,0x0000000059330000)]
  0x0000000058c49000 JavaThread "C2 CompilerThread0" daemon [_thread_blocked, id=2900, stack(0x0000000059590000,0x0000000059690000)]
  0x0000000058c48000 JavaThread "Attach Listener" daemon [_thread_blocked, id=2732, stack(0x00000000593f0000,0x00000000594f0000)]
  0x0000000058c45800 JavaThread "Signal Dispatcher" daemon [_thread_blocked, id=10344, stack(0x0000000059110000,0x0000000059210000)]
  0x00000000577a7000 JavaThread "Finalizer" daemon [_thread_blocked, id=11620, stack(0x0000000058b40000,0x0000000058c40000)]
  0x0000000057760000 JavaThread "Reference Handler" daemon [_thread_blocked, id=13208, stack(0x00000000589f0000,0x0000000058af0000)]
=>0x0000000002380800 JavaThread "main" [_thread_in_native, id=1296, stack(0x0000000002670000,0x0000000002770000)]

Other Threads:
  0x0000000057758800 VMThread [stack: 0x0000000058820000,0x0000000058920000] [id=1180]
  0x0000000058d32000 WatcherThread [stack: 0x00000000598b0000,0x00000000599b0000] [id=2184]

VM state:not at safepoint (normal execution)

VM Mutex/Monitor currently owned by a thread: None

Heap:
 PSYoungGen      total 658944K, used 636323K [0x00000000d5d80000, 0x0000000100000000, 0x0000000100000000)
  eden space 631296K, 97% used [0x00000000d5d80000,0x00000000fb4c26d0,0x00000000fc600000)
  from space 27648K, 82% used [0x00000000fe500000,0x00000000ffb265e0,0x0000000100000000)
  to   space 29696K, 0% used [0x00000000fc600000,0x00000000fc600000,0x00000000fe300000)
 ParOldGen       total 108032K, used 33867K [0x0000000081800000, 0x0000000088180000, 0x00000000d5d80000)
  object space 108032K, 31% used [0x0000000081800000,0x0000000083912e90,0x0000000088180000)
 Metaspace       used 82140K, capacity 84042K, committed 84264K, reserved 1122304K
  class space    used 11322K, capacity 11737K, committed 11824K, reserved 1048576K

Card table byte_map: [0x0000000011e00000,0x0000000012200000] byte_map_base: 0x00000000119f4000

Marking Bits: (ParMarkBitMap*) 0x00000000705eb6d0
 Begin Bits: [0x0000000012a80000, 0x0000000014a20000)
 End Bits:   [0x0000000014a20000, 0x00000000169c0000)

Polling page: 0x0000000001f30000

CodeCache: size=245760Kb used=46948Kb max_used=47596Kb free=198811Kb
 bounds [0x0000000002a40000, 0x0000000005900000, 0x0000000011a40000]
 total_blobs=14237 nmethods=13496 adapters=650
 compilation: enabled

Compilation events (10 events):
Event: 275.888 Thread 0x0000000058c49000 16659       4       org.apache.spark.ContextCleaner$$anonfun$org$apache$spark$ContextCleaner$$keepCleaning$1$$anonfun$1::<init> (5 bytes)
Event: 275.888 Thread 0x0000000058c49000 nmethod 16659 0x0000000005815dd0 code [0x0000000005815f00, 0x0000000005815f58]
Event: 275.889 Thread 0x0000000058c4e000 16660       4       org.apache.spark.ContextCleaner$$anonfun$org$apache$spark$ContextCleaner$$keepCleaning$1$$anonfun$apply$mcV$sp$1::<init> (16 bytes)
Event: 275.890 Thread 0x0000000058c4e000 nmethod 16660 0x0000000005886610 code [0x0000000005886740, 0x00000000058867b8]
Event: 293.278 Thread 0x0000000058c4f800 16661       3       java.util.concurrent.locks.AbstractQueuedSynchronizer$ConditionObject::addConditionWaiter (64 bytes)
Event: 293.278 Thread 0x0000000058c4f800 nmethod 16661 0x0000000003e66050 code [0x0000000003e661e0, 0x0000000003e66608]
Event: 333.264 Thread 0x0000000058c4f800 16662       3       org.apache.spark.scheduler.SparkListener::onExecutorMetricsUpdate (1 bytes)
Event: 333.264 Thread 0x0000000058c4f800 nmethod 16662 0x0000000003b57f10 code [0x0000000003b58060, 0x0000000003b581b0]
Event: 463.271 Thread 0x0000000058c4f800 16663       3       java.util.concurrent.locks.AbstractQueuedSynchronizer$ConditionObject::await (98 bytes)
Event: 463.272 Thread 0x0000000058c4f800 nmethod 16663 0x0000000003e830d0 code [0x0000000003e83380, 0x0000000003e84568]

GC Heap History (10 events):
Event: 62.107 GC heap before
{Heap before GC invocations=27 (full 3):
 PSYoungGen      total 669184K, used 666442K [0x00000000d5d80000, 0x0000000100000000, 0x0000000100000000)
  eden space 652800K, 99% used [0x00000000d5d80000,0x00000000fd8cd6c0,0x00000000fdb00000)
  from space 16384K, 97% used [0x00000000fdb00000,0x00000000fea85210,0x00000000feb00000)
  to   space 20480K, 0% used [0x00000000fec00000,0x00000000fec00000,0x0000000100000000)
 ParOldGen       total 108032K, used 33859K [0x0000000081800000, 0x0000000088180000, 0x00000000d5d80000)
  object space 108032K, 31% used [0x0000000081800000,0x0000000083910e90,0x0000000088180000)
 Metaspace       used 81131K, capacity 82702K, committed 82856K, reserved 1120256K
  class space    used 11238K, capacity 11589K, committed 11696K, reserved 1048576K
Event: 62.122 GC heap after
Heap after GC invocations=27 (full 3):
 PSYoungGen      total 667136K, used 17513K [0x00000000d5d80000, 0x0000000100000000, 0x0000000100000000)
  eden space 646656K, 0% used [0x00000000d5d80000,0x00000000d5d80000,0x00000000fd500000)
  from space 20480K, 85% used [0x00000000fec00000,0x00000000ffd1a630,0x0000000100000000)
  to   space 22016K, 0% used [0x00000000fd500000,0x00000000fd500000,0x00000000fea80000)
 ParOldGen       total 108032K, used 33867K [0x0000000081800000, 0x0000000088180000, 0x00000000d5d80000)
  object space 108032K, 31% used [0x0000000081800000,0x0000000083912e90,0x0000000088180000)
 Metaspace       used 81131K, capacity 82702K, committed 82856K, reserved 1120256K
  class space    used 11238K, capacity 11589K, committed 11696K, reserved 1048576K
}
Event: 63.626 GC heap before
{Heap before GC invocations=28 (full 3):
 PSYoungGen      total 667136K, used 663055K [0x00000000d5d80000, 0x0000000100000000, 0x0000000100000000)
  eden space 646656K, 99% used [0x00000000d5d80000,0x00000000fd3e9608,0x00000000fd500000)
  from space 20480K, 85% used [0x00000000fec00000,0x00000000ffd1a630,0x0000000100000000)
  to   space 22016K, 0% used [0x00000000fd500000,0x00000000fd500000,0x00000000fea80000)
 ParOldGen       total 108032K, used 33867K [0x0000000081800000, 0x0000000088180000, 0x00000000d5d80000)
  object space 108032K, 31% used [0x0000000081800000,0x0000000083912e90,0x0000000088180000)
 Metaspace       used 81327K, capacity 83010K, committed 83112K, reserved 1120256K
  class space    used 11255K, capacity 11619K, committed 11696K, reserved 1048576K
Event: 63.649 GC heap after
Heap after GC invocations=28 (full 3):
 PSYoungGen      total 665600K, used 18524K [0x00000000d5d80000, 0x0000000100000000, 0x0000000100000000)
  eden space 646656K, 0% used [0x00000000d5d80000,0x00000000d5d80000,0x00000000fd500000)
  from space 18944K, 97% used [0x00000000fd500000,0x00000000fe7170e8,0x00000000fe780000)
  to   space 23552K, 0% used [0x00000000fe900000,0x00000000fe900000,0x0000000100000000)
 ParOldGen       total 108032K, used 33867K [0x0000000081800000, 0x0000000088180000, 0x00000000d5d80000)
  object space 108032K, 31% used [0x0000000081800000,0x0000000083912e90,0x0000000088180000)
 Metaspace       used 81327K, capacity 83010K, committed 83112K, reserved 1120256K
  class space    used 11255K, capacity 11619K, committed 11696K, reserved 1048576K
}
Event: 65.100 GC heap before
{Heap before GC invocations=29 (full 3):
 PSYoungGen      total 665600K, used 661636K [0x00000000d5d80000, 0x0000000100000000, 0x0000000100000000)
  eden space 646656K, 99% used [0x00000000d5d80000,0x00000000fd18a208,0x00000000fd500000)
  from space 18944K, 97% used [0x00000000fd500000,0x00000000fe7170e8,0x00000000fe780000)
  to   space 23552K, 0% used [0x00000000fe900000,0x00000000fe900000,0x0000000100000000)
 ParOldGen       total 108032K, used 33867K [0x0000000081800000, 0x0000000088180000, 0x00000000d5d80000)
  object space 108032K, 31% used [0x0000000081800000,0x0000000083912e90,0x0000000088180000)
 Metaspace       used 81501K, capacity 83200K, committed 83368K, reserved 1120256K
  class space    used 11273K, capacity 11650K, committed 11696K, reserved 1048576K
Event: 65.119 GC heap after
Heap after GC invocations=29 (full 3):
 PSYoungGen      total 663040K, used 19859K [0x00000000d5d80000, 0x0000000100000000, 0x0000000100000000)
  eden space 639488K, 0% used [0x00000000d5d80000,0x00000000d5d80000,0x00000000fce00000)
  from space 23552K, 84% used [0x00000000fe900000,0x00000000ffc64e40,0x0000000100000000)
  to   space 25600K, 0% used [0x00000000fce00000,0x00000000fce00000,0x00000000fe700000)
 ParOldGen       total 108032K, used 33867K [0x0000000081800000, 0x0000000088180000, 0x00000000d5d80000)
  object space 108032K, 31% used [0x0000000081800000,0x0000000083912e90,0x0000000088180000)
 Metaspace       used 81501K, capacity 83200K, committed 83368K, reserved 1120256K
  class space    used 11273K, capacity 11650K, committed 11696K, reserved 1048576K
}
Event: 66.387 GC heap before
{Heap before GC invocations=30 (full 3):
 PSYoungGen      total 663040K, used 658744K [0x00000000d5d80000, 0x0000000100000000, 0x0000000100000000)
  eden space 639488K, 99% used [0x00000000d5d80000,0x00000000fcd692f0,0x00000000fce00000)
  from space 23552K, 84% used [0x00000000fe900000,0x00000000ffc64e40,0x0000000100000000)
  to   space 25600K, 0% used [0x00000000fce00000,0x00000000fce00000,0x00000000fe700000)
 ParOldGen       total 108032K, used 33867K [0x0000000081800000, 0x0000000088180000, 0x00000000d5d80000)
  object space 108032K, 31% used [0x0000000081800000,0x0000000083912e90,0x0000000088180000)
 Metaspace       used 81747K, capacity 83508K, committed 83624K, reserved 1122304K
  class space    used 11290K, capacity 11680K, committed 11696K, reserved 1048576K
Event: 66.435 GC heap after
Heap after GC invocations=30 (full 3):
 PSYoungGen      total 660992K, used 21222K [0x00000000d5d80000, 0x0000000100000000, 0x0000000100000000)
  eden space 639488K, 0% used [0x00000000d5d80000,0x00000000d5d80000,0x00000000fce00000)
  from space 21504K, 98% used [0x00000000fce00000,0x00000000fe2b9b88,0x00000000fe300000)
  to   space 27648K, 0% used [0x00000000fe500000,0x00000000fe500000,0x0000000100000000)
 ParOldGen       total 108032K, used 33867K [0x0000000081800000, 0x0000000088180000, 0x00000000d5d80000)
  object space 108032K, 31% used [0x0000000081800000,0x0000000083912e90,0x0000000088180000)
 Metaspace       used 81747K, capacity 83508K, committed 83624K, reserved 1122304K
  class space    used 11290K, capacity 11680K, committed 11696K, reserved 1048576K
}
Event: 67.889 GC heap before
{Heap before GC invocations=31 (full 3):
 PSYoungGen      total 660992K, used 659368K [0x00000000d5d80000, 0x0000000100000000, 0x0000000100000000)
  eden space 639488K, 99% used [0x00000000d5d80000,0x00000000fccb04c8,0x00000000fce00000)
  from space 21504K, 98% used [0x00000000fce00000,0x00000000fe2b9b88,0x00000000fe300000)
  to   space 27648K, 0% used [0x00000000fe500000,0x00000000fe500000,0x0000000100000000)
 ParOldGen       total 108032K, used 33867K [0x0000000081800000, 0x0000000088180000, 0x00000000d5d80000)
  object space 108032K, 31% used [0x0000000081800000,0x0000000083912e90,0x0000000088180000)
 Metaspace       used 81945K, capacity 83816K, committed 84008K, reserved 1122304K
  class space    used 11307K, capacity 11710K, committed 11824K, reserved 1048576K
Event: 67.909 GC heap after
Heap after GC invocations=31 (full 3):
 PSYoungGen      total 658944K, used 22681K [0x00000000d5d80000, 0x0000000100000000, 0x0000000100000000)
  eden space 631296K, 0% used [0x00000000d5d80000,0x00000000d5d80000,0x00000000fc600000)
  from space 27648K, 82% used [0x00000000fe500000,0x00000000ffb265e0,0x0000000100000000)
  to   space 29696K, 0% used [0x00000000fc600000,0x00000000fc600000,0x00000000fe300000)
 ParOldGen       total 108032K, used 33867K [0x0000000081800000, 0x0000000088180000, 0x00000000d5d80000)
  object space 108032K, 31% used [0x0000000081800000,0x0000000083912e90,0x0000000088180000)
 Metaspace       used 81945K, capacity 83816K, committed 84008K, reserved 1122304K
  class space    used 11307K, capacity 11710K, committed 11824K, reserved 1048576K
}

Deoptimization events (10 events):
Event: 129.010 Thread 0x000000005af76000 Uncommon trap: reason=unstable_if action=reinterpret pc=0x000000000583e398 method=java.util.concurrent.SynchronousQueue$TransferStack.awaitFulfill(Ljava/util/concurrent/SynchronousQueue$TransferStack$SNode;ZJ)Ljava/util/concurrent/SynchronousQueue$Transfe
Event: 129.010 Thread 0x000000005af76000 Uncommon trap: reason=unstable_if action=reinterpret pc=0x00000000050b0108 method=java.util.concurrent.SynchronousQueue.poll(JLjava/util/concurrent/TimeUnit;)Ljava/lang/Object; @ 18
Event: 129.025 Thread 0x000000005af7c000 Uncommon trap: reason=unstable_if action=reinterpret pc=0x000000000583e398 method=java.util.concurrent.SynchronousQueue$TransferStack.awaitFulfill(Ljava/util/concurrent/SynchronousQueue$TransferStack$SNode;ZJ)Ljava/util/concurrent/SynchronousQueue$Transfe
Event: 129.025 Thread 0x00000000620f4800 Uncommon trap: reason=unstable_if action=reinterpret pc=0x000000000583e398 method=java.util.concurrent.SynchronousQueue$TransferStack.awaitFulfill(Ljava/util/concurrent/SynchronousQueue$TransferStack$SNode;ZJ)Ljava/util/concurrent/SynchronousQueue$Transfe
Event: 129.025 Thread 0x000000005af7c000 Uncommon trap: reason=unstable_if action=reinterpret pc=0x00000000050b0108 method=java.util.concurrent.SynchronousQueue.poll(JLjava/util/concurrent/TimeUnit;)Ljava/lang/Object; @ 18
Event: 129.025 Thread 0x00000000620f4800 Uncommon trap: reason=unstable_if action=reinterpret pc=0x00000000050b0108 method=java.util.concurrent.SynchronousQueue.poll(JLjava/util/concurrent/TimeUnit;)Ljava/lang/Object; @ 18
Event: 129.025 Thread 0x00000000602ff000 Uncommon trap: reason=unstable_if action=reinterpret pc=0x000000000583e398 method=java.util.concurrent.SynchronousQueue$TransferStack.awaitFulfill(Ljava/util/concurrent/SynchronousQueue$TransferStack$SNode;ZJ)Ljava/util/concurrent/SynchronousQueue$Transfe
Event: 129.025 Thread 0x00000000602ff000 Uncommon trap: reason=unstable_if action=reinterpret pc=0x00000000050b0108 method=java.util.concurrent.SynchronousQueue.poll(JLjava/util/concurrent/TimeUnit;)Ljava/lang/Object; @ 18
Event: 129.026 Thread 0x00000000620ef800 Uncommon trap: reason=unstable_if action=reinterpret pc=0x000000000583e398 method=java.util.concurrent.SynchronousQueue$TransferStack.awaitFulfill(Ljava/util/concurrent/SynchronousQueue$TransferStack$SNode;ZJ)Ljava/util/concurrent/SynchronousQueue$Transfe
Event: 129.026 Thread 0x00000000620ef800 Uncommon trap: reason=unstable_if action=reinterpret pc=0x00000000050b0108 method=java.util.concurrent.SynchronousQueue.poll(JLjava/util/concurrent/TimeUnit;)Ljava/lang/Object; @ 18

Internal exceptions (10 events):
Event: 128.014 Thread 0x00000000620f0000 Implicit null exception at 0x00000000050aff87 to 0x00000000050b00f5
Event: 128.015 Thread 0x00000000620f1800 Implicit null exception at 0x00000000050aff87 to 0x00000000050b00f5
Event: 128.898 Thread 0x000000005af7d000 Implicit null exception at 0x00000000050aff87 to 0x00000000050b00f5
Event: 128.899 Thread 0x00000000602fc000 Implicit null exception at 0x00000000050aff87 to 0x00000000050b00f5
Event: 129.009 Thread 0x000000005bdf0000 Implicit null exception at 0x00000000050aff87 to 0x00000000050b00f5
Event: 129.010 Thread 0x000000005af76000 Implicit null exception at 0x00000000050aff87 to 0x00000000050b00f5
Event: 129.025 Thread 0x000000005af7c000 Implicit null exception at 0x00000000050aff87 to 0x00000000050b00f5
Event: 129.025 Thread 0x00000000620f4800 Implicit null exception at 0x00000000050aff87 to 0x00000000050b00f5
Event: 129.025 Thread 0x00000000602ff000 Implicit null exception at 0x00000000050aff87 to 0x00000000050b00f5
Event: 129.026 Thread 0x00000000620ef800 Implicit null exception at 0x00000000050aff87 to 0x00000000050b00f5

Events (10 events):
Event: 275.889 Thread 0x0000000058c49000 flushing nmethod 0x000000000494d1d0
Event: 275.889 Thread 0x0000000058c49000 flushing nmethod 0x0000000004962310
Event: 275.889 Thread 0x0000000058c49000 flushing nmethod 0x00000000049871d0
Event: 275.889 Thread 0x0000000058c49000 flushing nmethod 0x0000000004995d10
Event: 275.889 Thread 0x0000000058c49000 flushing nmethod 0x00000000049c35d0
Event: 275.889 Thread 0x0000000058c49000 flushing nmethod 0x00000000049c51d0
Event: 275.889 Thread 0x0000000058c49000 flushing nmethod 0x00000000049cac10
Event: 275.890 Thread 0x0000000058c4e000 flushing nmethod 0x0000000004a5e790
Event: 275.890 Thread 0x0000000058c4e000 flushing nmethod 0x0000000004a69d10
Event: 293.278 Thread 0x0000000058c4f800 flushing nmethod 0x0000000004fd1c50


Dynamic libraries:
0x000000013f260000 - 0x000000013f297000 	C:\Program Files\Java\jdk1.8.0_121\bin\javaw.exe
0x0000000077230000 - 0x00000000773da000 	C:\windows\SYSTEM32\ntdll.dll
0x0000000077110000 - 0x000000007722f000 	C:\windows\system32\kernel32.dll
0x000007fefd1e0000 - 0x000007fefd24a000 	C:\windows\system32\KERNELBASE.dll
0x000007fefec50000 - 0x000007fefed2b000 	C:\windows\system32\ADVAPI32.dll
0x000007fefe220000 - 0x000007fefe2bf000 	C:\windows\system32\msvcrt.dll
0x000007fefe8a0000 - 0x000007fefe8bf000 	C:\windows\SYSTEM32\sechost.dll
0x000007feff220000 - 0x000007feff34d000 	C:\windows\system32\RPCRT4.dll
0x0000000077010000 - 0x000000007710a000 	C:\windows\system32\USER32.dll
0x000007fefd2e0000 - 0x000007fefd347000 	C:\windows\system32\GDI32.dll
0x000007fefd480000 - 0x000007fefd48e000 	C:\windows\system32\LPK.dll
0x000007fefd350000 - 0x000007fefd41b000 	C:\windows\system32\USP10.dll
0x000007fefc770000 - 0x000007fefc964000 	C:\windows\WinSxS\amd64_microsoft.windows.common-controls_6595b64144ccf1df_6.0.7601.18837_none_fa3b1e3d17594757\COMCTL32.dll
0x000007fefe820000 - 0x000007fefe891000 	C:\windows\system32\SHLWAPI.dll
0x000007feff1f0000 - 0x000007feff21e000 	C:\windows\system32\IMM32.DLL
0x000007feff430000 - 0x000007feff539000 	C:\windows\system32\MSCTF.dll
0x0000000068000000 - 0x000000006805e000 	C:\windows\System32\QIPCAP64.dll
0x000007fefd490000 - 0x000007fefe21a000 	C:\windows\system32\SHELL32.dll
0x000007fefc220000 - 0x000007fefc27b000 	C:\windows\system32\DNSAPI.dll
0x000007fefe8c0000 - 0x000007fefe90d000 	C:\windows\system32\WS2_32.dll
0x000007feff000000 - 0x000007feff008000 	C:\windows\system32\NSI.dll
0x00000000794f0000 - 0x00000000795c2000 	C:\Program Files\Java\jdk1.8.0_121\jre\bin\msvcr100.dll
0x000000006fdd0000 - 0x000000007066b000 	C:\Program Files\Java\jdk1.8.0_121\jre\bin\server\jvm.dll
0x000007fefac50000 - 0x000007fefac59000 	C:\windows\system32\WSOCK32.dll
0x000007fefa4f0000 - 0x000007fefa52b000 	C:\windows\system32\WINMM.dll
0x000007fefc470000 - 0x000007fefc47c000 	C:\windows\system32\VERSION.dll
0x0000000077400000 - 0x0000000077407000 	C:\windows\system32\PSAPI.DLL
0x0000000063f00000 - 0x0000000063f0f000 	C:\Program Files\Java\jdk1.8.0_121\jre\bin\verify.dll
0x0000000063e00000 - 0x0000000063e29000 	C:\Program Files\Java\jdk1.8.0_121\jre\bin\java.dll
0x000000005f4b0000 - 0x000000005f4c6000 	C:\Program Files\Java\jdk1.8.0_121\jre\bin\zip.dll
0x000007fefea30000 - 0x000007fefec2c000 	C:\windows\system32\ole32.dll
0x000007fefcf30000 - 0x000007fefcf3f000 	C:\windows\system32\profapi.dll
0x0000000063b50000 - 0x0000000063b5d000 	C:\Program Files\Java\jdk1.8.0_121\jre\bin\management.dll
0x000000005f490000 - 0x000000005f4aa000 	C:\Program Files\Java\jdk1.8.0_121\jre\bin\net.dll
0x000007fefc4c0000 - 0x000007fefc515000 	C:\windows\system32\mswsock.dll
0x000007fefc590000 - 0x000007fefc597000 	C:\windows\System32\wship6.dll
0x000007fefb050000 - 0x000007fefb065000 	C:\windows\system32\NLAapi.dll
0x000007feee830000 - 0x000007feee845000 	C:\windows\system32\napinsp.dll
0x000007feee810000 - 0x000007feee829000 	C:\windows\system32\pnrpnsp.dll
0x000007feee800000 - 0x000007feee80b000 	C:\windows\System32\winrnr.dll
0x000007feee7f0000 - 0x000007feee800000 	C:\windows\system32\wshbth.dll
0x000007fefb900000 - 0x000007fefb907000 	C:\windows\System32\wshtcpip.dll
0x000007fefac20000 - 0x000007fefac47000 	C:\windows\system32\IPHLPAPI.DLL
0x000007fefac10000 - 0x000007fefac1b000 	C:\windows\system32\WINNSI.DLL
0x000007fef7590000 - 0x000007fef7598000 	C:\windows\system32\rasadhlp.dll
0x000007fefbd70000 - 0x000007fefbdc3000 	C:\windows\System32\fwpuclnt.dll
0x000007fecbcb0000 - 0x000007fecca30000 	C:\Code\DataAnalysisBB\dataanalysis\SFResourceAllocator\lib\jniortools.dll
0x000007fee7000000 - 0x000007fee709c000 	C:\windows\system32\MSVCP140.dll
0x000007fee7950000 - 0x000007fee7966000 	C:\windows\system32\VCRUNTIME140.dll
0x000007fef9df0000 - 0x000007fef9df4000 	C:\windows\system32\api-ms-win-crt-runtime-l1-1-0.dll
0x000007fee7840000 - 0x000007fee7934000 	C:\windows\system32\ucrtbase.DLL
0x000007fee7830000 - 0x000007fee7833000 	C:\windows\system32\api-ms-win-core-timezone-l1-1-0.dll
0x000007fee7820000 - 0x000007fee7823000 	C:\windows\system32\api-ms-win-core-file-l2-1-0.dll
0x000007fee7810000 - 0x000007fee7813000 	C:\windows\system32\api-ms-win-core-localization-l1-2-0.dll
0x000007fee7130000 - 0x000007fee7133000 	C:\windows\system32\api-ms-win-core-synch-l1-2-0.dll
0x000007fee7800000 - 0x000007fee7803000 	C:\windows\system32\api-ms-win-core-processthreads-l1-1-1.dll
0x000007fee77f0000 - 0x000007fee77f3000 	C:\windows\system32\api-ms-win-core-file-l1-2-0.dll
0x000007fef8590000 - 0x000007fef8594000 	C:\windows\system32\api-ms-win-crt-string-l1-1-0.dll
0x000007fef8630000 - 0x000007fef8633000 	C:\windows\system32\api-ms-win-crt-heap-l1-1-0.dll
0x000007feed1c0000 - 0x000007feed1c4000 	C:\windows\system32\api-ms-win-crt-stdio-l1-1-0.dll
0x000007fee9eb0000 - 0x000007fee9eb4000 	C:\windows\system32\api-ms-win-crt-convert-l1-1-0.dll
0x000007fee7940000 - 0x000007fee7943000 	C:\windows\system32\api-ms-win-crt-locale-l1-1-0.dll
0x000007fee6ff0000 - 0x000007fee6ff5000 	C:\windows\system32\api-ms-win-crt-math-l1-1-0.dll
0x000007fee6fe0000 - 0x000007fee6fe5000 	C:\windows\system32\api-ms-win-crt-multibyte-l1-1-0.dll
0x000007fee6fd0000 - 0x000007fee6fd3000 	C:\windows\system32\api-ms-win-crt-time-l1-1-0.dll
0x000007fee6f60000 - 0x000007fee6f63000 	C:\windows\system32\api-ms-win-crt-filesystem-l1-1-0.dll
0x000007fee6fc0000 - 0x000007fee6fc3000 	C:\windows\system32\api-ms-win-crt-environment-l1-1-0.dll
0x000007fee6f40000 - 0x000007fee6f43000 	C:\windows\system32\api-ms-win-crt-utility-l1-1-0.dll
0x000007fefc390000 - 0x000007fefc3a8000 	C:\windows\system32\CRYPTSP.dll
0x000007fefc140000 - 0x000007fefc187000 	C:\windows\system32\rsaenh.dll
0x000007fefcf40000 - 0x000007fefcf5e000 	C:\windows\system32\USERENV.dll
0x000007fefcdc0000 - 0x000007fefcdcf000 	C:\windows\system32\CRYPTBASE.dll
0x000007fef8550000 - 0x000007fef8568000 	C:\windows\system32\dhcpcsvc.DLL
0x000007fef8530000 - 0x000007fef8541000 	C:\windows\system32\dhcpcsvc6.DLL
0x000000005f470000 - 0x000000005f481000 	C:\Program Files\Java\jdk1.8.0_121\jre\bin\nio.dll
0x000000005fa90000 - 0x000000005fa99000 	C:\Program Files\Java\jdk1.8.0_121\jre\bin\w2k_lsa_auth.dll
0x000007fefccf0000 - 0x000007fefccfb000 	C:\windows\system32\Secur32.dll
0x000007fefcd30000 - 0x000007fefcd55000 	C:\windows\system32\SSPICLI.DLL
0x000000005f740000 - 0x000000005f749000 	C:\Program Files\Java\jdk1.8.0_121\jre\bin\jaas_nt.dll
0x00000000024e0000 - 0x000000000250d000 	C:\Users\conluc0\AppData\Local\Temp\liblz4-java5510249190662783117.so
0x000007fefba00000 - 0x000007fefbb25000 	C:\windows\system32\dbghelp.dll

VM Arguments:
jvm_args: -Djava.library.path=C:\Code\DataAnalysisBB\dataanalysis\SFResourceAllocator\lib -Dfile.encoding=Cp1252 
java_command: com.saiglobal.sf.allocator.main.ResourceAllocator -ai com.saiglobal.sf.allocator.implementation.StoreSchedulingPizzaHut -includePipeline false -logLevel DEBUG
java_class_path (initial): C:\Code\DataAnalysisBB\dataanalysis\SFResourceAllocator\target\classes;C:\Code\DataAnalysis\SFResourceAllocator\lib\org.apache.log4j_1.2.13.v200903072027.jar;C:\Code\DataAnalysisBB\dataanalysis\SFCore\bin;C:\Code\DataAnalysis\SFCore\lib\commons-cli-1.2.jar;C:\Code\DataAnalysis\SFCore\lib\commons-logging-1.1.3.jar;C:\Code\DataAnalysis\SFCore\lib\geocoder-java-0.15.jar;C:\Code\DataAnalysis\SFCore\lib\gson-2.2.4.jar;C:\Code\DataAnalysis\SFCore\lib\org.apache.log4j_1.2.13.v200903072027.jar;C:\Code\DataAnalysis\SFCore\lib\jsch-0.1.50.jar;C:\Code\DataAnalysis\SFCore\lib\sqljdbc4.jar;C:\Code\DataAnalysis\SFCore\lib\javax.mail.jar;C:\Code\DataAnalysis\SFCore\lib\mysql-connector-java-5.1.35-bin.jar;C:\Code\DataAnalysis\SFCore\lib\commons-lang-2.5.jar;C:\Code\DataAnalysis\SFCore\lib\force-wsc-32.0.0.jar;C:\Code\DataAnalysis\SFCore\lib\wsc.partner.32.jar;C:\Code\DataAnalysisBB\dataanalysis\SFResourceAllocator\lib\com.google.ortools.jar;C:\Code\DataAnalysisBB\dataanalysis\SFResourceAllocator\lib\protobuf.jar;C:\Code\DataAnalysisBB\dataanalysis\SFResourceAllocator\lib\commons-lang-2.5.jar;C:\Code\DataAnalysisBB\dataanalysis\SFReportEngine\lib\poi-3.11.jar;C:\Code\DataAnalysisBB\dataanalysis\SFReportEngine\lib\poi-ooxml-3.11.jar;C:\Code\DataAnalysisBB\dataanalysis\SFReportEngine\lib\poi-ooxml-schemas-3.11.jar;C:\Code\DataAnalysisBB\dataanalysis\SFReportEngine\lib\poi-scratchpad-3.11.jar;C:\Code\DataAnalysisBB\dataanalysis\SFReportEngine\lib\xmlbeans-2.6.0.jar;C:\Users\conluc0\.m2\repository\com\sparkjava\spark-core\2.6.0.RC0\spark-core-2.6.0.RC0.jar;C:\Users\conluc0\.m2\repository\org\slf4j\slf4j-api\1.7.13\slf4j-api-1.7.13.jar;C:\Users\conluc0\.m2\repository\org\eclipse\jetty\jetty-server\9.4.4.v20170414\jetty-server-9.4.4.v20170414.jar;C:\Users\conluc0\.m2\repository\javax\servlet\javax.servlet-api\3.1.0\javax.servlet-api-3.1.0.jar;C:\Users\conluc0\.m2\repository\org\eclipse\jetty\jetty-http\9.4.4.v20170414\jetty-http-9.4.4.v20170414.jar;C:\Users\co
Launcher Type: SUN_STANDARD

Environment Variables:
JAVA_HOME=C:\Program Files\Java\jre1.8.0_121
PATH=C:/Program Files/Java/jre1.8.0_121/bin/server;C:/Program Files/Java/jre1.8.0_121/bin;C:/Program Files/Java/jre1.8.0_121/lib/amd64;C:\gurobi702\win64\bin;C:\Program Files\Microsoft MPI\Bin\;C:\ProgramData\Oracle\Java\javapath;C:\windows\system32;C:\windows;C:\windows\System32\Wbem;C:\windows\System32\WindowsPowerShell\v1.0\;C:\Program Files (x86)\Common Files\Roxio Shared\DLLShared\;C:\Program Files (x86)\Common Files\Roxio Shared\10.0\DLLShared\;C:\Program Files (x86)\ATI Technologies\ATI.ACE\Core-Static;C:\Program Files (x86)\MySQL\MySQL Utilities 1.4\;C:\Program Files (x86)\MySQL\MySQL Utilities 1.4\Doctrine extensions for PHP\;C:\TDM-GCC-64\bin;C:\Program Files\Microsoft SQL Server\130\Tools\Binn\;C:\Program Files\Anaconda3;C:\Program Files\Anaconda3\Scripts;C:\Program Files\Anaconda3\Library\bin;C:\Program Files\Git\cmd;C:\Program Files (x86)\Microsoft Visual Studio\2017\Community\Common7\Tools\;C:\Users\conluc0\Downloads\or-tools-master\tools\;C:\Program Files\TortoiseSVN\bin;C:\Program Files\CMake\bin;C:\Program Files\Java\jdk1.8.0_121\bin;C:\Program Files\Microsoft SQL Server\110\Tools\Binn\;C:\Program Files (x86)\Microsoft SDKs\TypeScript\1.0\;C:\Program Files\Microsoft SQL Server\120\Tools\Binn\;C:\Windows\System32;C:\Program Files\nodejs\;C:\maven\apache-maven-3.5.0\bin;C:\Program Files (x86)\Microsoft SQL Server\Client SDK\ODBC\130\Tools\Binn\;C:\Program Files (x86)\Microsoft SQL Server\140\Tools\Binn\;C:\Program Files (x86)\Microsoft SQL Server\140\DTS\Binn\;C:\Program Files (x86)\Microsoft SQL Server\140\Tools\Binn\ManagementStudio\;C:\ProgramData\chocolatey\bin;C:\Users\conluc0\AppData\Local\Continuum\Anaconda;C:\Users\conluc0\AppData\Local\Continuum\Anaconda\Scripts;C:\TDM-GCC-64\bin;C:\Users\conluc0\AppData\Local\GitHubDesktop\bin;C:\Users\conluc0\AppData\Roaming\npm;C:\eclipse;
USERNAME=conluc0
OS=Windows_NT
PROCESSOR_IDENTIFIER=Intel64 Family 6 Model 69 Stepping 1, GenuineIntel



---------------  S Y S T E M  ---------------

OS: Windows 7 , 64 bit Build 7601 (6.1.7601.23915)

CPU:total 4 (2 cores per cpu, 2 threads per core) family 6 model 69 stepping 1, cmov, cx8, fxsr, mmx, sse, sse2, sse3, ssse3, sse4.1, sse4.2, popcnt, avx, avx2, aes, clmul, erms, lzcnt, ht, tsc, tscinvbit, bmi1, bmi2

Memory: 4k page, physical 8283244k(2579688k free), swap 16564628k(10373596k free)

vm_info: Java HotSpot(TM) 64-Bit Server VM (25.121-b13) for windows-amd64 JRE (1.8.0_121-b13), built on Dec 12 2016 18:21:36 by "java_re" with MS VC++ 10.0 (VS2010)

time: Wed Nov 22 12:39:37 2017
elapsed time: 517 seconds (0d 0h 8m 37s)

