#
# A fatal error has been detected by the Java Runtime Environment:
#
#  EXCEPTION_ACCESS_VIOLATION (0xc0000005) at pc=0x000007fecb701b20, pid=11320, tid=12392
#
# JRE version: Java(TM) SE Runtime Environment (8.0_91-b14) (build 1.8.0_91-b14)
# Java VM: Java HotSpot(TM) 64-Bit Server VM (25.91-b14 mixed mode windows-amd64 compressed oops)
# Problematic frame:
# C  [jniortools.dll+0x441b20]
#
# Failed to write core dump. Minidumps are not enabled by default on client versions of Windows
#
# If you would like to submit a bug report, please visit:
#   http://bugreport.java.com/bugreport/crash.jsp
# The crash happened outside the Java Virtual Machine in native code.
# See problematic frame for where to report the bug.
#

---------------  T H R E A D  ---------------

Current thread (0x000000000235e000):  JavaThread "main" [_thread_in_native, id=12392, stack(0x00000000025c0000,0x00000000026c0000)]

siginfo: ExceptionCode=0xc0000005, reading address 0x0000000000000000

Registers:
RAX=0x0000000000000000, RBX=0x000000006d786740, RCX=0xcb3247f2c68a0000, RDX=0x000007feec3b55f0
RSP=0x00000000026bebd0, RBP=0x00000000026becd0, RSI=0x0000000000000000, RDI=0x0000000000000000
R8 =0x00000000026bd328, R9 =0x000000006dca0fb1, R10=0x0000000000000000, R11=0x00000000026beb90
R12=0x0000000000000001, R13=0x000000005cf29a00, R14=0x0000000000000000, R15=0x0000000000000000
RIP=0x000007fecb701b20, EFLAGS=0x0000000000010206

Top of Stack: (sp=0x00000000026bebd0)
0x00000000026bebd0:   3fe0000000000000 00000000026bec38
0x00000000026bebe0:   000000006d786740 00000000026bebe8
0x00000000026bebf0:   0000000000000000 0000000100000000
0x00000000026bec00:   0000000000000000 000000006d786740
0x00000000026bec10:   0000000000000000 fffffffffffffffe
0x00000000026bec20:   00000000026bec38 00000000026bec98
0x00000000026bec30:   0000000002998331 0000000000000000
0x00000000026bec40:   0000000000000000 0000000000000000
0x00000000026bec50:   0000000000000000 00000000026bec48
0x00000000026bec60:   000000005719ccba 00000000026becb8
0x00000000026bec70:   000000005719d5e0 0000cb3245992d5a
0x00000000026bec80:   0000000000000000 0000000000000000
0x00000000026bec90:   0000000000000000 0000000000000000
0x00000000026beca0:   0000000000000002 0000000000000000
0x00000000026becb0:   0000000000000000 0000000000000000
0x00000000026becc0:   0000000000000000 0000000000000000 

Instructions: (pc=0x000007fecb701b20)
0x000007fecb701b00:   0f b6 64 24 2c 66 66 66 0f 1f 84 00 00 00 00 00
0x000007fecb701b10:   48 8b 83 b0 00 00 00 4e 8b 2c f8 48 8b 44 24 68
0x000007fecb701b20:   f2 46 0f 10 04 f8 41 0f 28 fb 49 8b 5d 08 48 8b
0x000007fecb701b30:   1b 49 8b 7d 08 48 3b df 74 61 66 0f 1f 44 00 00 


Register to memory mapping:

RAX=0x0000000000000000 is an unknown value
RBX=0x000000006d786740 is an unknown value
RCX=0xcb3247f2c68a0000 is an unknown value
RDX=0x000007feec3b55f0 is an unknown value
RSP=0x00000000026bebd0 is pointing into the stack for thread: 0x000000000235e000
RBP=0x00000000026becd0 is pointing into the stack for thread: 0x000000000235e000
RSI=0x0000000000000000 is an unknown value
RDI=0x0000000000000000 is an unknown value
R8 =0x00000000026bd328 is pointing into the stack for thread: 0x000000000235e000
R9 =0x000000006dca0fb1 is an unknown value
R10=0x0000000000000000 is an unknown value
R11=0x00000000026beb90 is pointing into the stack for thread: 0x000000000235e000
R12=0x0000000000000001 is an unknown value
R13=0x000000005cf29a00 is an unknown value
R14=0x0000000000000000 is an unknown value
R15=0x0000000000000000 is an unknown value


Stack: [0x00000000025c0000,0x00000000026c0000],  sp=0x00000000026bebd0,  free space=1018k
Native frames: (J=compiled Java code, j=interpreted, Vv=VM code, C=native code)
C  [jniortools.dll+0x441b20]
C  0x00000000029a7f34

Java frames: (J=compiled Java code, j=interpreted, Vv=VM code)
j  com.google.ortools.linearsolver.operations_research_linear_solverJNI.MPSolver_verifySolution(JLcom/google/ortools/linearsolver/MPSolver;DZ)Z+0
j  com.google.ortools.linearsolver.MPSolver.verifySolution(DZ)Z+7
J 1797 C2 com.saiglobal.sf.allocator.processor.MIPProcessor.schedule(Ljava/util/List;Ljava/util/List;)Ljava/util/List; (911 bytes) @ 0x0000000003050ea8 [0x000000000304e7c0+0x26e8]
j  com.saiglobal.sf.allocator.processor.MIPProcessor.execute()V+151
j  com.saiglobal.sf.allocator.main.ResourceAllocator.main([Ljava/lang/String;)V+305
v  ~StubRoutines::call_stub

---------------  P R O C E S S  ---------------

Java Threads: ( => current thread )
  0x0000000059b7a800 JavaThread "Abandoned connection cleanup thread" daemon [_thread_blocked, id=11716, stack(0x0000000058e50000,0x0000000058f50000)]
  0x0000000059153800 JavaThread "Service Thread" daemon [_thread_blocked, id=9220, stack(0x0000000059790000,0x0000000059890000)]
  0x00000000590d0800 JavaThread "C1 CompilerThread2" daemon [_thread_blocked, id=3648, stack(0x00000000595b0000,0x00000000596b0000)]
  0x000000005776e800 JavaThread "C2 CompilerThread1" daemon [_thread_blocked, id=11384, stack(0x0000000058fd0000,0x00000000590d0000)]
  0x0000000057765800 JavaThread "C2 CompilerThread0" daemon [_thread_blocked, id=11764, stack(0x0000000058af0000,0x0000000058bf0000)]
  0x0000000057762800 JavaThread "Attach Listener" daemon [_thread_blocked, id=9444, stack(0x0000000058ce0000,0x0000000058de0000)]
  0x000000005775f800 JavaThread "Signal Dispatcher" daemon [_thread_blocked, id=6544, stack(0x00000000589f0000,0x0000000058af0000)]
  0x0000000057749800 JavaThread "Finalizer" daemon [_thread_blocked, id=12884, stack(0x0000000058890000,0x0000000058990000)]
  0x0000000057702000 JavaThread "Reference Handler" daemon [_thread_blocked, id=12460, stack(0x0000000058790000,0x0000000058890000)]
=>0x000000000235e000 JavaThread "main" [_thread_in_native, id=12392, stack(0x00000000025c0000,0x00000000026c0000)]

Other Threads:
  0x00000000576fa800 VMThread [stack: 0x0000000058610000,0x0000000058710000] [id=11576]
  0x000000005915c800 WatcherThread [stack: 0x0000000059920000,0x0000000059a20000] [id=11548]

VM state:not at safepoint (normal execution)

VM Mutex/Monitor currently owned by a thread: None

Heap:
 PSYoungGen      total 223232K, used 108094K [0x00000000d5d80000, 0x00000000e4200000, 0x0000000100000000)
  eden space 212480K, 49% used [0x00000000d5d80000,0x00000000dc33d968,0x00000000e2d00000)
  from space 10752K, 36% used [0x00000000e3780000,0x00000000e3b51ea0,0x00000000e4200000)
  to   space 10752K, 0% used [0x00000000e2d00000,0x00000000e2d00000,0x00000000e3780000)
 ParOldGen       total 87552K, used 14291K [0x0000000081800000, 0x0000000086d80000, 0x00000000d5d80000)
  object space 87552K, 16% used [0x0000000081800000,0x00000000825f4e60,0x0000000086d80000)
 Metaspace       used 11771K, capacity 12054K, committed 12416K, reserved 1060864K
  class space    used 1198K, capacity 1297K, committed 1408K, reserved 1048576K

Card table byte_map: [0x0000000011d50000,0x0000000012150000] byte_map_base: 0x0000000011944000

Marking Bits: (ParMarkBitMap*) 0x0000000070852f70
 Begin Bits: [0x0000000012a30000, 0x00000000149d0000)
 End Bits:   [0x00000000149d0000, 0x0000000016970000)

Polling page: 0x0000000001db0000

CodeCache: size=245760Kb used=6629Kb max_used=6876Kb free=239130Kb
 bounds [0x0000000002990000, 0x0000000003070000, 0x0000000011990000]
 total_blobs=2080 nmethods=1675 adapters=317
 compilation: enabled

Compilation events (10 events):
Event: 277.378 Thread 0x0000000057765800 1853       4       com.saiglobal.sf.allocator.processor.MIPProcessor$$Lambda$14/759156157::test (12 bytes)
Event: 277.387 Thread 0x000000005776e800 1854       4       com.saiglobal.sf.allocator.processor.MIPProcessor::lambda$3 (59 bytes)
Event: 277.387 Thread 0x00000000590d0800 1855       1       java.util.stream.Sink::end (1 bytes)
Event: 277.387 Thread 0x00000000590d0800 nmethod 1855 0x0000000002b18dd0 code [0x0000000002b18f20, 0x0000000002b19030]
Event: 277.395 Thread 0x0000000057765800 nmethod 1853 0x0000000002cb7950 code [0x0000000002cb7b20, 0x0000000002cb89e8]
Event: 277.395 Thread 0x0000000057765800 1856       4       java.util.ArrayList$ArrayListSpliterator::forEachRemaining (129 bytes)
Event: 277.398 Thread 0x0000000057765800 nmethod 1856 0x0000000002c595d0 code [0x0000000002c59740, 0x0000000002c59a78]
Event: 277.404 Thread 0x000000005776e800 nmethod 1854 0x0000000002c67810 code [0x0000000002c679c0, 0x0000000002c68828]
Event: 277.486 Thread 0x00000000590d0800 1857       3       java.io.OutputStream::flush (1 bytes)
Event: 277.486 Thread 0x00000000590d0800 nmethod 1857 0x0000000002b739d0 code [0x0000000002b73b20, 0x0000000002b73c70]

GC Heap History (10 events):
Event: 149.462 GC heap before
{Heap before GC invocations=6 (full 0):
 PSYoungGen      total 38400K, used 38046K [0x00000000d5d80000, 0x00000000db380000, 0x0000000100000000)
  eden space 33280K, 99% used [0x00000000d5d80000,0x00000000d7dcf500,0x00000000d7e00000)
  from space 5120K, 96% used [0x00000000d7e00000,0x00000000d82d8330,0x00000000d8300000)
  to   space 10752K, 0% used [0x00000000da900000,0x00000000da900000,0x00000000db380000)
 ParOldGen       total 87552K, used 9751K [0x0000000081800000, 0x0000000086d80000, 0x00000000d5d80000)
  object space 87552K, 11% used [0x0000000081800000,0x0000000082185c60,0x0000000086d80000)
 Metaspace       used 11688K, capacity 11908K, committed 12160K, reserved 1060864K
  class space    used 1198K, capacity 1296K, committed 1408K, reserved 1048576K
Event: 149.473 GC heap after
Heap after GC invocations=6 (full 0):
 PSYoungGen      total 77312K, used 4994K [0x00000000d5d80000, 0x00000000db380000, 0x0000000100000000)
  eden space 66560K, 0% used [0x00000000d5d80000,0x00000000d5d80000,0x00000000d9e80000)
  from space 10752K, 46% used [0x00000000da900000,0x00000000dade0aa0,0x00000000db380000)
  to   space 10752K, 0% used [0x00000000d9e80000,0x00000000d9e80000,0x00000000da900000)
 ParOldGen       total 87552K, used 9751K [0x0000000081800000, 0x0000000086d80000, 0x00000000d5d80000)
  object space 87552K, 11% used [0x0000000081800000,0x0000000082185c60,0x0000000086d80000)
 Metaspace       used 11688K, capacity 11908K, committed 12160K, reserved 1060864K
  class space    used 1198K, capacity 1296K, committed 1408K, reserved 1048576K
}
Event: 177.226 GC heap before
{Heap before GC invocations=7 (full 0):
 PSYoungGen      total 77312K, used 71554K [0x00000000d5d80000, 0x00000000db380000, 0x0000000100000000)
  eden space 66560K, 100% used [0x00000000d5d80000,0x00000000d9e80000,0x00000000d9e80000)
  from space 10752K, 46% used [0x00000000da900000,0x00000000dade0aa0,0x00000000db380000)
  to   space 10752K, 0% used [0x00000000d9e80000,0x00000000d9e80000,0x00000000da900000)
 ParOldGen       total 87552K, used 9751K [0x0000000081800000, 0x0000000086d80000, 0x00000000d5d80000)
  object space 87552K, 11% used [0x0000000081800000,0x0000000082185c60,0x0000000086d80000)
 Metaspace       used 11743K, capacity 11918K, committed 12160K, reserved 1060864K
  class space    used 1198K, capacity 1297K, committed 1408K, reserved 1048576K
Event: 177.240 GC heap after
Heap after GC invocations=7 (full 0):
 PSYoungGen      total 77312K, used 4146K [0x00000000d5d80000, 0x00000000df480000, 0x0000000100000000)
  eden space 66560K, 0% used [0x00000000d5d80000,0x00000000d5d80000,0x00000000d9e80000)
  from space 10752K, 38% used [0x00000000d9e80000,0x00000000da28cb48,0x00000000da900000)
  to   space 10752K, 0% used [0x00000000dea00000,0x00000000dea00000,0x00000000df480000)
 ParOldGen       total 87552K, used 13699K [0x0000000081800000, 0x0000000086d80000, 0x00000000d5d80000)
  object space 87552K, 15% used [0x0000000081800000,0x0000000082560e50,0x0000000086d80000)
 Metaspace       used 11743K, capacity 11918K, committed 12160K, reserved 1060864K
  class space    used 1198K, capacity 1297K, committed 1408K, reserved 1048576K
}
Event: 177.274 GC heap before
{Heap before GC invocations=8 (full 0):
 PSYoungGen      total 77312K, used 70577K [0x00000000d5d80000, 0x00000000df480000, 0x0000000100000000)
  eden space 66560K, 99% used [0x00000000d5d80000,0x00000000d9e5fb80,0x00000000d9e80000)
  from space 10752K, 38% used [0x00000000d9e80000,0x00000000da28cb48,0x00000000da900000)
  to   space 10752K, 0% used [0x00000000dea00000,0x00000000dea00000,0x00000000df480000)
 ParOldGen       total 87552K, used 13699K [0x0000000081800000, 0x0000000086d80000, 0x00000000d5d80000)
  object space 87552K, 15% used [0x0000000081800000,0x0000000082560e50,0x0000000086d80000)
 Metaspace       used 11744K, capacity 11982K, committed 12160K, reserved 1060864K
  class space    used 1198K, capacity 1297K, committed 1408K, reserved 1048576K
Event: 177.281 GC heap after
Heap after GC invocations=8 (full 0):
 PSYoungGen      total 143360K, used 1006K [0x00000000d5d80000, 0x00000000df580000, 0x0000000100000000)
  eden space 132608K, 0% used [0x00000000d5d80000,0x00000000d5d80000,0x00000000ddf00000)
  from space 10752K, 9% used [0x00000000dea00000,0x00000000deafbba0,0x00000000df480000)
  to   space 11264K, 0% used [0x00000000ddf00000,0x00000000ddf00000,0x00000000dea00000)
 ParOldGen       total 87552K, used 14243K [0x0000000081800000, 0x0000000086d80000, 0x00000000d5d80000)
  object space 87552K, 16% used [0x0000000081800000,0x00000000825e8e60,0x0000000086d80000)
 Metaspace       used 11744K, capacity 11982K, committed 12160K, reserved 1060864K
  class space    used 1198K, capacity 1297K, committed 1408K, reserved 1048576K
}
Event: 262.926 GC heap before
{Heap before GC invocations=9 (full 0):
 PSYoungGen      total 143360K, used 133614K [0x00000000d5d80000, 0x00000000df580000, 0x0000000100000000)
  eden space 132608K, 100% used [0x00000000d5d80000,0x00000000ddf00000,0x00000000ddf00000)
  from space 10752K, 9% used [0x00000000dea00000,0x00000000deafbba0,0x00000000df480000)
  to   space 11264K, 0% used [0x00000000ddf00000,0x00000000ddf00000,0x00000000dea00000)
 ParOldGen       total 87552K, used 14243K [0x0000000081800000, 0x0000000086d80000, 0x00000000d5d80000)
  object space 87552K, 16% used [0x0000000081800000,0x00000000825e8e60,0x0000000086d80000)
 Metaspace       used 11751K, capacity 12050K, committed 12416K, reserved 1060864K
  class space    used 1198K, capacity 1297K, committed 1408K, reserved 1048576K
Event: 262.937 GC heap after
Heap after GC invocations=9 (full 0):
 PSYoungGen      total 143872K, used 4359K [0x00000000d5d80000, 0x00000000e4200000, 0x0000000100000000)
  eden space 132608K, 0% used [0x00000000d5d80000,0x00000000d5d80000,0x00000000ddf00000)
  from space 11264K, 38% used [0x00000000ddf00000,0x00000000de341d98,0x00000000dea00000)
  to   space 10752K, 0% used [0x00000000e3780000,0x00000000e3780000,0x00000000e4200000)
 ParOldGen       total 87552K, used 14251K [0x0000000081800000, 0x0000000086d80000, 0x00000000d5d80000)
  object space 87552K, 16% used [0x0000000081800000,0x00000000825eae60,0x0000000086d80000)
 Metaspace       used 11751K, capacity 12050K, committed 12416K, reserved 1060864K
  class space    used 1198K, capacity 1297K, committed 1408K, reserved 1048576K
}
Event: 271.899 GC heap before
{Heap before GC invocations=10 (full 0):
 PSYoungGen      total 143872K, used 136933K [0x00000000d5d80000, 0x00000000e4200000, 0x0000000100000000)
  eden space 132608K, 99% used [0x00000000d5d80000,0x00000000ddef7810,0x00000000ddf00000)
  from space 11264K, 38% used [0x00000000ddf00000,0x00000000de341d98,0x00000000dea00000)
  to   space 10752K, 0% used [0x00000000e3780000,0x00000000e3780000,0x00000000e4200000)
 ParOldGen       total 87552K, used 14251K [0x0000000081800000, 0x0000000086d80000, 0x00000000d5d80000)
  object space 87552K, 16% used [0x0000000081800000,0x00000000825eae60,0x0000000086d80000)
 Metaspace       used 11764K, capacity 12054K, committed 12416K, reserved 1060864K
  class space    used 1198K, capacity 1297K, committed 1408K, reserved 1048576K
Event: 271.909 GC heap after
Heap after GC invocations=10 (full 0):
 PSYoungGen      total 223232K, used 3911K [0x00000000d5d80000, 0x00000000e4200000, 0x0000000100000000)
  eden space 212480K, 0% used [0x00000000d5d80000,0x00000000d5d80000,0x00000000e2d00000)
  from space 10752K, 36% used [0x00000000e3780000,0x00000000e3b51ea0,0x00000000e4200000)
  to   space 10752K, 0% used [0x00000000e2d00000,0x00000000e2d00000,0x00000000e3780000)
 ParOldGen       total 87552K, used 14291K [0x0000000081800000, 0x0000000086d80000, 0x00000000d5d80000)
  object space 87552K, 16% used [0x0000000081800000,0x00000000825f4e60,0x0000000086d80000)
 Metaspace       used 11764K, capacity 12054K, committed 12416K, reserved 1060864K
  class space    used 1198K, capacity 1297K, committed 1408K, reserved 1048576K
}

Deoptimization events (10 events):
Event: 136.455 Thread 0x000000000235e000 Uncommon trap: reason=class_check action=maybe_recompile pc=0x0000000002e065dc method=java.util.concurrent.ConcurrentHashMap.get(Ljava/lang/Object;)Ljava/lang/Object; @ 149
Event: 136.665 Thread 0x000000000235e000 Uncommon trap: reason=unstable_if action=reinterpret pc=0x0000000002dda64c method=java.util.GregorianCalendar.internalGetEra()I @ 5
Event: 139.720 Thread 0x000000000235e000 Uncommon trap: reason=unstable_if action=reinterpret pc=0x0000000002ed6274 method=java.lang.Math.min(DD)D @ 36
Event: 139.720 Thread 0x000000000235e000 Uncommon trap: reason=unstable_if action=reinterpret pc=0x0000000002ed44ac method=java.lang.Math.min(DD)D @ 36
Event: 139.769 Thread 0x000000000235e000 Uncommon trap: reason=unstable_if action=reinterpret pc=0x0000000002c546b4 method=java.util.ArrayList.rangeCheck(I)V @ 5
Event: 149.345 Thread 0x000000000235e000 Uncommon trap: reason=unstable_if action=reinterpret pc=0x0000000002ea4a28 method=sun.misc.FloatingDecimal$BinaryToASCIIBuffer.dtoa(IJIZ)V @ 1452
Event: 154.967 Thread 0x000000000235e000 Uncommon trap: reason=unreached action=reinterpret pc=0x0000000002fb1f14 method=com.saiglobal.sf.allocator.processor.MIPProcessor.schedule(Ljava/util/List;Ljava/util/List;)Ljava/util/List; @ 277
Event: 155.039 Thread 0x000000000235e000 Uncommon trap: reason=unstable_if action=reinterpret pc=0x0000000002f38be8 method=com.saiglobal.sf.allocator.processor.MIPProcessor.schedule(Ljava/util/List;Ljava/util/List;)Ljava/util/List; @ 432
Event: 182.653 Thread 0x000000000235e000 Uncommon trap: reason=unstable_if action=reinterpret pc=0x0000000002fb5c6c method=com.saiglobal.sf.allocator.processor.MIPProcessor.schedule(Ljava/util/List;Ljava/util/List;)Ljava/util/List; @ 178
Event: 182.663 Thread 0x000000000235e000 Uncommon trap: reason=unstable_if action=reinterpret pc=0x0000000002fca45c method=com.saiglobal.sf.allocator.processor.MIPProcessor.schedule(Ljava/util/List;Ljava/util/List;)Ljava/util/List; @ 338

Internal exceptions (10 events):
Event: 0.441 Thread 0x000000000235e000 Exception <a 'java/lang/ClassNotFoundException': org/apache/log4j/AppenderSkeletonCustomizer> (0x00000000d627e9f0) thrown at [C:\re\workspace\8-2-build-windows-amd64-cygwin\jdk8u91\6644\hotspot\src\share\vm\classfile\systemDictionary.cpp, line 210]
Event: 0.444 Thread 0x000000000235e000 Exception <a 'java/lang/ClassNotFoundException': org/apache/log4j/WriterAppenderCustomizer> (0x00000000d62993a0) thrown at [C:\re\workspace\8-2-build-windows-amd64-cygwin\jdk8u91\6644\hotspot\src\share\vm\classfile\systemDictionary.cpp, line 210]
Event: 0.445 Thread 0x000000000235e000 Exception <a 'java/lang/ClassNotFoundException': org/apache/log4j/FileAppenderCustomizer> (0x00000000d62acb88) thrown at [C:\re\workspace\8-2-build-windows-amd64-cygwin\jdk8u91\6644\hotspot\src\share\vm\classfile\systemDictionary.cpp, line 210]
Event: 0.448 Thread 0x000000000235e000 Exception <a 'java/lang/ClassNotFoundException': org/apache/log4j/RollingFileAppenderCustomizer> (0x00000000d62c0450) thrown at [C:\re\workspace\8-2-build-windows-amd64-cygwin\jdk8u91\6644\hotspot\src\share\vm\classfile\systemDictionary.cpp, line 210]
Event: 0.457 Thread 0x000000000235e000 Exception <a 'java/lang/ClassNotFoundException': org/apache/log4j/ConsoleAppenderBeanInfo> (0x00000000d62e9b60) thrown at [C:\re\workspace\8-2-build-windows-amd64-cygwin\jdk8u91\6644\hotspot\src\share\vm\classfile\systemDictionary.cpp, line 210]
Event: 0.458 Thread 0x000000000235e000 Exception <a 'java/lang/ClassNotFoundException': org/apache/log4j/ConsoleAppenderCustomizer> (0x00000000d62f0430) thrown at [C:\re\workspace\8-2-build-windows-amd64-cygwin\jdk8u91\6644\hotspot\src\share\vm\classfile\systemDictionary.cpp, line 210]
Event: 0.649 Thread 0x000000000235e000 Implicit null exception at 0x0000000002ba4886 to 0x0000000002ba4bbd
Event: 4.101 Thread 0x000000000235e000 Exception <a 'java/lang/NoSuchFieldError': method resolution failed> (0x00000000d6eb5388) thrown at [C:\re\workspace\8-2-build-windows-amd64-cygwin\jdk8u91\6644\hotspot\src\share\vm\prims\methodHandles.cpp, line 1146]
Event: 4.104 Thread 0x000000000235e000 Exception <a 'java/lang/NoSuchFieldError': method resolution failed> (0x00000000d6ec26a8) thrown at [C:\re\workspace\8-2-build-windows-amd64-cygwin\jdk8u91\6644\hotspot\src\share\vm\prims\methodHandles.cpp, line 1146]
Event: 110.211 Thread 0x000000000235e000 Implicit null exception at 0x0000000002b876c6 to 0x0000000002b879ed

Events (10 events):
Event: 269.497 Thread 0x00000000590d0800 flushing nmethod 0x0000000002e19090
Event: 269.497 Thread 0x00000000590d0800 flushing nmethod 0x0000000002e27b90
Event: 271.899 Executing VM operation: ParallelGCFailedAllocation
Event: 271.909 Executing VM operation: ParallelGCFailedAllocation done
Event: 271.951 Executing VM operation: RevokeBias
Event: 271.952 Executing VM operation: RevokeBias done
Event: 271.957 Executing VM operation: RevokeBias
Event: 271.957 Executing VM operation: RevokeBias done
Event: 271.968 Executing VM operation: RevokeBias
Event: 271.969 Executing VM operation: RevokeBias done


Dynamic libraries:
0x000000013f720000 - 0x000000013f757000 	C:\Program Files\Java\jre1.8.0_91\bin\javaw.exe
0x0000000077bd0000 - 0x0000000077d7a000 	C:\windows\SYSTEM32\ntdll.dll
0x0000000077ab0000 - 0x0000000077bcf000 	C:\windows\system32\kernel32.dll
0x000007fefdaa0000 - 0x000007fefdb0a000 	C:\windows\system32\KERNELBASE.dll
0x000007fefed40000 - 0x000007fefee1b000 	C:\windows\system32\ADVAPI32.dll
0x000007fefe760000 - 0x000007fefe7ff000 	C:\windows\system32\msvcrt.dll
0x000007fefe800000 - 0x000007fefe81f000 	C:\windows\SYSTEM32\sechost.dll
0x000007fefdcc0000 - 0x000007fefdded000 	C:\windows\system32\RPCRT4.dll
0x00000000779b0000 - 0x0000000077aaa000 	C:\windows\system32\USER32.dll
0x000007fefee20000 - 0x000007fefee87000 	C:\windows\system32\GDI32.dll
0x000007fefddf0000 - 0x000007fefddfe000 	C:\windows\system32\LPK.dll
0x000007fefe690000 - 0x000007fefe75a000 	C:\windows\system32\USP10.dll
0x000007fefbf40000 - 0x000007fefc134000 	C:\windows\WinSxS\amd64_microsoft.windows.common-controls_6595b64144ccf1df_6.0.7601.18837_none_fa3b1e3d17594757\COMCTL32.dll
0x000007fefde00000 - 0x000007fefde71000 	C:\windows\system32\SHLWAPI.dll
0x000007fefea10000 - 0x000007fefea3e000 	C:\windows\system32\IMM32.DLL
0x000007fefe900000 - 0x000007fefea09000 	C:\windows\system32\MSCTF.dll
0x0000000068000000 - 0x0000000068056000 	C:\windows\system32\QIPCAP64.DLL
0x000007fefee90000 - 0x000007feffc1a000 	C:\windows\system32\SHELL32.dll
0x000007fefcf60000 - 0x000007fefcfbb000 	C:\windows\system32\DNSAPI.dll
0x000007fefe160000 - 0x000007fefe1ad000 	C:\windows\system32\WS2_32.dll
0x000007fefea40000 - 0x000007fefea48000 	C:\windows\system32\NSI.dll
0x0000000078f70000 - 0x0000000079042000 	C:\Program Files\Java\jre1.8.0_91\bin\msvcr100.dll
0x0000000070040000 - 0x00000000708d3000 	C:\Program Files\Java\jre1.8.0_91\bin\server\jvm.dll
0x000007fefada0000 - 0x000007fefada9000 	C:\windows\system32\WSOCK32.dll
0x000007fefb690000 - 0x000007fefb6cb000 	C:\windows\system32\WINMM.dll
0x000007fefc9c0000 - 0x000007fefc9cc000 	C:\windows\system32\VERSION.dll
0x0000000077d90000 - 0x0000000077d97000 	C:\windows\system32\PSAPI.DLL
0x0000000067f80000 - 0x0000000067f8f000 	C:\Program Files\Java\jre1.8.0_91\bin\verify.dll
0x00000000625d0000 - 0x00000000625f9000 	C:\Program Files\Java\jre1.8.0_91\bin\java.dll
0x0000000062530000 - 0x0000000062546000 	C:\Program Files\Java\jre1.8.0_91\bin\zip.dll
0x000007fefe480000 - 0x000007fefe683000 	C:\windows\system32\ole32.dll
0x000007fefd900000 - 0x000007fefd90f000 	C:\windows\system32\profapi.dll
0x00000000616f0000 - 0x000000006170a000 	C:\Program Files\Java\jre1.8.0_91\bin\net.dll
0x000007fefd0e0000 - 0x000007fefd135000 	C:\windows\system32\mswsock.dll
0x000007fefd0d0000 - 0x000007fefd0d7000 	C:\windows\System32\wship6.dll
0x000007fecb2c0000 - 0x000007fecc040000 	C:\Code\DataAnalysisBB\dataanalysis\SFResourceAllocator\lib\jniortools.dll
0x000007feec3d0000 - 0x000007feec46f000 	C:\windows\system32\MSVCP140.dll
0x000007fef1110000 - 0x000007fef1127000 	C:\windows\system32\VCRUNTIME140.dll
0x000007fefc150000 - 0x000007fefc154000 	C:\windows\system32\api-ms-win-crt-runtime-l1-1-0.dll
0x000007feec2d0000 - 0x000007feec3c4000 	C:\windows\system32\ucrtbase.DLL
0x000007fefb380000 - 0x000007fefb383000 	C:\windows\system32\api-ms-win-core-timezone-l1-1-0.dll
0x000007fefb290000 - 0x000007fefb293000 	C:\windows\system32\api-ms-win-core-file-l2-1-0.dll
0x000007fef6bc0000 - 0x000007fef6bc3000 	C:\windows\system32\api-ms-win-core-localization-l1-2-0.dll
0x000007fefacf0000 - 0x000007fefacf3000 	C:\windows\system32\api-ms-win-core-synch-l1-2-0.dll
0x000007fef0330000 - 0x000007fef0333000 	C:\windows\system32\api-ms-win-core-processthreads-l1-1-1.dll
0x000007fef0320000 - 0x000007fef0323000 	C:\windows\system32\api-ms-win-core-file-l1-2-0.dll
0x000007fef0310000 - 0x000007fef0314000 	C:\windows\system32\api-ms-win-crt-string-l1-1-0.dll
0x000007fef0300000 - 0x000007fef0303000 	C:\windows\system32\api-ms-win-crt-heap-l1-1-0.dll
0x000007feed040000 - 0x000007feed044000 	C:\windows\system32\api-ms-win-crt-stdio-l1-1-0.dll
0x000007feed030000 - 0x000007feed034000 	C:\windows\system32\api-ms-win-crt-convert-l1-1-0.dll
0x000007feec4e0000 - 0x000007feec4e3000 	C:\windows\system32\api-ms-win-crt-locale-l1-1-0.dll
0x000007feec4d0000 - 0x000007feec4d5000 	C:\windows\system32\api-ms-win-crt-math-l1-1-0.dll
0x000007feec4c0000 - 0x000007feec4c5000 	C:\windows\system32\api-ms-win-crt-multibyte-l1-1-0.dll
0x000007feec4b0000 - 0x000007feec4b3000 	C:\windows\system32\api-ms-win-crt-time-l1-1-0.dll
0x000007feec4a0000 - 0x000007feec4a3000 	C:\windows\system32\api-ms-win-crt-filesystem-l1-1-0.dll
0x000007feec490000 - 0x000007feec493000 	C:\windows\system32\api-ms-win-crt-environment-l1-1-0.dll
0x000007feec2c0000 - 0x000007feec2c3000 	C:\windows\system32\api-ms-win-crt-utility-l1-1-0.dll
0x000007fefadb0000 - 0x000007fefaed5000 	C:\windows\system32\dbghelp.dll

VM Arguments:
jvm_args: -Djava.library.path=lib -Dfile.encoding=Cp1252 
java_command: com.saiglobal.sf.allocator.main.ResourceAllocator -ai com.saiglobal.sf.allocator.implementation.ResourceAllocatorMIPUK -includePipeline false -logLevel INFO
java_class_path (initial): C:\Code\DataAnalysisBB\dataanalysis\SFResourceAllocator\bin;C:\Code\DataAnalysis\SFResourceAllocator\lib\org.apache.log4j_1.2.13.v200903072027.jar;C:\Code\DataAnalysisBB\dataanalysis\SFCore\bin;C:\Code\DataAnalysis\SFCore\lib\commons-cli-1.2.jar;C:\Code\DataAnalysis\SFCore\lib\commons-logging-1.1.3.jar;C:\Code\DataAnalysis\SFCore\lib\geocoder-java-0.15.jar;C:\Code\DataAnalysis\SFCore\lib\gson-2.2.4.jar;C:\Code\DataAnalysis\SFCore\lib\org.apache.log4j_1.2.13.v200903072027.jar;C:\Code\DataAnalysis\SFCore\lib\jsch-0.1.50.jar;C:\Code\DataAnalysis\SFCore\lib\sqljdbc4.jar;C:\Code\DataAnalysis\SFCore\lib\javax.mail.jar;C:\Code\DataAnalysis\SFCore\lib\mysql-connector-java-5.1.35-bin.jar;C:\Code\DataAnalysis\SFCore\lib\commons-lang-2.5.jar;C:\Code\DataAnalysis\SFCore\lib\force-wsc-32.0.0.jar;C:\Code\DataAnalysis\SFCore\lib\wsc.partner.32.jar;C:\Code\DataAnalysisBB\dataanalysis\SFResourceAllocator\lib\com.google.ortools.jar;C:\Code\DataAnalysisBB\dataanalysis\SFResourceAllocator\lib\protobuf.jar
Launcher Type: SUN_STANDARD

Environment Variables:
PATH=C:/Program Files/Java/jre1.8.0_91/bin/server;C:/Program Files/Java/jre1.8.0_91/bin;C:/Program Files/Java/jre1.8.0_91/lib/amd64;C:\ProgramData\Oracle\Java\javapath;C:\windows\system32;C:\windows;C:\windows\System32\Wbem;C:\windows\System32\WindowsPowerShell\v1.0\;C:\Program Files (x86)\Common Files\Roxio Shared\DLLShared\;C:\Program Files (x86)\Common Files\Roxio Shared\10.0\DLLShared\;C:\Program Files (x86)\ATI Technologies\ATI.ACE\Core-Static;C:\Program Files (x86)\MySQL\MySQL Utilities 1.4\;C:\Program Files (x86)\MySQL\MySQL Utilities 1.4\Doctrine extensions for PHP\;C:\Program Files\nodejs\;C:\TDM-GCC-64\bin;C:\Users\conluc0\AppData\Local\Continuum\Anaconda;C:\Users\conluc0\AppData\Local\Continuum\Anaconda\Scripts;C:\Users\conluc0\AppData\Roaming\npm;C:\TDM-GCC-64\bin;C:\eclipse;
USERNAME=conluc0
OS=Windows_NT
PROCESSOR_IDENTIFIER=Intel64 Family 6 Model 69 Stepping 1, GenuineIntel



---------------  S Y S T E M  ---------------

OS: Windows 7 , 64 bit Build 7601 (6.1.7601.23572)

CPU:total 4 (2 cores per cpu, 2 threads per core) family 6 model 69 stepping 1, cmov, cx8, fxsr, mmx, sse, sse2, sse3, ssse3, sse4.1, sse4.2, popcnt, avx, avx2, aes, clmul, erms, lzcnt, ht, tsc, tscinvbit, bmi1, bmi2

Memory: 4k page, physical 8283244k(3545984k free), swap 16564628k(11129344k free)

vm_info: Java HotSpot(TM) 64-Bit Server VM (25.91-b14) for windows-amd64 JRE (1.8.0_91-b14), built on Apr  1 2016 00:58:32 by "java_re" with MS VC++ 10.0 (VS2010)

time: Mon Feb 13 11:57:59 2017
elapsed time: 280 seconds (0d 0h 4m 40s)

