#
# A fatal error has been detected by the Java Runtime Environment:
#
#  EXCEPTION_ACCESS_VIOLATION (0xc0000005) at pc=0x000007feca361b20, pid=13180, tid=5552
#
# JRE version: Java(TM) SE Runtime Environment (8.0_91-b14) (build 1.8.0_91-b14)
# Java VM: Java HotSpot(TM) 64-Bit Server VM (25.91-b14 mixed mode windows-amd64 compressed oops)
# Problematic frame:
# C  [jniortools.dll+0x441b20]
#
# Failed to write core dump. Minidumps are not enabled by default on client versions of Windows
#
# If you would like to submit a bug report, please visit:
#   http://bugreport.java.com/bugreport/crash.jsp
# The crash happened outside the Java Virtual Machine in native code.
# See problematic frame for where to report the bug.
#

---------------  T H R E A D  ---------------

Current thread (0x0000000001e5f000):  JavaThread "main" [_thread_in_native, id=5552, stack(0x0000000002680000,0x0000000002780000)]

siginfo: ExceptionCode=0xc0000005, reading address 0x0000000000000000

Registers:
RAX=0x0000000000000000, RBX=0x0000000000522a80, RCX=0xce4def40e3400000, RDX=0x000007fee86755f0
RSP=0x000000000277f290, RBP=0x000000000277f390, RSI=0x0000000000000000, RDI=0x0000000000000000
R8 =0x000000000277d9e8, R9 =0x000000005d4fde21, R10=0x0000000000000000, R11=0x000000000277f250
R12=0x0000000000000001, R13=0x000000000054cdd0, R14=0x0000000000000000, R15=0x0000000000000000
RIP=0x000007feca361b20, EFLAGS=0x0000000000010206

Top of Stack: (sp=0x000000000277f290)
0x000000000277f290:   3fe0000000000000 000000000277f2f8
0x000000000277f2a0:   0000000000522a80 0000000000000000
0x000000000277f2b0:   0000000000000000 0000000100000000
0x000000000277f2c0:   0000000000000000 0000000000522a80
0x000000000277f2d0:   0000000000000000 fffffffffffffffe
0x000000000277f2e0:   000000005777da00 0000000000000000
0x000000000277f2f0:   0000000000000000 0000000000000000
0x000000000277f300:   0000000000000000 0000000000000000
0x000000000277f310:   0000000000000000 0000000000000000
0x000000000277f320:   000000000277f300 0000000000000000
0x000000000277f330:   0000000000000000 0000ce4ded3711d0
0x000000000277f340:   0000000000000000 0000000000000000
0x000000000277f350:   0000000000000000 0000000000000000
0x000000000277f360:   0000000000000000 0000000000000000
0x000000000277f370:   0000000000000000 0000000000000000
0x000000000277f380:   0000000000000000 0000000000000000 

Instructions: (pc=0x000007feca361b20)
0x000007feca361b00:   0f b6 64 24 2c 66 66 66 0f 1f 84 00 00 00 00 00
0x000007feca361b10:   48 8b 83 b0 00 00 00 4e 8b 2c f8 48 8b 44 24 68
0x000007feca361b20:   f2 46 0f 10 04 f8 41 0f 28 fb 49 8b 5d 08 48 8b
0x000007feca361b30:   1b 49 8b 7d 08 48 3b df 74 61 66 0f 1f 44 00 00 


Register to memory mapping:

RAX=0x0000000000000000 is an unknown value
RBX=0x0000000000522a80 is an unknown value
RCX=0xce4def40e3400000 is an unknown value
RDX=0x000007fee86755f0 is an unknown value
RSP=0x000000000277f290 is pointing into the stack for thread: 0x0000000001e5f000
RBP=0x000000000277f390 is pointing into the stack for thread: 0x0000000001e5f000
RSI=0x0000000000000000 is an unknown value
RDI=0x0000000000000000 is an unknown value
R8 =0x000000000277d9e8 is pointing into the stack for thread: 0x0000000001e5f000
R9 =0x000000005d4fde21 is an unknown value
R10=0x0000000000000000 is an unknown value
R11=0x000000000277f250 is pointing into the stack for thread: 0x0000000001e5f000
R12=0x0000000000000001 is an unknown value
R13=0x000000000054cdd0 is an unknown value
R14=0x0000000000000000 is an unknown value
R15=0x0000000000000000 is an unknown value


Stack: [0x0000000002680000,0x0000000002780000],  sp=0x000000000277f290,  free space=1020k
Native frames: (J=compiled Java code, j=interpreted, Vv=VM code, C=native code)
C  [jniortools.dll+0x441b20]
C  0x0000000002a70fcc

Java frames: (J=compiled Java code, j=interpreted, Vv=VM code)
j  com.google.ortools.linearsolver.operations_research_linear_solverJNI.MPSolver_verifySolution(JLcom/google/ortools/linearsolver/MPSolver;DZ)Z+0
j  com.google.ortools.linearsolver.MPSolver.verifySolution(DZ)Z+7
j  com.saiglobal.sf.allocator.processor.MIPProcessor.schedule(Ljava/util/List;Ljava/util/List;)Ljava/util/List;+385
j  com.saiglobal.sf.allocator.processor.AbstractProcessor.execute()V+123
j  com.saiglobal.sf.allocator.main.ResourceAllocator.main([Ljava/lang/String;)V+305
v  ~StubRoutines::call_stub

---------------  P R O C E S S  ---------------

Java Threads: ( => current thread )
  0x000000005a236000 JavaThread "Abandoned connection cleanup thread" daemon [_thread_blocked, id=9084, stack(0x000000005aa60000,0x000000005ab60000)]
  0x0000000058ee0000 JavaThread "Service Thread" daemon [_thread_blocked, id=12676, stack(0x0000000059e80000,0x0000000059f80000)]
  0x0000000058e74000 JavaThread "C1 CompilerThread2" daemon [_thread_blocked, id=12512, stack(0x0000000059d00000,0x0000000059e00000)]
  0x0000000058e70800 JavaThread "C2 CompilerThread1" daemon [_thread_blocked, id=8608, stack(0x0000000059430000,0x0000000059530000)]
  0x0000000058e6c800 JavaThread "C2 CompilerThread0" daemon [_thread_blocked, id=11376, stack(0x0000000059ba0000,0x0000000059ca0000)]
  0x0000000058e5f000 JavaThread "JDWP Command Reader" daemon [_thread_in_native, id=12800, stack(0x00000000599b0000,0x0000000059ab0000)]
  0x0000000058e5d800 JavaThread "JDWP Event Helper Thread" daemon [_thread_blocked, id=6168, stack(0x00000000597c0000,0x00000000598c0000)]
  0x0000000058e50800 JavaThread "JDWP Transport Listener: dt_socket" daemon [_thread_blocked, id=9452, stack(0x00000000596a0000,0x00000000597a0000)]
  0x0000000057795800 JavaThread "Attach Listener" daemon [_thread_blocked, id=2604, stack(0x0000000058d50000,0x0000000058e50000)]
  0x0000000057792000 JavaThread "Signal Dispatcher" daemon [_thread_blocked, id=12376, stack(0x0000000058a80000,0x0000000058b80000)]
  0x0000000057779800 JavaThread "Finalizer" daemon [_thread_blocked, id=3044, stack(0x00000000587b0000,0x00000000588b0000)]
  0x0000000057732800 JavaThread "Reference Handler" daemon [_thread_blocked, id=5460, stack(0x0000000058930000,0x0000000058a30000)]
=>0x0000000001e5f000 JavaThread "main" [_thread_in_native, id=5552, stack(0x0000000002680000,0x0000000002780000)]

Other Threads:
  0x000000005772b000 VMThread [stack: 0x0000000058690000,0x0000000058790000] [id=11808]
  0x0000000058ef3800 WatcherThread [stack: 0x0000000059fc0000,0x000000005a0c0000] [id=12252]

VM state:not at safepoint (normal execution)

VM Mutex/Monitor currently owned by a thread: None

Heap:
 PSYoungGen      total 38400K, used 16317K [0x00000000d5d80000, 0x00000000d8800000, 0x0000000100000000)
  eden space 33280K, 33% used [0x00000000d5d80000,0x00000000d68760a8,0x00000000d7e00000)
  from space 5120K, 99% used [0x00000000d8300000,0x00000000d87f94f0,0x00000000d8800000)
  to   space 5120K, 0% used [0x00000000d7e00000,0x00000000d7e00000,0x00000000d8300000)
 ParOldGen       total 87552K, used 3602K [0x0000000081800000, 0x0000000086d80000, 0x00000000d5d80000)
  object space 87552K, 4% used [0x0000000081800000,0x0000000081b84bc0,0x0000000086d80000)
 Metaspace       used 12075K, capacity 12254K, committed 12416K, reserved 1060864K
  class space    used 1241K, capacity 1307K, committed 1408K, reserved 1048576K

Card table byte_map: [0x0000000011e10000,0x0000000012210000] byte_map_base: 0x0000000011a04000

Marking Bits: (ParMarkBitMap*) 0x00000000708f2f70
 Begin Bits: [0x0000000012a60000, 0x0000000014a00000)
 End Bits:   [0x0000000014a00000, 0x00000000169a0000)

Polling page: 0x0000000001e30000

CodeCache: size=245760Kb used=5297Kb max_used=5398Kb free=240463Kb
 bounds [0x0000000002a50000, 0x0000000002fa0000, 0x0000000011a50000]
 total_blobs=1754 nmethods=1356 adapters=319
 compilation: enabled

Compilation events (10 events):
Event: 73.856 Thread 0x0000000058e74000 1466       3       com.google.ortools.linearsolver.MPConstraint::<init> (15 bytes)
Event: 73.856 Thread 0x0000000058e74000 nmethod 1466 0x0000000002d96490 code [0x0000000002d96600, 0x0000000002d967f0]
Event: 73.869 Thread 0x0000000058e70800 1467       4       com.google.ortools.linearsolver.MPVariable::getCPtr (13 bytes)
Event: 73.869 Thread 0x0000000058e74000 1468       3       com.google.ortools.linearsolver.MPObjective::setCoefficient (15 bytes)
Event: 73.870 Thread 0x0000000058e74000 nmethod 1468 0x0000000002d09e10 code [0x0000000002d09f80, 0x0000000002d0a208]
Event: 73.870 Thread 0x0000000058e70800 nmethod 1467 0x0000000002f91310 code [0x0000000002f91440, 0x0000000002f91498]
Event: 73.871 Thread 0x0000000058e6c800 1470       4       com.google.ortools.linearsolver.MPObjective::setCoefficient (15 bytes)
Event: 73.872 Thread 0x0000000058e6c800 nmethod 1470 0x0000000002d3cad0 code [0x0000000002d3cc20, 0x0000000002d3ccc8]
Event: 138.424 Thread 0x0000000058e70800 1471       4       java.lang.ref.ReferenceQueue::reallyPoll (66 bytes)
Event: 138.425 Thread 0x0000000058e70800 nmethod 1471 0x0000000002dd1d10 code [0x0000000002dd1e40, 0x0000000002dd1f58]

GC Heap History (4 events):
Event: 19.796 GC heap before
{Heap before GC invocations=1 (full 0):
 PSYoungGen      total 38400K, used 33273K [0x00000000d5d80000, 0x00000000d8800000, 0x0000000100000000)
  eden space 33280K, 99% used [0x00000000d5d80000,0x00000000d7dfe5d8,0x00000000d7e00000)
  from space 5120K, 0% used [0x00000000d8300000,0x00000000d8300000,0x00000000d8800000)
  to   space 5120K, 0% used [0x00000000d7e00000,0x00000000d7e00000,0x00000000d8300000)
 ParOldGen       total 87552K, used 0K [0x0000000081800000, 0x0000000086d80000, 0x00000000d5d80000)
  object space 87552K, 0% used [0x0000000081800000,0x0000000081800000,0x0000000086d80000)
 Metaspace       used 10874K, capacity 11020K, committed 11264K, reserved 1058816K
  class space    used 1119K, capacity 1176K, committed 1280K, reserved 1048576K
Event: 19.805 GC heap after
Heap after GC invocations=1 (full 0):
 PSYoungGen      total 38400K, used 5118K [0x00000000d5d80000, 0x00000000d8800000, 0x0000000100000000)
  eden space 33280K, 0% used [0x00000000d5d80000,0x00000000d5d80000,0x00000000d7e00000)
  from space 5120K, 99% used [0x00000000d7e00000,0x00000000d82ff8d0,0x00000000d8300000)
  to   space 5120K, 0% used [0x00000000d8300000,0x00000000d8300000,0x00000000d8800000)
 ParOldGen       total 87552K, used 1676K [0x0000000081800000, 0x0000000086d80000, 0x00000000d5d80000)
  object space 87552K, 1% used [0x0000000081800000,0x00000000819a3348,0x0000000086d80000)
 Metaspace       used 10874K, capacity 11020K, committed 11264K, reserved 1058816K
  class space    used 1119K, capacity 1176K, committed 1280K, reserved 1048576K
}
Event: 73.737 GC heap before
{Heap before GC invocations=2 (full 0):
 PSYoungGen      total 38400K, used 38398K [0x00000000d5d80000, 0x00000000d8800000, 0x0000000100000000)
  eden space 33280K, 100% used [0x00000000d5d80000,0x00000000d7e00000,0x00000000d7e00000)
  from space 5120K, 99% used [0x00000000d7e00000,0x00000000d82ff8d0,0x00000000d8300000)
  to   space 5120K, 0% used [0x00000000d8300000,0x00000000d8300000,0x00000000d8800000)
 ParOldGen       total 87552K, used 1676K [0x0000000081800000, 0x0000000086d80000, 0x00000000d5d80000)
  object space 87552K, 1% used [0x0000000081800000,0x00000000819a3348,0x0000000086d80000)
 Metaspace       used 12044K, capacity 12158K, committed 12288K, reserved 1060864K
  class space    used 1236K, capacity 1275K, committed 1280K, reserved 1048576K
Event: 73.746 GC heap after
Heap after GC invocations=2 (full 0):
 PSYoungGen      total 38400K, used 5093K [0x00000000d5d80000, 0x00000000d8800000, 0x0000000100000000)
  eden space 33280K, 0% used [0x00000000d5d80000,0x00000000d5d80000,0x00000000d7e00000)
  from space 5120K, 99% used [0x00000000d8300000,0x00000000d87f94f0,0x00000000d8800000)
  to   space 5120K, 0% used [0x00000000d7e00000,0x00000000d7e00000,0x00000000d8300000)
 ParOldGen       total 87552K, used 3602K [0x0000000081800000, 0x0000000086d80000, 0x00000000d5d80000)
  object space 87552K, 4% used [0x0000000081800000,0x0000000081b84bc0,0x0000000086d80000)
 Metaspace       used 12044K, capacity 12158K, committed 12288K, reserved 1060864K
  class space    used 1236K, capacity 1275K, committed 1280K, reserved 1048576K
}

Deoptimization events (10 events):
Event: 3.938 Thread 0x0000000001e5f000 Uncommon trap: reason=unstable_if action=reinterpret pc=0x0000000002c72300 method=java.util.HashMap.putVal(ILjava/lang/Object;Ljava/lang/Object;ZZ)Ljava/lang/Object; @ 193
Event: 3.946 Thread 0x0000000001e5f000 Uncommon trap: reason=class_check action=maybe_recompile pc=0x0000000002cd1e90 method=java.util.Properties$LineReader.readLine()I @ 410
Event: 53.698 Thread 0x0000000001e5f000 Uncommon trap: reason=class_check action=maybe_recompile pc=0x0000000002e658e0 method=java.util.concurrent.ConcurrentHashMap.get(Ljava/lang/Object;)Ljava/lang/Object; @ 149
Event: 53.699 Thread 0x0000000001e5f000 Uncommon trap: reason=null_assert action=make_not_entrant pc=0x0000000002e30768 method=com.mysql.jdbc.ResultSetImpl.getObject(I)Ljava/lang/Object; @ 771
Event: 56.943 Thread 0x0000000001e5f000 Uncommon trap: reason=unstable_if action=reinterpret pc=0x0000000002e16738 method=java.util.BitSet.get(I)Z @ 60
Event: 56.945 Thread 0x0000000001e5f000 Uncommon trap: reason=predicate action=maybe_recompile pc=0x0000000002e90774 method=sun.nio.cs.ThreadLocalCoders$Cache.forName(Ljava/lang/Object;)Ljava/lang/Object; @ 42
Event: 69.912 Thread 0x0000000001e5f000 Uncommon trap: reason=unstable_if action=reinterpret pc=0x0000000002c457fc method=sun.nio.cs.UTF_8$Encoder.encode([CII[B)I @ 33
Event: 73.709 Thread 0x0000000001e5f000 Uncommon trap: reason=class_check action=maybe_recompile pc=0x0000000002ed6ba4 method=com.mysql.jdbc.ResultSetImpl.getObject(I)Ljava/lang/Object; @ 18
Event: 73.709 Thread 0x0000000001e5f000 Uncommon trap: reason=class_check action=maybe_recompile pc=0x0000000002ed6ba4 method=com.mysql.jdbc.ResultSetImpl.getObject(I)Ljava/lang/Object; @ 18
Event: 73.710 Thread 0x0000000001e5f000 Uncommon trap: reason=unstable_if action=reinterpret pc=0x0000000002f7fd60 method=sun.misc.FloatingDecimal$ASCIIToBinaryBuffer.doubleValue()D @ 116

Internal exceptions (10 events):
Event: 0.448 Thread 0x0000000001e5f000 Exception <a 'java/lang/ClassNotFoundException': org/apache/log4j/WriterAppenderCustomizer> (0x00000000d63401d0) thrown at [C:\re\workspace\8-2-build-windows-amd64-cygwin\jdk8u91\6644\hotspot\src\share\vm\classfile\systemDictionary.cpp, line 210]
Event: 0.450 Thread 0x0000000001e5f000 Exception <a 'java/lang/ClassNotFoundException': org/apache/log4j/FileAppenderCustomizer> (0x00000000d63539b8) thrown at [C:\re\workspace\8-2-build-windows-amd64-cygwin\jdk8u91\6644\hotspot\src\share\vm\classfile\systemDictionary.cpp, line 210]
Event: 0.453 Thread 0x0000000001e5f000 Exception <a 'java/lang/ClassNotFoundException': org/apache/log4j/RollingFileAppenderCustomizer> (0x00000000d6367298) thrown at [C:\re\workspace\8-2-build-windows-amd64-cygwin\jdk8u91\6644\hotspot\src\share\vm\classfile\systemDictionary.cpp, line 210]
Event: 0.461 Thread 0x0000000001e5f000 Exception <a 'java/lang/ClassNotFoundException': org/apache/log4j/ConsoleAppenderBeanInfo> (0x00000000d63909a8) thrown at [C:\re\workspace\8-2-build-windows-amd64-cygwin\jdk8u91\6644\hotspot\src\share\vm\classfile\systemDictionary.cpp, line 210]
Event: 0.461 Thread 0x0000000001e5f000 Exception <a 'java/lang/ClassNotFoundException': org/apache/log4j/ConsoleAppenderCustomizer> (0x00000000d6397278) thrown at [C:\re\workspace\8-2-build-windows-amd64-cygwin\jdk8u91\6644\hotspot\src\share\vm\classfile\systemDictionary.cpp, line 210]
Event: 0.584 Thread 0x0000000001e5f000 Implicit null exception at 0x0000000002c6fd49 to 0x0000000002c701b1
Event: 3.924 Thread 0x0000000001e5f000 Exception <a 'java/lang/NoSuchFieldError': method resolution failed> (0x00000000d6f68b10) thrown at [C:\re\workspace\8-2-build-windows-amd64-cygwin\jdk8u91\6644\hotspot\src\share\vm\prims\methodHandles.cpp, line 1146]
Event: 3.929 Thread 0x0000000001e5f000 Exception <a 'java/lang/NoSuchFieldError': method resolution failed> (0x00000000d6f75e30) thrown at [C:\re\workspace\8-2-build-windows-amd64-cygwin\jdk8u91\6644\hotspot\src\share\vm\prims\methodHandles.cpp, line 1146]
Event: 59.254 Thread 0x0000000001e5f000 Exception <a 'java/lang/ArrayIndexOutOfBoundsException'> (0x00000000d764add8) thrown at [C:\re\workspace\8-2-build-windows-amd64-cygwin\jdk8u91\6644\hotspot\src\share\vm\runtime\sharedRuntime.cpp, line 605]
Event: 59.255 Thread 0x0000000001e5f000 Exception <a 'java/lang/ArrayIndexOutOfBoundsException'> (0x00000000d7651678) thrown at [C:\re\workspace\8-2-build-windows-amd64-cygwin\jdk8u91\6644\hotspot\src\share\vm\runtime\sharedRuntime.cpp, line 605]

Events (10 events):
Event: 177.320 Executing VM operation: GetOrSetLocal
Event: 177.320 Executing VM operation: GetOrSetLocal done
Event: 179.559 Executing VM operation: EnterInterpOnlyMode
Event: 179.559 Executing VM operation: EnterInterpOnlyMode done
Event: 179.559 Executing VM operation: GetCurrentLocation
Event: 179.559 Executing VM operation: GetCurrentLocation done
Event: 179.559 Executing VM operation: ChangeSingleStep
Event: 179.559 Executing VM operation: ChangeSingleStep done
Event: 179.559 Executing VM operation: ChangeSingleStep
Event: 179.559 Executing VM operation: ChangeSingleStep done


Dynamic libraries:
0x000000013fd90000 - 0x000000013fdc7000 	C:\Program Files\Java\jre1.8.0_91\bin\javaw.exe
0x0000000077540000 - 0x00000000776ea000 	C:\windows\SYSTEM32\ntdll.dll
0x0000000077320000 - 0x000000007743f000 	C:\windows\system32\kernel32.dll
0x000007fefd2e0000 - 0x000007fefd34a000 	C:\windows\system32\KERNELBASE.dll
0x000007fefdaf0000 - 0x000007fefdbcb000 	C:\windows\system32\ADVAPI32.dll
0x000007fefdce0000 - 0x000007fefdd7f000 	C:\windows\system32\msvcrt.dll
0x000007fefe030000 - 0x000007fefe04f000 	C:\windows\SYSTEM32\sechost.dll
0x000007fefd7b0000 - 0x000007fefd8dd000 	C:\windows\system32\RPCRT4.dll
0x0000000077440000 - 0x000000007753a000 	C:\windows\system32\USER32.dll
0x000007fefd650000 - 0x000007fefd6b7000 	C:\windows\system32\GDI32.dll
0x000007fefd7a0000 - 0x000007fefd7ae000 	C:\windows\system32\LPK.dll
0x000007fefe050000 - 0x000007fefe11a000 	C:\windows\system32\USP10.dll
0x000007fefcab0000 - 0x000007fefcca4000 	C:\windows\WinSxS\amd64_microsoft.windows.common-controls_6595b64144ccf1df_6.0.7601.18837_none_fa3b1e3d17594757\COMCTL32.dll
0x000007fefde20000 - 0x000007fefde91000 	C:\windows\system32\SHLWAPI.dll
0x000007fefdd80000 - 0x000007fefddae000 	C:\windows\system32\IMM32.DLL
0x000007fefdbd0000 - 0x000007fefdcd9000 	C:\windows\system32\MSCTF.dll
0x0000000068000000 - 0x0000000068056000 	C:\windows\system32\QIPCAP64.DLL
0x000007fefe600000 - 0x000007feff38a000 	C:\windows\system32\SHELL32.dll
0x000007fefc5d0000 - 0x000007fefc62b000 	C:\windows\system32\DNSAPI.dll
0x000007fefe1c0000 - 0x000007fefe20d000 	C:\windows\system32\WS2_32.dll
0x000007fefddb0000 - 0x000007fefddb8000 	C:\windows\system32\NSI.dll
0x0000000077ba0000 - 0x0000000077c72000 	C:\Program Files\Java\jre1.8.0_91\bin\msvcr100.dll
0x00000000700e0000 - 0x0000000070973000 	C:\Program Files\Java\jre1.8.0_91\bin\server\jvm.dll
0x000007fefbe70000 - 0x000007fefbe79000 	C:\windows\system32\WSOCK32.dll
0x000007fefc160000 - 0x000007fefc19b000 	C:\windows\system32\WINMM.dll
0x000007fefc3b0000 - 0x000007fefc3bc000 	C:\windows\system32\VERSION.dll
0x0000000077700000 - 0x0000000077707000 	C:\windows\system32\PSAPI.DLL
0x00000000660b0000 - 0x00000000660bf000 	C:\Program Files\Java\jre1.8.0_91\bin\verify.dll
0x0000000062e60000 - 0x0000000062e89000 	C:\Program Files\Java\jre1.8.0_91\bin\java.dll
0x0000000064370000 - 0x00000000643a5000 	C:\Program Files\Java\jre1.8.0_91\bin\jdwp.dll
0x00000000681e0000 - 0x00000000681e8000 	C:\Program Files\Java\jre1.8.0_91\bin\npt.dll
0x0000000066090000 - 0x00000000660a6000 	C:\Program Files\Java\jre1.8.0_91\bin\zip.dll
0x000007fefd8e0000 - 0x000007fefdae3000 	C:\windows\system32\ole32.dll
0x000007fefd270000 - 0x000007fefd27f000 	C:\windows\system32\profapi.dll
0x00000000681d0000 - 0x00000000681d9000 	C:\Program Files\Java\jre1.8.0_91\bin\dt_socket.dll
0x000007fefc9c0000 - 0x000007fefc9d5000 	C:\windows\system32\NLAapi.dll
0x000007feefb20000 - 0x000007feefb35000 	C:\windows\system32\napinsp.dll
0x000007feefb00000 - 0x000007feefb19000 	C:\windows\system32\pnrpnsp.dll
0x000007fefc750000 - 0x000007fefc7a5000 	C:\windows\System32\mswsock.dll
0x000007feefaf0000 - 0x000007feefafb000 	C:\windows\System32\winrnr.dll
0x000007feefae0000 - 0x000007feefaf0000 	C:\windows\system32\wshbth.dll
0x000007fefbec0000 - 0x000007fefbee7000 	C:\windows\system32\IPHLPAPI.DLL
0x000007fefbeb0000 - 0x000007fefbebb000 	C:\windows\system32\WINNSI.DLL
0x000007fef8940000 - 0x000007fef8993000 	C:\windows\System32\fwpuclnt.dll
0x000007fef6e90000 - 0x000007fef6e98000 	C:\windows\system32\rasadhlp.dll
0x000007fefbc60000 - 0x000007fefbc67000 	C:\windows\System32\wshtcpip.dll
0x0000000063660000 - 0x000000006367a000 	C:\Program Files\Java\jre1.8.0_91\bin\net.dll
0x000007fefc740000 - 0x000007fefc747000 	C:\windows\System32\wship6.dll
0x000007fec9f20000 - 0x000007fecaca0000 	C:\Code\DataAnalysisBB\dataanalysis\SFResourceAllocator\lib\jniortools.dll
0x000007fee8880000 - 0x000007fee891f000 	C:\windows\system32\MSVCP140.dll
0x000007fef8a90000 - 0x000007fef8aa7000 	C:\windows\system32\VCRUNTIME140.dll
0x000007fefa6b0000 - 0x000007fefa6b4000 	C:\windows\system32\api-ms-win-crt-runtime-l1-1-0.dll
0x000007fee8590000 - 0x000007fee8684000 	C:\windows\system32\ucrtbase.DLL
0x000007fefa6d0000 - 0x000007fefa6d3000 	C:\windows\system32\api-ms-win-core-timezone-l1-1-0.dll
0x000007fefa480000 - 0x000007fefa483000 	C:\windows\system32\api-ms-win-core-file-l2-1-0.dll
0x000007fef9e50000 - 0x000007fef9e53000 	C:\windows\system32\api-ms-win-core-localization-l1-2-0.dll
0x000007fef8a80000 - 0x000007fef8a83000 	C:\windows\system32\api-ms-win-core-synch-l1-2-0.dll
0x000007fef8a70000 - 0x000007fef8a73000 	C:\windows\system32\api-ms-win-core-processthreads-l1-1-1.dll
0x000007fef8a30000 - 0x000007fef8a33000 	C:\windows\system32\api-ms-win-core-file-l1-2-0.dll
0x000007fef0130000 - 0x000007fef0134000 	C:\windows\system32\api-ms-win-crt-string-l1-1-0.dll
0x000007feeeef0000 - 0x000007feeeef3000 	C:\windows\system32\api-ms-win-crt-heap-l1-1-0.dll
0x000007feeeec0000 - 0x000007feeeec4000 	C:\windows\system32\api-ms-win-crt-stdio-l1-1-0.dll
0x000007feee830000 - 0x000007feee834000 	C:\windows\system32\api-ms-win-crt-convert-l1-1-0.dll
0x000007feee170000 - 0x000007feee173000 	C:\windows\system32\api-ms-win-crt-locale-l1-1-0.dll
0x000007feede90000 - 0x000007feede95000 	C:\windows\system32\api-ms-win-crt-math-l1-1-0.dll
0x000007feeddb0000 - 0x000007feeddb5000 	C:\windows\system32\api-ms-win-crt-multibyte-l1-1-0.dll
0x000007feedda0000 - 0x000007feedda3000 	C:\windows\system32\api-ms-win-crt-time-l1-1-0.dll
0x000007feedae0000 - 0x000007feedae3000 	C:\windows\system32\api-ms-win-crt-filesystem-l1-1-0.dll
0x000007feedad0000 - 0x000007feedad3000 	C:\windows\system32\api-ms-win-crt-environment-l1-1-0.dll
0x000007feed800000 - 0x000007feed803000 	C:\windows\system32\api-ms-win-crt-utility-l1-1-0.dll
0x000007fefaa50000 - 0x000007fefab75000 	C:\windows\system32\dbghelp.dll

VM Arguments:
jvm_args: -agentlib:jdwp=transport=dt_socket,suspend=y,address=localhost:55687 -Djava.library.path=lib -Dfile.encoding=Cp1252 
java_command: com.saiglobal.sf.allocator.main.ResourceAllocator -ai com.saiglobal.sf.allocator.implementation.ResourceAllocatorMIPUK -includePipeline false -logLevel DEBUG
java_class_path (initial): C:\Code\DataAnalysisBB\dataanalysis\SFResourceAllocator\bin;C:\Code\DataAnalysis\SFResourceAllocator\lib\org.apache.log4j_1.2.13.v200903072027.jar;C:\Code\DataAnalysisBB\dataanalysis\SFCore\bin;C:\Code\DataAnalysis\SFCore\lib\commons-cli-1.2.jar;C:\Code\DataAnalysis\SFCore\lib\commons-logging-1.1.3.jar;C:\Code\DataAnalysis\SFCore\lib\geocoder-java-0.15.jar;C:\Code\DataAnalysis\SFCore\lib\gson-2.2.4.jar;C:\Code\DataAnalysis\SFCore\lib\org.apache.log4j_1.2.13.v200903072027.jar;C:\Code\DataAnalysis\SFCore\lib\jsch-0.1.50.jar;C:\Code\DataAnalysis\SFCore\lib\sqljdbc4.jar;C:\Code\DataAnalysis\SFCore\lib\javax.mail.jar;C:\Code\DataAnalysis\SFCore\lib\mysql-connector-java-5.1.35-bin.jar;C:\Code\DataAnalysis\SFCore\lib\commons-lang-2.5.jar;C:\Code\DataAnalysis\SFCore\lib\force-wsc-32.0.0.jar;C:\Code\DataAnalysis\SFCore\lib\wsc.partner.32.jar;C:\Code\DataAnalysisBB\dataanalysis\SFResourceAllocator\lib\com.google.ortools.jar;C:\Code\DataAnalysisBB\dataanalysis\SFResourceAllocator\lib\protobuf.jar
Launcher Type: SUN_STANDARD

Environment Variables:
PATH=C:/Program Files/Java/jre1.8.0_91/bin/server;C:/Program Files/Java/jre1.8.0_91/bin;C:/Program Files/Java/jre1.8.0_91/lib/amd64;C:\ProgramData\Oracle\Java\javapath;C:\windows\system32;C:\windows;C:\windows\System32\Wbem;C:\windows\System32\WindowsPowerShell\v1.0\;C:\Program Files (x86)\Common Files\Roxio Shared\DLLShared\;C:\Program Files (x86)\Common Files\Roxio Shared\10.0\DLLShared\;C:\Program Files (x86)\ATI Technologies\ATI.ACE\Core-Static;C:\Program Files (x86)\MySQL\MySQL Utilities 1.4\;C:\Program Files (x86)\MySQL\MySQL Utilities 1.4\Doctrine extensions for PHP\;C:\Program Files\nodejs\;C:\TDM-GCC-64\bin;C:\Users\conluc0\AppData\Local\Continuum\Anaconda;C:\Users\conluc0\AppData\Local\Continuum\Anaconda\Scripts;C:\Users\conluc0\AppData\Roaming\npm;C:\TDM-GCC-64\bin;C:\eclipse;
USERNAME=conluc0
OS=Windows_NT
PROCESSOR_IDENTIFIER=Intel64 Family 6 Model 69 Stepping 1, GenuineIntel



---------------  S Y S T E M  ---------------

OS: Windows 7 , 64 bit Build 7601 (6.1.7601.23569)

CPU:total 4 (2 cores per cpu, 2 threads per core) family 6 model 69 stepping 1, cmov, cx8, fxsr, mmx, sse, sse2, sse3, ssse3, sse4.1, sse4.2, popcnt, avx, avx2, aes, clmul, erms, lzcnt, ht, tsc, tscinvbit, bmi1, bmi2

Memory: 4k page, physical 8283244k(944712k free), swap 16564628k(8016488k free)

vm_info: Java HotSpot(TM) 64-Bit Server VM (25.91-b14) for windows-amd64 JRE (1.8.0_91-b14), built on Apr  1 2016 00:58:32 by "java_re" with MS VC++ 10.0 (VS2010)

time: Fri Jan 27 11:51:10 2017
elapsed time: 183 seconds (0d 0h 3m 3s)

