#
# A fatal error has been detected by the Java Runtime Environment:
#
#  EXCEPTION_ACCESS_VIOLATION (0xc0000005) at pc=0x000007fecb701b20, pid=11720, tid=13280
#
# JRE version: Java(TM) SE Runtime Environment (8.0_91-b14) (build 1.8.0_91-b14)
# Java VM: Java HotSpot(TM) 64-Bit Server VM (25.91-b14 mixed mode windows-amd64 compressed oops)
# Problematic frame:
# C  [jniortools.dll+0x441b20]
#
# Failed to write core dump. Minidumps are not enabled by default on client versions of Windows
#
# If you would like to submit a bug report, please visit:
#   http://bugreport.java.com/bugreport/crash.jsp
# The crash happened outside the Java Virtual Machine in native code.
# See problematic frame for where to report the bug.
#

---------------  T H R E A D  ---------------

Current thread (0x00000000021de000):  JavaThread "main" [_thread_in_native, id=13280, stack(0x00000000025a0000,0x00000000026a0000)]

siginfo: ExceptionCode=0xc0000005, reading address 0x0000000000000000

Registers:
RAX=0x0000000000000000, RBX=0x00000000689d5f70, RCX=0xd67964aa2db60000, RDX=0x000007feec3f55f0
RSP=0x000000000269f370, RBP=0x000000000269f470, RSI=0x0000000000000000, RDI=0x0000000000000000
R8 =0x000000000269dac8, R9 =0x0000000062aa7161, R10=0x0000000000000000, R11=0x000000000269f330
R12=0x0000000000000001, R13=0x000000005cf69a00, R14=0x0000000000000000, R15=0x0000000000000000
RIP=0x000007fecb701b20, EFLAGS=0x0000000000010206

Top of Stack: (sp=0x000000000269f370)
0x000000000269f370:   3fe0000000000000 000000000269f3d8
0x000000000269f380:   00000000689d5f70 000000000269f388
0x000000000269f390:   0000000000000000 0000000100000000
0x000000000269f3a0:   0000000000000000 00000000689d5f70
0x000000000269f3b0:   0000000000000000 fffffffffffffffe
0x000000000269f3c0:   000000000269f3d8 000000000269f438
0x000000000269f3d0:   0000000002978331 0000000000000000
0x000000000269f3e0:   0000000000000000 0000000000000000
0x000000000269f3f0:   0000000000000000 000000000269f3e8
0x000000000269f400:   00000000571eccba 000000000269f458
0x000000000269f410:   00000000571ed5e0 0000d67966c3dec6
0x000000000269f420:   0000000000000000 0000000000000000
0x000000000269f430:   0000000000000000 0000000000000000
0x000000000269f440:   0000000000000002 0000000000000000
0x000000000269f450:   0000000000000000 0000000000000000
0x000000000269f460:   0000000000000000 0000000000000000 

Instructions: (pc=0x000007fecb701b20)
0x000007fecb701b00:   0f b6 64 24 2c 66 66 66 0f 1f 84 00 00 00 00 00
0x000007fecb701b10:   48 8b 83 b0 00 00 00 4e 8b 2c f8 48 8b 44 24 68
0x000007fecb701b20:   f2 46 0f 10 04 f8 41 0f 28 fb 49 8b 5d 08 48 8b
0x000007fecb701b30:   1b 49 8b 7d 08 48 3b df 74 61 66 0f 1f 44 00 00 


Register to memory mapping:

RAX=0x0000000000000000 is an unknown value
RBX=0x00000000689d5f70 is an unknown value
RCX=0xd67964aa2db60000 is an unknown value
RDX=0x000007feec3f55f0 is an unknown value
RSP=0x000000000269f370 is pointing into the stack for thread: 0x00000000021de000
RBP=0x000000000269f470 is pointing into the stack for thread: 0x00000000021de000
RSI=0x0000000000000000 is an unknown value
RDI=0x0000000000000000 is an unknown value
R8 =0x000000000269dac8 is pointing into the stack for thread: 0x00000000021de000
R9 =0x0000000062aa7161 is an unknown value
R10=0x0000000000000000 is an unknown value
R11=0x000000000269f330 is pointing into the stack for thread: 0x00000000021de000
R12=0x0000000000000001 is an unknown value
R13=0x000000005cf69a00 is an unknown value
R14=0x0000000000000000 is an unknown value
R15=0x0000000000000000 is an unknown value


Stack: [0x00000000025a0000,0x00000000026a0000],  sp=0x000000000269f370,  free space=1020k
Native frames: (J=compiled Java code, j=interpreted, Vv=VM code, C=native code)
C  [jniortools.dll+0x441b20]
C  0x0000000002987f34

Java frames: (J=compiled Java code, j=interpreted, Vv=VM code)
j  com.google.ortools.linearsolver.operations_research_linear_solverJNI.MPSolver_verifySolution(JLcom/google/ortools/linearsolver/MPSolver;DZ)Z+0
j  com.google.ortools.linearsolver.MPSolver.verifySolution(DZ)Z+7
J 1762 C2 com.saiglobal.sf.allocator.processor.MIPProcessor.schedule(Ljava/util/List;Ljava/util/List;)Ljava/util/List; (911 bytes) @ 0x00000000030595dc [0x0000000003056f40+0x269c]
j  com.saiglobal.sf.allocator.processor.MIPProcessor.execute()V+151
j  com.saiglobal.sf.allocator.main.ResourceAllocator.main([Ljava/lang/String;)V+305
v  ~StubRoutines::call_stub

---------------  P R O C E S S  ---------------

Java Threads: ( => current thread )
  0x0000000059b0b000 JavaThread "Abandoned connection cleanup thread" daemon [_thread_blocked, id=9520, stack(0x00000000597b0000,0x00000000598b0000)]
  0x00000000592b1800 JavaThread "Service Thread" daemon [_thread_blocked, id=7924, stack(0x00000000596a0000,0x00000000597a0000)]
  0x0000000059250800 JavaThread "C1 CompilerThread2" daemon [_thread_blocked, id=6452, stack(0x0000000058c20000,0x0000000058d20000)]
  0x00000000577be800 JavaThread "C2 CompilerThread1" daemon [_thread_blocked, id=7760, stack(0x0000000059150000,0x0000000059250000)]
  0x00000000577b5000 JavaThread "C2 CompilerThread0" daemon [_thread_blocked, id=9404, stack(0x0000000058f70000,0x0000000059070000)]
  0x00000000577b2800 JavaThread "Attach Listener" daemon [_thread_blocked, id=12696, stack(0x0000000058d80000,0x0000000058e80000)]
  0x00000000577af800 JavaThread "Signal Dispatcher" daemon [_thread_blocked, id=6636, stack(0x0000000058b00000,0x0000000058c00000)]
  0x0000000057799800 JavaThread "Finalizer" daemon [_thread_blocked, id=9724, stack(0x00000000586e0000,0x00000000587e0000)]
  0x0000000057752000 JavaThread "Reference Handler" daemon [_thread_blocked, id=10968, stack(0x0000000058940000,0x0000000058a40000)]
=>0x00000000021de000 JavaThread "main" [_thread_in_native, id=13280, stack(0x00000000025a0000,0x00000000026a0000)]

Other Threads:
  0x000000005774a800 VMThread [stack: 0x0000000058810000,0x0000000058910000] [id=2700]
  0x00000000592dd000 WatcherThread [stack: 0x0000000059900000,0x0000000059a00000] [id=11604]

VM state:not at safepoint (normal execution)

VM Mutex/Monitor currently owned by a thread: None

Heap:
 PSYoungGen      total 223232K, used 108373K [0x00000000d5d80000, 0x00000000e4180000, 0x0000000100000000)
  eden space 212992K, 49% used [0x00000000d5d80000,0x00000000dc38af80,0x00000000e2d80000)
  from space 10240K, 37% used [0x00000000e3780000,0x00000000e3b4a680,0x00000000e4180000)
  to   space 10240K, 0% used [0x00000000e2d80000,0x00000000e2d80000,0x00000000e3780000)
 ParOldGen       total 87552K, used 12760K [0x0000000081800000, 0x0000000086d80000, 0x00000000d5d80000)
  object space 87552K, 14% used [0x0000000081800000,0x0000000082476360,0x0000000086d80000)
 Metaspace       used 11781K, capacity 12054K, committed 12416K, reserved 1060864K
  class space    used 1198K, capacity 1297K, committed 1408K, reserved 1048576K

Card table byte_map: [0x0000000011d30000,0x0000000012130000] byte_map_base: 0x0000000011924000

Marking Bits: (ParMarkBitMap*) 0x0000000070852f70
 Begin Bits: [0x0000000012a80000, 0x0000000014a20000)
 End Bits:   [0x0000000014a20000, 0x00000000169c0000)

Polling page: 0x0000000001d30000

CodeCache: size=245760Kb used=7257Kb max_used=7271Kb free=238502Kb
 bounds [0x0000000002970000, 0x0000000003090000, 0x0000000011970000]
 total_blobs=2166 nmethods=1761 adapters=317
 compilation: enabled

Compilation events (10 events):
Event: 264.289 Thread 0x0000000059250800 1798       3       com.mysql.jdbc.ConnectionPropertiesImpl::getGatherPerformanceMetrics (8 bytes)
Event: 264.289 Thread 0x0000000059250800 nmethod 1798 0x0000000003083310 code [0x0000000003083480, 0x00000000030837d0]
Event: 267.935 Thread 0x00000000577be800 1799 %     4       com.saiglobal.sf.allocator.processor.MIPProcessor::getCostMatrix @ 33 (117 bytes)
Event: 267.957 Thread 0x00000000577be800 nmethod 1799% 0x0000000003087cd0 code [0x0000000003087f20, 0x0000000003089188]
Event: 267.957 Thread 0x00000000577be800 1800       4       com.saiglobal.sf.allocator.processor.MIPProcessor$$Lambda$14/759156157::test (12 bytes)
Event: 267.963 Thread 0x00000000577b5000 1801       4       com.saiglobal.sf.allocator.processor.MIPProcessor::lambda$3 (59 bytes)
Event: 267.972 Thread 0x00000000577be800 nmethod 1800 0x000000000307fd50 code [0x000000000307ff20, 0x0000000003080d88]
Event: 267.979 Thread 0x00000000577b5000 nmethod 1801 0x000000000308c190 code [0x000000000308c340, 0x000000000308d188]
Event: 268.069 Thread 0x0000000059250800 1802       3       java.io.OutputStream::flush (1 bytes)
Event: 268.069 Thread 0x0000000059250800 nmethod 1802 0x0000000003054490 code [0x00000000030545e0, 0x0000000003054730]

GC Heap History (10 events):
Event: 143.874 GC heap before
{Heap before GC invocations=6 (full 0):
 PSYoungGen      total 38400K, used 38328K [0x00000000d5d80000, 0x00000000db280000, 0x0000000100000000)
  eden space 33280K, 99% used [0x00000000d5d80000,0x00000000d7df5a38,0x00000000d7e00000)
  from space 5120K, 99% used [0x00000000d7e00000,0x00000000d82f86f0,0x00000000d8300000)
  to   space 10240K, 0% used [0x00000000da880000,0x00000000da880000,0x00000000db280000)
 ParOldGen       total 87552K, used 8968K [0x0000000081800000, 0x0000000086d80000, 0x00000000d5d80000)
  object space 87552K, 10% used [0x0000000081800000,0x00000000820c2280,0x0000000086d80000)
 Metaspace       used 11745K, capacity 11976K, committed 12160K, reserved 1060864K
  class space    used 1198K, capacity 1296K, committed 1408K, reserved 1048576K
Event: 143.881 GC heap after
Heap after GC invocations=6 (full 0):
 PSYoungGen      total 76800K, used 4466K [0x00000000d5d80000, 0x00000000db280000, 0x0000000100000000)
  eden space 66560K, 0% used [0x00000000d5d80000,0x00000000d5d80000,0x00000000d9e80000)
  from space 10240K, 43% used [0x00000000da880000,0x00000000dacdc9a8,0x00000000db280000)
  to   space 10240K, 0% used [0x00000000d9e80000,0x00000000d9e80000,0x00000000da880000)
 ParOldGen       total 87552K, used 8976K [0x0000000081800000, 0x0000000086d80000, 0x00000000d5d80000)
  object space 87552K, 10% used [0x0000000081800000,0x00000000820c4280,0x0000000086d80000)
 Metaspace       used 11745K, capacity 11976K, committed 12160K, reserved 1060864K
  class space    used 1198K, capacity 1296K, committed 1408K, reserved 1048576K
}
Event: 190.475 GC heap before
{Heap before GC invocations=7 (full 0):
 PSYoungGen      total 76800K, used 71009K [0x00000000d5d80000, 0x00000000db280000, 0x0000000100000000)
  eden space 66560K, 99% used [0x00000000d5d80000,0x00000000d9e7bbd0,0x00000000d9e80000)
  from space 10240K, 43% used [0x00000000da880000,0x00000000dacdc9a8,0x00000000db280000)
  to   space 10240K, 0% used [0x00000000d9e80000,0x00000000d9e80000,0x00000000da880000)
 ParOldGen       total 87552K, used 8976K [0x0000000081800000, 0x0000000086d80000, 0x00000000d5d80000)
  object space 87552K, 10% used [0x0000000081800000,0x00000000820c4280,0x0000000086d80000)
 Metaspace       used 11763K, capacity 12046K, committed 12416K, reserved 1060864K
  class space    used 1198K, capacity 1297K, committed 1408K, reserved 1048576K
Event: 190.491 GC heap after
Heap after GC invocations=7 (full 0):
 PSYoungGen      total 76800K, used 4076K [0x00000000d5d80000, 0x00000000df380000, 0x0000000100000000)
  eden space 66560K, 0% used [0x00000000d5d80000,0x00000000d5d80000,0x00000000d9e80000)
  from space 10240K, 39% used [0x00000000d9e80000,0x00000000da27b338,0x00000000da880000)
  to   space 10240K, 0% used [0x00000000de980000,0x00000000de980000,0x00000000df380000)
 ParOldGen       total 87552K, used 12224K [0x0000000081800000, 0x0000000086d80000, 0x00000000d5d80000)
  object space 87552K, 13% used [0x0000000081800000,0x00000000823f0350,0x0000000086d80000)
 Metaspace       used 11763K, capacity 12046K, committed 12416K, reserved 1060864K
  class space    used 1198K, capacity 1297K, committed 1408K, reserved 1048576K
}
Event: 190.514 GC heap before
{Heap before GC invocations=8 (full 0):
 PSYoungGen      total 76800K, used 70459K [0x00000000d5d80000, 0x00000000df380000, 0x0000000100000000)
  eden space 66560K, 99% used [0x00000000d5d80000,0x00000000d9e53a90,0x00000000d9e80000)
  from space 10240K, 39% used [0x00000000d9e80000,0x00000000da27b338,0x00000000da880000)
  to   space 10240K, 0% used [0x00000000de980000,0x00000000de980000,0x00000000df380000)
 ParOldGen       total 87552K, used 12224K [0x0000000081800000, 0x0000000086d80000, 0x00000000d5d80000)
  object space 87552K, 13% used [0x0000000081800000,0x00000000823f0350,0x0000000086d80000)
 Metaspace       used 11763K, capacity 12046K, committed 12416K, reserved 1060864K
  class space    used 1198K, capacity 1297K, committed 1408K, reserved 1048576K
Event: 190.535 GC heap after
Heap after GC invocations=8 (full 0):
 PSYoungGen      total 143360K, used 3864K [0x00000000d5d80000, 0x00000000df380000, 0x0000000100000000)
  eden space 133120K, 0% used [0x00000000d5d80000,0x00000000d5d80000,0x00000000ddf80000)
  from space 10240K, 37% used [0x00000000de980000,0x00000000ded46148,0x00000000df380000)
  to   space 10240K, 0% used [0x00000000ddf80000,0x00000000ddf80000,0x00000000de980000)
 ParOldGen       total 87552K, used 12712K [0x0000000081800000, 0x0000000086d80000, 0x00000000d5d80000)
  object space 87552K, 14% used [0x0000000081800000,0x000000008246a360,0x0000000086d80000)
 Metaspace       used 11763K, capacity 12046K, committed 12416K, reserved 1060864K
  class space    used 1198K, capacity 1297K, committed 1408K, reserved 1048576K
}
Event: 253.702 GC heap before
{Heap before GC invocations=9 (full 0):
 PSYoungGen      total 143360K, used 136935K [0x00000000d5d80000, 0x00000000df380000, 0x0000000100000000)
  eden space 133120K, 99% used [0x00000000d5d80000,0x00000000ddf73b30,0x00000000ddf80000)
  from space 10240K, 37% used [0x00000000de980000,0x00000000ded46148,0x00000000df380000)
  to   space 10240K, 0% used [0x00000000ddf80000,0x00000000ddf80000,0x00000000de980000)
 ParOldGen       total 87552K, used 12712K [0x0000000081800000, 0x0000000086d80000, 0x00000000d5d80000)
  object space 87552K, 14% used [0x0000000081800000,0x000000008246a360,0x0000000086d80000)
 Metaspace       used 11773K, capacity 12050K, committed 12416K, reserved 1060864K
  class space    used 1198K, capacity 1297K, committed 1408K, reserved 1048576K
Event: 253.714 GC heap after
Heap after GC invocations=9 (full 0):
 PSYoungGen      total 143360K, used 4207K [0x00000000d5d80000, 0x00000000e4180000, 0x0000000100000000)
  eden space 133120K, 0% used [0x00000000d5d80000,0x00000000d5d80000,0x00000000ddf80000)
  from space 10240K, 41% used [0x00000000ddf80000,0x00000000de39bd20,0x00000000de980000)
  to   space 10240K, 0% used [0x00000000e3780000,0x00000000e3780000,0x00000000e4180000)
 ParOldGen       total 87552K, used 12720K [0x0000000081800000, 0x0000000086d80000, 0x00000000d5d80000)
  object space 87552K, 14% used [0x0000000081800000,0x000000008246c360,0x0000000086d80000)
 Metaspace       used 11773K, capacity 12050K, committed 12416K, reserved 1060864K
  class space    used 1198K, capacity 1297K, committed 1408K, reserved 1048576K
}
Event: 261.995 GC heap before
{Heap before GC invocations=10 (full 0):
 PSYoungGen      total 143360K, used 137327K [0x00000000d5d80000, 0x00000000e4180000, 0x0000000100000000)
  eden space 133120K, 100% used [0x00000000d5d80000,0x00000000ddf80000,0x00000000ddf80000)
  from space 10240K, 41% used [0x00000000ddf80000,0x00000000de39bd20,0x00000000de980000)
  to   space 10240K, 0% used [0x00000000e3780000,0x00000000e3780000,0x00000000e4180000)
 ParOldGen       total 87552K, used 12720K [0x0000000081800000, 0x0000000086d80000, 0x00000000d5d80000)
  object space 87552K, 14% used [0x0000000081800000,0x000000008246c360,0x0000000086d80000)
 Metaspace       used 11780K, capacity 12054K, committed 12416K, reserved 1060864K
  class space    used 1198K, capacity 1297K, committed 1408K, reserved 1048576K
Event: 262.009 GC heap after
Heap after GC invocations=10 (full 0):
 PSYoungGen      total 223232K, used 3881K [0x00000000d5d80000, 0x00000000e4180000, 0x0000000100000000)
  eden space 212992K, 0% used [0x00000000d5d80000,0x00000000d5d80000,0x00000000e2d80000)
  from space 10240K, 37% used [0x00000000e3780000,0x00000000e3b4a680,0x00000000e4180000)
  to   space 10240K, 0% used [0x00000000e2d80000,0x00000000e2d80000,0x00000000e3780000)
 ParOldGen       total 87552K, used 12760K [0x0000000081800000, 0x0000000086d80000, 0x00000000d5d80000)
  object space 87552K, 14% used [0x0000000081800000,0x0000000082476360,0x0000000086d80000)
 Metaspace       used 11780K, capacity 12054K, committed 12416K, reserved 1060864K
  class space    used 1198K, capacity 1297K, committed 1408K, reserved 1048576K
}

Deoptimization events (10 events):
Event: 99.839 Thread 0x00000000021de000 Uncommon trap: reason=unstable_if action=reinterpret pc=0x0000000002d080d0 method=java.util.Calendar.set(II)V @ 4
Event: 99.839 Thread 0x00000000021de000 Uncommon trap: reason=unstable_if action=reinterpret pc=0x0000000002d96654 method=sun.util.calendar.BaseCalendar.getFixedDate(IIILsun/util/calendar/BaseCalendar$Date;)J @ 67
Event: 99.839 Thread 0x00000000021de000 Uncommon trap: reason=unstable_if action=reinterpret pc=0x0000000002d4a160 method=java.util.Calendar.setFieldsNormalized(I)V @ 3
Event: 129.942 Thread 0x00000000021de000 Uncommon trap: reason=class_check action=maybe_recompile pc=0x0000000002d9a0dc method=java.util.concurrent.ConcurrentHashMap.get(Ljava/lang/Object;)Ljava/lang/Object; @ 149
Event: 133.229 Thread 0x00000000021de000 Uncommon trap: reason=unstable_if action=reinterpret pc=0x0000000002ec7c2c method=java.lang.Math.min(DD)D @ 36
Event: 133.237 Thread 0x00000000021de000 Uncommon trap: reason=unstable_if action=reinterpret pc=0x0000000002eca0f4 method=java.lang.Math.min(DD)D @ 36
Event: 133.293 Thread 0x00000000021de000 Uncommon trap: reason=unstable_if action=reinterpret pc=0x0000000002bbb0f4 method=java.util.ArrayList.rangeCheck(I)V @ 5
Event: 149.408 Thread 0x00000000021de000 Uncommon trap: reason=unstable_if action=reinterpret pc=0x0000000002f3f4a8 method=com.saiglobal.sf.allocator.processor.MIPProcessor.schedule(Ljava/util/List;Ljava/util/List;)Ljava/util/List; @ 432
Event: 195.923 Thread 0x00000000021de000 Uncommon trap: reason=unstable_if action=reinterpret pc=0x0000000002fbaa2c method=com.saiglobal.sf.allocator.processor.MIPProcessor.schedule(Ljava/util/List;Ljava/util/List;)Ljava/util/List; @ 178
Event: 195.937 Thread 0x00000000021de000 Uncommon trap: reason=unstable_if action=reinterpret pc=0x0000000002fb575c method=com.saiglobal.sf.allocator.processor.MIPProcessor.schedule(Ljava/util/List;Ljava/util/List;)Ljava/util/List; @ 338

Internal exceptions (10 events):
Event: 0.397 Thread 0x00000000021de000 Exception <a 'java/lang/ClassNotFoundException': org/apache/log4j/AppenderSkeletonBeanInfo> (0x00000000d62775e8) thrown at [C:\re\workspace\8-2-build-windows-amd64-cygwin\jdk8u91\6644\hotspot\src\share\vm\classfile\systemDictionary.cpp, line 210]
Event: 0.398 Thread 0x00000000021de000 Exception <a 'java/lang/ClassNotFoundException': org/apache/log4j/AppenderSkeletonCustomizer> (0x00000000d627e9f0) thrown at [C:\re\workspace\8-2-build-windows-amd64-cygwin\jdk8u91\6644\hotspot\src\share\vm\classfile\systemDictionary.cpp, line 210]
Event: 0.401 Thread 0x00000000021de000 Exception <a 'java/lang/ClassNotFoundException': org/apache/log4j/WriterAppenderCustomizer> (0x00000000d62993a0) thrown at [C:\re\workspace\8-2-build-windows-amd64-cygwin\jdk8u91\6644\hotspot\src\share\vm\classfile\systemDictionary.cpp, line 210]
Event: 0.404 Thread 0x00000000021de000 Exception <a 'java/lang/ClassNotFoundException': org/apache/log4j/FileAppenderCustomizer> (0x00000000d62acb88) thrown at [C:\re\workspace\8-2-build-windows-amd64-cygwin\jdk8u91\6644\hotspot\src\share\vm\classfile\systemDictionary.cpp, line 210]
Event: 0.408 Thread 0x00000000021de000 Exception <a 'java/lang/ClassNotFoundException': org/apache/log4j/RollingFileAppenderCustomizer> (0x00000000d62c0450) thrown at [C:\re\workspace\8-2-build-windows-amd64-cygwin\jdk8u91\6644\hotspot\src\share\vm\classfile\systemDictionary.cpp, line 210]
Event: 0.414 Thread 0x00000000021de000 Exception <a 'java/lang/ClassNotFoundException': org/apache/log4j/ConsoleAppenderBeanInfo> (0x00000000d62e9b60) thrown at [C:\re\workspace\8-2-build-windows-amd64-cygwin\jdk8u91\6644\hotspot\src\share\vm\classfile\systemDictionary.cpp, line 210]
Event: 0.415 Thread 0x00000000021de000 Exception <a 'java/lang/ClassNotFoundException': org/apache/log4j/ConsoleAppenderCustomizer> (0x00000000d62f0430) thrown at [C:\re\workspace\8-2-build-windows-amd64-cygwin\jdk8u91\6644\hotspot\src\share\vm\classfile\systemDictionary.cpp, line 210]
Event: 0.544 Thread 0x00000000021de000 Implicit null exception at 0x0000000002b6b0c6 to 0x0000000002b6b3ed
Event: 3.900 Thread 0x00000000021de000 Exception <a 'java/lang/NoSuchFieldError': method resolution failed> (0x00000000d6eb5218) thrown at [C:\re\workspace\8-2-build-windows-amd64-cygwin\jdk8u91\6644\hotspot\src\share\vm\prims\methodHandles.cpp, line 1146]
Event: 3.901 Thread 0x00000000021de000 Exception <a 'java/lang/NoSuchFieldError': method resolution failed> (0x00000000d6ec2538) thrown at [C:\re\workspace\8-2-build-windows-amd64-cygwin\jdk8u91\6644\hotspot\src\share\vm\prims\methodHandles.cpp, line 1146]

Events (10 events):
Event: 262.009 Executing VM operation: RevokeBias
Event: 262.009 Executing VM operation: RevokeBias done
Event: 262.009 Executing VM operation: RevokeBias
Event: 262.009 Executing VM operation: RevokeBias done
Event: 262.009 Executing VM operation: RevokeBias
Event: 262.009 Executing VM operation: RevokeBias done
Event: 262.011 Thread 0x0000000057752000 DEOPT PACKING pc=0x0000000002a82985 sp=0x0000000058a3f0b0
Event: 262.011 Thread 0x0000000057752000 DEOPT UNPACKING pc=0x00000000029b787f sp=0x0000000058a3ee00 mode 0
Event: 262.017 Thread 0x0000000057799800 DEOPT PACKING pc=0x0000000002a7d4c2 sp=0x00000000587dedc0
Event: 262.017 Thread 0x0000000057799800 DEOPT UNPACKING pc=0x00000000029b787f sp=0x00000000587deb30 mode 0


Dynamic libraries:
0x000000013fc80000 - 0x000000013fcb7000 	C:\Program Files\Java\jre1.8.0_91\bin\javaw.exe
0x0000000077bd0000 - 0x0000000077d7a000 	C:\windows\SYSTEM32\ntdll.dll
0x0000000077ab0000 - 0x0000000077bcf000 	C:\windows\system32\kernel32.dll
0x000007fefdaa0000 - 0x000007fefdb0a000 	C:\windows\system32\KERNELBASE.dll
0x000007fefed40000 - 0x000007fefee1b000 	C:\windows\system32\ADVAPI32.dll
0x000007fefe760000 - 0x000007fefe7ff000 	C:\windows\system32\msvcrt.dll
0x000007fefe800000 - 0x000007fefe81f000 	C:\windows\SYSTEM32\sechost.dll
0x000007fefdcc0000 - 0x000007fefdded000 	C:\windows\system32\RPCRT4.dll
0x00000000779b0000 - 0x0000000077aaa000 	C:\windows\system32\USER32.dll
0x000007fefee20000 - 0x000007fefee87000 	C:\windows\system32\GDI32.dll
0x000007fefddf0000 - 0x000007fefddfe000 	C:\windows\system32\LPK.dll
0x000007fefe690000 - 0x000007fefe75a000 	C:\windows\system32\USP10.dll
0x000007fefbf40000 - 0x000007fefc134000 	C:\windows\WinSxS\amd64_microsoft.windows.common-controls_6595b64144ccf1df_6.0.7601.18837_none_fa3b1e3d17594757\COMCTL32.dll
0x000007fefde00000 - 0x000007fefde71000 	C:\windows\system32\SHLWAPI.dll
0x000007fefea10000 - 0x000007fefea3e000 	C:\windows\system32\IMM32.DLL
0x000007fefe900000 - 0x000007fefea09000 	C:\windows\system32\MSCTF.dll
0x0000000068000000 - 0x0000000068056000 	C:\windows\system32\QIPCAP64.DLL
0x000007fefee90000 - 0x000007feffc1a000 	C:\windows\system32\SHELL32.dll
0x000007fefcf60000 - 0x000007fefcfbb000 	C:\windows\system32\DNSAPI.dll
0x000007fefe160000 - 0x000007fefe1ad000 	C:\windows\system32\WS2_32.dll
0x000007fefea40000 - 0x000007fefea48000 	C:\windows\system32\NSI.dll
0x0000000079190000 - 0x0000000079262000 	C:\Program Files\Java\jre1.8.0_91\bin\msvcr100.dll
0x0000000070040000 - 0x00000000708d3000 	C:\Program Files\Java\jre1.8.0_91\bin\server\jvm.dll
0x000007fefada0000 - 0x000007fefada9000 	C:\windows\system32\WSOCK32.dll
0x000007fefb690000 - 0x000007fefb6cb000 	C:\windows\system32\WINMM.dll
0x000007fefc9c0000 - 0x000007fefc9cc000 	C:\windows\system32\VERSION.dll
0x0000000077d90000 - 0x0000000077d97000 	C:\windows\system32\PSAPI.DLL
0x0000000067f80000 - 0x0000000067f8f000 	C:\Program Files\Java\jre1.8.0_91\bin\verify.dll
0x00000000625d0000 - 0x00000000625f9000 	C:\Program Files\Java\jre1.8.0_91\bin\java.dll
0x0000000062530000 - 0x0000000062546000 	C:\Program Files\Java\jre1.8.0_91\bin\zip.dll
0x000007fefe480000 - 0x000007fefe683000 	C:\windows\system32\ole32.dll
0x000007fefd900000 - 0x000007fefd90f000 	C:\windows\system32\profapi.dll
0x00000000616f0000 - 0x000000006170a000 	C:\Program Files\Java\jre1.8.0_91\bin\net.dll
0x000007fefd0e0000 - 0x000007fefd135000 	C:\windows\system32\mswsock.dll
0x000007fefd0d0000 - 0x000007fefd0d7000 	C:\windows\System32\wship6.dll
0x000007fecb2c0000 - 0x000007fecc040000 	C:\Code\DataAnalysisBB\dataanalysis\SFResourceAllocator\lib\jniortools.dll
0x000007feec590000 - 0x000007feec62f000 	C:\windows\system32\MSVCP140.dll
0x000007fefaf20000 - 0x000007fefaf37000 	C:\windows\system32\VCRUNTIME140.dll
0x000007fefb300000 - 0x000007fefb304000 	C:\windows\system32\api-ms-win-crt-runtime-l1-1-0.dll
0x000007feec310000 - 0x000007feec404000 	C:\windows\system32\ucrtbase.DLL
0x000007fefb290000 - 0x000007fefb293000 	C:\windows\system32\api-ms-win-core-timezone-l1-1-0.dll
0x000007fefacf0000 - 0x000007fefacf3000 	C:\windows\system32\api-ms-win-core-file-l2-1-0.dll
0x000007fef6bc0000 - 0x000007fef6bc3000 	C:\windows\system32\api-ms-win-core-localization-l1-2-0.dll
0x000007fef1120000 - 0x000007fef1123000 	C:\windows\system32\api-ms-win-core-synch-l1-2-0.dll
0x000007fef1110000 - 0x000007fef1113000 	C:\windows\system32\api-ms-win-core-processthreads-l1-1-1.dll
0x000007fef0330000 - 0x000007fef0333000 	C:\windows\system32\api-ms-win-core-file-l1-2-0.dll
0x000007fef0320000 - 0x000007fef0324000 	C:\windows\system32\api-ms-win-crt-string-l1-1-0.dll
0x000007feed090000 - 0x000007feed093000 	C:\windows\system32\api-ms-win-crt-heap-l1-1-0.dll
0x000007feed080000 - 0x000007feed084000 	C:\windows\system32\api-ms-win-crt-stdio-l1-1-0.dll
0x000007feed070000 - 0x000007feed074000 	C:\windows\system32\api-ms-win-crt-convert-l1-1-0.dll
0x000007feed060000 - 0x000007feed063000 	C:\windows\system32\api-ms-win-crt-locale-l1-1-0.dll
0x000007feed050000 - 0x000007feed055000 	C:\windows\system32\api-ms-win-crt-math-l1-1-0.dll
0x000007feed040000 - 0x000007feed045000 	C:\windows\system32\api-ms-win-crt-multibyte-l1-1-0.dll
0x000007feed030000 - 0x000007feed033000 	C:\windows\system32\api-ms-win-crt-time-l1-1-0.dll
0x000007feec580000 - 0x000007feec583000 	C:\windows\system32\api-ms-win-crt-filesystem-l1-1-0.dll
0x000007feec570000 - 0x000007feec573000 	C:\windows\system32\api-ms-win-crt-environment-l1-1-0.dll
0x000007feec560000 - 0x000007feec563000 	C:\windows\system32\api-ms-win-crt-utility-l1-1-0.dll
0x000007fefadb0000 - 0x000007fefaed5000 	C:\windows\system32\dbghelp.dll

VM Arguments:
jvm_args: -Djava.library.path=lib -Dfile.encoding=Cp1252 
java_command: com.saiglobal.sf.allocator.main.ResourceAllocator -ai com.saiglobal.sf.allocator.implementation.ResourceAllocatorMIPUK -includePipeline false -logLevel INFO
java_class_path (initial): C:\Code\DataAnalysisBB\dataanalysis\SFResourceAllocator\bin;C:\Code\DataAnalysis\SFResourceAllocator\lib\org.apache.log4j_1.2.13.v200903072027.jar;C:\Code\DataAnalysisBB\dataanalysis\SFCore\bin;C:\Code\DataAnalysis\SFCore\lib\commons-cli-1.2.jar;C:\Code\DataAnalysis\SFCore\lib\commons-logging-1.1.3.jar;C:\Code\DataAnalysis\SFCore\lib\geocoder-java-0.15.jar;C:\Code\DataAnalysis\SFCore\lib\gson-2.2.4.jar;C:\Code\DataAnalysis\SFCore\lib\org.apache.log4j_1.2.13.v200903072027.jar;C:\Code\DataAnalysis\SFCore\lib\jsch-0.1.50.jar;C:\Code\DataAnalysis\SFCore\lib\sqljdbc4.jar;C:\Code\DataAnalysis\SFCore\lib\javax.mail.jar;C:\Code\DataAnalysis\SFCore\lib\mysql-connector-java-5.1.35-bin.jar;C:\Code\DataAnalysis\SFCore\lib\commons-lang-2.5.jar;C:\Code\DataAnalysis\SFCore\lib\force-wsc-32.0.0.jar;C:\Code\DataAnalysis\SFCore\lib\wsc.partner.32.jar;C:\Code\DataAnalysisBB\dataanalysis\SFResourceAllocator\lib\com.google.ortools.jar;C:\Code\DataAnalysisBB\dataanalysis\SFResourceAllocator\lib\protobuf.jar
Launcher Type: SUN_STANDARD

Environment Variables:
PATH=C:/Program Files/Java/jre1.8.0_91/bin/server;C:/Program Files/Java/jre1.8.0_91/bin;C:/Program Files/Java/jre1.8.0_91/lib/amd64;C:\ProgramData\Oracle\Java\javapath;C:\windows\system32;C:\windows;C:\windows\System32\Wbem;C:\windows\System32\WindowsPowerShell\v1.0\;C:\Program Files (x86)\Common Files\Roxio Shared\DLLShared\;C:\Program Files (x86)\Common Files\Roxio Shared\10.0\DLLShared\;C:\Program Files (x86)\ATI Technologies\ATI.ACE\Core-Static;C:\Program Files (x86)\MySQL\MySQL Utilities 1.4\;C:\Program Files (x86)\MySQL\MySQL Utilities 1.4\Doctrine extensions for PHP\;C:\Program Files\nodejs\;C:\TDM-GCC-64\bin;C:\Users\conluc0\AppData\Local\Continuum\Anaconda;C:\Users\conluc0\AppData\Local\Continuum\Anaconda\Scripts;C:\Users\conluc0\AppData\Roaming\npm;C:\TDM-GCC-64\bin;C:\eclipse;
USERNAME=conluc0
OS=Windows_NT
PROCESSOR_IDENTIFIER=Intel64 Family 6 Model 69 Stepping 1, GenuineIntel



---------------  S Y S T E M  ---------------

OS: Windows 7 , 64 bit Build 7601 (6.1.7601.23572)

CPU:total 4 (2 cores per cpu, 2 threads per core) family 6 model 69 stepping 1, cmov, cx8, fxsr, mmx, sse, sse2, sse3, ssse3, sse4.1, sse4.2, popcnt, avx, avx2, aes, clmul, erms, lzcnt, ht, tsc, tscinvbit, bmi1, bmi2

Memory: 4k page, physical 8283244k(3561424k free), swap 16564628k(11143528k free)

vm_info: Java HotSpot(TM) 64-Bit Server VM (25.91-b14) for windows-amd64 JRE (1.8.0_91-b14), built on Apr  1 2016 00:58:32 by "java_re" with MS VC++ 10.0 (VS2010)

time: Mon Feb 13 12:08:45 2017
elapsed time: 270 seconds (0d 0h 4m 30s)

