#
# A fatal error has been detected by the Java Runtime Environment:
#
#  EXCEPTION_UNCAUGHT_CXX_EXCEPTION (0xe06d7363) at pc=0x000007fefd99a06d, pid=6724, tid=0x0000000000000d5c
#
# JRE version: Java(TM) SE Runtime Environment (8.0_121-b13) (build 1.8.0_121-b13)
# Java VM: Java HotSpot(TM) 64-Bit Server VM (25.121-b13 mixed mode windows-amd64 compressed oops)
# Problematic frame:
# C  [KERNELBASE.dll+0x1a06d]
#
# Failed to write core dump. Minidumps are not enabled by default on client versions of Windows
#
# If you would like to submit a bug report, please visit:
#   http://bugreport.java.com/bugreport/crash.jsp
# The crash happened outside the Java Virtual Machine in native code.
# See problematic frame for where to report the bug.
#

---------------  T H R E A D  ---------------

Current thread (0x000000000202e000):  JavaThread "main" [_thread_in_native, id=3420, stack(0x00000000025c0000,0x00000000026c0000)]

siginfo: ExceptionCode=0xe06d7363, ExceptionInformation=0x0000000019930520 0x00000000026a2800 0x000007fedaf2c2b0 0x000007feda2b0000 

Registers:
RAX=0x000000006d32965f, RBX=0x000000001b54abd4, RCX=0x00000000026a2080, RDX=0x00000000000000d0
RSP=0x00000000026a2690, RBP=0x00000000026a27c0, RSI=0x000007fedaf2c2b0, RDI=0x00000002f8d86d60
R8 =0x0000000000000000, R9 =0x0000000000000000, R10=0x000007feda2b0000, R11=0x00000000026a26d0
R12=0x0000000414b70040, R13=0xffffffffffffffff, R14=0x00000000026a2800, R15=0x0000000000000000
RIP=0x000007fefd99a06d, EFLAGS=0x0000000000000206

Top of Stack: (sp=0x00000000026a2690)
0x00000000026a2690:   000000001b54abd4 000007fedaf2c2b0
0x00000000026a26a0:   00000002f8d86d60 00000000002c9760
0x00000000026a26b0:   00000001e06d7363 0000000000000000
0x00000000026a26c0:   000007fefd99a06d 000007fe00000004
0x00000000026a26d0:   0000000019930520 00000000026a2800
0x00000000026a26e0:   000007fedaf2c2b0 000007feda2b0000
0x00000000026a26f0:   00000000c0000017 00000000026a2778
0x00000000026a2700:   000000001b54abd4 000000001b54ac18
0x00000000026a2710:   000000000032cba0 00000000026a2800
0x00000000026a2720:   0000000000000000 000007fedaaa0c85
0x00000000026a2730:   00000000026a2800 ffffffffffffffff
0x00000000026a2740:   0000000414b70040 00000002f8d86d60
0x00000000026a2750:   000007fedaf2c2b0 000007fefaef4572
0x00000000026a2760:   000000001b54abd4 00000000026a27e0
0x00000000026a2770:   0000000000000001 000007feda2b0110
0x00000000026a2780:   00000001e06d7363 0000000000000000 

Instructions: (pc=0x000007fefd99a06d)
0x000007fefd99a04d:   54 24 24 48 89 4c 24 28 4d 85 c9 0f 85 6a 03 00
0x000007fefd99a05d:   00 89 4c 24 38 48 8d 4c 24 20 ff 15 33 02 03 00
0x000007fefd99a06d:   48 81 c4 c8 00 00 00 c3 90 90 90 90 90 90 90 90
0x000007fefd99a07d:   90 90 90 48 83 ec 28 65 48 8b 04 25 30 00 00 00 


Register to memory mapping:

RAX=0x000000006d32965f is an unknown value
RBX=0x000000001b54abd4 is an unknown value
RCX=0x00000000026a2080 is pointing into the stack for thread: 0x000000000202e000
RDX=0x00000000000000d0 is an unknown value
RSP=0x00000000026a2690 is pointing into the stack for thread: 0x000000000202e000
RBP=0x00000000026a27c0 is pointing into the stack for thread: 0x000000000202e000
RSI=0x000007fedaf2c2b0 is an unknown value
RDI=0x00000002f8d86d60 is an unknown value
R8 =0x0000000000000000 is an unknown value
R9 =0x0000000000000000 is an unknown value
R10=0x000007feda2b0000 is an unknown value
R11=0x00000000026a26d0 is pointing into the stack for thread: 0x000000000202e000
R12=0x0000000414b70040 is an unknown value
R13=0xffffffffffffffff is an unknown value
R14=0x00000000026a2800 is pointing into the stack for thread: 0x000000000202e000
R15=0x0000000000000000 is an unknown value


Stack: [0x00000000025c0000,0x00000000026c0000],  sp=0x00000000026a2690,  free space=905k
Native frames: (J=compiled Java code, j=interpreted, Vv=VM code, C=native code)
C  [KERNELBASE.dll+0x1a06d]
C  [VCRUNTIME140.dll+0x4572]
C  [jniortools.dll+0x949e07]
C  [jniortools.dll+0x948615]
C  [jniortools.dll+0x7f04e6]
C  [jniortools.dll+0x6d6526]
C  [jniortools.dll+0x62abda]
C  [jniortools.dll+0x53d31a]
C  [jniortools.dll+0x54ebf3]
C  [jniortools.dll+0x54ef49]
C  [jniortools.dll+0x459dfc]
C  [jniortools.dll+0x440e7b]
C  [jniortools.dll+0x440f7b]
C  0x00000000029a7f54

Java frames: (J=compiled Java code, j=interpreted, Vv=VM code)
j  com.google.ortools.linearsolver.operations_research_linear_solverJNI.MPSolver_solve__SWIG_0(JLcom/google/ortools/linearsolver/MPSolver;)I+0
j  com.google.ortools.linearsolver.MPSolver.solve()Lcom/google/ortools/linearsolver/MPSolver$ResultStatus;+5
J 2148 C2 com.saiglobal.sf.allocator.processor.MIP3Processor.solve([[[[I)Lcom/saiglobal/sf/allocator/processor/MIP3Processor$SolverResult; (1650 bytes) @ 0x00000000030ac45c [0x00000000030a7fe0+0x447c]
J 2145 C2 com.saiglobal.sf.allocator.processor.MIP3Processor.scheduleBatch()Ljava/util/List; (897 bytes) @ 0x0000000002fee904 [0x0000000002fede20+0xae4]
j  com.saiglobal.sf.allocator.processor.MIP3Processor.execute()V+155
j  com.saiglobal.sf.allocator.main.ResourceAllocator.main([Ljava/lang/String;)V+382
v  ~StubRoutines::call_stub

---------------  P R O C E S S  ---------------

Java Threads: ( => current thread )
  0x0000000059d2e800 JavaThread "Abandoned connection cleanup thread" daemon [_thread_blocked, id=8832, stack(0x000000005a780000,0x000000005a880000)]
  0x00000000592bb000 JavaThread "Service Thread" daemon [_thread_blocked, id=8632, stack(0x0000000059920000,0x0000000059a20000)]
  0x0000000059262000 JavaThread "C1 CompilerThread2" daemon [_thread_blocked, id=9480, stack(0x00000000596d0000,0x00000000597d0000)]
  0x0000000059260800 JavaThread "C2 CompilerThread1" daemon [_thread_blocked, id=8248, stack(0x0000000058e50000,0x0000000058f50000)]
  0x00000000577c5800 JavaThread "C2 CompilerThread0" daemon [_thread_blocked, id=2492, stack(0x0000000059160000,0x0000000059260000)]
  0x00000000577be000 JavaThread "Attach Listener" daemon [_thread_blocked, id=7304, stack(0x0000000058f70000,0x0000000059070000)]
  0x00000000577cf000 JavaThread "Signal Dispatcher" daemon [_thread_blocked, id=11424, stack(0x0000000058cb0000,0x0000000058db0000)]
  0x00000000577a9800 JavaThread "Finalizer" daemon [_thread_blocked, id=5852, stack(0x0000000058b80000,0x0000000058c80000)]
  0x0000000057762800 JavaThread "Reference Handler" daemon [_thread_blocked, id=8704, stack(0x0000000058a00000,0x0000000058b00000)]
=>0x000000000202e000 JavaThread "main" [_thread_in_native, id=3420, stack(0x00000000025c0000,0x00000000026c0000)]

Other Threads:
  0x000000005775b000 VMThread [stack: 0x0000000058720000,0x0000000058820000] [id=6740]
  0x0000000059302800 WatcherThread [stack: 0x0000000059ad0000,0x0000000059bd0000] [id=5860]

VM state:not at safepoint (normal execution)

VM Mutex/Monitor currently owned by a thread: None

Heap:
 PSYoungGen      total 331264K, used 222173K [0x00000000d5d80000, 0x00000000ed500000, 0x0000000100000000)
  eden space 292864K, 63% used [0x00000000d5d80000,0x00000000e140f418,0x00000000e7b80000)
  from space 38400K, 91% used [0x00000000ea600000,0x00000000ec868000,0x00000000ecb80000)
  to   space 43520K, 0% used [0x00000000e7b80000,0x00000000e7b80000,0x00000000ea600000)
 ParOldGen       total 118272K, used 71240K [0x0000000081800000, 0x0000000088b80000, 0x00000000d5d80000)
  object space 118272K, 60% used [0x0000000081800000,0x0000000085d92320,0x0000000088b80000)
 Metaspace       used 12877K, capacity 13128K, committed 13312K, reserved 1060864K
  class space    used 1326K, capacity 1430K, committed 1536K, reserved 1048576K

Card table byte_map: [0x0000000011d50000,0x0000000012150000] byte_map_base: 0x0000000011944000

Marking Bits: (ParMarkBitMap*) 0x000000007042b6d0
 Begin Bits: [0x0000000012a90000, 0x0000000014a30000)
 End Bits:   [0x0000000014a30000, 0x00000000169d0000)

Polling page: 0x0000000001d30000

CodeCache: size=245760Kb used=8034Kb max_used=8530Kb free=237725Kb
 bounds [0x0000000002990000, 0x0000000003220000, 0x0000000011990000]
 total_blobs=2230 nmethods=1800 adapters=342
 compilation: enabled

Compilation events (10 events):
Event: 466.738 Thread 0x0000000059262000 2212       3       java.util.stream.ReferencePipeline$3::opWrapSink (10 bytes)
Event: 466.739 Thread 0x0000000059262000 nmethod 2212 0x0000000002be4a10 code [0x0000000002be4ba0, 0x0000000002be4fe8]
Event: 466.752 Thread 0x00000000577c5800 2213 %     4       com.saiglobal.sf.allocator.processor.MIP3Processor::getResourceAvailailityMatrix @ 257 (355 bytes)
Event: 466.827 Thread 0x0000000059260800 2214       4       java.util.stream.ReduceOps$2::makeSink (5 bytes)
Event: 466.828 Thread 0x0000000059260800 nmethod 2214 0x0000000002a9a110 code [0x0000000002a9a260, 0x0000000002a9a318]
Event: 466.834 Thread 0x0000000059260800 2215       4       java.util.stream.ReduceOps$2ReducingSink::get (5 bytes)
Event: 466.835 Thread 0x0000000059260800 nmethod 2215 0x0000000002e27dd0 code [0x0000000002e27f20, 0x0000000002e28018]
Event: 467.118 Thread 0x00000000577c5800 nmethod 2213% 0x00000000030cd3d0 code [0x00000000030cd9c0, 0x00000000030d2c68]
Event: 469.414 Thread 0x0000000059260800 2216 %     4       java.lang.String::lastIndexOf @ 62 (151 bytes)
Event: 469.418 Thread 0x0000000059260800 nmethod 2216% 0x0000000002d00190 code [0x0000000002d002e0, 0x0000000002d00718]

GC Heap History (10 events):
Event: 103.691 GC heap before
{Heap before GC invocations=9 (full 1):
 PSYoungGen      total 144896K, used 27120K [0x00000000d5d80000, 0x00000000e3280000, 0x0000000100000000)
  eden space 117760K, 0% used [0x00000000d5d80000,0x00000000d5d80000,0x00000000dd080000)
  from space 27136K, 99% used [0x00000000dfa00000,0x00000000e147c010,0x00000000e1480000)
  to   space 42496K, 0% used [0x00000000dd080000,0x00000000dd080000,0x00000000dfa00000)
 ParOldGen       total 87552K, used 66728K [0x0000000081800000, 0x0000000086d80000, 0x00000000d5d80000)
  object space 87552K, 76% used [0x0000000081800000,0x000000008592a290,0x0000000086d80000)
 Metaspace       used 12862K, capacity 13116K, committed 13312K, reserved 1060864K
  class space    used 1325K, capacity 1430K, committed 1536K, reserved 1048576K
Event: 103.796 GC heap after
Heap after GC invocations=9 (full 1):
 PSYoungGen      total 144896K, used 0K [0x00000000d5d80000, 0x00000000e3280000, 0x0000000100000000)
  eden space 117760K, 0% used [0x00000000d5d80000,0x00000000d5d80000,0x00000000dd080000)
  from space 27136K, 0% used [0x00000000dfa00000,0x00000000dfa00000,0x00000000e1480000)
  to   space 42496K, 0% used [0x00000000dd080000,0x00000000dd080000,0x00000000dfa00000)
 ParOldGen       total 118272K, used 57232K [0x0000000081800000, 0x0000000088b80000, 0x00000000d5d80000)
  object space 118272K, 48% used [0x0000000081800000,0x0000000084fe4310,0x0000000088b80000)
 Metaspace       used 12862K, capacity 13116K, committed 13312K, reserved 1060864K
  class space    used 1325K, capacity 1430K, committed 1536K, reserved 1048576K
}
Event: 126.411 GC heap before
{Heap before GC invocations=10 (full 1):
 PSYoungGen      total 144896K, used 117760K [0x00000000d5d80000, 0x00000000e3280000, 0x0000000100000000)
  eden space 117760K, 100% used [0x00000000d5d80000,0x00000000dd080000,0x00000000dd080000)
  from space 27136K, 0% used [0x00000000dfa00000,0x00000000dfa00000,0x00000000e1480000)
  to   space 42496K, 0% used [0x00000000dd080000,0x00000000dd080000,0x00000000dfa00000)
 ParOldGen       total 118272K, used 57232K [0x0000000081800000, 0x0000000088b80000, 0x00000000d5d80000)
  object space 118272K, 48% used [0x0000000081800000,0x0000000084fe4310,0x0000000088b80000)
 Metaspace       used 12868K, capacity 13116K, committed 13312K, reserved 1060864K
  class space    used 1325K, capacity 1430K, committed 1536K, reserved 1048576K
Event: 126.439 GC heap after
Heap after GC invocations=10 (full 1):
 PSYoungGen      total 160256K, used 12432K [0x00000000d5d80000, 0x00000000e6280000, 0x0000000100000000)
  eden space 117760K, 0% used [0x00000000d5d80000,0x00000000d5d80000,0x00000000dd080000)
  from space 42496K, 29% used [0x00000000dd080000,0x00000000ddca4010,0x00000000dfa00000)
  to   space 39936K, 0% used [0x00000000e3b80000,0x00000000e3b80000,0x00000000e6280000)
 ParOldGen       total 118272K, used 57232K [0x0000000081800000, 0x0000000088b80000, 0x00000000d5d80000)
  object space 118272K, 48% used [0x0000000081800000,0x0000000084fe4310,0x0000000088b80000)
 Metaspace       used 12868K, capacity 13116K, committed 13312K, reserved 1060864K
  class space    used 1325K, capacity 1430K, committed 1536K, reserved 1048576K
}
Event: 126.710 GC heap before
{Heap before GC invocations=11 (full 1):
 PSYoungGen      total 160256K, used 130192K [0x00000000d5d80000, 0x00000000e6280000, 0x0000000100000000)
  eden space 117760K, 100% used [0x00000000d5d80000,0x00000000dd080000,0x00000000dd080000)
  from space 42496K, 29% used [0x00000000dd080000,0x00000000ddca4010,0x00000000dfa00000)
  to   space 39936K, 0% used [0x00000000e3b80000,0x00000000e3b80000,0x00000000e6280000)
 ParOldGen       total 118272K, used 57232K [0x0000000081800000, 0x0000000088b80000, 0x00000000d5d80000)
  object space 118272K, 48% used [0x0000000081800000,0x0000000084fe4310,0x0000000088b80000)
 Metaspace       used 12868K, capacity 13116K, committed 13312K, reserved 1060864K
  class space    used 1325K, capacity 1430K, committed 1536K, reserved 1048576K
Event: 126.731 GC heap after
Heap after GC invocations=11 (full 1):
 PSYoungGen      total 224256K, used 12064K [0x00000000d5d80000, 0x00000000e5f80000, 0x0000000100000000)
  eden space 187392K, 0% used [0x00000000d5d80000,0x00000000d5d80000,0x00000000e1480000)
  from space 36864K, 32% used [0x00000000e3b80000,0x00000000e4748000,0x00000000e5f80000)
  to   space 38400K, 0% used [0x00000000e1480000,0x00000000e1480000,0x00000000e3a00000)
 ParOldGen       total 118272K, used 57232K [0x0000000081800000, 0x0000000088b80000, 0x00000000d5d80000)
  object space 118272K, 48% used [0x0000000081800000,0x0000000084fe4310,0x0000000088b80000)
 Metaspace       used 12868K, capacity 13116K, committed 13312K, reserved 1060864K
  class space    used 1325K, capacity 1430K, committed 1536K, reserved 1048576K
}
Event: 460.922 GC heap before
{Heap before GC invocations=12 (full 1):
 PSYoungGen      total 224256K, used 199456K [0x00000000d5d80000, 0x00000000e5f80000, 0x0000000100000000)
  eden space 187392K, 100% used [0x00000000d5d80000,0x00000000e1480000,0x00000000e1480000)
  from space 36864K, 32% used [0x00000000e3b80000,0x00000000e4748000,0x00000000e5f80000)
  to   space 38400K, 0% used [0x00000000e1480000,0x00000000e1480000,0x00000000e3a00000)
 ParOldGen       total 118272K, used 57232K [0x0000000081800000, 0x0000000088b80000, 0x00000000d5d80000)
  object space 118272K, 48% used [0x0000000081800000,0x0000000084fe4310,0x0000000088b80000)
 Metaspace       used 12873K, capacity 13124K, committed 13312K, reserved 1060864K
  class space    used 1326K, capacity 1430K, committed 1536K, reserved 1048576K
Event: 461.263 GC heap after
Heap after GC invocations=12 (full 1):
 PSYoungGen      total 225792K, used 21728K [0x00000000d5d80000, 0x00000000ecb80000, 0x0000000100000000)
  eden space 187392K, 0% used [0x00000000d5d80000,0x00000000d5d80000,0x00000000e1480000)
  from space 38400K, 56% used [0x00000000e1480000,0x00000000e29b8000,0x00000000e3a00000)
  to   space 38400K, 0% used [0x00000000ea600000,0x00000000ea600000,0x00000000ecb80000)
 ParOldGen       total 118272K, used 60856K [0x0000000081800000, 0x0000000088b80000, 0x00000000d5d80000)
  object space 118272K, 51% used [0x0000000081800000,0x000000008536e320,0x0000000088b80000)
 Metaspace       used 12873K, capacity 13124K, committed 13312K, reserved 1060864K
  class space    used 1326K, capacity 1430K, committed 1536K, reserved 1048576K
}
Event: 466.934 GC heap before
{Heap before GC invocations=13 (full 1):
 PSYoungGen      total 225792K, used 209120K [0x00000000d5d80000, 0x00000000ecb80000, 0x0000000100000000)
  eden space 187392K, 100% used [0x00000000d5d80000,0x00000000e1480000,0x00000000e1480000)
  from space 38400K, 56% used [0x00000000e1480000,0x00000000e29b8000,0x00000000e3a00000)
  to   space 38400K, 0% used [0x00000000ea600000,0x00000000ea600000,0x00000000ecb80000)
 ParOldGen       total 118272K, used 60856K [0x0000000081800000, 0x0000000088b80000, 0x00000000d5d80000)
  object space 118272K, 51% used [0x0000000081800000,0x000000008536e320,0x0000000088b80000)
 Metaspace       used 12877K, capacity 13128K, committed 13312K, reserved 1060864K
  class space    used 1326K, capacity 1430K, committed 1536K, reserved 1048576K
Event: 467.025 GC heap after
Heap after GC invocations=13 (full 1):
 PSYoungGen      total 331264K, used 35232K [0x00000000d5d80000, 0x00000000ed500000, 0x0000000100000000)
  eden space 292864K, 0% used [0x00000000d5d80000,0x00000000d5d80000,0x00000000e7b80000)
  from space 38400K, 91% used [0x00000000ea600000,0x00000000ec868000,0x00000000ecb80000)
  to   space 43520K, 0% used [0x00000000e7b80000,0x00000000e7b80000,0x00000000ea600000)
 ParOldGen       total 118272K, used 71240K [0x0000000081800000, 0x0000000088b80000, 0x00000000d5d80000)
  object space 118272K, 60% used [0x0000000081800000,0x0000000085d92320,0x0000000088b80000)
 Metaspace       used 12877K, capacity 13128K, committed 13312K, reserved 1060864K
  class space    used 1326K, capacity 1430K, committed 1536K, reserved 1048576K
}

Deoptimization events (10 events):
Event: 103.637 Thread 0x000000000202e000 Uncommon trap: reason=class_check action=maybe_recompile pc=0x0000000002b7f5b0 method=java.util.stream.Sink$ChainedReference.<init>(Ljava/util/stream/Sink;)V @ 9
Event: 103.637 Thread 0x000000000202e000 Uncommon trap: reason=class_check action=maybe_recompile pc=0x0000000002b7f5b0 method=java.util.stream.Sink$ChainedReference.<init>(Ljava/util/stream/Sink;)V @ 9
Event: 103.863 Thread 0x000000000202e000 Uncommon trap: reason=unstable_if action=reinterpret pc=0x000000000306db6c method=com.saiglobal.sf.allocator.processor.MIP3Processor.solve([[[[I)Lcom/saiglobal/sf/allocator/processor/MIP3Processor$SolverResult; @ 414
Event: 103.887 Thread 0x000000000202e000 Uncommon trap: reason=unstable_if action=reinterpret pc=0x00000000030b9da8 method=com.saiglobal.sf.allocator.processor.MIP3Processor.solve([[[[I)Lcom/saiglobal/sf/allocator/processor/MIP3Processor$SolverResult; @ 1281
Event: 104.261 Thread 0x000000000202e000 Uncommon trap: reason=unstable_if action=reinterpret pc=0x000000000305a750 method=com.saiglobal.sf.allocator.processor.MIP3Processor.solve([[[[I)Lcom/saiglobal/sf/allocator/processor/MIP3Processor$SolverResult; @ 256
Event: 126.608 Thread 0x000000000202e000 Uncommon trap: reason=unstable_if action=reinterpret pc=0x0000000002f56430 method=java.util.Date.compareTo(Ljava/util/Date;)I @ 26
Event: 126.609 Thread 0x000000000202e000 Uncommon trap: reason=unstable_if action=reinterpret pc=0x0000000002f55474 method=java.util.Date.compareTo(Ljava/util/Date;)I @ 26
Event: 126.610 Thread 0x000000000202e000 Uncommon trap: reason=unstable_if action=reinterpret pc=0x0000000002f54da8 method=java.util.Date.compareTo(Ljava/util/Date;)I @ 26
Event: 126.611 Thread 0x000000000202e000 Uncommon trap: reason=unstable_if action=reinterpret pc=0x0000000002f57d60 method=java.util.Date.compareTo(Ljava/util/Date;)I @ 26
Event: 126.808 Thread 0x000000000202e000 Uncommon trap: reason=unstable_if action=reinterpret pc=0x0000000002c79c78 method=com.saiglobal.sf.allocator.processor.MIP3Processor.scheduleBatch()Ljava/util/List; @ 124

Internal exceptions (10 events):
Event: 0.571 Thread 0x000000000202e000 Exception <a 'java/lang/ClassNotFoundException': org/apache/log4j/FileAppenderCustomizer> (0x00000000d62b28c8) thrown at [C:\re\workspace\8-2-build-windows-amd64-cygwin\jdk8u121\8372\hotspot\src\share\vm\classfile\systemDictionary.cpp, line 210]
Event: 0.572 Thread 0x000000000202e000 Exception <a 'java/lang/ClassNotFoundException': org/apache/log4j/RollingFileAppenderCustomizer> (0x00000000d62c61b0) thrown at [C:\re\workspace\8-2-build-windows-amd64-cygwin\jdk8u121\8372\hotspot\src\share\vm\classfile\systemDictionary.cpp, line 210]
Event: 0.578 Thread 0x000000000202e000 Exception <a 'java/lang/ClassNotFoundException': org/apache/log4j/ConsoleAppenderBeanInfo> (0x00000000d62ef8c0) thrown at [C:\re\workspace\8-2-build-windows-amd64-cygwin\jdk8u121\8372\hotspot\src\share\vm\classfile\systemDictionary.cpp, line 210]
Event: 0.579 Thread 0x000000000202e000 Exception <a 'java/lang/ClassNotFoundException': org/apache/log4j/ConsoleAppenderCustomizer> (0x00000000d62f6190) thrown at [C:\re\workspace\8-2-build-windows-amd64-cygwin\jdk8u121\8372\hotspot\src\share\vm\classfile\systemDictionary.cpp, line 210]
Event: 0.974 Thread 0x000000000202e000 Implicit null exception at 0x0000000002b8e246 to 0x0000000002b8e5f1
Event: 4.243 Thread 0x000000000202e000 Exception <a 'java/lang/NoSuchFieldError': method resolution failed> (0x00000000d6ee09a8) thrown at [C:\re\workspace\8-2-build-windows-amd64-cygwin\jdk8u121\8372\hotspot\src\share\vm\prims\methodHandles.cpp, line 1146]
Event: 4.249 Thread 0x000000000202e000 Exception <a 'java/lang/NoSuchFieldError': method resolution failed> (0x00000000d6eedcc8) thrown at [C:\re\workspace\8-2-build-windows-amd64-cygwin\jdk8u121\8372\hotspot\src\share\vm\prims\methodHandles.cpp, line 1146]
Event: 94.421 Thread 0x000000000202e000 Implicit null exception at 0x0000000002e3bc63 to 0x0000000002e3c7b5
Event: 97.417 Thread 0x000000000202e000 Implicit null exception at 0x0000000002dd8951 to 0x0000000002dd9749
Event: 97.474 Thread 0x000000000202e000 Exception <a 'java/lang/NoSuchMethodError': java.lang.Object.lambda$minBy$0(Ljava/util/Comparator;Ljava/lang/Object;Ljava/lang/Object;)Ljava/lang/Object;> (0x00000000d7a5f9b8) thrown at [C:\re\workspace\8-2-build-windows-amd64-cygwin\jdk8u121\8372\hotspot

Events (10 events):
Event: 460.748 Thread 0x000000000202e000 DEOPT PACKING pc=0x00000000030c3302 sp=0x00000000026bf0d0
Event: 460.748 Thread 0x000000000202e000 DEOPT UNPACKING pc=0x00000000029d787f sp=0x00000000026bede8 mode 0
Event: 460.921 Executing VM operation: ParallelGCFailedAllocation
Event: 461.263 Executing VM operation: ParallelGCFailedAllocation done
Event: 461.408 Thread 0x000000000202e000 DEOPT PACKING pc=0x0000000002ab20a8 sp=0x00000000026bf200
Event: 461.408 Thread 0x000000000202e000 DEOPT UNPACKING pc=0x00000000029d787f sp=0x00000000026bf008 mode 0
Event: 464.202 Thread 0x000000000202e000 DEOPT PACKING pc=0x0000000002de0e1b sp=0x00000000026be940
Event: 464.202 Thread 0x000000000202e000 DEOPT UNPACKING pc=0x00000000029d787f sp=0x00000000026be748 mode 0
Event: 466.934 Executing VM operation: ParallelGCFailedAllocation
Event: 467.025 Executing VM operation: ParallelGCFailedAllocation done


Dynamic libraries:
0x000000013f240000 - 0x000000013f277000 	C:\Program Files\Java\jdk1.8.0_121\bin\javaw.exe
0x0000000077ba0000 - 0x0000000077d4a000 	C:\windows\SYSTEM32\ntdll.dll
0x0000000077980000 - 0x0000000077a9f000 	C:\windows\system32\kernel32.dll
0x000007fefd980000 - 0x000007fefd9ea000 	C:\windows\system32\KERNELBASE.dll
0x000007fefe880000 - 0x000007fefe95b000 	C:\windows\system32\ADVAPI32.dll
0x000007fefdc60000 - 0x000007fefdcff000 	C:\windows\system32\msvcrt.dll
0x000007fefe3d0000 - 0x000007fefe3ef000 	C:\windows\SYSTEM32\sechost.dll
0x000007fefe960000 - 0x000007fefea8d000 	C:\windows\system32\RPCRT4.dll
0x0000000077aa0000 - 0x0000000077b9a000 	C:\windows\system32\USER32.dll
0x000007fefe3f0000 - 0x000007fefe457000 	C:\windows\system32\GDI32.dll
0x000007fefea90000 - 0x000007fefea9e000 	C:\windows\system32\LPK.dll
0x000007fefee50000 - 0x000007fefef1a000 	C:\windows\system32\USP10.dll
0x000007fefbe00000 - 0x000007fefbff4000 	C:\windows\WinSxS\amd64_microsoft.windows.common-controls_6595b64144ccf1df_6.0.7601.18837_none_fa3b1e3d17594757\COMCTL32.dll
0x000007fefef20000 - 0x000007fefef91000 	C:\windows\system32\SHLWAPI.dll
0x000007fefed10000 - 0x000007fefed3e000 	C:\windows\system32\IMM32.DLL
0x000007fefed40000 - 0x000007fefee49000 	C:\windows\system32\MSCTF.dll
0x0000000068000000 - 0x0000000068056000 	C:\windows\system32\QIPCAP64.DLL
0x000007fefefa0000 - 0x000007feffd2a000 	C:\windows\system32\SHELL32.dll
0x000007fefce40000 - 0x000007fefce9b000 	C:\windows\system32\DNSAPI.dll
0x000007fefe500000 - 0x000007fefe54d000 	C:\windows\system32\WS2_32.dll
0x000007fefdc50000 - 0x000007fefdc58000 	C:\windows\system32\NSI.dll
0x0000000060230000 - 0x0000000060302000 	C:\Program Files\Java\jdk1.8.0_121\jre\bin\msvcr100.dll
0x000000006fc10000 - 0x00000000704ab000 	C:\Program Files\Java\jdk1.8.0_121\jre\bin\server\jvm.dll
0x000007fefb010000 - 0x000007fefb019000 	C:\windows\system32\WSOCK32.dll
0x000007fefb6a0000 - 0x000007fefb6db000 	C:\windows\system32\WINMM.dll
0x000007fefc960000 - 0x000007fefc96c000 	C:\windows\system32\VERSION.dll
0x0000000077d70000 - 0x0000000077d77000 	C:\windows\system32\PSAPI.DLL
0x00000000748e0000 - 0x00000000748ef000 	C:\Program Files\Java\jdk1.8.0_121\jre\bin\verify.dll
0x0000000074370000 - 0x0000000074399000 	C:\Program Files\Java\jdk1.8.0_121\jre\bin\java.dll
0x0000000073ef0000 - 0x0000000073f06000 	C:\Program Files\Java\jdk1.8.0_121\jre\bin\zip.dll
0x000007fefdfd0000 - 0x000007fefe1cc000 	C:\windows\system32\ole32.dll
0x000007fefd8a0000 - 0x000007fefd8af000 	C:\windows\system32\profapi.dll
0x0000000067000000 - 0x000000006701a000 	C:\Program Files\Java\jdk1.8.0_121\jre\bin\net.dll
0x000007fefd060000 - 0x000007fefd0b5000 	C:\windows\system32\mswsock.dll
0x000007fefd050000 - 0x000007fefd057000 	C:\windows\System32\wship6.dll
0x0000000066fe0000 - 0x0000000066ff1000 	C:\Program Files\Java\jdk1.8.0_121\jre\bin\nio.dll
0x000007fefd6d0000 - 0x000007fefd727000 	C:\windows\system32\apphelp.dll
0x00000000748b0000 - 0x00000000748bd000 	C:\Program Files\Java\jdk1.8.0_121\jre\bin\management.dll
0x000007fefb5d0000 - 0x000007fefb5e5000 	C:\windows\system32\NLAapi.dll
0x000007fef0060000 - 0x000007fef0075000 	C:\windows\system32\napinsp.dll
0x000007fef0040000 - 0x000007fef0059000 	C:\windows\system32\pnrpnsp.dll
0x000007fef0030000 - 0x000007fef003b000 	C:\windows\System32\winrnr.dll
0x000007fef0020000 - 0x000007fef0030000 	C:\windows\system32\wshbth.dll
0x000007fefca30000 - 0x000007fefca37000 	C:\windows\System32\wshtcpip.dll
0x000007fefb320000 - 0x000007fefb347000 	C:\windows\system32\IPHLPAPI.DLL
0x000007fefb310000 - 0x000007fefb31b000 	C:\windows\system32\WINNSI.DLL
0x000007fef7450000 - 0x000007fef7458000 	C:\windows\system32\rasadhlp.dll
0x000007fef8f50000 - 0x000007fef8fa3000 	C:\windows\System32\fwpuclnt.dll
0x000007feda2b0000 - 0x000007fedb030000 	C:\Code\DataAnalysisBB\dataanalysis\SFResourceAllocator\lib\jniortools.dll
0x000007fef82b0000 - 0x000007fef834f000 	C:\windows\system32\MSVCP140.dll
0x000007fefaef0000 - 0x000007fefaf07000 	C:\windows\system32\VCRUNTIME140.dll
0x000007fefc1e0000 - 0x000007fefc1e4000 	C:\windows\system32\api-ms-win-crt-runtime-l1-1-0.dll
0x000007fef7ba0000 - 0x000007fef7c94000 	C:\windows\system32\ucrtbase.DLL
0x000007fefabd0000 - 0x000007fefabd3000 	C:\windows\system32\api-ms-win-core-timezone-l1-1-0.dll
0x000007fefac00000 - 0x000007fefac03000 	C:\windows\system32\api-ms-win-core-file-l2-1-0.dll
0x000007fef87c0000 - 0x000007fef87c3000 	C:\windows\system32\api-ms-win-core-localization-l1-2-0.dll
0x000007fefa480000 - 0x000007fefa483000 	C:\windows\system32\api-ms-win-core-synch-l1-2-0.dll
0x000007fef8740000 - 0x000007fef8743000 	C:\windows\system32\api-ms-win-core-processthreads-l1-1-1.dll
0x000007fef87b0000 - 0x000007fef87b3000 	C:\windows\system32\api-ms-win-core-file-l1-2-0.dll
0x000007fef8620000 - 0x000007fef8624000 	C:\windows\system32\api-ms-win-crt-string-l1-1-0.dll
0x000007fef8730000 - 0x000007fef8733000 	C:\windows\system32\api-ms-win-crt-heap-l1-1-0.dll
0x000007fef83c0000 - 0x000007fef83c4000 	C:\windows\system32\api-ms-win-crt-stdio-l1-1-0.dll
0x000007fef8610000 - 0x000007fef8614000 	C:\windows\system32\api-ms-win-crt-convert-l1-1-0.dll
0x000007fef83b0000 - 0x000007fef83b3000 	C:\windows\system32\api-ms-win-crt-locale-l1-1-0.dll
0x000007fef83a0000 - 0x000007fef83a5000 	C:\windows\system32\api-ms-win-crt-math-l1-1-0.dll
0x000007fef8390000 - 0x000007fef8395000 	C:\windows\system32\api-ms-win-crt-multibyte-l1-1-0.dll
0x000007fef82a0000 - 0x000007fef82a3000 	C:\windows\system32\api-ms-win-crt-time-l1-1-0.dll
0x000007fef8290000 - 0x000007fef8293000 	C:\windows\system32\api-ms-win-crt-filesystem-l1-1-0.dll
0x000007fef8280000 - 0x000007fef8283000 	C:\windows\system32\api-ms-win-crt-environment-l1-1-0.dll
0x000007fef8270000 - 0x000007fef8273000 	C:\windows\system32\api-ms-win-crt-utility-l1-1-0.dll
0x000007fefb020000 - 0x000007fefb145000 	C:\windows\system32\dbghelp.dll

VM Arguments:
jvm_args: -Djava.library.path=lib -Dfile.encoding=Cp1252 
java_command: com.saiglobal.sf.allocator.main.ResourceAllocator -ai com.saiglobal.sf.allocator.implementation.ResourceAllocatorMIPMilkRunsUK -includePipeline false -logLevel INFO -cp noOfMonth:6
java_class_path (initial): C:\Code\DataAnalysisBB\dataanalysis\SFResourceAllocator\bin;C:\Code\DataAnalysis\SFResourceAllocator\lib\org.apache.log4j_1.2.13.v200903072027.jar;C:\Code\DataAnalysisBB\dataanalysis\SFCore\bin;C:\Code\DataAnalysis\SFCore\lib\commons-cli-1.2.jar;C:\Code\DataAnalysis\SFCore\lib\commons-logging-1.1.3.jar;C:\Code\DataAnalysis\SFCore\lib\geocoder-java-0.15.jar;C:\Code\DataAnalysis\SFCore\lib\gson-2.2.4.jar;C:\Code\DataAnalysis\SFCore\lib\org.apache.log4j_1.2.13.v200903072027.jar;C:\Code\DataAnalysis\SFCore\lib\jsch-0.1.50.jar;C:\Code\DataAnalysis\SFCore\lib\sqljdbc4.jar;C:\Code\DataAnalysis\SFCore\lib\javax.mail.jar;C:\Code\DataAnalysis\SFCore\lib\mysql-connector-java-5.1.35-bin.jar;C:\Code\DataAnalysis\SFCore\lib\commons-lang-2.5.jar;C:\Code\DataAnalysis\SFCore\lib\force-wsc-32.0.0.jar;C:\Code\DataAnalysis\SFCore\lib\wsc.partner.32.jar;C:\Code\DataAnalysisBB\dataanalysis\SFResourceAllocator\lib\com.google.ortools.jar;C:\Code\DataAnalysisBB\dataanalysis\SFResourceAllocator\lib\protobuf.jar
Launcher Type: SUN_STANDARD

Environment Variables:
PATH=C:/Program Files/Java/jre1.8.0_121/bin/server;C:/Program Files/Java/jre1.8.0_121/bin;C:/Program Files/Java/jre1.8.0_121/lib/amd64;C:\ProgramData\Oracle\Java\javapath;C:\windows\system32;C:\windows;C:\windows\System32\Wbem;C:\windows\System32\WindowsPowerShell\v1.0\;C:\Program Files (x86)\Common Files\Roxio Shared\DLLShared\;C:\Program Files (x86)\Common Files\Roxio Shared\10.0\DLLShared\;C:\Program Files (x86)\ATI Technologies\ATI.ACE\Core-Static;C:\Program Files (x86)\MySQL\MySQL Utilities 1.4\;C:\Program Files (x86)\MySQL\MySQL Utilities 1.4\Doctrine extensions for PHP\;C:\Program Files\nodejs\;C:\TDM-GCC-64\bin;C:\Users\conluc0\AppData\Local\Continuum\Anaconda;C:\Users\conluc0\AppData\Local\Continuum\Anaconda\Scripts;C:\Users\conluc0\AppData\Roaming\npm;C:\TDM-GCC-64\bin;C:\eclipse;
USERNAME=conluc0
OS=Windows_NT
PROCESSOR_IDENTIFIER=Intel64 Family 6 Model 69 Stepping 1, GenuineIntel



---------------  S Y S T E M  ---------------

OS: Windows 7 , 64 bit Build 7601 (6.1.7601.23714)

CPU:total 4 (2 cores per cpu, 2 threads per core) family 6 model 69 stepping 1, cmov, cx8, fxsr, mmx, sse, sse2, sse3, ssse3, sse4.1, sse4.2, popcnt, avx, avx2, aes, clmul, erms, lzcnt, ht, tsc, tscinvbit, bmi1, bmi2

Memory: 4k page, physical 8283244k(276616k free), swap 32597840k(447000k free)

vm_info: Java HotSpot(TM) 64-Bit Server VM (25.121-b13) for windows-amd64 JRE (1.8.0_121-b13), built on Dec 12 2016 18:21:36 by "java_re" with MS VC++ 10.0 (VS2010)

time: Wed May 17 12:40:09 2017
elapsed time: 923 seconds (0d 0h 15m 23s)

