#
# A fatal error has been detected by the Java Runtime Environment:
#
#  EXCEPTION_ACCESS_VIOLATION (0xc0000005) at pc=0x000007fecba01b20, pid=3340, tid=0x0000000000002bc4
#
# JRE version: Java(TM) SE Runtime Environment (8.0_121-b13) (build 1.8.0_121-b13)
# Java VM: Java HotSpot(TM) 64-Bit Server VM (25.121-b13 mixed mode windows-amd64 compressed oops)
# Problematic frame:
# C  [jniortools.dll+0x441b20]
#
# Failed to write core dump. Minidumps are not enabled by default on client versions of Windows
#
# If you would like to submit a bug report, please visit:
#   http://bugreport.java.com/bugreport/crash.jsp
# The crash happened outside the Java Virtual Machine in native code.
# See problematic frame for where to report the bug.
#

---------------  T H R E A D  ---------------

Current thread (0x0000000001e0e000):  JavaThread "main" [_thread_in_native, id=11204, stack(0x0000000002560000,0x0000000002660000)]

siginfo: ExceptionCode=0xc0000005, reading address 0x0000000000000000

Registers:
RAX=0x0000000000000000, RBX=0x00000000002e7f20, RCX=0x1f78a9af7e6b0000, RDX=0x000007feeb8055f0
RSP=0x000000000265f390, RBP=0x000000000265f490, RSI=0x0000000000000000, RDI=0x0000000000000000
R8 =0x000000000265dae8, R9 =0x0000000061d8a0b1, R10=0x0000000000000000, R11=0x000000000265f350
R12=0x0000000000000001, R13=0x00000000002ae6c0, R14=0x0000000000000000, R15=0x0000000000000000
RIP=0x000007fecba01b20, EFLAGS=0x0000000000010202

Top of Stack: (sp=0x000000000265f390)
0x000000000265f390:   3fe0000000000000 000000000265f3f8
0x000000000265f3a0:   00000000002e7f20 0000000000000000
0x000000000265f3b0:   0000000000000000 0000000100000000
0x000000000265f3c0:   0000000000000000 00000000002e7f20
0x000000000265f3d0:   0000000000000000 fffffffffffffffe
0x000000000265f3e0:   0000000058fc5910 0000000000000000
0x000000000265f3f0:   0000000000000000 0000000000000000
0x000000000265f400:   0000000000000000 0000000000000000
0x000000000265f410:   0000000000000000 0000000000000000
0x000000000265f420:   000000000265f400 0000000000000000
0x000000000265f430:   0000000000000000 00001f78abca8dfb
0x000000000265f440:   0000000000000000 0000000000000000
0x000000000265f450:   0000000000000000 0000000000000000
0x000000000265f460:   0000000000000000 0000000000000000
0x000000000265f470:   0000000000000000 0000000000000000
0x000000000265f480:   0000000000000001 0000000000000000 

Instructions: (pc=0x000007fecba01b20)
0x000007fecba01b00:   0f b6 64 24 2c 66 66 66 0f 1f 84 00 00 00 00 00
0x000007fecba01b10:   48 8b 83 b0 00 00 00 4e 8b 2c f8 48 8b 44 24 68
0x000007fecba01b20:   f2 46 0f 10 04 f8 41 0f 28 fb 49 8b 5d 08 48 8b
0x000007fecba01b30:   1b 49 8b 7d 08 48 3b df 74 61 66 0f 1f 44 00 00 


Register to memory mapping:

RAX=0x0000000000000000 is an unknown value
RBX=0x00000000002e7f20 is an unknown value
RCX=0x1f78a9af7e6b0000 is an unknown value
RDX=0x000007feeb8055f0 is an unknown value
RSP=0x000000000265f390 is pointing into the stack for thread: 0x0000000001e0e000
RBP=0x000000000265f490 is pointing into the stack for thread: 0x0000000001e0e000
RSI=0x0000000000000000 is an unknown value
RDI=0x0000000000000000 is an unknown value
R8 =0x000000000265dae8 is pointing into the stack for thread: 0x0000000001e0e000
R9 =0x0000000061d8a0b1 is an unknown value
R10=0x0000000000000000 is an unknown value
R11=0x000000000265f350 is pointing into the stack for thread: 0x0000000001e0e000
R12=0x0000000000000001 is an unknown value
R13=0x00000000002ae6c0 is an unknown value
R14=0x0000000000000000 is an unknown value
R15=0x0000000000000000 is an unknown value


Stack: [0x0000000002560000,0x0000000002660000],  sp=0x000000000265f390,  free space=1020k
Native frames: (J=compiled Java code, j=interpreted, Vv=VM code, C=native code)
C  [jniortools.dll+0x441b20]
C  0x0000000002947f54

Java frames: (J=compiled Java code, j=interpreted, Vv=VM code)
j  com.google.ortools.linearsolver.operations_research_linear_solverJNI.MPSolver_verifySolution(JLcom/google/ortools/linearsolver/MPSolver;DZ)Z+0
j  com.google.ortools.linearsolver.MPSolver.verifySolution(DZ)Z+7
j  com.saiglobal.sf.allocator.processor.MIP2Processor.schedule(Ljava/util/List;Ljava/util/List;)Ljava/util/List;+1183
j  com.saiglobal.sf.allocator.processor.MIP2Processor.execute()V+151
j  com.saiglobal.sf.allocator.main.ResourceAllocator.main([Ljava/lang/String;)V+305
v  ~StubRoutines::call_stub

---------------  P R O C E S S  ---------------

Java Threads: ( => current thread )
  0x000000005993c800 JavaThread "Abandoned connection cleanup thread" daemon [_thread_blocked, id=2648, stack(0x000000005a040000,0x000000005a140000)]
  0x0000000058fb0000 JavaThread "Service Thread" daemon [_thread_blocked, id=10496, stack(0x00000000595a0000,0x00000000596a0000)]
  0x0000000057616800 JavaThread "C1 CompilerThread2" daemon [_thread_blocked, id=4896, stack(0x0000000059390000,0x0000000059490000)]
  0x0000000057613000 JavaThread "C2 CompilerThread1" daemon [_thread_blocked, id=10744, stack(0x0000000058e30000,0x0000000058f30000)]
  0x000000005760f000 JavaThread "C2 CompilerThread0" daemon [_thread_blocked, id=11352, stack(0x0000000058ce0000,0x0000000058de0000)]
  0x000000005761e800 JavaThread "Attach Listener" daemon [_thread_blocked, id=8956, stack(0x0000000058b30000,0x0000000058c30000)]
  0x000000005761d000 JavaThread "Signal Dispatcher" daemon [_thread_blocked, id=8180, stack(0x00000000589d0000,0x0000000058ad0000)]
  0x00000000575f9800 JavaThread "Finalizer" daemon [_thread_blocked, id=12144, stack(0x0000000058850000,0x0000000058950000)]
  0x00000000575b2800 JavaThread "Reference Handler" daemon [_thread_blocked, id=7564, stack(0x0000000058700000,0x0000000058800000)]
=>0x0000000001e0e000 JavaThread "main" [_thread_in_native, id=11204, stack(0x0000000002560000,0x0000000002660000)]

Other Threads:
  0x00000000575ab000 VMThread [stack: 0x0000000058590000,0x0000000058690000] [id=10272]
  0x0000000058fbd000 WatcherThread [stack: 0x00000000596b0000,0x00000000597b0000] [id=10848]

VM state:not at safepoint (normal execution)

VM Mutex/Monitor currently owned by a thread: None

Heap:
 PSYoungGen      total 38400K, used 5753K [0x00000000d5d80000, 0x00000000d8800000, 0x0000000100000000)
  eden space 33280K, 1% used [0x00000000d5d80000,0x00000000d5e25c40,0x00000000d7e00000)
  from space 5120K, 99% used [0x00000000d8300000,0x00000000d87f8840,0x00000000d8800000)
  to   space 5120K, 0% used [0x00000000d7e00000,0x00000000d7e00000,0x00000000d8300000)
 ParOldGen       total 87552K, used 3152K [0x0000000081800000, 0x0000000086d80000, 0x00000000d5d80000)
  object space 87552K, 3% used [0x0000000081800000,0x0000000081b14230,0x0000000086d80000)
 Metaspace       used 11937K, capacity 12190K, committed 12416K, reserved 1060864K
  class space    used 1213K, capacity 1301K, committed 1408K, reserved 1048576K

Card table byte_map: [0x0000000011cf0000,0x00000000120f0000] byte_map_base: 0x00000000118e4000

Marking Bits: (ParMarkBitMap*) 0x000000007087b6d0
 Begin Bits: [0x00000000128e0000, 0x0000000014880000)
 End Bits:   [0x0000000014880000, 0x0000000016820000)

Polling page: 0x0000000001db0000

CodeCache: size=245760Kb used=5797Kb max_used=5797Kb free=239962Kb
 bounds [0x0000000002930000, 0x0000000002ee0000, 0x0000000011930000]
 total_blobs=1924 nmethods=1516 adapters=321
 compilation: enabled

Compilation events (10 events):
Event: 43.061 Thread 0x000000005760f000 nmethod 1513 0x0000000002eb5110 code [0x0000000002eb52c0, 0x0000000002eb5c08]
Event: 43.061 Thread 0x000000005760f000 1514       4       java.lang.ref.ReferenceQueue::remove (6 bytes)
Event: 43.062 Thread 0x0000000057613000 nmethod 1512 0x0000000002eb0290 code [0x0000000002eb0400, 0x0000000002eb0c08]
Event: 43.067 Thread 0x000000005760f000 nmethod 1514 0x0000000002ebe290 code [0x0000000002ebe400, 0x0000000002ebea28]
Event: 43.068 Thread 0x0000000057616800 1515 %     3       com.saiglobal.sf.allocator.processor.MIP2Processor::schedule @ 900 (1563 bytes)
Event: 43.074 Thread 0x0000000057613000 1518       4       com.google.ortools.linearsolver.MPVariable::getCPtr (13 bytes)
Event: 43.075 Thread 0x0000000057613000 nmethod 1518 0x0000000002eb4b50 code [0x0000000002eb4c80, 0x0000000002eb4cd8]
Event: 43.079 Thread 0x0000000057616800 nmethod 1515% 0x0000000002ebec10 code [0x0000000002ec00c0, 0x0000000002ece6b8]
Event: 43.079 Thread 0x0000000057616800 1516       3       com.google.ortools.linearsolver.MPObjective::setCoefficient (15 bytes)
Event: 43.079 Thread 0x0000000057616800 nmethod 1516 0x0000000002eb7010 code [0x0000000002eb7180, 0x0000000002eb73e8]

GC Heap History (4 events):
Event: 19.995 GC heap before
{Heap before GC invocations=1 (full 0):
 PSYoungGen      total 38400K, used 33280K [0x00000000d5d80000, 0x00000000d8800000, 0x0000000100000000)
  eden space 33280K, 100% used [0x00000000d5d80000,0x00000000d7e00000,0x00000000d7e00000)
  from space 5120K, 0% used [0x00000000d8300000,0x00000000d8300000,0x00000000d8800000)
  to   space 5120K, 0% used [0x00000000d7e00000,0x00000000d7e00000,0x00000000d8300000)
 ParOldGen       total 87552K, used 0K [0x0000000081800000, 0x0000000086d80000, 0x00000000d5d80000)
  object space 87552K, 0% used [0x0000000081800000,0x0000000081800000,0x0000000086d80000)
 Metaspace       used 11180K, capacity 11368K, committed 11520K, reserved 1058816K
  class space    used 1133K, capacity 1208K, committed 1280K, reserved 1048576K
Event: 20.006 GC heap after
Heap after GC invocations=1 (full 0):
 PSYoungGen      total 38400K, used 5106K [0x00000000d5d80000, 0x00000000d8800000, 0x0000000100000000)
  eden space 33280K, 0% used [0x00000000d5d80000,0x00000000d5d80000,0x00000000d7e00000)
  from space 5120K, 99% used [0x00000000d7e00000,0x00000000d82fc960,0x00000000d8300000)
  to   space 5120K, 0% used [0x00000000d8300000,0x00000000d8300000,0x00000000d8800000)
 ParOldGen       total 87552K, used 1626K [0x0000000081800000, 0x0000000086d80000, 0x00000000d5d80000)
  object space 87552K, 1% used [0x0000000081800000,0x0000000081996a00,0x0000000086d80000)
 Metaspace       used 11180K, capacity 11368K, committed 11520K, reserved 1058816K
  class space    used 1133K, capacity 1208K, committed 1280K, reserved 1048576K
}
Event: 43.044 GC heap before
{Heap before GC invocations=2 (full 0):
 PSYoungGen      total 38400K, used 38386K [0x00000000d5d80000, 0x00000000d8800000, 0x0000000100000000)
  eden space 33280K, 100% used [0x00000000d5d80000,0x00000000d7e00000,0x00000000d7e00000)
  from space 5120K, 99% used [0x00000000d7e00000,0x00000000d82fc960,0x00000000d8300000)
  to   space 5120K, 0% used [0x00000000d8300000,0x00000000d8300000,0x00000000d8800000)
 ParOldGen       total 87552K, used 1626K [0x0000000081800000, 0x0000000086d80000, 0x00000000d5d80000)
  object space 87552K, 1% used [0x0000000081800000,0x0000000081996a00,0x0000000086d80000)
 Metaspace       used 11919K, capacity 12190K, committed 12416K, reserved 1060864K
  class space    used 1211K, capacity 1301K, committed 1408K, reserved 1048576K
Event: 43.052 GC heap after
Heap after GC invocations=2 (full 0):
 PSYoungGen      total 38400K, used 5090K [0x00000000d5d80000, 0x00000000d8800000, 0x0000000100000000)
  eden space 33280K, 0% used [0x00000000d5d80000,0x00000000d5d80000,0x00000000d7e00000)
  from space 5120K, 99% used [0x00000000d8300000,0x00000000d87f8840,0x00000000d8800000)
  to   space 5120K, 0% used [0x00000000d7e00000,0x00000000d7e00000,0x00000000d8300000)
 ParOldGen       total 87552K, used 3152K [0x0000000081800000, 0x0000000086d80000, 0x00000000d5d80000)
  object space 87552K, 3% used [0x0000000081800000,0x0000000081b14230,0x0000000086d80000)
 Metaspace       used 11919K, capacity 12190K, committed 12416K, reserved 1060864K
  class space    used 1211K, capacity 1301K, committed 1408K, reserved 1048576K
}

Deoptimization events (10 events):
Event: 20.010 Thread 0x0000000001e0e000 Uncommon trap: reason=unstable_if action=reinterpret pc=0x0000000002cb3e50 method=java.util.Calendar.set(II)V @ 4
Event: 39.658 Thread 0x0000000001e0e000 Uncommon trap: reason=bimorphic action=maybe_recompile pc=0x0000000002d95614 method=java.util.concurrent.ConcurrentHashMap.get(Ljava/lang/Object;)Ljava/lang/Object; @ 149
Event: 39.703 Thread 0x0000000001e0e000 Uncommon trap: reason=unstable_if action=reinterpret pc=0x0000000002d38d60 method=java.util.Calendar.setFieldsNormalized(I)V @ 3
Event: 42.749 Thread 0x0000000001e0e000 Uncommon trap: reason=bimorphic action=maybe_recompile pc=0x0000000002d95614 method=java.util.concurrent.ConcurrentHashMap.get(Ljava/lang/Object;)Ljava/lang/Object; @ 149
Event: 42.775 Thread 0x0000000001e0e000 Uncommon trap: reason=unstable_if action=reinterpret pc=0x0000000002d42768 method=java.text.DigitList.getStringBuffer()Ljava/lang/StringBuffer; @ 4
Event: 42.775 Thread 0x0000000001e0e000 Uncommon trap: reason=unstable_if action=reinterpret pc=0x0000000002de6db4 method=java.util.Calendar.complete()V @ 22
Event: 42.794 Thread 0x0000000001e0e000 Uncommon trap: reason=unstable_if action=reinterpret pc=0x0000000002e027e8 method=java.util.GregorianCalendar.computeFields(II)I @ 718
Event: 42.907 Thread 0x0000000001e0e000 Uncommon trap: reason=unstable_if action=reinterpret pc=0x0000000002c002b4 method=java.util.ArrayList.rangeCheck(I)V @ 5
Event: 42.907 Thread 0x0000000001e0e000 Uncommon trap: reason=unstable_if action=reinterpret pc=0x0000000002bb7188 method=java.util.ArrayList.rangeCheck(I)V @ 5
Event: 43.068 Thread 0x0000000001e0e000 Uncommon trap: reason=unstable_if action=reinterpret pc=0x0000000002eba4a0 method=com.saiglobal.sf.allocator.processor.MIP2Processor.schedule(Ljava/util/List;Ljava/util/List;)Ljava/util/List; @ 870

Internal exceptions (10 events):
Event: 0.302 Thread 0x0000000001e0e000 Exception <a 'java/lang/ClassNotFoundException': org/apache/log4j/WriterAppenderCustomizer> (0x00000000d62a1520) thrown at [C:\re\workspace\8-2-build-windows-amd64-cygwin\jdk8u121\8372\hotspot\src\share\vm\classfile\systemDictionary.cpp, line 210]
Event: 0.303 Thread 0x0000000001e0e000 Exception <a 'java/lang/ClassNotFoundException': org/apache/log4j/FileAppenderCustomizer> (0x00000000d62b4c20) thrown at [C:\re\workspace\8-2-build-windows-amd64-cygwin\jdk8u121\8372\hotspot\src\share\vm\classfile\systemDictionary.cpp, line 210]
Event: 0.305 Thread 0x0000000001e0e000 Exception <a 'java/lang/ClassNotFoundException': org/apache/log4j/RollingFileAppenderCustomizer> (0x00000000d62c86c0) thrown at [C:\re\workspace\8-2-build-windows-amd64-cygwin\jdk8u121\8372\hotspot\src\share\vm\classfile\systemDictionary.cpp, line 210]
Event: 0.311 Thread 0x0000000001e0e000 Exception <a 'java/lang/ClassNotFoundException': org/apache/log4j/ConsoleAppenderBeanInfo> (0x00000000d62f1dd0) thrown at [C:\re\workspace\8-2-build-windows-amd64-cygwin\jdk8u121\8372\hotspot\src\share\vm\classfile\systemDictionary.cpp, line 210]
Event: 0.311 Thread 0x0000000001e0e000 Exception <a 'java/lang/ClassNotFoundException': org/apache/log4j/ConsoleAppenderCustomizer> (0x00000000d62f86a0) thrown at [C:\re\workspace\8-2-build-windows-amd64-cygwin\jdk8u121\8372\hotspot\src\share\vm\classfile\systemDictionary.cpp, line 210]
Event: 0.425 Thread 0x0000000001e0e000 Implicit null exception at 0x0000000002b28d84 to 0x0000000002b29149
Event: 3.780 Thread 0x0000000001e0e000 Exception <a 'java/lang/NoSuchFieldError': method resolution failed> (0x00000000d6ec5f68) thrown at [C:\re\workspace\8-2-build-windows-amd64-cygwin\jdk8u121\8372\hotspot\src\share\vm\prims\methodHandles.cpp, line 1146]
Event: 3.782 Thread 0x0000000001e0e000 Exception <a 'java/lang/NoSuchFieldError': method resolution failed> (0x00000000d6ed3288) thrown at [C:\re\workspace\8-2-build-windows-amd64-cygwin\jdk8u121\8372\hotspot\src\share\vm\prims\methodHandles.cpp, line 1146]
Event: 42.775 Thread 0x0000000001e0e000 Implicit null exception at 0x0000000002d4098d to 0x0000000002d42745
Event: 42.778 Thread 0x0000000001e0e000 Exception <a 'java/lang/NoSuchMethodError': java.lang.Object.lambda$minBy$0(Ljava/util/Comparator;Ljava/lang/Object;Ljava/lang/Object;)Ljava/lang/Object;> (0x00000000d6d506b0) thrown at [C:\re\workspace\8-2-build-windows-amd64-cygwin\jdk8u121\8372\hotspot

Events (10 events):
Event: 43.062 Executing VM operation: RevokeBias done
Event: 43.068 Thread 0x0000000001e0e000 Uncommon trap: trap_request=0xffffff65 fr.pc=0x0000000002eba4a0
Event: 43.068 Thread 0x0000000001e0e000 DEOPT PACKING pc=0x0000000002eba4a0 sp=0x000000000265f650
Event: 43.068 Thread 0x0000000001e0e000 DEOPT UNPACKING pc=0x000000000297582a sp=0x000000000265f628 mode 2
Event: 43.071 loading class com/google/ortools/linearsolver/MPObjective
Event: 43.071 loading class com/google/ortools/linearsolver/MPObjective done
Event: 342.958 loading class com/google/ortools/linearsolver/MPSolver$ResultStatus
Event: 342.958 loading class com/google/ortools/linearsolver/MPSolver$ResultStatus done
Event: 342.959 loading class com/google/ortools/linearsolver/MPSolver$ResultStatus$SwigNext
Event: 342.959 loading class com/google/ortools/linearsolver/MPSolver$ResultStatus$SwigNext done


Dynamic libraries:
0x000000013f8c0000 - 0x000000013f8f7000 	C:\Program Files\Java\jdk1.8.0_121\bin\javaw.exe
0x0000000076ed0000 - 0x000000007707a000 	C:\windows\SYSTEM32\ntdll.dll
0x0000000076cb0000 - 0x0000000076dcf000 	C:\windows\system32\kernel32.dll
0x000007fefcce0000 - 0x000007fefcd4a000 	C:\windows\system32\KERNELBASE.dll
0x000007fefe860000 - 0x000007fefe93b000 	C:\windows\system32\ADVAPI32.dll
0x000007fefed20000 - 0x000007fefedbf000 	C:\windows\system32\msvcrt.dll
0x000007fefedf0000 - 0x000007fefee0f000 	C:\windows\SYSTEM32\sechost.dll
0x000007fefd2b0000 - 0x000007fefd3dd000 	C:\windows\system32\RPCRT4.dll
0x0000000076dd0000 - 0x0000000076eca000 	C:\windows\system32\USER32.dll
0x000007fefd1a0000 - 0x000007fefd207000 	C:\windows\system32\GDI32.dll
0x000007fefef30000 - 0x000007fefef3e000 	C:\windows\system32\LPK.dll
0x000007fefd3e0000 - 0x000007fefd4aa000 	C:\windows\system32\USP10.dll
0x000007fefb190000 - 0x000007fefb384000 	C:\windows\WinSxS\amd64_microsoft.windows.common-controls_6595b64144ccf1df_6.0.7601.18837_none_fa3b1e3d17594757\COMCTL32.dll
0x000007fefeeb0000 - 0x000007fefef21000 	C:\windows\system32\SHLWAPI.dll
0x000007fefedc0000 - 0x000007fefedee000 	C:\windows\system32\IMM32.DLL
0x000007fefe940000 - 0x000007fefea49000 	C:\windows\system32\MSCTF.dll
0x0000000068000000 - 0x0000000068056000 	C:\windows\system32\QIPCAP64.DLL
0x000007fefda70000 - 0x000007fefe7fa000 	C:\windows\system32\SHELL32.dll
0x000007fefc2d0000 - 0x000007fefc32b000 	C:\windows\system32\DNSAPI.dll
0x000007fefda20000 - 0x000007fefda6d000 	C:\windows\system32\WS2_32.dll
0x000007feff1d0000 - 0x000007feff1d8000 	C:\windows\system32\NSI.dll
0x0000000078900000 - 0x00000000789d2000 	C:\Program Files\Java\jdk1.8.0_121\jre\bin\msvcr100.dll
0x0000000070060000 - 0x00000000708fb000 	C:\Program Files\Java\jdk1.8.0_121\jre\bin\server\jvm.dll
0x000007fefa050000 - 0x000007fefa059000 	C:\windows\system32\WSOCK32.dll
0x000007fefaa00000 - 0x000007fefaa3b000 	C:\windows\system32\WINMM.dll
0x000007fefbce0000 - 0x000007fefbcec000 	C:\windows\system32\VERSION.dll
0x0000000077090000 - 0x0000000077097000 	C:\windows\system32\PSAPI.DLL
0x0000000067060000 - 0x000000006706f000 	C:\Program Files\Java\jdk1.8.0_121\jre\bin\verify.dll
0x000000005fd10000 - 0x000000005fd39000 	C:\Program Files\Java\jdk1.8.0_121\jre\bin\java.dll
0x0000000001de0000 - 0x0000000001df6000 	C:\Program Files\Java\jdk1.8.0_121\jre\bin\zip.dll
0x000007fefef40000 - 0x000007feff143000 	C:\windows\system32\ole32.dll
0x000007fefcc00000 - 0x000007fefcc0f000 	C:\windows\system32\profapi.dll
0x000000006fc80000 - 0x000000006fc9a000 	C:\Program Files\Java\jdk1.8.0_121\jre\bin\net.dll
0x000007fefc4a0000 - 0x000007fefc4f5000 	C:\windows\system32\mswsock.dll
0x000007fefc470000 - 0x000007fefc477000 	C:\windows\System32\wship6.dll
0x000007fecb5c0000 - 0x000007fecc340000 	C:\Code\DataAnalysisBB\dataanalysis\SFResourceAllocator\lib\jniortools.dll
0x000007feeb820000 - 0x000007feeb8bf000 	C:\windows\system32\MSVCP140.dll
0x000007fefba90000 - 0x000007fefbaa7000 	C:\windows\system32\VCRUNTIME140.dll
0x000007fefa680000 - 0x000007fefa684000 	C:\windows\system32\api-ms-win-crt-runtime-l1-1-0.dll
0x000007feeb720000 - 0x000007feeb814000 	C:\windows\system32\ucrtbase.DLL
0x000007feeb950000 - 0x000007feeb953000 	C:\windows\system32\api-ms-win-core-timezone-l1-1-0.dll
0x000007feeb940000 - 0x000007feeb943000 	C:\windows\system32\api-ms-win-core-file-l2-1-0.dll
0x000007feeb930000 - 0x000007feeb933000 	C:\windows\system32\api-ms-win-core-localization-l1-2-0.dll
0x000007feeb920000 - 0x000007feeb923000 	C:\windows\system32\api-ms-win-core-synch-l1-2-0.dll
0x000007feeb910000 - 0x000007feeb913000 	C:\windows\system32\api-ms-win-core-processthreads-l1-1-1.dll
0x000007feeb900000 - 0x000007feeb903000 	C:\windows\system32\api-ms-win-core-file-l1-2-0.dll
0x000007feeb8f0000 - 0x000007feeb8f4000 	C:\windows\system32\api-ms-win-crt-string-l1-1-0.dll
0x000007feeb8e0000 - 0x000007feeb8e3000 	C:\windows\system32\api-ms-win-crt-heap-l1-1-0.dll
0x000007feeb8d0000 - 0x000007feeb8d4000 	C:\windows\system32\api-ms-win-crt-stdio-l1-1-0.dll
0x000007feeb8c0000 - 0x000007feeb8c4000 	C:\windows\system32\api-ms-win-crt-convert-l1-1-0.dll
0x000007feeb710000 - 0x000007feeb713000 	C:\windows\system32\api-ms-win-crt-locale-l1-1-0.dll
0x000007feeb700000 - 0x000007feeb705000 	C:\windows\system32\api-ms-win-crt-math-l1-1-0.dll
0x000007feeb6f0000 - 0x000007feeb6f5000 	C:\windows\system32\api-ms-win-crt-multibyte-l1-1-0.dll
0x000007feeb6e0000 - 0x000007feeb6e3000 	C:\windows\system32\api-ms-win-crt-time-l1-1-0.dll
0x000007feeb6d0000 - 0x000007feeb6d3000 	C:\windows\system32\api-ms-win-crt-filesystem-l1-1-0.dll
0x000007feeb6c0000 - 0x000007feeb6c3000 	C:\windows\system32\api-ms-win-crt-environment-l1-1-0.dll
0x000007feeb6b0000 - 0x000007feeb6b3000 	C:\windows\system32\api-ms-win-crt-utility-l1-1-0.dll
0x000007fefa060000 - 0x000007fefa185000 	C:\windows\system32\dbghelp.dll

VM Arguments:
jvm_args: -Djava.library.path=lib -Dfile.encoding=Cp1252 
java_command: com.saiglobal.sf.allocator.main.ResourceAllocator -ai com.saiglobal.sf.allocator.implementation.ResourceAllocatorMIPUK -includePipeline false -logLevel INFO
java_class_path (initial): C:\Code\DataAnalysisBB\dataanalysis\SFResourceAllocator\bin;C:\Code\DataAnalysis\SFResourceAllocator\lib\org.apache.log4j_1.2.13.v200903072027.jar;C:\Code\DataAnalysisBB\dataanalysis\SFCore\bin;C:\Code\DataAnalysis\SFCore\lib\commons-cli-1.2.jar;C:\Code\DataAnalysis\SFCore\lib\commons-logging-1.1.3.jar;C:\Code\DataAnalysis\SFCore\lib\geocoder-java-0.15.jar;C:\Code\DataAnalysis\SFCore\lib\gson-2.2.4.jar;C:\Code\DataAnalysis\SFCore\lib\org.apache.log4j_1.2.13.v200903072027.jar;C:\Code\DataAnalysis\SFCore\lib\jsch-0.1.50.jar;C:\Code\DataAnalysis\SFCore\lib\sqljdbc4.jar;C:\Code\DataAnalysis\SFCore\lib\javax.mail.jar;C:\Code\DataAnalysis\SFCore\lib\mysql-connector-java-5.1.35-bin.jar;C:\Code\DataAnalysis\SFCore\lib\commons-lang-2.5.jar;C:\Code\DataAnalysis\SFCore\lib\force-wsc-32.0.0.jar;C:\Code\DataAnalysis\SFCore\lib\wsc.partner.32.jar;C:\Code\DataAnalysisBB\dataanalysis\SFResourceAllocator\lib\com.google.ortools.jar;C:\Code\DataAnalysisBB\dataanalysis\SFResourceAllocator\lib\protobuf.jar
Launcher Type: SUN_STANDARD

Environment Variables:
PATH=C:/Program Files/Java/jre1.8.0_121/bin/server;C:/Program Files/Java/jre1.8.0_121/bin;C:/Program Files/Java/jre1.8.0_121/lib/amd64;C:\ProgramData\Oracle\Java\javapath;C:\windows\system32;C:\windows;C:\windows\System32\Wbem;C:\windows\System32\WindowsPowerShell\v1.0\;C:\Program Files (x86)\Common Files\Roxio Shared\DLLShared\;C:\Program Files (x86)\Common Files\Roxio Shared\10.0\DLLShared\;C:\Program Files (x86)\ATI Technologies\ATI.ACE\Core-Static;C:\Program Files (x86)\MySQL\MySQL Utilities 1.4\;C:\Program Files (x86)\MySQL\MySQL Utilities 1.4\Doctrine extensions for PHP\;C:\Program Files\nodejs\;C:\TDM-GCC-64\bin;C:\Users\conluc0\AppData\Local\Continuum\Anaconda;C:\Users\conluc0\AppData\Local\Continuum\Anaconda\Scripts;C:\Users\conluc0\AppData\Roaming\npm;C:\TDM-GCC-64\bin;C:\eclipse;
USERNAME=conluc0
OS=Windows_NT
PROCESSOR_IDENTIFIER=Intel64 Family 6 Model 69 Stepping 1, GenuineIntel



---------------  S Y S T E M  ---------------

OS: Windows 7 , 64 bit Build 7601 (6.1.7601.23572)

CPU:total 4 (2 cores per cpu, 2 threads per core) family 6 model 69 stepping 1, cmov, cx8, fxsr, mmx, sse, sse2, sse3, ssse3, sse4.1, sse4.2, popcnt, avx, avx2, aes, clmul, erms, lzcnt, ht, tsc, tscinvbit, bmi1, bmi2

Memory: 4k page, physical 8283244k(4271100k free), swap 16564628k(11891288k free)

vm_info: Java HotSpot(TM) 64-Bit Server VM (25.121-b13) for windows-amd64 JRE (1.8.0_121-b13), built on Dec 12 2016 18:21:36 by "java_re" with MS VC++ 10.0 (VS2010)

time: Tue Mar 07 16:05:36 2017
elapsed time: 343 seconds (0d 0h 5m 43s)

