#
# A fatal error has been detected by the Java Runtime Environment:
#
#  EXCEPTION_ACCESS_VIOLATION (0xc0000005) at pc=0x000007fec4fc1b20, pid=6936, tid=0x00000000000025e4
#
# JRE version: Java(TM) SE Runtime Environment (8.0_121-b13) (build 1.8.0_121-b13)
# Java VM: Java HotSpot(TM) 64-Bit Server VM (25.121-b13 mixed mode windows-amd64 compressed oops)
# Problematic frame:
# C  [jniortools.dll+0x441b20]
#
# Failed to write core dump. Minidumps are not enabled by default on client versions of Windows
#
# If you would like to submit a bug report, please visit:
#   http://bugreport.java.com/bugreport/crash.jsp
# The crash happened outside the Java Virtual Machine in native code.
# See problematic frame for where to report the bug.
#

---------------  T H R E A D  ---------------

Current thread (0x0000000002370800):  JavaThread "main" [_thread_in_native, id=9700, stack(0x0000000002520000,0x0000000002620000)]

siginfo: ExceptionCode=0xc0000005, reading address 0x0000000000000000

Registers:
RAX=0x0000000000000000, RBX=0x000000000055c3d0, RCX=0x708f0e1180a60000, RDX=0x000007fee79255f0
RSP=0x000000000261e8a0, RBP=0x000000000261e9a0, RSI=0x0000000000000000, RDI=0x0000000000000000
R8 =0x000000000261cff8, R9 =0x000000010563ff81, R10=0x0000000000000000, R11=0x000000000261e860
R12=0x0000000000000001, R13=0x000000000054d800, R14=0x0000000000000000, R15=0x0000000000000000
RIP=0x000007fec4fc1b20, EFLAGS=0x0000000000010202

Top of Stack: (sp=0x000000000261e8a0)
0x000000000261e8a0:   3fe0000000000000 000000000261e908
0x000000000261e8b0:   000000000055c3d0 0000000000000000
0x000000000261e8c0:   0000000000000000 0000000100000000
0x000000000261e8d0:   0000000000000000 000000000055c3d0
0x000000000261e8e0:   0000000000000000 fffffffffffffffe
0x000000000261e8f0:   0000000058af5660 0000000000000000
0x000000000261e900:   0000000000000000 0000000000000000
0x000000000261e910:   0000000000000000 0000000000000000
0x000000000261e920:   0000000000000000 0000000000000000
0x000000000261e930:   000000000261e900 0000000000000000
0x000000000261e940:   0000000000000000 0000708f0c706806
0x000000000261e950:   0000000000000000 0000000000000000
0x000000000261e960:   0000000000000000 0000000000000000
0x000000000261e970:   0000000000000000 0000000000000000
0x000000000261e980:   0000000000000000 0000000000000000
0x000000000261e990:   0000000000000000 0000000000000000 

Instructions: (pc=0x000007fec4fc1b20)
0x000007fec4fc1b00:   0f b6 64 24 2c 66 66 66 0f 1f 84 00 00 00 00 00
0x000007fec4fc1b10:   48 8b 83 b0 00 00 00 4e 8b 2c f8 48 8b 44 24 68
0x000007fec4fc1b20:   f2 46 0f 10 04 f8 41 0f 28 fb 49 8b 5d 08 48 8b
0x000007fec4fc1b30:   1b 49 8b 7d 08 48 3b df 74 61 66 0f 1f 44 00 00 


Register to memory mapping:

RAX=0x0000000000000000 is an unknown value
RBX=0x000000000055c3d0 is an unknown value
RCX=0x708f0e1180a60000 is an unknown value
RDX=0x000007fee79255f0 is an unknown value
RSP=0x000000000261e8a0 is pointing into the stack for thread: 0x0000000002370800
RBP=0x000000000261e9a0 is pointing into the stack for thread: 0x0000000002370800
RSI=0x0000000000000000 is an unknown value
RDI=0x0000000000000000 is an unknown value
R8 =0x000000000261cff8 is pointing into the stack for thread: 0x0000000002370800
R9 =0x000000010563ff81 is an unknown value
R10=0x0000000000000000 is an unknown value
R11=0x000000000261e860 is pointing into the stack for thread: 0x0000000002370800
R12=0x0000000000000001 is an unknown value
R13=0x000000000054d800 is an unknown value
R14=0x0000000000000000 is an unknown value
R15=0x0000000000000000 is an unknown value


Stack: [0x0000000002520000,0x0000000002620000],  sp=0x000000000261e8a0,  free space=1018k
Native frames: (J=compiled Java code, j=interpreted, Vv=VM code, C=native code)
C  [jniortools.dll+0x441b20]
C  0x0000000002907f54

Java frames: (J=compiled Java code, j=interpreted, Vv=VM code)
j  com.google.ortools.linearsolver.operations_research_linear_solverJNI.MPSolver_verifySolution(JLcom/google/ortools/linearsolver/MPSolver;DZ)Z+0
J 3377% C1 com.saiglobal.sf.allocator.processor.PizzaHutMIPProcessor.solve(Z)[[[Lcom/google/ortools/linearsolver/MPVariable; (2463 bytes) @ 0x000000000337794c [0x0000000003363f60+0x139ec]
j  com.saiglobal.sf.allocator.processor.PizzaHutMIPProcessor.execute()V+6
j  com.saiglobal.sf.allocator.main.ResourceAllocator.main([Ljava/lang/String;)V+382
v  ~StubRoutines::call_stub

---------------  P R O C E S S  ---------------

Java Threads: ( => current thread )
  0x0000000064622000 JavaThread "org.apache.hadoop.fs.FileSystem$Statistics$StatisticsDataReferenceCleaner" daemon [_thread_blocked, id=13300, stack(0x00000000635a0000,0x00000000636a0000)]
  0x0000000058b4b800 JavaThread "SparkListenerBus" daemon [_thread_blocked, id=11492, stack(0x0000000063a30000,0x0000000063b30000)]
  0x0000000058b4a800 JavaThread "context-cleaner-periodic-gc" daemon [_thread_blocked, id=11948, stack(0x0000000063b60000,0x0000000063c60000)]
  0x0000000058b4a000 JavaThread "Spark Context Cleaner" daemon [_thread_blocked, id=4472, stack(0x000000005ee10000,0x000000005ef10000)]
  0x0000000058b49000 JavaThread "shuffle-server-5-1" daemon [_thread_in_native, id=10860, stack(0x0000000061f50000,0x0000000062050000)]
  0x0000000058b48800 JavaThread "driver-heartbeater" daemon [_thread_blocked, id=13108, stack(0x0000000061d70000,0x0000000061e70000)]
  0x0000000058b47800 JavaThread "dag-scheduler-event-loop" daemon [_thread_blocked, id=13160, stack(0x000000005f030000,0x000000005f130000)]
  0x0000000058b47000 JavaThread "netty-rpc-env-timeout" daemon [_thread_blocked, id=9948, stack(0x0000000060ca0000,0x0000000060da0000)]
  0x0000000058b46000 JavaThread "Timer-0" daemon [_thread_blocked, id=12160, stack(0x0000000060af0000,0x0000000060bf0000)]
  0x0000000058b45000 JavaThread "heartbeat-receiver-event-loop-thread" daemon [_thread_blocked, id=12308, stack(0x0000000060980000,0x0000000060a80000)]
  0x0000000058b44800 JavaThread "SparkUI-41" daemon [_thread_blocked, id=11340, stack(0x000000005f6a0000,0x000000005f7a0000)]
  0x0000000058b43800 JavaThread "SparkUI-40" daemon [_thread_blocked, id=4304, stack(0x000000005f590000,0x000000005f690000)]
  0x0000000058b43000 JavaThread "SparkUI-39" daemon [_thread_blocked, id=11824, stack(0x000000005ebc0000,0x000000005ecc0000)]
  0x0000000058b42000 JavaThread "SparkUI-38" daemon [_thread_blocked, id=12868, stack(0x000000005f2a0000,0x000000005f3a0000)]
  0x0000000058b41800 JavaThread "SparkUI-37-acceptor-0@6d617dce-Spark@70ab80e3{HTTP/1.1,[http/1.1]}{0.0.0.0:4040}" daemon [_thread_in_native, id=13260, stack(0x000000005f130000,0x000000005f230000)]
  0x0000000058b40800 JavaThread "SparkUI-36" daemon [_thread_in_native, id=11288, stack(0x000000005b5a0000,0x000000005b6a0000)]
  0x0000000058b40000 JavaThread "SparkUI-35" daemon [_thread_in_native, id=9752, stack(0x000000005ef30000,0x000000005f030000)]
  0x0000000058b3f000 JavaThread "SparkUI-34" daemon [_thread_blocked, id=8872, stack(0x000000005ece0000,0x000000005ede0000)]
  0x0000000058b3e800 JavaThread "map-output-dispatcher-7" daemon [_thread_blocked, id=1344, stack(0x000000005e840000,0x000000005e940000)]
  0x0000000058b3d800 JavaThread "map-output-dispatcher-6" daemon [_thread_blocked, id=6036, stack(0x000000005ddc0000,0x000000005dec0000)]
  0x0000000058b3d000 JavaThread "map-output-dispatcher-5" daemon [_thread_blocked, id=12440, stack(0x000000005e710000,0x000000005e810000)]
  0x0000000058b3c000 JavaThread "map-output-dispatcher-4" daemon [_thread_blocked, id=12596, stack(0x000000005e5e0000,0x000000005e6e0000)]
  0x000000005abba800 JavaThread "map-output-dispatcher-3" daemon [_thread_blocked, id=11900, stack(0x000000005e400000,0x000000005e500000)]
  0x000000005abba000 JavaThread "map-output-dispatcher-2" daemon [_thread_blocked, id=11592, stack(0x000000005e220000,0x000000005e320000)]
  0x000000005abb9000 JavaThread "map-output-dispatcher-1" daemon [_thread_blocked, id=9928, stack(0x000000005e030000,0x000000005e130000)]
  0x000000005abb6800 JavaThread "map-output-dispatcher-0" daemon [_thread_blocked, id=8392, stack(0x000000005ded0000,0x000000005dfd0000)]
  0x000000005afbf800 JavaThread "rpc-server-3-1" daemon [_thread_in_native, id=1156, stack(0x000000005dc80000,0x000000005dd80000)]
  0x000000005a71f000 JavaThread "dispatcher-event-loop-3" daemon [_thread_blocked, id=12548, stack(0x000000005d8c0000,0x000000005d9c0000)]
  0x000000005adaa000 JavaThread "dispatcher-event-loop-2" daemon [_thread_blocked, id=8148, stack(0x000000005d6b0000,0x000000005d7b0000)]
  0x000000005ada9800 JavaThread "dispatcher-event-loop-1" daemon [_thread_blocked, id=1464, stack(0x000000005d550000,0x000000005d650000)]
  0x000000005a22c800 JavaThread "dispatcher-event-loop-0" daemon [_thread_blocked, id=11744, stack(0x000000005d3f0000,0x000000005d4f0000)]
  0x000000005a9d8000 JavaThread "Abandoned connection cleanup thread" daemon [_thread_blocked, id=4132, stack(0x000000005b6c0000,0x000000005b7c0000)]
  0x0000000058a4a000 JavaThread "Service Thread" daemon [_thread_blocked, id=12304, stack(0x0000000059280000,0x0000000059380000)]
  0x00000000589d5800 JavaThread "C1 CompilerThread2" daemon [_thread_blocked, id=8788, stack(0x00000000595c0000,0x00000000596c0000)]
  0x00000000589d0000 JavaThread "C2 CompilerThread1" daemon [_thread_blocked, id=13196, stack(0x0000000059420000,0x0000000059520000)]
  0x00000000589ca800 JavaThread "C2 CompilerThread0" daemon [_thread_blocked, id=7904, stack(0x0000000059130000,0x0000000059230000)]
  0x00000000589c9000 JavaThread "Attach Listener" daemon [_thread_blocked, id=9608, stack(0x0000000058fd0000,0x00000000590d0000)]
  0x000000005783f800 JavaThread "Signal Dispatcher" daemon [_thread_blocked, id=11692, stack(0x0000000058e80000,0x0000000058f80000)]
  0x0000000057823800 JavaThread "Finalizer" daemon [_thread_blocked, id=8396, stack(0x0000000058790000,0x0000000058890000)]
  0x00000000577dc800 JavaThread "Reference Handler" daemon [_thread_blocked, id=13216, stack(0x00000000588c0000,0x00000000589c0000)]
=>0x0000000002370800 JavaThread "main" [_thread_in_native, id=9700, stack(0x0000000002520000,0x0000000002620000)]

Other Threads:
  0x00000000577d5000 VMThread [stack: 0x0000000058670000,0x0000000058770000] [id=11520]
  0x0000000058a0f000 WatcherThread [stack: 0x00000000597b0000,0x00000000598b0000] [id=5396]

VM state:not at safepoint (normal execution)

VM Mutex/Monitor currently owned by a thread: None

Heap:
 PSYoungGen      total 146944K, used 70078K [0x00000000d5d80000, 0x00000000e1c80000, 0x0000000100000000)
  eden space 136704K, 43% used [0x00000000d5d80000,0x00000000d97f53d0,0x00000000de300000)
  from space 10240K, 99% used [0x00000000df900000,0x00000000e02fa580,0x00000000e0300000)
  to   space 22528K, 0% used [0x00000000de300000,0x00000000de300000,0x00000000df900000)
 ParOldGen       total 71680K, used 43518K [0x0000000081800000, 0x0000000085e00000, 0x00000000d5d80000)
  object space 71680K, 60% used [0x0000000081800000,0x000000008427fa80,0x0000000085e00000)
 Metaspace       used 45073K, capacity 45348K, committed 45608K, reserved 1089536K
  class space    used 6087K, capacity 6178K, committed 6192K, reserved 1048576K

Card table byte_map: [0x0000000011cb0000,0x00000000120b0000] byte_map_base: 0x00000000118a4000

Marking Bits: (ParMarkBitMap*) 0x000000007090b6d0
 Begin Bits: [0x0000000012b00000, 0x0000000014aa0000)
 End Bits:   [0x0000000014aa0000, 0x0000000016a40000)

Polling page: 0x0000000002440000

CodeCache: size=245760Kb used=11716Kb max_used=11716Kb free=234043Kb
 bounds [0x00000000028f0000, 0x0000000003470000, 0x00000000118f0000]
 total_blobs=3862 nmethods=3295 adapters=479
 compilation: enabled

Compilation events (10 events):
Event: 307.606 Thread 0x00000000589d5800 3543       3       java.util.concurrent.locks.AbstractQueuedSynchronizer::enq (58 bytes)
Event: 307.607 Thread 0x00000000589d5800 nmethod 3543 0x000000000346a1d0 code [0x000000000346a360, 0x000000000346a890]
Event: 307.755 Thread 0x00000000589d5800 3544       1       org.apache.spark.rpc.RpcTimeout::duration (5 bytes)
Event: 307.755 Thread 0x00000000589d5800 nmethod 3544 0x000000000346aa90 code [0x000000000346abe0, 0x000000000346acf0]
Event: 314.332 Thread 0x00000000589d5800 3545       3       scala.collection.convert.Wrappers$JIteratorWrapper::hasNext (10 bytes)
Event: 314.333 Thread 0x00000000589d5800 nmethod 3545 0x000000000346ad50 code [0x000000000346aec0, 0x000000000346b108]
Event: 314.333 Thread 0x00000000589d5800 3546       3       java.util.concurrent.locks.AbstractQueuedSynchronizer::unparkSuccessor (84 bytes)
Event: 314.334 Thread 0x00000000589d5800 nmethod 3546 0x000000000346b550 code [0x000000000346b6e0, 0x000000000346bc28]
Event: 314.334 Thread 0x00000000589d5800 3547       3       java.util.concurrent.locks.LockSupport::unpark (12 bytes)
Event: 314.334 Thread 0x00000000589d5800 nmethod 3547 0x000000000346be50 code [0x000000000346bfc0, 0x000000000346c1e8]

GC Heap History (10 events):
Event: 8.203 GC heap before
{Heap before GC invocations=8 (full 1):
 PSYoungGen      total 67584K, used 64094K [0x00000000d5d80000, 0x00000000da900000, 0x0000000100000000)
  eden space 58880K, 100% used [0x00000000d5d80000,0x00000000d9700000,0x00000000d9700000)
  from space 8704K, 59% used [0x00000000da080000,0x00000000da597a18,0x00000000da900000)
  to   space 9216K, 0% used [0x00000000d9700000,0x00000000d9700000,0x00000000da000000)
 ParOldGen       total 52224K, used 7401K [0x0000000081800000, 0x0000000084b00000, 0x00000000d5d80000)
  object space 52224K, 14% used [0x0000000081800000,0x0000000081f3a738,0x0000000084b00000)
 Metaspace       used 32492K, capacity 32652K, committed 32816K, reserved 1077248K
  class space    used 4338K, capacity 4394K, committed 4400K, reserved 1048576K
Event: 8.242 GC heap after
Heap after GC invocations=8 (full 1):
 PSYoungGen      total 68096K, used 7365K [0x00000000d5d80000, 0x00000000dda00000, 0x0000000100000000)
  eden space 58880K, 0% used [0x00000000d5d80000,0x00000000d5d80000,0x00000000d9700000)
  from space 9216K, 79% used [0x00000000d9700000,0x00000000d9e31430,0x00000000da000000)
  to   space 9216K, 0% used [0x00000000dd100000,0x00000000dd100000,0x00000000dda00000)
 ParOldGen       total 52224K, used 7409K [0x0000000081800000, 0x0000000084b00000, 0x00000000d5d80000)
  object space 52224K, 14% used [0x0000000081800000,0x0000000081f3c738,0x0000000084b00000)
 Metaspace       used 32492K, capacity 32652K, committed 32816K, reserved 1077248K
  class space    used 4338K, capacity 4394K, committed 4400K, reserved 1048576K
}
Event: 8.568 GC heap before
{Heap before GC invocations=9 (full 1):
 PSYoungGen      total 68096K, used 45661K [0x00000000d5d80000, 0x00000000dda00000, 0x0000000100000000)
  eden space 58880K, 65% used [0x00000000d5d80000,0x00000000d82e6270,0x00000000d9700000)
  from space 9216K, 79% used [0x00000000d9700000,0x00000000d9e31430,0x00000000da000000)
  to   space 9216K, 0% used [0x00000000dd100000,0x00000000dd100000,0x00000000dda00000)
 ParOldGen       total 52224K, used 7409K [0x0000000081800000, 0x0000000084b00000, 0x00000000d5d80000)
  object space 52224K, 14% used [0x0000000081800000,0x0000000081f3c738,0x0000000084b00000)
 Metaspace       used 35110K, capacity 35288K, committed 35496K, reserved 1079296K
  class space    used 4699K, capacity 4780K, committed 4784K, reserved 1048576K
Event: 8.573 GC heap after
Heap after GC invocations=9 (full 1):
 PSYoungGen      total 117248K, used 7343K [0x00000000d5d80000, 0x00000000dd980000, 0x0000000100000000)
  eden space 108544K, 0% used [0x00000000d5d80000,0x00000000d5d80000,0x00000000dc780000)
  from space 8704K, 84% used [0x00000000dd100000,0x00000000dd82bdd8,0x00000000dd980000)
  to   space 9216K, 0% used [0x00000000dc780000,0x00000000dc780000,0x00000000dd080000)
 ParOldGen       total 52224K, used 7417K [0x0000000081800000, 0x0000000084b00000, 0x00000000d5d80000)
  object space 52224K, 14% used [0x0000000081800000,0x0000000081f3e738,0x0000000084b00000)
 Metaspace       used 35110K, capacity 35288K, committed 35496K, reserved 1079296K
  class space    used 4699K, capacity 4780K, committed 4784K, reserved 1048576K
}
Event: 8.573 GC heap before
{Heap before GC invocations=10 (full 2):
 PSYoungGen      total 117248K, used 7343K [0x00000000d5d80000, 0x00000000dd980000, 0x0000000100000000)
  eden space 108544K, 0% used [0x00000000d5d80000,0x00000000d5d80000,0x00000000dc780000)
  from space 8704K, 84% used [0x00000000dd100000,0x00000000dd82bdd8,0x00000000dd980000)
  to   space 9216K, 0% used [0x00000000dc780000,0x00000000dc780000,0x00000000dd080000)
 ParOldGen       total 52224K, used 7417K [0x0000000081800000, 0x0000000084b00000, 0x00000000d5d80000)
  object space 52224K, 14% used [0x0000000081800000,0x0000000081f3e738,0x0000000084b00000)
 Metaspace       used 35110K, capacity 35288K, committed 35496K, reserved 1079296K
  class space    used 4699K, capacity 4780K, committed 4784K, reserved 1048576K
Event: 8.616 GC heap after
Heap after GC invocations=10 (full 2):
 PSYoungGen      total 117248K, used 0K [0x00000000d5d80000, 0x00000000dd980000, 0x0000000100000000)
  eden space 108544K, 0% used [0x00000000d5d80000,0x00000000d5d80000,0x00000000dc780000)
  from space 8704K, 0% used [0x00000000dd100000,0x00000000dd100000,0x00000000dd980000)
  to   space 9216K, 0% used [0x00000000dc780000,0x00000000dc780000,0x00000000dd080000)
 ParOldGen       total 71680K, used 12337K [0x0000000081800000, 0x0000000085e00000, 0x00000000d5d80000)
  object space 71680K, 17% used [0x0000000081800000,0x000000008240c738,0x0000000085e00000)
 Metaspace       used 35110K, capacity 35288K, committed 35496K, reserved 1079296K
  class space    used 4699K, capacity 4780K, committed 4784K, reserved 1048576K
}
Event: 9.296 GC heap before
{Heap before GC invocations=11 (full 2):
 PSYoungGen      total 117248K, used 108544K [0x00000000d5d80000, 0x00000000dd980000, 0x0000000100000000)
  eden space 108544K, 100% used [0x00000000d5d80000,0x00000000dc780000,0x00000000dc780000)
  from space 8704K, 0% used [0x00000000dd100000,0x00000000dd100000,0x00000000dd980000)
  to   space 9216K, 0% used [0x00000000dc780000,0x00000000dc780000,0x00000000dd080000)
 ParOldGen       total 71680K, used 12337K [0x0000000081800000, 0x0000000085e00000, 0x00000000d5d80000)
  object space 71680K, 17% used [0x0000000081800000,0x000000008240c738,0x0000000085e00000)
 Metaspace       used 40232K, capacity 40440K, committed 40744K, reserved 1085440K
  class space    used 5497K, capacity 5580K, committed 5680K, reserved 1048576K
Event: 9.302 GC heap after
Heap after GC invocations=11 (full 2):
 PSYoungGen      total 117760K, used 9211K [0x00000000d5d80000, 0x00000000e0300000, 0x0000000100000000)
  eden space 108544K, 0% used [0x00000000d5d80000,0x00000000d5d80000,0x00000000dc780000)
  from space 9216K, 99% used [0x00000000dc780000,0x00000000dd07efa8,0x00000000dd080000)
  to   space 10240K, 0% used [0x00000000df900000,0x00000000df900000,0x00000000e0300000)
 ParOldGen       total 71680K, used 12800K [0x0000000081800000, 0x0000000085e00000, 0x00000000d5d80000)
  object space 71680K, 17% used [0x0000000081800000,0x00000000824801b0,0x0000000085e00000)
 Metaspace       used 40232K, capacity 40440K, committed 40744K, reserved 1085440K
  class space    used 5497K, capacity 5580K, committed 5680K, reserved 1048576K
}
Event: 10.258 GC heap before
{Heap before GC invocations=12 (full 2):
 PSYoungGen      total 117760K, used 117755K [0x00000000d5d80000, 0x00000000e0300000, 0x0000000100000000)
  eden space 108544K, 100% used [0x00000000d5d80000,0x00000000dc780000,0x00000000dc780000)
  from space 9216K, 99% used [0x00000000dc780000,0x00000000dd07efa8,0x00000000dd080000)
  to   space 10240K, 0% used [0x00000000df900000,0x00000000df900000,0x00000000e0300000)
 ParOldGen       total 71680K, used 12800K [0x0000000081800000, 0x0000000085e00000, 0x00000000d5d80000)
  object space 71680K, 17% used [0x0000000081800000,0x00000000824801b0,0x0000000085e00000)
 Metaspace       used 44194K, capacity 44424K, committed 44840K, reserved 1087488K
  class space    used 5984K, capacity 6068K, committed 6192K, reserved 1048576K
Event: 10.287 GC heap after
Heap after GC invocations=12 (full 2):
 PSYoungGen      total 146944K, used 10217K [0x00000000d5d80000, 0x00000000e1c80000, 0x0000000100000000)
  eden space 136704K, 0% used [0x00000000d5d80000,0x00000000d5d80000,0x00000000de300000)
  from space 10240K, 99% used [0x00000000df900000,0x00000000e02fa580,0x00000000e0300000)
  to   space 22528K, 0% used [0x00000000de300000,0x00000000de300000,0x00000000df900000)
 ParOldGen       total 71680K, used 43518K [0x0000000081800000, 0x0000000085e00000, 0x00000000d5d80000)
  object space 71680K, 60% used [0x0000000081800000,0x000000008427fa80,0x0000000085e00000)
 Metaspace       used 44194K, capacity 44424K, committed 44840K, reserved 1087488K
  class space    used 5984K, capacity 6068K, committed 6192K, reserved 1048576K
}

Deoptimization events (10 events):
Event: 10.434 Thread 0x0000000002370800 Uncommon trap: reason=class_check action=maybe_recompile pc=0x0000000003230f2c method=org.apache.xmlbeans.impl.store.Xobj.compute_flags()I @ 29
Event: 10.464 Thread 0x0000000002370800 Uncommon trap: reason=class_check action=maybe_recompile pc=0x0000000003230f2c method=org.apache.xmlbeans.impl.store.Xobj.compute_flags()I @ 29
Event: 10.473 Thread 0x0000000002370800 Uncommon trap: reason=unstable_if action=reinterpret pc=0x0000000002f788ec method=java.net.URLClassLoader.getAndVerifyPackage(Ljava/lang/String;Ljava/util/jar/Manifest;Ljava/net/URL;)Ljava/lang/Package; @ 62
Event: 10.477 Thread 0x0000000002370800 Uncommon trap: reason=class_check action=maybe_recompile pc=0x0000000003230f0c method=org.apache.xmlbeans.impl.values.XmlObjectBase.check_element_dated()V @ 44
Event: 10.479 Thread 0x0000000002370800 Uncommon trap: reason=class_check action=maybe_recompile pc=0x0000000003230f0c method=org.apache.xmlbeans.impl.values.XmlObjectBase.check_element_dated()V @ 44
Event: 10.479 Thread 0x0000000002370800 Uncommon trap: reason=unstable_if action=reinterpret pc=0x00000000031989f8 method=org.apache.xmlbeans.impl.store.Xobj.getFirstChars()Ljava/lang/Object; @ 8
Event: 10.479 Thread 0x0000000002370800 Uncommon trap: reason=class_check action=maybe_recompile pc=0x0000000003230f0c method=org.apache.xmlbeans.impl.values.XmlObjectBase.check_element_dated()V @ 44
Event: 10.479 Thread 0x0000000002370800 Uncommon trap: reason=class_check action=maybe_recompile pc=0x0000000003230f0c method=org.apache.xmlbeans.impl.values.XmlObjectBase.check_element_dated()V @ 44
Event: 10.548 Thread 0x0000000002370800 Uncommon trap: reason=unstable_if action=reinterpret pc=0x0000000003242f08 method=org.apache.xmlbeans.impl.store.Xobj.getFirstChars()Ljava/lang/Object; @ 8
Event: 10.548 Thread 0x0000000002370800 Uncommon trap: reason=unstable_if action=reinterpret pc=0x00000000032260f8 method=org.apache.xmlbeans.impl.store.CharUtil.getString(Ljava/lang/Object;II)Ljava/lang/String; @ 24

Internal exceptions (10 events):
Event: 9.353 Thread 0x0000000002370800 Exception <a 'java/security/PrivilegedActionException'> (0x00000000d60fb928) thrown at [C:\re\workspace\8-2-build-windows-amd64-cygwin\jdk8u121\8372\hotspot\src\share\vm\prims\jvm.cpp, line 1390]
Event: 9.353 Thread 0x0000000002370800 Exception <a 'java/security/PrivilegedActionException'> (0x00000000d610f7b8) thrown at [C:\re\workspace\8-2-build-windows-amd64-cygwin\jdk8u121\8372\hotspot\src\share\vm\prims\jvm.cpp, line 1390]
Event: 9.353 Thread 0x0000000002370800 Exception <a 'java/security/PrivilegedActionException'> (0x00000000d610fbb0) thrown at [C:\re\workspace\8-2-build-windows-amd64-cygwin\jdk8u121\8372\hotspot\src\share\vm\prims\jvm.cpp, line 1390]
Event: 9.353 Thread 0x0000000002370800 Exception <a 'java/security/PrivilegedActionException'> (0x00000000d6125288) thrown at [C:\re\workspace\8-2-build-windows-amd64-cygwin\jdk8u121\8372\hotspot\src\share\vm\prims\jvm.cpp, line 1390]
Event: 9.353 Thread 0x0000000002370800 Exception <a 'java/security/PrivilegedActionException'> (0x00000000d6125680) thrown at [C:\re\workspace\8-2-build-windows-amd64-cygwin\jdk8u121\8372\hotspot\src\share\vm\prims\jvm.cpp, line 1390]
Event: 9.354 Thread 0x0000000002370800 Exception <a 'java/security/PrivilegedActionException'> (0x00000000d613a7a8) thrown at [C:\re\workspace\8-2-build-windows-amd64-cygwin\jdk8u121\8372\hotspot\src\share\vm\prims\jvm.cpp, line 1390]
Event: 9.354 Thread 0x0000000002370800 Exception <a 'java/security/PrivilegedActionException'> (0x00000000d613aba0) thrown at [C:\re\workspace\8-2-build-windows-amd64-cygwin\jdk8u121\8372\hotspot\src\share\vm\prims\jvm.cpp, line 1390]
Event: 9.700 Thread 0x0000000002370800 Implicit null exception at 0x00000000030b8bac to 0x00000000030b9071
Event: 9.700 Thread 0x0000000002370800 Implicit null exception at 0x00000000030c7fda to 0x00000000030c8211
Event: 9.713 Thread 0x0000000002370800 Implicit null exception at 0x00000000030940e0 to 0x00000000030941c1

Events (10 events):
Event: 199.826 Thread 0x00000000589d5800 flushing nmethod 0x0000000002c3a790
Event: 204.329 Thread 0x00000000589d5800 flushing nmethod 0x0000000002d4fe90
Event: 204.329 Thread 0x00000000589d5800 flushing nmethod 0x0000000002d50610
Event: 204.329 Thread 0x00000000589d5800 flushing nmethod 0x0000000002d65290
Event: 204.329 Thread 0x00000000589d5800 flushing nmethod 0x0000000002dc6010
Event: 204.329 Thread 0x00000000589d5800 flushing nmethod 0x0000000002dc6c10
Event: 312.439 loading class com/google/ortools/linearsolver/MPSolver$ResultStatus
Event: 312.439 loading class com/google/ortools/linearsolver/MPSolver$ResultStatus done
Event: 312.440 loading class com/google/ortools/linearsolver/MPSolver$ResultStatus$SwigNext
Event: 312.440 loading class com/google/ortools/linearsolver/MPSolver$ResultStatus$SwigNext done


Dynamic libraries:
0x000000013f340000 - 0x000000013f377000 	C:\Program Files\Java\jdk1.8.0_121\bin\javaw.exe
0x0000000077230000 - 0x00000000773da000 	C:\windows\SYSTEM32\ntdll.dll
0x0000000077110000 - 0x000000007722f000 	C:\windows\system32\kernel32.dll
0x000007fefd1e0000 - 0x000007fefd24a000 	C:\windows\system32\KERNELBASE.dll
0x000007fefec50000 - 0x000007fefed2b000 	C:\windows\system32\ADVAPI32.dll
0x000007fefe220000 - 0x000007fefe2bf000 	C:\windows\system32\msvcrt.dll
0x000007fefe8a0000 - 0x000007fefe8bf000 	C:\windows\SYSTEM32\sechost.dll
0x000007feff220000 - 0x000007feff34d000 	C:\windows\system32\RPCRT4.dll
0x0000000077010000 - 0x000000007710a000 	C:\windows\system32\USER32.dll
0x000007fefd2e0000 - 0x000007fefd347000 	C:\windows\system32\GDI32.dll
0x000007fefd480000 - 0x000007fefd48e000 	C:\windows\system32\LPK.dll
0x000007fefd350000 - 0x000007fefd41b000 	C:\windows\system32\USP10.dll
0x000007fefc770000 - 0x000007fefc964000 	C:\windows\WinSxS\amd64_microsoft.windows.common-controls_6595b64144ccf1df_6.0.7601.18837_none_fa3b1e3d17594757\COMCTL32.dll
0x000007fefe820000 - 0x000007fefe891000 	C:\windows\system32\SHLWAPI.dll
0x000007feff1f0000 - 0x000007feff21e000 	C:\windows\system32\IMM32.DLL
0x000007feff430000 - 0x000007feff539000 	C:\windows\system32\MSCTF.dll
0x0000000068000000 - 0x000000006805e000 	C:\windows\System32\QIPCAP64.dll
0x000007fefd490000 - 0x000007fefe21a000 	C:\windows\system32\SHELL32.dll
0x000007fefc220000 - 0x000007fefc27b000 	C:\windows\system32\DNSAPI.dll
0x000007fefe8c0000 - 0x000007fefe90d000 	C:\windows\system32\WS2_32.dll
0x000007feff000000 - 0x000007feff008000 	C:\windows\system32\NSI.dll
0x0000000078800000 - 0x00000000788d2000 	C:\Program Files\Java\jdk1.8.0_121\jre\bin\msvcr100.dll
0x00000000700f0000 - 0x000000007098b000 	C:\Program Files\Java\jdk1.8.0_121\jre\bin\server\jvm.dll
0x000007fefac50000 - 0x000007fefac59000 	C:\windows\system32\WSOCK32.dll
0x000007fefa4f0000 - 0x000007fefa52b000 	C:\windows\system32\WINMM.dll
0x000007fefc470000 - 0x000007fefc47c000 	C:\windows\system32\VERSION.dll
0x0000000077400000 - 0x0000000077407000 	C:\windows\system32\PSAPI.DLL
0x0000000063e00000 - 0x0000000063e0f000 	C:\Program Files\Java\jdk1.8.0_121\jre\bin\verify.dll
0x000000005f270000 - 0x000000005f299000 	C:\Program Files\Java\jdk1.8.0_121\jre\bin\java.dll
0x000000005f480000 - 0x000000005f496000 	C:\Program Files\Java\jdk1.8.0_121\jre\bin\zip.dll
0x000007fefea30000 - 0x000007fefec2c000 	C:\windows\system32\ole32.dll
0x000007fefcf30000 - 0x000007fefcf3f000 	C:\windows\system32\profapi.dll
0x000000005f250000 - 0x000000005f26a000 	C:\Program Files\Java\jdk1.8.0_121\jre\bin\net.dll
0x000007fefc4c0000 - 0x000007fefc515000 	C:\windows\system32\mswsock.dll
0x000007fefc590000 - 0x000007fefc597000 	C:\windows\System32\wship6.dll
0x000000005eba0000 - 0x000000005ebb1000 	C:\Program Files\Java\jdk1.8.0_121\jre\bin\nio.dll
0x000007fefcd60000 - 0x000007fefcdb7000 	C:\windows\system32\apphelp.dll
0x0000000063f00000 - 0x0000000063f0d000 	C:\Program Files\Java\jdk1.8.0_121\jre\bin\management.dll
0x000007fefb050000 - 0x000007fefb065000 	C:\windows\system32\NLAapi.dll
0x000007feee830000 - 0x000007feee845000 	C:\windows\system32\napinsp.dll
0x000007feee810000 - 0x000007feee829000 	C:\windows\system32\pnrpnsp.dll
0x000007feee800000 - 0x000007feee80b000 	C:\windows\System32\winrnr.dll
0x000007feee7f0000 - 0x000007feee800000 	C:\windows\system32\wshbth.dll
0x000007fefb900000 - 0x000007fefb907000 	C:\windows\System32\wshtcpip.dll
0x000007fefac20000 - 0x000007fefac47000 	C:\windows\system32\IPHLPAPI.DLL
0x000007fefac10000 - 0x000007fefac1b000 	C:\windows\system32\WINNSI.DLL
0x000007fef7590000 - 0x000007fef7598000 	C:\windows\system32\rasadhlp.dll
0x000007fefbd70000 - 0x000007fefbdc3000 	C:\windows\System32\fwpuclnt.dll
0x000007fec4b80000 - 0x000007fec5900000 	C:\Code\DataAnalysisBB\dataanalysis\SFResourceAllocator\lib\jniortools.dll
0x000007fee6b10000 - 0x000007fee6bac000 	C:\windows\system32\MSVCP140.dll
0x000007fee7950000 - 0x000007fee7966000 	C:\windows\system32\VCRUNTIME140.dll
0x000007fefa070000 - 0x000007fefa074000 	C:\windows\system32\api-ms-win-crt-runtime-l1-1-0.dll
0x000007fee7840000 - 0x000007fee7934000 	C:\windows\system32\ucrtbase.DLL
0x000007fee7830000 - 0x000007fee7833000 	C:\windows\system32\api-ms-win-core-timezone-l1-1-0.dll
0x000007fee7820000 - 0x000007fee7823000 	C:\windows\system32\api-ms-win-core-file-l2-1-0.dll
0x000007fee7810000 - 0x000007fee7813000 	C:\windows\system32\api-ms-win-core-localization-l1-2-0.dll
0x000007fee7130000 - 0x000007fee7133000 	C:\windows\system32\api-ms-win-core-synch-l1-2-0.dll
0x000007fee7800000 - 0x000007fee7803000 	C:\windows\system32\api-ms-win-core-processthreads-l1-1-1.dll
0x000007fee77f0000 - 0x000007fee77f3000 	C:\windows\system32\api-ms-win-core-file-l1-2-0.dll
0x000007fee9eb0000 - 0x000007fee9eb4000 	C:\windows\system32\api-ms-win-crt-string-l1-1-0.dll
0x000007fef8590000 - 0x000007fef8593000 	C:\windows\system32\api-ms-win-crt-heap-l1-1-0.dll
0x000007fee6e50000 - 0x000007fee6e54000 	C:\windows\system32\api-ms-win-crt-stdio-l1-1-0.dll
0x000007fee6f20000 - 0x000007fee6f24000 	C:\windows\system32\api-ms-win-crt-convert-l1-1-0.dll
0x000007fee6e40000 - 0x000007fee6e43000 	C:\windows\system32\api-ms-win-crt-locale-l1-1-0.dll
0x000007fee6e30000 - 0x000007fee6e35000 	C:\windows\system32\api-ms-win-crt-math-l1-1-0.dll
0x000007fee6310000 - 0x000007fee6315000 	C:\windows\system32\api-ms-win-crt-multibyte-l1-1-0.dll
0x000007fee6a80000 - 0x000007fee6a83000 	C:\windows\system32\api-ms-win-crt-time-l1-1-0.dll
0x000007fee62f0000 - 0x000007fee62f3000 	C:\windows\system32\api-ms-win-crt-filesystem-l1-1-0.dll
0x000007fee6300000 - 0x000007fee6303000 	C:\windows\system32\api-ms-win-crt-environment-l1-1-0.dll
0x000007fee62d0000 - 0x000007fee62d3000 	C:\windows\system32\api-ms-win-crt-utility-l1-1-0.dll
0x000007fefc390000 - 0x000007fefc3a8000 	C:\windows\system32\CRYPTSP.dll
0x000007fefc140000 - 0x000007fefc187000 	C:\windows\system32\rsaenh.dll
0x000007fefcf40000 - 0x000007fefcf5e000 	C:\windows\system32\USERENV.dll
0x000007fefcdc0000 - 0x000007fefcdcf000 	C:\windows\system32\CRYPTBASE.dll
0x000007fef8550000 - 0x000007fef8568000 	C:\windows\system32\dhcpcsvc.DLL
0x000007fef8530000 - 0x000007fef8541000 	C:\windows\system32\dhcpcsvc6.DLL
0x0000000063b50000 - 0x0000000063b59000 	C:\Program Files\Java\jdk1.8.0_121\jre\bin\w2k_lsa_auth.dll
0x000007fefccf0000 - 0x000007fefccfb000 	C:\windows\system32\Secur32.dll
0x000007fefcd30000 - 0x000007fefcd55000 	C:\windows\system32\SSPICLI.DLL
0x0000000063de0000 - 0x0000000063de9000 	C:\Program Files\Java\jdk1.8.0_121\jre\bin\jaas_nt.dll
0x000007fefba00000 - 0x000007fefbb25000 	C:\windows\system32\dbghelp.dll

VM Arguments:
jvm_args: -Djava.library.path=C:\Code\DataAnalysisBB\dataanalysis\SFResourceAllocator\lib -Dfile.encoding=Cp1252 
java_command: com.saiglobal.sf.allocator.main.ResourceAllocator -ai com.saiglobal.sf.allocator.implementation.StoreSchedulingPizzaHut -includePipeline false -logLevel DEBUG
java_class_path (initial): C:\Code\DataAnalysisBB\dataanalysis\SFResourceAllocator\target\classes;C:\Code\DataAnalysis\SFResourceAllocator\lib\org.apache.log4j_1.2.13.v200903072027.jar;C:\Code\DataAnalysisBB\dataanalysis\SFCore\bin;C:\Code\DataAnalysis\SFCore\lib\commons-cli-1.2.jar;C:\Code\DataAnalysis\SFCore\lib\commons-logging-1.1.3.jar;C:\Code\DataAnalysis\SFCore\lib\geocoder-java-0.15.jar;C:\Code\DataAnalysis\SFCore\lib\gson-2.2.4.jar;C:\Code\DataAnalysis\SFCore\lib\org.apache.log4j_1.2.13.v200903072027.jar;C:\Code\DataAnalysis\SFCore\lib\jsch-0.1.50.jar;C:\Code\DataAnalysis\SFCore\lib\sqljdbc4.jar;C:\Code\DataAnalysis\SFCore\lib\javax.mail.jar;C:\Code\DataAnalysis\SFCore\lib\mysql-connector-java-5.1.35-bin.jar;C:\Code\DataAnalysis\SFCore\lib\commons-lang-2.5.jar;C:\Code\DataAnalysis\SFCore\lib\force-wsc-32.0.0.jar;C:\Code\DataAnalysis\SFCore\lib\wsc.partner.32.jar;C:\Code\DataAnalysisBB\dataanalysis\SFResourceAllocator\lib\com.google.ortools.jar;C:\Code\DataAnalysisBB\dataanalysis\SFResourceAllocator\lib\protobuf.jar;C:\Code\DataAnalysisBB\dataanalysis\SFResourceAllocator\lib\commons-lang-2.5.jar;C:\Code\DataAnalysisBB\dataanalysis\SFReportEngine\lib\poi-3.11.jar;C:\Code\DataAnalysisBB\dataanalysis\SFReportEngine\lib\poi-ooxml-3.11.jar;C:\Code\DataAnalysisBB\dataanalysis\SFReportEngine\lib\poi-ooxml-schemas-3.11.jar;C:\Code\DataAnalysisBB\dataanalysis\SFReportEngine\lib\poi-scratchpad-3.11.jar;C:\Code\DataAnalysisBB\dataanalysis\SFReportEngine\lib\xmlbeans-2.6.0.jar;C:\Users\conluc0\.m2\repository\com\sparkjava\spark-core\2.6.0.RC0\spark-core-2.6.0.RC0.jar;C:\Users\conluc0\.m2\repository\org\slf4j\slf4j-api\1.7.13\slf4j-api-1.7.13.jar;C:\Users\conluc0\.m2\repository\org\eclipse\jetty\jetty-server\9.4.4.v20170414\jetty-server-9.4.4.v20170414.jar;C:\Users\conluc0\.m2\repository\javax\servlet\javax.servlet-api\3.1.0\javax.servlet-api-3.1.0.jar;C:\Users\conluc0\.m2\repository\org\eclipse\jetty\jetty-http\9.4.4.v20170414\jetty-http-9.4.4.v20170414.jar;C:\Users\co
Launcher Type: SUN_STANDARD

Environment Variables:
JAVA_HOME=C:\Program Files\Java\jre1.8.0_121
PATH=C:/Program Files/Java/jre1.8.0_121/bin/server;C:/Program Files/Java/jre1.8.0_121/bin;C:/Program Files/Java/jre1.8.0_121/lib/amd64;C:\gurobi702\win64\bin;C:\Program Files\Microsoft MPI\Bin\;C:\ProgramData\Oracle\Java\javapath;C:\windows\system32;C:\windows;C:\windows\System32\Wbem;C:\windows\System32\WindowsPowerShell\v1.0\;C:\Program Files (x86)\Common Files\Roxio Shared\DLLShared\;C:\Program Files (x86)\Common Files\Roxio Shared\10.0\DLLShared\;C:\Program Files (x86)\ATI Technologies\ATI.ACE\Core-Static;C:\Program Files (x86)\MySQL\MySQL Utilities 1.4\;C:\Program Files (x86)\MySQL\MySQL Utilities 1.4\Doctrine extensions for PHP\;C:\TDM-GCC-64\bin;C:\Program Files\Microsoft SQL Server\130\Tools\Binn\;C:\Program Files\Anaconda3;C:\Program Files\Anaconda3\Scripts;C:\Program Files\Anaconda3\Library\bin;C:\Program Files\Git\cmd;C:\Program Files (x86)\Microsoft Visual Studio\2017\Community\Common7\Tools\;C:\Users\conluc0\Downloads\or-tools-master\tools\;C:\Program Files\TortoiseSVN\bin;C:\Program Files\CMake\bin;C:\Program Files\Java\jdk1.8.0_121\bin;C:\Program Files\Microsoft SQL Server\110\Tools\Binn\;C:\Program Files (x86)\Microsoft SDKs\TypeScript\1.0\;C:\Program Files\Microsoft SQL Server\120\Tools\Binn\;C:\Windows\System32;C:\Program Files\nodejs\;C:\maven\apache-maven-3.5.0\bin;C:\Program Files (x86)\Microsoft SQL Server\Client SDK\ODBC\130\Tools\Binn\;C:\Program Files (x86)\Microsoft SQL Server\140\Tools\Binn\;C:\Program Files (x86)\Microsoft SQL Server\140\DTS\Binn\;C:\Program Files (x86)\Microsoft SQL Server\140\Tools\Binn\ManagementStudio\;C:\ProgramData\chocolatey\bin;C:\Users\conluc0\AppData\Local\Continuum\Anaconda;C:\Users\conluc0\AppData\Local\Continuum\Anaconda\Scripts;C:\TDM-GCC-64\bin;C:\Users\conluc0\AppData\Local\GitHubDesktop\bin;C:\Users\conluc0\AppData\Roaming\npm;C:\eclipse;
USERNAME=conluc0
OS=Windows_NT
PROCESSOR_IDENTIFIER=Intel64 Family 6 Model 69 Stepping 1, GenuineIntel



---------------  S Y S T E M  ---------------

OS: Windows 7 , 64 bit Build 7601 (6.1.7601.23915)

CPU:total 4 (2 cores per cpu, 2 threads per core) family 6 model 69 stepping 1, cmov, cx8, fxsr, mmx, sse, sse2, sse3, ssse3, sse4.1, sse4.2, popcnt, avx, avx2, aes, clmul, erms, lzcnt, ht, tsc, tscinvbit, bmi1, bmi2

Memory: 4k page, physical 8283244k(3062376k free), swap 16564628k(10779356k free)

vm_info: Java HotSpot(TM) 64-Bit Server VM (25.121-b13) for windows-amd64 JRE (1.8.0_121-b13), built on Dec 12 2016 18:21:36 by "java_re" with MS VC++ 10.0 (VS2010)

time: Wed Nov 22 14:10:48 2017
elapsed time: 316 seconds (0d 0h 5m 16s)

