#
# A fatal error has been detected by the Java Runtime Environment:
#
#  EXCEPTION_ACCESS_VIOLATION (0xc0000005) at pc=0x000007fecca3bcb6, pid=9828, tid=0x0000000000001994
#
# JRE version: Java(TM) SE Runtime Environment (8.0_121-b13) (build 1.8.0_121-b13)
# Java VM: Java HotSpot(TM) 64-Bit Server VM (25.121-b13 mixed mode windows-amd64 compressed oops)
# Problematic frame:
# C  [jniortools.dll+0x43bcb6]
#
# Failed to write core dump. Minidumps are not enabled by default on client versions of Windows
#
# If you would like to submit a bug report, please visit:
#   http://bugreport.java.com/bugreport/crash.jsp
# The crash happened outside the Java Virtual Machine in native code.
# See problematic frame for where to report the bug.
#

---------------  T H R E A D  ---------------

Current thread (0x0000000001ffe000):  JavaThread "main" [_thread_in_native, id=6548, stack(0x0000000002790000,0x0000000002890000)]

siginfo: ExceptionCode=0xc0000005, reading address 0x0000000000000010

Registers:
RAX=0x00003428c5c5f0d6, RBX=0x0000000000528280, RCX=0x0000000000000000, RDX=0x000000000288f170
RSP=0x000000000288f090, RBP=0x000000000288f180, RSI=0x000000005a825dd0, RDI=0x0000000000000000
R8 =0x0000000000528280, R9 =0x000000000288f148, R10=0x000007fecc6b77f0, R11=0x0000000003108260
R12=0x0000000000000000, R13=0x000000000288f1e0, R14=0x000000000288f170, R15=0x0000000001ffe000
RIP=0x000007fecca3bcb6, EFLAGS=0x0000000000010202

Top of Stack: (sp=0x000000000288f090)
0x000000000288f090:   000007fee0425490 0000000000000000
0x000000000288f0a0:   000000000288f0c0 000000005a825dd0
0x000000000288f0b0:   fffffffffffffffe 000007fee0425490
0x000000000288f0c0:   31353a36323a3531 000000000288f100
0x000000000288f0d0:   00003428c5c5f0d6 0000000002b656d0
0x000000000288f0e0:   0000000000000000 000007fecca47509
0x000000000288f0f0:   000000000288f1e8 0000000000528280
0x000000000288f100:   000000005a6e92e8 0000000001ffe000
0x000000000288f110:   0000000000377ab8 00000000031051db
0x000000000288f120:   000000005a8210f8 0000000001ffe000
0x000000000288f130:   000000005a825dd0 000000005a6e9238
0x000000000288f140:   000000000288f228 00000000d813c180
0x000000000288f150:   0000000001ffe000 000000000288f1b0
0x000000000288f160:   0000000016e87910 0000000001ffe000
0x000000000288f170:   00000000d7e71440 00000000703083cc
0x000000000288f180:   000000000288f228 00000000031082bc 

Instructions: (pc=0x000007fecca3bcb6)
0x000007fecca3bc96:   48 c7 44 24 20 fe ff ff ff 48 89 5c 24 68 48 8b
0x000007fecca3bca6:   05 45 9b 88 00 48 33 c4 48 89 44 24 40 48 8b f9
0x000007fecca3bcb6:   83 79 10 02 0f 84 d6 00 00 00 48 8b 05 f9 65 5c
0x000007fecca3bcc6:   00 48 89 44 24 28 48 8d 4c 24 30 e8 2a cb 0e 00 


Register to memory mapping:

RAX=0x00003428c5c5f0d6 is an unknown value
RBX=0x0000000000528280 is an unknown value
RCX=0x0000000000000000 is an unknown value
RDX=0x000000000288f170 is pointing into the stack for thread: 0x0000000001ffe000
RSP=0x000000000288f090 is pointing into the stack for thread: 0x0000000001ffe000
RBP=0x000000000288f180 is pointing into the stack for thread: 0x0000000001ffe000
RSI=0x000000005a825dd0 is pointing into metadata
RDI=0x0000000000000000 is an unknown value
R8 =0x0000000000528280 is an unknown value
R9 =0x000000000288f148 is pointing into the stack for thread: 0x0000000001ffe000
R10=0x000007fecc6b77f0 is an unknown value
R11=0x0000000003108260 is at entry_point+32 in (nmethod*)0x00000000031080d0
R12=0x0000000000000000 is an unknown value
R13=0x000000000288f1e0 is pointing into the stack for thread: 0x0000000001ffe000
R14=0x000000000288f170 is pointing into the stack for thread: 0x0000000001ffe000
R15=0x0000000001ffe000 is a thread


Stack: [0x0000000002790000,0x0000000002890000],  sp=0x000000000288f090,  free space=1020k
Native frames: (J=compiled Java code, j=interpreted, Vv=VM code, C=native code)
C  [jniortools.dll+0x43bcb6]
C  [jniortools.dll+0x447509]
C  0x00000000031051db

Java frames: (J=compiled Java code, j=interpreted, Vv=VM code)
J 1647  com.google.ortools.linearsolver.operations_research_linear_solverJNI.MPVariable_solutionValue(JLcom/google/ortools/linearsolver/MPVariable;)D (0 bytes) @ 0x0000000003105155 [0x0000000003105100+0x55]
J 1646 C1 com.google.ortools.linearsolver.MPVariable.solutionValue()D (9 bytes) @ 0x00000000031082bc [0x0000000003108240+0x7c]
j  com.saiglobal.sf.allocator.processor.MIP2Processor.populateSchedule([[[Lcom/google/ortools/linearsolver/MPVariable;)Ljava/util/List;+46
j  com.saiglobal.sf.allocator.processor.MIP2Processor.scheduleBatch()Ljava/util/List;+368
j  com.saiglobal.sf.allocator.processor.MIP2Processor.execute()V+155
j  com.saiglobal.sf.allocator.main.ResourceAllocator.main([Ljava/lang/String;)V+305
v  ~StubRoutines::call_stub

---------------  P R O C E S S  ---------------

Java Threads: ( => current thread )
  0x0000000059b00800 JavaThread "Abandoned connection cleanup thread" daemon [_thread_blocked, id=7108, stack(0x000000005a2b0000,0x000000005a3b0000)]
  0x0000000058fd7000 JavaThread "Service Thread" daemon [_thread_blocked, id=10040, stack(0x00000000594e0000,0x00000000595e0000)]
  0x0000000058f54800 JavaThread "C1 CompilerThread2" daemon [_thread_blocked, id=8912, stack(0x0000000059360000,0x0000000059460000)]
  0x0000000057866000 JavaThread "C2 CompilerThread1" daemon [_thread_in_native, id=8828, stack(0x0000000058aa0000,0x0000000058ba0000)]
  0x000000005785f000 JavaThread "C2 CompilerThread0" daemon [_thread_blocked, id=6700, stack(0x0000000058d30000,0x0000000058e30000)]
  0x000000005786e000 JavaThread "Attach Listener" daemon [_thread_blocked, id=10000, stack(0x0000000058e50000,0x0000000058f50000)]
  0x000000005786d000 JavaThread "Signal Dispatcher" daemon [_thread_blocked, id=2904, stack(0x0000000058bd0000,0x0000000058cd0000)]
  0x0000000057849800 JavaThread "Finalizer" daemon [_thread_blocked, id=9324, stack(0x0000000058970000,0x0000000058a70000)]
  0x0000000057802800 JavaThread "Reference Handler" daemon [_thread_blocked, id=8372, stack(0x0000000058670000,0x0000000058770000)]
=>0x0000000001ffe000 JavaThread "main" [_thread_in_native, id=6548, stack(0x0000000002790000,0x0000000002890000)]

Other Threads:
  0x00000000577fb000 VMThread [stack: 0x00000000587c0000,0x00000000588c0000] [id=9108]
  0x0000000058ff7800 WatcherThread [stack: 0x0000000059900000,0x0000000059a00000] [id=8268]

VM state:not at safepoint (normal execution)

VM Mutex/Monitor currently owned by a thread: None

Heap:
 PSYoungGen      total 38400K, used 6429K [0x00000000d5d80000, 0x00000000d8800000, 0x0000000100000000)
  eden space 33280K, 3% used [0x00000000d5d80000,0x00000000d5ecb5d0,0x00000000d7e00000)
  from space 5120K, 99% used [0x00000000d7e00000,0x00000000d82fc030,0x00000000d8300000)
  to   space 5120K, 0% used [0x00000000d8300000,0x00000000d8300000,0x00000000d8800000)
 ParOldGen       total 87552K, used 7459K [0x0000000081800000, 0x0000000086d80000, 0x00000000d5d80000)
  object space 87552K, 8% used [0x0000000081800000,0x0000000081f48cc8,0x0000000086d80000)
 Metaspace       used 12118K, capacity 12362K, committed 12672K, reserved 1060864K
  class space    used 1228K, capacity 1335K, committed 1408K, reserved 1048576K

Card table byte_map: [0x0000000011f20000,0x0000000012320000] byte_map_base: 0x0000000011b14000

Marking Bits: (ParMarkBitMap*) 0x0000000070a6b6d0
 Begin Bits: [0x0000000012b30000, 0x0000000014ad0000)
 End Bits:   [0x0000000014ad0000, 0x0000000016a70000)

Polling page: 0x0000000001e30000

CodeCache: size=245760Kb used=6095Kb max_used=6104Kb free=239664Kb
 bounds [0x0000000002b60000, 0x0000000003160000, 0x0000000011b60000]
 total_blobs=2063 nmethods=1654 adapters=321
 compilation: enabled

Compilation events (10 events):
Event: 83.411 Thread 0x0000000058f54800 nmethod 1674 0x000000000314d110 code [0x000000000314d280, 0x000000000314d488]
Event: 83.411 Thread 0x0000000058f54800 1675       3       java.lang.ref.Finalizer::access$100 (6 bytes)
Event: 83.411 Thread 0x0000000058f54800 nmethod 1675 0x00000000031532d0 code [0x0000000003153440, 0x00000000031535a8]
Event: 83.411 Thread 0x0000000058f54800 1676   !   3       java.lang.ref.Finalizer::runFinalizer (62 bytes)
Event: 83.412 Thread 0x0000000058f54800 nmethod 1676 0x0000000003153650 code [0x0000000003153800, 0x0000000003154058]
Event: 83.418 Thread 0x000000005785f000 nmethod 1666% 0x00000000031558d0 code [0x0000000003155b40, 0x0000000003156458]
Event: 83.418 Thread 0x000000005785f000 1677       4       java.lang.ref.ReferenceQueue::reallyPoll (66 bytes)
Event: 83.419 Thread 0x000000005785f000 nmethod 1677 0x00000000031018d0 code [0x0000000003101a00, 0x0000000003101b18]
Event: 83.419 Thread 0x000000005785f000 1678 %     4       com.saiglobal.sf.allocator.processor.MIP2Processor::populateSchedule @ 25 (602 bytes)
Event: 83.423 Thread 0x000000005785f000 nmethod 1678% 0x0000000003157ed0 code [0x0000000003158060, 0x0000000003158488]

GC Heap History (6 events):
Event: 55.886 GC heap before
{Heap before GC invocations=1 (full 0):
 PSYoungGen      total 38400K, used 33280K [0x00000000d5d80000, 0x00000000d8800000, 0x0000000100000000)
  eden space 33280K, 100% used [0x00000000d5d80000,0x00000000d7e00000,0x00000000d7e00000)
  from space 5120K, 0% used [0x00000000d8300000,0x00000000d8300000,0x00000000d8800000)
  to   space 5120K, 0% used [0x00000000d7e00000,0x00000000d7e00000,0x00000000d8300000)
 ParOldGen       total 87552K, used 0K [0x0000000081800000, 0x0000000086d80000, 0x00000000d5d80000)
  object space 87552K, 0% used [0x0000000081800000,0x0000000081800000,0x0000000086d80000)
 Metaspace       used 11215K, capacity 11368K, committed 11520K, reserved 1058816K
  class space    used 1133K, capacity 1208K, committed 1280K, reserved 1048576K
Event: 55.894 GC heap after
Heap after GC invocations=1 (full 0):
 PSYoungGen      total 38400K, used 5104K [0x00000000d5d80000, 0x00000000d8800000, 0x0000000100000000)
  eden space 33280K, 0% used [0x00000000d5d80000,0x00000000d5d80000,0x00000000d7e00000)
  from space 5120K, 99% used [0x00000000d7e00000,0x00000000d82fc050,0x00000000d8300000)
  to   space 5120K, 0% used [0x00000000d8300000,0x00000000d8300000,0x00000000d8800000)
 ParOldGen       total 87552K, used 3004K [0x0000000081800000, 0x0000000086d80000, 0x00000000d5d80000)
  object space 87552K, 3% used [0x0000000081800000,0x0000000081aef1e0,0x0000000086d80000)
 Metaspace       used 11215K, capacity 11368K, committed 11520K, reserved 1058816K
  class space    used 1133K, capacity 1208K, committed 1280K, reserved 1048576K
}
Event: 80.044 GC heap before
{Heap before GC invocations=2 (full 0):
 PSYoungGen      total 38400K, used 38384K [0x00000000d5d80000, 0x00000000d8800000, 0x0000000100000000)
  eden space 33280K, 100% used [0x00000000d5d80000,0x00000000d7e00000,0x00000000d7e00000)
  from space 5120K, 99% used [0x00000000d7e00000,0x00000000d82fc050,0x00000000d8300000)
  to   space 5120K, 0% used [0x00000000d8300000,0x00000000d8300000,0x00000000d8800000)
 ParOldGen       total 87552K, used 3004K [0x0000000081800000, 0x0000000086d80000, 0x00000000d5d80000)
  object space 87552K, 3% used [0x0000000081800000,0x0000000081aef1e0,0x0000000086d80000)
 Metaspace       used 11432K, capacity 11566K, committed 11776K, reserved 1060864K
  class space    used 1141K, capacity 1209K, committed 1280K, reserved 1048576K
Event: 80.056 GC heap after
Heap after GC invocations=2 (full 0):
 PSYoungGen      total 38400K, used 5104K [0x00000000d5d80000, 0x00000000d8800000, 0x0000000100000000)
  eden space 33280K, 0% used [0x00000000d5d80000,0x00000000d5d80000,0x00000000d7e00000)
  from space 5120K, 99% used [0x00000000d8300000,0x00000000d87fc030,0x00000000d8800000)
  to   space 5120K, 0% used [0x00000000d7e00000,0x00000000d7e00000,0x00000000d8300000)
 ParOldGen       total 87552K, used 5509K [0x0000000081800000, 0x0000000086d80000, 0x00000000d5d80000)
  object space 87552K, 6% used [0x0000000081800000,0x0000000081d61670,0x0000000086d80000)
 Metaspace       used 11432K, capacity 11566K, committed 11776K, reserved 1060864K
  class space    used 1141K, capacity 1209K, committed 1280K, reserved 1048576K
}
Event: 83.399 GC heap before
{Heap before GC invocations=3 (full 0):
 PSYoungGen      total 38400K, used 38384K [0x00000000d5d80000, 0x00000000d8800000, 0x0000000100000000)
  eden space 33280K, 100% used [0x00000000d5d80000,0x00000000d7e00000,0x00000000d7e00000)
  from space 5120K, 99% used [0x00000000d8300000,0x00000000d87fc030,0x00000000d8800000)
  to   space 5120K, 0% used [0x00000000d7e00000,0x00000000d7e00000,0x00000000d8300000)
 ParOldGen       total 87552K, used 5509K [0x0000000081800000, 0x0000000086d80000, 0x00000000d5d80000)
  object space 87552K, 6% used [0x0000000081800000,0x0000000081d61670,0x0000000086d80000)
 Metaspace       used 12117K, capacity 12362K, committed 12672K, reserved 1060864K
  class space    used 1228K, capacity 1335K, committed 1408K, reserved 1048576K
Event: 83.408 GC heap after
Heap after GC invocations=3 (full 0):
 PSYoungGen      total 38400K, used 5104K [0x00000000d5d80000, 0x00000000d8800000, 0x0000000100000000)
  eden space 33280K, 0% used [0x00000000d5d80000,0x00000000d5d80000,0x00000000d7e00000)
  from space 5120K, 99% used [0x00000000d7e00000,0x00000000d82fc030,0x00000000d8300000)
  to   space 5120K, 0% used [0x00000000d8300000,0x00000000d8300000,0x00000000d8800000)
 ParOldGen       total 87552K, used 7459K [0x0000000081800000, 0x0000000086d80000, 0x00000000d5d80000)
  object space 87552K, 8% used [0x0000000081800000,0x0000000081f48cc8,0x0000000086d80000)
 Metaspace       used 12117K, capacity 12362K, committed 12672K, reserved 1060864K
  class space    used 1228K, capacity 1335K, committed 1408K, reserved 1048576K
}

Deoptimization events (10 events):
Event: 3.676 Thread 0x0000000001ffe000 Uncommon trap: reason=unstable_if action=reinterpret pc=0x0000000002dd0970 method=sun.misc.MetaIndex.mayContain(Ljava/lang/String;)Z @ 38
Event: 3.738 Thread 0x0000000001ffe000 Uncommon trap: reason=class_check action=maybe_recompile pc=0x0000000002ddd844 method=java.util.Properties$LineReader.readLine()I @ 410
Event: 55.774 Thread 0x0000000001ffe000 Uncommon trap: reason=unstable_if action=reinterpret pc=0x0000000002d7fcac method=java.util.HashMap.putVal(ILjava/lang/Object;Ljava/lang/Object;ZZ)Ljava/lang/Object; @ 94
Event: 55.904 Thread 0x0000000001ffe000 Uncommon trap: reason=unstable_if action=reinterpret pc=0x0000000002e87148 method=java.lang.ref.SoftReference.get()Ljava/lang/Object; @ 17
Event: 55.904 Thread 0x0000000001ffe000 Uncommon trap: reason=unstable_if action=reinterpret pc=0x0000000002f31960 method=java.util.Calendar.setFieldsNormalized(I)V @ 3
Event: 79.867 Thread 0x0000000001ffe000 Uncommon trap: reason=bimorphic action=maybe_recompile pc=0x0000000002eb2bd4 method=java.util.concurrent.ConcurrentHashMap.get(Ljava/lang/Object;)Ljava/lang/Object; @ 149
Event: 83.111 Thread 0x0000000001ffe000 Uncommon trap: reason=unstable_if action=reinterpret pc=0x0000000002f77f30 method=java.text.SimpleDateFormat.checkNegativeNumberExpression()V @ 21
Event: 83.112 Thread 0x0000000001ffe000 Uncommon trap: reason=unstable_if action=reinterpret pc=0x0000000002f69e08 method=java.text.DigitList.getStringBuffer()Ljava/lang/StringBuffer; @ 4
Event: 83.145 Thread 0x0000000001ffe000 Uncommon trap: reason=unstable_if action=reinterpret pc=0x0000000003015ff4 method=java.util.Calendar.complete()V @ 22
Event: 83.238 Thread 0x0000000001ffe000 Uncommon trap: reason=unstable_if action=reinterpret pc=0x0000000002e22c34 method=java.util.ArrayList.rangeCheck(I)V @ 5

Internal exceptions (10 events):
Event: 0.242 Thread 0x0000000001ffe000 Exception <a 'java/lang/ClassNotFoundException': org/apache/log4j/WriterAppenderCustomizer> (0x00000000d62a1710) thrown at [C:\re\workspace\8-2-build-windows-amd64-cygwin\jdk8u121\8372\hotspot\src\share\vm\classfile\systemDictionary.cpp, line 210]
Event: 0.243 Thread 0x0000000001ffe000 Exception <a 'java/lang/ClassNotFoundException': org/apache/log4j/FileAppenderCustomizer> (0x00000000d62b4e10) thrown at [C:\re\workspace\8-2-build-windows-amd64-cygwin\jdk8u121\8372\hotspot\src\share\vm\classfile\systemDictionary.cpp, line 210]
Event: 0.245 Thread 0x0000000001ffe000 Exception <a 'java/lang/ClassNotFoundException': org/apache/log4j/RollingFileAppenderCustomizer> (0x00000000d62c88d8) thrown at [C:\re\workspace\8-2-build-windows-amd64-cygwin\jdk8u121\8372\hotspot\src\share\vm\classfile\systemDictionary.cpp, line 210]
Event: 0.251 Thread 0x0000000001ffe000 Exception <a 'java/lang/ClassNotFoundException': org/apache/log4j/ConsoleAppenderBeanInfo> (0x00000000d62f1fe8) thrown at [C:\re\workspace\8-2-build-windows-amd64-cygwin\jdk8u121\8372\hotspot\src\share\vm\classfile\systemDictionary.cpp, line 210]
Event: 0.252 Thread 0x0000000001ffe000 Exception <a 'java/lang/ClassNotFoundException': org/apache/log4j/ConsoleAppenderCustomizer> (0x00000000d62f88b8) thrown at [C:\re\workspace\8-2-build-windows-amd64-cygwin\jdk8u121\8372\hotspot\src\share\vm\classfile\systemDictionary.cpp, line 210]
Event: 0.350 Thread 0x0000000001ffe000 Implicit null exception at 0x0000000002d5d389 to 0x0000000002d5d745
Event: 3.722 Thread 0x0000000001ffe000 Exception <a 'java/lang/NoSuchFieldError': method resolution failed> (0x00000000d6ec5f20) thrown at [C:\re\workspace\8-2-build-windows-amd64-cygwin\jdk8u121\8372\hotspot\src\share\vm\prims\methodHandles.cpp, line 1146]
Event: 3.723 Thread 0x0000000001ffe000 Exception <a 'java/lang/NoSuchFieldError': method resolution failed> (0x00000000d6ed3240) thrown at [C:\re\workspace\8-2-build-windows-amd64-cygwin\jdk8u121\8372\hotspot\src\share\vm\prims\methodHandles.cpp, line 1146]
Event: 83.112 Thread 0x0000000001ffe000 Implicit null exception at 0x0000000002f684ca to 0x0000000002f69df1
Event: 83.147 Thread 0x0000000001ffe000 Exception <a 'java/lang/NoSuchMethodError': java.lang.Object.lambda$minBy$0(Ljava/util/Comparator;Ljava/lang/Object;Ljava/lang/Object;)Ljava/lang/Object;> (0x00000000d6c56510) thrown at [C:\re\workspace\8-2-build-windows-amd64-cygwin\jdk8u121\8372\hotspot

Events (10 events):
Event: 83.328 loading class com/google/ortools/linearsolver/MPSolver$ResultStatus$SwigNext
Event: 83.328 loading class com/google/ortools/linearsolver/MPSolver$ResultStatus$SwigNext done
Event: 83.330 loading class com/saiglobal/sf/allocator/processor/MIP2Processor$SolverResult
Event: 83.330 loading class com/saiglobal/sf/allocator/processor/MIP2Processor$SolverResult done
Event: 83.399 Executing VM operation: ParallelGCFailedAllocation
Event: 83.408 Executing VM operation: ParallelGCFailedAllocation done
Event: 83.414 Executing VM operation: RevokeBias
Event: 83.414 Executing VM operation: RevokeBias done
Event: 83.414 Executing VM operation: RevokeBias
Event: 83.414 Executing VM operation: RevokeBias done


Dynamic libraries:
0x000000013f1f0000 - 0x000000013f227000 	C:\Program Files\Java\jdk1.8.0_121\bin\javaw.exe
0x00000000774b0000 - 0x000000007765a000 	C:\windows\SYSTEM32\ntdll.dll
0x0000000077290000 - 0x00000000773af000 	C:\windows\system32\kernel32.dll
0x000007fefd4e0000 - 0x000007fefd54a000 	C:\windows\system32\KERNELBASE.dll
0x000007fefd6b0000 - 0x000007fefd78b000 	C:\windows\system32\ADVAPI32.dll
0x000007fefd610000 - 0x000007fefd6af000 	C:\windows\system32\msvcrt.dll
0x000007feff0a0000 - 0x000007feff0bf000 	C:\windows\SYSTEM32\sechost.dll
0x000007fefdda0000 - 0x000007fefdecd000 	C:\windows\system32\RPCRT4.dll
0x00000000773b0000 - 0x00000000774aa000 	C:\windows\system32\USER32.dll
0x000007fefed40000 - 0x000007fefeda7000 	C:\windows\system32\GDI32.dll
0x000007fefd830000 - 0x000007fefd83e000 	C:\windows\system32\LPK.dll
0x000007feff650000 - 0x000007feff71a000 	C:\windows\system32\USP10.dll
0x000007fefb770000 - 0x000007fefb964000 	C:\windows\WinSxS\amd64_microsoft.windows.common-controls_6595b64144ccf1df_6.0.7601.18837_none_fa3b1e3d17594757\COMCTL32.dll
0x000007feff3c0000 - 0x000007feff431000 	C:\windows\system32\SHLWAPI.dll
0x000007feff390000 - 0x000007feff3be000 	C:\windows\system32\IMM32.DLL
0x000007fefef90000 - 0x000007feff099000 	C:\windows\system32\MSCTF.dll
0x0000000068000000 - 0x0000000068056000 	C:\windows\system32\QIPCAP64.DLL
0x000007fefded0000 - 0x000007fefec5a000 	C:\windows\system32\SHELL32.dll
0x000007fefc890000 - 0x000007fefc8eb000 	C:\windows\system32\DNSAPI.dll
0x000007fefd5a0000 - 0x000007fefd5ed000 	C:\windows\system32\WS2_32.dll
0x000007fefdd90000 - 0x000007fefdd98000 	C:\windows\system32\NSI.dll
0x00000000596d0000 - 0x00000000597a2000 	C:\Program Files\Java\jdk1.8.0_121\jre\bin\msvcr100.dll
0x0000000070250000 - 0x0000000070aeb000 	C:\Program Files\Java\jdk1.8.0_121\jre\bin\server\jvm.dll
0x000007fefa630000 - 0x000007fefa639000 	C:\windows\system32\WSOCK32.dll
0x000007fefafe0000 - 0x000007fefb01b000 	C:\windows\system32\WINMM.dll
0x000007fefc2a0000 - 0x000007fefc2ac000 	C:\windows\system32\VERSION.dll
0x0000000077670000 - 0x0000000077677000 	C:\windows\system32\PSAPI.DLL
0x0000000060770000 - 0x000000006077f000 	C:\Program Files\Java\jdk1.8.0_121\jre\bin\verify.dll
0x00000000596a0000 - 0x00000000596c9000 	C:\Program Files\Java\jdk1.8.0_121\jre\bin\java.dll
0x0000000059640000 - 0x0000000059656000 	C:\Program Files\Java\jdk1.8.0_121\jre\bin\zip.dll
0x000007feff440000 - 0x000007feff643000 	C:\windows\system32\ole32.dll
0x000007fefd1e0000 - 0x000007fefd1ef000 	C:\windows\system32\profapi.dll
0x0000000002010000 - 0x000000000202a000 	C:\Program Files\Java\jdk1.8.0_121\jre\bin\net.dll
0x000007fefcaa0000 - 0x000007fefcaf5000 	C:\windows\system32\mswsock.dll
0x000007fefcb80000 - 0x000007fefcb87000 	C:\windows\System32\wship6.dll
0x000007fecc600000 - 0x000007fecd380000 	C:\Code\DataAnalysisBB\dataanalysis\SFResourceAllocator\lib\jniortools.dll
0x000007fee0390000 - 0x000007fee042f000 	C:\windows\system32\MSVCP140.dll
0x000007feee960000 - 0x000007feee977000 	C:\windows\system32\VCRUNTIME140.dll
0x000007fefba20000 - 0x000007fefba24000 	C:\windows\system32\api-ms-win-crt-runtime-l1-1-0.dll
0x000007fedde30000 - 0x000007feddf24000 	C:\windows\system32\ucrtbase.DLL
0x000007feeea20000 - 0x000007feeea23000 	C:\windows\system32\api-ms-win-core-timezone-l1-1-0.dll
0x000007feee9a0000 - 0x000007feee9a3000 	C:\windows\system32\api-ms-win-core-file-l2-1-0.dll
0x000007feee950000 - 0x000007feee953000 	C:\windows\system32\api-ms-win-core-localization-l1-2-0.dll
0x000007feee100000 - 0x000007feee103000 	C:\windows\system32\api-ms-win-core-synch-l1-2-0.dll
0x000007feee0f0000 - 0x000007feee0f3000 	C:\windows\system32\api-ms-win-core-processthreads-l1-1-1.dll
0x000007feee0e0000 - 0x000007feee0e3000 	C:\windows\system32\api-ms-win-core-file-l1-2-0.dll
0x000007fee0380000 - 0x000007fee0384000 	C:\windows\system32\api-ms-win-crt-string-l1-1-0.dll
0x000007fede040000 - 0x000007fede043000 	C:\windows\system32\api-ms-win-crt-heap-l1-1-0.dll
0x000007fede030000 - 0x000007fede034000 	C:\windows\system32\api-ms-win-crt-stdio-l1-1-0.dll
0x000007fede020000 - 0x000007fede024000 	C:\windows\system32\api-ms-win-crt-convert-l1-1-0.dll
0x000007fede010000 - 0x000007fede013000 	C:\windows\system32\api-ms-win-crt-locale-l1-1-0.dll
0x000007fede000000 - 0x000007fede005000 	C:\windows\system32\api-ms-win-crt-math-l1-1-0.dll
0x000007feddff0000 - 0x000007feddff5000 	C:\windows\system32\api-ms-win-crt-multibyte-l1-1-0.dll
0x000007fedde20000 - 0x000007fedde23000 	C:\windows\system32\api-ms-win-crt-time-l1-1-0.dll
0x000007fedde10000 - 0x000007fedde13000 	C:\windows\system32\api-ms-win-crt-filesystem-l1-1-0.dll
0x000007fedde00000 - 0x000007fedde03000 	C:\windows\system32\api-ms-win-crt-environment-l1-1-0.dll
0x000007fedddf0000 - 0x000007fedddf3000 	C:\windows\system32\api-ms-win-crt-utility-l1-1-0.dll
0x000007fefa640000 - 0x000007fefa765000 	C:\windows\system32\dbghelp.dll

VM Arguments:
jvm_args: -Djava.library.path=lib -Dfile.encoding=Cp1252 
java_command: com.saiglobal.sf.allocator.main.ResourceAllocator -ai com.saiglobal.sf.allocator.implementation.ResourceAllocatorMIPUK -includePipeline false -logLevel INFO
java_class_path (initial): C:\Code\DataAnalysisBB\dataanalysis\SFResourceAllocator\bin;C:\Code\DataAnalysis\SFResourceAllocator\lib\org.apache.log4j_1.2.13.v200903072027.jar;C:\Code\DataAnalysisBB\dataanalysis\SFCore\bin;C:\Code\DataAnalysis\SFCore\lib\commons-cli-1.2.jar;C:\Code\DataAnalysis\SFCore\lib\commons-logging-1.1.3.jar;C:\Code\DataAnalysis\SFCore\lib\geocoder-java-0.15.jar;C:\Code\DataAnalysis\SFCore\lib\gson-2.2.4.jar;C:\Code\DataAnalysis\SFCore\lib\org.apache.log4j_1.2.13.v200903072027.jar;C:\Code\DataAnalysis\SFCore\lib\jsch-0.1.50.jar;C:\Code\DataAnalysis\SFCore\lib\sqljdbc4.jar;C:\Code\DataAnalysis\SFCore\lib\javax.mail.jar;C:\Code\DataAnalysis\SFCore\lib\mysql-connector-java-5.1.35-bin.jar;C:\Code\DataAnalysis\SFCore\lib\commons-lang-2.5.jar;C:\Code\DataAnalysis\SFCore\lib\force-wsc-32.0.0.jar;C:\Code\DataAnalysis\SFCore\lib\wsc.partner.32.jar;C:\Code\DataAnalysisBB\dataanalysis\SFResourceAllocator\lib\com.google.ortools.jar;C:\Code\DataAnalysisBB\dataanalysis\SFResourceAllocator\lib\protobuf.jar
Launcher Type: SUN_STANDARD

Environment Variables:
PATH=C:/Program Files/Java/jre1.8.0_121/bin/server;C:/Program Files/Java/jre1.8.0_121/bin;C:/Program Files/Java/jre1.8.0_121/lib/amd64;C:\ProgramData\Oracle\Java\javapath;C:\windows\system32;C:\windows;C:\windows\System32\Wbem;C:\windows\System32\WindowsPowerShell\v1.0\;C:\Program Files (x86)\Common Files\Roxio Shared\DLLShared\;C:\Program Files (x86)\Common Files\Roxio Shared\10.0\DLLShared\;C:\Program Files (x86)\ATI Technologies\ATI.ACE\Core-Static;C:\Program Files (x86)\MySQL\MySQL Utilities 1.4\;C:\Program Files (x86)\MySQL\MySQL Utilities 1.4\Doctrine extensions for PHP\;C:\Program Files\nodejs\;C:\TDM-GCC-64\bin;C:\Users\conluc0\AppData\Local\Continuum\Anaconda;C:\Users\conluc0\AppData\Local\Continuum\Anaconda\Scripts;C:\Users\conluc0\AppData\Roaming\npm;C:\TDM-GCC-64\bin;C:\eclipse;
USERNAME=conluc0
OS=Windows_NT
PROCESSOR_IDENTIFIER=Intel64 Family 6 Model 69 Stepping 1, GenuineIntel



---------------  S Y S T E M  ---------------

OS: Windows 7 , 64 bit Build 7601 (6.1.7601.23572)

CPU:total 4 (2 cores per cpu, 2 threads per core) family 6 model 69 stepping 1, cmov, cx8, fxsr, mmx, sse, sse2, sse3, ssse3, sse4.1, sse4.2, popcnt, avx, avx2, aes, clmul, erms, lzcnt, ht, tsc, tscinvbit, bmi1, bmi2

Memory: 4k page, physical 8283244k(4490556k free), swap 16564628k(12169640k free)

vm_info: Java HotSpot(TM) 64-Bit Server VM (25.121-b13) for windows-amd64 JRE (1.8.0_121-b13), built on Dec 12 2016 18:21:36 by "java_re" with MS VC++ 10.0 (VS2010)

time: Thu Mar 09 15:26:51 2017
elapsed time: 83 seconds (0d 0h 1m 23s)

