#
# A fatal error has been detected by the Java Runtime Environment:
#
#  EXCEPTION_ACCESS_VIOLATION (0xc0000005) at pc=0x000007fedbbb1b20, pid=2548, tid=0x0000000000001e44
#
# JRE version: Java(TM) SE Runtime Environment (8.0_121-b13) (build 1.8.0_121-b13)
# Java VM: Java HotSpot(TM) 64-Bit Server VM (25.121-b13 mixed mode windows-amd64 compressed oops)
# Problematic frame:
# C  [jniortools.dll+0x441b20]
#
# Failed to write core dump. Minidumps are not enabled by default on client versions of Windows
#
# If you would like to submit a bug report, please visit:
#   http://bugreport.java.com/bugreport/crash.jsp
# The crash happened outside the Java Virtual Machine in native code.
# See problematic frame for where to report the bug.
#

---------------  T H R E A D  ---------------

Current thread (0x0000000002368000):  JavaThread "main" [_thread_in_native, id=7748, stack(0x0000000002450000,0x0000000002550000)]

siginfo: ExceptionCode=0xc0000005, reading address 0x0000000000000000

Registers:
RAX=0x0000000000000000, RBX=0x0000000000288370, RCX=0x8804cef47c1d0000, RDX=0x000007fee46155f0
RSP=0x000000000254f230, RBP=0x000000000254f330, RSI=0x0000000000000000, RDI=0x0000000000000000
R8 =0x000000000254d988, R9 =0x000000000031cf51, R10=0x0000000000000000, R11=0x000000000254f1f0
R12=0x0000000000000001, R13=0x00000000002bc050, R14=0x0000000000000000, R15=0x0000000000000000
RIP=0x000007fedbbb1b20, EFLAGS=0x0000000000010206

Top of Stack: (sp=0x000000000254f230)
0x000000000254f230:   0000000000000000 000000000254f298
0x000000000254f240:   0000000000288370 0000000000000000
0x000000000254f250:   0000000000000000 0000000100000000
0x000000000254f260:   0000000000000000 0000000000288370
0x000000000254f270:   0000000000000000 fffffffffffffffe
0x000000000254f280:   00000000576f1510 0000000000000000
0x000000000254f290:   0000000000000000 0000000000000000
0x000000000254f2a0:   0000000000000000 0000000000000000
0x000000000254f2b0:   0000000000000000 0000000000000000
0x000000000254f2c0:   000000000254f300 0000000000000000
0x000000000254f2d0:   0000000000000000 00008804cca08e2d
0x000000000254f2e0:   0000000000000000 0000000000000000
0x000000000254f2f0:   0000000000000000 0000000000000000
0x000000000254f300:   0000000000000000 0000000000000000
0x000000000254f310:   407f400000000000 0000000000000000
0x000000000254f320:   3fe0000000000000 0000000000000000 

Instructions: (pc=0x000007fedbbb1b20)
0x000007fedbbb1b00:   0f b6 64 24 2c 66 66 66 0f 1f 84 00 00 00 00 00
0x000007fedbbb1b10:   48 8b 83 b0 00 00 00 4e 8b 2c f8 48 8b 44 24 68
0x000007fedbbb1b20:   f2 46 0f 10 04 f8 41 0f 28 fb 49 8b 5d 08 48 8b
0x000007fedbbb1b30:   1b 49 8b 7d 08 48 3b df 74 61 66 0f 1f 44 00 00 


Register to memory mapping:

RAX=0x0000000000000000 is an unknown value
RBX=0x0000000000288370 is an unknown value
RCX=0x8804cef47c1d0000 is an unknown value
RDX=0x000007fee46155f0 is an unknown value
RSP=0x000000000254f230 is pointing into the stack for thread: 0x0000000002368000
RBP=0x000000000254f330 is pointing into the stack for thread: 0x0000000002368000
RSI=0x0000000000000000 is an unknown value
RDI=0x0000000000000000 is an unknown value
R8 =0x000000000254d988 is pointing into the stack for thread: 0x0000000002368000
R9 =0x000000000031cf51 is an unknown value
R10=0x0000000000000000 is an unknown value
R11=0x000000000254f1f0 is pointing into the stack for thread: 0x0000000002368000
R12=0x0000000000000001 is an unknown value
R13=0x00000000002bc050 is an unknown value
R14=0x0000000000000000 is an unknown value
R15=0x0000000000000000 is an unknown value


Stack: [0x0000000002450000,0x0000000002550000],  sp=0x000000000254f230,  free space=1020k
Native frames: (J=compiled Java code, j=interpreted, Vv=VM code, C=native code)
C  [jniortools.dll+0x441b20]
C  0x0000000002840fec

Java frames: (J=compiled Java code, j=interpreted, Vv=VM code)
j  com.google.ortools.linearsolver.operations_research_linear_solverJNI.MPSolver_verifySolution(JLcom/google/ortools/linearsolver/MPSolver;DZ)Z+0
j  com.google.ortools.linearsolver.MPSolver.verifySolution(DZ)Z+7
j  com.saiglobal.sf.allocator.processor.MIP3Processor.solve([[[[Z)Lcom/saiglobal/sf/allocator/processor/MIP3Processor$SolverResult;+1870
j  com.saiglobal.sf.allocator.processor.MIP3Processor.scheduleBatch()Ljava/util/List;+160
j  com.saiglobal.sf.allocator.processor.MIP3Processor.execute()V+155
j  com.saiglobal.sf.allocator.main.ResourceAllocator.main([Ljava/lang/String;)V+382
v  ~StubRoutines::call_stub

---------------  P R O C E S S  ---------------

Java Threads: ( => current thread )
  0x000000005a3b8000 JavaThread "Abandoned connection cleanup thread" daemon [_thread_blocked, id=3992, stack(0x0000000059fa0000,0x000000005a0a0000)]
  0x0000000058b1b000 JavaThread "Service Thread" daemon [_thread_blocked, id=9200, stack(0x0000000059e40000,0x0000000059f40000)]
  0x0000000058aaf000 JavaThread "C1 CompilerThread2" daemon [_thread_blocked, id=8200, stack(0x0000000059d00000,0x0000000059e00000)]
  0x0000000058aa7000 JavaThread "C2 CompilerThread1" daemon [_thread_blocked, id=1540, stack(0x0000000059bb0000,0x0000000059cb0000)]
  0x0000000058aa5800 JavaThread "C2 CompilerThread0" daemon [_thread_blocked, id=8880, stack(0x0000000059730000,0x0000000059830000)]
  0x0000000058a81800 JavaThread "JDWP Command Reader" daemon [_thread_in_native, id=1304, stack(0x0000000059970000,0x0000000059a70000)]
  0x00000000576ff000 JavaThread "JDWP Event Helper Thread" daemon [_thread_blocked, id=8796, stack(0x0000000059060000,0x0000000059160000)]
  0x00000000576f5000 JavaThread "JDWP Transport Listener: dt_socket" daemon [_thread_blocked, id=8712, stack(0x00000000594c0000,0x00000000595c0000)]
  0x0000000058a72000 JavaThread "Attach Listener" daemon [_thread_blocked, id=7052, stack(0x00000000591a0000,0x00000000592a0000)]
  0x0000000058a71800 JavaThread "Signal Dispatcher" daemon [_thread_blocked, id=8804, stack(0x0000000058f20000,0x0000000059020000)]
  0x00000000576db800 JavaThread "Finalizer" daemon [_thread_blocked, id=6188, stack(0x00000000587e0000,0x00000000588e0000)]
  0x0000000057694000 JavaThread "Reference Handler" daemon [_thread_blocked, id=4456, stack(0x0000000058970000,0x0000000058a70000)]
=>0x0000000002368000 JavaThread "main" [_thread_in_native, id=7748, stack(0x0000000002450000,0x0000000002550000)]

Other Threads:
  0x000000005768c800 VMThread [stack: 0x00000000586d0000,0x00000000587d0000] [id=7860]
  0x0000000058b4f000 WatcherThread [stack: 0x000000005a0c0000,0x000000005a1c0000] [id=8360]

VM state:not at safepoint (normal execution)

VM Mutex/Monitor currently owned by a thread: None

Heap:
 PSYoungGen      total 378368K, used 192569K [0x00000000d5d80000, 0x00000000f0d80000, 0x0000000100000000)
  eden space 331776K, 58% used [0x00000000d5d80000,0x00000000e19867a8,0x00000000ea180000)
  from space 46592K, 0% used [0x00000000ee000000,0x00000000ee008000,0x00000000f0d80000)
  to   space 55296K, 0% used [0x00000000ea180000,0x00000000ea180000,0x00000000ed780000)
 ParOldGen       total 197632K, used 130601K [0x0000000081800000, 0x000000008d900000, 0x00000000d5d80000)
  object space 197632K, 66% used [0x0000000081800000,0x000000008978a6f8,0x000000008d900000)
 Metaspace       used 12760K, capacity 13068K, committed 13312K, reserved 1060864K
  class space    used 1303K, capacity 1418K, committed 1536K, reserved 1048576K

Card table byte_map: [0x0000000011be0000,0x0000000011fe0000] byte_map_base: 0x00000000117d4000

Marking Bits: (ParMarkBitMap*) 0x0000000062d5b6d0
 Begin Bits: [0x00000000129c0000, 0x0000000014960000)
 End Bits:   [0x0000000014960000, 0x0000000016900000)

Polling page: 0x0000000001db0000

CodeCache: size=245760Kb used=6865Kb max_used=6871Kb free=238894Kb
 bounds [0x0000000002820000, 0x0000000002ee0000, 0x0000000011820000]
 total_blobs=2218 nmethods=1797 adapters=341
 compilation: enabled

Compilation events (10 events):
Event: 101.606 Thread 0x0000000058aaf000 1881   !   3       java.util.zip.Inflater::reset (69 bytes)
Event: 101.607 Thread 0x0000000058aaf000 nmethod 1881 0x0000000002e68190 code [0x0000000002e68320, 0x0000000002e68778]
Event: 101.607 Thread 0x0000000058aaf000 1883       3       java.util.ArrayDeque::add (7 bytes)
Event: 101.607 Thread 0x0000000058aaf000 nmethod 1883 0x0000000002e67dd0 code [0x0000000002e67f40, 0x0000000002e680e8]
Event: 101.609 Thread 0x0000000058aaf000 1884   !   3       java.net.URLClassLoader::definePackageInternal (81 bytes)
Event: 101.610 Thread 0x0000000058aaf000 nmethod 1884 0x0000000002ec9310 code [0x0000000002ec9540, 0x0000000002eca098]
Event: 101.610 Thread 0x0000000058aaf000 1885       3       java.net.URLClassLoader::getAndVerifyPackage (109 bytes)
Event: 101.612 Thread 0x0000000058aaf000 nmethod 1885 0x0000000002ec6d50 code [0x0000000002ec7040, 0x0000000002ec8768]
Event: 101.612 Thread 0x0000000058aaf000 1886       3       sun.misc.Resource::getByteBuffer (24 bytes)
Event: 101.612 Thread 0x0000000058aaf000 nmethod 1886 0x0000000002a43550 code [0x0000000002a43700, 0x0000000002a43e78]

GC Heap History (10 events):
Event: 71.053 GC heap before
{Heap before GC invocations=9 (full 0):
 PSYoungGen      total 147456K, used 132640K [0x00000000d5d80000, 0x00000000dfd80000, 0x0000000100000000)
  eden space 132608K, 100% used [0x00000000d5d80000,0x00000000ddf00000,0x00000000ddf00000)
  from space 14848K, 0% used [0x00000000dee00000,0x00000000dee08000,0x00000000dfc80000)
  to   space 15360K, 0% used [0x00000000ddf00000,0x00000000ddf00000,0x00000000dee00000)
 ParOldGen       total 87552K, used 17661K [0x0000000081800000, 0x0000000086d80000, 0x00000000d5d80000)
  object space 87552K, 20% used [0x0000000081800000,0x000000008293f530,0x0000000086d80000)
 Metaspace       used 12664K, capacity 12858K, committed 12928K, reserved 1060864K
  class space    used 1287K, capacity 1351K, committed 1408K, reserved 1048576K
Event: 71.057 GC heap after
Heap after GC invocations=9 (full 0):
 PSYoungGen      total 147968K, used 10400K [0x00000000d5d80000, 0x00000000e4c00000, 0x0000000100000000)
  eden space 132608K, 0% used [0x00000000d5d80000,0x00000000d5d80000,0x00000000ddf00000)
  from space 15360K, 67% used [0x00000000ddf00000,0x00000000de928000,0x00000000dee00000)
  to   space 15872K, 0% used [0x00000000e3c80000,0x00000000e3c80000,0x00000000e4c00000)
 ParOldGen       total 87552K, used 17669K [0x0000000081800000, 0x0000000086d80000, 0x00000000d5d80000)
  object space 87552K, 20% used [0x0000000081800000,0x0000000082941530,0x0000000086d80000)
 Metaspace       used 12664K, capacity 12858K, committed 12928K, reserved 1060864K
  class space    used 1287K, capacity 1351K, committed 1408K, reserved 1048576K
}
Event: 71.249 GC heap before
{Heap before GC invocations=10 (full 0):
 PSYoungGen      total 147968K, used 143008K [0x00000000d5d80000, 0x00000000e4c00000, 0x0000000100000000)
  eden space 132608K, 100% used [0x00000000d5d80000,0x00000000ddf00000,0x00000000ddf00000)
  from space 15360K, 67% used [0x00000000ddf00000,0x00000000de928000,0x00000000dee00000)
  to   space 15872K, 0% used [0x00000000e3c80000,0x00000000e3c80000,0x00000000e4c00000)
 ParOldGen       total 87552K, used 17669K [0x0000000081800000, 0x0000000086d80000, 0x00000000d5d80000)
  object space 87552K, 20% used [0x0000000081800000,0x0000000082941530,0x0000000086d80000)
 Metaspace       used 12664K, capacity 12858K, committed 12928K, reserved 1060864K
  class space    used 1287K, capacity 1351K, committed 1408K, reserved 1048576K
Event: 71.253 GC heap after
Heap after GC invocations=10 (full 0):
 PSYoungGen      total 227840K, used 10368K [0x00000000d5d80000, 0x00000000e4d00000, 0x0000000100000000)
  eden space 211968K, 0% used [0x00000000d5d80000,0x00000000d5d80000,0x00000000e2c80000)
  from space 15872K, 65% used [0x00000000e3c80000,0x00000000e46a0000,0x00000000e4c00000)
  to   space 16384K, 0% used [0x00000000e2c80000,0x00000000e2c80000,0x00000000e3c80000)
 ParOldGen       total 87552K, used 17677K [0x0000000081800000, 0x0000000086d80000, 0x00000000d5d80000)
  object space 87552K, 20% used [0x0000000081800000,0x0000000082943530,0x0000000086d80000)
 Metaspace       used 12664K, capacity 12858K, committed 12928K, reserved 1060864K
  class space    used 1287K, capacity 1351K, committed 1408K, reserved 1048576K
}
Event: 72.264 GC heap before
{Heap before GC invocations=11 (full 0):
 PSYoungGen      total 227840K, used 222336K [0x00000000d5d80000, 0x00000000e4d00000, 0x0000000100000000)
  eden space 211968K, 100% used [0x00000000d5d80000,0x00000000e2c80000,0x00000000e2c80000)
  from space 15872K, 65% used [0x00000000e3c80000,0x00000000e46a0000,0x00000000e4c00000)
  to   space 16384K, 0% used [0x00000000e2c80000,0x00000000e2c80000,0x00000000e3c80000)
 ParOldGen       total 87552K, used 17677K [0x0000000081800000, 0x0000000086d80000, 0x00000000d5d80000)
  object space 87552K, 20% used [0x0000000081800000,0x0000000082943530,0x0000000086d80000)
 Metaspace       used 12724K, capacity 12972K, committed 13184K, reserved 1060864K
  class space    used 1297K, capacity 1386K, committed 1408K, reserved 1048576K
Event: 72.333 GC heap after
Heap after GC invocations=11 (full 0):
 PSYoungGen      total 228352K, used 16384K [0x00000000d5d80000, 0x00000000f1700000, 0x0000000100000000)
  eden space 211968K, 0% used [0x00000000d5d80000,0x00000000d5d80000,0x00000000e2c80000)
  from space 16384K, 100% used [0x00000000e2c80000,0x00000000e3c80000,0x00000000e3c80000)
  to   space 56320K, 0% used [0x00000000ee000000,0x00000000ee000000,0x00000000f1700000)
 ParOldGen       total 118784K, used 117693K [0x0000000081800000, 0x0000000088c00000, 0x00000000d5d80000)
  object space 118784K, 99% used [0x0000000081800000,0x0000000088aef530,0x0000000088c00000)
 Metaspace       used 12724K, capacity 12972K, committed 13184K, reserved 1060864K
  class space    used 1297K, capacity 1386K, committed 1408K, reserved 1048576K
}
Event: 72.333 GC heap before
{Heap before GC invocations=12 (full 1):
 PSYoungGen      total 228352K, used 16384K [0x00000000d5d80000, 0x00000000f1700000, 0x0000000100000000)
  eden space 211968K, 0% used [0x00000000d5d80000,0x00000000d5d80000,0x00000000e2c80000)
  from space 16384K, 100% used [0x00000000e2c80000,0x00000000e3c80000,0x00000000e3c80000)
  to   space 56320K, 0% used [0x00000000ee000000,0x00000000ee000000,0x00000000f1700000)
 ParOldGen       total 118784K, used 117693K [0x0000000081800000, 0x0000000088c00000, 0x00000000d5d80000)
  object space 118784K, 99% used [0x0000000081800000,0x0000000088aef530,0x0000000088c00000)
 Metaspace       used 12724K, capacity 12972K, committed 13184K, reserved 1060864K
  class space    used 1297K, capacity 1386K, committed 1408K, reserved 1048576K
Event: 72.471 GC heap after
Heap after GC invocations=12 (full 1):
 PSYoungGen      total 228352K, used 11755K [0x00000000d5d80000, 0x00000000f1700000, 0x0000000100000000)
  eden space 211968K, 0% used [0x00000000d5d80000,0x00000000d5d80000,0x00000000e2c80000)
  from space 16384K, 71% used [0x00000000e2c80000,0x00000000e37fac30,0x00000000e3c80000)
  to   space 56320K, 0% used [0x00000000ee000000,0x00000000ee000000,0x00000000f1700000)
 ParOldGen       total 197632K, used 118713K [0x0000000081800000, 0x000000008d900000, 0x00000000d5d80000)
  object space 197632K, 60% used [0x0000000081800000,0x0000000088bee6f8,0x000000008d900000)
 Metaspace       used 12724K, capacity 12972K, committed 13184K, reserved 1060864K
  class space    used 1297K, capacity 1386K, committed 1408K, reserved 1048576K
}
Event: 73.384 GC heap before
{Heap before GC invocations=13 (full 1):
 PSYoungGen      total 228352K, used 223723K [0x00000000d5d80000, 0x00000000f1700000, 0x0000000100000000)
  eden space 211968K, 100% used [0x00000000d5d80000,0x00000000e2c80000,0x00000000e2c80000)
  from space 16384K, 71% used [0x00000000e2c80000,0x00000000e37fac30,0x00000000e3c80000)
  to   space 56320K, 0% used [0x00000000ee000000,0x00000000ee000000,0x00000000f1700000)
 ParOldGen       total 197632K, used 118713K [0x0000000081800000, 0x000000008d900000, 0x00000000d5d80000)
  object space 197632K, 60% used [0x0000000081800000,0x0000000088bee6f8,0x000000008d900000)
 Metaspace       used 12724K, capacity 12972K, committed 13184K, reserved 1060864K
  class space    used 1297K, capacity 1386K, committed 1408K, reserved 1048576K
Event: 73.403 GC heap after
Heap after GC invocations=13 (full 1):
 PSYoungGen      total 378368K, used 32K [0x00000000d5d80000, 0x00000000f0d80000, 0x0000000100000000)
  eden space 331776K, 0% used [0x00000000d5d80000,0x00000000d5d80000,0x00000000ea180000)
  from space 46592K, 0% used [0x00000000ee000000,0x00000000ee008000,0x00000000f0d80000)
  to   space 55296K, 0% used [0x00000000ea180000,0x00000000ea180000,0x00000000ed780000)
 ParOldGen       total 197632K, used 130601K [0x0000000081800000, 0x000000008d900000, 0x00000000d5d80000)
  object space 197632K, 66% used [0x0000000081800000,0x000000008978a6f8,0x000000008d900000)
 Metaspace       used 12724K, capacity 12972K, committed 13184K, reserved 1060864K
  class space    used 1297K, capacity 1386K, committed 1408K, reserved 1048576K
}

Deoptimization events (10 events):
Event: 73.833 Thread 0x0000000002368000 Uncommon trap: reason=unhandled action=none pc=0x0000000002ed5c70 method=java.util.ArrayList.rangeCheck(I)V @ 20
Event: 73.833 Thread 0x0000000002368000 Uncommon trap: reason=unhandled action=none pc=0x0000000002933f0c method=java.util.ArrayList.rangeCheck(I)V @ 20
Event: 73.833 Thread 0x0000000002368000 Uncommon trap: reason=unhandled action=none pc=0x0000000002933f0c method=java.util.ArrayList.rangeCheck(I)V @ 20
Event: 73.833 Thread 0x0000000002368000 Uncommon trap: reason=unhandled action=none pc=0x0000000002933f0c method=java.util.ArrayList.rangeCheck(I)V @ 20
Event: 73.833 Thread 0x0000000002368000 Uncommon trap: reason=unhandled action=none pc=0x0000000002933f0c method=java.util.ArrayList.rangeCheck(I)V @ 20
Event: 73.833 Thread 0x0000000002368000 Uncommon trap: reason=unhandled action=none pc=0x0000000002933f0c method=java.util.ArrayList.rangeCheck(I)V @ 20
Event: 73.833 Thread 0x0000000002368000 Uncommon trap: reason=unhandled action=none pc=0x0000000002933f0c method=java.util.ArrayList.rangeCheck(I)V @ 20
Event: 73.833 Thread 0x0000000002368000 Uncommon trap: reason=unhandled action=none pc=0x0000000002933f0c method=java.util.ArrayList.rangeCheck(I)V @ 20
Event: 73.833 Thread 0x0000000002368000 Uncommon trap: reason=unhandled action=none pc=0x0000000002933f0c method=java.util.ArrayList.rangeCheck(I)V @ 20
Event: 73.833 Thread 0x0000000002368000 Uncommon trap: reason=unhandled action=none pc=0x0000000002933f0c method=java.util.ArrayList.rangeCheck(I)V @ 20

Internal exceptions (10 events):
Event: 0.490 Thread 0x0000000002368000 Exception <a 'java/lang/ClassNotFoundException': org/apache/log4j/AppenderSkeletonCustomizer> (0x00000000d632d158) thrown at [C:\re\workspace\8-2-build-windows-amd64-cygwin\jdk8u121\8372\hotspot\src\share\vm\classfile\systemDictionary.cpp, line 210]
Event: 0.493 Thread 0x0000000002368000 Exception <a 'java/lang/ClassNotFoundException': org/apache/log4j/WriterAppenderCustomizer> (0x00000000d6347b08) thrown at [C:\re\workspace\8-2-build-windows-amd64-cygwin\jdk8u121\8372\hotspot\src\share\vm\classfile\systemDictionary.cpp, line 210]
Event: 0.494 Thread 0x0000000002368000 Exception <a 'java/lang/ClassNotFoundException': org/apache/log4j/FileAppenderCustomizer> (0x00000000d635b2f0) thrown at [C:\re\workspace\8-2-build-windows-amd64-cygwin\jdk8u121\8372\hotspot\src\share\vm\classfile\systemDictionary.cpp, line 210]
Event: 0.496 Thread 0x0000000002368000 Exception <a 'java/lang/ClassNotFoundException': org/apache/log4j/RollingFileAppenderCustomizer> (0x00000000d636ebe0) thrown at [C:\re\workspace\8-2-build-windows-amd64-cygwin\jdk8u121\8372\hotspot\src\share\vm\classfile\systemDictionary.cpp, line 210]
Event: 0.501 Thread 0x0000000002368000 Exception <a 'java/lang/ClassNotFoundException': org/apache/log4j/ConsoleAppenderBeanInfo> (0x00000000d63982f0) thrown at [C:\re\workspace\8-2-build-windows-amd64-cygwin\jdk8u121\8372\hotspot\src\share\vm\classfile\systemDictionary.cpp, line 210]
Event: 0.501 Thread 0x0000000002368000 Exception <a 'java/lang/ClassNotFoundException': org/apache/log4j/ConsoleAppenderCustomizer> (0x00000000d639ebc0) thrown at [C:\re\workspace\8-2-build-windows-amd64-cygwin\jdk8u121\8372\hotspot\src\share\vm\classfile\systemDictionary.cpp, line 210]
Event: 0.704 Thread 0x0000000002368000 Implicit null exception at 0x0000000002a448c9 to 0x0000000002a44e09
Event: 3.975 Thread 0x0000000002368000 Exception <a 'java/lang/NoSuchFieldError': method resolution failed> (0x00000000d6f96110) thrown at [C:\re\workspace\8-2-build-windows-amd64-cygwin\jdk8u121\8372\hotspot\src\share\vm\prims\methodHandles.cpp, line 1146]
Event: 3.981 Thread 0x0000000002368000 Exception <a 'java/lang/NoSuchFieldError': method resolution failed> (0x00000000d6fa3430) thrown at [C:\re\workspace\8-2-build-windows-amd64-cygwin\jdk8u121\8372\hotspot\src\share\vm\prims\methodHandles.cpp, line 1146]
Event: 70.695 Thread 0x0000000002368000 Exception <a 'java/lang/NoSuchMethodError': java.lang.Object.lambda$minBy$0(Ljava/util/Comparator;Ljava/lang/Object;Ljava/lang/Object;)Ljava/lang/Object;> (0x00000000d72c0300) thrown at [C:\re\workspace\8-2-build-windows-amd64-cygwin\jdk8u121\8372\hotspot

Events (10 events):
Event: 105.937 Thread 0x0000000002368000 DEOPT PACKING pc=0x00000000029d8af4 sp=0x000000000254e0b0
Event: 105.937 Thread 0x0000000002368000 DEOPT UNPACKING pc=0x000000000286787f sp=0x000000000254ded0 mode 1
Event: 105.943 loading class com/google/ortools/linearsolver/MPSolver$ResultStatus$SwigNext
Event: 105.943 loading class com/google/ortools/linearsolver/MPSolver$ResultStatus$SwigNext done
Event: 105.943 Thread 0x0000000002368000 DEOPT PACKING pc=0x0000000002a64b31 sp=0x000000000254d4f0
Event: 105.943 Thread 0x0000000002368000 DEOPT UNPACKING pc=0x000000000286787f sp=0x000000000254d240 mode 1
Event: 105.943 Thread 0x0000000002368000 DEOPT PACKING pc=0x00000000029d8d5c sp=0x000000000254d570
Event: 105.943 Thread 0x0000000002368000 DEOPT UNPACKING pc=0x000000000286787f sp=0x000000000254d390 mode 1
Event: 105.943 Thread 0x0000000002368000 DEOPT PACKING pc=0x00000000029d8af4 sp=0x000000000254d700
Event: 105.943 Thread 0x0000000002368000 DEOPT UNPACKING pc=0x000000000286787f sp=0x000000000254d520 mode 1


Dynamic libraries:
0x000000013f4f0000 - 0x000000013f527000 	C:\Program Files\Java\jdk1.8.0_121\bin\javaw.exe
0x00000000778f0000 - 0x0000000077a9a000 	C:\windows\SYSTEM32\ntdll.dll
0x00000000776d0000 - 0x00000000777ef000 	C:\windows\system32\kernel32.dll
0x000007fefd850000 - 0x000007fefd8ba000 	C:\windows\system32\KERNELBASE.dll
0x000007fefdbf0000 - 0x000007fefdccb000 	C:\windows\system32\ADVAPI32.dll
0x000007feff7b0000 - 0x000007feff84f000 	C:\windows\system32\msvcrt.dll
0x000007feff6e0000 - 0x000007feff6ff000 	C:\windows\SYSTEM32\sechost.dll
0x000007fefda40000 - 0x000007fefdb6d000 	C:\windows\system32\RPCRT4.dll
0x00000000777f0000 - 0x00000000778ea000 	C:\windows\system32\USER32.dll
0x000007fefdcf0000 - 0x000007fefdd57000 	C:\windows\system32\GDI32.dll
0x000007fefdfe0000 - 0x000007fefdfee000 	C:\windows\system32\LPK.dll
0x000007fefdff0000 - 0x000007fefe0ba000 	C:\windows\system32\USP10.dll
0x000007fefbaa0000 - 0x000007fefbc94000 	C:\windows\WinSxS\amd64_microsoft.windows.common-controls_6595b64144ccf1df_6.0.7601.18837_none_fa3b1e3d17594757\COMCTL32.dll
0x000007fefdf60000 - 0x000007fefdfd1000 	C:\windows\system32\SHLWAPI.dll
0x000007feff850000 - 0x000007feff87e000 	C:\windows\system32\IMM32.DLL
0x000007feff960000 - 0x000007feffa69000 	C:\windows\system32\MSCTF.dll
0x0000000068000000 - 0x0000000068056000 	C:\windows\system32\QIPCAP64.DLL
0x000007fefe0c0000 - 0x000007fefee4a000 	C:\windows\system32\SHELL32.dll
0x000007fefcc00000 - 0x000007fefcc5b000 	C:\windows\system32\DNSAPI.dll
0x000007feff700000 - 0x000007feff74d000 	C:\windows\system32\WS2_32.dll
0x000007feff1c0000 - 0x000007feff1c8000 	C:\windows\system32\NSI.dll
0x0000000063df0000 - 0x0000000063ec2000 	C:\Program Files\Java\jdk1.8.0_121\jre\bin\msvcr100.dll
0x0000000062540000 - 0x0000000062ddb000 	C:\Program Files\Java\jdk1.8.0_121\jre\bin\server\jvm.dll
0x000007fefb770000 - 0x000007fefb779000 	C:\windows\system32\WSOCK32.dll
0x000007fefacb0000 - 0x000007fefaceb000 	C:\windows\system32\WINMM.dll
0x000007fefc6b0000 - 0x000007fefc6bc000 	C:\windows\system32\VERSION.dll
0x0000000077ab0000 - 0x0000000077ab7000 	C:\windows\system32\PSAPI.DLL
0x0000000066570000 - 0x000000006657f000 	C:\Program Files\Java\jdk1.8.0_121\jre\bin\verify.dll
0x0000000063f80000 - 0x0000000063fa9000 	C:\Program Files\Java\jdk1.8.0_121\jre\bin\java.dll
0x0000000063f40000 - 0x0000000063f75000 	C:\Program Files\Java\jdk1.8.0_121\jre\bin\jdwp.dll
0x0000000065ec0000 - 0x0000000065ec8000 	C:\Program Files\Java\jdk1.8.0_121\jre\bin\npt.dll
0x0000000063f20000 - 0x0000000063f36000 	C:\Program Files\Java\jdk1.8.0_121\jre\bin\zip.dll
0x000007fefdd60000 - 0x000007fefdf5c000 	C:\windows\system32\ole32.dll
0x000007fefd5e0000 - 0x000007fefd5ef000 	C:\windows\system32\profapi.dll
0x0000000065eb0000 - 0x0000000065eb9000 	C:\Program Files\Java\jdk1.8.0_121\jre\bin\dt_socket.dll
0x000007fefbea0000 - 0x000007fefbeb5000 	C:\windows\system32\NLAapi.dll
0x000007fef08d0000 - 0x000007fef08e5000 	C:\windows\system32\napinsp.dll
0x000007fef08b0000 - 0x000007fef08c9000 	C:\windows\system32\pnrpnsp.dll
0x000007fefcd70000 - 0x000007fefcdc5000 	C:\windows\System32\mswsock.dll
0x000007fef08a0000 - 0x000007fef08ab000 	C:\windows\System32\winrnr.dll
0x000007fef0890000 - 0x000007fef08a0000 	C:\windows\system32\wshbth.dll
0x000007fefb740000 - 0x000007fefb767000 	C:\windows\system32\IPHLPAPI.DLL
0x000007fefb730000 - 0x000007fefb73b000 	C:\windows\system32\WINNSI.DLL
0x000007fef90e0000 - 0x000007fef9133000 	C:\windows\System32\fwpuclnt.dll
0x000007fef7c40000 - 0x000007fef7c48000 	C:\windows\system32\rasadhlp.dll
0x000007fefc780000 - 0x000007fefc787000 	C:\windows\System32\wshtcpip.dll
0x0000000063f00000 - 0x0000000063f1a000 	C:\Program Files\Java\jdk1.8.0_121\jre\bin\net.dll
0x000007fefd010000 - 0x000007fefd017000 	C:\windows\System32\wship6.dll
0x0000000063ee0000 - 0x0000000063ef1000 	C:\Program Files\Java\jdk1.8.0_121\jre\bin\nio.dll
0x000007fefd4d0000 - 0x000007fefd527000 	C:\windows\system32\apphelp.dll
0x0000000063ed0000 - 0x0000000063edd000 	C:\Program Files\Java\jdk1.8.0_121\jre\bin\management.dll
0x000007fedb770000 - 0x000007fedc4f0000 	C:\Code\DataAnalysisBB\dataanalysis\SFResourceAllocator\lib\jniortools.dll
0x000007fee2c80000 - 0x000007fee2d1c000 	C:\windows\system32\MSVCP140.dll
0x000007fefc120000 - 0x000007fefc136000 	C:\windows\system32\VCRUNTIME140.dll
0x000007fef96d0000 - 0x000007fef96d4000 	C:\windows\system32\api-ms-win-crt-runtime-l1-1-0.dll
0x000007fee4530000 - 0x000007fee4624000 	C:\windows\system32\ucrtbase.DLL
0x000007fee7da0000 - 0x000007fee7da3000 	C:\windows\system32\api-ms-win-core-timezone-l1-1-0.dll
0x000007fee4520000 - 0x000007fee4523000 	C:\windows\system32\api-ms-win-core-file-l2-1-0.dll
0x000007fee4510000 - 0x000007fee4513000 	C:\windows\system32\api-ms-win-core-localization-l1-2-0.dll
0x000007fee8f20000 - 0x000007fee8f23000 	C:\windows\system32\api-ms-win-core-synch-l1-2-0.dll
0x000007fee4500000 - 0x000007fee4503000 	C:\windows\system32\api-ms-win-core-processthreads-l1-1-1.dll
0x000007fee44f0000 - 0x000007fee44f3000 	C:\windows\system32\api-ms-win-core-file-l1-2-0.dll
0x000007fef96c0000 - 0x000007fef96c4000 	C:\windows\system32\api-ms-win-crt-string-l1-1-0.dll
0x000007fef96b0000 - 0x000007fef96b3000 	C:\windows\system32\api-ms-win-crt-heap-l1-1-0.dll
0x000007fef96a0000 - 0x000007fef96a4000 	C:\windows\system32\api-ms-win-crt-stdio-l1-1-0.dll
0x000007fef9690000 - 0x000007fef9694000 	C:\windows\system32\api-ms-win-crt-convert-l1-1-0.dll
0x000007fef9680000 - 0x000007fef9683000 	C:\windows\system32\api-ms-win-crt-locale-l1-1-0.dll
0x000007fef9670000 - 0x000007fef9675000 	C:\windows\system32\api-ms-win-crt-math-l1-1-0.dll
0x000007fef9660000 - 0x000007fef9665000 	C:\windows\system32\api-ms-win-crt-multibyte-l1-1-0.dll
0x000007fef9650000 - 0x000007fef9653000 	C:\windows\system32\api-ms-win-crt-time-l1-1-0.dll
0x000007fef9640000 - 0x000007fef9643000 	C:\windows\system32\api-ms-win-crt-filesystem-l1-1-0.dll
0x000007fef9630000 - 0x000007fef9633000 	C:\windows\system32\api-ms-win-crt-environment-l1-1-0.dll
0x000007fef9620000 - 0x000007fef9623000 	C:\windows\system32\api-ms-win-crt-utility-l1-1-0.dll
0x000007fefb780000 - 0x000007fefb8a5000 	C:\windows\system32\dbghelp.dll

VM Arguments:
jvm_args: -agentlib:jdwp=transport=dt_socket,suspend=y,address=localhost:51018 -Djava.library.path=lib -Dfile.encoding=Cp1252 
java_command: com.saiglobal.sf.allocator.main.ResourceAllocator -ai com.saiglobal.sf.allocator.implementation.ResourceAllocatorMIPMilkRunsUK -includePipeline false -logLevel DEBUG -cp noOfMonth:12
java_class_path (initial): C:\Code\DataAnalysisBB\dataanalysis\SFResourceAllocator\bin;C:\Code\DataAnalysis\SFResourceAllocator\lib\org.apache.log4j_1.2.13.v200903072027.jar;C:\Code\DataAnalysisBB\dataanalysis\SFCore\bin;C:\Code\DataAnalysis\SFCore\lib\commons-cli-1.2.jar;C:\Code\DataAnalysis\SFCore\lib\commons-logging-1.1.3.jar;C:\Code\DataAnalysis\SFCore\lib\geocoder-java-0.15.jar;C:\Code\DataAnalysis\SFCore\lib\gson-2.2.4.jar;C:\Code\DataAnalysis\SFCore\lib\org.apache.log4j_1.2.13.v200903072027.jar;C:\Code\DataAnalysis\SFCore\lib\jsch-0.1.50.jar;C:\Code\DataAnalysis\SFCore\lib\sqljdbc4.jar;C:\Code\DataAnalysis\SFCore\lib\javax.mail.jar;C:\Code\DataAnalysis\SFCore\lib\mysql-connector-java-5.1.35-bin.jar;C:\Code\DataAnalysis\SFCore\lib\commons-lang-2.5.jar;C:\Code\DataAnalysis\SFCore\lib\force-wsc-32.0.0.jar;C:\Code\DataAnalysis\SFCore\lib\wsc.partner.32.jar;C:\Code\DataAnalysisBB\dataanalysis\SFResourceAllocator\lib\com.google.ortools.jar;C:\Code\DataAnalysisBB\dataanalysis\SFResourceAllocator\lib\protobuf.jar
Launcher Type: SUN_STANDARD

Environment Variables:
PATH=C:\Program Files\Java\jdk1.8.0_121\jre\bin;C:/Program Files/Java/jre1.8.0_121/bin/server;C:/Program Files/Java/jre1.8.0_121/bin;C:/Program Files/Java/jre1.8.0_121/lib/amd64;C:\gurobi702\win64\bin;C:\Program Files\Microsoft MPI\Bin\;C:\ProgramData\Oracle\Java\javapath;C:\windows\system32;C:\windows;C:\windows\System32\Wbem;C:\windows\System32\WindowsPowerShell\v1.0\;C:\Program Files (x86)\Common Files\Roxio Shared\DLLShared\;C:\Program Files (x86)\Common Files\Roxio Shared\10.0\DLLShared\;C:\Program Files (x86)\ATI Technologies\ATI.ACE\Core-Static;C:\Program Files (x86)\MySQL\MySQL Utilities 1.4\;C:\Program Files (x86)\MySQL\MySQL Utilities 1.4\Doctrine extensions for PHP\;C:\Program Files\nodejs\;C:\TDM-GCC-64\bin;C:\Program Files\Microsoft SQL Server\130\Tools\Binn\;C:\Program Files\Anaconda3;C:\Program Files\Anaconda3\Scripts;C:\Program Files\Anaconda3\Library\bin;C:\Program Files\Git\cmd;C:\Program Files (x86)\Microsoft Visual Studio\2017\Community\Common7\Tools\;C:\Users\conluc0\Downloads\or-tools-master\tools\;C:\Program Files\TortoiseSVN\bin;C:\Program Files\CMake\bin;C:\Program Files\Java\jdk1.8.0_121\bin;C:\Program Files\Microsoft SQL Server\110\Tools\Binn\;C:\Program Files (x86)\Microsoft SDKs\TypeScript\1.0\;C:\Program Files\Microsoft SQL Server\120\Tools\Binn\;C:\Windows\System32;C:\Users\conluc0\AppData\Local\Continuum\Anaconda;C:\Users\conluc0\AppData\Local\Continuum\Anaconda\Scripts;C:\Users\conluc0\AppData\Roaming\npm;C:\TDM-GCC-64\bin;C:\eclipse;
USERNAME=conluc0
OS=Windows_NT
PROCESSOR_IDENTIFIER=Intel64 Family 6 Model 69 Stepping 1, GenuineIntel



---------------  S Y S T E M  ---------------

OS: Windows 7 , 64 bit Build 7601 (6.1.7601.23796)

CPU:total 4 (2 cores per cpu, 2 threads per core) family 6 model 69 stepping 1, cmov, cx8, fxsr, mmx, sse, sse2, sse3, ssse3, sse4.1, sse4.2, popcnt, avx, avx2, aes, clmul, erms, lzcnt, ht, tsc, tscinvbit, bmi1, bmi2

Memory: 4k page, physical 8283244k(5679616k free), swap 33093228k(28433752k free)

vm_info: Java HotSpot(TM) 64-Bit Server VM (25.121-b13) for windows-amd64 JRE (1.8.0_121-b13), built on Dec 12 2016 18:21:36 by "java_re" with MS VC++ 10.0 (VS2010)

time: Mon May 29 16:31:50 2017
elapsed time: 105 seconds (0d 0h 1m 45s)

