#
# A fatal error has been detected by the Java Runtime Environment:
#
#  EXCEPTION_ACCESS_VIOLATION (0xc0000005) at pc=0x000007feda6f1b20, pid=6516, tid=0x00000000000027dc
#
# JRE version: Java(TM) SE Runtime Environment (8.0_121-b13) (build 1.8.0_121-b13)
# Java VM: Java HotSpot(TM) 64-Bit Server VM (25.121-b13 mixed mode windows-amd64 compressed oops)
# Problematic frame:
# C  [jniortools.dll+0x441b20]
#
# Failed to write core dump. Minidumps are not enabled by default on client versions of Windows
#
# If you would like to submit a bug report, please visit:
#   http://bugreport.java.com/bugreport/crash.jsp
# The crash happened outside the Java Virtual Machine in native code.
# See problematic frame for where to report the bug.
#

---------------  T H R E A D  ---------------

Current thread (0x0000000001d8e000):  JavaThread "main" [_thread_in_native, id=10204, stack(0x0000000002700000,0x0000000002800000)]

siginfo: ExceptionCode=0xc0000005, reading address 0x0000000000000000

Registers:
RAX=0x0000000000000000, RBX=0x000000005be0c800, RCX=0x4fa9293caccf0000, RDX=0x000007fef7c855f0
RSP=0x00000000027fea60, RBP=0x00000000027feb60, RSI=0x0000000000000000, RDI=0x0000000000000000
R8 =0x00000000027fd1b8, R9 =0x000000006884a411, R10=0x0000000000000000, R11=0x00000000027fea20
R12=0x0000000000000001, R13=0x00000001b6dfbf90, R14=0x0000000000000000, R15=0x0000000000000000
RIP=0x000007feda6f1b20, EFLAGS=0x0000000000010202

Top of Stack: (sp=0x00000000027fea60)
0x00000000027fea60:   3fe0000000000000 00000000027feac8
0x00000000027fea70:   000000005be0c800 000000006ffb6cdc
0x00000000027fea80:   0000000000000000 0000000100000000
0x00000000027fea90:   0000000000000000 000000005be0c800
0x00000000027feaa0:   0000000000000000 fffffffffffffffe
0x00000000027feab0:   0000000001d8e000 0000000001d8efb8
0x00000000027feac0:   0000000001d8efb8 0000000000000000
0x00000000027fead0:   0000000000000000 0000000000000000
0x00000000027feae0:   00000000d5ff4fd0 0000000000000005
0x00000000027feaf0:   000007fef7c84168 0000000067382e25
0x00000000027feb00:   00000000d5ff4fd0 00004fa92b4346af
0x00000000027feb10:   0000000000000000 0000000000000000
0x00000000027feb20:   0000000000000000 0000000000000000
0x00000000027feb30:   0000000000000002 0000000000000000
0x00000000027feb40:   407097993ea0046d 0000000000000000
0x00000000027feb50:   3ff0000000000000 0000000000000000 

Instructions: (pc=0x000007feda6f1b20)
0x000007feda6f1b00:   0f b6 64 24 2c 66 66 66 0f 1f 84 00 00 00 00 00
0x000007feda6f1b10:   48 8b 83 b0 00 00 00 4e 8b 2c f8 48 8b 44 24 68
0x000007feda6f1b20:   f2 46 0f 10 04 f8 41 0f 28 fb 49 8b 5d 08 48 8b
0x000007feda6f1b30:   1b 49 8b 7d 08 48 3b df 74 61 66 0f 1f 44 00 00 


Register to memory mapping:

RAX=0x0000000000000000 is an unknown value
RBX=0x000000005be0c800 is an unknown value
RCX=0x4fa9293caccf0000 is an unknown value
RDX=0x000007fef7c855f0 is an unknown value
RSP=0x00000000027fea60 is pointing into the stack for thread: 0x0000000001d8e000
RBP=0x00000000027feb60 is pointing into the stack for thread: 0x0000000001d8e000
RSI=0x0000000000000000 is an unknown value
RDI=0x0000000000000000 is an unknown value
R8 =0x00000000027fd1b8 is pointing into the stack for thread: 0x0000000001d8e000
R9 =0x000000006884a411 is an unknown value
R10=0x0000000000000000 is an unknown value
R11=0x00000000027fea20 is pointing into the stack for thread: 0x0000000001d8e000
R12=0x0000000000000001 is an unknown value
R13=0x00000001b6dfbf90 is an unknown value
R14=0x0000000000000000 is an unknown value
R15=0x0000000000000000 is an unknown value


Stack: [0x0000000002700000,0x0000000002800000],  sp=0x00000000027fea60,  free space=1018k
Native frames: (J=compiled Java code, j=interpreted, Vv=VM code, C=native code)
C  [jniortools.dll+0x441b20]
C  0x0000000002ae7f54

Java frames: (J=compiled Java code, j=interpreted, Vv=VM code)
j  com.google.ortools.linearsolver.operations_research_linear_solverJNI.MPSolver_verifySolution(JLcom/google/ortools/linearsolver/MPSolver;DZ)Z+0
j  com.google.ortools.linearsolver.MPSolver.verifySolution(DZ)Z+7
J 1900 C2 com.saiglobal.sf.allocator.processor.MIP3Processor.solve([[[[I)Lcom/saiglobal/sf/allocator/processor/MIP3Processor$SolverResult; (1683 bytes) @ 0x00000000031b0e4c [0x00000000031ad580+0x38cc]
J 2218% C1 com.saiglobal.sf.allocator.processor.MIP3Processor.scheduleBatch()Ljava/util/List; (897 bytes) @ 0x000000000337db5c [0x000000000337b660+0x24fc]
j  com.saiglobal.sf.allocator.processor.MIP3Processor.execute()V+155
j  com.saiglobal.sf.allocator.main.ResourceAllocator.main([Ljava/lang/String;)V+382
v  ~StubRoutines::call_stub

---------------  P R O C E S S  ---------------

Java Threads: ( => current thread )
  0x0000000059b30000 JavaThread "Abandoned connection cleanup thread" daemon [_thread_blocked, id=7496, stack(0x000000005a4e0000,0x000000005a5e0000)]
  0x000000005921d000 JavaThread "Service Thread" daemon [_thread_blocked, id=10636, stack(0x0000000059850000,0x0000000059950000)]
  0x00000000591d0800 JavaThread "C1 CompilerThread2" daemon [_thread_blocked, id=5564, stack(0x0000000059620000,0x0000000059720000)]
  0x00000000578e6000 JavaThread "C2 CompilerThread1" daemon [_thread_blocked, id=9828, stack(0x00000000590d0000,0x00000000591d0000)]
  0x00000000578e2000 JavaThread "C2 CompilerThread0" daemon [_thread_blocked, id=2540, stack(0x00000000589a0000,0x0000000058aa0000)]
  0x00000000578ee000 JavaThread "Attach Listener" daemon [_thread_blocked, id=12192, stack(0x0000000058e30000,0x0000000058f30000)]
  0x00000000578ed000 JavaThread "Signal Dispatcher" daemon [_thread_blocked, id=11476, stack(0x0000000058c70000,0x0000000058d70000)]
  0x00000000578c9800 JavaThread "Finalizer" daemon [_thread_blocked, id=8964, stack(0x0000000058ac0000,0x0000000058bc0000)]
  0x0000000057882800 JavaThread "Reference Handler" daemon [_thread_blocked, id=1356, stack(0x0000000058770000,0x0000000058870000)]
=>0x0000000001d8e000 JavaThread "main" [_thread_in_native, id=10204, stack(0x0000000002700000,0x0000000002800000)]

Other Threads:
  0x000000005787b000 VMThread [stack: 0x00000000588a0000,0x00000000589a0000] [id=6748]
  0x0000000059276000 WatcherThread [stack: 0x0000000058f60000,0x0000000059060000] [id=12980]

VM state:not at safepoint (normal execution)

VM Mutex/Monitor currently owned by a thread: None

Heap:
 PSYoungGen      total 355328K, used 5176K [0x00000000d5d80000, 0x0000000100000000, 0x0000000100000000)
  eden space 259584K, 1% used [0x00000000d5d80000,0x00000000d628e288,0x00000000e5b00000)
  from space 95744K, 0% used [0x00000000e5b00000,0x00000000e5b00000,0x00000000eb880000)
  to   space 149504K, 0% used [0x00000000f6e00000,0x00000000f6e00000,0x0000000100000000)
 ParOldGen       total 324608K, used 211225K [0x0000000081800000, 0x0000000095500000, 0x00000000d5d80000)
  object space 324608K, 65% used [0x0000000081800000,0x000000008e646558,0x0000000095500000)
 Metaspace       used 12951K, capacity 13256K, committed 13568K, reserved 1060864K
  class space    used 1325K, capacity 1430K, committed 1536K, reserved 1048576K

Card table byte_map: [0x0000000011e90000,0x0000000012290000] byte_map_base: 0x0000000011a84000

Marking Bits: (ParMarkBitMap*) 0x000000007061b6d0
 Begin Bits: [0x0000000012bb0000, 0x0000000014b50000)
 End Bits:   [0x0000000014b50000, 0x0000000016af0000)

Polling page: 0x0000000001dc0000

CodeCache: size=245760Kb used=9090Kb max_used=9116Kb free=236669Kb
 bounds [0x0000000002ad0000, 0x00000000033d0000, 0x0000000011ad0000]
 total_blobs=2502 nmethods=2072 adapters=342
 compilation: enabled

Compilation events (10 events):
Event: 325.621 Thread 0x00000000591d0800 2217       3       java.util.stream.Collectors$CollectorImpl::<init> (32 bytes)
Event: 325.622 Thread 0x00000000591d0800 nmethod 2217 0x0000000002e49ad0 code [0x0000000002e49c20, 0x0000000002e49e30]
Event: 325.669 Thread 0x00000000591d0800 2218 %     3       com.saiglobal.sf.allocator.processor.MIP3Processor::scheduleBatch @ 44 (897 bytes)
Event: 325.684 Thread 0x00000000591d0800 nmethod 2218% 0x000000000337a390 code [0x000000000337b660, 0x0000000003389bf8]
Event: 325.774 Thread 0x00000000578e6000 nmethod 2213% 0x000000000339a910 code [0x000000000339adc0, 0x000000000339e9d8]
Event: 325.775 Thread 0x00000000578e6000 2219 %     4       com.saiglobal.sf.allocator.processor.MIP3Processor::scheduleBatch @ 44 (897 bytes)
Event: 325.854 Thread 0x00000000578e6000 nmethod 2219% 0x00000000033a2f90 code [0x00000000033a3720, 0x00000000033a6588]
Event: 326.732 Thread 0x00000000591d0800 2220   !   3       java.nio.charset.CharsetEncoder::encode (285 bytes)
Event: 326.733 Thread 0x00000000591d0800 nmethod 2220 0x0000000003398790 code [0x0000000003398a60, 0x000000000339a038]
Event: 327.148 Thread 0x00000000578e2000 nmethod 2216 0x00000000033b15d0 code [0x00000000033b1c60, 0x00000000033b7320]

GC Heap History (10 events):
Event: 157.461 GC heap before
{Heap before GC invocations=12 (full 1):
 PSYoungGen      total 225280K, used 192560K [0x00000000d5d80000, 0x00000000e7d80000, 0x0000000100000000)
  eden space 166912K, 100% used [0x00000000d5d80000,0x00000000e0080000,0x00000000e0080000)
  from space 58368K, 43% used [0x00000000e4480000,0x00000000e5d8c010,0x00000000e7d80000)
  to   space 64000K, 0% used [0x00000000e0080000,0x00000000e0080000,0x00000000e3f00000)
 ParOldGen       total 160768K, used 98637K [0x0000000081800000, 0x000000008b500000, 0x00000000d5d80000)
  object space 160768K, 61% used [0x0000000081800000,0x0000000087853450,0x000000008b500000)
 Metaspace       used 12947K, capacity 13248K, committed 13568K, reserved 1060864K
  class space    used 1325K, capacity 1430K, committed 1536K, reserved 1048576K
Event: 157.548 GC heap after
Heap after GC invocations=12 (full 1):
 PSYoungGen      total 230912K, used 64000K [0x00000000d5d80000, 0x00000000f1a80000, 0x0000000100000000)
  eden space 166912K, 0% used [0x00000000d5d80000,0x00000000d5d80000,0x00000000e0080000)
  from space 64000K, 100% used [0x00000000e0080000,0x00000000e3f00000,0x00000000e3f00000)
  to   space 95744K, 0% used [0x00000000ebd00000,0x00000000ebd00000,0x00000000f1a80000)
 ParOldGen       total 160768K, used 155613K [0x0000000081800000, 0x000000008b500000, 0x00000000d5d80000)
  object space 160768K, 96% used [0x0000000081800000,0x000000008aff7460,0x000000008b500000)
 Metaspace       used 12947K, capacity 13248K, committed 13568K, reserved 1060864K
  class space    used 1325K, capacity 1430K, committed 1536K, reserved 1048576K
}
Event: 157.548 GC heap before
{Heap before GC invocations=13 (full 2):
 PSYoungGen      total 230912K, used 64000K [0x00000000d5d80000, 0x00000000f1a80000, 0x0000000100000000)
  eden space 166912K, 0% used [0x00000000d5d80000,0x00000000d5d80000,0x00000000e0080000)
  from space 64000K, 100% used [0x00000000e0080000,0x00000000e3f00000,0x00000000e3f00000)
  to   space 95744K, 0% used [0x00000000ebd00000,0x00000000ebd00000,0x00000000f1a80000)
 ParOldGen       total 160768K, used 155613K [0x0000000081800000, 0x000000008b500000, 0x00000000d5d80000)
  object space 160768K, 96% used [0x0000000081800000,0x000000008aff7460,0x000000008b500000)
 Metaspace       used 12947K, capacity 13248K, committed 13568K, reserved 1060864K
  class space    used 1325K, capacity 1430K, committed 1536K, reserved 1048576K
Event: 157.907 GC heap after
Heap after GC invocations=13 (full 2):
 PSYoungGen      total 230912K, used 0K [0x00000000d5d80000, 0x00000000f1a80000, 0x0000000100000000)
  eden space 166912K, 0% used [0x00000000d5d80000,0x00000000d5d80000,0x00000000e0080000)
  from space 64000K, 0% used [0x00000000e0080000,0x00000000e0080000,0x00000000e3f00000)
  to   space 95744K, 0% used [0x00000000ebd00000,0x00000000ebd00000,0x00000000f1a80000)
 ParOldGen       total 215040K, used 132178K [0x0000000081800000, 0x000000008ea00000, 0x00000000d5d80000)
  object space 215040K, 61% used [0x0000000081800000,0x00000000899149e8,0x000000008ea00000)
 Metaspace       used 12947K, capacity 13248K, committed 13568K, reserved 1060864K
  class space    used 1325K, capacity 1430K, committed 1536K, reserved 1048576K
}
Event: 325.512 GC heap before
{Heap before GC invocations=14 (full 2):
 PSYoungGen      total 230912K, used 166912K [0x00000000d5d80000, 0x00000000f1a80000, 0x0000000100000000)
  eden space 166912K, 100% used [0x00000000d5d80000,0x00000000e0080000,0x00000000e0080000)
  from space 64000K, 0% used [0x00000000e0080000,0x00000000e0080000,0x00000000e3f00000)
  to   space 95744K, 0% used [0x00000000ebd00000,0x00000000ebd00000,0x00000000f1a80000)
 ParOldGen       total 215040K, used 132178K [0x0000000081800000, 0x000000008ea00000, 0x00000000d5d80000)
  object space 215040K, 61% used [0x0000000081800000,0x00000000899149e8,0x000000008ea00000)
 Metaspace       used 12951K, capacity 13256K, committed 13568K, reserved 1060864K
  class space    used 1325K, capacity 1430K, committed 1536K, reserved 1048576K
Event: 325.579 GC heap after
Heap after GC invocations=14 (full 2):
 PSYoungGen      total 350720K, used 50879K [0x00000000d5d80000, 0x00000000f1600000, 0x0000000100000000)
  eden space 259584K, 0% used [0x00000000d5d80000,0x00000000d5d80000,0x00000000e5b00000)
  from space 91136K, 55% used [0x00000000ebd00000,0x00000000eeeaff78,0x00000000f1600000)
  to   space 95744K, 0% used [0x00000000e5b00000,0x00000000e5b00000,0x00000000eb880000)
 ParOldGen       total 215040K, used 132178K [0x0000000081800000, 0x000000008ea00000, 0x00000000d5d80000)
  object space 215040K, 61% used [0x0000000081800000,0x00000000899149e8,0x000000008ea00000)
 Metaspace       used 12951K, capacity 13256K, committed 13568K, reserved 1060864K
  class space    used 1325K, capacity 1430K, committed 1536K, reserved 1048576K
}
Event: 379.959 GC heap before
{Heap before GC invocations=15 (full 2):
 PSYoungGen      total 350720K, used 310463K [0x00000000d5d80000, 0x00000000f1600000, 0x0000000100000000)
  eden space 259584K, 100% used [0x00000000d5d80000,0x00000000e5b00000,0x00000000e5b00000)
  from space 91136K, 55% used [0x00000000ebd00000,0x00000000eeeaff78,0x00000000f1600000)
  to   space 95744K, 0% used [0x00000000e5b00000,0x00000000e5b00000,0x00000000eb880000)
 ParOldGen       total 215040K, used 132178K [0x0000000081800000, 0x000000008ea00000, 0x00000000d5d80000)
  object space 215040K, 61% used [0x0000000081800000,0x00000000899149e8,0x000000008ea00000)
 Metaspace       used 12951K, capacity 13256K, committed 13568K, reserved 1060864K
  class space    used 1325K, capacity 1430K, committed 1536K, reserved 1048576K
Event: 380.124 GC heap after
Heap after GC invocations=15 (full 2):
 PSYoungGen      total 355328K, used 95744K [0x00000000d5d80000, 0x0000000100000000, 0x0000000100000000)
  eden space 259584K, 0% used [0x00000000d5d80000,0x00000000d5d80000,0x00000000e5b00000)
  from space 95744K, 100% used [0x00000000e5b00000,0x00000000eb880000,0x00000000eb880000)
  to   space 149504K, 0% used [0x00000000f6e00000,0x00000000f6e00000,0x0000000100000000)
 ParOldGen       total 233472K, used 233098K [0x0000000081800000, 0x000000008fc00000, 0x00000000d5d80000)
  object space 233472K, 99% used [0x0000000081800000,0x000000008fba2970,0x000000008fc00000)
 Metaspace       used 12951K, capacity 13256K, committed 13568K, reserved 1060864K
  class space    used 1325K, capacity 1430K, committed 1536K, reserved 1048576K
}
Event: 380.124 GC heap before
{Heap before GC invocations=16 (full 3):
 PSYoungGen      total 355328K, used 95744K [0x00000000d5d80000, 0x0000000100000000, 0x0000000100000000)
  eden space 259584K, 0% used [0x00000000d5d80000,0x00000000d5d80000,0x00000000e5b00000)
  from space 95744K, 100% used [0x00000000e5b00000,0x00000000eb880000,0x00000000eb880000)
  to   space 149504K, 0% used [0x00000000f6e00000,0x00000000f6e00000,0x0000000100000000)
 ParOldGen       total 233472K, used 233098K [0x0000000081800000, 0x000000008fc00000, 0x00000000d5d80000)
  object space 233472K, 99% used [0x0000000081800000,0x000000008fba2970,0x000000008fc00000)
 Metaspace       used 12951K, capacity 13256K, committed 13568K, reserved 1060864K
  class space    used 1325K, capacity 1430K, committed 1536K, reserved 1048576K
Event: 380.911 GC heap after
Heap after GC invocations=16 (full 3):
 PSYoungGen      total 355328K, used 0K [0x00000000d5d80000, 0x0000000100000000, 0x0000000100000000)
  eden space 259584K, 0% used [0x00000000d5d80000,0x00000000d5d80000,0x00000000e5b00000)
  from space 95744K, 0% used [0x00000000e5b00000,0x00000000e5b00000,0x00000000eb880000)
  to   space 149504K, 0% used [0x00000000f6e00000,0x00000000f6e00000,0x0000000100000000)
 ParOldGen       total 324608K, used 211225K [0x0000000081800000, 0x0000000095500000, 0x00000000d5d80000)
  object space 324608K, 65% used [0x0000000081800000,0x000000008e646558,0x0000000095500000)
 Metaspace       used 12951K, capacity 13256K, committed 13568K, reserved 1060864K
  class space    used 1325K, capacity 1430K, committed 1536K, reserved 1048576K
}

Deoptimization events (10 events):
Event: 151.942 Thread 0x0000000001d8e000 Uncommon trap: reason=unstable_if action=reinterpret pc=0x00000000032fcb5c method=com.saiglobal.sf.allocator.processor.MIP3Processor.calculateSolutionCost([[[[Lcom/google/ortools/linearsolver/MPVariable;Lcom/saiglobal/sf/core/model/TravelCostCalculationTy
Event: 152.038 Thread 0x0000000001d8e000 Uncommon trap: reason=unreached action=reinterpret pc=0x00000000032ded5c method=com.saiglobal.sf.allocator.processor.MIP3Processor.scheduleBatch()Ljava/util/List; @ 887
Event: 152.169 Thread 0x0000000001d8e000 Uncommon trap: reason=uninitialized action=reinterpret pc=0x000000000328013c method=com.saiglobal.sf.allocator.processor.MIP3Processor.populateSchedule([[[[Lcom/google/ortools/linearsolver/MPVariable;)Ljava/util/List; @ 1541
Event: 156.734 Thread 0x0000000001d8e000 Uncommon trap: reason=class_check action=maybe_recompile pc=0x0000000002bf7930 method=java.util.stream.Sink$ChainedReference.<init>(Ljava/util/stream/Sink;)V @ 9
Event: 156.734 Thread 0x0000000001d8e000 Uncommon trap: reason=class_check action=maybe_recompile pc=0x0000000002bf7930 method=java.util.stream.Sink$ChainedReference.<init>(Ljava/util/stream/Sink;)V @ 9
Event: 156.734 Thread 0x0000000001d8e000 Uncommon trap: reason=class_check action=maybe_recompile pc=0x0000000002bf7930 method=java.util.stream.Sink$ChainedReference.<init>(Ljava/util/stream/Sink;)V @ 9
Event: 156.734 Thread 0x0000000001d8e000 Uncommon trap: reason=class_check action=maybe_recompile pc=0x0000000002bf7930 method=java.util.stream.Sink$ChainedReference.<init>(Ljava/util/stream/Sink;)V @ 9
Event: 156.853 Thread 0x0000000001d8e000 Uncommon trap: reason=unstable_if action=reinterpret pc=0x0000000002c30fec method=com.saiglobal.sf.allocator.processor.MIP3Processor.scheduleBatch()Ljava/util/List; @ 124
Event: 325.506 Thread 0x0000000001d8e000 Uncommon trap: reason=unstable_if action=reinterpret pc=0x00000000033394c8 method=com.saiglobal.sf.allocator.processor.MIP3Processor.getResourceAvailailityMatrix()[[I @ 350
Event: 325.607 Thread 0x0000000001d8e000 Uncommon trap: reason=unstable_if action=reinterpret pc=0x00000000033427e8 method=com.saiglobal.sf.core.model.Resource.canPerform(Lcom/saiglobal/sf/core/model/WorkItem;)Z @ 58

Internal exceptions (10 events):
Event: 0.481 Thread 0x0000000001d8e000 Exception <a 'java/lang/ClassNotFoundException': org/apache/log4j/FileAppenderCustomizer> (0x00000000d62b28c8) thrown at [C:\re\workspace\8-2-build-windows-amd64-cygwin\jdk8u121\8372\hotspot\src\share\vm\classfile\systemDictionary.cpp, line 210]
Event: 0.482 Thread 0x0000000001d8e000 Exception <a 'java/lang/ClassNotFoundException': org/apache/log4j/RollingFileAppenderCustomizer> (0x00000000d62c61b0) thrown at [C:\re\workspace\8-2-build-windows-amd64-cygwin\jdk8u121\8372\hotspot\src\share\vm\classfile\systemDictionary.cpp, line 210]
Event: 0.488 Thread 0x0000000001d8e000 Exception <a 'java/lang/ClassNotFoundException': org/apache/log4j/ConsoleAppenderBeanInfo> (0x00000000d62ef8c0) thrown at [C:\re\workspace\8-2-build-windows-amd64-cygwin\jdk8u121\8372\hotspot\src\share\vm\classfile\systemDictionary.cpp, line 210]
Event: 0.488 Thread 0x0000000001d8e000 Exception <a 'java/lang/ClassNotFoundException': org/apache/log4j/ConsoleAppenderCustomizer> (0x00000000d62f6190) thrown at [C:\re\workspace\8-2-build-windows-amd64-cygwin\jdk8u121\8372\hotspot\src\share\vm\classfile\systemDictionary.cpp, line 210]
Event: 0.765 Thread 0x0000000001d8e000 Implicit null exception at 0x0000000002ccaf06 to 0x0000000002ccb2b1
Event: 4.021 Thread 0x0000000001d8e000 Exception <a 'java/lang/NoSuchFieldError': method resolution failed> (0x00000000d6eee7f0) thrown at [C:\re\workspace\8-2-build-windows-amd64-cygwin\jdk8u121\8372\hotspot\src\share\vm\prims\methodHandles.cpp, line 1146]
Event: 4.022 Thread 0x0000000001d8e000 Exception <a 'java/lang/NoSuchFieldError': method resolution failed> (0x00000000d6efbb20) thrown at [C:\re\workspace\8-2-build-windows-amd64-cygwin\jdk8u121\8372\hotspot\src\share\vm\prims\methodHandles.cpp, line 1146]
Event: 88.676 Thread 0x0000000001d8e000 Implicit null exception at 0x0000000002fce323 to 0x0000000002fcee75
Event: 91.663 Thread 0x0000000001d8e000 Implicit null exception at 0x0000000002f3ed0d to 0x0000000002f3fb6d
Event: 91.745 Thread 0x0000000001d8e000 Exception <a 'java/lang/NoSuchMethodError': java.lang.Object.lambda$minBy$0(Ljava/util/Comparator;Ljava/lang/Object;Ljava/lang/Object;)Ljava/lang/Object;> (0x00000000d6dc8b20) thrown at [C:\re\workspace\8-2-build-windows-amd64-cygwin\jdk8u121\8372\hotspot

Events (10 events):
Event: 379.959 Executing VM operation: ParallelGCFailedAllocation
Event: 380.911 Executing VM operation: ParallelGCFailedAllocation done
Event: 380.911 Executing VM operation: RevokeBias
Event: 380.911 Executing VM operation: RevokeBias done
Event: 380.911 Executing VM operation: RevokeBias
Event: 380.911 Executing VM operation: RevokeBias done
Event: 380.911 Executing VM operation: RevokeBias
Event: 380.911 Executing VM operation: RevokeBias done
Event: 381.002 Executing VM operation: RevokeBias
Event: 381.002 Executing VM operation: RevokeBias done


Dynamic libraries:
0x000000013fa80000 - 0x000000013fab7000 	C:\Program Files\Java\jdk1.8.0_121\bin\javaw.exe
0x0000000077ba0000 - 0x0000000077d4a000 	C:\windows\SYSTEM32\ntdll.dll
0x0000000077980000 - 0x0000000077a9f000 	C:\windows\system32\kernel32.dll
0x000007fefd980000 - 0x000007fefd9ea000 	C:\windows\system32\KERNELBASE.dll
0x000007fefe880000 - 0x000007fefe95b000 	C:\windows\system32\ADVAPI32.dll
0x000007fefdc60000 - 0x000007fefdcff000 	C:\windows\system32\msvcrt.dll
0x000007fefe3d0000 - 0x000007fefe3ef000 	C:\windows\SYSTEM32\sechost.dll
0x000007fefe960000 - 0x000007fefea8d000 	C:\windows\system32\RPCRT4.dll
0x0000000077aa0000 - 0x0000000077b9a000 	C:\windows\system32\USER32.dll
0x000007fefe3f0000 - 0x000007fefe457000 	C:\windows\system32\GDI32.dll
0x000007fefea90000 - 0x000007fefea9e000 	C:\windows\system32\LPK.dll
0x000007fefee50000 - 0x000007fefef1a000 	C:\windows\system32\USP10.dll
0x000007fefbe00000 - 0x000007fefbff4000 	C:\windows\WinSxS\amd64_microsoft.windows.common-controls_6595b64144ccf1df_6.0.7601.18837_none_fa3b1e3d17594757\COMCTL32.dll
0x000007fefef20000 - 0x000007fefef91000 	C:\windows\system32\SHLWAPI.dll
0x000007fefed10000 - 0x000007fefed3e000 	C:\windows\system32\IMM32.DLL
0x000007fefed40000 - 0x000007fefee49000 	C:\windows\system32\MSCTF.dll
0x0000000068000000 - 0x0000000068056000 	C:\windows\system32\QIPCAP64.DLL
0x000007fefefa0000 - 0x000007feffd2a000 	C:\windows\system32\SHELL32.dll
0x000007fefce40000 - 0x000007fefce9b000 	C:\windows\system32\DNSAPI.dll
0x000007fefe500000 - 0x000007fefe54d000 	C:\windows\system32\WS2_32.dll
0x000007fefdc50000 - 0x000007fefdc58000 	C:\windows\system32\NSI.dll
0x0000000060230000 - 0x0000000060302000 	C:\Program Files\Java\jdk1.8.0_121\jre\bin\msvcr100.dll
0x000000006fe00000 - 0x000000007069b000 	C:\Program Files\Java\jdk1.8.0_121\jre\bin\server\jvm.dll
0x000007fefb010000 - 0x000007fefb019000 	C:\windows\system32\WSOCK32.dll
0x000007fefb6a0000 - 0x000007fefb6db000 	C:\windows\system32\WINMM.dll
0x000007fefc960000 - 0x000007fefc96c000 	C:\windows\system32\VERSION.dll
0x0000000077d70000 - 0x0000000077d77000 	C:\windows\system32\PSAPI.DLL
0x00000000748b0000 - 0x00000000748bf000 	C:\Program Files\Java\jdk1.8.0_121\jre\bin\verify.dll
0x00000000608b0000 - 0x00000000608d9000 	C:\Program Files\Java\jdk1.8.0_121\jre\bin\java.dll
0x0000000074380000 - 0x0000000074396000 	C:\Program Files\Java\jdk1.8.0_121\jre\bin\zip.dll
0x000007fefdfd0000 - 0x000007fefe1cc000 	C:\windows\system32\ole32.dll
0x000007fefd8a0000 - 0x000007fefd8af000 	C:\windows\system32\profapi.dll
0x0000000074360000 - 0x000000007437a000 	C:\Program Files\Java\jdk1.8.0_121\jre\bin\net.dll
0x000007fefd060000 - 0x000007fefd0b5000 	C:\windows\system32\mswsock.dll
0x000007fefd050000 - 0x000007fefd057000 	C:\windows\System32\wship6.dll
0x0000000073ef0000 - 0x0000000073f01000 	C:\Program Files\Java\jdk1.8.0_121\jre\bin\nio.dll
0x000007fefd6d0000 - 0x000007fefd727000 	C:\windows\system32\apphelp.dll
0x00000000748e0000 - 0x00000000748ed000 	C:\Program Files\Java\jdk1.8.0_121\jre\bin\management.dll
0x000007fefb5d0000 - 0x000007fefb5e5000 	C:\windows\system32\NLAapi.dll
0x000007fef0060000 - 0x000007fef0075000 	C:\windows\system32\napinsp.dll
0x000007fef0040000 - 0x000007fef0059000 	C:\windows\system32\pnrpnsp.dll
0x000007fef0030000 - 0x000007fef003b000 	C:\windows\System32\winrnr.dll
0x000007fef0020000 - 0x000007fef0030000 	C:\windows\system32\wshbth.dll
0x000007fefca30000 - 0x000007fefca37000 	C:\windows\System32\wshtcpip.dll
0x000007fefb320000 - 0x000007fefb347000 	C:\windows\system32\IPHLPAPI.DLL
0x000007fefb310000 - 0x000007fefb31b000 	C:\windows\system32\WINNSI.DLL
0x000007fef7450000 - 0x000007fef7458000 	C:\windows\system32\rasadhlp.dll
0x000007fef8f50000 - 0x000007fef8fa3000 	C:\windows\System32\fwpuclnt.dll
0x000007feda2b0000 - 0x000007fedb030000 	C:\Code\DataAnalysisBB\dataanalysis\SFResourceAllocator\lib\jniortools.dll
0x000007fef8250000 - 0x000007fef82ef000 	C:\windows\system32\MSVCP140.dll
0x000007fef8730000 - 0x000007fef8747000 	C:\windows\system32\VCRUNTIME140.dll
0x000007feface0000 - 0x000007feface4000 	C:\windows\system32\api-ms-win-crt-runtime-l1-1-0.dll
0x000007fef7ba0000 - 0x000007fef7c94000 	C:\windows\system32\ucrtbase.DLL
0x000007fefac00000 - 0x000007fefac03000 	C:\windows\system32\api-ms-win-core-timezone-l1-1-0.dll
0x000007fefabd0000 - 0x000007fefabd3000 	C:\windows\system32\api-ms-win-core-file-l2-1-0.dll
0x000007fefa480000 - 0x000007fefa483000 	C:\windows\system32\api-ms-win-core-localization-l1-2-0.dll
0x000007fef8620000 - 0x000007fef8623000 	C:\windows\system32\api-ms-win-core-synch-l1-2-0.dll
0x000007fef8610000 - 0x000007fef8613000 	C:\windows\system32\api-ms-win-core-processthreads-l1-1-1.dll
0x000007fef8240000 - 0x000007fef8243000 	C:\windows\system32\api-ms-win-core-file-l1-2-0.dll
0x000007fef8230000 - 0x000007fef8234000 	C:\windows\system32\api-ms-win-crt-string-l1-1-0.dll
0x000007fef8220000 - 0x000007fef8223000 	C:\windows\system32\api-ms-win-crt-heap-l1-1-0.dll
0x000007fef8210000 - 0x000007fef8214000 	C:\windows\system32\api-ms-win-crt-stdio-l1-1-0.dll
0x000007fef8200000 - 0x000007fef8204000 	C:\windows\system32\api-ms-win-crt-convert-l1-1-0.dll
0x000007fef81f0000 - 0x000007fef81f3000 	C:\windows\system32\api-ms-win-crt-locale-l1-1-0.dll
0x000007fef81e0000 - 0x000007fef81e5000 	C:\windows\system32\api-ms-win-crt-math-l1-1-0.dll
0x000007fef8160000 - 0x000007fef8165000 	C:\windows\system32\api-ms-win-crt-multibyte-l1-1-0.dll
0x000007fef8150000 - 0x000007fef8153000 	C:\windows\system32\api-ms-win-crt-time-l1-1-0.dll
0x000007fef8140000 - 0x000007fef8143000 	C:\windows\system32\api-ms-win-crt-filesystem-l1-1-0.dll
0x000007fef8130000 - 0x000007fef8133000 	C:\windows\system32\api-ms-win-crt-environment-l1-1-0.dll
0x000007fef8120000 - 0x000007fef8123000 	C:\windows\system32\api-ms-win-crt-utility-l1-1-0.dll
0x000007fefb020000 - 0x000007fefb145000 	C:\windows\system32\dbghelp.dll

VM Arguments:
jvm_args: -Djava.library.path=lib -Dfile.encoding=Cp1252 
java_command: com.saiglobal.sf.allocator.main.ResourceAllocator -ai com.saiglobal.sf.allocator.implementation.ResourceAllocatorMIPMilkRunsUK -includePipeline false -logLevel DEBUG -cp noOfMonth:6
java_class_path (initial): C:\Code\DataAnalysisBB\dataanalysis\SFResourceAllocator\bin;C:\Code\DataAnalysis\SFResourceAllocator\lib\org.apache.log4j_1.2.13.v200903072027.jar;C:\Code\DataAnalysisBB\dataanalysis\SFCore\bin;C:\Code\DataAnalysis\SFCore\lib\commons-cli-1.2.jar;C:\Code\DataAnalysis\SFCore\lib\commons-logging-1.1.3.jar;C:\Code\DataAnalysis\SFCore\lib\geocoder-java-0.15.jar;C:\Code\DataAnalysis\SFCore\lib\gson-2.2.4.jar;C:\Code\DataAnalysis\SFCore\lib\org.apache.log4j_1.2.13.v200903072027.jar;C:\Code\DataAnalysis\SFCore\lib\jsch-0.1.50.jar;C:\Code\DataAnalysis\SFCore\lib\sqljdbc4.jar;C:\Code\DataAnalysis\SFCore\lib\javax.mail.jar;C:\Code\DataAnalysis\SFCore\lib\mysql-connector-java-5.1.35-bin.jar;C:\Code\DataAnalysis\SFCore\lib\commons-lang-2.5.jar;C:\Code\DataAnalysis\SFCore\lib\force-wsc-32.0.0.jar;C:\Code\DataAnalysis\SFCore\lib\wsc.partner.32.jar;C:\Code\DataAnalysisBB\dataanalysis\SFResourceAllocator\lib\com.google.ortools.jar;C:\Code\DataAnalysisBB\dataanalysis\SFResourceAllocator\lib\protobuf.jar
Launcher Type: SUN_STANDARD

Environment Variables:
PATH=C:/Program Files/Java/jre1.8.0_121/bin/server;C:/Program Files/Java/jre1.8.0_121/bin;C:/Program Files/Java/jre1.8.0_121/lib/amd64;C:\ProgramData\Oracle\Java\javapath;C:\windows\system32;C:\windows;C:\windows\System32\Wbem;C:\windows\System32\WindowsPowerShell\v1.0\;C:\Program Files (x86)\Common Files\Roxio Shared\DLLShared\;C:\Program Files (x86)\Common Files\Roxio Shared\10.0\DLLShared\;C:\Program Files (x86)\ATI Technologies\ATI.ACE\Core-Static;C:\Program Files (x86)\MySQL\MySQL Utilities 1.4\;C:\Program Files (x86)\MySQL\MySQL Utilities 1.4\Doctrine extensions for PHP\;C:\Program Files\nodejs\;C:\TDM-GCC-64\bin;C:\Users\conluc0\AppData\Local\Continuum\Anaconda;C:\Users\conluc0\AppData\Local\Continuum\Anaconda\Scripts;C:\Users\conluc0\AppData\Roaming\npm;C:\TDM-GCC-64\bin;C:\eclipse;
USERNAME=conluc0
OS=Windows_NT
PROCESSOR_IDENTIFIER=Intel64 Family 6 Model 69 Stepping 1, GenuineIntel



---------------  S Y S T E M  ---------------

OS: Windows 7 , 64 bit Build 7601 (6.1.7601.23714)

CPU:total 4 (2 cores per cpu, 2 threads per core) family 6 model 69 stepping 1, cmov, cx8, fxsr, mmx, sse, sse2, sse3, ssse3, sse4.1, sse4.2, popcnt, avx, avx2, aes, clmul, erms, lzcnt, ht, tsc, tscinvbit, bmi1, bmi2

Memory: 4k page, physical 8283244k(5562444k free), swap 30429912k(21965140k free)

vm_info: Java HotSpot(TM) 64-Bit Server VM (25.121-b13) for windows-amd64 JRE (1.8.0_121-b13), built on Dec 12 2016 18:21:36 by "java_re" with MS VC++ 10.0 (VS2010)

time: Wed May 17 11:08:31 2017
elapsed time: 901 seconds (0d 0h 15m 1s)

