#
# A fatal error has been detected by the Java Runtime Environment:
#
#  EXCEPTION_ACCESS_VIOLATION (0xc0000005) at pc=0x000007fec8231b20, pid=9380, tid=12728
#
# JRE version: Java(TM) SE Runtime Environment (8.0_91-b14) (build 1.8.0_91-b14)
# Java VM: Java HotSpot(TM) 64-Bit Server VM (25.91-b14 mixed mode windows-amd64 compressed oops)
# Problematic frame:
# C  [jniortools.dll+0x441b20]
#
# Failed to write core dump. Minidumps are not enabled by default on client versions of Windows
#
# If you would like to submit a bug report, please visit:
#   http://bugreport.java.com/bugreport/crash.jsp
# The crash happened outside the Java Virtual Machine in native code.
# See problematic frame for where to report the bug.
#

---------------  T H R E A D  ---------------

Current thread (0x000000000201e000):  JavaThread "main" [_thread_in_native, id=12728, stack(0x00000000023b0000,0x00000000024b0000)]

siginfo: ExceptionCode=0xc0000005, reading address 0x0000000000000000

Registers:
RAX=0x0000000000000000, RBX=0x000000005d8ba040, RCX=0xc8f6490f28bd0000, RDX=0x000007feec5f55f0
RSP=0x00000000024af280, RBP=0x00000000024af380, RSI=0x0000000000000000, RDI=0x0000000000000000
R8 =0x00000000024ad9d8, R9 =0x000000006dab8aa1, R10=0x0000000000000000, R11=0x00000000024af240
R12=0x0000000000000001, R13=0x000000005cf79a00, R14=0x0000000000000000, R15=0x0000000000000000
RIP=0x000007fec8231b20, EFLAGS=0x0000000000010206

Top of Stack: (sp=0x00000000024af280)
0x00000000024af280:   3fe0000000000000 00000000024af2e8
0x00000000024af290:   000000005d8ba040 00000000024af298
0x00000000024af2a0:   0000000000000000 0000000100000000
0x00000000024af2b0:   0000000000000000 000000005d8ba040
0x00000000024af2c0:   0000000000000000 fffffffffffffffe
0x00000000024af2d0:   00000000024af2e8 00000000024af348
0x00000000024af2e0:   0000000002788331 0000000000000000
0x00000000024af2f0:   0000000000000000 0000000000000000
0x00000000024af300:   0000000000000000 00000000024af2f8
0x00000000024af310:   000000005711ccba 00000000024af368
0x00000000024af320:   000000005711d5e0 0000c8f64b45da3d
0x00000000024af330:   0000000000000000 0000000000000000
0x00000000024af340:   0000000000000000 0000000000000000
0x00000000024af350:   0000000000000002 0000000000000000
0x00000000024af360:   0000000000000000 0000000000000000
0x00000000024af370:   0000000000000001 0000000000000000 

Instructions: (pc=0x000007fec8231b20)
0x000007fec8231b00:   0f b6 64 24 2c 66 66 66 0f 1f 84 00 00 00 00 00
0x000007fec8231b10:   48 8b 83 b0 00 00 00 4e 8b 2c f8 48 8b 44 24 68
0x000007fec8231b20:   f2 46 0f 10 04 f8 41 0f 28 fb 49 8b 5d 08 48 8b
0x000007fec8231b30:   1b 49 8b 7d 08 48 3b df 74 61 66 0f 1f 44 00 00 


Register to memory mapping:

RAX=0x0000000000000000 is an unknown value
RBX=0x000000005d8ba040 is an unknown value
RCX=0xc8f6490f28bd0000 is an unknown value
RDX=0x000007feec5f55f0 is an unknown value
RSP=0x00000000024af280 is pointing into the stack for thread: 0x000000000201e000
RBP=0x00000000024af380 is pointing into the stack for thread: 0x000000000201e000
RSI=0x0000000000000000 is an unknown value
RDI=0x0000000000000000 is an unknown value
R8 =0x00000000024ad9d8 is pointing into the stack for thread: 0x000000000201e000
R9 =0x000000006dab8aa1 is an unknown value
R10=0x0000000000000000 is an unknown value
R11=0x00000000024af240 is pointing into the stack for thread: 0x000000000201e000
R12=0x0000000000000001 is an unknown value
R13=0x000000005cf79a00 is an unknown value
R14=0x0000000000000000 is an unknown value
R15=0x0000000000000000 is an unknown value


Stack: [0x00000000023b0000,0x00000000024b0000],  sp=0x00000000024af280,  free space=1020k
Native frames: (J=compiled Java code, j=interpreted, Vv=VM code, C=native code)
C  [jniortools.dll+0x441b20]
C  0x0000000002797f34

Java frames: (J=compiled Java code, j=interpreted, Vv=VM code)
j  com.google.ortools.linearsolver.operations_research_linear_solverJNI.MPSolver_verifySolution(JLcom/google/ortools/linearsolver/MPSolver;DZ)Z+0
j  com.google.ortools.linearsolver.MPSolver.verifySolution(DZ)Z+7
J 1666 C2 com.saiglobal.sf.allocator.processor.MIPProcessor.schedule(Ljava/util/List;Ljava/util/List;)Ljava/util/List; (911 bytes) @ 0x0000000002d8ee8c [0x0000000002d8c7a0+0x26ec]
j  com.saiglobal.sf.allocator.processor.MIPProcessor.execute()V+151
j  com.saiglobal.sf.allocator.main.ResourceAllocator.main([Ljava/lang/String;)V+305
v  ~StubRoutines::call_stub

---------------  P R O C E S S  ---------------

Java Threads: ( => current thread )
  0x00000000599f5000 JavaThread "Abandoned connection cleanup thread" daemon [_thread_blocked, id=7956, stack(0x000000005a190000,0x000000005a290000)]
  0x0000000058e17800 JavaThread "Service Thread" daemon [_thread_blocked, id=11824, stack(0x0000000059710000,0x0000000059810000)]
  0x0000000058d92000 JavaThread "C1 CompilerThread2" daemon [_thread_blocked, id=6672, stack(0x0000000059480000,0x0000000059580000)]
  0x0000000058d91000 JavaThread "C2 CompilerThread1" daemon [_thread_blocked, id=6364, stack(0x00000000592a0000,0x00000000593a0000)]
  0x00000000576e5000 JavaThread "C2 CompilerThread0" daemon [_thread_blocked, id=8340, stack(0x0000000058c90000,0x0000000058d90000)]
  0x00000000576e2800 JavaThread "Attach Listener" daemon [_thread_blocked, id=12432, stack(0x0000000058ae0000,0x0000000058be0000)]
  0x00000000576df800 JavaThread "Signal Dispatcher" daemon [_thread_blocked, id=7392, stack(0x0000000058890000,0x0000000058990000)]
  0x00000000576c9000 JavaThread "Finalizer" daemon [_thread_blocked, id=12904, stack(0x00000000589b0000,0x0000000058ab0000)]
  0x0000000057682000 JavaThread "Reference Handler" daemon [_thread_blocked, id=4116, stack(0x0000000058760000,0x0000000058860000)]
=>0x000000000201e000 JavaThread "main" [_thread_in_native, id=12728, stack(0x00000000023b0000,0x00000000024b0000)]

Other Threads:
  0x000000005767a800 VMThread [stack: 0x0000000058660000,0x0000000058760000] [id=4892]
  0x0000000058e30800 WatcherThread [stack: 0x0000000059820000,0x0000000059920000] [id=6556]

VM state:not at safepoint (normal execution)

VM Mutex/Monitor currently owned by a thread: None

Heap:
 PSYoungGen      total 223232K, used 107319K [0x00000000d5d80000, 0x00000000e4180000, 0x0000000100000000)
  eden space 212992K, 48% used [0x00000000d5d80000,0x00000000dc2a0f48,0x00000000e2d80000)
  from space 10240K, 36% used [0x00000000e3780000,0x00000000e3b2cec0,0x00000000e4180000)
  to   space 10240K, 0% used [0x00000000e2d80000,0x00000000e2d80000,0x00000000e3780000)
 ParOldGen       total 87552K, used 13170K [0x0000000081800000, 0x0000000086d80000, 0x00000000d5d80000)
  object space 87552K, 15% used [0x0000000081800000,0x00000000824dcb90,0x0000000086d80000)
 Metaspace       used 11764K, capacity 11990K, committed 12160K, reserved 1060864K
  class space    used 1198K, capacity 1297K, committed 1408K, reserved 1048576K

Card table byte_map: [0x0000000011b40000,0x0000000011f40000] byte_map_base: 0x0000000011734000

Marking Bits: (ParMarkBitMap*) 0x0000000070852f70
 Begin Bits: [0x00000000129b0000, 0x0000000014950000)
 End Bits:   [0x0000000014950000, 0x00000000168f0000)

Polling page: 0x0000000001fc0000

CodeCache: size=245760Kb used=6348Kb max_used=6728Kb free=239412Kb
 bounds [0x0000000002780000, 0x0000000002e20000, 0x0000000011780000]
 total_blobs=2060 nmethods=1655 adapters=317
 compilation: enabled

Compilation events (10 events):
Event: 185.086 Thread 0x0000000058d91000 1823       4       java.util.HashMap::resize (359 bytes)
Event: 185.091 Thread 0x0000000058d91000 nmethod 1823 0x0000000002ae0c50 code [0x0000000002ae0de0, 0x0000000002ae1338]
Event: 185.459 Thread 0x0000000058d92000 1824       3       com.mysql.jdbc.ConnectionPropertiesImpl::getGatherPerformanceMetrics (8 bytes)
Event: 185.459 Thread 0x0000000058d92000 nmethod 1824 0x0000000002ab0f90 code [0x0000000002ab1100, 0x0000000002ab1450]
Event: 188.826 Thread 0x0000000058d92000 1825       1       java.util.stream.Sink::end (1 bytes)
Event: 188.826 Thread 0x0000000058d92000 nmethod 1825 0x0000000002a9d650 code [0x0000000002a9d7a0, 0x0000000002a9d8b0]
Event: 188.827 Thread 0x0000000058d91000 1826       4       java.util.ArrayList$ArrayListSpliterator::forEachRemaining (129 bytes)
Event: 188.830 Thread 0x0000000058d91000 nmethod 1826 0x0000000002a88110 code [0x0000000002a88280, 0x0000000002a885b8]
Event: 188.928 Thread 0x0000000058d92000 1827       3       java.io.OutputStream::flush (1 bytes)
Event: 188.929 Thread 0x0000000058d92000 nmethod 1827 0x0000000002a5a250 code [0x0000000002a5a3a0, 0x0000000002a5a4f0]

GC Heap History (10 events):
Event: 61.251 GC heap before
{Heap before GC invocations=6 (full 0):
 PSYoungGen      total 38400K, used 38049K [0x00000000d5d80000, 0x00000000db280000, 0x0000000100000000)
  eden space 33280K, 100% used [0x00000000d5d80000,0x00000000d7e00000,0x00000000d7e00000)
  from space 5120K, 93% used [0x00000000d7e00000,0x00000000d82a8580,0x00000000d8300000)
  to   space 10240K, 0% used [0x00000000da880000,0x00000000da880000,0x00000000db280000)
 ParOldGen       total 87552K, used 8855K [0x0000000081800000, 0x0000000086d80000, 0x00000000d5d80000)
  object space 87552K, 10% used [0x0000000081800000,0x00000000820a5c60,0x0000000086d80000)
 Metaspace       used 11669K, capacity 11908K, committed 12160K, reserved 1060864K
  class space    used 1198K, capacity 1296K, committed 1408K, reserved 1048576K
Event: 61.257 GC heap after
Heap after GC invocations=6 (full 0):
 PSYoungGen      total 76800K, used 4772K [0x00000000d5d80000, 0x00000000db280000, 0x0000000100000000)
  eden space 66560K, 0% used [0x00000000d5d80000,0x00000000d5d80000,0x00000000d9e80000)
  from space 10240K, 46% used [0x00000000da880000,0x00000000dad29220,0x00000000db280000)
  to   space 10240K, 0% used [0x00000000d9e80000,0x00000000d9e80000,0x00000000da880000)
 ParOldGen       total 87552K, used 8863K [0x0000000081800000, 0x0000000086d80000, 0x00000000d5d80000)
  object space 87552K, 10% used [0x0000000081800000,0x00000000820a7c60,0x0000000086d80000)
 Metaspace       used 11669K, capacity 11908K, committed 12160K, reserved 1060864K
  class space    used 1198K, capacity 1296K, committed 1408K, reserved 1048576K
}
Event: 89.478 GC heap before
{Heap before GC invocations=7 (full 0):
 PSYoungGen      total 76800K, used 71259K [0x00000000d5d80000, 0x00000000db280000, 0x0000000100000000)
  eden space 66560K, 99% used [0x00000000d5d80000,0x00000000d9e6da20,0x00000000d9e80000)
  from space 10240K, 46% used [0x00000000da880000,0x00000000dad29220,0x00000000db280000)
  to   space 10240K, 0% used [0x00000000d9e80000,0x00000000d9e80000,0x00000000da880000)
 ParOldGen       total 87552K, used 8863K [0x0000000081800000, 0x0000000086d80000, 0x00000000d5d80000)
  object space 87552K, 10% used [0x0000000081800000,0x00000000820a7c60,0x0000000086d80000)
 Metaspace       used 11733K, capacity 11982K, committed 12160K, reserved 1060864K
  class space    used 1198K, capacity 1297K, committed 1408K, reserved 1048576K
Event: 89.494 GC heap after
Heap after GC invocations=7 (full 0):
 PSYoungGen      total 76800K, used 4037K [0x00000000d5d80000, 0x00000000df380000, 0x0000000100000000)
  eden space 66560K, 0% used [0x00000000d5d80000,0x00000000d5d80000,0x00000000d9e80000)
  from space 10240K, 39% used [0x00000000d9e80000,0x00000000da2715a0,0x00000000da880000)
  to   space 10240K, 0% used [0x00000000de980000,0x00000000de980000,0x00000000df380000)
 ParOldGen       total 87552K, used 12602K [0x0000000081800000, 0x0000000086d80000, 0x00000000d5d80000)
  object space 87552K, 14% used [0x0000000081800000,0x000000008244eb80,0x0000000086d80000)
 Metaspace       used 11733K, capacity 11982K, committed 12160K, reserved 1060864K
  class space    used 1198K, capacity 1297K, committed 1408K, reserved 1048576K
}
Event: 89.512 GC heap before
{Heap before GC invocations=8 (full 0):
 PSYoungGen      total 76800K, used 70551K [0x00000000d5d80000, 0x00000000df380000, 0x0000000100000000)
  eden space 66560K, 99% used [0x00000000d5d80000,0x00000000d9e74728,0x00000000d9e80000)
  from space 10240K, 39% used [0x00000000d9e80000,0x00000000da2715a0,0x00000000da880000)
  to   space 10240K, 0% used [0x00000000de980000,0x00000000de980000,0x00000000df380000)
 ParOldGen       total 87552K, used 12602K [0x0000000081800000, 0x0000000086d80000, 0x00000000d5d80000)
  object space 87552K, 14% used [0x0000000081800000,0x000000008244eb80,0x0000000086d80000)
 Metaspace       used 11736K, capacity 11982K, committed 12160K, reserved 1060864K
  class space    used 1198K, capacity 1297K, committed 1408K, reserved 1048576K
Event: 89.530 GC heap after
Heap after GC invocations=8 (full 0):
 PSYoungGen      total 143360K, used 3468K [0x00000000d5d80000, 0x00000000df380000, 0x0000000100000000)
  eden space 133120K, 0% used [0x00000000d5d80000,0x00000000d5d80000,0x00000000ddf80000)
  from space 10240K, 33% used [0x00000000de980000,0x00000000dece3150,0x00000000df380000)
  to   space 10240K, 0% used [0x00000000ddf80000,0x00000000ddf80000,0x00000000de980000)
 ParOldGen       total 87552K, used 13130K [0x0000000081800000, 0x0000000086d80000, 0x00000000d5d80000)
  object space 87552K, 14% used [0x0000000081800000,0x00000000824d2b90,0x0000000086d80000)
 Metaspace       used 11736K, capacity 11982K, committed 12160K, reserved 1060864K
  class space    used 1198K, capacity 1297K, committed 1408K, reserved 1048576K
}
Event: 175.272 GC heap before
{Heap before GC invocations=9 (full 0):
 PSYoungGen      total 143360K, used 136588K [0x00000000d5d80000, 0x00000000df380000, 0x0000000100000000)
  eden space 133120K, 100% used [0x00000000d5d80000,0x00000000ddf80000,0x00000000ddf80000)
  from space 10240K, 33% used [0x00000000de980000,0x00000000dece3150,0x00000000df380000)
  to   space 10240K, 0% used [0x00000000ddf80000,0x00000000ddf80000,0x00000000de980000)
 ParOldGen       total 87552K, used 13130K [0x0000000081800000, 0x0000000086d80000, 0x00000000d5d80000)
  object space 87552K, 14% used [0x0000000081800000,0x00000000824d2b90,0x0000000086d80000)
 Metaspace       used 11746K, capacity 11986K, committed 12160K, reserved 1060864K
  class space    used 1198K, capacity 1297K, committed 1408K, reserved 1048576K
Event: 175.283 GC heap after
Heap after GC invocations=9 (full 0):
 PSYoungGen      total 143360K, used 4209K [0x00000000d5d80000, 0x00000000e4180000, 0x0000000100000000)
  eden space 133120K, 0% used [0x00000000d5d80000,0x00000000d5d80000,0x00000000ddf80000)
  from space 10240K, 41% used [0x00000000ddf80000,0x00000000de39c480,0x00000000de980000)
  to   space 10240K, 0% used [0x00000000e3780000,0x00000000e3780000,0x00000000e4180000)
 ParOldGen       total 87552K, used 13138K [0x0000000081800000, 0x0000000086d80000, 0x00000000d5d80000)
  object space 87552K, 15% used [0x0000000081800000,0x00000000824d4b90,0x0000000086d80000)
 Metaspace       used 11746K, capacity 11986K, committed 12160K, reserved 1060864K
  class space    used 1198K, capacity 1297K, committed 1408K, reserved 1048576K
}
Event: 183.161 GC heap before
{Heap before GC invocations=10 (full 0):
 PSYoungGen      total 143360K, used 137329K [0x00000000d5d80000, 0x00000000e4180000, 0x0000000100000000)
  eden space 133120K, 100% used [0x00000000d5d80000,0x00000000ddf80000,0x00000000ddf80000)
  from space 10240K, 41% used [0x00000000ddf80000,0x00000000de39c480,0x00000000de980000)
  to   space 10240K, 0% used [0x00000000e3780000,0x00000000e3780000,0x00000000e4180000)
 ParOldGen       total 87552K, used 13138K [0x0000000081800000, 0x0000000086d80000, 0x00000000d5d80000)
  object space 87552K, 15% used [0x0000000081800000,0x00000000824d4b90,0x0000000086d80000)
 Metaspace       used 11757K, capacity 11990K, committed 12160K, reserved 1060864K
  class space    used 1198K, capacity 1297K, committed 1408K, reserved 1048576K
Event: 183.170 GC heap after
Heap after GC invocations=10 (full 0):
 PSYoungGen      total 223232K, used 3763K [0x00000000d5d80000, 0x00000000e4180000, 0x0000000100000000)
  eden space 212992K, 0% used [0x00000000d5d80000,0x00000000d5d80000,0x00000000e2d80000)
  from space 10240K, 36% used [0x00000000e3780000,0x00000000e3b2cec0,0x00000000e4180000)
  to   space 10240K, 0% used [0x00000000e2d80000,0x00000000e2d80000,0x00000000e3780000)
 ParOldGen       total 87552K, used 13170K [0x0000000081800000, 0x0000000086d80000, 0x00000000d5d80000)
  object space 87552K, 15% used [0x0000000081800000,0x00000000824dcb90,0x0000000086d80000)
 Metaspace       used 11757K, capacity 11990K, committed 12160K, reserved 1060864K
  class space    used 1198K, capacity 1297K, committed 1408K, reserved 1048576K
}

Deoptimization events (10 events):
Event: 20.410 Thread 0x000000000201e000 Uncommon trap: reason=unstable_if action=reinterpret pc=0x0000000002a9e188 method=java.lang.ref.SoftReference.get()Ljava/lang/Object; @ 17
Event: 20.410 Thread 0x000000000201e000 Uncommon trap: reason=unstable_if action=reinterpret pc=0x0000000002acb950 method=java.util.Calendar.set(II)V @ 4
Event: 20.410 Thread 0x000000000201e000 Uncommon trap: reason=unstable_if action=reinterpret pc=0x0000000002b80514 method=sun.util.calendar.BaseCalendar.getFixedDate(IIILsun/util/calendar/BaseCalendar$Date;)J @ 67
Event: 20.410 Thread 0x000000000201e000 Uncommon trap: reason=unstable_if action=reinterpret pc=0x0000000002acfd20 method=java.util.Calendar.setFieldsNormalized(I)V @ 3
Event: 48.006 Thread 0x000000000201e000 Uncommon trap: reason=class_check action=maybe_recompile pc=0x0000000002b96e1c method=java.util.concurrent.ConcurrentHashMap.get(Ljava/lang/Object;)Ljava/lang/Object; @ 149
Event: 48.231 Thread 0x000000000201e000 Uncommon trap: reason=unstable_if action=reinterpret pc=0x0000000002bae58c method=java.util.GregorianCalendar.internalGetEra()I @ 5
Event: 51.289 Thread 0x000000000201e000 Uncommon trap: reason=unstable_if action=reinterpret pc=0x0000000002cd1bb4 method=java.lang.Math.min(DD)D @ 36
Event: 51.354 Thread 0x000000000201e000 Uncommon trap: reason=unstable_if action=reinterpret pc=0x0000000002a2dcb4 method=java.util.ArrayList.rangeCheck(I)V @ 5
Event: 61.167 Thread 0x000000000201e000 Uncommon trap: reason=unstable_if action=reinterpret pc=0x0000000002c94ff4 method=sun.misc.FloatingDecimal$BinaryToASCIIBuffer.dtoa(IJIZ)V @ 1452
Event: 67.890 Thread 0x000000000201e000 Uncommon trap: reason=unstable_if action=reinterpret pc=0x0000000002d278e8 method=com.saiglobal.sf.allocator.processor.MIPProcessor.schedule(Ljava/util/List;Ljava/util/List;)Ljava/util/List; @ 432

Internal exceptions (10 events):
Event: 0.331 Thread 0x000000000201e000 Exception <a 'java/lang/ClassNotFoundException': org/apache/log4j/AppenderSkeletonBeanInfo> (0x00000000d62775e8) thrown at [C:\re\workspace\8-2-build-windows-amd64-cygwin\jdk8u91\6644\hotspot\src\share\vm\classfile\systemDictionary.cpp, line 210]
Event: 0.331 Thread 0x000000000201e000 Exception <a 'java/lang/ClassNotFoundException': org/apache/log4j/AppenderSkeletonCustomizer> (0x00000000d627e9f0) thrown at [C:\re\workspace\8-2-build-windows-amd64-cygwin\jdk8u91\6644\hotspot\src\share\vm\classfile\systemDictionary.cpp, line 210]
Event: 0.334 Thread 0x000000000201e000 Exception <a 'java/lang/ClassNotFoundException': org/apache/log4j/WriterAppenderCustomizer> (0x00000000d62993a0) thrown at [C:\re\workspace\8-2-build-windows-amd64-cygwin\jdk8u91\6644\hotspot\src\share\vm\classfile\systemDictionary.cpp, line 210]
Event: 0.336 Thread 0x000000000201e000 Exception <a 'java/lang/ClassNotFoundException': org/apache/log4j/FileAppenderCustomizer> (0x00000000d62acb88) thrown at [C:\re\workspace\8-2-build-windows-amd64-cygwin\jdk8u91\6644\hotspot\src\share\vm\classfile\systemDictionary.cpp, line 210]
Event: 0.337 Thread 0x000000000201e000 Exception <a 'java/lang/ClassNotFoundException': org/apache/log4j/RollingFileAppenderCustomizer> (0x00000000d62c0450) thrown at [C:\re\workspace\8-2-build-windows-amd64-cygwin\jdk8u91\6644\hotspot\src\share\vm\classfile\systemDictionary.cpp, line 210]
Event: 0.344 Thread 0x000000000201e000 Exception <a 'java/lang/ClassNotFoundException': org/apache/log4j/ConsoleAppenderBeanInfo> (0x00000000d62e9b60) thrown at [C:\re\workspace\8-2-build-windows-amd64-cygwin\jdk8u91\6644\hotspot\src\share\vm\classfile\systemDictionary.cpp, line 210]
Event: 0.344 Thread 0x000000000201e000 Exception <a 'java/lang/ClassNotFoundException': org/apache/log4j/ConsoleAppenderCustomizer> (0x00000000d62f0430) thrown at [C:\re\workspace\8-2-build-windows-amd64-cygwin\jdk8u91\6644\hotspot\src\share\vm\classfile\systemDictionary.cpp, line 210]
Event: 0.484 Thread 0x000000000201e000 Implicit null exception at 0x0000000002972cc6 to 0x0000000002972fed
Event: 3.805 Thread 0x000000000201e000 Exception <a 'java/lang/NoSuchFieldError': method resolution failed> (0x00000000d6eb5178) thrown at [C:\re\workspace\8-2-build-windows-amd64-cygwin\jdk8u91\6644\hotspot\src\share\vm\prims\methodHandles.cpp, line 1146]
Event: 3.807 Thread 0x000000000201e000 Exception <a 'java/lang/NoSuchFieldError': method resolution failed> (0x00000000d6ec2498) thrown at [C:\re\workspace\8-2-build-windows-amd64-cygwin\jdk8u91\6644\hotspot\src\share\vm\prims\methodHandles.cpp, line 1146]

Events (10 events):
Event: 183.951 Thread 0x0000000058d91000 flushing nmethod 0x0000000002afe090
Event: 183.951 Thread 0x0000000058d91000 flushing nmethod 0x0000000002b010d0
Event: 183.951 Thread 0x0000000058d91000 flushing nmethod 0x0000000002b02990
Event: 183.951 Thread 0x0000000058d91000 flushing nmethod 0x0000000002b02cd0
Event: 183.951 Thread 0x0000000058d91000 flushing nmethod 0x0000000002b03010
Event: 183.951 Thread 0x0000000058d91000 flushing nmethod 0x0000000002b03fd0
Event: 183.951 Thread 0x0000000058d91000 flushing nmethod 0x0000000002b04390
Event: 183.952 Thread 0x0000000058d91000 flushing nmethod 0x0000000002b11d50
Event: 183.952 Thread 0x0000000058d91000 flushing nmethod 0x0000000002b12210
Event: 183.952 Thread 0x0000000058d92000 flushing nmethod 0x0000000002b80150


Dynamic libraries:
0x000000013f280000 - 0x000000013f2b7000 	C:\Program Files\Java\jre1.8.0_91\bin\javaw.exe
0x0000000077bd0000 - 0x0000000077d7a000 	C:\windows\SYSTEM32\ntdll.dll
0x0000000077ab0000 - 0x0000000077bcf000 	C:\windows\system32\kernel32.dll
0x000007fefdaa0000 - 0x000007fefdb0a000 	C:\windows\system32\KERNELBASE.dll
0x000007fefed40000 - 0x000007fefee1b000 	C:\windows\system32\ADVAPI32.dll
0x000007fefe760000 - 0x000007fefe7ff000 	C:\windows\system32\msvcrt.dll
0x000007fefe800000 - 0x000007fefe81f000 	C:\windows\SYSTEM32\sechost.dll
0x000007fefdcc0000 - 0x000007fefdded000 	C:\windows\system32\RPCRT4.dll
0x00000000779b0000 - 0x0000000077aaa000 	C:\windows\system32\USER32.dll
0x000007fefee20000 - 0x000007fefee87000 	C:\windows\system32\GDI32.dll
0x000007fefddf0000 - 0x000007fefddfe000 	C:\windows\system32\LPK.dll
0x000007fefe690000 - 0x000007fefe75a000 	C:\windows\system32\USP10.dll
0x000007fefbf40000 - 0x000007fefc134000 	C:\windows\WinSxS\amd64_microsoft.windows.common-controls_6595b64144ccf1df_6.0.7601.18837_none_fa3b1e3d17594757\COMCTL32.dll
0x000007fefde00000 - 0x000007fefde71000 	C:\windows\system32\SHLWAPI.dll
0x000007fefea10000 - 0x000007fefea3e000 	C:\windows\system32\IMM32.DLL
0x000007fefe900000 - 0x000007fefea09000 	C:\windows\system32\MSCTF.dll
0x0000000068000000 - 0x0000000068056000 	C:\windows\system32\QIPCAP64.DLL
0x000007fefee90000 - 0x000007feffc1a000 	C:\windows\system32\SHELL32.dll
0x000007fefcf60000 - 0x000007fefcfbb000 	C:\windows\system32\DNSAPI.dll
0x000007fefe160000 - 0x000007fefe1ad000 	C:\windows\system32\WS2_32.dll
0x000007fefea40000 - 0x000007fefea48000 	C:\windows\system32\NSI.dll
0x0000000078970000 - 0x0000000078a42000 	C:\Program Files\Java\jre1.8.0_91\bin\msvcr100.dll
0x0000000070040000 - 0x00000000708d3000 	C:\Program Files\Java\jre1.8.0_91\bin\server\jvm.dll
0x000007fefada0000 - 0x000007fefada9000 	C:\windows\system32\WSOCK32.dll
0x000007fefb690000 - 0x000007fefb6cb000 	C:\windows\system32\WINMM.dll
0x000007fefc9c0000 - 0x000007fefc9cc000 	C:\windows\system32\VERSION.dll
0x0000000077d90000 - 0x0000000077d97000 	C:\windows\system32\PSAPI.DLL
0x0000000067f80000 - 0x0000000067f8f000 	C:\Program Files\Java\jre1.8.0_91\bin\verify.dll
0x00000000625d0000 - 0x00000000625f9000 	C:\Program Files\Java\jre1.8.0_91\bin\java.dll
0x0000000062530000 - 0x0000000062546000 	C:\Program Files\Java\jre1.8.0_91\bin\zip.dll
0x000007fefe480000 - 0x000007fefe683000 	C:\windows\system32\ole32.dll
0x000007fefd900000 - 0x000007fefd90f000 	C:\windows\system32\profapi.dll
0x00000000616f0000 - 0x000000006170a000 	C:\Program Files\Java\jre1.8.0_91\bin\net.dll
0x000007fefd0e0000 - 0x000007fefd135000 	C:\windows\system32\mswsock.dll
0x000007fefd0d0000 - 0x000007fefd0d7000 	C:\windows\System32\wship6.dll
0x000007fec7df0000 - 0x000007fec8b70000 	C:\Code\DataAnalysisBB\dataanalysis\SFResourceAllocator\lib\jniortools.dll
0x000007feec610000 - 0x000007feec6af000 	C:\windows\system32\MSVCP140.dll
0x000007fefb2f0000 - 0x000007fefb307000 	C:\windows\system32\VCRUNTIME140.dll
0x000007fefc140000 - 0x000007fefc144000 	C:\windows\system32\api-ms-win-crt-runtime-l1-1-0.dll
0x000007feec510000 - 0x000007feec604000 	C:\windows\system32\ucrtbase.DLL
0x000007fefb350000 - 0x000007fefb353000 	C:\windows\system32\api-ms-win-core-timezone-l1-1-0.dll
0x000007fefb380000 - 0x000007fefb383000 	C:\windows\system32\api-ms-win-core-file-l2-1-0.dll
0x000007fefb330000 - 0x000007fefb333000 	C:\windows\system32\api-ms-win-core-localization-l1-2-0.dll
0x000007fefb2c0000 - 0x000007fefb2c3000 	C:\windows\system32\api-ms-win-core-synch-l1-2-0.dll
0x000007fefb2b0000 - 0x000007fefb2b3000 	C:\windows\system32\api-ms-win-core-processthreads-l1-1-1.dll
0x000007fefb290000 - 0x000007fefb293000 	C:\windows\system32\api-ms-win-core-file-l1-2-0.dll
0x000007fefaf30000 - 0x000007fefaf34000 	C:\windows\system32\api-ms-win-crt-string-l1-1-0.dll
0x000007fefaf20000 - 0x000007fefaf23000 	C:\windows\system32\api-ms-win-crt-heap-l1-1-0.dll
0x000007fefacf0000 - 0x000007fefacf4000 	C:\windows\system32\api-ms-win-crt-stdio-l1-1-0.dll
0x000007fef6bc0000 - 0x000007fef6bc4000 	C:\windows\system32\api-ms-win-crt-convert-l1-1-0.dll
0x000007feed090000 - 0x000007feed093000 	C:\windows\system32\api-ms-win-crt-locale-l1-1-0.dll
0x000007feed080000 - 0x000007feed085000 	C:\windows\system32\api-ms-win-crt-math-l1-1-0.dll
0x000007feed070000 - 0x000007feed075000 	C:\windows\system32\api-ms-win-crt-multibyte-l1-1-0.dll
0x000007feed060000 - 0x000007feed063000 	C:\windows\system32\api-ms-win-crt-time-l1-1-0.dll
0x000007feed050000 - 0x000007feed053000 	C:\windows\system32\api-ms-win-crt-filesystem-l1-1-0.dll
0x000007feed040000 - 0x000007feed043000 	C:\windows\system32\api-ms-win-crt-environment-l1-1-0.dll
0x000007feed030000 - 0x000007feed033000 	C:\windows\system32\api-ms-win-crt-utility-l1-1-0.dll
0x000007fefadb0000 - 0x000007fefaed5000 	C:\windows\system32\dbghelp.dll

VM Arguments:
jvm_args: -Djava.library.path=lib -Dfile.encoding=Cp1252 
java_command: com.saiglobal.sf.allocator.main.ResourceAllocator -ai com.saiglobal.sf.allocator.implementation.ResourceAllocatorMIPUK -includePipeline false -logLevel INFO
java_class_path (initial): C:\Code\DataAnalysisBB\dataanalysis\SFResourceAllocator\bin;C:\Code\DataAnalysis\SFResourceAllocator\lib\org.apache.log4j_1.2.13.v200903072027.jar;C:\Code\DataAnalysisBB\dataanalysis\SFCore\bin;C:\Code\DataAnalysis\SFCore\lib\commons-cli-1.2.jar;C:\Code\DataAnalysis\SFCore\lib\commons-logging-1.1.3.jar;C:\Code\DataAnalysis\SFCore\lib\geocoder-java-0.15.jar;C:\Code\DataAnalysis\SFCore\lib\gson-2.2.4.jar;C:\Code\DataAnalysis\SFCore\lib\org.apache.log4j_1.2.13.v200903072027.jar;C:\Code\DataAnalysis\SFCore\lib\jsch-0.1.50.jar;C:\Code\DataAnalysis\SFCore\lib\sqljdbc4.jar;C:\Code\DataAnalysis\SFCore\lib\javax.mail.jar;C:\Code\DataAnalysis\SFCore\lib\mysql-connector-java-5.1.35-bin.jar;C:\Code\DataAnalysis\SFCore\lib\commons-lang-2.5.jar;C:\Code\DataAnalysis\SFCore\lib\force-wsc-32.0.0.jar;C:\Code\DataAnalysis\SFCore\lib\wsc.partner.32.jar;C:\Code\DataAnalysisBB\dataanalysis\SFResourceAllocator\lib\com.google.ortools.jar;C:\Code\DataAnalysisBB\dataanalysis\SFResourceAllocator\lib\protobuf.jar
Launcher Type: SUN_STANDARD

Environment Variables:
PATH=C:/Program Files/Java/jre1.8.0_91/bin/server;C:/Program Files/Java/jre1.8.0_91/bin;C:/Program Files/Java/jre1.8.0_91/lib/amd64;C:\ProgramData\Oracle\Java\javapath;C:\windows\system32;C:\windows;C:\windows\System32\Wbem;C:\windows\System32\WindowsPowerShell\v1.0\;C:\Program Files (x86)\Common Files\Roxio Shared\DLLShared\;C:\Program Files (x86)\Common Files\Roxio Shared\10.0\DLLShared\;C:\Program Files (x86)\ATI Technologies\ATI.ACE\Core-Static;C:\Program Files (x86)\MySQL\MySQL Utilities 1.4\;C:\Program Files (x86)\MySQL\MySQL Utilities 1.4\Doctrine extensions for PHP\;C:\Program Files\nodejs\;C:\TDM-GCC-64\bin;C:\Users\conluc0\AppData\Local\Continuum\Anaconda;C:\Users\conluc0\AppData\Local\Continuum\Anaconda\Scripts;C:\Users\conluc0\AppData\Roaming\npm;C:\TDM-GCC-64\bin;C:\eclipse;
USERNAME=conluc0
OS=Windows_NT
PROCESSOR_IDENTIFIER=Intel64 Family 6 Model 69 Stepping 1, GenuineIntel



---------------  S Y S T E M  ---------------

OS: Windows 7 , 64 bit Build 7601 (6.1.7601.23572)

CPU:total 4 (2 cores per cpu, 2 threads per core) family 6 model 69 stepping 1, cmov, cx8, fxsr, mmx, sse, sse2, sse3, ssse3, sse4.1, sse4.2, popcnt, avx, avx2, aes, clmul, erms, lzcnt, ht, tsc, tscinvbit, bmi1, bmi2

Memory: 4k page, physical 8283244k(3563032k free), swap 16564628k(11131764k free)

vm_info: Java HotSpot(TM) 64-Bit Server VM (25.91-b14) for windows-amd64 JRE (1.8.0_91-b14), built on Apr  1 2016 00:58:32 by "java_re" with MS VC++ 10.0 (VS2010)

time: Mon Feb 13 12:01:32 2017
elapsed time: 191 seconds (0d 0h 3m 11s)

