#
# A fatal error has been detected by the Java Runtime Environment:
#
#  EXCEPTION_UNCAUGHT_CXX_EXCEPTION (0xe06d7363) at pc=0x000007fefd28a06d, pid=7472, tid=0x000000000000123c
#
# JRE version: Java(TM) SE Runtime Environment (8.0_121-b13) (build 1.8.0_121-b13)
# Java VM: Java HotSpot(TM) 64-Bit Server VM (25.121-b13 mixed mode windows-amd64 compressed oops)
# Problematic frame:
# C  [KERNELBASE.dll+0x1a06d]
#
# Failed to write core dump. Minidumps are not enabled by default on client versions of Windows
#
# If you would like to submit a bug report, please visit:
#   http://bugreport.java.com/bugreport/crash.jsp
# The crash happened outside the Java Virtual Machine in native code.
# See problematic frame for where to report the bug.
#

---------------  T H R E A D  ---------------

Current thread (0x00000000022d8000):  JavaThread "main" [_thread_in_native, id=4668, stack(0x0000000002590000,0x0000000002690000)]

siginfo: ExceptionCode=0xe06d7363, ExceptionInformation=0x0000000019930520 0x000000000268ec80 0x000007fec9cfc2b0 0x000007fec9080000 

Registers:
RAX=0x00000000746dba1c, RBX=0x000000000268eb30, RCX=0x000000000268bed0, RDX=0x0000000000002630
RSP=0x000000000268c4e0, RBP=0x000000000268cb60, RSI=0x000000000268c610, RDI=0x000000000268d2c0
R8 =0x0000000000000000, R9 =0x0000000000000000, R10=0x000007fec9080000, R11=0x000000000268c520
R12=0x000000000268d8d8, R13=0x000007fec9a4fd8d, R14=0x0000000000000000, R15=0x0000000000000000
RIP=0x000007fefd28a06d, EFLAGS=0x0000000000000202

Top of Stack: (sp=0x000000000268c4e0)
0x000000000268c4e0:   000000000268eb30 000000000268c610
0x000000000268c4f0:   000000000268d2c0 0000000000000000
0x000000000268c500:   00000001e06d7363 0000000000000000
0x000000000268c510:   000007fefd28a06d 000007fe00000004
0x000000000268c520:   0000000019930520 000000000268ec80
0x000000000268c530:   000007fec9cfc2b0 000007fec9080000
0x000000000268c540:   0000000000000008 000007fedd944734
0x000000000268c550:   000000000268eb30 000000000268eb30
0x000000000268c560:   000000000268c610 000000000268c610
0x000000000268c570:   000000000268d2c0 000007fedd944751
0x000000000268c580:   000000000268eb30 000000000268c610
0x000000000268c590:   000000000268ee00 0000000000000000
0x000000000268c5a0:   000000000268eb30 000007fedd942a86
0x000000000268c5b0:   000007fec9a4fd8d 000000000268d8d8
0x000000000268c5c0:   0000000000000100 0000000000000000
0x000000000268c5d0:   0000000000000001 0000000000000000 

Instructions: (pc=0x000007fefd28a06d)
0x000007fefd28a04d:   54 24 24 48 89 4c 24 28 4d 85 c9 0f 85 6a 03 00
0x000007fefd28a05d:   00 89 4c 24 38 48 8d 4c 24 20 ff 15 33 02 03 00
0x000007fefd28a06d:   48 81 c4 c8 00 00 00 c3 90 90 90 90 90 90 90 90
0x000007fefd28a07d:   90 90 90 48 83 ec 28 65 48 8b 04 25 30 00 00 00 


Register to memory mapping:

RAX=0x00000000746dba1c is an unknown value
RBX=0x000000000268eb30 is pointing into the stack for thread: 0x00000000022d8000
RCX=0x000000000268bed0 is pointing into the stack for thread: 0x00000000022d8000
RDX=0x0000000000002630 is an unknown value
RSP=0x000000000268c4e0 is pointing into the stack for thread: 0x00000000022d8000
RBP=0x000000000268cb60 is pointing into the stack for thread: 0x00000000022d8000
RSI=0x000000000268c610 is pointing into the stack for thread: 0x00000000022d8000
RDI=0x000000000268d2c0 is pointing into the stack for thread: 0x00000000022d8000
R8 =0x0000000000000000 is an unknown value
R9 =0x0000000000000000 is an unknown value
R10=0x000007fec9080000 is an unknown value
R11=0x000000000268c520 is pointing into the stack for thread: 0x00000000022d8000
R12=0x000000000268d8d8 is pointing into the stack for thread: 0x00000000022d8000
R13=0x000007fec9a4fd8d is an unknown value
R14=0x0000000000000000 is an unknown value
R15=0x0000000000000000 is an unknown value


Stack: [0x0000000002590000,0x0000000002690000],  sp=0x000000000268c4e0,  free space=1009k
Native frames: (J=compiled Java code, j=interpreted, Vv=VM code, C=native code)
C  [KERNELBASE.dll+0x1a06d]

Java frames: (J=compiled Java code, j=interpreted, Vv=VM code)
J 1090  com.google.ortools.linearsolver.operations_research_linear_solverJNI.MPConstraint_setCoefficient(JLcom/google/ortools/linearsolver/MPConstraint;JLcom/google/ortools/linearsolver/MPVariable;D)V (0 bytes) @ 0x0000000002a7507c [0x0000000002a75000+0x7c]
J 1114% C2 com.saiglobal.sf.allocator.processor.MIP3RetailProcessor.solve([[[[Z)Lcom/saiglobal/sf/allocator/processor/MIP3RetailProcessor$SolverResult; (2038 bytes) @ 0x0000000002e06884 [0x0000000002e04480+0x2404]
j  com.saiglobal.sf.allocator.processor.MIP3RetailProcessor.scheduleBatch()Ljava/util/List;+279
j  com.saiglobal.sf.allocator.processor.MIP3RetailProcessor.execute()V+155
j  com.saiglobal.sf.allocator.main.ResourceAllocator.main([Ljava/lang/String;)V+382
v  ~StubRoutines::call_stub

---------------  P R O C E S S  ---------------

Java Threads: ( => current thread )
  0x000000005a04c000 JavaThread "Abandoned connection cleanup thread" daemon [_thread_blocked, id=9744, stack(0x000000005a780000,0x000000005a880000)]
  0x0000000058aeb800 JavaThread "Service Thread" daemon [_thread_blocked, id=8188, stack(0x0000000059610000,0x0000000059710000)]
  0x0000000058a6e800 JavaThread "C1 CompilerThread2" daemon [_thread_blocked, id=5836, stack(0x0000000059c90000,0x0000000059d90000)]
  0x0000000058a62000 JavaThread "C2 CompilerThread1" daemon [_thread_blocked, id=4232, stack(0x0000000059b50000,0x0000000059c50000)]
  0x0000000058a60000 JavaThread "C2 CompilerThread0" daemon [_thread_blocked, id=9336, stack(0x0000000059a50000,0x0000000059b50000)]
  0x0000000058a50000 JavaThread "JDWP Event Helper Thread" daemon [_thread_blocked, id=9840, stack(0x0000000059890000,0x0000000059990000)]
  0x0000000058a41000 JavaThread "Attach Listener" daemon [_thread_blocked, id=4984, stack(0x00000000590f0000,0x00000000591f0000)]
  0x0000000057659800 JavaThread "Signal Dispatcher" daemon [_thread_blocked, id=7220, stack(0x0000000058e50000,0x0000000058f50000)]
  0x000000005763f800 JavaThread "Finalizer" daemon [_thread_blocked, id=8520, stack(0x0000000058720000,0x0000000058820000)]
  0x00000000575f8000 JavaThread "Reference Handler" daemon [_thread_blocked, id=9316, stack(0x0000000058940000,0x0000000058a40000)]
=>0x00000000022d8000 JavaThread "main" [_thread_in_native, id=4668, stack(0x0000000002590000,0x0000000002690000)]

Other Threads:
  0x00000000575f0800 VMThread [stack: 0x0000000058840000,0x0000000058940000] [id=8288]
  0x0000000058af8000 WatcherThread [stack: 0x0000000059dc0000,0x0000000059ec0000] [id=9324]

VM state:not at safepoint (normal execution)

VM Mutex/Monitor currently owned by a thread: None

Heap:
 PSYoungGen      total 141312K, used 115520K [0x00000000d5d80000, 0x00000000dea00000, 0x0000000100000000)
  eden space 140800K, 82% used [0x00000000d5d80000,0x00000000dce40170,0x00000000de700000)
  from space 512K, 12% used [0x00000000de780000,0x00000000de790000,0x00000000de800000)
  to   space 512K, 0% used [0x00000000de700000,0x00000000de700000,0x00000000de780000)
 ParOldGen       total 216576K, used 146367K [0x0000000081800000, 0x000000008eb80000, 0x00000000d5d80000)
  object space 216576K, 67% used [0x0000000081800000,0x000000008a6efcd0,0x000000008eb80000)
 Metaspace       used 12235K, capacity 12420K, committed 12672K, reserved 1060864K
  class space    used 1289K, capacity 1346K, committed 1408K, reserved 1048576K

Card table byte_map: [0x0000000011d20000,0x0000000012120000] byte_map_base: 0x0000000011914000

Marking Bits: (ParMarkBitMap*) 0x000000006ff9b6d0
 Begin Bits: [0x0000000012920000, 0x00000000148c0000)
 End Bits:   [0x00000000148c0000, 0x0000000016860000)

Polling page: 0x0000000001f30000

CodeCache: size=245760Kb used=4639Kb max_used=4673Kb free=241120Kb
 bounds [0x0000000002960000, 0x0000000002e20000, 0x0000000011960000]
 total_blobs=1460 nmethods=1039 adapters=342
 compilation: enabled

Compilation events (10 events):
Event: 8662.489 Thread 0x0000000058a62000 1110 %     4       com.saiglobal.sf.allocator.processor.MIP3RetailProcessor::solve @ 1127 (2038 bytes)
Event: 8662.849 Thread 0x0000000058a62000 nmethod 1110% 0x0000000002dc2ed0 code [0x0000000002dc33c0, 0x0000000002dcac80]
Event: 8665.477 Thread 0x0000000058a60000 1111       4       java.lang.ref.Finalizer::register (10 bytes)
Event: 8665.477 Thread 0x0000000058a62000 1112   !   4       java.lang.ref.Finalizer::add (41 bytes)
Event: 8665.484 Thread 0x0000000058a62000 nmethod 1112 0x0000000002a96ad0 code [0x0000000002a96c20, 0x0000000002a96e98]
Event: 8665.484 Thread 0x0000000058a60000 nmethod 1111 0x0000000002abe550 code [0x0000000002abe6c0, 0x0000000002abea38]
Event: 8666.842 Thread 0x0000000058a6e800 1113 %     3       com.saiglobal.sf.allocator.processor.MIP3RetailProcessor::solve @ 1127 (2038 bytes)
Event: 8666.859 Thread 0x0000000058a6e800 nmethod 1113% 0x0000000002dd0cd0 code [0x0000000002dd2a20, 0x0000000002de8178]
Event: 8666.872 Thread 0x0000000058a62000 1114 %     4       com.saiglobal.sf.allocator.processor.MIP3RetailProcessor::solve @ 1127 (2038 bytes)
Event: 8667.156 Thread 0x0000000058a62000 nmethod 1114% 0x0000000002e03f90 code [0x0000000002e04480, 0x0000000002e0bda0]

GC Heap History (10 events):
Event: 8672.709 GC heap before
{Heap before GC invocations=1580 (full 2):
 PSYoungGen      total 122880K, used 122432K [0x00000000d5d80000, 0x00000000de500000, 0x0000000100000000)
  eden space 122368K, 100% used [0x00000000d5d80000,0x00000000dd500000,0x00000000dd500000)
  from space 512K, 12% used [0x00000000de400000,0x00000000de410000,0x00000000de480000)
  to   space 512K, 0% used [0x00000000de480000,0x00000000de480000,0x00000000de500000)
 ParOldGen       total 216576K, used 146367K [0x0000000081800000, 0x000000008eb80000, 0x00000000d5d80000)
  object space 216576K, 67% used [0x0000000081800000,0x000000008a6efcd0,0x000000008eb80000)
 Metaspace       used 12235K, capacity 12420K, committed 12672K, reserved 1060864K
  class space    used 1289K, capacity 1346K, committed 1408K, reserved 1048576K
Event: 8672.712 GC heap after
Heap after GC invocations=1580 (full 2):
 PSYoungGen      total 127488K, used 64K [0x00000000d5d80000, 0x00000000de500000, 0x0000000100000000)
  eden space 126976K, 0% used [0x00000000d5d80000,0x00000000d5d80000,0x00000000dd980000)
  from space 512K, 12% used [0x00000000de480000,0x00000000de490000,0x00000000de500000)
  to   space 512K, 0% used [0x00000000de400000,0x00000000de400000,0x00000000de480000)
 ParOldGen       total 216576K, used 146367K [0x0000000081800000, 0x000000008eb80000, 0x00000000d5d80000)
  object space 216576K, 67% used [0x0000000081800000,0x000000008a6efcd0,0x000000008eb80000)
 Metaspace       used 12235K, capacity 12420K, committed 12672K, reserved 1060864K
  class space    used 1289K, capacity 1346K, committed 1408K, reserved 1048576K
}
Event: 8673.459 GC heap before
{Heap before GC invocations=1581 (full 2):
 PSYoungGen      total 127488K, used 127040K [0x00000000d5d80000, 0x00000000de500000, 0x0000000100000000)
  eden space 126976K, 100% used [0x00000000d5d80000,0x00000000dd980000,0x00000000dd980000)
  from space 512K, 12% used [0x00000000de480000,0x00000000de490000,0x00000000de500000)
  to   space 512K, 0% used [0x00000000de400000,0x00000000de400000,0x00000000de480000)
 ParOldGen       total 216576K, used 146367K [0x0000000081800000, 0x000000008eb80000, 0x00000000d5d80000)
  object space 216576K, 67% used [0x0000000081800000,0x000000008a6efcd0,0x000000008eb80000)
 Metaspace       used 12235K, capacity 12420K, committed 12672K, reserved 1060864K
  class space    used 1289K, capacity 1346K, committed 1408K, reserved 1048576K
Event: 8673.463 GC heap after
Heap after GC invocations=1581 (full 2):
 PSYoungGen      total 132096K, used 64K [0x00000000d5d80000, 0x00000000de500000, 0x0000000100000000)
  eden space 131584K, 0% used [0x00000000d5d80000,0x00000000d5d80000,0x00000000dde00000)
  from space 512K, 12% used [0x00000000de400000,0x00000000de410000,0x00000000de480000)
  to   space 512K, 0% used [0x00000000de480000,0x00000000de480000,0x00000000de500000)
 ParOldGen       total 216576K, used 146367K [0x0000000081800000, 0x000000008eb80000, 0x00000000d5d80000)
  object space 216576K, 67% used [0x0000000081800000,0x000000008a6efcd0,0x000000008eb80000)
 Metaspace       used 12235K, capacity 12420K, committed 12672K, reserved 1060864K
  class space    used 1289K, capacity 1346K, committed 1408K, reserved 1048576K
}
Event: 8674.594 GC heap before
{Heap before GC invocations=1582 (full 2):
 PSYoungGen      total 132096K, used 131648K [0x00000000d5d80000, 0x00000000de500000, 0x0000000100000000)
  eden space 131584K, 100% used [0x00000000d5d80000,0x00000000dde00000,0x00000000dde00000)
  from space 512K, 12% used [0x00000000de400000,0x00000000de410000,0x00000000de480000)
  to   space 512K, 0% used [0x00000000de480000,0x00000000de480000,0x00000000de500000)
 ParOldGen       total 216576K, used 146367K [0x0000000081800000, 0x000000008eb80000, 0x00000000d5d80000)
  object space 216576K, 67% used [0x0000000081800000,0x000000008a6efcd0,0x000000008eb80000)
 Metaspace       used 12235K, capacity 12420K, committed 12672K, reserved 1060864K
  class space    used 1289K, capacity 1346K, committed 1408K, reserved 1048576K
Event: 8674.600 GC heap after
Heap after GC invocations=1582 (full 2):
 PSYoungGen      total 136704K, used 64K [0x00000000d5d80000, 0x00000000de500000, 0x0000000100000000)
  eden space 136192K, 0% used [0x00000000d5d80000,0x00000000d5d80000,0x00000000de280000)
  from space 512K, 12% used [0x00000000de480000,0x00000000de490000,0x00000000de500000)
  to   space 512K, 0% used [0x00000000de400000,0x00000000de400000,0x00000000de480000)
 ParOldGen       total 216576K, used 146367K [0x0000000081800000, 0x000000008eb80000, 0x00000000d5d80000)
  object space 216576K, 67% used [0x0000000081800000,0x000000008a6efcd0,0x000000008eb80000)
 Metaspace       used 12235K, capacity 12420K, committed 12672K, reserved 1060864K
  class space    used 1289K, capacity 1346K, committed 1408K, reserved 1048576K
}
Event: 8676.398 GC heap before
{Heap before GC invocations=1583 (full 2):
 PSYoungGen      total 136704K, used 136256K [0x00000000d5d80000, 0x00000000de500000, 0x0000000100000000)
  eden space 136192K, 100% used [0x00000000d5d80000,0x00000000de280000,0x00000000de280000)
  from space 512K, 12% used [0x00000000de480000,0x00000000de490000,0x00000000de500000)
  to   space 512K, 0% used [0x00000000de400000,0x00000000de400000,0x00000000de480000)
 ParOldGen       total 216576K, used 146367K [0x0000000081800000, 0x000000008eb80000, 0x00000000d5d80000)
  object space 216576K, 67% used [0x0000000081800000,0x000000008a6efcd0,0x000000008eb80000)
 Metaspace       used 12235K, capacity 12420K, committed 12672K, reserved 1060864K
  class space    used 1289K, capacity 1346K, committed 1408K, reserved 1048576K
Event: 8676.415 GC heap after
Heap after GC invocations=1583 (full 2):
 PSYoungGen      total 138240K, used 64K [0x00000000d5d80000, 0x00000000de800000, 0x0000000100000000)
  eden space 137728K, 0% used [0x00000000d5d80000,0x00000000d5d80000,0x00000000de400000)
  from space 512K, 12% used [0x00000000de400000,0x00000000de410000,0x00000000de480000)
  to   space 512K, 0% used [0x00000000de780000,0x00000000de780000,0x00000000de800000)
 ParOldGen       total 216576K, used 146367K [0x0000000081800000, 0x000000008eb80000, 0x00000000d5d80000)
  object space 216576K, 67% used [0x0000000081800000,0x000000008a6efcd0,0x000000008eb80000)
 Metaspace       used 12235K, capacity 12420K, committed 12672K, reserved 1060864K
  class space    used 1289K, capacity 1346K, committed 1408K, reserved 1048576K
}
Event: 8677.835 GC heap before
{Heap before GC invocations=1584 (full 2):
 PSYoungGen      total 138240K, used 137792K [0x00000000d5d80000, 0x00000000de800000, 0x0000000100000000)
  eden space 137728K, 100% used [0x00000000d5d80000,0x00000000de400000,0x00000000de400000)
  from space 512K, 12% used [0x00000000de400000,0x00000000de410000,0x00000000de480000)
  to   space 512K, 0% used [0x00000000de780000,0x00000000de780000,0x00000000de800000)
 ParOldGen       total 216576K, used 146367K [0x0000000081800000, 0x000000008eb80000, 0x00000000d5d80000)
  object space 216576K, 67% used [0x0000000081800000,0x000000008a6efcd0,0x000000008eb80000)
 Metaspace       used 12235K, capacity 12420K, committed 12672K, reserved 1060864K
  class space    used 1289K, capacity 1346K, committed 1408K, reserved 1048576K
Event: 8677.846 GC heap after
Heap after GC invocations=1584 (full 2):
 PSYoungGen      total 141312K, used 64K [0x00000000d5d80000, 0x00000000dea00000, 0x0000000100000000)
  eden space 140800K, 0% used [0x00000000d5d80000,0x00000000d5d80000,0x00000000de700000)
  from space 512K, 12% used [0x00000000de780000,0x00000000de790000,0x00000000de800000)
  to   space 512K, 0% used [0x00000000de700000,0x00000000de700000,0x00000000de780000)
 ParOldGen       total 216576K, used 146367K [0x0000000081800000, 0x000000008eb80000, 0x00000000d5d80000)
  object space 216576K, 67% used [0x0000000081800000,0x000000008a6efcd0,0x000000008eb80000)
 Metaspace       used 12235K, capacity 12420K, committed 12672K, reserved 1060864K
  class space    used 1289K, capacity 1346K, committed 1408K, reserved 1048576K
}

Deoptimization events (10 events):
Event: 0.451 Thread 0x00000000022d8000 Uncommon trap: reason=unstable_if action=reinterpret pc=0x0000000002afe69c method=java.lang.String.indexOf([CII[CIII)I @ 134
Event: 0.646 Thread 0x00000000022d8000 Uncommon trap: reason=unstable_if action=reinterpret pc=0x0000000002b724e4 method=java.lang.AbstractStringBuilder.append(Ljava/lang/String;)Ljava/lang/AbstractStringBuilder; @ 1
Event: 3.953 Thread 0x00000000022d8000 Uncommon trap: reason=unstable_if action=reinterpret pc=0x0000000002beb0c4 method=sun.misc.MetaIndex.mayContain(Ljava/lang/String;)Z @ 38
Event: 3.959 Thread 0x00000000022d8000 Uncommon trap: reason=unstable_if action=reinterpret pc=0x0000000002be5160 method=sun.misc.MetaIndex.mayContain(Ljava/lang/String;)Z @ 38
Event: 4.027 Thread 0x00000000022d8000 Uncommon trap: reason=class_check action=maybe_recompile pc=0x0000000002bf18e4 method=java.util.Properties$LineReader.readLine()I @ 410
Event: 270.878 Thread 0x000000005a04c000 Uncommon trap: reason=unstable_if action=reinterpret pc=0x0000000002ceb3f8 method=java.lang.ref.ReferenceQueue.remove(J)Ljava/lang/ref/Reference; @ 104
Event: 8660.676 Thread 0x00000000022d8000 Uncommon trap: reason=unstable_if action=reinterpret pc=0x0000000002ce0a04 method=java.lang.StrictMath.floorOrCeil(DDDD)D @ 8
Event: 8660.926 Thread 0x00000000022d8000 Uncommon trap: reason=unstable_if action=reinterpret pc=0x0000000002d50548 method=com.saiglobal.sf.allocator.processor.MIP3RetailProcessor.solve([[[[Z)Lcom/saiglobal/sf/allocator/processor/MIP3RetailProcessor$SolverResult; @ 1150
Event: 8662.449 Thread 0x00000000022d8000 Uncommon trap: reason=unreached action=reinterpret pc=0x0000000002d8f238 method=com.saiglobal.sf.allocator.processor.MIP3RetailProcessor.solve([[[[Z)Lcom/saiglobal/sf/allocator/processor/MIP3RetailProcessor$SolverResult; @ 1289
Event: 8666.842 Thread 0x00000000022d8000 Uncommon trap: reason=unstable_if action=reinterpret pc=0x0000000002dc955c method=com.saiglobal.sf.allocator.processor.MIP3RetailProcessor.solve([[[[Z)Lcom/saiglobal/sf/allocator/processor/MIP3RetailProcessor$SolverResult; @ 1273

Internal exceptions (10 events):
Event: 0.443 Thread 0x00000000022d8000 Exception <a 'java/lang/ClassNotFoundException': org/apache/log4j/AppenderSkeletonCustomizer> (0x00000000d63317f8) thrown at [C:\re\workspace\8-2-build-windows-amd64-cygwin\jdk8u121\8372\hotspot\src\share\vm\classfile\systemDictionary.cpp, line 210]
Event: 0.446 Thread 0x00000000022d8000 Exception <a 'java/lang/ClassNotFoundException': org/apache/log4j/WriterAppenderCustomizer> (0x00000000d634c530) thrown at [C:\re\workspace\8-2-build-windows-amd64-cygwin\jdk8u121\8372\hotspot\src\share\vm\classfile\systemDictionary.cpp, line 210]
Event: 0.448 Thread 0x00000000022d8000 Exception <a 'java/lang/ClassNotFoundException': org/apache/log4j/FileAppenderCustomizer> (0x00000000d635fef0) thrown at [C:\re\workspace\8-2-build-windows-amd64-cygwin\jdk8u121\8372\hotspot\src\share\vm\classfile\systemDictionary.cpp, line 210]
Event: 0.449 Thread 0x00000000022d8000 Exception <a 'java/lang/ClassNotFoundException': org/apache/log4j/RollingFileAppenderCustomizer> (0x00000000d6373a80) thrown at [C:\re\workspace\8-2-build-windows-amd64-cygwin\jdk8u121\8372\hotspot\src\share\vm\classfile\systemDictionary.cpp, line 210]
Event: 0.457 Thread 0x00000000022d8000 Exception <a 'java/lang/ClassNotFoundException': org/apache/log4j/ConsoleAppenderBeanInfo> (0x00000000d639d430) thrown at [C:\re\workspace\8-2-build-windows-amd64-cygwin\jdk8u121\8372\hotspot\src\share\vm\classfile\systemDictionary.cpp, line 210]
Event: 0.458 Thread 0x00000000022d8000 Exception <a 'java/lang/ClassNotFoundException': org/apache/log4j/ConsoleAppenderCustomizer> (0x00000000d63a3fa0) thrown at [C:\re\workspace\8-2-build-windows-amd64-cygwin\jdk8u121\8372\hotspot\src\share\vm\classfile\systemDictionary.cpp, line 210]
Event: 0.646 Thread 0x00000000022d8000 Implicit null exception at 0x0000000002b71fc9 to 0x0000000002b724cd
Event: 4.005 Thread 0x00000000022d8000 Exception <a 'java/lang/NoSuchFieldError': method resolution failed> (0x00000000d6f9a730) thrown at [C:\re\workspace\8-2-build-windows-amd64-cygwin\jdk8u121\8372\hotspot\src\share\vm\prims\methodHandles.cpp, line 1146]
Event: 4.009 Thread 0x00000000022d8000 Exception <a 'java/lang/NoSuchFieldError': method resolution failed> (0x00000000d6fa7a50) thrown at [C:\re\workspace\8-2-build-windows-amd64-cygwin\jdk8u121\8372\hotspot\src\share\vm\prims\methodHandles.cpp, line 1146]
Event: 53.448 Thread 0x00000000022d8000 Exception <a 'java/lang/NoSuchMethodError': java.lang.Object.lambda$minBy$0(Ljava/util/Comparator;Ljava/lang/Object;Ljava/lang/Object;)Ljava/lang/Object;> (0x00000000d7419958) thrown at [C:\re\workspace\8-2-build-windows-amd64-cygwin\jdk8u121\8372\hotspot

Events (10 events):
Event: 8672.709 Executing VM operation: ParallelGCFailedAllocation
Event: 8672.712 Executing VM operation: ParallelGCFailedAllocation done
Event: 8673.459 Executing VM operation: ParallelGCFailedAllocation
Event: 8673.463 Executing VM operation: ParallelGCFailedAllocation done
Event: 8674.594 Executing VM operation: ParallelGCFailedAllocation
Event: 8674.600 Executing VM operation: ParallelGCFailedAllocation done
Event: 8676.398 Executing VM operation: ParallelGCFailedAllocation
Event: 8676.415 Executing VM operation: ParallelGCFailedAllocation done
Event: 8677.835 Executing VM operation: ParallelGCFailedAllocation
Event: 8677.846 Executing VM operation: ParallelGCFailedAllocation done


Dynamic libraries:
0x000000013f680000 - 0x000000013f6b7000 	C:\Program Files\Java\jdk1.8.0_121\bin\javaw.exe
0x0000000077470000 - 0x000000007761a000 	C:\windows\SYSTEM32\ntdll.dll
0x0000000077250000 - 0x000000007736f000 	C:\windows\system32\kernel32.dll
0x000007fefd270000 - 0x000007fefd2da000 	C:\windows\system32\KERNELBASE.dll
0x000007fefef50000 - 0x000007feff02b000 	C:\windows\system32\ADVAPI32.dll
0x000007feff030000 - 0x000007feff0cf000 	C:\windows\system32\msvcrt.dll
0x000007feff760000 - 0x000007feff77f000 	C:\windows\SYSTEM32\sechost.dll
0x000007fefdc60000 - 0x000007fefdd8d000 	C:\windows\system32\RPCRT4.dll
0x0000000077370000 - 0x000000007746a000 	C:\windows\system32\USER32.dll
0x000007feff6f0000 - 0x000007feff757000 	C:\windows\system32\GDI32.dll
0x000007feff470000 - 0x000007feff47e000 	C:\windows\system32\LPK.dll
0x000007fefd520000 - 0x000007fefd5ea000 	C:\windows\system32\USP10.dll
0x000007fefb620000 - 0x000007fefb814000 	C:\windows\WinSxS\amd64_microsoft.windows.common-controls_6595b64144ccf1df_6.0.7601.18837_none_fa3b1e3d17594757\COMCTL32.dll
0x000007feff670000 - 0x000007feff6e1000 	C:\windows\system32\SHLWAPI.dll
0x000007fefdc30000 - 0x000007fefdc5e000 	C:\windows\system32\IMM32.DLL
0x000007feff560000 - 0x000007feff669000 	C:\windows\system32\MSCTF.dll
0x0000000068000000 - 0x0000000068056000 	C:\windows\system32\QIPCAP64.DLL
0x000007fefe0c0000 - 0x000007fefee4a000 	C:\windows\system32\SHELL32.dll
0x000007fefc780000 - 0x000007fefc7db000 	C:\windows\system32\DNSAPI.dll
0x000007fefda00000 - 0x000007fefda4d000 	C:\windows\system32\WS2_32.dll
0x000007feff0d0000 - 0x000007feff0d8000 	C:\windows\system32\NSI.dll
0x0000000078bd0000 - 0x0000000078ca2000 	C:\Program Files\Java\jdk1.8.0_121\jre\bin\msvcr100.dll
0x000000006f780000 - 0x000000007001b000 	C:\Program Files\Java\jdk1.8.0_121\jre\bin\server\jvm.dll
0x000007fefb2f0000 - 0x000007fefb2f9000 	C:\windows\system32\WSOCK32.dll
0x000007fefa830000 - 0x000007fefa86b000 	C:\windows\system32\WINMM.dll
0x000007fefc230000 - 0x000007fefc23c000 	C:\windows\system32\VERSION.dll
0x0000000077630000 - 0x0000000077637000 	C:\windows\system32\PSAPI.DLL
0x0000000061820000 - 0x000000006182f000 	C:\Program Files\Java\jdk1.8.0_121\jre\bin\verify.dll
0x0000000061700000 - 0x0000000061729000 	C:\Program Files\Java\jdk1.8.0_121\jre\bin\java.dll
0x00000000616c0000 - 0x00000000616f5000 	C:\Program Files\Java\jdk1.8.0_121\jre\bin\jdwp.dll
0x0000000061810000 - 0x0000000061818000 	C:\Program Files\Java\jdk1.8.0_121\jre\bin\npt.dll
0x000000005fe40000 - 0x000000005fe56000 	C:\Program Files\Java\jdk1.8.0_121\jre\bin\zip.dll
0x000007feff270000 - 0x000007feff46c000 	C:\windows\system32\ole32.dll
0x000007fefd160000 - 0x000007fefd16f000 	C:\windows\system32\profapi.dll
0x00000000616b0000 - 0x00000000616b9000 	C:\Program Files\Java\jdk1.8.0_121\jre\bin\dt_socket.dll
0x000007fefba20000 - 0x000007fefba35000 	C:\windows\system32\NLAapi.dll
0x000007fef0280000 - 0x000007fef0295000 	C:\windows\system32\napinsp.dll
0x000007fef0260000 - 0x000007fef0279000 	C:\windows\system32\pnrpnsp.dll
0x000007fefc8f0000 - 0x000007fefc945000 	C:\windows\System32\mswsock.dll
0x000007fef0250000 - 0x000007fef025b000 	C:\windows\System32\winrnr.dll
0x000007fef0240000 - 0x000007fef0250000 	C:\windows\system32\wshbth.dll
0x000007fefb2c0000 - 0x000007fefb2e7000 	C:\windows\system32\IPHLPAPI.DLL
0x000007fefb2b0000 - 0x000007fefb2bb000 	C:\windows\system32\WINNSI.DLL
0x000007fef8c10000 - 0x000007fef8c63000 	C:\windows\System32\fwpuclnt.dll
0x000007fef77c0000 - 0x000007fef77c8000 	C:\windows\system32\rasadhlp.dll
0x000007fefc300000 - 0x000007fefc307000 	C:\windows\System32\wshtcpip.dll
0x000000005b6f0000 - 0x000000005b70a000 	C:\Program Files\Java\jdk1.8.0_121\jre\bin\net.dll
0x000007fefcb90000 - 0x000007fefcb97000 	C:\windows\System32\wship6.dll
0x000000005b6d0000 - 0x000000005b6e1000 	C:\Program Files\Java\jdk1.8.0_121\jre\bin\nio.dll
0x000007fefcfa0000 - 0x000007fefcff7000 	C:\windows\system32\apphelp.dll
0x000000005fc80000 - 0x000000005fc8d000 	C:\Program Files\Java\jdk1.8.0_121\jre\bin\management.dll
0x000007fec9080000 - 0x000007fec9e00000 	C:\Code\DataAnalysisBB\dataanalysis\SFResourceAllocator\lib\jniortools.dll
0x000007feda9b0000 - 0x000007fedaa4c000 	C:\windows\system32\MSVCP140.dll
0x000007fedd940000 - 0x000007fedd956000 	C:\windows\system32\VCRUNTIME140.dll
0x000007fef90c0000 - 0x000007fef90c4000 	C:\windows\system32\api-ms-win-crt-runtime-l1-1-0.dll
0x000007fee3a30000 - 0x000007fee3b24000 	C:\windows\system32\ucrtbase.DLL
0x000007fee3a20000 - 0x000007fee3a23000 	C:\windows\system32\api-ms-win-core-timezone-l1-1-0.dll
0x000007fee3a10000 - 0x000007fee3a13000 	C:\windows\system32\api-ms-win-core-file-l2-1-0.dll
0x000007fee3a00000 - 0x000007fee3a03000 	C:\windows\system32\api-ms-win-core-localization-l1-2-0.dll
0x000007fee5270000 - 0x000007fee5273000 	C:\windows\system32\api-ms-win-core-synch-l1-2-0.dll
0x000007fee39f0000 - 0x000007fee39f3000 	C:\windows\system32\api-ms-win-core-processthreads-l1-1-1.dll
0x000007fee39e0000 - 0x000007fee39e3000 	C:\windows\system32\api-ms-win-core-file-l1-2-0.dll
0x000007feef000000 - 0x000007feef004000 	C:\windows\system32\api-ms-win-crt-string-l1-1-0.dll
0x000007fee90f0000 - 0x000007fee90f3000 	C:\windows\system32\api-ms-win-crt-heap-l1-1-0.dll
0x000007fee9e70000 - 0x000007fee9e74000 	C:\windows\system32\api-ms-win-crt-stdio-l1-1-0.dll
0x000007fee18d0000 - 0x000007fee18d4000 	C:\windows\system32\api-ms-win-crt-convert-l1-1-0.dll
0x000007fee1b60000 - 0x000007fee1b63000 	C:\windows\system32\api-ms-win-crt-locale-l1-1-0.dll
0x000007fedf2a0000 - 0x000007fedf2a5000 	C:\windows\system32\api-ms-win-crt-math-l1-1-0.dll
0x000007fedf8c0000 - 0x000007fedf8c5000 	C:\windows\system32\api-ms-win-crt-multibyte-l1-1-0.dll
0x000007fedebf0000 - 0x000007fedebf3000 	C:\windows\system32\api-ms-win-crt-time-l1-1-0.dll
0x000007fedf1d0000 - 0x000007fedf1d3000 	C:\windows\system32\api-ms-win-crt-filesystem-l1-1-0.dll
0x000007fedd490000 - 0x000007fedd493000 	C:\windows\system32\api-ms-win-crt-environment-l1-1-0.dll
0x000007fede770000 - 0x000007fede773000 	C:\windows\system32\api-ms-win-crt-utility-l1-1-0.dll

VM Arguments:
jvm_args: -agentlib:jdwp=transport=dt_socket,suspend=y,address=localhost:57839 -Djava.library.path=lib -Dfile.encoding=Cp1252 
java_command: com.saiglobal.sf.allocator.main.ResourceAllocator -ai com.saiglobal.sf.allocator.implementation.ResourceAllocatorTestRetail -includePipeline false -logLevel DEBUG -cp noOfMonth:12;milkRuns:true
java_class_path (initial): C:\Code\DataAnalysisBB\dataanalysis\SFResourceAllocator\bin;C:\Code\DataAnalysis\SFResourceAllocator\lib\org.apache.log4j_1.2.13.v200903072027.jar;C:\Code\DataAnalysisBB\dataanalysis\SFCore\bin;C:\Code\DataAnalysis\SFCore\lib\commons-cli-1.2.jar;C:\Code\DataAnalysis\SFCore\lib\commons-logging-1.1.3.jar;C:\Code\DataAnalysis\SFCore\lib\geocoder-java-0.15.jar;C:\Code\DataAnalysis\SFCore\lib\gson-2.2.4.jar;C:\Code\DataAnalysis\SFCore\lib\org.apache.log4j_1.2.13.v200903072027.jar;C:\Code\DataAnalysis\SFCore\lib\jsch-0.1.50.jar;C:\Code\DataAnalysis\SFCore\lib\sqljdbc4.jar;C:\Code\DataAnalysis\SFCore\lib\javax.mail.jar;C:\Code\DataAnalysis\SFCore\lib\mysql-connector-java-5.1.35-bin.jar;C:\Code\DataAnalysis\SFCore\lib\commons-lang-2.5.jar;C:\Code\DataAnalysis\SFCore\lib\force-wsc-32.0.0.jar;C:\Code\DataAnalysis\SFCore\lib\wsc.partner.32.jar;C:\Code\DataAnalysisBB\dataanalysis\SFResourceAllocator\lib\com.google.ortools.jar;C:\Code\DataAnalysisBB\dataanalysis\SFResourceAllocator\lib\protobuf.jar;C:\Code\DataAnalysisBB\dataanalysis\SFResourceAllocator\lib\commons-lang-2.5.jar
Launcher Type: SUN_STANDARD

Environment Variables:
PATH=C:\Program Files\Java\jdk1.8.0_121\jre\bin;C:/Program Files/Java/jre1.8.0_121/bin/server;C:/Program Files/Java/jre1.8.0_121/bin;C:/Program Files/Java/jre1.8.0_121/lib/amd64;C:\gurobi702\win64\bin;C:\Program Files\Microsoft MPI\Bin\;C:\ProgramData\Oracle\Java\javapath;C:\windows\system32;C:\windows;C:\windows\System32\Wbem;C:\windows\System32\WindowsPowerShell\v1.0\;C:\Program Files (x86)\Common Files\Roxio Shared\DLLShared\;C:\Program Files (x86)\Common Files\Roxio Shared\10.0\DLLShared\;C:\Program Files (x86)\ATI Technologies\ATI.ACE\Core-Static;C:\Program Files (x86)\MySQL\MySQL Utilities 1.4\;C:\Program Files (x86)\MySQL\MySQL Utilities 1.4\Doctrine extensions for PHP\;C:\Program Files\nodejs\;C:\TDM-GCC-64\bin;C:\Program Files\Microsoft SQL Server\130\Tools\Binn\;C:\Program Files\Anaconda3;C:\Program Files\Anaconda3\Scripts;C:\Program Files\Anaconda3\Library\bin;C:\Program Files\Git\cmd;C:\Program Files (x86)\Microsoft Visual Studio\2017\Community\Common7\Tools\;C:\Users\conluc0\Downloads\or-tools-master\tools\;C:\Program Files\TortoiseSVN\bin;C:\Program Files\CMake\bin;C:\Program Files\Java\jdk1.8.0_121\bin;C:\Program Files\Microsoft SQL Server\110\Tools\Binn\;C:\Program Files (x86)\Microsoft SDKs\TypeScript\1.0\;C:\Program Files\Microsoft SQL Server\120\Tools\Binn\;C:\Windows\System32;C:\Users\conluc0\AppData\Local\Continuum\Anaconda;C:\Users\conluc0\AppData\Local\Continuum\Anaconda\Scripts;C:\Users\conluc0\AppData\Roaming\npm;C:\TDM-GCC-64\bin;C:\eclipse;
USERNAME=conluc0
OS=Windows_NT
PROCESSOR_IDENTIFIER=Intel64 Family 6 Model 69 Stepping 1, GenuineIntel



---------------  S Y S T E M  ---------------

OS: Windows 7 , 64 bit Build 7601 (6.1.7601.23796)

CPU:total 4 (2 cores per cpu, 2 threads per core) family 6 model 69 stepping 1, cmov, cx8, fxsr, mmx, sse, sse2, sse3, ssse3, sse4.1, sse4.2, popcnt, avx, avx2, aes, clmul, erms, lzcnt, ht, tsc, tscinvbit, bmi1, bmi2

Memory: 4k page, physical 8283244k(226136k free), swap 33131116k(4512k free)

vm_info: Java HotSpot(TM) 64-Bit Server VM (25.121-b13) for windows-amd64 JRE (1.8.0_121-b13), built on Dec 12 2016 18:21:36 by "java_re" with MS VC++ 10.0 (VS2010)

time: Thu Jun 15 16:49:28 2017
elapsed time: 8678 seconds (0d 2h 24m 38s)

