#
# A fatal error has been detected by the Java Runtime Environment:
#
#  EXCEPTION_ACCESS_VIOLATION (0xc0000005) at pc=0x000007fec7a21b20, pid=12528, tid=0x0000000000002c3c
#
# JRE version: Java(TM) SE Runtime Environment (8.0_121-b13) (build 1.8.0_121-b13)
# Java VM: Java HotSpot(TM) 64-Bit Server VM (25.121-b13 mixed mode windows-amd64 compressed oops)
# Problematic frame:
# C  [jniortools.dll+0x441b20]
#
# Failed to write core dump. Minidumps are not enabled by default on client versions of Windows
#
# If you would like to submit a bug report, please visit:
#   http://bugreport.java.com/bugreport/crash.jsp
# The crash happened outside the Java Virtual Machine in native code.
# See problematic frame for where to report the bug.
#

---------------  T H R E A D  ---------------

Current thread (0x0000000001f70800):  JavaThread "main" [_thread_in_native, id=11324, stack(0x00000000025d0000,0x00000000026d0000)]

siginfo: ExceptionCode=0xc0000005, reading address 0x0000000000000000

Registers:
RAX=0x0000000000000000, RBX=0x00000000004c1180, RCX=0xdf01c586153c0000, RDX=0x000007fee79255f0
RSP=0x00000000026cf350, RBP=0x00000000026cf450, RSI=0x0000000000000000, RDI=0x0000000000000000
R8 =0x00000000026cdaa8, R9 =0x0000000114198d21, R10=0x0000000000000000, R11=0x00000000026cf310
R12=0x0000000000000001, R13=0x0000000068988960, R14=0x0000000000000000, R15=0x0000000000000000
RIP=0x000007fec7a21b20, EFLAGS=0x0000000000010206

Top of Stack: (sp=0x00000000026cf350)
0x00000000026cf350:   3fe0000000000000 00000000026cf3b8
0x00000000026cf360:   00000000004c1180 00000000029e621e
0x00000000026cf370:   0000000000000000 0000000100000000
0x00000000026cf380:   0000000000000000 00000000004c1180
0x00000000026cf390:   0000000000000000 fffffffffffffffe
0x00000000026cf3a0:   00000000026cf4b8 0000ffff00001fbf
0x00000000026cf3b0:   a147ae147ae14800 0000000000000000
0x00000000026cf3c0:   0000000000000000 0000000000000000
0x00000000026cf3d0:   8000000000000000 0000000000003fff
0x00000000026cf3e0:   af64a837ccc61476 0000000000003fff
0x00000000026cf3f0:   a147ae147ae14800 0000df01c7eae66c
0x00000000026cf400:   0000000000000000 0000000000000000
0x00000000026cf410:   0000000000000000 0000000000000000
0x00000000026cf420:   0000000000000001 0000000000000000
0x00000000026cf430:   0000000000000000 0000000000000000
0x00000000026cf440:   00000000f6f7d348 0000000000000000 

Instructions: (pc=0x000007fec7a21b20)
0x000007fec7a21b00:   0f b6 64 24 2c 66 66 66 0f 1f 84 00 00 00 00 00
0x000007fec7a21b10:   48 8b 83 b0 00 00 00 4e 8b 2c f8 48 8b 44 24 68
0x000007fec7a21b20:   f2 46 0f 10 04 f8 41 0f 28 fb 49 8b 5d 08 48 8b
0x000007fec7a21b30:   1b 49 8b 7d 08 48 3b df 74 61 66 0f 1f 44 00 00 


Register to memory mapping:

RAX=0x0000000000000000 is an unknown value
RBX=0x00000000004c1180 is an unknown value
RCX=0xdf01c586153c0000 is an unknown value
RDX=0x000007fee79255f0 is an unknown value
RSP=0x00000000026cf350 is pointing into the stack for thread: 0x0000000001f70800
RBP=0x00000000026cf450 is pointing into the stack for thread: 0x0000000001f70800
RSI=0x0000000000000000 is an unknown value
RDI=0x0000000000000000 is an unknown value
R8 =0x00000000026cdaa8 is pointing into the stack for thread: 0x0000000001f70800
R9 =0x0000000114198d21 is an unknown value
R10=0x0000000000000000 is an unknown value
R11=0x00000000026cf310 is pointing into the stack for thread: 0x0000000001f70800
R12=0x0000000000000001 is an unknown value
R13=0x0000000068988960 is an unknown value
R14=0x0000000000000000 is an unknown value
R15=0x0000000000000000 is an unknown value


Stack: [0x00000000025d0000,0x00000000026d0000],  sp=0x00000000026cf350,  free space=1020k
Native frames: (J=compiled Java code, j=interpreted, Vv=VM code, C=native code)
C  [jniortools.dll+0x441b20]
C  0x00000000029b7f54

Java frames: (J=compiled Java code, j=interpreted, Vv=VM code)
j  com.google.ortools.linearsolver.operations_research_linear_solverJNI.MPSolver_verifySolution(JLcom/google/ortools/linearsolver/MPSolver;DZ)Z+0
j  com.google.ortools.linearsolver.MPSolver.verifySolution(DZ)Z+7
J 11965% C2 com.saiglobal.sf.allocator.processor.PizzaHutMIPProcessor.solve(Z)[[[Lcom/google/ortools/linearsolver/MPVariable; (2490 bytes) @ 0x0000000004822258 [0x000000000481fe20+0x2438]
j  com.saiglobal.sf.allocator.processor.PizzaHutMIPProcessor.execute()V+367
j  com.saiglobal.sf.allocator.main.ResourceAllocator.main([Ljava/lang/String;)V+382
v  ~StubRoutines::call_stub

---------------  P R O C E S S  ---------------

Java Threads: ( => current thread )
  0x0000000060513800 JavaThread "task-result-getter-3" daemon [_thread_blocked, id=12004, stack(0x000000006bc90000,0x000000006bd90000)]
  0x0000000060512800 JavaThread "task-result-getter-2" daemon [_thread_blocked, id=12956, stack(0x000000006c150000,0x000000006c250000)]
  0x0000000060512000 JavaThread "task-result-getter-1" daemon [_thread_blocked, id=10424, stack(0x000000006bd90000,0x000000006be90000)]
  0x0000000060511000 JavaThread "task-result-getter-0" daemon [_thread_blocked, id=8072, stack(0x0000000063180000,0x0000000063280000)]
  0x0000000060387000 JavaThread "org.apache.hadoop.fs.FileSystem$Statistics$StatisticsDataReferenceCleaner" daemon [_thread_blocked, id=12948, stack(0x00000000632f0000,0x00000000633f0000)]
  0x0000000060386800 JavaThread "SparkListenerBus" daemon [_thread_blocked, id=2868, stack(0x0000000063930000,0x0000000063a30000)]
  0x0000000060385800 JavaThread "context-cleaner-periodic-gc" daemon [_thread_blocked, id=9384, stack(0x0000000063810000,0x0000000063910000)]
  0x0000000060385000 JavaThread "Spark Context Cleaner" daemon [_thread_blocked, id=12204, stack(0x0000000062080000,0x0000000062180000)]
  0x0000000060384000 JavaThread "shuffle-server-5-1" daemon [_thread_in_native, id=10316, stack(0x000000005df70000,0x000000005e070000)]
  0x0000000060383800 JavaThread "driver-heartbeater" daemon [_thread_blocked, id=8920, stack(0x000000005e180000,0x000000005e280000)]
  0x0000000060382800 JavaThread "dag-scheduler-event-loop" daemon [_thread_blocked, id=12568, stack(0x0000000060b30000,0x0000000060c30000)]
  0x0000000060382000 JavaThread "netty-rpc-env-timeout" daemon [_thread_blocked, id=2852, stack(0x000000005f790000,0x000000005f890000)]
  0x0000000060381000 JavaThread "Timer-0" daemon [_thread_blocked, id=5688, stack(0x000000005f8d0000,0x000000005f9d0000)]
  0x0000000060380800 JavaThread "heartbeat-receiver-event-loop-thread" daemon [_thread_blocked, id=8508, stack(0x000000005f5a0000,0x000000005f6a0000)]
  0x000000005a9b3800 JavaThread "SparkUI-41" daemon [_thread_blocked, id=2992, stack(0x000000005f110000,0x000000005f210000)]
  0x000000005a9b3000 JavaThread "SparkUI-40" daemon [_thread_blocked, id=11360, stack(0x000000005ef60000,0x000000005f060000)]
  0x000000005a9b2000 JavaThread "SparkUI-39" daemon [_thread_blocked, id=11556, stack(0x000000005ee60000,0x000000005ef60000)]
  0x000000005a9b1800 JavaThread "SparkUI-38" daemon [_thread_blocked, id=1844, stack(0x000000005ec80000,0x000000005ed80000)]
  0x000000005a9b0800 JavaThread "SparkUI-37" daemon [_thread_blocked, id=9608, stack(0x000000005e830000,0x000000005e930000)]
  0x000000005a9b0000 JavaThread "SparkUI-36-acceptor-0@421aaacf-Spark@67427b69{HTTP/1.1,[http/1.1]}{0.0.0.0:4040}" daemon [_thread_in_native, id=12676, stack(0x000000005ea80000,0x000000005eb80000)]
  0x000000005a9af000 JavaThread "SparkUI-35" daemon [_thread_in_native, id=10596, stack(0x000000005e720000,0x000000005e820000)]
  0x000000005a9ae800 JavaThread "SparkUI-34" daemon [_thread_in_native, id=10988, stack(0x000000005e5e0000,0x000000005e6e0000)]
  0x000000005a9ad800 JavaThread "map-output-dispatcher-7" daemon [_thread_blocked, id=7688, stack(0x000000005d450000,0x000000005d550000)]
  0x000000005a9ad000 JavaThread "map-output-dispatcher-6" daemon [_thread_blocked, id=12644, stack(0x000000005e2a0000,0x000000005e3a0000)]
  0x000000005a9ac000 JavaThread "map-output-dispatcher-5" daemon [_thread_blocked, id=7212, stack(0x000000005e070000,0x000000005e170000)]
  0x000000005a9ab800 JavaThread "map-output-dispatcher-4" daemon [_thread_blocked, id=10140, stack(0x000000005de60000,0x000000005df60000)]
  0x000000005a9aa800 JavaThread "map-output-dispatcher-3" daemon [_thread_blocked, id=6460, stack(0x000000005dd30000,0x000000005de30000)]
  0x000000005a9aa000 JavaThread "map-output-dispatcher-2" daemon [_thread_blocked, id=9048, stack(0x000000005dbb0000,0x000000005dcb0000)]
  0x000000005a9a9000 JavaThread "map-output-dispatcher-1" daemon [_thread_blocked, id=9256, stack(0x000000005daa0000,0x000000005dba0000)]
  0x000000005a9a8800 JavaThread "map-output-dispatcher-0" daemon [_thread_blocked, id=13120, stack(0x000000005d8b0000,0x000000005d9b0000)]
  0x000000005a9a7800 JavaThread "rpc-server-3-1" daemon [_thread_in_native, id=12868, stack(0x000000005b130000,0x000000005b230000)]
  0x000000005a9a7000 JavaThread "dispatcher-event-loop-3" daemon [_thread_blocked, id=11208, stack(0x000000005d5a0000,0x000000005d6a0000)]
  0x000000005a9a6000 JavaThread "dispatcher-event-loop-2" daemon [_thread_blocked, id=8132, stack(0x000000005d320000,0x000000005d420000)]
  0x000000005a9a5800 JavaThread "dispatcher-event-loop-1" daemon [_thread_blocked, id=11788, stack(0x0000000059500000,0x0000000059600000)]
  0x000000005a9a4800 JavaThread "dispatcher-event-loop-0" daemon [_thread_blocked, id=9292, stack(0x000000005b350000,0x000000005b450000)]
  0x000000005a95f000 JavaThread "Abandoned connection cleanup thread" daemon [_thread_blocked, id=3880, stack(0x000000005b600000,0x000000005b700000)]
  0x0000000058d28800 JavaThread "Service Thread" daemon [_thread_blocked, id=12376, stack(0x00000000592e0000,0x00000000593e0000)]
  0x0000000058ccb800 JavaThread "C1 CompilerThread2" daemon [_thread_blocked, id=11672, stack(0x0000000059630000,0x0000000059730000)]
  0x0000000058cbf000 JavaThread "C2 CompilerThread1" daemon [_thread_blocked, id=11876, stack(0x0000000059400000,0x0000000059500000)]
  0x0000000058cac000 JavaThread "C2 CompilerThread0" daemon [_thread_blocked, id=6368, stack(0x00000000590b0000,0x00000000591b0000)]
  0x0000000058ca6800 JavaThread "Attach Listener" daemon [_thread_blocked, id=11744, stack(0x00000000591b0000,0x00000000592b0000)]
  0x000000005788f000 JavaThread "Signal Dispatcher" daemon [_thread_blocked, id=7380, stack(0x0000000058780000,0x0000000058880000)]
  0x0000000057873800 JavaThread "Finalizer" daemon [_thread_blocked, id=11172, stack(0x0000000058ba0000,0x0000000058ca0000)]
  0x000000005782c800 JavaThread "Reference Handler" daemon [_thread_blocked, id=9800, stack(0x0000000058a80000,0x0000000058b80000)]
=>0x0000000001f70800 JavaThread "main" [_thread_in_native, id=11324, stack(0x00000000025d0000,0x00000000026d0000)]

Other Threads:
  0x0000000057825000 VMThread [stack: 0x0000000058950000,0x0000000058a50000] [id=9944]
  0x0000000058d8f800 WatcherThread [stack: 0x0000000059830000,0x0000000059930000] [id=11040]

VM state:not at safepoint (normal execution)

VM Mutex/Monitor currently owned by a thread: None

Heap:
 PSYoungGen      total 660480K, used 597156K [0x00000000d5d80000, 0x0000000100000000, 0x0000000100000000)
  eden space 643584K, 90% used [0x00000000d5d80000,0x00000000f9485a70,0x00000000fd200000)
  from space 16896K, 97% used [0x00000000fd200000,0x00000000fe223670,0x00000000fe280000)
  to   space 24064K, 0% used [0x00000000fe880000,0x00000000fe880000,0x0000000100000000)
 ParOldGen       total 110080K, used 48824K [0x0000000081800000, 0x0000000088380000, 0x00000000d5d80000)
  object space 110080K, 44% used [0x0000000081800000,0x00000000847ae328,0x0000000088380000)
 Metaspace       used 82237K, capacity 84118K, committed 84264K, reserved 1122304K
  class space    used 11327K, capacity 11739K, committed 11824K, reserved 1048576K

Card table byte_map: [0x0000000011d60000,0x0000000012160000] byte_map_base: 0x0000000011954000

Marking Bits: (ParMarkBitMap*) 0x000000007069b6d0
 Begin Bits: [0x0000000012b50000, 0x0000000014af0000)
 End Bits:   [0x0000000014af0000, 0x0000000016a90000)

Polling page: 0x0000000002030000

CodeCache: size=245760Kb used=46479Kb max_used=46976Kb free=199280Kb
 bounds [0x00000000029a0000, 0x00000000057d0000, 0x00000000119a0000]
 total_blobs=14345 nmethods=13603 adapters=650
 compilation: enabled

Compilation events (10 events):
Event: 274.639 Thread 0x0000000058cbf000 16657       4       org.apache.spark.ContextCleaner$$anonfun$org$apache$spark$ContextCleaner$$keepCleaning$1$$anonfun$1::<init> (5 bytes)
Event: 274.639 Thread 0x0000000058cbf000 nmethod 16657 0x00000000057a1b10 code [0x00000000057a1c40, 0x00000000057a1c98]
Event: 274.748 Thread 0x0000000058cac000 16658       4       org.apache.spark.ContextCleaner$$anonfun$org$apache$spark$ContextCleaner$$keepCleaning$1$$anonfun$apply$mcV$sp$1::<init> (16 bytes)
Event: 274.749 Thread 0x0000000058cac000 nmethod 16658 0x0000000005670b50 code [0x0000000005670c80, 0x0000000005670cf8]
Event: 307.716 Thread 0x0000000058ccb800 16659       3       java.util.concurrent.locks.AbstractQueuedSynchronizer$ConditionObject::addConditionWaiter (64 bytes)
Event: 307.717 Thread 0x0000000058ccb800 nmethod 16659 0x0000000003a03690 code [0x0000000003a03820, 0x0000000003a03c48]
Event: 315.069 Thread 0x0000000058cac000 16660       4       java.util.concurrent.locks.AbstractQueuedSynchronizer::isOnSyncQueue (33 bytes)
Event: 315.070 Thread 0x0000000058cac000 nmethod 16660 0x00000000037bbdd0 code [0x00000000037bbf00, 0x00000000037bbfb8]
Event: 335.059 Thread 0x0000000058ccb800 16661       3       org.apache.spark.scheduler.SparkListener::onExecutorMetricsUpdate (1 bytes)
Event: 335.059 Thread 0x0000000058ccb800 nmethod 16661 0x0000000004645550 code [0x00000000046456a0, 0x00000000046457f0]

GC Heap History (10 events):
Event: 47.496 GC heap before
{Heap before GC invocations=26 (full 3):
 PSYoungGen      total 669696K, used 663431K [0x00000000d5d80000, 0x0000000100000000, 0x0000000100000000)
  eden space 650752K, 99% used [0x00000000d5d80000,0x00000000fd64ef50,0x00000000fd900000)
  from space 18944K, 81% used [0x00000000fed80000,0x00000000ffc92f18,0x0000000100000000)
  to   space 19968K, 0% used [0x00000000fd900000,0x00000000fd900000,0x00000000fec80000)
 ParOldGen       total 110080K, used 43489K [0x0000000081800000, 0x0000000088380000, 0x00000000d5d80000)
  object space 110080K, 39% used [0x0000000081800000,0x0000000084278760,0x0000000088380000)
 Metaspace       used 81224K, capacity 82842K, committed 83112K, reserved 1120256K
  class space    used 11244K, capacity 11591K, committed 11696K, reserved 1048576K
Event: 47.510 GC heap after
Heap after GC invocations=26 (full 3):
 PSYoungGen      total 667136K, used 15894K [0x00000000d5d80000, 0x0000000100000000, 0x0000000100000000)
  eden space 650752K, 0% used [0x00000000d5d80000,0x00000000d5d80000,0x00000000fd900000)
  from space 16384K, 97% used [0x00000000fd900000,0x00000000fe8858e0,0x00000000fe900000)
  to   space 20992K, 0% used [0x00000000feb80000,0x00000000feb80000,0x0000000100000000)
 ParOldGen       total 110080K, used 44400K [0x0000000081800000, 0x0000000088380000, 0x00000000d5d80000)
  object space 110080K, 40% used [0x0000000081800000,0x000000008435c328,0x0000000088380000)
 Metaspace       used 81224K, capacity 82842K, committed 83112K, reserved 1120256K
  class space    used 11244K, capacity 11591K, committed 11696K, reserved 1048576K
}
Event: 48.975 GC heap before
{Heap before GC invocations=27 (full 3):
 PSYoungGen      total 667136K, used 666646K [0x00000000d5d80000, 0x0000000100000000, 0x0000000100000000)
  eden space 650752K, 100% used [0x00000000d5d80000,0x00000000fd900000,0x00000000fd900000)
  from space 16384K, 97% used [0x00000000fd900000,0x00000000fe8858e0,0x00000000fe900000)
  to   space 20992K, 0% used [0x00000000feb80000,0x00000000feb80000,0x0000000100000000)
 ParOldGen       total 110080K, used 44400K [0x0000000081800000, 0x0000000088380000, 0x00000000d5d80000)
  object space 110080K, 40% used [0x0000000081800000,0x000000008435c328,0x0000000088380000)
 Metaspace       used 81428K, capacity 83096K, committed 83368K, reserved 1120256K
  class space    used 11261K, capacity 11622K, committed 11696K, reserved 1048576K
Event: 48.996 GC heap after
Heap after GC invocations=27 (full 3):
 PSYoungGen      total 666624K, used 16434K [0x00000000d5d80000, 0x0000000100000000, 0x0000000100000000)
  eden space 645632K, 0% used [0x00000000d5d80000,0x00000000d5d80000,0x00000000fd400000)
  from space 20992K, 78% used [0x00000000feb80000,0x00000000ffb8caf8,0x0000000100000000)
  to   space 22528K, 0% used [0x00000000fd400000,0x00000000fd400000,0x00000000fea00000)
 ParOldGen       total 110080K, used 45304K [0x0000000081800000, 0x0000000088380000, 0x00000000d5d80000)
  object space 110080K, 41% used [0x0000000081800000,0x000000008443e328,0x0000000088380000)
 Metaspace       used 81428K, capacity 83096K, committed 83368K, reserved 1120256K
  class space    used 11261K, capacity 11622K, committed 11696K, reserved 1048576K
}
Event: 50.404 GC heap before
{Heap before GC invocations=28 (full 3):
 PSYoungGen      total 666624K, used 662066K [0x00000000d5d80000, 0x0000000100000000, 0x0000000100000000)
  eden space 645632K, 100% used [0x00000000d5d80000,0x00000000fd400000,0x00000000fd400000)
  from space 20992K, 78% used [0x00000000feb80000,0x00000000ffb8caf8,0x0000000100000000)
  to   space 22528K, 0% used [0x00000000fd400000,0x00000000fd400000,0x00000000fea00000)
 ParOldGen       total 110080K, used 45304K [0x0000000081800000, 0x0000000088380000, 0x00000000d5d80000)
  object space 110080K, 41% used [0x0000000081800000,0x000000008443e328,0x0000000088380000)
 Metaspace       used 81656K, capacity 83410K, committed 83624K, reserved 1122304K
  class space    used 11278K, capacity 11653K, committed 11696K, reserved 1048576K
Event: 50.423 GC heap after
Heap after GC invocations=28 (full 3):
 PSYoungGen      total 662528K, used 16647K [0x00000000d5d80000, 0x0000000100000000, 0x0000000100000000)
  eden space 645632K, 0% used [0x00000000d5d80000,0x00000000d5d80000,0x00000000fd400000)
  from space 16896K, 98% used [0x00000000fd400000,0x00000000fe441fb0,0x00000000fe480000)
  to   space 23040K, 0% used [0x00000000fe980000,0x00000000fe980000,0x0000000100000000)
 ParOldGen       total 110080K, used 46432K [0x0000000081800000, 0x0000000088380000, 0x00000000d5d80000)
  object space 110080K, 42% used [0x0000000081800000,0x0000000084558328,0x0000000088380000)
 Metaspace       used 81656K, capacity 83410K, committed 83624K, reserved 1122304K
  class space    used 11278K, capacity 11653K, committed 11696K, reserved 1048576K
}
Event: 51.883 GC heap before
{Heap before GC invocations=29 (full 3):
 PSYoungGen      total 662528K, used 660324K [0x00000000d5d80000, 0x0000000100000000, 0x0000000100000000)
  eden space 645632K, 99% used [0x00000000d5d80000,0x00000000fd2171e8,0x00000000fd400000)
  from space 16896K, 98% used [0x00000000fd400000,0x00000000fe441fb0,0x00000000fe480000)
  to   space 23040K, 0% used [0x00000000fe980000,0x00000000fe980000,0x0000000100000000)
 ParOldGen       total 110080K, used 46432K [0x0000000081800000, 0x0000000088380000, 0x00000000d5d80000)
  object space 110080K, 42% used [0x0000000081800000,0x0000000084558328,0x0000000088380000)
 Metaspace       used 81831K, capacity 83654K, committed 83880K, reserved 1122304K
  class space    used 11296K, capacity 11683K, committed 11696K, reserved 1048576K
Event: 51.905 GC heap after
Heap after GC invocations=29 (full 3):
 PSYoungGen      total 666624K, used 16601K [0x00000000d5d80000, 0x0000000100000000, 0x0000000100000000)
  eden space 643584K, 0% used [0x00000000d5d80000,0x00000000d5d80000,0x00000000fd200000)
  from space 23040K, 72% used [0x00000000fe980000,0x00000000ff9b6548,0x0000000100000000)
  to   space 23552K, 0% used [0x00000000fd200000,0x00000000fd200000,0x00000000fe900000)
 ParOldGen       total 110080K, used 47544K [0x0000000081800000, 0x0000000088380000, 0x00000000d5d80000)
  object space 110080K, 43% used [0x0000000081800000,0x000000008466e328,0x0000000088380000)
 Metaspace       used 81831K, capacity 83654K, committed 83880K, reserved 1122304K
  class space    used 11296K, capacity 11683K, committed 11696K, reserved 1048576K
}
Event: 53.186 GC heap before
{Heap before GC invocations=30 (full 3):
 PSYoungGen      total 666624K, used 660185K [0x00000000d5d80000, 0x0000000100000000, 0x0000000100000000)
  eden space 643584K, 100% used [0x00000000d5d80000,0x00000000fd200000,0x00000000fd200000)
  from space 23040K, 72% used [0x00000000fe980000,0x00000000ff9b6548,0x0000000100000000)
  to   space 23552K, 0% used [0x00000000fd200000,0x00000000fd200000,0x00000000fe900000)
 ParOldGen       total 110080K, used 47544K [0x0000000081800000, 0x0000000088380000, 0x00000000d5d80000)
  object space 110080K, 43% used [0x0000000081800000,0x000000008466e328,0x0000000088380000)
 Metaspace       used 82039K, capacity 83898K, committed 84264K, reserved 1122304K
  class space    used 11312K, capacity 11713K, committed 11824K, reserved 1048576K
Event: 53.225 GC heap after
Heap after GC invocations=30 (full 3):
 PSYoungGen      total 660480K, used 16525K [0x00000000d5d80000, 0x0000000100000000, 0x0000000100000000)
  eden space 643584K, 0% used [0x00000000d5d80000,0x00000000d5d80000,0x00000000fd200000)
  from space 16896K, 97% used [0x00000000fd200000,0x00000000fe223670,0x00000000fe280000)
  to   space 24064K, 0% used [0x00000000fe880000,0x00000000fe880000,0x0000000100000000)
 ParOldGen       total 110080K, used 48824K [0x0000000081800000, 0x0000000088380000, 0x00000000d5d80000)
  object space 110080K, 44% used [0x0000000081800000,0x00000000847ae328,0x0000000088380000)
 Metaspace       used 82039K, capacity 83898K, committed 84264K, reserved 1122304K
  class space    used 11312K, capacity 11713K, committed 11824K, reserved 1048576K
}

Deoptimization events (10 events):
Event: 114.356 Thread 0x000000006074d800 Uncommon trap: reason=unstable_if action=reinterpret pc=0x0000000004f4a7d4 method=java.util.concurrent.SynchronousQueue.poll(JLjava/util/concurrent/TimeUnit;)Ljava/lang/Object; @ 18
Event: 114.357 Thread 0x000000005a8d2800 Uncommon trap: reason=unstable_if action=reinterpret pc=0x00000000040cf418 method=java.util.concurrent.SynchronousQueue$TransferStack.awaitFulfill(Ljava/util/concurrent/SynchronousQueue$TransferStack$SNode;ZJ)Ljava/util/concurrent/SynchronousQueue$Transfe
Event: 114.357 Thread 0x000000005a8d2800 Uncommon trap: reason=unstable_if action=reinterpret pc=0x0000000004f4a7d4 method=java.util.concurrent.SynchronousQueue.poll(JLjava/util/concurrent/TimeUnit;)Ljava/lang/Object; @ 18
Event: 114.357 Thread 0x0000000060754000 Uncommon trap: reason=unstable_if action=reinterpret pc=0x00000000040cf418 method=java.util.concurrent.SynchronousQueue$TransferStack.awaitFulfill(Ljava/util/concurrent/SynchronousQueue$TransferStack$SNode;ZJ)Ljava/util/concurrent/SynchronousQueue$Transfe
Event: 114.357 Thread 0x0000000060754000 Uncommon trap: reason=unstable_if action=reinterpret pc=0x0000000004f4a7d4 method=java.util.concurrent.SynchronousQueue.poll(JLjava/util/concurrent/TimeUnit;)Ljava/lang/Object; @ 18
Event: 114.357 Thread 0x0000000060514000 Uncommon trap: reason=unstable_if action=reinterpret pc=0x00000000040cf418 method=java.util.concurrent.SynchronousQueue$TransferStack.awaitFulfill(Ljava/util/concurrent/SynchronousQueue$TransferStack$SNode;ZJ)Ljava/util/concurrent/SynchronousQueue$Transfe
Event: 114.357 Thread 0x0000000060514000 Uncommon trap: reason=unstable_if action=reinterpret pc=0x0000000004f4a7d4 method=java.util.concurrent.SynchronousQueue.poll(JLjava/util/concurrent/TimeUnit;)Ljava/lang/Object; @ 18
Event: 115.067 Thread 0x0000000060382000 Uncommon trap: reason=unstable_if action=reinterpret pc=0x0000000005720cc8 method=java.util.concurrent.locks.AbstractQueuedSynchronizer$ConditionObject.addConditionWaiter()Ljava/util/concurrent/locks/AbstractQueuedSynchronizer$Node; @ 15
Event: 127.563 Thread 0x000000005a9b0800 Uncommon trap: reason=unstable_if action=reinterpret pc=0x00000000040aefc4 method=java.util.concurrent.locks.AbstractQueuedSynchronizer$ConditionObject.addConditionWaiter()Ljava/util/concurrent/locks/AbstractQueuedSynchronizer$Node; @ 15
Event: 307.591 Thread 0x000000005a9b3000 Uncommon trap: reason=unstable_if action=reinterpret pc=0x0000000004969b3c method=java.util.concurrent.locks.AbstractQueuedSynchronizer.enq(Ljava/util/concurrent/locks/AbstractQueuedSynchronizer$Node;)Ljava/util/concurrent/locks/AbstractQueuedSynchronizer

Internal exceptions (10 events):
Event: 113.330 Thread 0x000000005a8d4000 Implicit null exception at 0x0000000004f49e07 to 0x0000000004f4a7c1
Event: 114.230 Thread 0x000000006074d000 Implicit null exception at 0x0000000004f49e07 to 0x0000000004f4a7c1
Event: 114.230 Thread 0x0000000060751800 Implicit null exception at 0x0000000004f49e07 to 0x0000000004f4a7c1
Event: 114.230 Thread 0x0000000060750000 Implicit null exception at 0x0000000004f49e07 to 0x0000000004f4a7c1
Event: 114.354 Thread 0x000000006050f800 Implicit null exception at 0x0000000004f49e07 to 0x0000000004f4a7c1
Event: 114.355 Thread 0x000000006050f000 Implicit null exception at 0x0000000004f49e07 to 0x0000000004f4a7c1
Event: 114.356 Thread 0x000000006074d800 Implicit null exception at 0x0000000004f49e07 to 0x0000000004f4a7c1
Event: 114.357 Thread 0x000000005a8d2800 Implicit null exception at 0x0000000004f49e07 to 0x0000000004f4a7c1
Event: 114.357 Thread 0x0000000060754000 Implicit null exception at 0x0000000004f49e07 to 0x0000000004f4a7c1
Event: 114.357 Thread 0x0000000060514000 Implicit null exception at 0x0000000004f49e07 to 0x0000000004f4a7c1

Events (10 events):
Event: 199.777 Thread 0x0000000058ccb800 flushing nmethod 0x00000000048b0b90
Event: 199.777 Thread 0x0000000058ccb800 flushing nmethod 0x00000000048b4410
Event: 199.777 Thread 0x0000000058ccb800 flushing nmethod 0x00000000048c05d0
Event: 199.777 Thread 0x0000000058ccb800 flushing nmethod 0x0000000004910a90
Event: 199.780 Thread 0x0000000058ccb800 flushing nmethod 0x0000000004e08850
Event: 199.780 Thread 0x0000000058ccb800 flushing nmethod 0x0000000004f396d0
Event: 199.782 Thread 0x0000000058ccb800 flushing nmethod 0x0000000005435d90
Event: 307.591 Thread 0x000000005a9b3000 Uncommon trap: trap_request=0xffffff65 fr.pc=0x0000000004969b3c
Event: 307.591 Thread 0x000000005a9b3000 DEOPT PACKING pc=0x0000000004969b3c sp=0x000000005f05f460
Event: 307.591 Thread 0x000000005a9b3000 DEOPT UNPACKING pc=0x00000000029e582a sp=0x000000005f05f400 mode 2


Dynamic libraries:
0x000000013ffe0000 - 0x0000000140017000 	C:\Program Files\Java\jdk1.8.0_121\bin\javaw.exe
0x0000000077230000 - 0x00000000773da000 	C:\windows\SYSTEM32\ntdll.dll
0x0000000077110000 - 0x000000007722f000 	C:\windows\system32\kernel32.dll
0x000007fefd1e0000 - 0x000007fefd24a000 	C:\windows\system32\KERNELBASE.dll
0x000007fefec50000 - 0x000007fefed2b000 	C:\windows\system32\ADVAPI32.dll
0x000007fefe220000 - 0x000007fefe2bf000 	C:\windows\system32\msvcrt.dll
0x000007fefe8a0000 - 0x000007fefe8bf000 	C:\windows\SYSTEM32\sechost.dll
0x000007feff220000 - 0x000007feff34d000 	C:\windows\system32\RPCRT4.dll
0x0000000077010000 - 0x000000007710a000 	C:\windows\system32\USER32.dll
0x000007fefd2e0000 - 0x000007fefd347000 	C:\windows\system32\GDI32.dll
0x000007fefd480000 - 0x000007fefd48e000 	C:\windows\system32\LPK.dll
0x000007fefd350000 - 0x000007fefd41b000 	C:\windows\system32\USP10.dll
0x000007fefc770000 - 0x000007fefc964000 	C:\windows\WinSxS\amd64_microsoft.windows.common-controls_6595b64144ccf1df_6.0.7601.18837_none_fa3b1e3d17594757\COMCTL32.dll
0x000007fefe820000 - 0x000007fefe891000 	C:\windows\system32\SHLWAPI.dll
0x000007feff1f0000 - 0x000007feff21e000 	C:\windows\system32\IMM32.DLL
0x000007feff430000 - 0x000007feff539000 	C:\windows\system32\MSCTF.dll
0x0000000068000000 - 0x000000006805e000 	C:\windows\System32\QIPCAP64.dll
0x000007fefd490000 - 0x000007fefe21a000 	C:\windows\system32\SHELL32.dll
0x000007fefc220000 - 0x000007fefc27b000 	C:\windows\system32\DNSAPI.dll
0x000007fefe8c0000 - 0x000007fefe90d000 	C:\windows\system32\WS2_32.dll
0x000007feff000000 - 0x000007feff008000 	C:\windows\system32\NSI.dll
0x0000000078e50000 - 0x0000000078f22000 	C:\Program Files\Java\jdk1.8.0_121\jre\bin\msvcr100.dll
0x000000006fe80000 - 0x000000007071b000 	C:\Program Files\Java\jdk1.8.0_121\jre\bin\server\jvm.dll
0x000007fefac50000 - 0x000007fefac59000 	C:\windows\system32\WSOCK32.dll
0x000007fefa4f0000 - 0x000007fefa52b000 	C:\windows\system32\WINMM.dll
0x000007fefc470000 - 0x000007fefc47c000 	C:\windows\system32\VERSION.dll
0x0000000077400000 - 0x0000000077407000 	C:\windows\system32\PSAPI.DLL
0x0000000063e10000 - 0x0000000063e1f000 	C:\Program Files\Java\jdk1.8.0_121\jre\bin\verify.dll
0x000000005f240000 - 0x000000005f269000 	C:\Program Files\Java\jdk1.8.0_121\jre\bin\java.dll
0x000000005eba0000 - 0x000000005ebb6000 	C:\Program Files\Java\jdk1.8.0_121\jre\bin\zip.dll
0x000007fefea30000 - 0x000007fefec2c000 	C:\windows\system32\ole32.dll
0x000007fefcf30000 - 0x000007fefcf3f000 	C:\windows\system32\profapi.dll
0x000000005ea10000 - 0x000000005ea2a000 	C:\Program Files\Java\jdk1.8.0_121\jre\bin\net.dll
0x000007fefc4c0000 - 0x000007fefc515000 	C:\windows\system32\mswsock.dll
0x000007fefc590000 - 0x000007fefc597000 	C:\windows\System32\wship6.dll
0x000000006f930000 - 0x000000006f941000 	C:\Program Files\Java\jdk1.8.0_121\jre\bin\nio.dll
0x000007fefcd60000 - 0x000007fefcdb7000 	C:\windows\system32\apphelp.dll
0x0000000063e00000 - 0x0000000063e0d000 	C:\Program Files\Java\jdk1.8.0_121\jre\bin\management.dll
0x000007fefb050000 - 0x000007fefb065000 	C:\windows\system32\NLAapi.dll
0x000007feee830000 - 0x000007feee845000 	C:\windows\system32\napinsp.dll
0x000007feee810000 - 0x000007feee829000 	C:\windows\system32\pnrpnsp.dll
0x000007feee800000 - 0x000007feee80b000 	C:\windows\System32\winrnr.dll
0x000007feee7f0000 - 0x000007feee800000 	C:\windows\system32\wshbth.dll
0x000007fefb900000 - 0x000007fefb907000 	C:\windows\System32\wshtcpip.dll
0x000007fefac20000 - 0x000007fefac47000 	C:\windows\system32\IPHLPAPI.DLL
0x000007fefac10000 - 0x000007fefac1b000 	C:\windows\system32\WINNSI.DLL
0x000007fef7590000 - 0x000007fef7598000 	C:\windows\system32\rasadhlp.dll
0x000007fefbd70000 - 0x000007fefbdc3000 	C:\windows\System32\fwpuclnt.dll
0x000007fec75e0000 - 0x000007fec8360000 	C:\Code\DataAnalysisBB\dataanalysis\SFResourceAllocator\lib\jniortools.dll
0x000007fee6fc0000 - 0x000007fee705c000 	C:\windows\system32\MSVCP140.dll
0x000007fefa070000 - 0x000007fefa086000 	C:\windows\system32\VCRUNTIME140.dll
0x000007fefa0d0000 - 0x000007fefa0d4000 	C:\windows\system32\api-ms-win-crt-runtime-l1-1-0.dll
0x000007fee7840000 - 0x000007fee7934000 	C:\windows\system32\ucrtbase.DLL
0x000007fee7830000 - 0x000007fee7833000 	C:\windows\system32\api-ms-win-core-timezone-l1-1-0.dll
0x000007fee7820000 - 0x000007fee7823000 	C:\windows\system32\api-ms-win-core-file-l2-1-0.dll
0x000007fee7810000 - 0x000007fee7813000 	C:\windows\system32\api-ms-win-core-localization-l1-2-0.dll
0x000007fee7130000 - 0x000007fee7133000 	C:\windows\system32\api-ms-win-core-synch-l1-2-0.dll
0x000007fee7800000 - 0x000007fee7803000 	C:\windows\system32\api-ms-win-core-processthreads-l1-1-1.dll
0x000007fee77f0000 - 0x000007fee77f3000 	C:\windows\system32\api-ms-win-core-file-l1-2-0.dll
0x000007fef8630000 - 0x000007fef8634000 	C:\windows\system32\api-ms-win-crt-string-l1-1-0.dll
0x000007fef8590000 - 0x000007fef8593000 	C:\windows\system32\api-ms-win-crt-heap-l1-1-0.dll
0x000007fee9eb0000 - 0x000007fee9eb4000 	C:\windows\system32\api-ms-win-crt-stdio-l1-1-0.dll
0x000007feed1c0000 - 0x000007feed1c4000 	C:\windows\system32\api-ms-win-crt-convert-l1-1-0.dll
0x000007fee7960000 - 0x000007fee7963000 	C:\windows\system32\api-ms-win-crt-locale-l1-1-0.dll
0x000007fee7950000 - 0x000007fee7955000 	C:\windows\system32\api-ms-win-crt-math-l1-1-0.dll
0x000007fee7940000 - 0x000007fee7945000 	C:\windows\system32\api-ms-win-crt-multibyte-l1-1-0.dll
0x000007fee7100000 - 0x000007fee7103000 	C:\windows\system32\api-ms-win-crt-time-l1-1-0.dll
0x000007fee70f0000 - 0x000007fee70f3000 	C:\windows\system32\api-ms-win-crt-filesystem-l1-1-0.dll
0x000007fee6f60000 - 0x000007fee6f63000 	C:\windows\system32\api-ms-win-crt-environment-l1-1-0.dll
0x000007fee6f50000 - 0x000007fee6f53000 	C:\windows\system32\api-ms-win-crt-utility-l1-1-0.dll
0x000007fefc390000 - 0x000007fefc3a8000 	C:\windows\system32\CRYPTSP.dll
0x000007fefc140000 - 0x000007fefc187000 	C:\windows\system32\rsaenh.dll
0x000007fefcf40000 - 0x000007fefcf5e000 	C:\windows\system32\USERENV.dll
0x000007fefcdc0000 - 0x000007fefcdcf000 	C:\windows\system32\CRYPTBASE.dll
0x000007fef8550000 - 0x000007fef8568000 	C:\windows\system32\dhcpcsvc.DLL
0x000007fef8530000 - 0x000007fef8541000 	C:\windows\system32\dhcpcsvc6.DLL
0x0000000063b50000 - 0x0000000063b59000 	C:\Program Files\Java\jdk1.8.0_121\jre\bin\w2k_lsa_auth.dll
0x000007fefccf0000 - 0x000007fefccfb000 	C:\windows\system32\Secur32.dll
0x000007fefcd30000 - 0x000007fefcd55000 	C:\windows\system32\SSPICLI.DLL
0x000000005fa90000 - 0x000000005fa99000 	C:\Program Files\Java\jdk1.8.0_121\jre\bin\jaas_nt.dll
0x0000000012620000 - 0x000000001264d000 	C:\Users\conluc0\AppData\Local\Temp\liblz4-java8028887106480273171.so
0x000007fefba00000 - 0x000007fefbb25000 	C:\windows\system32\dbghelp.dll

VM Arguments:
jvm_args: -Djava.library.path=C:\Code\DataAnalysisBB\dataanalysis\SFResourceAllocator\lib -Dfile.encoding=Cp1252 
java_command: com.saiglobal.sf.allocator.main.ResourceAllocator -ai com.saiglobal.sf.allocator.implementation.StoreSchedulingPizzaHut -includePipeline false -logLevel DEBUG
java_class_path (initial): C:\Code\DataAnalysisBB\dataanalysis\SFResourceAllocator\target\classes;C:\Code\DataAnalysis\SFResourceAllocator\lib\org.apache.log4j_1.2.13.v200903072027.jar;C:\Code\DataAnalysisBB\dataanalysis\SFCore\bin;C:\Code\DataAnalysis\SFCore\lib\commons-cli-1.2.jar;C:\Code\DataAnalysis\SFCore\lib\commons-logging-1.1.3.jar;C:\Code\DataAnalysis\SFCore\lib\geocoder-java-0.15.jar;C:\Code\DataAnalysis\SFCore\lib\gson-2.2.4.jar;C:\Code\DataAnalysis\SFCore\lib\org.apache.log4j_1.2.13.v200903072027.jar;C:\Code\DataAnalysis\SFCore\lib\jsch-0.1.50.jar;C:\Code\DataAnalysis\SFCore\lib\sqljdbc4.jar;C:\Code\DataAnalysis\SFCore\lib\javax.mail.jar;C:\Code\DataAnalysis\SFCore\lib\mysql-connector-java-5.1.35-bin.jar;C:\Code\DataAnalysis\SFCore\lib\commons-lang-2.5.jar;C:\Code\DataAnalysis\SFCore\lib\force-wsc-32.0.0.jar;C:\Code\DataAnalysis\SFCore\lib\wsc.partner.32.jar;C:\Code\DataAnalysisBB\dataanalysis\SFResourceAllocator\lib\com.google.ortools.jar;C:\Code\DataAnalysisBB\dataanalysis\SFResourceAllocator\lib\protobuf.jar;C:\Code\DataAnalysisBB\dataanalysis\SFResourceAllocator\lib\commons-lang-2.5.jar;C:\Code\DataAnalysisBB\dataanalysis\SFReportEngine\lib\poi-3.11.jar;C:\Code\DataAnalysisBB\dataanalysis\SFReportEngine\lib\poi-ooxml-3.11.jar;C:\Code\DataAnalysisBB\dataanalysis\SFReportEngine\lib\poi-ooxml-schemas-3.11.jar;C:\Code\DataAnalysisBB\dataanalysis\SFReportEngine\lib\poi-scratchpad-3.11.jar;C:\Code\DataAnalysisBB\dataanalysis\SFReportEngine\lib\xmlbeans-2.6.0.jar;C:\Users\conluc0\.m2\repository\com\sparkjava\spark-core\2.6.0.RC0\spark-core-2.6.0.RC0.jar;C:\Users\conluc0\.m2\repository\org\slf4j\slf4j-api\1.7.13\slf4j-api-1.7.13.jar;C:\Users\conluc0\.m2\repository\org\eclipse\jetty\jetty-server\9.4.4.v20170414\jetty-server-9.4.4.v20170414.jar;C:\Users\conluc0\.m2\repository\javax\servlet\javax.servlet-api\3.1.0\javax.servlet-api-3.1.0.jar;C:\Users\conluc0\.m2\repository\org\eclipse\jetty\jetty-http\9.4.4.v20170414\jetty-http-9.4.4.v20170414.jar;C:\Users\co
Launcher Type: SUN_STANDARD

Environment Variables:
JAVA_HOME=C:\Program Files\Java\jre1.8.0_121
PATH=C:/Program Files/Java/jre1.8.0_121/bin/server;C:/Program Files/Java/jre1.8.0_121/bin;C:/Program Files/Java/jre1.8.0_121/lib/amd64;C:\gurobi702\win64\bin;C:\Program Files\Microsoft MPI\Bin\;C:\ProgramData\Oracle\Java\javapath;C:\windows\system32;C:\windows;C:\windows\System32\Wbem;C:\windows\System32\WindowsPowerShell\v1.0\;C:\Program Files (x86)\Common Files\Roxio Shared\DLLShared\;C:\Program Files (x86)\Common Files\Roxio Shared\10.0\DLLShared\;C:\Program Files (x86)\ATI Technologies\ATI.ACE\Core-Static;C:\Program Files (x86)\MySQL\MySQL Utilities 1.4\;C:\Program Files (x86)\MySQL\MySQL Utilities 1.4\Doctrine extensions for PHP\;C:\TDM-GCC-64\bin;C:\Program Files\Microsoft SQL Server\130\Tools\Binn\;C:\Program Files\Anaconda3;C:\Program Files\Anaconda3\Scripts;C:\Program Files\Anaconda3\Library\bin;C:\Program Files\Git\cmd;C:\Program Files (x86)\Microsoft Visual Studio\2017\Community\Common7\Tools\;C:\Users\conluc0\Downloads\or-tools-master\tools\;C:\Program Files\TortoiseSVN\bin;C:\Program Files\CMake\bin;C:\Program Files\Java\jdk1.8.0_121\bin;C:\Program Files\Microsoft SQL Server\110\Tools\Binn\;C:\Program Files (x86)\Microsoft SDKs\TypeScript\1.0\;C:\Program Files\Microsoft SQL Server\120\Tools\Binn\;C:\Windows\System32;C:\Program Files\nodejs\;C:\maven\apache-maven-3.5.0\bin;C:\Program Files (x86)\Microsoft SQL Server\Client SDK\ODBC\130\Tools\Binn\;C:\Program Files (x86)\Microsoft SQL Server\140\Tools\Binn\;C:\Program Files (x86)\Microsoft SQL Server\140\DTS\Binn\;C:\Program Files (x86)\Microsoft SQL Server\140\Tools\Binn\ManagementStudio\;C:\ProgramData\chocolatey\bin;C:\Users\conluc0\AppData\Local\Continuum\Anaconda;C:\Users\conluc0\AppData\Local\Continuum\Anaconda\Scripts;C:\TDM-GCC-64\bin;C:\Users\conluc0\AppData\Local\GitHubDesktop\bin;C:\Users\conluc0\AppData\Roaming\npm;C:\eclipse;
USERNAME=conluc0
OS=Windows_NT
PROCESSOR_IDENTIFIER=Intel64 Family 6 Model 69 Stepping 1, GenuineIntel



---------------  S Y S T E M  ---------------

OS: Windows 7 , 64 bit Build 7601 (6.1.7601.23915)

CPU:total 4 (2 cores per cpu, 2 threads per core) family 6 model 69 stepping 1, cmov, cx8, fxsr, mmx, sse, sse2, sse3, ssse3, sse4.1, sse4.2, popcnt, avx, avx2, aes, clmul, erms, lzcnt, ht, tsc, tscinvbit, bmi1, bmi2

Memory: 4k page, physical 8283244k(2556940k free), swap 16564628k(10343632k free)

vm_info: Java HotSpot(TM) 64-Bit Server VM (25.121-b13) for windows-amd64 JRE (1.8.0_121-b13), built on Dec 12 2016 18:21:36 by "java_re" with MS VC++ 10.0 (VS2010)

time: Wed Nov 22 12:47:14 2017
elapsed time: 395 seconds (0d 0h 6m 35s)

