#
# A fatal error has been detected by the Java Runtime Environment:
#
#  EXCEPTION_ACCESS_VIOLATION (0xc0000005) at pc=0x000007feca361b20, pid=12004, tid=1188
#
# JRE version: Java(TM) SE Runtime Environment (8.0_91-b14) (build 1.8.0_91-b14)
# Java VM: Java HotSpot(TM) 64-Bit Server VM (25.91-b14 mixed mode windows-amd64 compressed oops)
# Problematic frame:
# C  [jniortools.dll+0x441b20]
#
# Failed to write core dump. Minidumps are not enabled by default on client versions of Windows
#
# If you would like to submit a bug report, please visit:
#   http://bugreport.java.com/bugreport/crash.jsp
# The crash happened outside the Java Virtual Machine in native code.
# See problematic frame for where to report the bug.
#

---------------  T H R E A D  ---------------

Current thread (0x00000000024ff000):  JavaThread "main" [_thread_in_native, id=1188, stack(0x0000000002670000,0x0000000002770000)]

siginfo: ExceptionCode=0xc0000005, reading address 0x0000000000000000

Registers:
RAX=0x0000000000000000, RBX=0x00000000003e7940, RCX=0x405e8a66457f0000, RDX=0x000007fee86755f0
RSP=0x000000000276f400, RBP=0x000000000276f500, RSI=0x0000000000000000, RDI=0x0000000000000000
R8 =0x000000000276db58, R9 =0x000000005cf87d91, R10=0x0000000000000000, R11=0x000000000276f3c0
R12=0x0000000000000001, R13=0x000000005cf76a10, R14=0x0000000000000000, R15=0x0000000000000000
RIP=0x000007feca361b20, EFLAGS=0x0000000000010206

Top of Stack: (sp=0x000000000276f400)
0x000000000276f400:   3fe0000000000000 000000000276f468
0x000000000276f410:   00000000003e7940 0000000000000000
0x000000000276f420:   0000000000000000 0000000100000000
0x000000000276f430:   0000000000000000 00000000003e7940
0x000000000276f440:   0000000000000000 fffffffffffffffe
0x000000000276f450:   0000000058e8f140 0000000000000000
0x000000000276f460:   0000000000000000 0000000000000000
0x000000000276f470:   0000000000000000 0000000000000000
0x000000000276f480:   0000000000000000 0000000000000000
0x000000000276f490:   000000000276f500 0000000000000000
0x000000000276f4a0:   0000000000000000 0000405e8810b17f
0x000000000276f4b0:   0000000000000000 0000000000000000
0x000000000276f4c0:   0000000000000000 0000000000000000
0x000000000276f4d0:   0000000000000000 0000000000000000
0x000000000276f4e0:   0000000000000000 0000000000000000
0x000000000276f4f0:   0000000000000000 0000000000000000 

Instructions: (pc=0x000007feca361b20)
0x000007feca361b00:   0f b6 64 24 2c 66 66 66 0f 1f 84 00 00 00 00 00
0x000007feca361b10:   48 8b 83 b0 00 00 00 4e 8b 2c f8 48 8b 44 24 68
0x000007feca361b20:   f2 46 0f 10 04 f8 41 0f 28 fb 49 8b 5d 08 48 8b
0x000007feca361b30:   1b 49 8b 7d 08 48 3b df 74 61 66 0f 1f 44 00 00 


Register to memory mapping:

RAX=0x0000000000000000 is an unknown value
RBX=0x00000000003e7940 is an unknown value
RCX=0x405e8a66457f0000 is an unknown value
RDX=0x000007fee86755f0 is an unknown value
RSP=0x000000000276f400 is pointing into the stack for thread: 0x00000000024ff000
RBP=0x000000000276f500 is pointing into the stack for thread: 0x00000000024ff000
RSI=0x0000000000000000 is an unknown value
RDI=0x0000000000000000 is an unknown value
R8 =0x000000000276db58 is pointing into the stack for thread: 0x00000000024ff000
R9 =0x000000005cf87d91 is an unknown value
R10=0x0000000000000000 is an unknown value
R11=0x000000000276f3c0 is pointing into the stack for thread: 0x00000000024ff000
R12=0x0000000000000001 is an unknown value
R13=0x000000005cf76a10 is an unknown value
R14=0x0000000000000000 is an unknown value
R15=0x0000000000000000 is an unknown value


Stack: [0x0000000002670000,0x0000000002770000],  sp=0x000000000276f400,  free space=1021k
Native frames: (J=compiled Java code, j=interpreted, Vv=VM code, C=native code)
C  [jniortools.dll+0x441b20]
C  0x0000000002a60fcc

Java frames: (J=compiled Java code, j=interpreted, Vv=VM code)
j  com.google.ortools.linearsolver.operations_research_linear_solverJNI.MPSolver_verifySolution(JLcom/google/ortools/linearsolver/MPSolver;DZ)Z+0
j  com.google.ortools.linearsolver.MPSolver.verifySolution(DZ)Z+7
j  com.saiglobal.sf.allocator.processor.MIPProcessor.schedule(Ljava/util/List;Ljava/util/List;)Ljava/util/List;+367
j  com.saiglobal.sf.allocator.processor.AbstractProcessor.execute()V+123
j  com.saiglobal.sf.allocator.main.ResourceAllocator.main([Ljava/lang/String;)V+305
v  ~StubRoutines::call_stub

---------------  P R O C E S S  ---------------

Java Threads: ( => current thread )
  0x0000000059107000 JavaThread "Abandoned connection cleanup thread" daemon [_thread_blocked, id=444, stack(0x000000005a800000,0x000000005a900000)]
  0x0000000058f0b000 JavaThread "Service Thread" daemon [_thread_blocked, id=10040, stack(0x0000000059e30000,0x0000000059f30000)]
  0x0000000058e96000 JavaThread "C1 CompilerThread2" daemon [_thread_blocked, id=6660, stack(0x0000000059c50000,0x0000000059d50000)]
  0x0000000058e94000 JavaThread "C2 CompilerThread1" daemon [_thread_blocked, id=1608, stack(0x0000000058b20000,0x0000000058c20000)]
  0x0000000058e90000 JavaThread "C2 CompilerThread0" daemon [_thread_blocked, id=12952, stack(0x0000000059a40000,0x0000000059b40000)]
  0x0000000058e80800 JavaThread "JDWP Command Reader" daemon [_thread_in_native, id=13148, stack(0x0000000059830000,0x0000000059930000)]
  0x0000000058e7e800 JavaThread "JDWP Event Helper Thread" daemon [_thread_blocked, id=9720, stack(0x0000000059650000,0x0000000059750000)]
  0x0000000058e71800 JavaThread "JDWP Transport Listener: dt_socket" daemon [_thread_blocked, id=1860, stack(0x0000000059420000,0x0000000059520000)]
  0x000000005762f000 JavaThread "Attach Listener" daemon [_thread_blocked, id=11192, stack(0x0000000058d70000,0x0000000058e70000)]
  0x000000005762d800 JavaThread "Signal Dispatcher" daemon [_thread_blocked, id=12408, stack(0x0000000058c40000,0x0000000058d40000)]
  0x000000005760b800 JavaThread "Finalizer" daemon [_thread_blocked, id=3920, stack(0x0000000058a20000,0x0000000058b20000)]
  0x00000000575c2800 JavaThread "Reference Handler" daemon [_thread_blocked, id=8012, stack(0x0000000058780000,0x0000000058880000)]
=>0x00000000024ff000 JavaThread "main" [_thread_in_native, id=1188, stack(0x0000000002670000,0x0000000002770000)]

Other Threads:
  0x00000000575bb000 VMThread [stack: 0x0000000058650000,0x0000000058750000] [id=12624]
  0x0000000058f39000 WatcherThread [stack: 0x0000000059b50000,0x0000000059c50000] [id=10896]

VM state:not at safepoint (normal execution)

VM Mutex/Monitor currently owned by a thread: None

Heap:
 PSYoungGen      total 38400K, used 29064K [0x00000000d5d80000, 0x00000000d8800000, 0x0000000100000000)
  eden space 33280K, 71% used [0x00000000d5d80000,0x00000000d74e4bb8,0x00000000d7e00000)
  from space 5120K, 99% used [0x00000000d8300000,0x00000000d87fd500,0x00000000d8800000)
  to   space 5120K, 0% used [0x00000000d7e00000,0x00000000d7e00000,0x00000000d8300000)
 ParOldGen       total 87552K, used 3560K [0x0000000081800000, 0x0000000086d80000, 0x00000000d5d80000)
  object space 87552K, 4% used [0x0000000081800000,0x0000000081b7a118,0x0000000086d80000)
 Metaspace       used 12069K, capacity 12190K, committed 12416K, reserved 1060864K
  class space    used 1241K, capacity 1307K, committed 1408K, reserved 1048576K

Card table byte_map: [0x0000000011e00000,0x0000000012200000] byte_map_base: 0x00000000119f4000

Marking Bits: (ParMarkBitMap*) 0x00000000708f2f70
 Begin Bits: [0x00000000128f0000, 0x0000000014890000)
 End Bits:   [0x0000000014890000, 0x0000000016830000)

Polling page: 0x0000000001ec0000

CodeCache: size=245760Kb used=5315Kb max_used=5326Kb free=240444Kb
 bounds [0x0000000002a40000, 0x0000000002f80000, 0x0000000011a40000]
 total_blobs=1803 nmethods=1405 adapters=319
 compilation: enabled

Compilation events (10 events):
Event: 166.788 Thread 0x0000000058e96000 1438       3       com.google.ortools.linearsolver.MPSolver::makeConstraint (34 bytes)
Event: 166.788 Thread 0x0000000058e96000 nmethod 1438 0x0000000002b62850 code [0x0000000002b629e0, 0x0000000002b62d28]
Event: 166.788 Thread 0x0000000058e96000 1440       3       com.google.ortools.linearsolver.MPConstraint::<init> (15 bytes)
Event: 166.788 Thread 0x0000000058e96000 nmethod 1440 0x0000000002b62410 code [0x0000000002b62580, 0x0000000002b62770]
Event: 166.799 Thread 0x0000000058e94000 1441       4       com.google.ortools.linearsolver.MPVariable::getCPtr (13 bytes)
Event: 166.799 Thread 0x0000000058e96000 1442       3       com.google.ortools.linearsolver.MPObjective::setCoefficient (15 bytes)
Event: 166.800 Thread 0x0000000058e96000 nmethod 1442 0x0000000002f74410 code [0x0000000002f74580, 0x0000000002f74808]
Event: 166.800 Thread 0x0000000058e94000 nmethod 1441 0x0000000002b41e90 code [0x0000000002b41fc0, 0x0000000002b42018]
Event: 166.801 Thread 0x0000000058e90000 1444       4       com.google.ortools.linearsolver.MPObjective::setCoefficient (15 bytes)
Event: 166.802 Thread 0x0000000058e90000 nmethod 1444 0x0000000002f775d0 code [0x0000000002f77720, 0x0000000002f777c8]

GC Heap History (4 events):
Event: 111.390 GC heap before
{Heap before GC invocations=1 (full 0):
 PSYoungGen      total 38400K, used 33280K [0x00000000d5d80000, 0x00000000d8800000, 0x0000000100000000)
  eden space 33280K, 100% used [0x00000000d5d80000,0x00000000d7e00000,0x00000000d7e00000)
  from space 5120K, 0% used [0x00000000d8300000,0x00000000d8300000,0x00000000d8800000)
  to   space 5120K, 0% used [0x00000000d7e00000,0x00000000d7e00000,0x00000000d8300000)
 ParOldGen       total 87552K, used 0K [0x0000000081800000, 0x0000000086d80000, 0x00000000d5d80000)
  object space 87552K, 0% used [0x0000000081800000,0x0000000081800000,0x0000000086d80000)
 Metaspace       used 10878K, capacity 11020K, committed 11264K, reserved 1058816K
  class space    used 1119K, capacity 1176K, committed 1280K, reserved 1048576K
Event: 111.400 GC heap after
Heap after GC invocations=1 (full 0):
 PSYoungGen      total 38400K, used 5111K [0x00000000d5d80000, 0x00000000d8800000, 0x0000000100000000)
  eden space 33280K, 0% used [0x00000000d5d80000,0x00000000d5d80000,0x00000000d7e00000)
  from space 5120K, 99% used [0x00000000d7e00000,0x00000000d82fdcc0,0x00000000d8300000)
  to   space 5120K, 0% used [0x00000000d8300000,0x00000000d8300000,0x00000000d8800000)
 ParOldGen       total 87552K, used 1638K [0x0000000081800000, 0x0000000086d80000, 0x00000000d5d80000)
  object space 87552K, 1% used [0x0000000081800000,0x0000000081999ba8,0x0000000086d80000)
 Metaspace       used 10878K, capacity 11020K, committed 11264K, reserved 1058816K
  class space    used 1119K, capacity 1176K, committed 1280K, reserved 1048576K
}
Event: 166.643 GC heap before
{Heap before GC invocations=2 (full 0):
 PSYoungGen      total 38400K, used 38391K [0x00000000d5d80000, 0x00000000d8800000, 0x0000000100000000)
  eden space 33280K, 100% used [0x00000000d5d80000,0x00000000d7e00000,0x00000000d7e00000)
  from space 5120K, 99% used [0x00000000d7e00000,0x00000000d82fdcc0,0x00000000d8300000)
  to   space 5120K, 0% used [0x00000000d8300000,0x00000000d8300000,0x00000000d8800000)
 ParOldGen       total 87552K, used 1638K [0x0000000081800000, 0x0000000086d80000, 0x00000000d5d80000)
  object space 87552K, 1% used [0x0000000081800000,0x0000000081999ba8,0x0000000086d80000)
 Metaspace       used 12004K, capacity 12158K, committed 12288K, reserved 1060864K
  class space    used 1235K, capacity 1275K, committed 1280K, reserved 1048576K
Event: 166.653 GC heap after
Heap after GC invocations=2 (full 0):
 PSYoungGen      total 38400K, used 5109K [0x00000000d5d80000, 0x00000000d8800000, 0x0000000100000000)
  eden space 33280K, 0% used [0x00000000d5d80000,0x00000000d5d80000,0x00000000d7e00000)
  from space 5120K, 99% used [0x00000000d8300000,0x00000000d87fd500,0x00000000d8800000)
  to   space 5120K, 0% used [0x00000000d7e00000,0x00000000d7e00000,0x00000000d8300000)
 ParOldGen       total 87552K, used 3560K [0x0000000081800000, 0x0000000086d80000, 0x00000000d5d80000)
  object space 87552K, 4% used [0x0000000081800000,0x0000000081b7a118,0x0000000086d80000)
 Metaspace       used 12004K, capacity 12158K, committed 12288K, reserved 1060864K
  class space    used 1235K, capacity 1275K, committed 1280K, reserved 1048576K
}

Deoptimization events (10 events):
Event: 20.903 Thread 0x00000000024ff000 Uncommon trap: reason=unstable_if action=reinterpret pc=0x0000000002cbc6e0 method=sun.misc.MetaIndex.mayContain(Ljava/lang/String;)Z @ 38
Event: 20.906 Thread 0x00000000024ff000 Uncommon trap: reason=unstable_if action=reinterpret pc=0x0000000002cac160 method=sun.misc.MetaIndex.mayContain(Ljava/lang/String;)Z @ 38
Event: 111.377 Thread 0x00000000024ff000 Uncommon trap: reason=unstable_if action=reinterpret pc=0x0000000002c65ea4 method=java.util.HashMap.putVal(ILjava/lang/Object;Ljava/lang/Object;ZZ)Ljava/lang/Object; @ 94
Event: 145.337 Thread 0x00000000024ff000 Uncommon trap: reason=class_check action=maybe_recompile pc=0x0000000002e35460 method=java.util.concurrent.ConcurrentHashMap.get(Ljava/lang/Object;)Ljava/lang/Object; @ 149
Event: 148.580 Thread 0x00000000024ff000 Uncommon trap: reason=unstable_if action=reinterpret pc=0x0000000002e9dcf8 method=java.util.BitSet.get(I)Z @ 60
Event: 148.582 Thread 0x00000000024ff000 Uncommon trap: reason=predicate action=maybe_recompile pc=0x0000000002e812dc method=sun.nio.cs.ThreadLocalCoders$Cache.forName(Ljava/lang/Object;)Ljava/lang/Object; @ 42
Event: 148.582 Thread 0x00000000024ff000 Uncommon trap: reason=unstable_if action=reinterpret pc=0x0000000002e84d28 method=sun.nio.cs.ThreadLocalCoders$1.hasName(Ljava/lang/Object;Ljava/lang/Object;)Z @ 4
Event: 162.222 Thread 0x00000000024ff000 Uncommon trap: reason=unstable_if action=reinterpret pc=0x0000000002c32dfc method=sun.nio.cs.UTF_8$Encoder.encode([CII[B)I @ 33
Event: 166.617 Thread 0x00000000024ff000 Uncommon trap: reason=class_check action=maybe_recompile pc=0x0000000002ea8ac8 method=com.mysql.jdbc.ResultSetImpl.getObject(I)Ljava/lang/Object; @ 18
Event: 166.617 Thread 0x00000000024ff000 Uncommon trap: reason=class_check action=maybe_recompile pc=0x0000000002ea8ac8 method=com.mysql.jdbc.ResultSetImpl.getObject(I)Ljava/lang/Object; @ 18

Internal exceptions (10 events):
Event: 0.542 Thread 0x00000000024ff000 Exception <a 'java/lang/ClassNotFoundException': org/apache/log4j/WriterAppenderCustomizer> (0x00000000d63402c8) thrown at [C:\re\workspace\8-2-build-windows-amd64-cygwin\jdk8u91\6644\hotspot\src\share\vm\classfile\systemDictionary.cpp, line 210]
Event: 0.544 Thread 0x00000000024ff000 Exception <a 'java/lang/ClassNotFoundException': org/apache/log4j/FileAppenderCustomizer> (0x00000000d6353ab0) thrown at [C:\re\workspace\8-2-build-windows-amd64-cygwin\jdk8u91\6644\hotspot\src\share\vm\classfile\systemDictionary.cpp, line 210]
Event: 0.548 Thread 0x00000000024ff000 Exception <a 'java/lang/ClassNotFoundException': org/apache/log4j/RollingFileAppenderCustomizer> (0x00000000d6367380) thrown at [C:\re\workspace\8-2-build-windows-amd64-cygwin\jdk8u91\6644\hotspot\src\share\vm\classfile\systemDictionary.cpp, line 210]
Event: 0.557 Thread 0x00000000024ff000 Exception <a 'java/lang/ClassNotFoundException': org/apache/log4j/ConsoleAppenderBeanInfo> (0x00000000d6390a90) thrown at [C:\re\workspace\8-2-build-windows-amd64-cygwin\jdk8u91\6644\hotspot\src\share\vm\classfile\systemDictionary.cpp, line 210]
Event: 0.557 Thread 0x00000000024ff000 Exception <a 'java/lang/ClassNotFoundException': org/apache/log4j/ConsoleAppenderCustomizer> (0x00000000d6397360) thrown at [C:\re\workspace\8-2-build-windows-amd64-cygwin\jdk8u91\6644\hotspot\src\share\vm\classfile\systemDictionary.cpp, line 210]
Event: 17.549 Thread 0x00000000024ff000 Implicit null exception at 0x0000000002c42789 to 0x0000000002c42ba9
Event: 20.945 Thread 0x00000000024ff000 Exception <a 'java/lang/NoSuchFieldError': method resolution failed> (0x00000000d6f65930) thrown at [C:\re\workspace\8-2-build-windows-amd64-cygwin\jdk8u91\6644\hotspot\src\share\vm\prims\methodHandles.cpp, line 1146]
Event: 20.952 Thread 0x00000000024ff000 Exception <a 'java/lang/NoSuchFieldError': method resolution failed> (0x00000000d6f72c88) thrown at [C:\re\workspace\8-2-build-windows-amd64-cygwin\jdk8u91\6644\hotspot\src\share\vm\prims\methodHandles.cpp, line 1146]
Event: 151.297 Thread 0x00000000024ff000 Exception <a 'java/lang/ArrayIndexOutOfBoundsException'> (0x00000000d76aba08) thrown at [C:\re\workspace\8-2-build-windows-amd64-cygwin\jdk8u91\6644\hotspot\src\share\vm\runtime\sharedRuntime.cpp, line 605]
Event: 151.298 Thread 0x00000000024ff000 Exception <a 'java/lang/ArrayIndexOutOfBoundsException'> (0x00000000d76b22a8) thrown at [C:\re\workspace\8-2-build-windows-amd64-cygwin\jdk8u91\6644\hotspot\src\share\vm\runtime\sharedRuntime.cpp, line 605]

Events (10 events):
Event: 247.154 Executing VM operation: GetOrSetLocal
Event: 247.154 Executing VM operation: GetOrSetLocal done
Event: 250.267 Executing VM operation: EnterInterpOnlyMode
Event: 250.267 Executing VM operation: EnterInterpOnlyMode done
Event: 250.267 Executing VM operation: GetCurrentLocation
Event: 250.267 Executing VM operation: GetCurrentLocation done
Event: 250.267 Executing VM operation: ChangeSingleStep
Event: 250.267 Executing VM operation: ChangeSingleStep done
Event: 250.268 Executing VM operation: ChangeSingleStep
Event: 250.268 Executing VM operation: ChangeSingleStep done


Dynamic libraries:
0x000000013fd90000 - 0x000000013fdc7000 	C:\Program Files\Java\jre1.8.0_91\bin\javaw.exe
0x0000000077540000 - 0x00000000776ea000 	C:\windows\SYSTEM32\ntdll.dll
0x0000000077320000 - 0x000000007743f000 	C:\windows\system32\kernel32.dll
0x000007fefd2e0000 - 0x000007fefd34a000 	C:\windows\system32\KERNELBASE.dll
0x000007fefdaf0000 - 0x000007fefdbcb000 	C:\windows\system32\ADVAPI32.dll
0x000007fefdce0000 - 0x000007fefdd7f000 	C:\windows\system32\msvcrt.dll
0x000007fefe030000 - 0x000007fefe04f000 	C:\windows\SYSTEM32\sechost.dll
0x000007fefd7b0000 - 0x000007fefd8dd000 	C:\windows\system32\RPCRT4.dll
0x0000000077440000 - 0x000000007753a000 	C:\windows\system32\USER32.dll
0x000007fefd650000 - 0x000007fefd6b7000 	C:\windows\system32\GDI32.dll
0x000007fefd7a0000 - 0x000007fefd7ae000 	C:\windows\system32\LPK.dll
0x000007fefe050000 - 0x000007fefe11a000 	C:\windows\system32\USP10.dll
0x000007fefcab0000 - 0x000007fefcca4000 	C:\windows\WinSxS\amd64_microsoft.windows.common-controls_6595b64144ccf1df_6.0.7601.18837_none_fa3b1e3d17594757\COMCTL32.dll
0x000007fefde20000 - 0x000007fefde91000 	C:\windows\system32\SHLWAPI.dll
0x000007fefdd80000 - 0x000007fefddae000 	C:\windows\system32\IMM32.DLL
0x000007fefdbd0000 - 0x000007fefdcd9000 	C:\windows\system32\MSCTF.dll
0x0000000068000000 - 0x0000000068056000 	C:\windows\system32\QIPCAP64.DLL
0x000007fefe600000 - 0x000007feff38a000 	C:\windows\system32\SHELL32.dll
0x000007fefc5d0000 - 0x000007fefc62b000 	C:\windows\system32\DNSAPI.dll
0x000007fefe1c0000 - 0x000007fefe20d000 	C:\windows\system32\WS2_32.dll
0x000007fefddb0000 - 0x000007fefddb8000 	C:\windows\system32\NSI.dll
0x0000000077ba0000 - 0x0000000077c72000 	C:\Program Files\Java\jre1.8.0_91\bin\msvcr100.dll
0x00000000700e0000 - 0x0000000070973000 	C:\Program Files\Java\jre1.8.0_91\bin\server\jvm.dll
0x000007fefbe70000 - 0x000007fefbe79000 	C:\windows\system32\WSOCK32.dll
0x000007fefc160000 - 0x000007fefc19b000 	C:\windows\system32\WINMM.dll
0x000007fefc3b0000 - 0x000007fefc3bc000 	C:\windows\system32\VERSION.dll
0x0000000077700000 - 0x0000000077707000 	C:\windows\system32\PSAPI.DLL
0x00000000660b0000 - 0x00000000660bf000 	C:\Program Files\Java\jre1.8.0_91\bin\verify.dll
0x0000000062e60000 - 0x0000000062e89000 	C:\Program Files\Java\jre1.8.0_91\bin\java.dll
0x0000000064370000 - 0x00000000643a5000 	C:\Program Files\Java\jre1.8.0_91\bin\jdwp.dll
0x00000000681b0000 - 0x00000000681b8000 	C:\Program Files\Java\jre1.8.0_91\bin\npt.dll
0x0000000066090000 - 0x00000000660a6000 	C:\Program Files\Java\jre1.8.0_91\bin\zip.dll
0x000007fefd8e0000 - 0x000007fefdae3000 	C:\windows\system32\ole32.dll
0x000007fefd270000 - 0x000007fefd27f000 	C:\windows\system32\profapi.dll
0x0000000068130000 - 0x0000000068139000 	C:\Program Files\Java\jre1.8.0_91\bin\dt_socket.dll
0x000007fefc9c0000 - 0x000007fefc9d5000 	C:\windows\system32\NLAapi.dll
0x000007feefb20000 - 0x000007feefb35000 	C:\windows\system32\napinsp.dll
0x000007feefb00000 - 0x000007feefb19000 	C:\windows\system32\pnrpnsp.dll
0x000007fefc750000 - 0x000007fefc7a5000 	C:\windows\System32\mswsock.dll
0x000007feefaf0000 - 0x000007feefafb000 	C:\windows\System32\winrnr.dll
0x000007feefae0000 - 0x000007feefaf0000 	C:\windows\system32\wshbth.dll
0x000007fefbec0000 - 0x000007fefbee7000 	C:\windows\system32\IPHLPAPI.DLL
0x000007fefbeb0000 - 0x000007fefbebb000 	C:\windows\system32\WINNSI.DLL
0x000007fef8940000 - 0x000007fef8993000 	C:\windows\System32\fwpuclnt.dll
0x000007fef6e90000 - 0x000007fef6e98000 	C:\windows\system32\rasadhlp.dll
0x000007fefbc60000 - 0x000007fefbc67000 	C:\windows\System32\wshtcpip.dll
0x0000000063660000 - 0x000000006367a000 	C:\Program Files\Java\jre1.8.0_91\bin\net.dll
0x000007fefc740000 - 0x000007fefc747000 	C:\windows\System32\wship6.dll
0x000007fec9f20000 - 0x000007fecaca0000 	C:\Code\DataAnalysisBB\dataanalysis\SFResourceAllocator\lib\jniortools.dll
0x000007fee88a0000 - 0x000007fee893f000 	C:\windows\system32\MSVCP140.dll
0x000007feedad0000 - 0x000007feedae7000 	C:\windows\system32\VCRUNTIME140.dll
0x000007fefa6b0000 - 0x000007fefa6b4000 	C:\windows\system32\api-ms-win-crt-runtime-l1-1-0.dll
0x000007fee8590000 - 0x000007fee8684000 	C:\windows\system32\ucrtbase.DLL
0x000007fefa6e0000 - 0x000007fefa6e3000 	C:\windows\system32\api-ms-win-core-timezone-l1-1-0.dll
0x000007fefa480000 - 0x000007fefa483000 	C:\windows\system32\api-ms-win-core-file-l2-1-0.dll
0x000007fef9e50000 - 0x000007fef9e53000 	C:\windows\system32\api-ms-win-core-localization-l1-2-0.dll
0x000007fef8a30000 - 0x000007fef8a33000 	C:\windows\system32\api-ms-win-core-synch-l1-2-0.dll
0x000007fef0130000 - 0x000007fef0133000 	C:\windows\system32\api-ms-win-core-processthreads-l1-1-1.dll
0x000007feeeef0000 - 0x000007feeeef3000 	C:\windows\system32\api-ms-win-core-file-l1-2-0.dll
0x000007feeeec0000 - 0x000007feeeec4000 	C:\windows\system32\api-ms-win-crt-string-l1-1-0.dll
0x000007feee830000 - 0x000007feee833000 	C:\windows\system32\api-ms-win-crt-heap-l1-1-0.dll
0x000007feee170000 - 0x000007feee174000 	C:\windows\system32\api-ms-win-crt-stdio-l1-1-0.dll
0x000007feede90000 - 0x000007feede94000 	C:\windows\system32\api-ms-win-crt-convert-l1-1-0.dll
0x000007feed800000 - 0x000007feed803000 	C:\windows\system32\api-ms-win-crt-locale-l1-1-0.dll
0x000007feed7f0000 - 0x000007feed7f5000 	C:\windows\system32\api-ms-win-crt-math-l1-1-0.dll
0x000007feed7e0000 - 0x000007feed7e5000 	C:\windows\system32\api-ms-win-crt-multibyte-l1-1-0.dll
0x000007feed7d0000 - 0x000007feed7d3000 	C:\windows\system32\api-ms-win-crt-time-l1-1-0.dll
0x000007feed7c0000 - 0x000007feed7c3000 	C:\windows\system32\api-ms-win-crt-filesystem-l1-1-0.dll
0x000007feed7b0000 - 0x000007feed7b3000 	C:\windows\system32\api-ms-win-crt-environment-l1-1-0.dll
0x000007feed390000 - 0x000007feed393000 	C:\windows\system32\api-ms-win-crt-utility-l1-1-0.dll
0x000007fefaa50000 - 0x000007fefab75000 	C:\windows\system32\dbghelp.dll

VM Arguments:
jvm_args: -agentlib:jdwp=transport=dt_socket,suspend=y,address=localhost:60227 -Djava.library.path=lib -Dfile.encoding=Cp1252 
java_command: com.saiglobal.sf.allocator.main.ResourceAllocator -ai com.saiglobal.sf.allocator.implementation.ResourceAllocatorMIPUK -includePipeline false -logLevel DEBUG
java_class_path (initial): C:\Code\DataAnalysisBB\dataanalysis\SFResourceAllocator\bin;C:\Code\DataAnalysis\SFResourceAllocator\lib\org.apache.log4j_1.2.13.v200903072027.jar;C:\Code\DataAnalysisBB\dataanalysis\SFCore\bin;C:\Code\DataAnalysis\SFCore\lib\commons-cli-1.2.jar;C:\Code\DataAnalysis\SFCore\lib\commons-logging-1.1.3.jar;C:\Code\DataAnalysis\SFCore\lib\geocoder-java-0.15.jar;C:\Code\DataAnalysis\SFCore\lib\gson-2.2.4.jar;C:\Code\DataAnalysis\SFCore\lib\org.apache.log4j_1.2.13.v200903072027.jar;C:\Code\DataAnalysis\SFCore\lib\jsch-0.1.50.jar;C:\Code\DataAnalysis\SFCore\lib\sqljdbc4.jar;C:\Code\DataAnalysis\SFCore\lib\javax.mail.jar;C:\Code\DataAnalysis\SFCore\lib\mysql-connector-java-5.1.35-bin.jar;C:\Code\DataAnalysis\SFCore\lib\commons-lang-2.5.jar;C:\Code\DataAnalysis\SFCore\lib\force-wsc-32.0.0.jar;C:\Code\DataAnalysis\SFCore\lib\wsc.partner.32.jar;C:\Code\DataAnalysisBB\dataanalysis\SFResourceAllocator\lib\com.google.ortools.jar;C:\Code\DataAnalysisBB\dataanalysis\SFResourceAllocator\lib\protobuf.jar
Launcher Type: SUN_STANDARD

Environment Variables:
PATH=C:/Program Files/Java/jre1.8.0_91/bin/server;C:/Program Files/Java/jre1.8.0_91/bin;C:/Program Files/Java/jre1.8.0_91/lib/amd64;C:\ProgramData\Oracle\Java\javapath;C:\windows\system32;C:\windows;C:\windows\System32\Wbem;C:\windows\System32\WindowsPowerShell\v1.0\;C:\Program Files (x86)\Common Files\Roxio Shared\DLLShared\;C:\Program Files (x86)\Common Files\Roxio Shared\10.0\DLLShared\;C:\Program Files (x86)\ATI Technologies\ATI.ACE\Core-Static;C:\Program Files (x86)\MySQL\MySQL Utilities 1.4\;C:\Program Files (x86)\MySQL\MySQL Utilities 1.4\Doctrine extensions for PHP\;C:\Program Files\nodejs\;C:\TDM-GCC-64\bin;C:\Users\conluc0\AppData\Local\Continuum\Anaconda;C:\Users\conluc0\AppData\Local\Continuum\Anaconda\Scripts;C:\Users\conluc0\AppData\Roaming\npm;C:\TDM-GCC-64\bin;C:\eclipse;
USERNAME=conluc0
OS=Windows_NT
PROCESSOR_IDENTIFIER=Intel64 Family 6 Model 69 Stepping 1, GenuineIntel



---------------  S Y S T E M  ---------------

OS: Windows 7 , 64 bit Build 7601 (6.1.7601.23569)

CPU:total 4 (2 cores per cpu, 2 threads per core) family 6 model 69 stepping 1, cmov, cx8, fxsr, mmx, sse, sse2, sse3, ssse3, sse4.1, sse4.2, popcnt, avx, avx2, aes, clmul, erms, lzcnt, ht, tsc, tscinvbit, bmi1, bmi2

Memory: 4k page, physical 8283244k(912028k free), swap 16564628k(8018296k free)

vm_info: Java HotSpot(TM) 64-Bit Server VM (25.91-b14) for windows-amd64 JRE (1.8.0_91-b14), built on Apr  1 2016 00:58:32 by "java_re" with MS VC++ 10.0 (VS2010)

time: Fri Jan 27 11:40:43 2017
elapsed time: 254 seconds (0d 0h 4m 14s)

