#
# A fatal error has been detected by the Java Runtime Environment:
#
#  EXCEPTION_ACCESS_VIOLATION (0xc0000005) at pc=0x000007fecba01b20, pid=10332, tid=0x0000000000002d1c
#
# JRE version: Java(TM) SE Runtime Environment (8.0_121-b13) (build 1.8.0_121-b13)
# Java VM: Java HotSpot(TM) 64-Bit Server VM (25.121-b13 mixed mode windows-amd64 compressed oops)
# Problematic frame:
# C  [jniortools.dll+0x441b20]
#
# Failed to write core dump. Minidumps are not enabled by default on client versions of Windows
#
# If you would like to submit a bug report, please visit:
#   http://bugreport.java.com/bugreport/crash.jsp
# The crash happened outside the Java Virtual Machine in native code.
# See problematic frame for where to report the bug.
#

---------------  T H R E A D  ---------------

Current thread (0x0000000001d9e000):  JavaThread "main" [_thread_in_native, id=11548, stack(0x00000000025f0000,0x00000000026f0000)]

siginfo: ExceptionCode=0xc0000005, reading address 0x0000000000000000

Registers:
RAX=0x0000000000000000, RBX=0x0000000000337f20, RCX=0xe5d1403d448a0000, RDX=0x000007fed31655f0
RSP=0x00000000026eeaa0, RBP=0x00000000026eeba0, RSI=0x0000000000000000, RDI=0x0000000000000000
R8 =0x00000000026ed1f8, R9 =0x000000000033b2e1, R10=0x0000000000000000, R11=0x00000000026eea60
R12=0x0000000000000001, R13=0x00000000002fe6c0, R14=0x0000000000000000, R15=0x0000000000000000
RIP=0x000007fecba01b20, EFLAGS=0x0000000000010202

Top of Stack: (sp=0x00000000026eeaa0)
0x00000000026eeaa0:   3fe0000000000000 00000000026eeb08
0x00000000026eeab0:   0000000000337f20 0000000000000000
0x00000000026eeac0:   0000000000000000 0000000100000000
0x00000000026eead0:   0000000000000000 0000000000337f20
0x00000000026eeae0:   0000000000000000 fffffffffffffffe
0x00000000026eeaf0:   00000000591a3520 0000000000000000
0x00000000026eeb00:   0000000000000000 0000000000000000
0x00000000026eeb10:   0000000000000000 0000000000000000
0x00000000026eeb20:   0000000000000000 0000000000000000
0x00000000026eeb30:   00000000026eeb00 0000000000000000
0x00000000026eeb40:   0000000000000000 0000e5d14253ae2a
0x00000000026eeb50:   0000000000000000 0000000000000000
0x00000000026eeb60:   0000000000000000 0000000000000000
0x00000000026eeb70:   0000000000000000 0000000000000000
0x00000000026eeb80:   0000000000000000 0000000000000000
0x00000000026eeb90:   0000000000000001 0000000000000000 

Instructions: (pc=0x000007fecba01b20)
0x000007fecba01b00:   0f b6 64 24 2c 66 66 66 0f 1f 84 00 00 00 00 00
0x000007fecba01b10:   48 8b 83 b0 00 00 00 4e 8b 2c f8 48 8b 44 24 68
0x000007fecba01b20:   f2 46 0f 10 04 f8 41 0f 28 fb 49 8b 5d 08 48 8b
0x000007fecba01b30:   1b 49 8b 7d 08 48 3b df 74 61 66 0f 1f 44 00 00 


Register to memory mapping:

RAX=0x0000000000000000 is an unknown value
RBX=0x0000000000337f20 is an unknown value
RCX=0xe5d1403d448a0000 is an unknown value
RDX=0x000007fed31655f0 is an unknown value
RSP=0x00000000026eeaa0 is pointing into the stack for thread: 0x0000000001d9e000
RBP=0x00000000026eeba0 is pointing into the stack for thread: 0x0000000001d9e000
RSI=0x0000000000000000 is an unknown value
RDI=0x0000000000000000 is an unknown value
R8 =0x00000000026ed1f8 is pointing into the stack for thread: 0x0000000001d9e000
R9 =0x000000000033b2e1 is an unknown value
R10=0x0000000000000000 is an unknown value
R11=0x00000000026eea60 is pointing into the stack for thread: 0x0000000001d9e000
R12=0x0000000000000001 is an unknown value
R13=0x00000000002fe6c0 is an unknown value
R14=0x0000000000000000 is an unknown value
R15=0x0000000000000000 is an unknown value


Stack: [0x00000000025f0000,0x00000000026f0000],  sp=0x00000000026eeaa0,  free space=1018k
Native frames: (J=compiled Java code, j=interpreted, Vv=VM code, C=native code)
C  [jniortools.dll+0x441b20]
C  0x00000000029d7f54

Java frames: (J=compiled Java code, j=interpreted, Vv=VM code)
j  com.google.ortools.linearsolver.operations_research_linear_solverJNI.MPSolver_verifySolution(JLcom/google/ortools/linearsolver/MPSolver;DZ)Z+0
J 1525% C1 com.saiglobal.sf.allocator.processor.MIP2Processor.schedule(Ljava/util/List;Ljava/util/List;)Ljava/util/List; (1563 bytes) @ 0x0000000002f59d74 [0x0000000002f52b20+0x7254]
j  com.saiglobal.sf.allocator.processor.MIP2Processor.execute()V+151
j  com.saiglobal.sf.allocator.main.ResourceAllocator.main([Ljava/lang/String;)V+305
v  ~StubRoutines::call_stub

---------------  P R O C E S S  ---------------

Java Threads: ( => current thread )
  0x0000000059884800 JavaThread "Abandoned connection cleanup thread" daemon [_thread_blocked, id=10848, stack(0x0000000059ff0000,0x000000005a0f0000)]
  0x0000000059193800 JavaThread "Service Thread" daemon [_thread_blocked, id=3928, stack(0x0000000059670000,0x0000000059770000)]
  0x0000000059100800 JavaThread "C1 CompilerThread2" daemon [_thread_blocked, id=5828, stack(0x0000000058e90000,0x0000000058f90000)]
  0x0000000057776800 JavaThread "C2 CompilerThread1" daemon [_thread_blocked, id=6528, stack(0x0000000059000000,0x0000000059100000)]
  0x000000005776f000 JavaThread "C2 CompilerThread0" daemon [_thread_blocked, id=9196, stack(0x0000000058b20000,0x0000000058c20000)]
  0x000000005777e800 JavaThread "Attach Listener" daemon [_thread_blocked, id=7176, stack(0x0000000058d50000,0x0000000058e50000)]
  0x000000005777d000 JavaThread "Signal Dispatcher" daemon [_thread_blocked, id=12240, stack(0x0000000058c30000,0x0000000058d30000)]
  0x0000000057759800 JavaThread "Finalizer" daemon [_thread_blocked, id=11728, stack(0x0000000058980000,0x0000000058a80000)]
  0x0000000057712800 JavaThread "Reference Handler" daemon [_thread_blocked, id=6728, stack(0x0000000058880000,0x0000000058980000)]
=>0x0000000001d9e000 JavaThread "main" [_thread_in_native, id=11548, stack(0x00000000025f0000,0x00000000026f0000)]

Other Threads:
  0x000000005770b000 VMThread [stack: 0x00000000586d0000,0x00000000587d0000] [id=6936]
  0x000000005919a800 WatcherThread [stack: 0x0000000059500000,0x0000000059600000] [id=6600]

VM state:not at safepoint (normal execution)

VM Mutex/Monitor currently owned by a thread: None

Heap:
 PSYoungGen      total 38400K, used 6437K [0x00000000d5d80000, 0x00000000d8800000, 0x0000000100000000)
  eden space 33280K, 4% used [0x00000000d5d80000,0x00000000d5ecd4e8,0x00000000d7e00000)
  from space 5120K, 99% used [0x00000000d8300000,0x00000000d87fc050,0x00000000d8800000)
  to   space 5120K, 0% used [0x00000000d7e00000,0x00000000d7e00000,0x00000000d8300000)
 ParOldGen       total 87552K, used 2804K [0x0000000081800000, 0x0000000086d80000, 0x00000000d5d80000)
  object space 87552K, 3% used [0x0000000081800000,0x0000000081abd0a8,0x0000000086d80000)
 Metaspace       used 11932K, capacity 12122K, committed 12416K, reserved 1060864K
  class space    used 1213K, capacity 1301K, committed 1408K, reserved 1048576K

Card table byte_map: [0x0000000011d80000,0x0000000012180000] byte_map_base: 0x0000000011974000

Marking Bits: (ParMarkBitMap*) 0x000000006fd5b6d0
 Begin Bits: [0x0000000012a40000, 0x00000000149e0000)
 End Bits:   [0x00000000149e0000, 0x0000000016980000)

Polling page: 0x0000000001d30000

CodeCache: size=245760Kb used=5848Kb max_used=5861Kb free=239911Kb
 bounds [0x00000000029c0000, 0x0000000002f80000, 0x00000000119c0000]
 total_blobs=1943 nmethods=1534 adapters=321
 compilation: enabled

Compilation events (10 events):
Event: 84.732 Thread 0x0000000059100800 1535  s    3       com.google.ortools.linearsolver.MPConstraint::delete (34 bytes)
Event: 84.732 Thread 0x0000000057776800 1537       4       java.lang.ref.ReferenceQueue::reallyPoll (66 bytes)
Event: 84.732 Thread 0x0000000059100800 nmethod 1535 0x0000000002f76d50 code [0x0000000002f76ec0, 0x0000000002f77248]
Event: 84.733 Thread 0x000000005776f000 1538   !   4       java.lang.ref.Reference::tryHandlePending (115 bytes)
Event: 84.734 Thread 0x0000000057776800 nmethod 1537 0x0000000002f72550 code [0x0000000002f72680, 0x0000000002f72798]
Event: 84.735 Thread 0x0000000057776800 1539   !   4       java.lang.ref.ReferenceQueue::remove (125 bytes)
Event: 84.740 Thread 0x000000005776f000 nmethod 1538 0x0000000002f77c50 code [0x0000000002f77e00, 0x0000000002f78728]
Event: 84.740 Thread 0x000000005776f000 1540   !   4       java.lang.ref.Finalizer::runFinalizer (62 bytes)
Event: 84.742 Thread 0x0000000057776800 nmethod 1539 0x0000000002f7c050 code [0x0000000002f7c1c0, 0x0000000002f7c9a8]
Event: 84.744 Thread 0x000000005776f000 nmethod 1540 0x0000000002f7cbd0 code [0x0000000002f7cd40, 0x0000000002f7d2f8]

GC Heap History (4 events):
Event: 52.932 GC heap before
{Heap before GC invocations=1 (full 0):
 PSYoungGen      total 38400K, used 33280K [0x00000000d5d80000, 0x00000000d8800000, 0x0000000100000000)
  eden space 33280K, 100% used [0x00000000d5d80000,0x00000000d7e00000,0x00000000d7e00000)
  from space 5120K, 0% used [0x00000000d8300000,0x00000000d8300000,0x00000000d8800000)
  to   space 5120K, 0% used [0x00000000d7e00000,0x00000000d7e00000,0x00000000d8300000)
 ParOldGen       total 87552K, used 0K [0x0000000081800000, 0x0000000086d80000, 0x00000000d5d80000)
  object space 87552K, 0% used [0x0000000081800000,0x0000000081800000,0x0000000086d80000)
 Metaspace       used 11189K, capacity 11368K, committed 11520K, reserved 1058816K
  class space    used 1133K, capacity 1208K, committed 1280K, reserved 1048576K
Event: 52.944 GC heap after
Heap after GC invocations=1 (full 0):
 PSYoungGen      total 38400K, used 5106K [0x00000000d5d80000, 0x00000000d8800000, 0x0000000100000000)
  eden space 33280K, 0% used [0x00000000d5d80000,0x00000000d5d80000,0x00000000d7e00000)
  from space 5120K, 99% used [0x00000000d7e00000,0x00000000d82fc960,0x00000000d8300000)
  to   space 5120K, 0% used [0x00000000d8300000,0x00000000d8300000,0x00000000d8800000)
 ParOldGen       total 87552K, used 1617K [0x0000000081800000, 0x0000000086d80000, 0x00000000d5d80000)
  object space 87552K, 1% used [0x0000000081800000,0x00000000819946a8,0x0000000086d80000)
 Metaspace       used 11189K, capacity 11368K, committed 11520K, reserved 1058816K
  class space    used 1133K, capacity 1208K, committed 1280K, reserved 1048576K
}
Event: 84.723 GC heap before
{Heap before GC invocations=2 (full 0):
 PSYoungGen      total 38400K, used 38386K [0x00000000d5d80000, 0x00000000d8800000, 0x0000000100000000)
  eden space 33280K, 100% used [0x00000000d5d80000,0x00000000d7e00000,0x00000000d7e00000)
  from space 5120K, 99% used [0x00000000d7e00000,0x00000000d82fc960,0x00000000d8300000)
  to   space 5120K, 0% used [0x00000000d8300000,0x00000000d8300000,0x00000000d8800000)
 ParOldGen       total 87552K, used 1617K [0x0000000081800000, 0x0000000086d80000, 0x00000000d5d80000)
  object space 87552K, 1% used [0x0000000081800000,0x00000000819946a8,0x0000000086d80000)
 Metaspace       used 11930K, capacity 12122K, committed 12416K, reserved 1060864K
  class space    used 1213K, capacity 1301K, committed 1408K, reserved 1048576K
Event: 84.729 GC heap after
Heap after GC invocations=2 (full 0):
 PSYoungGen      total 38400K, used 5104K [0x00000000d5d80000, 0x00000000d8800000, 0x0000000100000000)
  eden space 33280K, 0% used [0x00000000d5d80000,0x00000000d5d80000,0x00000000d7e00000)
  from space 5120K, 99% used [0x00000000d8300000,0x00000000d87fc050,0x00000000d8800000)
  to   space 5120K, 0% used [0x00000000d7e00000,0x00000000d7e00000,0x00000000d8300000)
 ParOldGen       total 87552K, used 2804K [0x0000000081800000, 0x0000000086d80000, 0x00000000d5d80000)
  object space 87552K, 3% used [0x0000000081800000,0x0000000081abd0a8,0x0000000086d80000)
 Metaspace       used 11930K, capacity 12122K, committed 12416K, reserved 1060864K
  class space    used 1213K, capacity 1301K, committed 1408K, reserved 1048576K
}

Deoptimization events (10 events):
Event: 3.786 Thread 0x0000000001d9e000 Uncommon trap: reason=class_check action=maybe_recompile pc=0x0000000002c37304 method=java.util.Properties$LineReader.readLine()I @ 410
Event: 52.833 Thread 0x0000000001d9e000 Uncommon trap: reason=unstable_if action=reinterpret pc=0x0000000002bd7084 method=java.util.HashMap.putVal(ILjava/lang/Object;Ljava/lang/Object;ZZ)Ljava/lang/Object; @ 94
Event: 52.948 Thread 0x0000000001d9e000 Uncommon trap: reason=unstable_if action=reinterpret pc=0x0000000002d84fd0 method=java.util.Calendar.set(II)V @ 4
Event: 52.948 Thread 0x0000000001d9e000 Uncommon trap: reason=unstable_if action=reinterpret pc=0x0000000002d988a0 method=java.util.Calendar.setFieldsNormalized(I)V @ 3
Event: 75.043 Thread 0x0000000001d9e000 Uncommon trap: reason=bimorphic action=maybe_recompile pc=0x0000000002e12ed4 method=java.util.concurrent.ConcurrentHashMap.get(Ljava/lang/Object;)Ljava/lang/Object; @ 149
Event: 78.122 Thread 0x0000000001d9e000 Uncommon trap: reason=bimorphic action=maybe_recompile pc=0x0000000002e12ed4 method=java.util.concurrent.ConcurrentHashMap.get(Ljava/lang/Object;)Ljava/lang/Object; @ 149
Event: 78.137 Thread 0x0000000001d9e000 Uncommon trap: reason=unstable_if action=reinterpret pc=0x0000000002dc5d5c method=java.text.DigitList.getStringBuffer()Ljava/lang/StringBuffer; @ 4
Event: 78.137 Thread 0x0000000001d9e000 Uncommon trap: reason=unstable_if action=reinterpret pc=0x0000000002e77f34 method=java.util.Calendar.complete()V @ 22
Event: 78.264 Thread 0x0000000001d9e000 Uncommon trap: reason=unstable_if action=reinterpret pc=0x0000000002c84734 method=java.util.ArrayList.rangeCheck(I)V @ 5
Event: 78.265 Thread 0x0000000001d9e000 Uncommon trap: reason=unstable_if action=reinterpret pc=0x0000000002c41388 method=java.util.ArrayList.rangeCheck(I)V @ 5

Internal exceptions (10 events):
Event: 0.282 Thread 0x0000000001d9e000 Exception <a 'java/lang/ClassNotFoundException': org/apache/log4j/WriterAppenderCustomizer> (0x00000000d62a1588) thrown at [C:\re\workspace\8-2-build-windows-amd64-cygwin\jdk8u121\8372\hotspot\src\share\vm\classfile\systemDictionary.cpp, line 210]
Event: 0.284 Thread 0x0000000001d9e000 Exception <a 'java/lang/ClassNotFoundException': org/apache/log4j/FileAppenderCustomizer> (0x00000000d62b4c88) thrown at [C:\re\workspace\8-2-build-windows-amd64-cygwin\jdk8u121\8372\hotspot\src\share\vm\classfile\systemDictionary.cpp, line 210]
Event: 0.285 Thread 0x0000000001d9e000 Exception <a 'java/lang/ClassNotFoundException': org/apache/log4j/RollingFileAppenderCustomizer> (0x00000000d62c8728) thrown at [C:\re\workspace\8-2-build-windows-amd64-cygwin\jdk8u121\8372\hotspot\src\share\vm\classfile\systemDictionary.cpp, line 210]
Event: 0.292 Thread 0x0000000001d9e000 Exception <a 'java/lang/ClassNotFoundException': org/apache/log4j/ConsoleAppenderBeanInfo> (0x00000000d62f1e38) thrown at [C:\re\workspace\8-2-build-windows-amd64-cygwin\jdk8u121\8372\hotspot\src\share\vm\classfile\systemDictionary.cpp, line 210]
Event: 0.293 Thread 0x0000000001d9e000 Exception <a 'java/lang/ClassNotFoundException': org/apache/log4j/ConsoleAppenderCustomizer> (0x00000000d62f8708) thrown at [C:\re\workspace\8-2-build-windows-amd64-cygwin\jdk8u121\8372\hotspot\src\share\vm\classfile\systemDictionary.cpp, line 210]
Event: 0.410 Thread 0x0000000001d9e000 Implicit null exception at 0x0000000002bbd409 to 0x0000000002bbd7c5
Event: 3.771 Thread 0x0000000001d9e000 Exception <a 'java/lang/NoSuchFieldError': method resolution failed> (0x00000000d6ec6958) thrown at [C:\re\workspace\8-2-build-windows-amd64-cygwin\jdk8u121\8372\hotspot\src\share\vm\prims\methodHandles.cpp, line 1146]
Event: 3.774 Thread 0x0000000001d9e000 Exception <a 'java/lang/NoSuchFieldError': method resolution failed> (0x00000000d6ed3c98) thrown at [C:\re\workspace\8-2-build-windows-amd64-cygwin\jdk8u121\8372\hotspot\src\share\vm\prims\methodHandles.cpp, line 1146]
Event: 78.137 Thread 0x0000000001d9e000 Implicit null exception at 0x0000000002dc438a to 0x0000000002dc5d45
Event: 78.139 Thread 0x0000000001d9e000 Exception <a 'java/lang/NoSuchMethodError': java.lang.Object.lambda$minBy$0(Ljava/util/Comparator;Ljava/lang/Object;Ljava/lang/Object;)Ljava/lang/Object;> (0x00000000d6d5b690) thrown at [C:\re\workspace\8-2-build-windows-amd64-cygwin\jdk8u121\8372\hotspot

Events (10 events):
Event: 84.734 Executing VM operation: RevokeBias done
Event: 84.734 Executing VM operation: RevokeBias
Event: 84.734 Executing VM operation: RevokeBias done
Event: 84.734 Executing VM operation: RevokeBias
Event: 84.734 Executing VM operation: RevokeBias done
Event: 84.740 Thread 0x000000005776f000 flushing nmethod 0x0000000002abf650
Event: 84.740 Thread 0x000000005776f000 flushing nmethod 0x0000000002ac3290
Event: 84.740 Thread 0x000000005776f000 flushing nmethod 0x0000000002acb510
Event: 84.740 Thread 0x000000005776f000 flushing nmethod 0x0000000002accc90
Event: 84.740 Thread 0x000000005776f000 flushing nmethod 0x0000000002acd950


Dynamic libraries:
0x000000013f460000 - 0x000000013f497000 	C:\Program Files\Java\jdk1.8.0_121\bin\javaw.exe
0x0000000076ed0000 - 0x000000007707a000 	C:\windows\SYSTEM32\ntdll.dll
0x0000000076cb0000 - 0x0000000076dcf000 	C:\windows\system32\kernel32.dll
0x000007fefcce0000 - 0x000007fefcd4a000 	C:\windows\system32\KERNELBASE.dll
0x000007fefe860000 - 0x000007fefe93b000 	C:\windows\system32\ADVAPI32.dll
0x000007fefed20000 - 0x000007fefedbf000 	C:\windows\system32\msvcrt.dll
0x000007fefedf0000 - 0x000007fefee0f000 	C:\windows\SYSTEM32\sechost.dll
0x000007fefd2b0000 - 0x000007fefd3dd000 	C:\windows\system32\RPCRT4.dll
0x0000000076dd0000 - 0x0000000076eca000 	C:\windows\system32\USER32.dll
0x000007fefd1a0000 - 0x000007fefd207000 	C:\windows\system32\GDI32.dll
0x000007fefef30000 - 0x000007fefef3e000 	C:\windows\system32\LPK.dll
0x000007fefd3e0000 - 0x000007fefd4aa000 	C:\windows\system32\USP10.dll
0x000007fefb190000 - 0x000007fefb384000 	C:\windows\WinSxS\amd64_microsoft.windows.common-controls_6595b64144ccf1df_6.0.7601.18837_none_fa3b1e3d17594757\COMCTL32.dll
0x000007fefeeb0000 - 0x000007fefef21000 	C:\windows\system32\SHLWAPI.dll
0x000007fefedc0000 - 0x000007fefedee000 	C:\windows\system32\IMM32.DLL
0x000007fefe940000 - 0x000007fefea49000 	C:\windows\system32\MSCTF.dll
0x0000000068000000 - 0x0000000068056000 	C:\windows\system32\QIPCAP64.DLL
0x000007fefda70000 - 0x000007fefe7fa000 	C:\windows\system32\SHELL32.dll
0x000007fefc2d0000 - 0x000007fefc32b000 	C:\windows\system32\DNSAPI.dll
0x000007fefda20000 - 0x000007fefda6d000 	C:\windows\system32\WS2_32.dll
0x000007feff1d0000 - 0x000007feff1d8000 	C:\windows\system32\NSI.dll
0x00000000791f0000 - 0x00000000792c2000 	C:\Program Files\Java\jdk1.8.0_121\jre\bin\msvcr100.dll
0x000000006f540000 - 0x000000006fddb000 	C:\Program Files\Java\jdk1.8.0_121\jre\bin\server\jvm.dll
0x000007fefa050000 - 0x000007fefa059000 	C:\windows\system32\WSOCK32.dll
0x000007fefaa00000 - 0x000007fefaa3b000 	C:\windows\system32\WINMM.dll
0x000007fefbce0000 - 0x000007fefbcec000 	C:\windows\system32\VERSION.dll
0x0000000077090000 - 0x0000000077097000 	C:\windows\system32\PSAPI.DLL
0x0000000060930000 - 0x000000006093f000 	C:\Program Files\Java\jdk1.8.0_121\jre\bin\verify.dll
0x000000005fd10000 - 0x000000005fd39000 	C:\Program Files\Java\jdk1.8.0_121\jre\bin\java.dll
0x000000006fe90000 - 0x000000006fea6000 	C:\Program Files\Java\jdk1.8.0_121\jre\bin\zip.dll
0x000007fefef40000 - 0x000007feff143000 	C:\windows\system32\ole32.dll
0x000007fefcc00000 - 0x000007fefcc0f000 	C:\windows\system32\profapi.dll
0x0000000001fd0000 - 0x0000000001fea000 	C:\Program Files\Java\jdk1.8.0_121\jre\bin\net.dll
0x000007fefc4a0000 - 0x000007fefc4f5000 	C:\windows\system32\mswsock.dll
0x000007fefc470000 - 0x000007fefc477000 	C:\windows\System32\wship6.dll
0x000007fecb5c0000 - 0x000007fecc340000 	C:\Code\DataAnalysisBB\dataanalysis\SFResourceAllocator\lib\jniortools.dll
0x000007feeb5d0000 - 0x000007feeb66f000 	C:\windows\system32\MSVCP140.dll
0x000007feec310000 - 0x000007feec327000 	C:\windows\system32\VCRUNTIME140.dll
0x000007feeb810000 - 0x000007feeb814000 	C:\windows\system32\api-ms-win-crt-runtime-l1-1-0.dll
0x000007fed3080000 - 0x000007fed3174000 	C:\windows\system32\ucrtbase.DLL
0x000007fefa680000 - 0x000007fefa683000 	C:\windows\system32\api-ms-win-core-timezone-l1-1-0.dll
0x000007feeb800000 - 0x000007feeb803000 	C:\windows\system32\api-ms-win-core-file-l2-1-0.dll
0x000007feeb7f0000 - 0x000007feeb7f3000 	C:\windows\system32\api-ms-win-core-localization-l1-2-0.dll
0x000007feeb7e0000 - 0x000007feeb7e3000 	C:\windows\system32\api-ms-win-core-synch-l1-2-0.dll
0x000007feeb7d0000 - 0x000007feeb7d3000 	C:\windows\system32\api-ms-win-core-processthreads-l1-1-1.dll
0x000007feeb7c0000 - 0x000007feeb7c3000 	C:\windows\system32\api-ms-win-core-file-l1-2-0.dll
0x000007feeb5c0000 - 0x000007feeb5c4000 	C:\windows\system32\api-ms-win-crt-string-l1-1-0.dll
0x000007feeb5b0000 - 0x000007feeb5b3000 	C:\windows\system32\api-ms-win-crt-heap-l1-1-0.dll
0x000007feeb5a0000 - 0x000007feeb5a4000 	C:\windows\system32\api-ms-win-crt-stdio-l1-1-0.dll
0x000007feeb590000 - 0x000007feeb594000 	C:\windows\system32\api-ms-win-crt-convert-l1-1-0.dll
0x000007feeb580000 - 0x000007feeb583000 	C:\windows\system32\api-ms-win-crt-locale-l1-1-0.dll
0x000007feeb570000 - 0x000007feeb575000 	C:\windows\system32\api-ms-win-crt-math-l1-1-0.dll
0x000007feeb560000 - 0x000007feeb565000 	C:\windows\system32\api-ms-win-crt-multibyte-l1-1-0.dll
0x000007feeb550000 - 0x000007feeb553000 	C:\windows\system32\api-ms-win-crt-time-l1-1-0.dll
0x000007feeb540000 - 0x000007feeb543000 	C:\windows\system32\api-ms-win-crt-filesystem-l1-1-0.dll
0x000007feeb530000 - 0x000007feeb533000 	C:\windows\system32\api-ms-win-crt-environment-l1-1-0.dll
0x000007feeb520000 - 0x000007feeb523000 	C:\windows\system32\api-ms-win-crt-utility-l1-1-0.dll
0x000007fefa060000 - 0x000007fefa185000 	C:\windows\system32\dbghelp.dll

VM Arguments:
jvm_args: -Djava.library.path=lib -Dfile.encoding=Cp1252 
java_command: com.saiglobal.sf.allocator.main.ResourceAllocator -ai com.saiglobal.sf.allocator.implementation.ResourceAllocatorMIPUK -includePipeline false -logLevel INFO
java_class_path (initial): C:\Code\DataAnalysisBB\dataanalysis\SFResourceAllocator\bin;C:\Code\DataAnalysis\SFResourceAllocator\lib\org.apache.log4j_1.2.13.v200903072027.jar;C:\Code\DataAnalysisBB\dataanalysis\SFCore\bin;C:\Code\DataAnalysis\SFCore\lib\commons-cli-1.2.jar;C:\Code\DataAnalysis\SFCore\lib\commons-logging-1.1.3.jar;C:\Code\DataAnalysis\SFCore\lib\geocoder-java-0.15.jar;C:\Code\DataAnalysis\SFCore\lib\gson-2.2.4.jar;C:\Code\DataAnalysis\SFCore\lib\org.apache.log4j_1.2.13.v200903072027.jar;C:\Code\DataAnalysis\SFCore\lib\jsch-0.1.50.jar;C:\Code\DataAnalysis\SFCore\lib\sqljdbc4.jar;C:\Code\DataAnalysis\SFCore\lib\javax.mail.jar;C:\Code\DataAnalysis\SFCore\lib\mysql-connector-java-5.1.35-bin.jar;C:\Code\DataAnalysis\SFCore\lib\commons-lang-2.5.jar;C:\Code\DataAnalysis\SFCore\lib\force-wsc-32.0.0.jar;C:\Code\DataAnalysis\SFCore\lib\wsc.partner.32.jar;C:\Code\DataAnalysisBB\dataanalysis\SFResourceAllocator\lib\com.google.ortools.jar;C:\Code\DataAnalysisBB\dataanalysis\SFResourceAllocator\lib\protobuf.jar
Launcher Type: SUN_STANDARD

Environment Variables:
PATH=C:/Program Files/Java/jre1.8.0_121/bin/server;C:/Program Files/Java/jre1.8.0_121/bin;C:/Program Files/Java/jre1.8.0_121/lib/amd64;C:\ProgramData\Oracle\Java\javapath;C:\windows\system32;C:\windows;C:\windows\System32\Wbem;C:\windows\System32\WindowsPowerShell\v1.0\;C:\Program Files (x86)\Common Files\Roxio Shared\DLLShared\;C:\Program Files (x86)\Common Files\Roxio Shared\10.0\DLLShared\;C:\Program Files (x86)\ATI Technologies\ATI.ACE\Core-Static;C:\Program Files (x86)\MySQL\MySQL Utilities 1.4\;C:\Program Files (x86)\MySQL\MySQL Utilities 1.4\Doctrine extensions for PHP\;C:\Program Files\nodejs\;C:\TDM-GCC-64\bin;C:\Users\conluc0\AppData\Local\Continuum\Anaconda;C:\Users\conluc0\AppData\Local\Continuum\Anaconda\Scripts;C:\Users\conluc0\AppData\Roaming\npm;C:\TDM-GCC-64\bin;C:\eclipse;
USERNAME=conluc0
OS=Windows_NT
PROCESSOR_IDENTIFIER=Intel64 Family 6 Model 69 Stepping 1, GenuineIntel



---------------  S Y S T E M  ---------------

OS: Windows 7 , 64 bit Build 7601 (6.1.7601.23572)

CPU:total 4 (2 cores per cpu, 2 threads per core) family 6 model 69 stepping 1, cmov, cx8, fxsr, mmx, sse, sse2, sse3, ssse3, sse4.1, sse4.2, popcnt, avx, avx2, aes, clmul, erms, lzcnt, ht, tsc, tscinvbit, bmi1, bmi2

Memory: 4k page, physical 8283244k(4322616k free), swap 16564628k(11943568k free)

vm_info: Java HotSpot(TM) 64-Bit Server VM (25.121-b13) for windows-amd64 JRE (1.8.0_121-b13), built on Dec 12 2016 18:21:36 by "java_re" with MS VC++ 10.0 (VS2010)

time: Tue Mar 07 13:46:22 2017
elapsed time: 84 seconds (0d 0h 1m 24s)

