#
# A fatal error has been detected by the Java Runtime Environment:
#
#  EXCEPTION_ACCESS_VIOLATION (0xc0000005) at pc=0x000007fecbcc1b20, pid=6180, tid=0x00000000000024d0
#
# JRE version: Java(TM) SE Runtime Environment (8.0_121-b13) (build 1.8.0_121-b13)
# Java VM: Java HotSpot(TM) 64-Bit Server VM (25.121-b13 mixed mode windows-amd64 compressed oops)
# Problematic frame:
# C  [jniortools.dll+0x441b20]
#
# Failed to write core dump. Minidumps are not enabled by default on client versions of Windows
#
# If you would like to submit a bug report, please visit:
#   http://bugreport.java.com/bugreport/crash.jsp
# The crash happened outside the Java Virtual Machine in native code.
# See problematic frame for where to report the bug.
#

---------------  T H R E A D  ---------------

Current thread (0x00000000023fe000):  JavaThread "main" [_thread_in_native, id=9424, stack(0x00000000025a0000,0x00000000026a0000)]

siginfo: ExceptionCode=0xc0000005, reading address 0x0000000000000000

Registers:
RAX=0x0000000000000000, RBX=0x000000005bbd2ef0, RCX=0x2c93094156260000, RDX=0x000007fed84d55f0
RSP=0x000000000269ed10, RBP=0x000000000269ee10, RSI=0x0000000000000000, RDI=0x0000000000000000
R8 =0x000000000269d468, R9 =0x000000005c5e4ec1, R10=0x0000000000000000, R11=0x000000000269ecd0
R12=0x0000000000000001, R13=0x000000005bb66dd0, R14=0x0000000000000000, R15=0x0000000000000000
RIP=0x000007fecbcc1b20, EFLAGS=0x0000000000010206

Top of Stack: (sp=0x000000000269ed10)
0x000000000269ed10:   3fe0000000000000 000000000269ed78
0x000000000269ed20:   000000005bbd2ef0 0000000000000001
0x000000000269ed30:   0000000000000000 0000000100000000
0x000000000269ed40:   0000000000000000 000000005bbd2ef0
0x000000000269ed50:   0000000000000000 fffffffffffffffe
0x000000000269ed60:   00000000023fefb8 0000000000706c00
0x000000000269ed70:   00000000d7976200 0000000000000000
0x000000000269ed80:   0000000000000000 0000000000000000
0x000000000269ed90:   000007fed84d4168 0000000067382e25
0x000000000269eda0:   00000000d797cdc0 0000000000000005
0x000000000269edb0:   00000000d797cdc0 00002c930b28bb36
0x000000000269edc0:   0000000000000000 0000000000000000
0x000000000269edd0:   0000000000000000 0000000000000000
0x000000000269ede0:   0000000000000000 0000000000000000
0x000000000269edf0:   0000000000000002 0000000000000000
0x000000000269ee00:   00000000d7e00a80 0000000000000000 

Instructions: (pc=0x000007fecbcc1b20)
0x000007fecbcc1b00:   0f b6 64 24 2c 66 66 66 0f 1f 84 00 00 00 00 00
0x000007fecbcc1b10:   48 8b 83 b0 00 00 00 4e 8b 2c f8 48 8b 44 24 68
0x000007fecbcc1b20:   f2 46 0f 10 04 f8 41 0f 28 fb 49 8b 5d 08 48 8b
0x000007fecbcc1b30:   1b 49 8b 7d 08 48 3b df 74 61 66 0f 1f 44 00 00 


Register to memory mapping:

RAX=0x0000000000000000 is an unknown value
RBX=0x000000005bbd2ef0 is an unknown value
RCX=0x2c93094156260000 is an unknown value
RDX=0x000007fed84d55f0 is an unknown value
RSP=0x000000000269ed10 is pointing into the stack for thread: 0x00000000023fe000
RBP=0x000000000269ee10 is pointing into the stack for thread: 0x00000000023fe000
RSI=0x0000000000000000 is an unknown value
RDI=0x0000000000000000 is an unknown value
R8 =0x000000000269d468 is pointing into the stack for thread: 0x00000000023fe000
R9 =0x000000005c5e4ec1 is an unknown value
R10=0x0000000000000000 is an unknown value
R11=0x000000000269ecd0 is pointing into the stack for thread: 0x00000000023fe000
R12=0x0000000000000001 is an unknown value
R13=0x000000005bb66dd0 is an unknown value
R14=0x0000000000000000 is an unknown value
R15=0x0000000000000000 is an unknown value


Stack: [0x00000000025a0000,0x00000000026a0000],  sp=0x000000000269ed10,  free space=1019k
Native frames: (J=compiled Java code, j=interpreted, Vv=VM code, C=native code)
C  [jniortools.dll+0x441b20]
C  0x0000000002987f54

Java frames: (J=compiled Java code, j=interpreted, Vv=VM code)
j  com.google.ortools.linearsolver.operations_research_linear_solverJNI.MPSolver_verifySolution(JLcom/google/ortools/linearsolver/MPSolver;DZ)Z+0
j  com.google.ortools.linearsolver.MPSolver.verifySolution(DZ)Z+7
j  com.saiglobal.sf.allocator.processor.MIP2Processor.solve([[[I)Lcom/saiglobal/sf/allocator/processor/MIP2Processor$SolverResult;+927
J 1774% C1 com.saiglobal.sf.allocator.processor.MIP2Processor.scheduleBatch()Ljava/util/List; (419 bytes) @ 0x0000000002f951f4 [0x0000000002f92f40+0x22b4]
j  com.saiglobal.sf.allocator.processor.MIP2Processor.execute()V+155
j  com.saiglobal.sf.allocator.main.ResourceAllocator.main([Ljava/lang/String;)V+305
v  ~StubRoutines::call_stub

---------------  P R O C E S S  ---------------

Java Threads: ( => current thread )
  0x0000000059c40000 JavaThread "Abandoned connection cleanup thread" daemon [_thread_blocked, id=7528, stack(0x000000005a2c0000,0x000000005a3c0000)]
  0x000000005912e800 JavaThread "Service Thread" daemon [_thread_blocked, id=8076, stack(0x00000000597c0000,0x00000000598c0000)]
  0x0000000059094000 JavaThread "C1 CompilerThread2" daemon [_thread_blocked, id=8676, stack(0x0000000059530000,0x0000000059630000)]
  0x0000000059093000 JavaThread "C2 CompilerThread1" daemon [_thread_blocked, id=6496, stack(0x0000000058c00000,0x0000000058d00000)]
  0x0000000057602000 JavaThread "C2 CompilerThread0" daemon [_thread_blocked, id=3632, stack(0x0000000058f90000,0x0000000059090000)]
  0x000000005760e800 JavaThread "Attach Listener" daemon [_thread_blocked, id=9000, stack(0x0000000058d60000,0x0000000058e60000)]
  0x000000005760d000 JavaThread "Signal Dispatcher" daemon [_thread_blocked, id=7656, stack(0x0000000058810000,0x0000000058910000)]
  0x00000000575e9800 JavaThread "Finalizer" daemon [_thread_blocked, id=9744, stack(0x0000000058b00000,0x0000000058c00000)]
  0x00000000575a2800 JavaThread "Reference Handler" daemon [_thread_blocked, id=9980, stack(0x00000000589e0000,0x0000000058ae0000)]
=>0x00000000023fe000 JavaThread "main" [_thread_in_native, id=9424, stack(0x00000000025a0000,0x00000000026a0000)]

Other Threads:
  0x000000005759b000 VMThread [stack: 0x0000000058700000,0x0000000058800000] [id=6128]
  0x0000000059145000 WatcherThread [stack: 0x0000000059910000,0x0000000059a10000] [id=10204]

VM state:not at safepoint (normal execution)

VM Mutex/Monitor currently owned by a thread: None

Heap:
 PSYoungGen      total 38400K, used 34322K [0x00000000d5d80000, 0x00000000d8800000, 0x0000000100000000)
  eden space 33280K, 87% used [0x00000000d5d80000,0x00000000d7a0c970,0x00000000d7e00000)
  from space 5120K, 99% used [0x00000000d7e00000,0x00000000d82f8030,0x00000000d8300000)
  to   space 5120K, 0% used [0x00000000d8300000,0x00000000d8300000,0x00000000d8800000)
 ParOldGen       total 87552K, used 7386K [0x0000000081800000, 0x0000000086d80000, 0x00000000d5d80000)
  object space 87552K, 8% used [0x0000000081800000,0x0000000081f36be0,0x0000000086d80000)
 Metaspace       used 12172K, capacity 12436K, committed 12672K, reserved 1060864K
  class space    used 1232K, capacity 1336K, committed 1408K, reserved 1048576K

Card table byte_map: [0x0000000011d30000,0x0000000012130000] byte_map_base: 0x0000000011924000

Marking Bits: (ParMarkBitMap*) 0x00000000703cb6d0
 Begin Bits: [0x00000000128d0000, 0x0000000014870000)
 End Bits:   [0x0000000014870000, 0x0000000016810000)

Polling page: 0x0000000001d40000

CodeCache: size=245760Kb used=6471Kb max_used=6502Kb free=239288Kb
 bounds [0x0000000002970000, 0x0000000002fe0000, 0x0000000011970000]
 total_blobs=2139 nmethods=1730 adapters=321
 compilation: enabled

Compilation events (10 events):
Event: 114.327 Thread 0x0000000059093000 nmethod 1778 0x0000000002fafe50 code [0x0000000002fb04c0, 0x0000000002fb55d8]
Event: 114.327 Thread 0x0000000059093000 1789       4       java.lang.Integer::getChars (131 bytes)
Event: 114.334 Thread 0x0000000059093000 nmethod 1789 0x0000000002fad910 code [0x0000000002fada60, 0x0000000002fadf98]
Event: 114.334 Thread 0x0000000059093000 1787 %     4       com.saiglobal.sf.allocator.processor.MIP2Processor::scheduleBatch @ 230 (419 bytes)
Event: 114.343 Thread 0x0000000059093000 nmethod 1787% 0x0000000002fae710 code [0x0000000002fae920, 0x0000000002faf1e0]
Event: 114.343 Thread 0x0000000059093000 1788       4       java.lang.AbstractStringBuilder::append (62 bytes)
Event: 114.361 Thread 0x0000000059093000 nmethod 1788 0x0000000002faa6d0 code [0x0000000002faa840, 0x0000000002fab258]
Event: 114.361 Thread 0x0000000059093000 1790       4       java.lang.StringBuilder::append (8 bytes)
Event: 114.361 Thread 0x0000000059093000 nmethod 1790 0x0000000002f2f4d0 code [0x0000000002f2f620, 0x0000000002f2f688]
Event: 114.461 Thread 0x0000000057602000 nmethod 1786 0x0000000002fc21d0 code [0x0000000002fc2be0, 0x0000000002fc9838]

GC Heap History (6 events):
Event: 70.842 GC heap before
{Heap before GC invocations=1 (full 0):
 PSYoungGen      total 38400K, used 33280K [0x00000000d5d80000, 0x00000000d8800000, 0x0000000100000000)
  eden space 33280K, 100% used [0x00000000d5d80000,0x00000000d7e00000,0x00000000d7e00000)
  from space 5120K, 0% used [0x00000000d8300000,0x00000000d8300000,0x00000000d8800000)
  to   space 5120K, 0% used [0x00000000d7e00000,0x00000000d7e00000,0x00000000d8300000)
 ParOldGen       total 87552K, used 0K [0x0000000081800000, 0x0000000086d80000, 0x00000000d5d80000)
  object space 87552K, 0% used [0x0000000081800000,0x0000000081800000,0x0000000086d80000)
 Metaspace       used 11238K, capacity 11432K, committed 11776K, reserved 1060864K
  class space    used 1133K, capacity 1208K, committed 1280K, reserved 1048576K
Event: 70.858 GC heap after
Heap after GC invocations=1 (full 0):
 PSYoungGen      total 38400K, used 5109K [0x00000000d5d80000, 0x00000000d8800000, 0x0000000100000000)
  eden space 33280K, 0% used [0x00000000d5d80000,0x00000000d5d80000,0x00000000d7e00000)
  from space 5120K, 99% used [0x00000000d7e00000,0x00000000d82fd490,0x00000000d8300000)
  to   space 5120K, 0% used [0x00000000d8300000,0x00000000d8300000,0x00000000d8800000)
 ParOldGen       total 87552K, used 2944K [0x0000000081800000, 0x0000000086d80000, 0x00000000d5d80000)
  object space 87552K, 3% used [0x0000000081800000,0x0000000081ae02f8,0x0000000086d80000)
 Metaspace       used 11238K, capacity 11432K, committed 11776K, reserved 1060864K
  class space    used 1133K, capacity 1208K, committed 1280K, reserved 1048576K
}
Event: 107.212 GC heap before
{Heap before GC invocations=2 (full 0):
 PSYoungGen      total 38400K, used 38389K [0x00000000d5d80000, 0x00000000d8800000, 0x0000000100000000)
  eden space 33280K, 100% used [0x00000000d5d80000,0x00000000d7e00000,0x00000000d7e00000)
  from space 5120K, 99% used [0x00000000d7e00000,0x00000000d82fd490,0x00000000d8300000)
  to   space 5120K, 0% used [0x00000000d8300000,0x00000000d8300000,0x00000000d8800000)
 ParOldGen       total 87552K, used 2944K [0x0000000081800000, 0x0000000086d80000, 0x00000000d5d80000)
  object space 87552K, 3% used [0x0000000081800000,0x0000000081ae02f8,0x0000000086d80000)
 Metaspace       used 11455K, capacity 11630K, committed 12032K, reserved 1060864K
  class space    used 1141K, capacity 1209K, committed 1280K, reserved 1048576K
Event: 107.220 GC heap after
Heap after GC invocations=2 (full 0):
 PSYoungGen      total 38400K, used 5098K [0x00000000d5d80000, 0x00000000d8800000, 0x0000000100000000)
  eden space 33280K, 0% used [0x00000000d5d80000,0x00000000d5d80000,0x00000000d7e00000)
  from space 5120K, 99% used [0x00000000d8300000,0x00000000d87fa850,0x00000000d8800000)
  to   space 5120K, 0% used [0x00000000d7e00000,0x00000000d7e00000,0x00000000d8300000)
 ParOldGen       total 87552K, used 5595K [0x0000000081800000, 0x0000000086d80000, 0x00000000d5d80000)
  object space 87552K, 6% used [0x0000000081800000,0x0000000081d76f18,0x0000000086d80000)
 Metaspace       used 11455K, capacity 11630K, committed 12032K, reserved 1060864K
  class space    used 1141K, capacity 1209K, committed 1280K, reserved 1048576K
}
Event: 110.580 GC heap before
{Heap before GC invocations=3 (full 0):
 PSYoungGen      total 38400K, used 38378K [0x00000000d5d80000, 0x00000000d8800000, 0x0000000100000000)
  eden space 33280K, 100% used [0x00000000d5d80000,0x00000000d7e00000,0x00000000d7e00000)
  from space 5120K, 99% used [0x00000000d8300000,0x00000000d87fa850,0x00000000d8800000)
  to   space 5120K, 0% used [0x00000000d7e00000,0x00000000d7e00000,0x00000000d8300000)
 ParOldGen       total 87552K, used 5595K [0x0000000081800000, 0x0000000086d80000, 0x00000000d5d80000)
  object space 87552K, 6% used [0x0000000081800000,0x0000000081d76f18,0x0000000086d80000)
 Metaspace       used 12124K, capacity 12426K, committed 12672K, reserved 1060864K
  class space    used 1227K, capacity 1335K, committed 1408K, reserved 1048576K
Event: 110.587 GC heap after
Heap after GC invocations=3 (full 0):
 PSYoungGen      total 38400K, used 5088K [0x00000000d5d80000, 0x00000000d8800000, 0x0000000100000000)
  eden space 33280K, 0% used [0x00000000d5d80000,0x00000000d5d80000,0x00000000d7e00000)
  from space 5120K, 99% used [0x00000000d7e00000,0x00000000d82f8030,0x00000000d8300000)
  to   space 5120K, 0% used [0x00000000d8300000,0x00000000d8300000,0x00000000d8800000)
 ParOldGen       total 87552K, used 7386K [0x0000000081800000, 0x0000000086d80000, 0x00000000d5d80000)
  object space 87552K, 8% used [0x0000000081800000,0x0000000081f36be0,0x0000000086d80000)
 Metaspace       used 12124K, capacity 12426K, committed 12672K, reserved 1060864K
  class space    used 1227K, capacity 1335K, committed 1408K, reserved 1048576K
}

Deoptimization events (10 events):
Event: 110.449 Thread 0x00000000023fe000 Uncommon trap: reason=unstable_if action=reinterpret pc=0x0000000002c617f4 method=java.util.ArrayList.rangeCheck(I)V @ 5
Event: 110.449 Thread 0x00000000023fe000 Uncommon trap: reason=unstable_if action=reinterpret pc=0x0000000002c0ed08 method=java.util.ArrayList.rangeCheck(I)V @ 5
Event: 110.543 Thread 0x00000000023fe000 Uncommon trap: reason=unreached action=reinterpret pc=0x0000000002f2eb20 method=com.saiglobal.sf.allocator.processor.MIP2Processor.solve([[[I)Lcom/saiglobal/sf/allocator/processor/MIP2Processor$SolverResult; @ 653
Event: 113.974 Thread 0x00000000023fe000 Uncommon trap: reason=bimorphic action=maybe_recompile pc=0x0000000002efe9e8 method=java.util.stream.ReferencePipeline$2$1.accept(Ljava/lang/Object;)V @ 21
Event: 113.974 Thread 0x00000000023fe000 Uncommon trap: reason=bimorphic action=maybe_recompile pc=0x0000000002f04dec method=java.util.stream.ReferencePipeline$2$1.accept(Ljava/lang/Object;)V @ 21
Event: 113.974 Thread 0x00000000023fe000 Uncommon trap: reason=bimorphic action=maybe_recompile pc=0x0000000002f04dec method=java.util.stream.ReferencePipeline$2$1.accept(Ljava/lang/Object;)V @ 21
Event: 113.974 Thread 0x00000000023fe000 Uncommon trap: reason=bimorphic action=maybe_recompile pc=0x0000000002f04dec method=java.util.stream.ReferencePipeline$2$1.accept(Ljava/lang/Object;)V @ 21
Event: 114.109 Thread 0x00000000023fe000 Uncommon trap: reason=unstable_if action=reinterpret pc=0x0000000002f2060c method=com.saiglobal.sf.allocator.processor.MIP2Processor.solve([[[I)Lcom/saiglobal/sf/allocator/processor/MIP2Processor$SolverResult; @ 102
Event: 114.147 Thread 0x00000000023fe000 Uncommon trap: reason=unstable_if action=reinterpret pc=0x0000000002f37cc4 method=com.saiglobal.sf.allocator.processor.MIP2Processor.calculateSolutionCost([[[Lcom/google/ortools/linearsolver/MPVariable;Lcom/saiglobal/sf/core/model/TravelCostCalculationTyp
Event: 114.165 Thread 0x00000000023fe000 Uncommon trap: reason=unstable_if action=reinterpret pc=0x0000000002f31ad4 method=com.saiglobal.sf.allocator.processor.MIP2Processor.solve([[[I)Lcom/saiglobal/sf/allocator/processor/MIP2Processor$SolverResult; @ 376

Internal exceptions (10 events):
Event: 0.249 Thread 0x00000000023fe000 Exception <a 'java/lang/ClassNotFoundException': org/apache/log4j/WriterAppenderCustomizer> (0x00000000d62a1710) thrown at [C:\re\workspace\8-2-build-windows-amd64-cygwin\jdk8u121\8372\hotspot\src\share\vm\classfile\systemDictionary.cpp, line 210]
Event: 0.250 Thread 0x00000000023fe000 Exception <a 'java/lang/ClassNotFoundException': org/apache/log4j/FileAppenderCustomizer> (0x00000000d62b4e10) thrown at [C:\re\workspace\8-2-build-windows-amd64-cygwin\jdk8u121\8372\hotspot\src\share\vm\classfile\systemDictionary.cpp, line 210]
Event: 0.252 Thread 0x00000000023fe000 Exception <a 'java/lang/ClassNotFoundException': org/apache/log4j/RollingFileAppenderCustomizer> (0x00000000d62c88d8) thrown at [C:\re\workspace\8-2-build-windows-amd64-cygwin\jdk8u121\8372\hotspot\src\share\vm\classfile\systemDictionary.cpp, line 210]
Event: 0.257 Thread 0x00000000023fe000 Exception <a 'java/lang/ClassNotFoundException': org/apache/log4j/ConsoleAppenderBeanInfo> (0x00000000d62f1fe8) thrown at [C:\re\workspace\8-2-build-windows-amd64-cygwin\jdk8u121\8372\hotspot\src\share\vm\classfile\systemDictionary.cpp, line 210]
Event: 0.257 Thread 0x00000000023fe000 Exception <a 'java/lang/ClassNotFoundException': org/apache/log4j/ConsoleAppenderCustomizer> (0x00000000d62f88b8) thrown at [C:\re\workspace\8-2-build-windows-amd64-cygwin\jdk8u121\8372\hotspot\src\share\vm\classfile\systemDictionary.cpp, line 210]
Event: 0.360 Thread 0x00000000023fe000 Implicit null exception at 0x0000000002b70e86 to 0x0000000002b71231
Event: 3.702 Thread 0x00000000023fe000 Exception <a 'java/lang/NoSuchFieldError': method resolution failed> (0x00000000d6ec73f8) thrown at [C:\re\workspace\8-2-build-windows-amd64-cygwin\jdk8u121\8372\hotspot\src\share\vm\prims\methodHandles.cpp, line 1146]
Event: 3.705 Thread 0x00000000023fe000 Exception <a 'java/lang/NoSuchFieldError': method resolution failed> (0x00000000d6ed4718) thrown at [C:\re\workspace\8-2-build-windows-amd64-cygwin\jdk8u121\8372\hotspot\src\share\vm\prims\methodHandles.cpp, line 1146]
Event: 110.273 Thread 0x00000000023fe000 Implicit null exception at 0x0000000002d8d14a to 0x0000000002d8ea01
Event: 110.314 Thread 0x00000000023fe000 Exception <a 'java/lang/NoSuchMethodError': java.lang.Object.lambda$minBy$0(Ljava/util/Comparator;Ljava/lang/Object;Ljava/lang/Object;)Ljava/lang/Object;> (0x00000000d6c5b000) thrown at [C:\re\workspace\8-2-build-windows-amd64-cygwin\jdk8u121\8372\hotspot

Events (10 events):
Event: 114.109 Thread 0x00000000023fe000 DEOPT PACKING pc=0x0000000002f2060c sp=0x000000000269f010
Event: 114.109 Thread 0x00000000023fe000 DEOPT UNPACKING pc=0x00000000029b582a sp=0x000000000269efa0 mode 2
Event: 114.111 Executing VM operation: BulkRevokeBias
Event: 114.111 Executing VM operation: BulkRevokeBias done
Event: 114.147 Thread 0x00000000023fe000 Uncommon trap: trap_request=0xffffff65 fr.pc=0x0000000002f37cc4
Event: 114.147 Thread 0x00000000023fe000 DEOPT PACKING pc=0x0000000002f37cc4 sp=0x000000000269ef40
Event: 114.147 Thread 0x00000000023fe000 DEOPT UNPACKING pc=0x00000000029b582a sp=0x000000000269ef00 mode 2
Event: 114.164 Thread 0x00000000023fe000 Uncommon trap: trap_request=0xffffff65 fr.pc=0x0000000002f31ad4
Event: 114.165 Thread 0x00000000023fe000 DEOPT PACKING pc=0x0000000002f31ad4 sp=0x000000000269f000
Event: 114.165 Thread 0x00000000023fe000 DEOPT UNPACKING pc=0x00000000029b582a sp=0x000000000269efa0 mode 2


Dynamic libraries:
0x000000013f250000 - 0x000000013f287000 	C:\Program Files\Java\jdk1.8.0_121\bin\javaw.exe
0x00000000774b0000 - 0x000000007765a000 	C:\windows\SYSTEM32\ntdll.dll
0x0000000077290000 - 0x00000000773af000 	C:\windows\system32\kernel32.dll
0x000007fefd4e0000 - 0x000007fefd54a000 	C:\windows\system32\KERNELBASE.dll
0x000007fefd6b0000 - 0x000007fefd78b000 	C:\windows\system32\ADVAPI32.dll
0x000007fefd610000 - 0x000007fefd6af000 	C:\windows\system32\msvcrt.dll
0x000007feff0a0000 - 0x000007feff0bf000 	C:\windows\SYSTEM32\sechost.dll
0x000007fefdda0000 - 0x000007fefdecd000 	C:\windows\system32\RPCRT4.dll
0x00000000773b0000 - 0x00000000774aa000 	C:\windows\system32\USER32.dll
0x000007fefed40000 - 0x000007fefeda7000 	C:\windows\system32\GDI32.dll
0x000007fefd830000 - 0x000007fefd83e000 	C:\windows\system32\LPK.dll
0x000007feff650000 - 0x000007feff71a000 	C:\windows\system32\USP10.dll
0x000007fefb770000 - 0x000007fefb964000 	C:\windows\WinSxS\amd64_microsoft.windows.common-controls_6595b64144ccf1df_6.0.7601.18837_none_fa3b1e3d17594757\COMCTL32.dll
0x000007feff3c0000 - 0x000007feff431000 	C:\windows\system32\SHLWAPI.dll
0x000007feff390000 - 0x000007feff3be000 	C:\windows\system32\IMM32.DLL
0x000007fefef90000 - 0x000007feff099000 	C:\windows\system32\MSCTF.dll
0x0000000068000000 - 0x0000000068056000 	C:\windows\system32\QIPCAP64.DLL
0x000007fefded0000 - 0x000007fefec5a000 	C:\windows\system32\SHELL32.dll
0x000007fefc890000 - 0x000007fefc8eb000 	C:\windows\system32\DNSAPI.dll
0x000007fefd5a0000 - 0x000007fefd5ed000 	C:\windows\system32\WS2_32.dll
0x000007fefdd90000 - 0x000007fefdd98000 	C:\windows\system32\NSI.dll
0x00000000796e0000 - 0x00000000797b2000 	C:\Program Files\Java\jdk1.8.0_121\jre\bin\msvcr100.dll
0x000000006fbb0000 - 0x000000007044b000 	C:\Program Files\Java\jdk1.8.0_121\jre\bin\server\jvm.dll
0x000007fefa630000 - 0x000007fefa639000 	C:\windows\system32\WSOCK32.dll
0x000007fefafe0000 - 0x000007fefb01b000 	C:\windows\system32\WINMM.dll
0x000007fefc2a0000 - 0x000007fefc2ac000 	C:\windows\system32\VERSION.dll
0x0000000077670000 - 0x0000000077677000 	C:\windows\system32\PSAPI.DLL
0x0000000060770000 - 0x000000006077f000 	C:\Program Files\Java\jdk1.8.0_121\jre\bin\verify.dll
0x000000006d650000 - 0x000000006d679000 	C:\Program Files\Java\jdk1.8.0_121\jre\bin\java.dll
0x0000000059640000 - 0x0000000059656000 	C:\Program Files\Java\jdk1.8.0_121\jre\bin\zip.dll
0x000007feff440000 - 0x000007feff643000 	C:\windows\system32\ole32.dll
0x000007fefd1e0000 - 0x000007fefd1ef000 	C:\windows\system32\profapi.dll
0x00000000023d0000 - 0x00000000023ea000 	C:\Program Files\Java\jdk1.8.0_121\jre\bin\net.dll
0x000007fefcaa0000 - 0x000007fefcaf5000 	C:\windows\system32\mswsock.dll
0x000007fefcb80000 - 0x000007fefcb87000 	C:\windows\System32\wship6.dll
0x000007fecb880000 - 0x000007fecc600000 	C:\Code\DataAnalysisBB\dataanalysis\SFResourceAllocator\lib\jniortools.dll
0x000007fedde90000 - 0x000007feddf2f000 	C:\windows\system32\MSVCP140.dll
0x000007feee990000 - 0x000007feee9a7000 	C:\windows\system32\VCRUNTIME140.dll
0x000007fefba20000 - 0x000007fefba24000 	C:\windows\system32\api-ms-win-crt-runtime-l1-1-0.dll
0x000007fed83f0000 - 0x000007fed84e4000 	C:\windows\system32\ucrtbase.DLL
0x000007feeea70000 - 0x000007feeea73000 	C:\windows\system32\api-ms-win-core-timezone-l1-1-0.dll
0x000007feeea20000 - 0x000007feeea23000 	C:\windows\system32\api-ms-win-core-file-l2-1-0.dll
0x000007feee980000 - 0x000007feee983000 	C:\windows\system32\api-ms-win-core-localization-l1-2-0.dll
0x000007feee970000 - 0x000007feee973000 	C:\windows\system32\api-ms-win-core-synch-l1-2-0.dll
0x000007feee960000 - 0x000007feee963000 	C:\windows\system32\api-ms-win-core-processthreads-l1-1-1.dll
0x000007feee950000 - 0x000007feee953000 	C:\windows\system32\api-ms-win-core-file-l1-2-0.dll
0x000007feee100000 - 0x000007feee104000 	C:\windows\system32\api-ms-win-crt-string-l1-1-0.dll
0x000007feee0f0000 - 0x000007feee0f3000 	C:\windows\system32\api-ms-win-crt-heap-l1-1-0.dll
0x000007feee0e0000 - 0x000007feee0e4000 	C:\windows\system32\api-ms-win-crt-stdio-l1-1-0.dll
0x000007fee0420000 - 0x000007fee0424000 	C:\windows\system32\api-ms-win-crt-convert-l1-1-0.dll
0x000007fee0410000 - 0x000007fee0413000 	C:\windows\system32\api-ms-win-crt-locale-l1-1-0.dll
0x000007fee0400000 - 0x000007fee0405000 	C:\windows\system32\api-ms-win-crt-math-l1-1-0.dll
0x000007fee03f0000 - 0x000007fee03f5000 	C:\windows\system32\api-ms-win-crt-multibyte-l1-1-0.dll
0x000007fee03e0000 - 0x000007fee03e3000 	C:\windows\system32\api-ms-win-crt-time-l1-1-0.dll
0x000007fee03d0000 - 0x000007fee03d3000 	C:\windows\system32\api-ms-win-crt-filesystem-l1-1-0.dll
0x000007fee03c0000 - 0x000007fee03c3000 	C:\windows\system32\api-ms-win-crt-environment-l1-1-0.dll
0x000007fee03b0000 - 0x000007fee03b3000 	C:\windows\system32\api-ms-win-crt-utility-l1-1-0.dll
0x000007fefa640000 - 0x000007fefa765000 	C:\windows\system32\dbghelp.dll

VM Arguments:
jvm_args: -Djava.library.path=lib -Dfile.encoding=Cp1252 
java_command: com.saiglobal.sf.allocator.main.ResourceAllocator -ai com.saiglobal.sf.allocator.implementation.ResourceAllocatorMIPUK -includePipeline false -logLevel INFO
java_class_path (initial): C:\Code\DataAnalysisBB\dataanalysis\SFResourceAllocator\bin;C:\Code\DataAnalysis\SFResourceAllocator\lib\org.apache.log4j_1.2.13.v200903072027.jar;C:\Code\DataAnalysisBB\dataanalysis\SFCore\bin;C:\Code\DataAnalysis\SFCore\lib\commons-cli-1.2.jar;C:\Code\DataAnalysis\SFCore\lib\commons-logging-1.1.3.jar;C:\Code\DataAnalysis\SFCore\lib\geocoder-java-0.15.jar;C:\Code\DataAnalysis\SFCore\lib\gson-2.2.4.jar;C:\Code\DataAnalysis\SFCore\lib\org.apache.log4j_1.2.13.v200903072027.jar;C:\Code\DataAnalysis\SFCore\lib\jsch-0.1.50.jar;C:\Code\DataAnalysis\SFCore\lib\sqljdbc4.jar;C:\Code\DataAnalysis\SFCore\lib\javax.mail.jar;C:\Code\DataAnalysis\SFCore\lib\mysql-connector-java-5.1.35-bin.jar;C:\Code\DataAnalysis\SFCore\lib\commons-lang-2.5.jar;C:\Code\DataAnalysis\SFCore\lib\force-wsc-32.0.0.jar;C:\Code\DataAnalysis\SFCore\lib\wsc.partner.32.jar;C:\Code\DataAnalysisBB\dataanalysis\SFResourceAllocator\lib\com.google.ortools.jar;C:\Code\DataAnalysisBB\dataanalysis\SFResourceAllocator\lib\protobuf.jar
Launcher Type: SUN_STANDARD

Environment Variables:
PATH=C:/Program Files/Java/jre1.8.0_121/bin/server;C:/Program Files/Java/jre1.8.0_121/bin;C:/Program Files/Java/jre1.8.0_121/lib/amd64;C:\ProgramData\Oracle\Java\javapath;C:\windows\system32;C:\windows;C:\windows\System32\Wbem;C:\windows\System32\WindowsPowerShell\v1.0\;C:\Program Files (x86)\Common Files\Roxio Shared\DLLShared\;C:\Program Files (x86)\Common Files\Roxio Shared\10.0\DLLShared\;C:\Program Files (x86)\ATI Technologies\ATI.ACE\Core-Static;C:\Program Files (x86)\MySQL\MySQL Utilities 1.4\;C:\Program Files (x86)\MySQL\MySQL Utilities 1.4\Doctrine extensions for PHP\;C:\Program Files\nodejs\;C:\TDM-GCC-64\bin;C:\Users\conluc0\AppData\Local\Continuum\Anaconda;C:\Users\conluc0\AppData\Local\Continuum\Anaconda\Scripts;C:\Users\conluc0\AppData\Roaming\npm;C:\TDM-GCC-64\bin;C:\eclipse;
USERNAME=conluc0
OS=Windows_NT
PROCESSOR_IDENTIFIER=Intel64 Family 6 Model 69 Stepping 1, GenuineIntel



---------------  S Y S T E M  ---------------

OS: Windows 7 , 64 bit Build 7601 (6.1.7601.23572)

CPU:total 4 (2 cores per cpu, 2 threads per core) family 6 model 69 stepping 1, cmov, cx8, fxsr, mmx, sse, sse2, sse3, ssse3, sse4.1, sse4.2, popcnt, avx, avx2, aes, clmul, erms, lzcnt, ht, tsc, tscinvbit, bmi1, bmi2

Memory: 4k page, physical 8283244k(4448380k free), swap 16564628k(12128976k free)

vm_info: Java HotSpot(TM) 64-Bit Server VM (25.121-b13) for windows-amd64 JRE (1.8.0_121-b13), built on Dec 12 2016 18:21:36 by "java_re" with MS VC++ 10.0 (VS2010)

time: Thu Mar 09 16:04:15 2017
elapsed time: 114 seconds (0d 0h 1m 54s)

