#
# A fatal error has been detected by the Java Runtime Environment:
#
#  EXCEPTION_UNCAUGHT_CXX_EXCEPTION (0xe06d7363) at pc=0x000007fefd5da06d, pid=3160, tid=0x0000000000000538
#
# JRE version: Java(TM) SE Runtime Environment (8.0_121-b13) (build 1.8.0_121-b13)
# Java VM: Java HotSpot(TM) 64-Bit Server VM (25.121-b13 mixed mode windows-amd64 compressed oops)
# Problematic frame:
# C  [KERNELBASE.dll+0x1a06d]
#
# Failed to write core dump. Minidumps are not enabled by default on client versions of Windows
#
# If you would like to submit a bug report, please visit:
#   http://bugreport.java.com/bugreport/crash.jsp
# The crash happened outside the Java Virtual Machine in native code.
# See problematic frame for where to report the bug.
#

---------------  T H R E A D  ---------------

Current thread (0x000000000203e800):  JavaThread "main" [_thread_in_native, id=1336, stack(0x0000000002200000,0x0000000002300000)]

siginfo: ExceptionCode=0xe06d7363, ExceptionInformation=0x0000000019930520 0x00000000022e2400 0x000007fed884c2b0 0x000007fed7bd0000 

Registers:
RAX=0x0000000076b6ffc5, RBX=0x000000006088b328, RCX=0x00000000022e1c80, RDX=0x00000000000000d0
RSP=0x00000000022e2290, RBP=0x00000000022e23c0, RSI=0x000007fed884c2b0, RDI=0x000000000001ae29
R8 =0x0000000000000000, R9 =0x0000000000000000, R10=0x000007fed7bd0000, R11=0x00000000022e22d0
R12=0x00000000022e2688, R13=0x00000000022e2690, R14=0x00000000022e2400, R15=0x000000000001ae29
RIP=0x000007fefd5da06d, EFLAGS=0x0000000000000206

Top of Stack: (sp=0x00000000022e2290)
0x00000000022e2290:   000000006088b328 000007fed884c2b0
0x00000000022e22a0:   000000000001ae29 72642073776f7200
0x00000000022e22b0:   00000001e06d7363 0000000000000000
0x00000000022e22c0:   000007fefd5da06d 000007fe00000004
0x00000000022e22d0:   0000000019930520 00000000022e2400
0x00000000022e22e0:   000007fed884c2b0 000007fed7bd0000
0x00000000022e22f0:   00000000c0000017 00000000022e2378
0x00000000022e2300:   000000006088b328 000000006088b368
0x00000000022e2310:   00000000000fa820 00000000022e2400
0x00000000022e2320:   00000002a60a76e0 000000000001ae29
0x00000000022e2330:   00000000022e2400 00000000022e2690
0x00000000022e2340:   00000000022e2688 000000000001ae29
0x00000000022e2350:   000007fed884c2b0 000007fefa9944f2
0x00000000022e2360:   000000006088b328 00000000022e23e0
0x00000000022e2370:   0000000200000001 000007fed7bd0110
0x00000000022e2380:   00000001e06d7363 0000000000000000 

Instructions: (pc=0x000007fefd5da06d)
0x000007fefd5da04d:   54 24 24 48 89 4c 24 28 4d 85 c9 0f 85 6a 03 00
0x000007fefd5da05d:   00 89 4c 24 38 48 8d 4c 24 20 ff 15 33 02 03 00
0x000007fefd5da06d:   48 81 c4 c8 00 00 00 c3 90 90 90 90 90 90 90 90
0x000007fefd5da07d:   90 90 90 48 83 ec 28 65 48 8b 04 25 30 00 00 00 


Register to memory mapping:

RAX=0x0000000076b6ffc5 is an unknown value
RBX=0x000000006088b328 is an unknown value
RCX=0x00000000022e1c80 is pointing into the stack for thread: 0x000000000203e800
RDX=0x00000000000000d0 is an unknown value
RSP=0x00000000022e2290 is pointing into the stack for thread: 0x000000000203e800
RBP=0x00000000022e23c0 is pointing into the stack for thread: 0x000000000203e800
RSI=0x000007fed884c2b0 is an unknown value
RDI=0x000000000001ae29 is an unknown value
R8 =0x0000000000000000 is an unknown value
R9 =0x0000000000000000 is an unknown value
R10=0x000007fed7bd0000 is an unknown value
R11=0x00000000022e22d0 is pointing into the stack for thread: 0x000000000203e800
R12=0x00000000022e2688 is pointing into the stack for thread: 0x000000000203e800
R13=0x00000000022e2690 is pointing into the stack for thread: 0x000000000203e800
R14=0x00000000022e2400 is pointing into the stack for thread: 0x000000000203e800
R15=0x000000000001ae29 is an unknown value


Stack: [0x0000000002200000,0x0000000002300000],  sp=0x00000000022e2290,  free space=904k
Native frames: (J=compiled Java code, j=interpreted, Vv=VM code, C=native code)
C  [KERNELBASE.dll+0x1a06d]
C  [VCRUNTIME140.dll+0x44f2]
C  [jniortools.dll+0x949e07]
C  [jniortools.dll+0x948615]
C  [jniortools.dll+0x6c48c7]
C  [jniortools.dll+0x6c4e61]
C  [jniortools.dll+0x6c65bc]
C  [jniortools.dll+0x62b1fb]
C  [jniortools.dll+0x53d31a]
C  [jniortools.dll+0x54ebf3]
C  [jniortools.dll+0x54ef49]
C  [jniortools.dll+0x459dfc]
C  [jniortools.dll+0x440e7b]
C  [jniortools.dll+0x440f7b]
C  0x00000000025e7f74

Java frames: (J=compiled Java code, j=interpreted, Vv=VM code)
j  com.google.ortools.linearsolver.operations_research_linear_solverJNI.MPSolver_solve__SWIG_0(JLcom/google/ortools/linearsolver/MPSolver;)I+0
j  com.google.ortools.linearsolver.MPSolver.solve()Lcom/google/ortools/linearsolver/MPSolver$ResultStatus;+5
J 1766% C2 com.saiglobal.sf.allocator.processor.MIP4Processor.solve([[[[I)Lcom/saiglobal/sf/allocator/processor/MIP4Processor$SolverResult; (1647 bytes) @ 0x0000000002c938b8 [0x0000000002c91dc0+0x1af8]
j  com.saiglobal.sf.allocator.processor.MIP4Processor.scheduleBatch()Ljava/util/List;+231
j  com.saiglobal.sf.allocator.processor.MIP4Processor.execute()V+256
j  com.saiglobal.sf.allocator.main.ResourceAllocator.main([Ljava/lang/String;)V+382
v  ~StubRoutines::call_stub

---------------  P R O C E S S  ---------------

Java Threads: ( => current thread )
  0x00000000196db000 JavaThread "Abandoned connection cleanup thread" daemon [_thread_blocked, id=9940, stack(0x0000000019fe0000,0x000000001a0e0000)]
  0x0000000018ae9000 JavaThread "Service Thread" daemon [_thread_blocked, id=3972, stack(0x00000000192f0000,0x00000000193f0000)]
  0x0000000018a61000 JavaThread "C1 CompilerThread2" daemon [_thread_blocked, id=2672, stack(0x0000000019110000,0x0000000019210000)]
  0x000000001733f800 JavaThread "C2 CompilerThread1" daemon [_thread_blocked, id=3404, stack(0x0000000018ef0000,0x0000000018ff0000)]
  0x0000000017338000 JavaThread "C2 CompilerThread0" daemon [_thread_blocked, id=10068, stack(0x0000000018960000,0x0000000018a60000)]
  0x0000000017333800 JavaThread "Attach Listener" daemon [_thread_blocked, id=9644, stack(0x0000000018330000,0x0000000018430000)]
  0x0000000017332000 JavaThread "Signal Dispatcher" daemon [_thread_blocked, id=8480, stack(0x0000000018850000,0x0000000018950000)]
  0x000000001731b000 JavaThread "Finalizer" daemon [_thread_blocked, id=840, stack(0x0000000018750000,0x0000000018850000)]
  0x00000000172d3800 JavaThread "Reference Handler" daemon [_thread_blocked, id=5324, stack(0x00000000185e0000,0x00000000186e0000)]
=>0x000000000203e800 JavaThread "main" [_thread_in_native, id=1336, stack(0x0000000002200000,0x0000000002300000)]

Other Threads:
  0x00000000172cc000 VMThread [stack: 0x0000000018450000,0x0000000018550000] [id=3220]
  0x0000000018aef800 WatcherThread [stack: 0x0000000019530000,0x0000000019630000] [id=3196]

VM state:not at safepoint (normal execution)

VM Mutex/Monitor currently owned by a thread: None

Heap:
 PSYoungGen      total 126976K, used 112287K [0x00000000d5d80000, 0x00000000e0f80000, 0x0000000100000000)
  eden space 117760K, 87% used [0x00000000d5d80000,0x00000000dc22fd30,0x00000000dd080000)
  from space 9216K, 99% used [0x00000000de880000,0x00000000df178040,0x00000000df180000)
  to   space 24576K, 0% used [0x00000000dd080000,0x00000000dd080000,0x00000000de880000)
 ParOldGen       total 87552K, used 32363K [0x0000000081800000, 0x0000000086d80000, 0x00000000d5d80000)
  object space 87552K, 36% used [0x0000000081800000,0x000000008379ade8,0x0000000086d80000)
 Metaspace       used 12348K, capacity 12604K, committed 12672K, reserved 1060864K
  class space    used 1267K, capacity 1352K, committed 1408K, reserved 1048576K

Card table byte_map: [0x0000000011990000,0x0000000011d90000] byte_map_base: 0x0000000011584000

Marking Bits: (ParMarkBitMap*) 0x000000006fbeb6d0
 Begin Bits: [0x0000000012600000, 0x00000000145a0000)
 End Bits:   [0x00000000145a0000, 0x0000000016540000)

Polling page: 0x0000000001e90000

CodeCache: size=245760Kb used=6887Kb max_used=6900Kb free=238872Kb
 bounds [0x00000000025d0000, 0x0000000002ca0000, 0x00000000115d0000]
 total_blobs=2177 nmethods=1764 adapters=325
 compilation: enabled

Compilation events (10 events):
Event: 112.839 Thread 0x0000000017338000 nmethod 1767 0x0000000002bf2750 code [0x0000000002bf28a0, 0x0000000002bf29c8]
Event: 112.839 Thread 0x0000000017338000 1768       4       com.google.ortools.linearsolver.MPConstraint::<init> (15 bytes)
Event: 112.840 Thread 0x0000000017338000 nmethod 1768 0x0000000002bd4110 code [0x0000000002bd4240, 0x0000000002bd42d8]
Event: 112.895 Thread 0x000000001733f800 nmethod 1766% 0x0000000002c91790 code [0x0000000002c91dc0, 0x0000000002c95368]
Event: 156.284 Thread 0x0000000018a61000 1769       3       java.util.Date::setTime (11 bytes)
Event: 156.317 Thread 0x0000000018a61000 nmethod 1769 0x0000000002bf5f90 code [0x0000000002bf60e0, 0x0000000002bf6250]
Event: 242.967 Thread 0x0000000017338000 1770       4       java.lang.ref.ReferenceQueue::reallyPoll (66 bytes)
Event: 247.578 Thread 0x0000000017338000 nmethod 1770 0x0000000002bf5cd0 code [0x0000000002bf5e00, 0x0000000002bf5f38]
Event: 521.235 Thread 0x0000000017338000 1771   !   4       java.lang.ref.ReferenceQueue::remove (125 bytes)
Event: 521.471 Thread 0x0000000017338000 nmethod 1771 0x0000000002c00e90 code [0x0000000002c01000, 0x0000000002c01808]

GC Heap History (10 events):
Event: 98.259 GC heap before
{Heap before GC invocations=2 (full 0):
 PSYoungGen      total 38400K, used 38375K [0x00000000d5d80000, 0x00000000d8800000, 0x0000000100000000)
  eden space 33280K, 100% used [0x00000000d5d80000,0x00000000d7e00000,0x00000000d7e00000)
  from space 5120K, 99% used [0x00000000d7e00000,0x00000000d82f9e48,0x00000000d8300000)
  to   space 5120K, 0% used [0x00000000d8300000,0x00000000d8300000,0x00000000d8800000)
 ParOldGen       total 87552K, used 1536K [0x0000000081800000, 0x0000000086d80000, 0x00000000d5d80000)
  object space 87552K, 1% used [0x0000000081800000,0x00000000819803a8,0x0000000086d80000)
 Metaspace       used 12040K, capacity 12224K, committed 12416K, reserved 1060864K
  class space    used 1233K, capacity 1304K, committed 1408K, reserved 1048576K
Event: 98.265 GC heap after
Heap after GC invocations=2 (full 0):
 PSYoungGen      total 38400K, used 5104K [0x00000000d5d80000, 0x00000000d8800000, 0x0000000100000000)
  eden space 33280K, 0% used [0x00000000d5d80000,0x00000000d5d80000,0x00000000d7e00000)
  from space 5120K, 99% used [0x00000000d8300000,0x00000000d87fc050,0x00000000d8800000)
  to   space 5120K, 0% used [0x00000000d7e00000,0x00000000d7e00000,0x00000000d8300000)
 ParOldGen       total 87552K, used 4403K [0x0000000081800000, 0x0000000086d80000, 0x00000000d5d80000)
  object space 87552K, 5% used [0x0000000081800000,0x0000000081c4cde8,0x0000000086d80000)
 Metaspace       used 12040K, capacity 12224K, committed 12416K, reserved 1060864K
  class space    used 1233K, capacity 1304K, committed 1408K, reserved 1048576K
}
Event: 98.340 GC heap before
{Heap before GC invocations=3 (full 0):
 PSYoungGen      total 38400K, used 38384K [0x00000000d5d80000, 0x00000000d8800000, 0x0000000100000000)
  eden space 33280K, 100% used [0x00000000d5d80000,0x00000000d7e00000,0x00000000d7e00000)
  from space 5120K, 99% used [0x00000000d8300000,0x00000000d87fc050,0x00000000d8800000)
  to   space 5120K, 0% used [0x00000000d7e00000,0x00000000d7e00000,0x00000000d8300000)
 ParOldGen       total 87552K, used 4403K [0x0000000081800000, 0x0000000086d80000, 0x00000000d5d80000)
  object space 87552K, 5% used [0x0000000081800000,0x0000000081c4cde8,0x0000000086d80000)
 Metaspace       used 12046K, capacity 12232K, committed 12416K, reserved 1060864K
  class space    used 1233K, capacity 1304K, committed 1408K, reserved 1048576K
Event: 98.353 GC heap after
Heap after GC invocations=3 (full 0):
 PSYoungGen      total 38400K, used 5088K [0x00000000d5d80000, 0x00000000da880000, 0x0000000100000000)
  eden space 33280K, 0% used [0x00000000d5d80000,0x00000000d5d80000,0x00000000d7e00000)
  from space 5120K, 99% used [0x00000000d7e00000,0x00000000d82f8040,0x00000000d8300000)
  to   space 5120K, 0% used [0x00000000da380000,0x00000000da380000,0x00000000da880000)
 ParOldGen       total 87552K, used 4427K [0x0000000081800000, 0x0000000086d80000, 0x00000000d5d80000)
  object space 87552K, 5% used [0x0000000081800000,0x0000000081c52de8,0x0000000086d80000)
 Metaspace       used 12046K, capacity 12232K, committed 12416K, reserved 1060864K
  class space    used 1233K, capacity 1304K, committed 1408K, reserved 1048576K
}
Event: 98.472 GC heap before
{Heap before GC invocations=4 (full 0):
 PSYoungGen      total 38400K, used 38368K [0x00000000d5d80000, 0x00000000da880000, 0x0000000100000000)
  eden space 33280K, 100% used [0x00000000d5d80000,0x00000000d7e00000,0x00000000d7e00000)
  from space 5120K, 99% used [0x00000000d7e00000,0x00000000d82f8040,0x00000000d8300000)
  to   space 5120K, 0% used [0x00000000da380000,0x00000000da380000,0x00000000da880000)
 ParOldGen       total 87552K, used 4427K [0x0000000081800000, 0x0000000086d80000, 0x00000000d5d80000)
  object space 87552K, 5% used [0x0000000081800000,0x0000000081c52de8,0x0000000086d80000)
 Metaspace       used 12175K, capacity 12424K, committed 12672K, reserved 1060864K
  class space    used 1251K, capacity 1318K, committed 1408K, reserved 1048576K
Event: 98.477 GC heap after
Heap after GC invocations=4 (full 0):
 PSYoungGen      total 71680K, used 5088K [0x00000000d5d80000, 0x00000000da880000, 0x0000000100000000)
  eden space 66560K, 0% used [0x00000000d5d80000,0x00000000d5d80000,0x00000000d9e80000)
  from space 5120K, 99% used [0x00000000da380000,0x00000000da878040,0x00000000da880000)
  to   space 5120K, 0% used [0x00000000d9e80000,0x00000000d9e80000,0x00000000da380000)
 ParOldGen       total 87552K, used 4771K [0x0000000081800000, 0x0000000086d80000, 0x00000000d5d80000)
  object space 87552K, 5% used [0x0000000081800000,0x0000000081ca8de8,0x0000000086d80000)
 Metaspace       used 12175K, capacity 12424K, committed 12672K, reserved 1060864K
  class space    used 1251K, capacity 1318K, committed 1408K, reserved 1048576K
}
Event: 98.646 GC heap before
{Heap before GC invocations=5 (full 0):
 PSYoungGen      total 71680K, used 71648K [0x00000000d5d80000, 0x00000000da880000, 0x0000000100000000)
  eden space 66560K, 100% used [0x00000000d5d80000,0x00000000d9e80000,0x00000000d9e80000)
  from space 5120K, 99% used [0x00000000da380000,0x00000000da878040,0x00000000da880000)
  to   space 5120K, 0% used [0x00000000d9e80000,0x00000000d9e80000,0x00000000da380000)
 ParOldGen       total 87552K, used 4771K [0x0000000081800000, 0x0000000086d80000, 0x00000000d5d80000)
  object space 87552K, 5% used [0x0000000081800000,0x0000000081ca8de8,0x0000000086d80000)
 Metaspace       used 12181K, capacity 12430K, committed 12672K, reserved 1060864K
  class space    used 1251K, capacity 1319K, committed 1408K, reserved 1048576K
Event: 98.651 GC heap after
Heap after GC invocations=5 (full 0):
 PSYoungGen      total 71680K, used 5104K [0x00000000d5d80000, 0x00000000df180000, 0x0000000100000000)
  eden space 66560K, 0% used [0x00000000d5d80000,0x00000000d5d80000,0x00000000d9e80000)
  from space 5120K, 99% used [0x00000000d9e80000,0x00000000da37c030,0x00000000da380000)
  to   space 9216K, 0% used [0x00000000de880000,0x00000000de880000,0x00000000df180000)
 ParOldGen       total 87552K, used 7307K [0x0000000081800000, 0x0000000086d80000, 0x00000000d5d80000)
  object space 87552K, 8% used [0x0000000081800000,0x0000000081f22de8,0x0000000086d80000)
 Metaspace       used 12181K, capacity 12430K, committed 12672K, reserved 1060864K
  class space    used 1251K, capacity 1319K, committed 1408K, reserved 1048576K
}
Event: 98.840 GC heap before
{Heap before GC invocations=6 (full 0):
 PSYoungGen      total 71680K, used 71664K [0x00000000d5d80000, 0x00000000df180000, 0x0000000100000000)
  eden space 66560K, 100% used [0x00000000d5d80000,0x00000000d9e80000,0x00000000d9e80000)
  from space 5120K, 99% used [0x00000000d9e80000,0x00000000da37c030,0x00000000da380000)
  to   space 9216K, 0% used [0x00000000de880000,0x00000000de880000,0x00000000df180000)
 ParOldGen       total 87552K, used 7307K [0x0000000081800000, 0x0000000086d80000, 0x00000000d5d80000)
  object space 87552K, 8% used [0x0000000081800000,0x0000000081f22de8,0x0000000086d80000)
 Metaspace       used 12249K, capacity 12444K, committed 12672K, reserved 1060864K
  class space    used 1257K, capacity 1320K, committed 1408K, reserved 1048576K
Event: 98.881 GC heap after
Heap after GC invocations=6 (full 0):
 PSYoungGen      total 126976K, used 9184K [0x00000000d5d80000, 0x00000000e0f80000, 0x0000000100000000)
  eden space 117760K, 0% used [0x00000000d5d80000,0x00000000d5d80000,0x00000000dd080000)
  from space 9216K, 99% used [0x00000000de880000,0x00000000df178040,0x00000000df180000)
  to   space 24576K, 0% used [0x00000000dd080000,0x00000000dd080000,0x00000000de880000)
 ParOldGen       total 87552K, used 32363K [0x0000000081800000, 0x0000000086d80000, 0x00000000d5d80000)
  object space 87552K, 36% used [0x0000000081800000,0x000000008379ade8,0x0000000086d80000)
 Metaspace       used 12249K, capacity 12444K, committed 12672K, reserved 1060864K
  class space    used 1257K, capacity 1320K, committed 1408K, reserved 1048576K
}

Deoptimization events (10 events):
Event: 98.798 Thread 0x000000000203e800 Uncommon trap: reason=class_check action=maybe_recompile pc=0x0000000002acf678 method=java.util.stream.StreamOpFlag.fromCharacteristics(Ljava/util/Spliterator;)I @ 1
Event: 98.798 Thread 0x000000000203e800 Uncommon trap: reason=class_check action=maybe_recompile pc=0x0000000002acfd94 method=java.util.Spliterator.getExactSizeIfKnown()J @ 1
Event: 99.001 Thread 0x000000000203e800 Uncommon trap: reason=unreached action=reinterpret pc=0x0000000002bd06dc method=com.saiglobal.sf.allocator.processor.MIP4Processor.solve([[[[I)Lcom/saiglobal/sf/allocator/processor/MIP4Processor$SolverResult; @ 629
Event: 110.410 Thread 0x000000000203e800 Uncommon trap: reason=null_assert action=make_not_entrant pc=0x0000000002bc6fa4 method=com.saiglobal.sf.allocator.processor.MIP4Processor.scheduleBatch()Ljava/util/List; @ 132
Event: 110.636 Thread 0x000000000203e800 Uncommon trap: reason=predicate action=maybe_recompile pc=0x0000000002c21e28 method=com.saiglobal.sf.allocator.processor.MIP4Processor.solve([[[[I)Lcom/saiglobal/sf/allocator/processor/MIP4Processor$SolverResult; @ 434
Event: 110.723 Thread 0x000000000203e800 Uncommon trap: reason=unstable_if action=reinterpret pc=0x0000000002c2c310 method=com.saiglobal.sf.allocator.processor.MIP4Processor.solve([[[[I)Lcom/saiglobal/sf/allocator/processor/MIP4Processor$SolverResult; @ 458
Event: 110.724 Thread 0x000000000203e800 Uncommon trap: reason=predicate action=maybe_recompile pc=0x0000000002bf7dbc method=com.saiglobal.sf.allocator.processor.MIP4Processor.solve([[[[I)Lcom/saiglobal/sf/allocator/processor/MIP4Processor$SolverResult; @ 434
Event: 112.696 Thread 0x000000000203e800 Uncommon trap: reason=unreached action=reinterpret pc=0x0000000002c4177c method=com.saiglobal.sf.allocator.processor.MIP4Processor.solve([[[[I)Lcom/saiglobal/sf/allocator/processor/MIP4Processor$SolverResult; @ 784
Event: 112.741 Thread 0x000000000203e800 Uncommon trap: reason=unreached action=reinterpret pc=0x0000000002c64378 method=com.saiglobal.sf.allocator.processor.MIP4Processor.solve([[[[I)Lcom/saiglobal/sf/allocator/processor/MIP4Processor$SolverResult; @ 1055
Event: 112.819 Thread 0x000000000203e800 Uncommon trap: reason=unstable_if action=reinterpret pc=0x0000000002c865e0 method=com.saiglobal.sf.allocator.processor.MIP4Processor.solve([[[[I)Lcom/saiglobal/sf/allocator/processor/MIP4Processor$SolverResult; @ 933

Internal exceptions (10 events):
Event: 0.568 Thread 0x000000000203e800 Exception <a 'java/lang/ClassNotFoundException': org/apache/log4j/AppenderSkeletonCustomizer> (0x00000000d6285ac8) thrown at [C:\re\workspace\8-2-build-windows-amd64-cygwin\jdk8u121\8372\hotspot\src\share\vm\classfile\systemDictionary.cpp, line 210]
Event: 0.569 Thread 0x000000000203e800 Exception <a 'java/lang/ClassNotFoundException': org/apache/log4j/WriterAppenderCustomizer> (0x00000000d62a0478) thrown at [C:\re\workspace\8-2-build-windows-amd64-cygwin\jdk8u121\8372\hotspot\src\share\vm\classfile\systemDictionary.cpp, line 210]
Event: 0.570 Thread 0x000000000203e800 Exception <a 'java/lang/ClassNotFoundException': org/apache/log4j/FileAppenderCustomizer> (0x00000000d62b3c60) thrown at [C:\re\workspace\8-2-build-windows-amd64-cygwin\jdk8u121\8372\hotspot\src\share\vm\classfile\systemDictionary.cpp, line 210]
Event: 0.571 Thread 0x000000000203e800 Exception <a 'java/lang/ClassNotFoundException': org/apache/log4j/RollingFileAppenderCustomizer> (0x00000000d62c76c0) thrown at [C:\re\workspace\8-2-build-windows-amd64-cygwin\jdk8u121\8372\hotspot\src\share\vm\classfile\systemDictionary.cpp, line 210]
Event: 0.577 Thread 0x000000000203e800 Exception <a 'java/lang/ClassNotFoundException': org/apache/log4j/ConsoleAppenderBeanInfo> (0x00000000d62f0dd0) thrown at [C:\re\workspace\8-2-build-windows-amd64-cygwin\jdk8u121\8372\hotspot\src\share\vm\classfile\systemDictionary.cpp, line 210]
Event: 0.577 Thread 0x000000000203e800 Exception <a 'java/lang/ClassNotFoundException': org/apache/log4j/ConsoleAppenderCustomizer> (0x00000000d62f76a0) thrown at [C:\re\workspace\8-2-build-windows-amd64-cygwin\jdk8u121\8372\hotspot\src\share\vm\classfile\systemDictionary.cpp, line 210]
Event: 0.806 Thread 0x000000000203e800 Implicit null exception at 0x00000000027bed16 to 0x00000000027bf0c1
Event: 4.139 Thread 0x000000000203e800 Exception <a 'java/lang/NoSuchFieldError': method resolution failed> (0x00000000d6ed7c70) thrown at [C:\re\workspace\8-2-build-windows-amd64-cygwin\jdk8u121\8372\hotspot\src\share\vm\prims\methodHandles.cpp, line 1146]
Event: 4.145 Thread 0x000000000203e800 Exception <a 'java/lang/NoSuchFieldError': method resolution failed> (0x00000000d6ee4fa0) thrown at [C:\re\workspace\8-2-build-windows-amd64-cygwin\jdk8u121\8372\hotspot\src\share\vm\prims\methodHandles.cpp, line 1146]
Event: 98.438 Thread 0x000000000203e800 Exception <a 'java/lang/NoSuchMethodError': java.lang.Object.lambda$minBy$0(Ljava/util/Comparator;Ljava/lang/Object;Ljava/lang/Object;)Ljava/lang/Object;> (0x00000000d7a6e698) thrown at [C:\re\workspace\8-2-build-windows-amd64-cygwin\jdk8u121\8372\hotspot

Events (10 events):
Event: 112.717 Thread 0x000000000203e800 DEOPT PACKING pc=0x0000000002c54220 sp=0x00000000022feed0
Event: 112.717 Thread 0x000000000203e800 DEOPT UNPACKING pc=0x000000000261787f sp=0x00000000022fefb0 mode 0
Event: 112.741 Thread 0x000000000203e800 Uncommon trap: trap_request=0xffffffad fr.pc=0x0000000002c64378
Event: 112.741 Thread 0x000000000203e800 DEOPT PACKING pc=0x0000000002c64378 sp=0x00000000022ff2a0
Event: 112.741 Thread 0x000000000203e800 DEOPT UNPACKING pc=0x000000000261582a sp=0x00000000022ff240 mode 2
Event: 112.819 Thread 0x000000000203e800 DEOPT PACKING pc=0x0000000002c7223d sp=0x00000000022fef20
Event: 112.819 Thread 0x000000000203e800 DEOPT UNPACKING pc=0x000000000261787f sp=0x00000000022fefb0 mode 0
Event: 112.819 Thread 0x000000000203e800 Uncommon trap: trap_request=0xffffff65 fr.pc=0x0000000002c865e0
Event: 112.819 Thread 0x000000000203e800 DEOPT PACKING pc=0x0000000002c865e0 sp=0x00000000022ff280
Event: 112.819 Thread 0x000000000203e800 DEOPT UNPACKING pc=0x000000000261582a sp=0x00000000022ff240 mode 2


Dynamic libraries:
0x000000013ffe0000 - 0x0000000140017000 	C:\Program Files\Java\jdk1.8.0_121\bin\javaw.exe
0x0000000077600000 - 0x00000000777aa000 	C:\windows\SYSTEM32\ntdll.dll
0x00000000773e0000 - 0x00000000774ff000 	C:\windows\system32\kernel32.dll
0x000007fefd5c0000 - 0x000007fefd62a000 	C:\windows\system32\KERNELBASE.dll
0x000007fefde40000 - 0x000007fefdf1b000 	C:\windows\system32\ADVAPI32.dll
0x000007fefdf20000 - 0x000007fefdfbf000 	C:\windows\system32\msvcrt.dll
0x000007fefe970000 - 0x000007fefe98f000 	C:\windows\SYSTEM32\sechost.dll
0x000007fefd830000 - 0x000007fefd95d000 	C:\windows\system32\RPCRT4.dll
0x0000000077500000 - 0x00000000775fa000 	C:\windows\system32\USER32.dll
0x000007fefdfc0000 - 0x000007fefe027000 	C:\windows\system32\GDI32.dll
0x000007fefe2d0000 - 0x000007fefe2de000 	C:\windows\system32\LPK.dll
0x000007feff720000 - 0x000007feff7ea000 	C:\windows\system32\USP10.dll
0x000007fefbd00000 - 0x000007fefbef4000 	C:\windows\WinSxS\amd64_microsoft.windows.common-controls_6595b64144ccf1df_6.0.7601.18837_none_fa3b1e3d17594757\COMCTL32.dll
0x000007feff7f0000 - 0x000007feff861000 	C:\windows\system32\SHLWAPI.dll
0x000007fefe940000 - 0x000007fefe96e000 	C:\windows\system32\IMM32.DLL
0x000007fefe1c0000 - 0x000007fefe2c9000 	C:\windows\system32\MSCTF.dll
0x0000000068000000 - 0x0000000068056000 	C:\windows\system32\QIPCAP64.DLL
0x000007fefe990000 - 0x000007feff71a000 	C:\windows\system32\SHELL32.dll
0x000007fefc9b0000 - 0x000007fefca0b000 	C:\windows\system32\DNSAPI.dll
0x000007fefe360000 - 0x000007fefe3ad000 	C:\windows\system32\WS2_32.dll
0x000007fefd960000 - 0x000007fefd968000 	C:\windows\system32\NSI.dll
0x00000000550b0000 - 0x0000000055182000 	C:\Program Files\Java\jdk1.8.0_121\jre\bin\msvcr100.dll
0x000000006f3d0000 - 0x000000006fc6b000 	C:\Program Files\Java\jdk1.8.0_121\jre\bin\server\jvm.dll
0x000007fefaa40000 - 0x000007fefaa49000 	C:\windows\system32\WSOCK32.dll
0x000007fefb100000 - 0x000007fefb13b000 	C:\windows\system32\WINMM.dll
0x000007fefc3c0000 - 0x000007fefc3cc000 	C:\windows\system32\VERSION.dll
0x00000000777d0000 - 0x00000000777d7000 	C:\windows\system32\PSAPI.DLL
0x0000000063080000 - 0x000000006308f000 	C:\Program Files\Java\jdk1.8.0_121\jre\bin\verify.dll
0x0000000055200000 - 0x0000000055229000 	C:\Program Files\Java\jdk1.8.0_121\jre\bin\java.dll
0x0000000050cd0000 - 0x0000000050ce6000 	C:\Program Files\Java\jdk1.8.0_121\jre\bin\zip.dll
0x000007fefe6e0000 - 0x000007fefe8dc000 	C:\windows\system32\ole32.dll
0x000007fefd2f0000 - 0x000007fefd2ff000 	C:\windows\system32\profapi.dll
0x0000000062c00000 - 0x0000000062c0d000 	C:\Program Files\Java\jdk1.8.0_121\jre\bin\management.dll
0x0000000001fb0000 - 0x0000000001fca000 	C:\Program Files\Java\jdk1.8.0_121\jre\bin\net.dll
0x000007fefca70000 - 0x000007fefcac5000 	C:\windows\system32\mswsock.dll
0x000007fefcc70000 - 0x000007fefcc77000 	C:\windows\System32\wship6.dll
0x000007fefafd0000 - 0x000007fefafe5000 	C:\windows\system32\NLAapi.dll
0x000007fef0450000 - 0x000007fef0465000 	C:\windows\system32\napinsp.dll
0x000007fef0430000 - 0x000007fef0449000 	C:\windows\system32\pnrpnsp.dll
0x000007fef0420000 - 0x000007fef042b000 	C:\windows\System32\winrnr.dll
0x000007fef0410000 - 0x000007fef0420000 	C:\windows\system32\wshbth.dll
0x000007fefc870000 - 0x000007fefc877000 	C:\windows\System32\wshtcpip.dll
0x000007fefadd0000 - 0x000007fefadf7000 	C:\windows\system32\IPHLPAPI.DLL
0x000007fefadc0000 - 0x000007fefadcb000 	C:\windows\system32\WINNSI.DLL
0x000007fef7950000 - 0x000007fef7958000 	C:\windows\system32\rasadhlp.dll
0x000007fef8a50000 - 0x000007fef8aa3000 	C:\windows\System32\fwpuclnt.dll
0x000007fed7bd0000 - 0x000007fed8950000 	C:\Code\DataAnalysisBB\dataanalysis\SFResourceAllocator\lib\jniortools.dll
0x000007fede280000 - 0x000007fede31c000 	C:\windows\system32\MSVCP140.dll
0x000007fefa990000 - 0x000007fefa9a6000 	C:\windows\system32\VCRUNTIME140.dll
0x000007fefa980000 - 0x000007fefa984000 	C:\windows\system32\api-ms-win-crt-runtime-l1-1-0.dll
0x000007fee51b0000 - 0x000007fee52a4000 	C:\windows\system32\ucrtbase.DLL
0x000007fee51a0000 - 0x000007fee51a3000 	C:\windows\system32\api-ms-win-core-timezone-l1-1-0.dll
0x000007fee5190000 - 0x000007fee5193000 	C:\windows\system32\api-ms-win-core-file-l2-1-0.dll
0x000007fee50d0000 - 0x000007fee50d3000 	C:\windows\system32\api-ms-win-core-localization-l1-2-0.dll
0x000007fee7290000 - 0x000007fee7293000 	C:\windows\system32\api-ms-win-core-synch-l1-2-0.dll
0x000007fee50c0000 - 0x000007fee50c3000 	C:\windows\system32\api-ms-win-core-processthreads-l1-1-1.dll
0x000007fee50b0000 - 0x000007fee50b3000 	C:\windows\system32\api-ms-win-core-file-l1-2-0.dll
0x000007feeffb0000 - 0x000007feeffb4000 	C:\windows\system32\api-ms-win-crt-string-l1-1-0.dll
0x000007fefa650000 - 0x000007fefa653000 	C:\windows\system32\api-ms-win-crt-heap-l1-1-0.dll
0x000007feef690000 - 0x000007feef694000 	C:\windows\system32\api-ms-win-crt-stdio-l1-1-0.dll
0x000007feef680000 - 0x000007feef684000 	C:\windows\system32\api-ms-win-crt-convert-l1-1-0.dll
0x000007feef670000 - 0x000007feef673000 	C:\windows\system32\api-ms-win-crt-locale-l1-1-0.dll
0x000007feef660000 - 0x000007feef665000 	C:\windows\system32\api-ms-win-crt-math-l1-1-0.dll
0x000007feef5e0000 - 0x000007feef5e5000 	C:\windows\system32\api-ms-win-crt-multibyte-l1-1-0.dll
0x000007feef5a0000 - 0x000007feef5a3000 	C:\windows\system32\api-ms-win-crt-time-l1-1-0.dll
0x000007feef590000 - 0x000007feef593000 	C:\windows\system32\api-ms-win-crt-filesystem-l1-1-0.dll
0x000007feef090000 - 0x000007feef093000 	C:\windows\system32\api-ms-win-crt-environment-l1-1-0.dll
0x000007feef020000 - 0x000007feef023000 	C:\windows\system32\api-ms-win-crt-utility-l1-1-0.dll
0x000007fefaa70000 - 0x000007fefab95000 	C:\windows\system32\dbghelp.dll

VM Arguments:
jvm_args: -Djava.library.path=lib -Dfile.encoding=Cp1252 
java_command: com.saiglobal.sf.allocator.main.ResourceAllocator -ai com.saiglobal.sf.allocator.implementation.ResourceAllocatorMIPMilkRunsUK -includePipeline false -logLevel DEBUG -cp noOfMonth:6
java_class_path (initial): C:\Code\DataAnalysisBB\dataanalysis\SFResourceAllocator\bin;C:\Code\DataAnalysis\SFResourceAllocator\lib\org.apache.log4j_1.2.13.v200903072027.jar;C:\Code\DataAnalysisBB\dataanalysis\SFCore\bin;C:\Code\DataAnalysis\SFCore\lib\commons-cli-1.2.jar;C:\Code\DataAnalysis\SFCore\lib\commons-logging-1.1.3.jar;C:\Code\DataAnalysis\SFCore\lib\geocoder-java-0.15.jar;C:\Code\DataAnalysis\SFCore\lib\gson-2.2.4.jar;C:\Code\DataAnalysis\SFCore\lib\org.apache.log4j_1.2.13.v200903072027.jar;C:\Code\DataAnalysis\SFCore\lib\jsch-0.1.50.jar;C:\Code\DataAnalysis\SFCore\lib\sqljdbc4.jar;C:\Code\DataAnalysis\SFCore\lib\javax.mail.jar;C:\Code\DataAnalysis\SFCore\lib\mysql-connector-java-5.1.35-bin.jar;C:\Code\DataAnalysis\SFCore\lib\commons-lang-2.5.jar;C:\Code\DataAnalysis\SFCore\lib\force-wsc-32.0.0.jar;C:\Code\DataAnalysis\SFCore\lib\wsc.partner.32.jar;C:\Code\DataAnalysisBB\dataanalysis\SFResourceAllocator\lib\com.google.ortools.jar;C:\Code\DataAnalysisBB\dataanalysis\SFResourceAllocator\lib\protobuf.jar
Launcher Type: SUN_STANDARD

Environment Variables:
PATH=C:/Program Files/Java/jre1.8.0_121/bin/server;C:/Program Files/Java/jre1.8.0_121/bin;C:/Program Files/Java/jre1.8.0_121/lib/amd64;C:\Program Files\Microsoft MPI\Bin\;C:\ProgramData\Oracle\Java\javapath;C:\windows\system32;C:\windows;C:\windows\System32\Wbem;C:\windows\System32\WindowsPowerShell\v1.0\;C:\Program Files (x86)\Common Files\Roxio Shared\DLLShared\;C:\Program Files (x86)\Common Files\Roxio Shared\10.0\DLLShared\;C:\Program Files (x86)\ATI Technologies\ATI.ACE\Core-Static;C:\Program Files (x86)\MySQL\MySQL Utilities 1.4\;C:\Program Files (x86)\MySQL\MySQL Utilities 1.4\Doctrine extensions for PHP\;C:\Program Files\nodejs\;C:\TDM-GCC-64\bin;C:\Program Files\Microsoft SQL Server\130\Tools\Binn\;C:\Program Files\Anaconda3;C:\Program Files\Anaconda3\Scripts;C:\Program Files\Anaconda3\Library\bin;C:\Program Files\Git\cmd;C:\Program Files (x86)\Microsoft Visual Studio\2017\Community\Common7\Tools\;C:\Users\conluc0\Downloads\or-tools-master\tools\;C:\Program Files\TortoiseSVN\bin;C:\Program Files\CMake\bin;C:\Program Files\Java\jdk1.8.0_121\bin;C:\Program Files\Microsoft SQL Server\110\Tools\Binn\;C:\Program Files (x86)\Microsoft SDKs\TypeScript\1.0\;C:\Program Files\Microsoft SQL Server\120\Tools\Binn\;C:\Windows\System32;C:\Users\conluc0\AppData\Local\Continuum\Anaconda;C:\Users\conluc0\AppData\Local\Continuum\Anaconda\Scripts;C:\Users\conluc0\AppData\Roaming\npm;C:\TDM-GCC-64\bin;C:\eclipse;
USERNAME=conluc0
OS=Windows_NT
PROCESSOR_IDENTIFIER=Intel64 Family 6 Model 69 Stepping 1, GenuineIntel



---------------  S Y S T E M  ---------------

OS: Windows 7 , 64 bit Build 7601 (6.1.7601.23796)

CPU:total 4 (2 cores per cpu, 2 threads per core) family 6 model 69 stepping 1, cmov, cx8, fxsr, mmx, sse, sse2, sse3, ssse3, sse4.1, sse4.2, popcnt, avx, avx2, aes, clmul, erms, lzcnt, ht, tsc, tscinvbit, bmi1, bmi2

Memory: 4k page, physical 8283244k(75708k free), swap 33131116k(126996k free)

vm_info: Java HotSpot(TM) 64-Bit Server VM (25.121-b13) for windows-amd64 JRE (1.8.0_121-b13), built on Dec 12 2016 18:21:36 by "java_re" with MS VC++ 10.0 (VS2010)

time: Fri May 26 12:03:47 2017
elapsed time: 617 seconds (0d 0h 10m 17s)

