#
# A fatal error has been detected by the Java Runtime Environment:
#
#  EXCEPTION_ACCESS_VIOLATION (0xc0000005) at pc=0x000007fecba01b20, pid=11088, tid=0x0000000000000860
#
# JRE version: Java(TM) SE Runtime Environment (8.0_121-b13) (build 1.8.0_121-b13)
# Java VM: Java HotSpot(TM) 64-Bit Server VM (25.121-b13 mixed mode windows-amd64 compressed oops)
# Problematic frame:
# C  [jniortools.dll+0x441b20]
#
# Failed to write core dump. Minidumps are not enabled by default on client versions of Windows
#
# If you would like to submit a bug report, please visit:
#   http://bugreport.java.com/bugreport/crash.jsp
# The crash happened outside the Java Virtual Machine in native code.
# See problematic frame for where to report the bug.
#

---------------  T H R E A D  ---------------

Current thread (0x00000000026be000):  JavaThread "main" [_thread_in_native, id=2144, stack(0x0000000002720000,0x0000000002820000)]

siginfo: ExceptionCode=0xc0000005, reading address 0x0000000000000000

Registers:
RAX=0x0000000000000000, RBX=0x00000000003c7e10, RCX=0xe8f30cbac6c60000, RDX=0x000007feeb8355f0
RSP=0x000000000281eb60, RBP=0x000000000281ec60, RSI=0x0000000000000000, RDI=0x0000000000000000
R8 =0x000000000281d2b8, R9 =0x000000011b89ef51, R10=0x0000000000000000, R11=0x000000000281eb20
R12=0x0000000000000001, R13=0x000000000038e6c0, R14=0x0000000000000000, R15=0x0000000000000000
RIP=0x000007fecba01b20, EFLAGS=0x0000000000010206

Top of Stack: (sp=0x000000000281eb60)
0x000000000281eb60:   3fe0000000000000 000000000281ebc8
0x000000000281eb70:   00000000003c7e10 0000000000000000
0x000000000281eb80:   0000000000000000 0000000100000000
0x000000000281eb90:   0000000000000000 00000000003c7e10
0x000000000281eba0:   0000000000000000 fffffffffffffffe
0x000000000281ebb0:   00000000591f57e0 0000000000000000
0x000000000281ebc0:   0000000000000000 0000000000000000
0x000000000281ebd0:   0000000000000000 0000000000000000
0x000000000281ebe0:   0000000000000000 0000000000000000
0x000000000281ebf0:   000000000281ec00 0000000000000000
0x000000000281ec00:   0000000000000000 0000e8f30e3b2da6
0x000000000281ec10:   0000000000000000 0000000000000000
0x000000000281ec20:   0000000000000000 0000000000000000
0x000000000281ec30:   0000000000000000 0000000000000000
0x000000000281ec40:   0000000000000002 0000000000000000
0x000000000281ec50:   00000000d6bf73f8 0000000000000000 

Instructions: (pc=0x000007fecba01b20)
0x000007fecba01b00:   0f b6 64 24 2c 66 66 66 0f 1f 84 00 00 00 00 00
0x000007fecba01b10:   48 8b 83 b0 00 00 00 4e 8b 2c f8 48 8b 44 24 68
0x000007fecba01b20:   f2 46 0f 10 04 f8 41 0f 28 fb 49 8b 5d 08 48 8b
0x000007fecba01b30:   1b 49 8b 7d 08 48 3b df 74 61 66 0f 1f 44 00 00 


Register to memory mapping:

RAX=0x0000000000000000 is an unknown value
RBX=0x00000000003c7e10 is an unknown value
RCX=0xe8f30cbac6c60000 is an unknown value
RDX=0x000007feeb8355f0 is an unknown value
RSP=0x000000000281eb60 is pointing into the stack for thread: 0x00000000026be000
RBP=0x000000000281ec60 is pointing into the stack for thread: 0x00000000026be000
RSI=0x0000000000000000 is an unknown value
RDI=0x0000000000000000 is an unknown value
R8 =0x000000000281d2b8 is pointing into the stack for thread: 0x00000000026be000
R9 =0x000000011b89ef51 is an unknown value
R10=0x0000000000000000 is an unknown value
R11=0x000000000281eb20 is pointing into the stack for thread: 0x00000000026be000
R12=0x0000000000000001 is an unknown value
R13=0x000000000038e6c0 is an unknown value
R14=0x0000000000000000 is an unknown value
R15=0x0000000000000000 is an unknown value


Stack: [0x0000000002720000,0x0000000002820000],  sp=0x000000000281eb60,  free space=1018k
Native frames: (J=compiled Java code, j=interpreted, Vv=VM code, C=native code)
C  [jniortools.dll+0x441b20]
C  0x0000000002b07f54

Java frames: (J=compiled Java code, j=interpreted, Vv=VM code)
j  com.google.ortools.linearsolver.operations_research_linear_solverJNI.MPSolver_verifySolution(JLcom/google/ortools/linearsolver/MPSolver;DZ)Z+0
J 1510% C1 com.saiglobal.sf.allocator.processor.MIP2Processor.schedule(Ljava/util/List;Ljava/util/List;)Ljava/util/List; (1407 bytes) @ 0x00000000030eefac [0x00000000030e8300+0x6cac]
j  com.saiglobal.sf.allocator.processor.MIP2Processor.execute()V+151
j  com.saiglobal.sf.allocator.main.ResourceAllocator.main([Ljava/lang/String;)V+305
v  ~StubRoutines::call_stub

---------------  P R O C E S S  ---------------

Java Threads: ( => current thread )
  0x0000000059be0800 JavaThread "Abandoned connection cleanup thread" daemon [_thread_blocked, id=10016, stack(0x000000005a360000,0x000000005a460000)]
  0x00000000591d9000 JavaThread "Service Thread" daemon [_thread_blocked, id=10628, stack(0x00000000597c0000,0x00000000598c0000)]
  0x000000005915a000 JavaThread "C1 CompilerThread2" daemon [_thread_blocked, id=3012, stack(0x0000000058b20000,0x0000000058c20000)]
  0x0000000059151000 JavaThread "C2 CompilerThread1" daemon [_thread_blocked, id=8660, stack(0x00000000595e0000,0x00000000596e0000)]
  0x0000000057860800 JavaThread "C2 CompilerThread0" daemon [_thread_blocked, id=10332, stack(0x0000000059050000,0x0000000059150000)]
  0x000000005785c000 JavaThread "Attach Listener" daemon [_thread_blocked, id=11552, stack(0x0000000058e00000,0x0000000058f00000)]
  0x000000005786f000 JavaThread "Signal Dispatcher" daemon [_thread_blocked, id=8744, stack(0x0000000058c90000,0x0000000058d90000)]
  0x0000000057849800 JavaThread "Finalizer" daemon [_thread_blocked, id=3500, stack(0x0000000058a10000,0x0000000058b10000)]
  0x0000000057802800 JavaThread "Reference Handler" daemon [_thread_blocked, id=4020, stack(0x0000000058870000,0x0000000058970000)]
=>0x00000000026be000 JavaThread "main" [_thread_in_native, id=2144, stack(0x0000000002720000,0x0000000002820000)]

Other Threads:
  0x00000000577fb000 VMThread [stack: 0x0000000058700000,0x0000000058800000] [id=7580]
  0x00000000591f1000 WatcherThread [stack: 0x0000000059970000,0x0000000059a70000] [id=3340]

VM state:not at safepoint (normal execution)

VM Mutex/Monitor currently owned by a thread: None

Heap:
 PSYoungGen      total 38400K, used 12970K [0x00000000d5d80000, 0x00000000da880000, 0x0000000100000000)
  eden space 33280K, 23% used [0x00000000d5d80000,0x00000000d652c6c8,0x00000000d7e00000)
  from space 5120K, 99% used [0x00000000d7e00000,0x00000000d82fe470,0x00000000d8300000)
  to   space 5120K, 0% used [0x00000000da380000,0x00000000da380000,0x00000000da880000)
 ParOldGen       total 87552K, used 25537K [0x0000000081800000, 0x0000000086d80000, 0x00000000d5d80000)
  object space 87552K, 29% used [0x0000000081800000,0x00000000830f0488,0x0000000086d80000)
 Metaspace       used 11944K, capacity 12186K, committed 12416K, reserved 1060864K
  class space    used 1212K, capacity 1301K, committed 1408K, reserved 1048576K

Card table byte_map: [0x0000000011eb0000,0x00000000122b0000] byte_map_base: 0x0000000011aa4000

Marking Bits: (ParMarkBitMap*) 0x0000000070acb6d0
 Begin Bits: [0x0000000012b30000, 0x0000000014ad0000)
 End Bits:   [0x0000000014ad0000, 0x0000000016a70000)

Polling page: 0x0000000001d30000

CodeCache: size=245760Kb used=6209Kb max_used=6221Kb free=239550Kb
 bounds [0x0000000002af0000, 0x0000000003110000, 0x0000000011af0000]
 total_blobs=1921 nmethods=1512 adapters=321
 compilation: enabled

Compilation events (10 events):
Event: 85.746 Thread 0x000000005915a000 1506       1       com.saiglobal.sf.core.model.WorkItem::getRequiredCompetencies (5 bytes)
Event: 85.746 Thread 0x000000005915a000 nmethod 1506 0x00000000030564d0 code [0x0000000003056620, 0x0000000003056730]
Event: 85.747 Thread 0x000000005915a000 1510 %     3       com.saiglobal.sf.allocator.processor.MIP2Processor::schedule @ 863 (1407 bytes)
Event: 85.747 Thread 0x0000000057860800 1511       4       com.google.ortools.linearsolver.MPObjective::setCoefficient (15 bytes)
Event: 85.747 Thread 0x0000000057860800 nmethod 1511 0x00000000030a0ed0 code [0x00000000030a1020, 0x00000000030a10c8]
Event: 85.764 Thread 0x000000005915a000 nmethod 1510% 0x00000000030e6e50 code [0x00000000030e8300, 0x00000000030f67e8]
Event: 85.768 Thread 0x0000000057860800 1512 %     4       com.saiglobal.sf.allocator.processor.MIP2Processor::schedule @ 863 (1407 bytes)
Event: 85.776 Thread 0x0000000059151000 1513       4       java.nio.CharBuffer::<init> (22 bytes)
Event: 85.778 Thread 0x0000000057860800 nmethod 1512% 0x00000000030c3390 code [0x00000000030c3500, 0x00000000030c3cc8]
Event: 85.778 Thread 0x0000000059151000 nmethod 1513 0x0000000003106190 code [0x00000000031062e0, 0x00000000031064d8]

GC Heap History (6 events):
Event: 52.631 GC heap before
{Heap before GC invocations=1 (full 0):
 PSYoungGen      total 38400K, used 33280K [0x00000000d5d80000, 0x00000000d8800000, 0x0000000100000000)
  eden space 33280K, 100% used [0x00000000d5d80000,0x00000000d7e00000,0x00000000d7e00000)
  from space 5120K, 0% used [0x00000000d8300000,0x00000000d8300000,0x00000000d8800000)
  to   space 5120K, 0% used [0x00000000d7e00000,0x00000000d7e00000,0x00000000d8300000)
 ParOldGen       total 87552K, used 0K [0x0000000081800000, 0x0000000086d80000, 0x00000000d5d80000)
  object space 87552K, 0% used [0x0000000081800000,0x0000000081800000,0x0000000086d80000)
 Metaspace       used 11182K, capacity 11368K, committed 11520K, reserved 1058816K
  class space    used 1133K, capacity 1208K, committed 1280K, reserved 1048576K
Event: 52.639 GC heap after
Heap after GC invocations=1 (full 0):
 PSYoungGen      total 38400K, used 5106K [0x00000000d5d80000, 0x00000000d8800000, 0x0000000100000000)
  eden space 33280K, 0% used [0x00000000d5d80000,0x00000000d5d80000,0x00000000d7e00000)
  from space 5120K, 99% used [0x00000000d7e00000,0x00000000d82fc920,0x00000000d8300000)
  to   space 5120K, 0% used [0x00000000d8300000,0x00000000d8300000,0x00000000d8800000)
 ParOldGen       total 87552K, used 1609K [0x0000000081800000, 0x0000000086d80000, 0x00000000d5d80000)
  object space 87552K, 1% used [0x0000000081800000,0x00000000819926a8,0x0000000086d80000)
 Metaspace       used 11182K, capacity 11368K, committed 11520K, reserved 1058816K
  class space    used 1133K, capacity 1208K, committed 1280K, reserved 1048576K
}
Event: 84.497 GC heap before
{Heap before GC invocations=2 (full 0):
 PSYoungGen      total 38400K, used 38386K [0x00000000d5d80000, 0x00000000d8800000, 0x0000000100000000)
  eden space 33280K, 100% used [0x00000000d5d80000,0x00000000d7e00000,0x00000000d7e00000)
  from space 5120K, 99% used [0x00000000d7e00000,0x00000000d82fc920,0x00000000d8300000)
  to   space 5120K, 0% used [0x00000000d8300000,0x00000000d8300000,0x00000000d8800000)
 ParOldGen       total 87552K, used 1609K [0x0000000081800000, 0x0000000086d80000, 0x00000000d5d80000)
  object space 87552K, 1% used [0x0000000081800000,0x00000000819926a8,0x0000000086d80000)
 Metaspace       used 11892K, capacity 12090K, committed 12288K, reserved 1060864K
  class space    used 1209K, capacity 1269K, committed 1280K, reserved 1048576K
Event: 84.505 GC heap after
Heap after GC invocations=2 (full 0):
 PSYoungGen      total 38400K, used 5113K [0x00000000d5d80000, 0x00000000d8800000, 0x0000000100000000)
  eden space 33280K, 0% used [0x00000000d5d80000,0x00000000d5d80000,0x00000000d7e00000)
  from space 5120K, 99% used [0x00000000d8300000,0x00000000d87fe490,0x00000000d8800000)
  to   space 5120K, 0% used [0x00000000d7e00000,0x00000000d7e00000,0x00000000d8300000)
 ParOldGen       total 87552K, used 3061K [0x0000000081800000, 0x0000000086d80000, 0x00000000d5d80000)
  object space 87552K, 3% used [0x0000000081800000,0x0000000081afd478,0x0000000086d80000)
 Metaspace       used 11892K, capacity 12090K, committed 12288K, reserved 1060864K
  class space    used 1209K, capacity 1269K, committed 1280K, reserved 1048576K
}
Event: 85.364 GC heap before
{Heap before GC invocations=3 (full 0):
 PSYoungGen      total 38400K, used 38393K [0x00000000d5d80000, 0x00000000d8800000, 0x0000000100000000)
  eden space 33280K, 100% used [0x00000000d5d80000,0x00000000d7e00000,0x00000000d7e00000)
  from space 5120K, 99% used [0x00000000d8300000,0x00000000d87fe490,0x00000000d8800000)
  to   space 5120K, 0% used [0x00000000d7e00000,0x00000000d7e00000,0x00000000d8300000)
 ParOldGen       total 87552K, used 3061K [0x0000000081800000, 0x0000000086d80000, 0x00000000d5d80000)
  object space 87552K, 3% used [0x0000000081800000,0x0000000081afd478,0x0000000086d80000)
 Metaspace       used 11928K, capacity 12186K, committed 12416K, reserved 1060864K
  class space    used 1210K, capacity 1301K, committed 1408K, reserved 1048576K
Event: 85.453 GC heap after
Heap after GC invocations=3 (full 0):
 PSYoungGen      total 38400K, used 5113K [0x00000000d5d80000, 0x00000000da880000, 0x0000000100000000)
  eden space 33280K, 0% used [0x00000000d5d80000,0x00000000d5d80000,0x00000000d7e00000)
  from space 5120K, 99% used [0x00000000d7e00000,0x00000000d82fe470,0x00000000d8300000)
  to   space 5120K, 0% used [0x00000000da380000,0x00000000da380000,0x00000000da880000)
 ParOldGen       total 87552K, used 25537K [0x0000000081800000, 0x0000000086d80000, 0x00000000d5d80000)
  object space 87552K, 29% used [0x0000000081800000,0x00000000830f0488,0x0000000086d80000)
 Metaspace       used 11928K, capacity 12186K, committed 12416K, reserved 1060864K
  class space    used 1210K, capacity 1301K, committed 1408K, reserved 1048576K
}

Deoptimization events (10 events):
Event: 3.694 Thread 0x00000000026be000 Uncommon trap: reason=unstable_if action=reinterpret pc=0x0000000002d55b30 method=sun.misc.MetaIndex.mayContain(Ljava/lang/String;)Z @ 38
Event: 3.740 Thread 0x00000000026be000 Uncommon trap: reason=class_check action=maybe_recompile pc=0x0000000002d66b18 method=java.util.Properties$LineReader.readLine()I @ 410
Event: 52.524 Thread 0x00000000026be000 Uncommon trap: reason=unstable_if action=reinterpret pc=0x0000000002d0a4ac method=java.util.HashMap.putVal(ILjava/lang/Object;Ljava/lang/Object;ZZ)Ljava/lang/Object; @ 94
Event: 52.642 Thread 0x00000000026be000 Uncommon trap: reason=unstable_if action=reinterpret pc=0x0000000002edcfe0 method=java.util.Calendar.setFieldsNormalized(I)V @ 3
Event: 81.211 Thread 0x00000000026be000 Uncommon trap: reason=bimorphic action=maybe_recompile pc=0x0000000002f3d294 method=java.util.concurrent.ConcurrentHashMap.get(Ljava/lang/Object;)Ljava/lang/Object; @ 149
Event: 84.324 Thread 0x00000000026be000 Uncommon trap: reason=unstable_if action=reinterpret pc=0x0000000002ef02cc method=java.text.DigitList.getStringBuffer()Ljava/lang/StringBuffer; @ 4
Event: 84.460 Thread 0x00000000026be000 Uncommon trap: reason=unstable_if action=reinterpret pc=0x0000000002dad834 method=java.util.ArrayList.rangeCheck(I)V @ 5
Event: 84.683 Thread 0x00000000026be000 Uncommon trap: reason=unreached action=reinterpret pc=0x0000000003017bd4 method=com.saiglobal.sf.allocator.processor.MIP2Processor.schedule(Ljava/util/List;Ljava/util/List;)Ljava/util/List; @ 654
Event: 85.686 Thread 0x00000000026be000 Uncommon trap: reason=unreached action=reinterpret pc=0x0000000003098ff0 method=com.saiglobal.sf.allocator.processor.MIP2Processor.schedule(Ljava/util/List;Ljava/util/List;)Ljava/util/List; @ 728
Event: 85.733 Thread 0x00000000026be000 Uncommon trap: reason=unstable_if action=reinterpret pc=0x00000000030c52cc method=com.saiglobal.sf.allocator.processor.MIP2Processor.schedule(Ljava/util/List;Ljava/util/List;)Ljava/util/List; @ 825

Internal exceptions (10 events):
Event: 0.292 Thread 0x00000000026be000 Exception <a 'java/lang/ClassNotFoundException': org/apache/log4j/WriterAppenderCustomizer> (0x00000000d62a1628) thrown at [C:\re\workspace\8-2-build-windows-amd64-cygwin\jdk8u121\8372\hotspot\src\share\vm\classfile\systemDictionary.cpp, line 210]
Event: 0.294 Thread 0x00000000026be000 Exception <a 'java/lang/ClassNotFoundException': org/apache/log4j/FileAppenderCustomizer> (0x00000000d62b4d28) thrown at [C:\re\workspace\8-2-build-windows-amd64-cygwin\jdk8u121\8372\hotspot\src\share\vm\classfile\systemDictionary.cpp, line 210]
Event: 0.295 Thread 0x00000000026be000 Exception <a 'java/lang/ClassNotFoundException': org/apache/log4j/RollingFileAppenderCustomizer> (0x00000000d62c85e8) thrown at [C:\re\workspace\8-2-build-windows-amd64-cygwin\jdk8u121\8372\hotspot\src\share\vm\classfile\systemDictionary.cpp, line 210]
Event: 0.302 Thread 0x00000000026be000 Exception <a 'java/lang/ClassNotFoundException': org/apache/log4j/ConsoleAppenderBeanInfo> (0x00000000d62f1cf8) thrown at [C:\re\workspace\8-2-build-windows-amd64-cygwin\jdk8u121\8372\hotspot\src\share\vm\classfile\systemDictionary.cpp, line 210]
Event: 0.302 Thread 0x00000000026be000 Exception <a 'java/lang/ClassNotFoundException': org/apache/log4j/ConsoleAppenderCustomizer> (0x00000000d62f85c8) thrown at [C:\re\workspace\8-2-build-windows-amd64-cygwin\jdk8u121\8372\hotspot\src\share\vm\classfile\systemDictionary.cpp, line 210]
Event: 0.423 Thread 0x00000000026be000 Implicit null exception at 0x0000000002ceacc6 to 0x0000000002ceb071
Event: 3.723 Thread 0x00000000026be000 Exception <a 'java/lang/NoSuchFieldError': method resolution failed> (0x00000000d6ec60b0) thrown at [C:\re\workspace\8-2-build-windows-amd64-cygwin\jdk8u121\8372\hotspot\src\share\vm\prims\methodHandles.cpp, line 1146]
Event: 3.729 Thread 0x00000000026be000 Exception <a 'java/lang/NoSuchFieldError': method resolution failed> (0x00000000d6ed33d0) thrown at [C:\re\workspace\8-2-build-windows-amd64-cygwin\jdk8u121\8372\hotspot\src\share\vm\prims\methodHandles.cpp, line 1146]
Event: 84.324 Thread 0x00000000026be000 Implicit null exception at 0x0000000002eee98a to 0x0000000002ef02b5
Event: 84.325 Thread 0x00000000026be000 Exception <a 'java/lang/NoSuchMethodError': java.lang.Object.lambda$minBy$0(Ljava/util/Comparator;Ljava/lang/Object;Ljava/lang/Object;)Ljava/lang/Object;> (0x00000000d6d7e718) thrown at [C:\re\workspace\8-2-build-windows-amd64-cygwin\jdk8u121\8372\hotspot

Events (10 events):
Event: 85.732 Thread 0x00000000026be000 DEOPT UNPACKING pc=0x0000000002b3787f sp=0x000000000281ef20 mode 0
Event: 85.733 Thread 0x00000000026be000 Uncommon trap: trap_request=0xffffff65 fr.pc=0x00000000030c52cc
Event: 85.733 Thread 0x00000000026be000 DEOPT PACKING pc=0x00000000030c52cc sp=0x000000000281f1f0
Event: 85.733 Thread 0x00000000026be000 DEOPT UNPACKING pc=0x0000000002b3582a sp=0x000000000281f1b0 mode 2
Event: 85.737 loading class com/google/ortools/linearsolver/MPObjective
Event: 85.737 loading class com/google/ortools/linearsolver/MPObjective done
Event: 89.389 loading class com/google/ortools/linearsolver/MPSolver$ResultStatus
Event: 89.389 loading class com/google/ortools/linearsolver/MPSolver$ResultStatus done
Event: 89.390 loading class com/google/ortools/linearsolver/MPSolver$ResultStatus$SwigNext
Event: 89.390 loading class com/google/ortools/linearsolver/MPSolver$ResultStatus$SwigNext done


Dynamic libraries:
0x000000013f2d0000 - 0x000000013f307000 	C:\Program Files\Java\jdk1.8.0_121\bin\javaw.exe
0x0000000076ed0000 - 0x000000007707a000 	C:\windows\SYSTEM32\ntdll.dll
0x0000000076cb0000 - 0x0000000076dcf000 	C:\windows\system32\kernel32.dll
0x000007fefcce0000 - 0x000007fefcd4a000 	C:\windows\system32\KERNELBASE.dll
0x000007fefe860000 - 0x000007fefe93b000 	C:\windows\system32\ADVAPI32.dll
0x000007fefed20000 - 0x000007fefedbf000 	C:\windows\system32\msvcrt.dll
0x000007fefedf0000 - 0x000007fefee0f000 	C:\windows\SYSTEM32\sechost.dll
0x000007fefd2b0000 - 0x000007fefd3dd000 	C:\windows\system32\RPCRT4.dll
0x0000000076dd0000 - 0x0000000076eca000 	C:\windows\system32\USER32.dll
0x000007fefd1a0000 - 0x000007fefd207000 	C:\windows\system32\GDI32.dll
0x000007fefef30000 - 0x000007fefef3e000 	C:\windows\system32\LPK.dll
0x000007fefd3e0000 - 0x000007fefd4aa000 	C:\windows\system32\USP10.dll
0x000007fefb190000 - 0x000007fefb384000 	C:\windows\WinSxS\amd64_microsoft.windows.common-controls_6595b64144ccf1df_6.0.7601.18837_none_fa3b1e3d17594757\COMCTL32.dll
0x000007fefeeb0000 - 0x000007fefef21000 	C:\windows\system32\SHLWAPI.dll
0x000007fefedc0000 - 0x000007fefedee000 	C:\windows\system32\IMM32.DLL
0x000007fefe940000 - 0x000007fefea49000 	C:\windows\system32\MSCTF.dll
0x0000000068000000 - 0x0000000068056000 	C:\windows\system32\QIPCAP64.DLL
0x000007fefda70000 - 0x000007fefe7fa000 	C:\windows\system32\SHELL32.dll
0x000007fefc2d0000 - 0x000007fefc32b000 	C:\windows\system32\DNSAPI.dll
0x000007fefda20000 - 0x000007fefda6d000 	C:\windows\system32\WS2_32.dll
0x000007feff1d0000 - 0x000007feff1d8000 	C:\windows\system32\NSI.dll
0x0000000079230000 - 0x0000000079302000 	C:\Program Files\Java\jdk1.8.0_121\jre\bin\msvcr100.dll
0x00000000702b0000 - 0x0000000070b4b000 	C:\Program Files\Java\jdk1.8.0_121\jre\bin\server\jvm.dll
0x000007fefa050000 - 0x000007fefa059000 	C:\windows\system32\WSOCK32.dll
0x000007fefaa00000 - 0x000007fefaa3b000 	C:\windows\system32\WINMM.dll
0x000007fefbce0000 - 0x000007fefbcec000 	C:\windows\system32\VERSION.dll
0x0000000077090000 - 0x0000000077097000 	C:\windows\system32\PSAPI.DLL
0x0000000067060000 - 0x000000006706f000 	C:\Program Files\Java\jdk1.8.0_121\jre\bin\verify.dll
0x000000005fd10000 - 0x000000005fd39000 	C:\Program Files\Java\jdk1.8.0_121\jre\bin\java.dll
0x0000000001d60000 - 0x0000000001d76000 	C:\Program Files\Java\jdk1.8.0_121\jre\bin\zip.dll
0x000007fefef40000 - 0x000007feff143000 	C:\windows\system32\ole32.dll
0x000007fefcc00000 - 0x000007fefcc0f000 	C:\windows\system32\profapi.dll
0x000000006f3e0000 - 0x000000006f3fa000 	C:\Program Files\Java\jdk1.8.0_121\jre\bin\net.dll
0x000007fefc4a0000 - 0x000007fefc4f5000 	C:\windows\system32\mswsock.dll
0x000007fefc470000 - 0x000007fefc477000 	C:\windows\System32\wship6.dll
0x000007fecb5c0000 - 0x000007fecc340000 	C:\Code\DataAnalysisBB\dataanalysis\SFResourceAllocator\lib\jniortools.dll
0x000007feeb850000 - 0x000007feeb8ef000 	C:\windows\system32\MSVCP140.dll
0x000007fefa650000 - 0x000007fefa667000 	C:\windows\system32\VCRUNTIME140.dll
0x000007fefba90000 - 0x000007fefba94000 	C:\windows\system32\api-ms-win-crt-runtime-l1-1-0.dll
0x000007feeb750000 - 0x000007feeb844000 	C:\windows\system32\ucrtbase.DLL
0x000007fefa680000 - 0x000007fefa683000 	C:\windows\system32\api-ms-win-core-timezone-l1-1-0.dll
0x000007fefa640000 - 0x000007fefa643000 	C:\windows\system32\api-ms-win-core-file-l2-1-0.dll
0x000007fefa630000 - 0x000007fefa633000 	C:\windows\system32\api-ms-win-core-localization-l1-2-0.dll
0x000007feec370000 - 0x000007feec373000 	C:\windows\system32\api-ms-win-core-synch-l1-2-0.dll
0x000007feec360000 - 0x000007feec363000 	C:\windows\system32\api-ms-win-core-processthreads-l1-1-1.dll
0x000007feec350000 - 0x000007feec353000 	C:\windows\system32\api-ms-win-core-file-l1-2-0.dll
0x000007feec340000 - 0x000007feec344000 	C:\windows\system32\api-ms-win-crt-string-l1-1-0.dll
0x000007feec320000 - 0x000007feec323000 	C:\windows\system32\api-ms-win-crt-heap-l1-1-0.dll
0x000007feec310000 - 0x000007feec314000 	C:\windows\system32\api-ms-win-crt-stdio-l1-1-0.dll
0x000007feeb740000 - 0x000007feeb744000 	C:\windows\system32\api-ms-win-crt-convert-l1-1-0.dll
0x000007feeb730000 - 0x000007feeb733000 	C:\windows\system32\api-ms-win-crt-locale-l1-1-0.dll
0x000007feeb720000 - 0x000007feeb725000 	C:\windows\system32\api-ms-win-crt-math-l1-1-0.dll
0x000007feeb710000 - 0x000007feeb715000 	C:\windows\system32\api-ms-win-crt-multibyte-l1-1-0.dll
0x000007feeb700000 - 0x000007feeb703000 	C:\windows\system32\api-ms-win-crt-time-l1-1-0.dll
0x000007feeb6f0000 - 0x000007feeb6f3000 	C:\windows\system32\api-ms-win-crt-filesystem-l1-1-0.dll
0x000007feeb6e0000 - 0x000007feeb6e3000 	C:\windows\system32\api-ms-win-crt-environment-l1-1-0.dll
0x000007feeb6d0000 - 0x000007feeb6d3000 	C:\windows\system32\api-ms-win-crt-utility-l1-1-0.dll
0x000007fefa060000 - 0x000007fefa185000 	C:\windows\system32\dbghelp.dll

VM Arguments:
jvm_args: -Djava.library.path=lib -Dfile.encoding=Cp1252 
java_command: com.saiglobal.sf.allocator.main.ResourceAllocator -ai com.saiglobal.sf.allocator.implementation.ResourceAllocatorMIPUK -includePipeline false -logLevel INFO
java_class_path (initial): C:\Code\DataAnalysisBB\dataanalysis\SFResourceAllocator\bin;C:\Code\DataAnalysis\SFResourceAllocator\lib\org.apache.log4j_1.2.13.v200903072027.jar;C:\Code\DataAnalysisBB\dataanalysis\SFCore\bin;C:\Code\DataAnalysis\SFCore\lib\commons-cli-1.2.jar;C:\Code\DataAnalysis\SFCore\lib\commons-logging-1.1.3.jar;C:\Code\DataAnalysis\SFCore\lib\geocoder-java-0.15.jar;C:\Code\DataAnalysis\SFCore\lib\gson-2.2.4.jar;C:\Code\DataAnalysis\SFCore\lib\org.apache.log4j_1.2.13.v200903072027.jar;C:\Code\DataAnalysis\SFCore\lib\jsch-0.1.50.jar;C:\Code\DataAnalysis\SFCore\lib\sqljdbc4.jar;C:\Code\DataAnalysis\SFCore\lib\javax.mail.jar;C:\Code\DataAnalysis\SFCore\lib\mysql-connector-java-5.1.35-bin.jar;C:\Code\DataAnalysis\SFCore\lib\commons-lang-2.5.jar;C:\Code\DataAnalysis\SFCore\lib\force-wsc-32.0.0.jar;C:\Code\DataAnalysis\SFCore\lib\wsc.partner.32.jar;C:\Code\DataAnalysisBB\dataanalysis\SFResourceAllocator\lib\com.google.ortools.jar;C:\Code\DataAnalysisBB\dataanalysis\SFResourceAllocator\lib\protobuf.jar
Launcher Type: SUN_STANDARD

Environment Variables:
PATH=C:/Program Files/Java/jre1.8.0_121/bin/server;C:/Program Files/Java/jre1.8.0_121/bin;C:/Program Files/Java/jre1.8.0_121/lib/amd64;C:\ProgramData\Oracle\Java\javapath;C:\windows\system32;C:\windows;C:\windows\System32\Wbem;C:\windows\System32\WindowsPowerShell\v1.0\;C:\Program Files (x86)\Common Files\Roxio Shared\DLLShared\;C:\Program Files (x86)\Common Files\Roxio Shared\10.0\DLLShared\;C:\Program Files (x86)\ATI Technologies\ATI.ACE\Core-Static;C:\Program Files (x86)\MySQL\MySQL Utilities 1.4\;C:\Program Files (x86)\MySQL\MySQL Utilities 1.4\Doctrine extensions for PHP\;C:\Program Files\nodejs\;C:\TDM-GCC-64\bin;C:\Users\conluc0\AppData\Local\Continuum\Anaconda;C:\Users\conluc0\AppData\Local\Continuum\Anaconda\Scripts;C:\Users\conluc0\AppData\Roaming\npm;C:\TDM-GCC-64\bin;C:\eclipse;
USERNAME=conluc0
OS=Windows_NT
PROCESSOR_IDENTIFIER=Intel64 Family 6 Model 69 Stepping 1, GenuineIntel



---------------  S Y S T E M  ---------------

OS: Windows 7 , 64 bit Build 7601 (6.1.7601.23572)

CPU:total 4 (2 cores per cpu, 2 threads per core) family 6 model 69 stepping 1, cmov, cx8, fxsr, mmx, sse, sse2, sse3, ssse3, sse4.1, sse4.2, popcnt, avx, avx2, aes, clmul, erms, lzcnt, ht, tsc, tscinvbit, bmi1, bmi2

Memory: 4k page, physical 8283244k(3898484k free), swap 16564628k(11517992k free)

vm_info: Java HotSpot(TM) 64-Bit Server VM (25.121-b13) for windows-amd64 JRE (1.8.0_121-b13), built on Dec 12 2016 18:21:36 by "java_re" with MS VC++ 10.0 (VS2010)

time: Tue Mar 07 11:23:44 2017
elapsed time: 96 seconds (0d 0h 1m 36s)

