#
# A fatal error has been detected by the Java Runtime Environment:
#
#  EXCEPTION_ACCESS_VIOLATION (0xc0000005) at pc=0x000007fecba01b20, pid=11868, tid=0x0000000000001d78
#
# JRE version: Java(TM) SE Runtime Environment (8.0_121-b13) (build 1.8.0_121-b13)
# Java VM: Java HotSpot(TM) 64-Bit Server VM (25.121-b13 mixed mode windows-amd64 compressed oops)
# Problematic frame:
# C  [jniortools.dll+0x441b20]
#
# Failed to write core dump. Minidumps are not enabled by default on client versions of Windows
#
# If you would like to submit a bug report, please visit:
#   http://bugreport.java.com/bugreport/crash.jsp
# The crash happened outside the Java Virtual Machine in native code.
# See problematic frame for where to report the bug.
#

---------------  T H R E A D  ---------------

Current thread (0x000000000242e000):  JavaThread "main" [_thread_in_native, id=7544, stack(0x0000000002550000,0x0000000002650000)]

siginfo: ExceptionCode=0xc0000005, reading address 0x0000000000000000

Registers:
RAX=0x0000000000000000, RBX=0x00000000003e7f20, RCX=0x87cbfd163d9a0000, RDX=0x000007feeb7155f0
RSP=0x000000000264f3a0, RBP=0x000000000264f4a0, RSI=0x0000000000000000, RDI=0x0000000000000000
R8 =0x000000000264daf8, R9 =0x000000005d71ef71, R10=0x0000000000000000, R11=0x000000000264f360
R12=0x0000000000000001, R13=0x00000000003ae6c0, R14=0x0000000000000000, R15=0x0000000000000000
RIP=0x000007fecba01b20, EFLAGS=0x0000000000010202

Top of Stack: (sp=0x000000000264f3a0)
0x000000000264f3a0:   3fe0000000000000 000000000264f408
0x000000000264f3b0:   00000000003e7f20 0000000000000000
0x000000000264f3c0:   0000000000000000 0000000100000000
0x000000000264f3d0:   0000000000000000 00000000003e7f20
0x000000000264f3e0:   0000000000000000 fffffffffffffffe
0x000000000264f3f0:   0000000058fa8980 0000000000000000
0x000000000264f400:   0000000000000000 0000000000000000
0x000000000264f410:   0000000000000000 0000000000000000
0x000000000264f420:   0000000000000000 0000000000000000
0x000000000264f430:   000000000264f400 0000000000000000
0x000000000264f440:   0000000000000000 000087cbff72ce3a
0x000000000264f450:   0000000000000000 0000000000000000
0x000000000264f460:   0000000000000000 0000000000000000
0x000000000264f470:   0000000000000000 0000000000000000
0x000000000264f480:   0000000000000002 0000000000000000
0x000000000264f490:   00000000d6bcd630 0000000000000000 

Instructions: (pc=0x000007fecba01b20)
0x000007fecba01b00:   0f b6 64 24 2c 66 66 66 0f 1f 84 00 00 00 00 00
0x000007fecba01b10:   48 8b 83 b0 00 00 00 4e 8b 2c f8 48 8b 44 24 68
0x000007fecba01b20:   f2 46 0f 10 04 f8 41 0f 28 fb 49 8b 5d 08 48 8b
0x000007fecba01b30:   1b 49 8b 7d 08 48 3b df 74 61 66 0f 1f 44 00 00 


Register to memory mapping:

RAX=0x0000000000000000 is an unknown value
RBX=0x00000000003e7f20 is an unknown value
RCX=0x87cbfd163d9a0000 is an unknown value
RDX=0x000007feeb7155f0 is an unknown value
RSP=0x000000000264f3a0 is pointing into the stack for thread: 0x000000000242e000
RBP=0x000000000264f4a0 is pointing into the stack for thread: 0x000000000242e000
RSI=0x0000000000000000 is an unknown value
RDI=0x0000000000000000 is an unknown value
R8 =0x000000000264daf8 is pointing into the stack for thread: 0x000000000242e000
R9 =0x000000005d71ef71 is an unknown value
R10=0x0000000000000000 is an unknown value
R11=0x000000000264f360 is pointing into the stack for thread: 0x000000000242e000
R12=0x0000000000000001 is an unknown value
R13=0x00000000003ae6c0 is an unknown value
R14=0x0000000000000000 is an unknown value
R15=0x0000000000000000 is an unknown value


Stack: [0x0000000002550000,0x0000000002650000],  sp=0x000000000264f3a0,  free space=1020k
Native frames: (J=compiled Java code, j=interpreted, Vv=VM code, C=native code)
C  [jniortools.dll+0x441b20]
C  0x0000000002937f54

Java frames: (J=compiled Java code, j=interpreted, Vv=VM code)
j  com.google.ortools.linearsolver.operations_research_linear_solverJNI.MPSolver_verifySolution(JLcom/google/ortools/linearsolver/MPSolver;DZ)Z+0
j  com.google.ortools.linearsolver.MPSolver.verifySolution(DZ)Z+7
j  com.saiglobal.sf.allocator.processor.MIP2Processor.schedule(Ljava/util/List;Ljava/util/List;)Ljava/util/List;+1185
j  com.saiglobal.sf.allocator.processor.MIP2Processor.execute()V+151
j  com.saiglobal.sf.allocator.main.ResourceAllocator.main([Ljava/lang/String;)V+305
v  ~StubRoutines::call_stub

---------------  P R O C E S S  ---------------

Java Threads: ( => current thread )
  0x0000000059a21000 JavaThread "Abandoned connection cleanup thread" daemon [_thread_blocked, id=8840, stack(0x000000005a220000,0x000000005a320000)]
  0x0000000058f9b800 JavaThread "Service Thread" daemon [_thread_blocked, id=9848, stack(0x0000000059380000,0x0000000059480000)]
  0x0000000058f6f000 JavaThread "C1 CompilerThread2" daemon [_thread_blocked, id=11036, stack(0x0000000059610000,0x0000000059710000)]
  0x0000000057606000 JavaThread "C2 CompilerThread1" daemon [_thread_blocked, id=2564, stack(0x00000000594d0000,0x00000000595d0000)]
  0x00000000575ff000 JavaThread "C2 CompilerThread0" daemon [_thread_blocked, id=8352, stack(0x0000000058e10000,0x0000000058f10000)]
  0x000000005760e000 JavaThread "Attach Listener" daemon [_thread_blocked, id=11448, stack(0x0000000058680000,0x0000000058780000)]
  0x000000005760d000 JavaThread "Signal Dispatcher" daemon [_thread_blocked, id=10952, stack(0x0000000058c20000,0x0000000058d20000)]
  0x00000000575e9800 JavaThread "Finalizer" daemon [_thread_blocked, id=7264, stack(0x0000000058ae0000,0x0000000058be0000)]
  0x00000000575a2800 JavaThread "Reference Handler" daemon [_thread_blocked, id=10268, stack(0x00000000588f0000,0x00000000589f0000)]
=>0x000000000242e000 JavaThread "main" [_thread_in_native, id=7544, stack(0x0000000002550000,0x0000000002650000)]

Other Threads:
  0x000000005759b000 VMThread [stack: 0x00000000587a0000,0x00000000588a0000] [id=9528]
  0x0000000058fa4000 WatcherThread [stack: 0x00000000597a0000,0x00000000598a0000] [id=10248]

VM state:not at safepoint (normal execution)

VM Mutex/Monitor currently owned by a thread: None

Heap:
 PSYoungGen      total 38400K, used 18394K [0x00000000d5d80000, 0x00000000d8800000, 0x0000000100000000)
  eden space 33280K, 39% used [0x00000000d5d80000,0x00000000d6a7a8b0,0x00000000d7e00000)
  from space 5120K, 99% used [0x00000000d8300000,0x00000000d87fc050,0x00000000d8800000)
  to   space 5120K, 0% used [0x00000000d7e00000,0x00000000d7e00000,0x00000000d8300000)
 ParOldGen       total 87552K, used 3142K [0x0000000081800000, 0x0000000086d80000, 0x00000000d5d80000)
  object space 87552K, 3% used [0x0000000081800000,0x0000000081b11b08,0x0000000086d80000)
 Metaspace       used 11921K, capacity 12122K, committed 12416K, reserved 1060864K
  class space    used 1213K, capacity 1301K, committed 1408K, reserved 1048576K

Card table byte_map: [0x0000000011ce0000,0x00000000120e0000] byte_map_base: 0x00000000118d4000

Marking Bits: (ParMarkBitMap*) 0x000000007096b6d0
 Begin Bits: [0x00000000128d0000, 0x0000000014870000)
 End Bits:   [0x0000000014870000, 0x0000000016810000)

Polling page: 0x0000000001db0000

CodeCache: size=245760Kb used=6074Kb max_used=6088Kb free=239685Kb
 bounds [0x0000000002920000, 0x0000000002f20000, 0x0000000011920000]
 total_blobs=1921 nmethods=1512 adapters=321
 compilation: enabled

Compilation events (10 events):
Event: 46.220 Thread 0x0000000057606000 nmethod 1507 0x0000000002eeb210 code [0x0000000002eeb360, 0x0000000002eeb408]
Event: 46.236 Thread 0x0000000058f6f000 nmethod 1506% 0x0000000002ef1110 code [0x0000000002ef25c0, 0x0000000002f00c38]
Event: 46.236 Thread 0x00000000575ff000 1508 %     4       com.saiglobal.sf.allocator.processor.MIP2Processor::schedule @ 902 (1565 bytes)
Event: 46.238 Thread 0x0000000058f6f000 1509       3       com.google.ortools.linearsolver.MPObjective::setCoefficient (15 bytes)
Event: 46.238 Thread 0x0000000058f6f000 nmethod 1509 0x0000000002eea950 code [0x0000000002eeaac0, 0x0000000002eead28]
Event: 46.239 Thread 0x0000000057606000 1511       4       com.google.ortools.linearsolver.MPObjective::setCoefficient (15 bytes)
Event: 46.240 Thread 0x0000000057606000 nmethod 1511 0x0000000002f11790 code [0x0000000002f118e0, 0x0000000002f11988]
Event: 46.246 Thread 0x00000000575ff000 nmethod 1508% 0x0000000002f11a90 code [0x0000000002f11c60, 0x0000000002f12668]
Event: 46.247 Thread 0x0000000057606000 1512 %     4       com.saiglobal.sf.allocator.processor.MIP2Processor::schedule @ 989 (1565 bytes)
Event: 46.258 Thread 0x0000000057606000 nmethod 1512% 0x0000000002eeb890 code [0x0000000002eeba20, 0x0000000002eec3c8]

GC Heap History (4 events):
Event: 19.936 GC heap before
{Heap before GC invocations=1 (full 0):
 PSYoungGen      total 38400K, used 33280K [0x00000000d5d80000, 0x00000000d8800000, 0x0000000100000000)
  eden space 33280K, 100% used [0x00000000d5d80000,0x00000000d7e00000,0x00000000d7e00000)
  from space 5120K, 0% used [0x00000000d8300000,0x00000000d8300000,0x00000000d8800000)
  to   space 5120K, 0% used [0x00000000d7e00000,0x00000000d7e00000,0x00000000d8300000)
 ParOldGen       total 87552K, used 0K [0x0000000081800000, 0x0000000086d80000, 0x00000000d5d80000)
  object space 87552K, 0% used [0x0000000081800000,0x0000000081800000,0x0000000086d80000)
 Metaspace       used 11169K, capacity 11368K, committed 11520K, reserved 1058816K
  class space    used 1133K, capacity 1208K, committed 1280K, reserved 1048576K
Event: 19.944 GC heap after
Heap after GC invocations=1 (full 0):
 PSYoungGen      total 38400K, used 5106K [0x00000000d5d80000, 0x00000000d8800000, 0x0000000100000000)
  eden space 33280K, 0% used [0x00000000d5d80000,0x00000000d5d80000,0x00000000d7e00000)
  from space 5120K, 99% used [0x00000000d7e00000,0x00000000d82fc940,0x00000000d8300000)
  to   space 5120K, 0% used [0x00000000d8300000,0x00000000d8300000,0x00000000d8800000)
 ParOldGen       total 87552K, used 1604K [0x0000000081800000, 0x0000000086d80000, 0x00000000d5d80000)
  object space 87552K, 1% used [0x0000000081800000,0x0000000081991108,0x0000000086d80000)
 Metaspace       used 11169K, capacity 11368K, committed 11520K, reserved 1058816K
  class space    used 1133K, capacity 1208K, committed 1280K, reserved 1048576K
}
Event: 45.037 GC heap before
{Heap before GC invocations=2 (full 0):
 PSYoungGen      total 38400K, used 38386K [0x00000000d5d80000, 0x00000000d8800000, 0x0000000100000000)
  eden space 33280K, 100% used [0x00000000d5d80000,0x00000000d7e00000,0x00000000d7e00000)
  from space 5120K, 99% used [0x00000000d7e00000,0x00000000d82fc940,0x00000000d8300000)
  to   space 5120K, 0% used [0x00000000d8300000,0x00000000d8300000,0x00000000d8800000)
 ParOldGen       total 87552K, used 1604K [0x0000000081800000, 0x0000000086d80000, 0x00000000d5d80000)
  object space 87552K, 1% used [0x0000000081800000,0x0000000081991108,0x0000000086d80000)
 Metaspace       used 11902K, capacity 12090K, committed 12288K, reserved 1060864K
  class space    used 1210K, capacity 1269K, committed 1280K, reserved 1048576K
Event: 45.045 GC heap after
Heap after GC invocations=2 (full 0):
 PSYoungGen      total 38400K, used 5104K [0x00000000d5d80000, 0x00000000d8800000, 0x0000000100000000)
  eden space 33280K, 0% used [0x00000000d5d80000,0x00000000d5d80000,0x00000000d7e00000)
  from space 5120K, 99% used [0x00000000d8300000,0x00000000d87fc050,0x00000000d8800000)
  to   space 5120K, 0% used [0x00000000d7e00000,0x00000000d7e00000,0x00000000d8300000)
 ParOldGen       total 87552K, used 3142K [0x0000000081800000, 0x0000000086d80000, 0x00000000d5d80000)
  object space 87552K, 3% used [0x0000000081800000,0x0000000081b11b08,0x0000000086d80000)
 Metaspace       used 11902K, capacity 12090K, committed 12288K, reserved 1060864K
  class space    used 1210K, capacity 1269K, committed 1280K, reserved 1048576K
}

Deoptimization events (10 events):
Event: 3.780 Thread 0x000000000242e000 Uncommon trap: reason=unstable_if action=reinterpret pc=0x0000000002b8ab30 method=sun.misc.MetaIndex.mayContain(Ljava/lang/String;)Z @ 38
Event: 3.823 Thread 0x000000000242e000 Uncommon trap: reason=class_check action=maybe_recompile pc=0x0000000002b99974 method=java.util.Properties$LineReader.readLine()I @ 410
Event: 19.823 Thread 0x000000000242e000 Uncommon trap: reason=unstable_if action=reinterpret pc=0x0000000002b377f8 method=java.util.HashMap.putVal(ILjava/lang/Object;Ljava/lang/Object;ZZ)Ljava/lang/Object; @ 94
Event: 19.955 Thread 0x000000000242e000 Uncommon trap: reason=unstable_if action=reinterpret pc=0x0000000002cb98e0 method=java.util.Calendar.setFieldsNormalized(I)V @ 3
Event: 41.763 Thread 0x000000000242e000 Uncommon trap: reason=bimorphic action=maybe_recompile pc=0x0000000002d62794 method=java.util.concurrent.ConcurrentHashMap.get(Ljava/lang/Object;)Ljava/lang/Object; @ 149
Event: 44.858 Thread 0x000000000242e000 Uncommon trap: reason=bimorphic action=maybe_recompile pc=0x0000000002d62794 method=java.util.concurrent.ConcurrentHashMap.get(Ljava/lang/Object;)Ljava/lang/Object; @ 149
Event: 44.873 Thread 0x000000000242e000 Uncommon trap: reason=unstable_if action=reinterpret pc=0x0000000002d178e4 method=java.text.DigitList.getStringBuffer()Ljava/lang/StringBuffer; @ 4
Event: 44.968 Thread 0x000000000242e000 Uncommon trap: reason=unstable_if action=reinterpret pc=0x0000000002bd9bb4 method=java.util.ArrayList.rangeCheck(I)V @ 5
Event: 45.110 Thread 0x000000000242e000 Uncommon trap: reason=unreached action=reinterpret pc=0x0000000002ea7aec method=com.saiglobal.sf.allocator.processor.MIP2Processor.schedule(Ljava/util/List;Ljava/util/List;)Ljava/util/List; @ 563
Event: 46.219 Thread 0x000000000242e000 Uncommon trap: reason=unreached action=reinterpret pc=0x0000000002eef6f0 method=com.saiglobal.sf.allocator.processor.MIP2Processor.schedule(Ljava/util/List;Ljava/util/List;)Ljava/util/List; @ 961

Internal exceptions (10 events):
Event: 0.344 Thread 0x000000000242e000 Exception <a 'java/lang/ClassNotFoundException': org/apache/log4j/WriterAppenderCustomizer> (0x00000000d62a1500) thrown at [C:\re\workspace\8-2-build-windows-amd64-cygwin\jdk8u121\8372\hotspot\src\share\vm\classfile\systemDictionary.cpp, line 210]
Event: 0.346 Thread 0x000000000242e000 Exception <a 'java/lang/ClassNotFoundException': org/apache/log4j/FileAppenderCustomizer> (0x00000000d62b4c00) thrown at [C:\re\workspace\8-2-build-windows-amd64-cygwin\jdk8u121\8372\hotspot\src\share\vm\classfile\systemDictionary.cpp, line 210]
Event: 0.348 Thread 0x000000000242e000 Exception <a 'java/lang/ClassNotFoundException': org/apache/log4j/RollingFileAppenderCustomizer> (0x00000000d62c86a0) thrown at [C:\re\workspace\8-2-build-windows-amd64-cygwin\jdk8u121\8372\hotspot\src\share\vm\classfile\systemDictionary.cpp, line 210]
Event: 0.355 Thread 0x000000000242e000 Exception <a 'java/lang/ClassNotFoundException': org/apache/log4j/ConsoleAppenderBeanInfo> (0x00000000d62f1db0) thrown at [C:\re\workspace\8-2-build-windows-amd64-cygwin\jdk8u121\8372\hotspot\src\share\vm\classfile\systemDictionary.cpp, line 210]
Event: 0.356 Thread 0x000000000242e000 Exception <a 'java/lang/ClassNotFoundException': org/apache/log4j/ConsoleAppenderCustomizer> (0x00000000d62f8680) thrown at [C:\re\workspace\8-2-build-windows-amd64-cygwin\jdk8u121\8372\hotspot\src\share\vm\classfile\systemDictionary.cpp, line 210]
Event: 0.478 Thread 0x000000000242e000 Implicit null exception at 0x0000000002b1d184 to 0x0000000002b1d549
Event: 3.811 Thread 0x000000000242e000 Exception <a 'java/lang/NoSuchFieldError': method resolution failed> (0x00000000d6ec6ea8) thrown at [C:\re\workspace\8-2-build-windows-amd64-cygwin\jdk8u121\8372\hotspot\src\share\vm\prims\methodHandles.cpp, line 1146]
Event: 3.812 Thread 0x000000000242e000 Exception <a 'java/lang/NoSuchFieldError': method resolution failed> (0x00000000d6ed41c8) thrown at [C:\re\workspace\8-2-build-windows-amd64-cygwin\jdk8u121\8372\hotspot\src\share\vm\prims\methodHandles.cpp, line 1146]
Event: 44.873 Thread 0x000000000242e000 Implicit null exception at 0x0000000002d15b15 to 0x0000000002d178c1
Event: 44.875 Thread 0x000000000242e000 Exception <a 'java/lang/NoSuchMethodError': java.lang.Object.lambda$minBy$0(Ljava/util/Comparator;Ljava/lang/Object;Ljava/lang/Object;)Ljava/lang/Object;> (0x00000000d6d5b368) thrown at [C:\re\workspace\8-2-build-windows-amd64-cygwin\jdk8u121\8372\hotspot

Events (10 events):
Event: 46.219 Thread 0x000000000242e000 DEOPT PACKING pc=0x0000000002eef6f0 sp=0x000000000264f670
Event: 46.219 Thread 0x000000000242e000 DEOPT UNPACKING pc=0x000000000296582a sp=0x000000000264f638 mode 2
Event: 46.237 loading class com/google/ortools/linearsolver/MPObjective
Event: 46.237 loading class com/google/ortools/linearsolver/MPObjective done
Event: 46.260 Thread 0x000000000242e000 DEOPT PACKING pc=0x0000000002eff523 sp=0x000000000264f280
Event: 46.260 Thread 0x000000000242e000 DEOPT UNPACKING pc=0x000000000296787f sp=0x000000000264f3a8 mode 0
Event: 53.674 loading class com/google/ortools/linearsolver/MPSolver$ResultStatus
Event: 53.674 loading class com/google/ortools/linearsolver/MPSolver$ResultStatus done
Event: 53.674 loading class com/google/ortools/linearsolver/MPSolver$ResultStatus$SwigNext
Event: 53.674 loading class com/google/ortools/linearsolver/MPSolver$ResultStatus$SwigNext done


Dynamic libraries:
0x000000013f7a0000 - 0x000000013f7d7000 	C:\Program Files\Java\jdk1.8.0_121\bin\javaw.exe
0x0000000076ed0000 - 0x000000007707a000 	C:\windows\SYSTEM32\ntdll.dll
0x0000000076cb0000 - 0x0000000076dcf000 	C:\windows\system32\kernel32.dll
0x000007fefcce0000 - 0x000007fefcd4a000 	C:\windows\system32\KERNELBASE.dll
0x000007fefe860000 - 0x000007fefe93b000 	C:\windows\system32\ADVAPI32.dll
0x000007fefed20000 - 0x000007fefedbf000 	C:\windows\system32\msvcrt.dll
0x000007fefedf0000 - 0x000007fefee0f000 	C:\windows\SYSTEM32\sechost.dll
0x000007fefd2b0000 - 0x000007fefd3dd000 	C:\windows\system32\RPCRT4.dll
0x0000000076dd0000 - 0x0000000076eca000 	C:\windows\system32\USER32.dll
0x000007fefd1a0000 - 0x000007fefd207000 	C:\windows\system32\GDI32.dll
0x000007fefef30000 - 0x000007fefef3e000 	C:\windows\system32\LPK.dll
0x000007fefd3e0000 - 0x000007fefd4aa000 	C:\windows\system32\USP10.dll
0x000007fefb190000 - 0x000007fefb384000 	C:\windows\WinSxS\amd64_microsoft.windows.common-controls_6595b64144ccf1df_6.0.7601.18837_none_fa3b1e3d17594757\COMCTL32.dll
0x000007fefeeb0000 - 0x000007fefef21000 	C:\windows\system32\SHLWAPI.dll
0x000007fefedc0000 - 0x000007fefedee000 	C:\windows\system32\IMM32.DLL
0x000007fefe940000 - 0x000007fefea49000 	C:\windows\system32\MSCTF.dll
0x0000000068000000 - 0x0000000068056000 	C:\windows\system32\QIPCAP64.DLL
0x000007fefda70000 - 0x000007fefe7fa000 	C:\windows\system32\SHELL32.dll
0x000007fefc2d0000 - 0x000007fefc32b000 	C:\windows\system32\DNSAPI.dll
0x000007fefda20000 - 0x000007fefda6d000 	C:\windows\system32\WS2_32.dll
0x000007feff1d0000 - 0x000007feff1d8000 	C:\windows\system32\NSI.dll
0x00000000791c0000 - 0x0000000079292000 	C:\Program Files\Java\jdk1.8.0_121\jre\bin\msvcr100.dll
0x0000000070150000 - 0x00000000709eb000 	C:\Program Files\Java\jdk1.8.0_121\jre\bin\server\jvm.dll
0x000007fefa050000 - 0x000007fefa059000 	C:\windows\system32\WSOCK32.dll
0x000007fefaa00000 - 0x000007fefaa3b000 	C:\windows\system32\WINMM.dll
0x000007fefbce0000 - 0x000007fefbcec000 	C:\windows\system32\VERSION.dll
0x0000000077090000 - 0x0000000077097000 	C:\windows\system32\PSAPI.DLL
0x0000000060930000 - 0x000000006093f000 	C:\Program Files\Java\jdk1.8.0_121\jre\bin\verify.dll
0x000000005fd10000 - 0x000000005fd39000 	C:\Program Files\Java\jdk1.8.0_121\jre\bin\java.dll
0x000000006fef0000 - 0x000000006ff06000 	C:\Program Files\Java\jdk1.8.0_121\jre\bin\zip.dll
0x000007fefef40000 - 0x000007feff143000 	C:\windows\system32\ole32.dll
0x000007fefcc00000 - 0x000007fefcc0f000 	C:\windows\system32\profapi.dll
0x00000000023b0000 - 0x00000000023ca000 	C:\Program Files\Java\jdk1.8.0_121\jre\bin\net.dll
0x000007fefc4a0000 - 0x000007fefc4f5000 	C:\windows\system32\mswsock.dll
0x000007fefc470000 - 0x000007fefc477000 	C:\windows\System32\wship6.dll
0x000007fecb5c0000 - 0x000007fecc340000 	C:\Code\DataAnalysisBB\dataanalysis\SFResourceAllocator\lib\jniortools.dll
0x000007feeb760000 - 0x000007feeb7ff000 	C:\windows\system32\MSVCP140.dll
0x000007feeb740000 - 0x000007feeb757000 	C:\windows\system32\VCRUNTIME140.dll
0x000007feeb730000 - 0x000007feeb734000 	C:\windows\system32\api-ms-win-crt-runtime-l1-1-0.dll
0x000007feeb630000 - 0x000007feeb724000 	C:\windows\system32\ucrtbase.DLL
0x000007feeb620000 - 0x000007feeb623000 	C:\windows\system32\api-ms-win-core-timezone-l1-1-0.dll
0x000007feeb610000 - 0x000007feeb613000 	C:\windows\system32\api-ms-win-core-file-l2-1-0.dll
0x000007feeb600000 - 0x000007feeb603000 	C:\windows\system32\api-ms-win-core-localization-l1-2-0.dll
0x000007feeb5f0000 - 0x000007feeb5f3000 	C:\windows\system32\api-ms-win-core-synch-l1-2-0.dll
0x000007feeb5e0000 - 0x000007feeb5e3000 	C:\windows\system32\api-ms-win-core-processthreads-l1-1-1.dll
0x000007feeb5d0000 - 0x000007feeb5d3000 	C:\windows\system32\api-ms-win-core-file-l1-2-0.dll
0x000007feeb5c0000 - 0x000007feeb5c4000 	C:\windows\system32\api-ms-win-crt-string-l1-1-0.dll
0x000007feeb5b0000 - 0x000007feeb5b3000 	C:\windows\system32\api-ms-win-crt-heap-l1-1-0.dll
0x000007feeb5a0000 - 0x000007feeb5a4000 	C:\windows\system32\api-ms-win-crt-stdio-l1-1-0.dll
0x000007feeb590000 - 0x000007feeb594000 	C:\windows\system32\api-ms-win-crt-convert-l1-1-0.dll
0x000007feeb580000 - 0x000007feeb583000 	C:\windows\system32\api-ms-win-crt-locale-l1-1-0.dll
0x000007feeb570000 - 0x000007feeb575000 	C:\windows\system32\api-ms-win-crt-math-l1-1-0.dll
0x000007feeb560000 - 0x000007feeb565000 	C:\windows\system32\api-ms-win-crt-multibyte-l1-1-0.dll
0x000007feeb550000 - 0x000007feeb553000 	C:\windows\system32\api-ms-win-crt-time-l1-1-0.dll
0x000007feeb540000 - 0x000007feeb543000 	C:\windows\system32\api-ms-win-crt-filesystem-l1-1-0.dll
0x000007feeb530000 - 0x000007feeb533000 	C:\windows\system32\api-ms-win-crt-environment-l1-1-0.dll
0x000007feeb520000 - 0x000007feeb523000 	C:\windows\system32\api-ms-win-crt-utility-l1-1-0.dll
0x000007fefa060000 - 0x000007fefa185000 	C:\windows\system32\dbghelp.dll

VM Arguments:
jvm_args: -Djava.library.path=lib -Dfile.encoding=Cp1252 
java_command: com.saiglobal.sf.allocator.main.ResourceAllocator -ai com.saiglobal.sf.allocator.implementation.ResourceAllocatorMIPUK -includePipeline false -logLevel INFO
java_class_path (initial): C:\Code\DataAnalysisBB\dataanalysis\SFResourceAllocator\bin;C:\Code\DataAnalysis\SFResourceAllocator\lib\org.apache.log4j_1.2.13.v200903072027.jar;C:\Code\DataAnalysisBB\dataanalysis\SFCore\bin;C:\Code\DataAnalysis\SFCore\lib\commons-cli-1.2.jar;C:\Code\DataAnalysis\SFCore\lib\commons-logging-1.1.3.jar;C:\Code\DataAnalysis\SFCore\lib\geocoder-java-0.15.jar;C:\Code\DataAnalysis\SFCore\lib\gson-2.2.4.jar;C:\Code\DataAnalysis\SFCore\lib\org.apache.log4j_1.2.13.v200903072027.jar;C:\Code\DataAnalysis\SFCore\lib\jsch-0.1.50.jar;C:\Code\DataAnalysis\SFCore\lib\sqljdbc4.jar;C:\Code\DataAnalysis\SFCore\lib\javax.mail.jar;C:\Code\DataAnalysis\SFCore\lib\mysql-connector-java-5.1.35-bin.jar;C:\Code\DataAnalysis\SFCore\lib\commons-lang-2.5.jar;C:\Code\DataAnalysis\SFCore\lib\force-wsc-32.0.0.jar;C:\Code\DataAnalysis\SFCore\lib\wsc.partner.32.jar;C:\Code\DataAnalysisBB\dataanalysis\SFResourceAllocator\lib\com.google.ortools.jar;C:\Code\DataAnalysisBB\dataanalysis\SFResourceAllocator\lib\protobuf.jar
Launcher Type: SUN_STANDARD

Environment Variables:
PATH=C:/Program Files/Java/jre1.8.0_121/bin/server;C:/Program Files/Java/jre1.8.0_121/bin;C:/Program Files/Java/jre1.8.0_121/lib/amd64;C:\ProgramData\Oracle\Java\javapath;C:\windows\system32;C:\windows;C:\windows\System32\Wbem;C:\windows\System32\WindowsPowerShell\v1.0\;C:\Program Files (x86)\Common Files\Roxio Shared\DLLShared\;C:\Program Files (x86)\Common Files\Roxio Shared\10.0\DLLShared\;C:\Program Files (x86)\ATI Technologies\ATI.ACE\Core-Static;C:\Program Files (x86)\MySQL\MySQL Utilities 1.4\;C:\Program Files (x86)\MySQL\MySQL Utilities 1.4\Doctrine extensions for PHP\;C:\Program Files\nodejs\;C:\TDM-GCC-64\bin;C:\Users\conluc0\AppData\Local\Continuum\Anaconda;C:\Users\conluc0\AppData\Local\Continuum\Anaconda\Scripts;C:\Users\conluc0\AppData\Roaming\npm;C:\TDM-GCC-64\bin;C:\eclipse;
USERNAME=conluc0
OS=Windows_NT
PROCESSOR_IDENTIFIER=Intel64 Family 6 Model 69 Stepping 1, GenuineIntel



---------------  S Y S T E M  ---------------

OS: Windows 7 , 64 bit Build 7601 (6.1.7601.23572)

CPU:total 4 (2 cores per cpu, 2 threads per core) family 6 model 69 stepping 1, cmov, cx8, fxsr, mmx, sse, sse2, sse3, ssse3, sse4.1, sse4.2, popcnt, avx, avx2, aes, clmul, erms, lzcnt, ht, tsc, tscinvbit, bmi1, bmi2

Memory: 4k page, physical 8283244k(3449168k free), swap 16564628k(11059704k free)

vm_info: Java HotSpot(TM) 64-Bit Server VM (25.121-b13) for windows-amd64 JRE (1.8.0_121-b13), built on Dec 12 2016 18:21:36 by "java_re" with MS VC++ 10.0 (VS2010)

time: Tue Mar 07 13:31:38 2017
elapsed time: 58 seconds (0d 0h 0m 58s)

