#
# A fatal error has been detected by the Java Runtime Environment:
#
#  EXCEPTION_ACCESS_VIOLATION (0xc0000005) at pc=0x000007fed1901b20, pid=10068, tid=7800
#
# JRE version: Java(TM) SE Runtime Environment (8.0_91-b14) (build 1.8.0_91-b14)
# Java VM: Java HotSpot(TM) 64-Bit Server VM (25.91-b14 mixed mode windows-amd64 compressed oops)
# Problematic frame:
# C  [jniortools.dll+0x441b20]
#
# Failed to write core dump. Minidumps are not enabled by default on client versions of Windows
#
# If you would like to submit a bug report, please visit:
#   http://bugreport.java.com/bugreport/crash.jsp
# The crash happened outside the Java Virtual Machine in native code.
# See problematic frame for where to report the bug.
#

---------------  T H R E A D  ---------------

Current thread (0x0000000001dcf000):  JavaThread "main" [_thread_in_native, id=7800, stack(0x0000000002550000,0x0000000002650000)]

siginfo: ExceptionCode=0xc0000005, reading address 0x0000000000000000

Registers:
RAX=0x0000000000000000, RBX=0x0000000000356aa0, RCX=0xb4c6ecdd06720000, RDX=0x000007fed2fa55f0
RSP=0x000000000264ed20, RBP=0x000000000264ee20, RSI=0x0000000000000000, RDI=0x0000000000000000
R8 =0x000000000264d478, R9 =0x0000000059ec3b41, R10=0x0000000000000000, R11=0x000000000264ece0
R12=0x0000000000000001, R13=0x000000000037cdd0, R14=0x0000000000000000, R15=0x0000000000000000
RIP=0x000007fed1901b20, EFLAGS=0x0000000000010202

Top of Stack: (sp=0x000000000264ed20)
0x000000000264ed20:   3fe0000000000000 000000000264ed88
0x000000000264ed30:   0000000000356aa0 0000000000000000
0x000000000264ed40:   0000000000000000 0000000100000000
0x000000000264ed50:   0000000000000000 0000000000356aa0
0x000000000264ed60:   0000000000000000 fffffffffffffffe
0x000000000264ed70:   0000000057660c10 0000000000000000
0x000000000264ed80:   0000000000000000 0000000000000000
0x000000000264ed90:   0000000000000000 0000000000000000
0x000000000264eda0:   0000000000000000 0000000000000000
0x000000000264edb0:   000000000264ee00 0000000000000000
0x000000000264edc0:   0000000000000000 0000b4c6eeb9eb52
0x000000000264edd0:   0000000000000001 0000000000000000
0x000000000264ede0:   0000000000000002 0000000000000000
0x000000000264edf0:   00000000d5f62520 0000000000000000
0x000000000264ee00:   0000000000000001 0000000000000000
0x000000000264ee10:   0000000000000013 0000000000000000 

Instructions: (pc=0x000007fed1901b20)
0x000007fed1901b00:   0f b6 64 24 2c 66 66 66 0f 1f 84 00 00 00 00 00
0x000007fed1901b10:   48 8b 83 b0 00 00 00 4e 8b 2c f8 48 8b 44 24 68
0x000007fed1901b20:   f2 46 0f 10 04 f8 41 0f 28 fb 49 8b 5d 08 48 8b
0x000007fed1901b30:   1b 49 8b 7d 08 48 3b df 74 61 66 0f 1f 44 00 00 


Register to memory mapping:

RAX=0x0000000000000000 is an unknown value
RBX=0x0000000000356aa0 is an unknown value
RCX=0xb4c6ecdd06720000 is an unknown value
RDX=0x000007fed2fa55f0 is an unknown value
RSP=0x000000000264ed20 is pointing into the stack for thread: 0x0000000001dcf000
RBP=0x000000000264ee20 is pointing into the stack for thread: 0x0000000001dcf000
RSI=0x0000000000000000 is an unknown value
RDI=0x0000000000000000 is an unknown value
R8 =0x000000000264d478 is pointing into the stack for thread: 0x0000000001dcf000
R9 =0x0000000059ec3b41 is an unknown value
R10=0x0000000000000000 is an unknown value
R11=0x000000000264ece0 is pointing into the stack for thread: 0x0000000001dcf000
R12=0x0000000000000001 is an unknown value
R13=0x000000000037cdd0 is an unknown value
R14=0x0000000000000000 is an unknown value
R15=0x0000000000000000 is an unknown value


Stack: [0x0000000002550000,0x0000000002650000],  sp=0x000000000264ed20,  free space=1019k
Native frames: (J=compiled Java code, j=interpreted, Vv=VM code, C=native code)
C  [jniortools.dll+0x441b20]
C  0x0000000002940fcc

Java frames: (J=compiled Java code, j=interpreted, Vv=VM code)
j  com.google.ortools.linearsolver.operations_research_linear_solverJNI.MPSolver_verifySolution(JLcom/google/ortools/linearsolver/MPSolver;DZ)Z+0
j  com.google.ortools.linearsolver.MPSolver.verifySolution(DZ)Z+7
j  com.saiglobal.sf.allocator.processor.MIPProcessor.schedule(Ljava/util/List;Ljava/util/List;)Ljava/util/List;+601
j  com.saiglobal.sf.allocator.processor.MIPProcessor.execute()V+151
j  com.saiglobal.sf.allocator.main.ResourceAllocator.main([Ljava/lang/String;)V+305
v  ~StubRoutines::call_stub

---------------  P R O C E S S  ---------------

Java Threads: ( => current thread )
  0x000000005a412800 JavaThread "Abandoned connection cleanup thread" daemon [_thread_blocked, id=13028, stack(0x000000005ab90000,0x000000005ac90000)]
  0x0000000059017000 JavaThread "Service Thread" daemon [_thread_blocked, id=1420, stack(0x000000005a130000,0x000000005a230000)]
  0x0000000058fab000 JavaThread "C1 CompilerThread2" daemon [_thread_blocked, id=6900, stack(0x0000000059ed0000,0x0000000059fd0000)]
  0x0000000058fa3800 JavaThread "C2 CompilerThread1" daemon [_thread_blocked, id=2764, stack(0x0000000059cd0000,0x0000000059dd0000)]
  0x0000000058f9e000 JavaThread "C2 CompilerThread0" daemon [_thread_blocked, id=10232, stack(0x00000000597e0000,0x00000000598e0000)]
  0x0000000058f93000 JavaThread "JDWP Command Reader" daemon [_thread_in_native, id=7760, stack(0x0000000059af0000,0x0000000059bf0000)]
  0x0000000058f8f800 JavaThread "JDWP Event Helper Thread" daemon [_thread_blocked, id=6528, stack(0x0000000059960000,0x0000000059a60000)]
  0x0000000058f8a800 JavaThread "JDWP Transport Listener: dt_socket" daemon [_thread_blocked, id=5648, stack(0x00000000596a0000,0x00000000597a0000)]
  0x0000000057675000 JavaThread "Attach Listener" daemon [_thread_blocked, id=11904, stack(0x0000000058e80000,0x0000000058f80000)]
  0x000000005767f000 JavaThread "Signal Dispatcher" daemon [_thread_blocked, id=13100, stack(0x0000000058cc0000,0x0000000058dc0000)]
  0x000000005765d000 JavaThread "Finalizer" daemon [_thread_blocked, id=9780, stack(0x0000000058a40000,0x0000000058b40000)]
  0x0000000057616000 JavaThread "Reference Handler" daemon [_thread_blocked, id=9456, stack(0x0000000058890000,0x0000000058990000)]
=>0x0000000001dcf000 JavaThread "main" [_thread_in_native, id=7800, stack(0x0000000002550000,0x0000000002650000)]

Other Threads:
  0x000000005760e800 VMThread [stack: 0x00000000585a0000,0x00000000586a0000] [id=6952]
  0x0000000059022800 WatcherThread [stack: 0x000000005a000000,0x000000005a100000] [id=7604]

VM state:not at safepoint (normal execution)

VM Mutex/Monitor currently owned by a thread: None

Heap:
 PSYoungGen      total 38400K, used 24478K [0x00000000d5d80000, 0x00000000d8800000, 0x0000000100000000)
  eden space 33280K, 58% used [0x00000000d5d80000,0x00000000d70690e8,0x00000000d7e00000)
  from space 5120K, 99% used [0x00000000d8300000,0x00000000d87fe860,0x00000000d8800000)
  to   space 5120K, 0% used [0x00000000d7e00000,0x00000000d7e00000,0x00000000d8300000)
 ParOldGen       total 87552K, used 3785K [0x0000000081800000, 0x0000000086d80000, 0x00000000d5d80000)
  object space 87552K, 4% used [0x0000000081800000,0x0000000081bb26e8,0x0000000086d80000)
 Metaspace       used 11752K, capacity 11992K, committed 12160K, reserved 1060864K
  class space    used 1191K, capacity 1296K, committed 1408K, reserved 1048576K

Card table byte_map: [0x0000000011ce0000,0x00000000120e0000] byte_map_base: 0x00000000118d4000

Marking Bits: (ParMarkBitMap*) 0x0000000070852f70
 Begin Bits: [0x0000000012940000, 0x00000000148e0000)
 End Bits:   [0x00000000148e0000, 0x0000000016880000)

Polling page: 0x0000000001db0000

CodeCache: size=245760Kb used=6116Kb max_used=6187Kb free=239643Kb
 bounds [0x0000000002920000, 0x0000000002f40000, 0x0000000011920000]
 total_blobs=1954 nmethods=1558 adapters=317
 compilation: enabled

Compilation events (10 events):
Event: 145.898 Thread 0x0000000058f9e000 nmethod 1609 0x0000000002ef2050 code [0x0000000002ef22c0, 0x0000000002ef5610]
Event: 145.898 Thread 0x0000000058f9e000 1656       4       java.util.ArrayList::indexOf (67 bytes)
Event: 145.910 Thread 0x0000000058f9e000 nmethod 1656 0x0000000002eeda50 code [0x0000000002eedbc0, 0x0000000002eee698]
Event: 145.910 Thread 0x0000000058f9e000 1654       4       com.saiglobal.sf.core.model.Competency::equals (34 bytes)
Event: 145.912 Thread 0x0000000058f9e000 nmethod 1654 0x0000000002eec090 code [0x0000000002eec1e0, 0x0000000002eec398]
Event: 145.912 Thread 0x0000000058f9e000 1586       4       java.util.Calendar::getDisplayName (154 bytes)
Event: 145.974 Thread 0x0000000058f9e000 nmethod 1586 0x0000000002efb210 code [0x0000000002efb560, 0x0000000002efe680]
Event: 145.974 Thread 0x0000000058f9e000 1581       4       sun.util.calendar.BaseCalendar::getFixedDate (324 bytes)
Event: 145.981 Thread 0x0000000058f9e000 nmethod 1581 0x0000000002eef210 code [0x0000000002eef3a0, 0x0000000002eefb20]
Event: 146.378 Thread 0x0000000058fa3800 nmethod 1574 0x0000000002f13890 code [0x0000000002f14280, 0x0000000002f24ef0]

GC Heap History (4 events):
Event: 118.837 GC heap before
{Heap before GC invocations=1 (full 0):
 PSYoungGen      total 38400K, used 33280K [0x00000000d5d80000, 0x00000000d8800000, 0x0000000100000000)
  eden space 33280K, 100% used [0x00000000d5d80000,0x00000000d7e00000,0x00000000d7e00000)
  from space 5120K, 0% used [0x00000000d8300000,0x00000000d8300000,0x00000000d8800000)
  to   space 5120K, 0% used [0x00000000d7e00000,0x00000000d7e00000,0x00000000d8300000)
 ParOldGen       total 87552K, used 0K [0x0000000081800000, 0x0000000086d80000, 0x00000000d5d80000)
  object space 87552K, 0% used [0x0000000081800000,0x0000000081800000,0x0000000086d80000)
 Metaspace       used 10992K, capacity 11148K, committed 11520K, reserved 1058816K
  class space    used 1120K, capacity 1176K, committed 1280K, reserved 1048576K
Event: 118.846 GC heap after
Heap after GC invocations=1 (full 0):
 PSYoungGen      total 38400K, used 5114K [0x00000000d5d80000, 0x00000000d8800000, 0x0000000100000000)
  eden space 33280K, 0% used [0x00000000d5d80000,0x00000000d5d80000,0x00000000d7e00000)
  from space 5120K, 99% used [0x00000000d7e00000,0x00000000d82fe840,0x00000000d8300000)
  to   space 5120K, 0% used [0x00000000d8300000,0x00000000d8300000,0x00000000d8800000)
 ParOldGen       total 87552K, used 2865K [0x0000000081800000, 0x0000000086d80000, 0x00000000d5d80000)
  object space 87552K, 3% used [0x0000000081800000,0x0000000081acc660,0x0000000086d80000)
 Metaspace       used 10992K, capacity 11148K, committed 11520K, reserved 1058816K
  class space    used 1120K, capacity 1176K, committed 1280K, reserved 1048576K
}
Event: 142.532 GC heap before
{Heap before GC invocations=2 (full 0):
 PSYoungGen      total 38400K, used 38394K [0x00000000d5d80000, 0x00000000d8800000, 0x0000000100000000)
  eden space 33280K, 100% used [0x00000000d5d80000,0x00000000d7e00000,0x00000000d7e00000)
  from space 5120K, 99% used [0x00000000d7e00000,0x00000000d82fe840,0x00000000d8300000)
  to   space 5120K, 0% used [0x00000000d8300000,0x00000000d8300000,0x00000000d8800000)
 ParOldGen       total 87552K, used 2865K [0x0000000081800000, 0x0000000086d80000, 0x00000000d5d80000)
  object space 87552K, 3% used [0x0000000081800000,0x0000000081acc660,0x0000000086d80000)
 Metaspace       used 11220K, capacity 11346K, committed 11520K, reserved 1058816K
  class space    used 1127K, capacity 1177K, committed 1280K, reserved 1048576K
Event: 142.548 GC heap after
Heap after GC invocations=2 (full 0):
 PSYoungGen      total 38400K, used 5114K [0x00000000d5d80000, 0x00000000d8800000, 0x0000000100000000)
  eden space 33280K, 0% used [0x00000000d5d80000,0x00000000d5d80000,0x00000000d7e00000)
  from space 5120K, 99% used [0x00000000d8300000,0x00000000d87fe860,0x00000000d8800000)
  to   space 5120K, 0% used [0x00000000d7e00000,0x00000000d7e00000,0x00000000d8300000)
 ParOldGen       total 87552K, used 3785K [0x0000000081800000, 0x0000000086d80000, 0x00000000d5d80000)
  object space 87552K, 4% used [0x0000000081800000,0x0000000081bb26e8,0x0000000086d80000)
 Metaspace       used 11220K, capacity 11346K, committed 11520K, reserved 1058816K
  class space    used 1127K, capacity 1177K, committed 1280K, reserved 1048576K
}

Deoptimization events (10 events):
Event: 3.943 Thread 0x0000000001dcf000 Uncommon trap: reason=unstable_if action=reinterpret pc=0x0000000002ba1a20 method=sun.misc.MetaIndex.mayContain(Ljava/lang/String;)Z @ 38
Event: 3.945 Thread 0x0000000001dcf000 Uncommon trap: reason=unstable_if action=reinterpret pc=0x0000000002b92ea0 method=sun.misc.MetaIndex.mayContain(Ljava/lang/String;)Z @ 38
Event: 4.006 Thread 0x0000000001dcf000 Uncommon trap: reason=class_check action=maybe_recompile pc=0x0000000002bb46cc method=java.util.Properties$LineReader.readLine()I @ 410
Event: 118.849 Thread 0x0000000001dcf000 Uncommon trap: reason=unstable_if action=reinterpret pc=0x0000000002b49998 method=java.util.HashMap.putVal(ILjava/lang/Object;Ljava/lang/Object;ZZ)Ljava/lang/Object; @ 94
Event: 118.849 Thread 0x0000000001dcf000 Uncommon trap: reason=unstable_if action=reinterpret pc=0x0000000002b46364 method=java.util.HashMap.putVal(ILjava/lang/Object;Ljava/lang/Object;ZZ)Ljava/lang/Object; @ 94
Event: 118.888 Thread 0x0000000001dcf000 Uncommon trap: reason=unstable_if action=reinterpret pc=0x0000000002c80294 method=java.util.Calendar.set(II)V @ 4
Event: 118.888 Thread 0x0000000001dcf000 Uncommon trap: reason=unstable_if action=reinterpret pc=0x0000000002cdd614 method=java.util.Calendar.setFieldsNormalized(I)V @ 3
Event: 142.325 Thread 0x0000000001dcf000 Uncommon trap: reason=class_check action=maybe_recompile pc=0x0000000002d79ee0 method=java.util.concurrent.ConcurrentHashMap.get(Ljava/lang/Object;)Ljava/lang/Object; @ 149
Event: 145.798 Thread 0x0000000001dcf000 Uncommon trap: reason=unstable_if action=reinterpret pc=0x0000000002c0c94c method=java.util.ArrayList.rangeCheck(I)V @ 5
Event: 145.798 Thread 0x0000000001dcf000 Uncommon trap: reason=unstable_if action=reinterpret pc=0x0000000002bbe088 method=java.util.ArrayList.rangeCheck(I)V @ 5

Internal exceptions (10 events):
Event: 0.449 Thread 0x0000000001dcf000 Exception <a 'java/lang/ClassNotFoundException': org/apache/log4j/AppenderSkeletonBeanInfo> (0x00000000d631e418) thrown at [C:\re\workspace\8-2-build-windows-amd64-cygwin\jdk8u91\6644\hotspot\src\share\vm\classfile\systemDictionary.cpp, line 210]
Event: 0.449 Thread 0x0000000001dcf000 Exception <a 'java/lang/ClassNotFoundException': org/apache/log4j/AppenderSkeletonCustomizer> (0x00000000d6325820) thrown at [C:\re\workspace\8-2-build-windows-amd64-cygwin\jdk8u91\6644\hotspot\src\share\vm\classfile\systemDictionary.cpp, line 210]
Event: 0.454 Thread 0x0000000001dcf000 Exception <a 'java/lang/ClassNotFoundException': org/apache/log4j/WriterAppenderCustomizer> (0x00000000d63401d0) thrown at [C:\re\workspace\8-2-build-windows-amd64-cygwin\jdk8u91\6644\hotspot\src\share\vm\classfile\systemDictionary.cpp, line 210]
Event: 0.455 Thread 0x0000000001dcf000 Exception <a 'java/lang/ClassNotFoundException': org/apache/log4j/FileAppenderCustomizer> (0x00000000d63539b8) thrown at [C:\re\workspace\8-2-build-windows-amd64-cygwin\jdk8u91\6644\hotspot\src\share\vm\classfile\systemDictionary.cpp, line 210]
Event: 0.457 Thread 0x0000000001dcf000 Exception <a 'java/lang/ClassNotFoundException': org/apache/log4j/RollingFileAppenderCustomizer> (0x00000000d6367298) thrown at [C:\re\workspace\8-2-build-windows-amd64-cygwin\jdk8u91\6644\hotspot\src\share\vm\classfile\systemDictionary.cpp, line 210]
Event: 0.465 Thread 0x0000000001dcf000 Exception <a 'java/lang/ClassNotFoundException': org/apache/log4j/ConsoleAppenderBeanInfo> (0x00000000d63909a8) thrown at [C:\re\workspace\8-2-build-windows-amd64-cygwin\jdk8u91\6644\hotspot\src\share\vm\classfile\systemDictionary.cpp, line 210]
Event: 0.465 Thread 0x0000000001dcf000 Exception <a 'java/lang/ClassNotFoundException': org/apache/log4j/ConsoleAppenderCustomizer> (0x00000000d6397278) thrown at [C:\re\workspace\8-2-build-windows-amd64-cygwin\jdk8u91\6644\hotspot\src\share\vm\classfile\systemDictionary.cpp, line 210]
Event: 0.611 Thread 0x0000000001dcf000 Implicit null exception at 0x0000000002b25b89 to 0x0000000002b25fa9
Event: 3.983 Thread 0x0000000001dcf000 Exception <a 'java/lang/NoSuchFieldError': method resolution failed> (0x00000000d6f6a3b0) thrown at [C:\re\workspace\8-2-build-windows-amd64-cygwin\jdk8u91\6644\hotspot\src\share\vm\prims\methodHandles.cpp, line 1146]
Event: 3.988 Thread 0x0000000001dcf000 Exception <a 'java/lang/NoSuchFieldError': method resolution failed> (0x00000000d6f776d0) thrown at [C:\re\workspace\8-2-build-windows-amd64-cygwin\jdk8u91\6644\hotspot\src\share\vm\prims\methodHandles.cpp, line 1146]

Events (10 events):
Event: 223.511 Executing VM operation: GetOrSetLocal
Event: 223.512 Executing VM operation: GetOrSetLocal done
Event: 225.484 Executing VM operation: EnterInterpOnlyMode
Event: 225.484 Executing VM operation: EnterInterpOnlyMode done
Event: 225.484 Executing VM operation: GetCurrentLocation
Event: 225.484 Executing VM operation: GetCurrentLocation done
Event: 225.484 Executing VM operation: ChangeSingleStep
Event: 225.484 Executing VM operation: ChangeSingleStep done
Event: 225.485 Executing VM operation: ChangeSingleStep
Event: 225.485 Executing VM operation: ChangeSingleStep done


Dynamic libraries:
0x000000013fa50000 - 0x000000013fa87000 	C:\Program Files\Java\jre1.8.0_91\bin\javaw.exe
0x0000000077bd0000 - 0x0000000077d7a000 	C:\windows\SYSTEM32\ntdll.dll
0x0000000077ab0000 - 0x0000000077bcf000 	C:\windows\system32\kernel32.dll
0x000007fefdaa0000 - 0x000007fefdb0a000 	C:\windows\system32\KERNELBASE.dll
0x000007fefed40000 - 0x000007fefee1b000 	C:\windows\system32\ADVAPI32.dll
0x000007fefe760000 - 0x000007fefe7ff000 	C:\windows\system32\msvcrt.dll
0x000007fefe800000 - 0x000007fefe81f000 	C:\windows\SYSTEM32\sechost.dll
0x000007fefdcc0000 - 0x000007fefdded000 	C:\windows\system32\RPCRT4.dll
0x00000000779b0000 - 0x0000000077aaa000 	C:\windows\system32\USER32.dll
0x000007fefee20000 - 0x000007fefee87000 	C:\windows\system32\GDI32.dll
0x000007fefddf0000 - 0x000007fefddfe000 	C:\windows\system32\LPK.dll
0x000007fefe690000 - 0x000007fefe75a000 	C:\windows\system32\USP10.dll
0x000007fefbf40000 - 0x000007fefc134000 	C:\windows\WinSxS\amd64_microsoft.windows.common-controls_6595b64144ccf1df_6.0.7601.18837_none_fa3b1e3d17594757\COMCTL32.dll
0x000007fefde00000 - 0x000007fefde71000 	C:\windows\system32\SHLWAPI.dll
0x000007fefea10000 - 0x000007fefea3e000 	C:\windows\system32\IMM32.DLL
0x000007fefe900000 - 0x000007fefea09000 	C:\windows\system32\MSCTF.dll
0x0000000068000000 - 0x0000000068056000 	C:\windows\system32\QIPCAP64.DLL
0x000007fefee90000 - 0x000007feffc1a000 	C:\windows\system32\SHELL32.dll
0x000007fefcf60000 - 0x000007fefcfbb000 	C:\windows\system32\DNSAPI.dll
0x000007fefe160000 - 0x000007fefe1ad000 	C:\windows\system32\WS2_32.dll
0x000007fefea40000 - 0x000007fefea48000 	C:\windows\system32\NSI.dll
0x00000000790a0000 - 0x0000000079172000 	C:\Program Files\Java\jre1.8.0_91\bin\msvcr100.dll
0x0000000070040000 - 0x00000000708d3000 	C:\Program Files\Java\jre1.8.0_91\bin\server\jvm.dll
0x000007fefada0000 - 0x000007fefada9000 	C:\windows\system32\WSOCK32.dll
0x000007fefb690000 - 0x000007fefb6cb000 	C:\windows\system32\WINMM.dll
0x000007fefc9c0000 - 0x000007fefc9cc000 	C:\windows\system32\VERSION.dll
0x0000000077d90000 - 0x0000000077d97000 	C:\windows\system32\PSAPI.DLL
0x0000000067f80000 - 0x0000000067f8f000 	C:\Program Files\Java\jre1.8.0_91\bin\verify.dll
0x00000000625d0000 - 0x00000000625f9000 	C:\Program Files\Java\jre1.8.0_91\bin\java.dll
0x000000006d200000 - 0x000000006d235000 	C:\Program Files\Java\jre1.8.0_91\bin\jdwp.dll
0x0000000065f40000 - 0x0000000065f48000 	C:\Program Files\Java\jre1.8.0_91\bin\npt.dll
0x0000000062530000 - 0x0000000062546000 	C:\Program Files\Java\jre1.8.0_91\bin\zip.dll
0x000007fefe480000 - 0x000007fefe683000 	C:\windows\system32\ole32.dll
0x000007fefd900000 - 0x000007fefd90f000 	C:\windows\system32\profapi.dll
0x0000000065e90000 - 0x0000000065e99000 	C:\Program Files\Java\jre1.8.0_91\bin\dt_socket.dll
0x000007fefb6d0000 - 0x000007fefb6e5000 	C:\windows\system32\NLAapi.dll
0x000007fef0630000 - 0x000007fef0645000 	C:\windows\system32\napinsp.dll
0x000007fef0610000 - 0x000007fef0629000 	C:\windows\system32\pnrpnsp.dll
0x000007fefd0e0000 - 0x000007fefd135000 	C:\windows\System32\mswsock.dll
0x000007fef0600000 - 0x000007fef060b000 	C:\windows\System32\winrnr.dll
0x000007fef05f0000 - 0x000007fef0600000 	C:\windows\system32\wshbth.dll
0x000007fefad70000 - 0x000007fefad97000 	C:\windows\system32\IPHLPAPI.DLL
0x000007fefad60000 - 0x000007fefad6b000 	C:\windows\system32\WINNSI.DLL
0x000007fef8fd0000 - 0x000007fef9023000 	C:\windows\System32\fwpuclnt.dll
0x000007fef7520000 - 0x000007fef7528000 	C:\windows\system32\rasadhlp.dll
0x000007fefcab0000 - 0x000007fefcab7000 	C:\windows\System32\wshtcpip.dll
0x00000000616f0000 - 0x000000006170a000 	C:\Program Files\Java\jre1.8.0_91\bin\net.dll
0x000007fefd0d0000 - 0x000007fefd0d7000 	C:\windows\System32\wship6.dll
0x000007fed14c0000 - 0x000007fed2240000 	C:\Code\DataAnalysisBB\dataanalysis\SFResourceAllocator\lib\jniortools.dll
0x000007feec520000 - 0x000007feec5bf000 	C:\windows\system32\MSVCP140.dll
0x000007feec500000 - 0x000007feec517000 	C:\windows\system32\VCRUNTIME140.dll
0x000007fefacf0000 - 0x000007fefacf4000 	C:\windows\system32\api-ms-win-crt-runtime-l1-1-0.dll
0x000007fed2ec0000 - 0x000007fed2fb4000 	C:\windows\system32\ucrtbase.DLL
0x000007fef6bc0000 - 0x000007fef6bc3000 	C:\windows\system32\api-ms-win-core-timezone-l1-1-0.dll
0x000007feed030000 - 0x000007feed033000 	C:\windows\system32\api-ms-win-core-file-l2-1-0.dll
0x000007feec4c0000 - 0x000007feec4c3000 	C:\windows\system32\api-ms-win-core-localization-l1-2-0.dll
0x000007feec4b0000 - 0x000007feec4b3000 	C:\windows\system32\api-ms-win-core-synch-l1-2-0.dll
0x000007feec4a0000 - 0x000007feec4a3000 	C:\windows\system32\api-ms-win-core-processthreads-l1-1-1.dll
0x000007feec490000 - 0x000007feec493000 	C:\windows\system32\api-ms-win-core-file-l1-2-0.dll
0x000007feec480000 - 0x000007feec484000 	C:\windows\system32\api-ms-win-crt-string-l1-1-0.dll
0x000007feec470000 - 0x000007feec473000 	C:\windows\system32\api-ms-win-crt-heap-l1-1-0.dll
0x000007feec460000 - 0x000007feec464000 	C:\windows\system32\api-ms-win-crt-stdio-l1-1-0.dll
0x000007fee8330000 - 0x000007fee8334000 	C:\windows\system32\api-ms-win-crt-convert-l1-1-0.dll
0x000007fee1160000 - 0x000007fee1163000 	C:\windows\system32\api-ms-win-crt-locale-l1-1-0.dll
0x000007fee10b0000 - 0x000007fee10b5000 	C:\windows\system32\api-ms-win-crt-math-l1-1-0.dll
0x000007fee10a0000 - 0x000007fee10a5000 	C:\windows\system32\api-ms-win-crt-multibyte-l1-1-0.dll
0x000007fee1090000 - 0x000007fee1093000 	C:\windows\system32\api-ms-win-crt-time-l1-1-0.dll
0x000007fee1080000 - 0x000007fee1083000 	C:\windows\system32\api-ms-win-crt-filesystem-l1-1-0.dll
0x000007fee1070000 - 0x000007fee1073000 	C:\windows\system32\api-ms-win-crt-environment-l1-1-0.dll
0x000007fee1000000 - 0x000007fee1003000 	C:\windows\system32\api-ms-win-crt-utility-l1-1-0.dll
0x000007fefadb0000 - 0x000007fefaed5000 	C:\windows\system32\dbghelp.dll

VM Arguments:
jvm_args: -agentlib:jdwp=transport=dt_socket,suspend=y,address=localhost:53834 -Djava.library.path=lib -Dfile.encoding=Cp1252 
java_command: com.saiglobal.sf.allocator.main.ResourceAllocator -ai com.saiglobal.sf.allocator.implementation.ResourceAllocatorMIPUK -includePipeline false -logLevel DEBUG
java_class_path (initial): C:\Code\DataAnalysisBB\dataanalysis\SFResourceAllocator\bin;C:\Code\DataAnalysis\SFResourceAllocator\lib\org.apache.log4j_1.2.13.v200903072027.jar;C:\Code\DataAnalysisBB\dataanalysis\SFCore\bin;C:\Code\DataAnalysis\SFCore\lib\commons-cli-1.2.jar;C:\Code\DataAnalysis\SFCore\lib\commons-logging-1.1.3.jar;C:\Code\DataAnalysis\SFCore\lib\geocoder-java-0.15.jar;C:\Code\DataAnalysis\SFCore\lib\gson-2.2.4.jar;C:\Code\DataAnalysis\SFCore\lib\org.apache.log4j_1.2.13.v200903072027.jar;C:\Code\DataAnalysis\SFCore\lib\jsch-0.1.50.jar;C:\Code\DataAnalysis\SFCore\lib\sqljdbc4.jar;C:\Code\DataAnalysis\SFCore\lib\javax.mail.jar;C:\Code\DataAnalysis\SFCore\lib\mysql-connector-java-5.1.35-bin.jar;C:\Code\DataAnalysis\SFCore\lib\commons-lang-2.5.jar;C:\Code\DataAnalysis\SFCore\lib\force-wsc-32.0.0.jar;C:\Code\DataAnalysis\SFCore\lib\wsc.partner.32.jar;C:\Code\DataAnalysisBB\dataanalysis\SFResourceAllocator\lib\com.google.ortools.jar;C:\Code\DataAnalysisBB\dataanalysis\SFResourceAllocator\lib\protobuf.jar
Launcher Type: SUN_STANDARD

Environment Variables:
PATH=C:/Program Files/Java/jre1.8.0_91/bin/server;C:/Program Files/Java/jre1.8.0_91/bin;C:/Program Files/Java/jre1.8.0_91/lib/amd64;C:\ProgramData\Oracle\Java\javapath;C:\windows\system32;C:\windows;C:\windows\System32\Wbem;C:\windows\System32\WindowsPowerShell\v1.0\;C:\Program Files (x86)\Common Files\Roxio Shared\DLLShared\;C:\Program Files (x86)\Common Files\Roxio Shared\10.0\DLLShared\;C:\Program Files (x86)\ATI Technologies\ATI.ACE\Core-Static;C:\Program Files (x86)\MySQL\MySQL Utilities 1.4\;C:\Program Files (x86)\MySQL\MySQL Utilities 1.4\Doctrine extensions for PHP\;C:\Program Files\nodejs\;C:\TDM-GCC-64\bin;C:\Users\conluc0\AppData\Local\Continuum\Anaconda;C:\Users\conluc0\AppData\Local\Continuum\Anaconda\Scripts;C:\Users\conluc0\AppData\Roaming\npm;C:\TDM-GCC-64\bin;C:\eclipse;
USERNAME=conluc0
OS=Windows_NT
PROCESSOR_IDENTIFIER=Intel64 Family 6 Model 69 Stepping 1, GenuineIntel



---------------  S Y S T E M  ---------------

OS: Windows 7 , 64 bit Build 7601 (6.1.7601.23572)

CPU:total 4 (2 cores per cpu, 2 threads per core) family 6 model 69 stepping 1, cmov, cx8, fxsr, mmx, sse, sse2, sse3, ssse3, sse4.1, sse4.2, popcnt, avx, avx2, aes, clmul, erms, lzcnt, ht, tsc, tscinvbit, bmi1, bmi2

Memory: 4k page, physical 8283244k(4728448k free), swap 16564628k(11792232k free)

vm_info: Java HotSpot(TM) 64-Bit Server VM (25.91-b14) for windows-amd64 JRE (1.8.0_91-b14), built on Apr  1 2016 00:58:32 by "java_re" with MS VC++ 10.0 (VS2010)

time: Mon Feb 13 16:25:42 2017
elapsed time: 225 seconds (0d 0h 3m 45s)

