#
# A fatal error has been detected by the Java Runtime Environment:
#
#  EXCEPTION_UNCAUGHT_CXX_EXCEPTION (0xe06d7363) at pc=0x000007fefcdba06d, pid=5356, tid=0x0000000000001a0c
#
# JRE version: Java(TM) SE Runtime Environment (8.0_121-b13) (build 1.8.0_121-b13)
# Java VM: Java HotSpot(TM) 64-Bit Server VM (25.121-b13 mixed mode windows-amd64 compressed oops)
# Problematic frame:
# C  [KERNELBASE.dll+0x1a06d]
#
# Failed to write core dump. Minidumps are not enabled by default on client versions of Windows
#
# If you would like to submit a bug report, please visit:
#   http://bugreport.java.com/bugreport/crash.jsp
# The crash happened outside the Java Virtual Machine in native code.
# See problematic frame for where to report the bug.
#

---------------  T H R E A D  ---------------

Current thread (0x00000000023a8000):  JavaThread "main" [_thread_in_native, id=6668, stack(0x0000000002630000,0x0000000002730000)]

siginfo: ExceptionCode=0xe06d7363, ExceptionInformation=0x0000000019930520 0x0000000002712920 0x000007fed420c2b0 0x000007fed3590000 

Registers:
RAX=0x000000005186c87b, RBX=0x000000003385c028, RCX=0x00000000027121a0, RDX=0x00000000000000d0
RSP=0x00000000027127b0, RBP=0x00000000027128e0, RSI=0x000007fed420c2b0, RDI=0x0000000361670040
R8 =0x0000000000000000, R9 =0x0000000000000000, R10=0x000007fed3590000, R11=0x00000000027127f0
R12=0x0000000000000000, R13=0x0000000002716010, R14=0x0000000002712920, R15=0x0000000000000000
RIP=0x000007fefcdba06d, EFLAGS=0x0000000000000206

Top of Stack: (sp=0x00000000027127b0)
0x00000000027127b0:   000000003385c028 000007fed420c2b0
0x00000000027127c0:   0000000361670040 000000000030a5b0
0x00000000027127d0:   00000001e06d7363 0000000000000000
0x00000000027127e0:   000007fefcdba06d 000007fe00000004
0x00000000027127f0:   0000000019930520 0000000002712920
0x0000000002712800:   000007fed420c2b0 000007fed3590000
0x0000000002712810:   00000000c0000017 0000000002712898
0x0000000002712820:   000000003385c028 000000003385c068
0x0000000002712830:   0000000000374660 0000000002712920
0x0000000002712840:   0000000000000000 000007fed3d80c85
0x0000000002712850:   0000000002712920 0000000002716010
0x0000000002712860:   0000000000000000 0000000361670040
0x0000000002712870:   000007fed420c2b0 000007fefb8d44f2
0x0000000002712880:   000000003385c028 0000000002712900
0x0000000002712890:   0000000000000001 000007fed3590110
0x00000000027128a0:   00000001e06d7363 0000000000000000 

Instructions: (pc=0x000007fefcdba06d)
0x000007fefcdba04d:   54 24 24 48 89 4c 24 28 4d 85 c9 0f 85 6a 03 00
0x000007fefcdba05d:   00 89 4c 24 38 48 8d 4c 24 20 ff 15 33 02 03 00
0x000007fefcdba06d:   48 81 c4 c8 00 00 00 c3 90 90 90 90 90 90 90 90
0x000007fefcdba07d:   90 90 90 48 83 ec 28 65 48 8b 04 25 30 00 00 00 


Register to memory mapping:

RAX=0x000000005186c87b is an unknown value
RBX=0x000000003385c028 is an unknown value
RCX=0x00000000027121a0 is pointing into the stack for thread: 0x00000000023a8000
RDX=0x00000000000000d0 is an unknown value
RSP=0x00000000027127b0 is pointing into the stack for thread: 0x00000000023a8000
RBP=0x00000000027128e0 is pointing into the stack for thread: 0x00000000023a8000
RSI=0x000007fed420c2b0 is an unknown value
RDI=0x0000000361670040 is an unknown value
R8 =0x0000000000000000 is an unknown value
R9 =0x0000000000000000 is an unknown value
R10=0x000007fed3590000 is an unknown value
R11=0x00000000027127f0 is pointing into the stack for thread: 0x00000000023a8000
R12=0x0000000000000000 is an unknown value
R13=0x0000000002716010 is pointing into the stack for thread: 0x00000000023a8000
R14=0x0000000002712920 is pointing into the stack for thread: 0x00000000023a8000
R15=0x0000000000000000 is an unknown value


Stack: [0x0000000002630000,0x0000000002730000],  sp=0x00000000027127b0,  free space=905k
Native frames: (J=compiled Java code, j=interpreted, Vv=VM code, C=native code)
C  [KERNELBASE.dll+0x1a06d]
C  [VCRUNTIME140.dll+0x44f2]
C  [jniortools.dll+0x949e07]
C  [jniortools.dll+0x948615]
C  [jniortools.dll+0x7edc97]
C  [jniortools.dll+0x7e7d35]
C  [jniortools.dll+0x62abe9]
C  [jniortools.dll+0x53d31a]
C  [jniortools.dll+0x54ebf3]
C  [jniortools.dll+0x54ef49]
C  [jniortools.dll+0x459dfc]
C  [jniortools.dll+0x440e7b]
C  [jniortools.dll+0x440f7b]
C  0x0000000002a20fec

Java frames: (J=compiled Java code, j=interpreted, Vv=VM code)
j  com.google.ortools.linearsolver.operations_research_linear_solverJNI.MPSolver_solve__SWIG_0(JLcom/google/ortools/linearsolver/MPSolver;)I+0
j  com.google.ortools.linearsolver.MPSolver.solve()Lcom/google/ortools/linearsolver/MPSolver$ResultStatus;+5
J 2038% C2 com.saiglobal.sf.allocator.processor.MIP3Processor.solve([[[[Z)Lcom/saiglobal/sf/allocator/processor/MIP3Processor$SolverResult; (2120 bytes) @ 0x000000000336a94c [0x0000000003363220+0x772c]
j  com.saiglobal.sf.allocator.processor.MIP3Processor.scheduleBatch()Ljava/util/List;+279
j  com.saiglobal.sf.allocator.processor.MIP3Processor.execute()V+155
j  com.saiglobal.sf.allocator.main.ResourceAllocator.main([Ljava/lang/String;)V+382
v  ~StubRoutines::call_stub

---------------  P R O C E S S  ---------------

Java Threads: ( => current thread )
  0x000000005a266800 JavaThread "Abandoned connection cleanup thread" daemon [_thread_blocked, id=7956, stack(0x000000005a8b0000,0x000000005a9b0000)]
  0x0000000058b7e800 JavaThread "Service Thread" daemon [_thread_blocked, id=12044, stack(0x0000000059d90000,0x0000000059e90000)]
  0x0000000058b34000 JavaThread "C1 CompilerThread2" daemon [_thread_blocked, id=5964, stack(0x0000000059c80000,0x0000000059d80000)]
  0x0000000058b31800 JavaThread "C2 CompilerThread1" daemon [_thread_blocked, id=6552, stack(0x0000000012640000,0x0000000012740000)]
  0x0000000058b2e000 JavaThread "C2 CompilerThread0" daemon [_thread_blocked, id=7556, stack(0x0000000058f10000,0x0000000059010000)]
  0x0000000058b1f000 JavaThread "JDWP Command Reader" daemon [_thread_in_native, id=10372, stack(0x0000000059a70000,0x0000000059b70000)]
  0x000000005798f000 JavaThread "JDWP Event Helper Thread" daemon [_thread_blocked, id=10896, stack(0x0000000059900000,0x0000000059a00000)]
  0x0000000058b1a800 JavaThread "JDWP Transport Listener: dt_socket" daemon [_thread_blocked, id=8504, stack(0x0000000059710000,0x0000000059810000)]
  0x0000000058b12000 JavaThread "Attach Listener" daemon [_thread_blocked, id=10488, stack(0x00000000592e0000,0x00000000593e0000)]
  0x0000000058b11800 JavaThread "Signal Dispatcher" daemon [_thread_blocked, id=6404, stack(0x0000000059010000,0x0000000059110000)]
  0x000000005796d800 JavaThread "Finalizer" daemon [_thread_blocked, id=12696, stack(0x0000000002530000,0x0000000002630000)]
  0x0000000057926000 JavaThread "Reference Handler" daemon [_thread_blocked, id=10508, stack(0x0000000058870000,0x0000000058970000)]
=>0x00000000023a8000 JavaThread "main" [_thread_in_native, id=6668, stack(0x0000000002630000,0x0000000002730000)]

Other Threads:
  0x000000005791e800 VMThread [stack: 0x0000000058a10000,0x0000000058b10000] [id=7344]
  0x0000000058bdd800 WatcherThread [stack: 0x0000000059fa0000,0x000000005a0a0000] [id=11636]

VM state:not at safepoint (normal execution)

VM Mutex/Monitor currently owned by a thread: None

Heap:
 PSYoungGen      total 119296K, used 97616K [0x00000000d5d80000, 0x00000000eb700000, 0x0000000100000000)
  eden space 118272K, 82% used [0x00000000d5d80000,0x00000000dbc4c2c8,0x00000000dd100000)
  from space 1024K, 53% used [0x00000000eb500000,0x00000000eb588000,0x00000000eb600000)
  to   space 1024K, 0% used [0x00000000eb600000,0x00000000eb600000,0x00000000eb700000)
 ParOldGen       total 232960K, used 172017K [0x0000000081800000, 0x000000008fb80000, 0x00000000d5d80000)
  object space 232960K, 73% used [0x0000000081800000,0x000000008bffc778,0x000000008fb80000)
 Metaspace       used 12836K, capacity 13136K, committed 13312K, reserved 1060864K
  class space    used 1306K, capacity 1418K, committed 1536K, reserved 1048576K

Card table byte_map: [0x0000000011dc0000,0x00000000121c0000] byte_map_base: 0x00000000119b4000

Marking Bits: (ParMarkBitMap*) 0x00000000707eb6d0
 Begin Bits: [0x0000000012c50000, 0x0000000014bf0000)
 End Bits:   [0x0000000014bf0000, 0x0000000016b90000)

Polling page: 0x0000000001db0000

CodeCache: size=245760Kb used=9346Kb max_used=9393Kb free=236413Kb
 bounds [0x0000000002a00000, 0x0000000003380000, 0x0000000011a00000]
 total_blobs=2307 nmethods=1885 adapters=342
 compilation: enabled

Compilation events (10 events):
Event: 447.955 Thread 0x0000000058b2e000 2038 %     4       com.saiglobal.sf.allocator.processor.MIP3Processor::solve @ 1209 (2120 bytes)
Event: 448.721 Thread 0x0000000058b2e000 nmethod 2038% 0x0000000003362650 code [0x0000000003363220, 0x0000000003370cf8]
Event: 578.040 Thread 0x0000000058b34000 2039       3       java.lang.Throwable$WrappedPrintWriter::println (9 bytes)
Event: 578.069 Thread 0x0000000058b2e000 2043       4       java.lang.String::valueOf (14 bytes)
Event: 578.092 Thread 0x0000000058b34000 nmethod 2039 0x0000000002e84010 code [0x0000000002e84200, 0x0000000002e84a88]
Event: 578.106 Thread 0x0000000058b34000 2040   !   3       java.io.PrintWriter::println (34 bytes)
Event: 578.107 Thread 0x0000000058b34000 nmethod 2040 0x0000000002cf81d0 code [0x0000000002cf83a0, 0x0000000002cf8b68]
Event: 578.108 Thread 0x0000000058b2e000 nmethod 2043 0x0000000002e83dd0 code [0x0000000002e83f00, 0x0000000002e83f78]
Event: 578.115 Thread 0x0000000058b34000 2042       3       java.lang.StackTraceElement::toString (140 bytes)
Event: 578.125 Thread 0x0000000058b34000 nmethod 2042 0x0000000003169a10 code [0x0000000003169d40, 0x000000000316b988]

GC Heap History (10 events):
Event: 570.300 GC heap before
{Heap before GC invocations=1597 (full 2):
 PSYoungGen      total 143872K, used 143520K [0x00000000d5d80000, 0x00000000eb700000, 0x0000000100000000)
  eden space 143360K, 100% used [0x00000000d5d80000,0x00000000de980000,0x00000000de980000)
  from space 512K, 31% used [0x00000000eb680000,0x00000000eb6a8000,0x00000000eb700000)
  to   space 512K, 0% used [0x00000000eb600000,0x00000000eb600000,0x00000000eb680000)
 ParOldGen       total 232960K, used 171665K [0x0000000081800000, 0x000000008fb80000, 0x00000000d5d80000)
  object space 232960K, 73% used [0x0000000081800000,0x000000008bfa4778,0x000000008fb80000)
 Metaspace       used 12836K, capacity 13136K, committed 13312K, reserved 1060864K
  class space    used 1306K, capacity 1418K, committed 1536K, reserved 1048576K
Event: 570.302 GC heap after
Heap after GC invocations=1597 (full 2):
 PSYoungGen      total 138240K, used 192K [0x00000000d5d80000, 0x00000000eb700000, 0x0000000100000000)
  eden space 137728K, 0% used [0x00000000d5d80000,0x00000000d5d80000,0x00000000de400000)
  from space 512K, 37% used [0x00000000eb600000,0x00000000eb630000,0x00000000eb680000)
  to   space 512K, 0% used [0x00000000eb680000,0x00000000eb680000,0x00000000eb700000)
 ParOldGen       total 232960K, used 171673K [0x0000000081800000, 0x000000008fb80000, 0x00000000d5d80000)
  object space 232960K, 73% used [0x0000000081800000,0x000000008bfa6778,0x000000008fb80000)
 Metaspace       used 12836K, capacity 13136K, committed 13312K, reserved 1060864K
  class space    used 1306K, capacity 1418K, committed 1536K, reserved 1048576K
}
Event: 570.885 GC heap before
{Heap before GC invocations=1598 (full 2):
 PSYoungGen      total 138240K, used 137920K [0x00000000d5d80000, 0x00000000eb700000, 0x0000000100000000)
  eden space 137728K, 100% used [0x00000000d5d80000,0x00000000de400000,0x00000000de400000)
  from space 512K, 37% used [0x00000000eb600000,0x00000000eb630000,0x00000000eb680000)
  to   space 512K, 0% used [0x00000000eb680000,0x00000000eb680000,0x00000000eb700000)
 ParOldGen       total 232960K, used 171673K [0x0000000081800000, 0x000000008fb80000, 0x00000000d5d80000)
  object space 232960K, 73% used [0x0000000081800000,0x000000008bfa6778,0x000000008fb80000)
 Metaspace       used 12836K, capacity 13136K, committed 13312K, reserved 1060864K
  class space    used 1306K, capacity 1418K, committed 1536K, reserved 1048576K
Event: 570.887 GC heap after
Heap after GC invocations=1598 (full 2):
 PSYoungGen      total 133120K, used 192K [0x00000000d5d80000, 0x00000000eb700000, 0x0000000100000000)
  eden space 132608K, 0% used [0x00000000d5d80000,0x00000000d5d80000,0x00000000ddf00000)
  from space 512K, 37% used [0x00000000eb680000,0x00000000eb6b0000,0x00000000eb700000)
  to   space 512K, 0% used [0x00000000eb600000,0x00000000eb600000,0x00000000eb680000)
 ParOldGen       total 232960K, used 171689K [0x0000000081800000, 0x000000008fb80000, 0x00000000d5d80000)
  object space 232960K, 73% used [0x0000000081800000,0x000000008bfaa778,0x000000008fb80000)
 Metaspace       used 12836K, capacity 13136K, committed 13312K, reserved 1060864K
  class space    used 1306K, capacity 1418K, committed 1536K, reserved 1048576K
}
Event: 572.279 GC heap before
{Heap before GC invocations=1599 (full 2):
 PSYoungGen      total 133120K, used 132800K [0x00000000d5d80000, 0x00000000eb700000, 0x0000000100000000)
  eden space 132608K, 100% used [0x00000000d5d80000,0x00000000ddf00000,0x00000000ddf00000)
  from space 512K, 37% used [0x00000000eb680000,0x00000000eb6b0000,0x00000000eb700000)
  to   space 512K, 0% used [0x00000000eb600000,0x00000000eb600000,0x00000000eb680000)
 ParOldGen       total 232960K, used 171689K [0x0000000081800000, 0x000000008fb80000, 0x00000000d5d80000)
  object space 232960K, 73% used [0x0000000081800000,0x000000008bfaa778,0x000000008fb80000)
 Metaspace       used 12836K, capacity 13136K, committed 13312K, reserved 1060864K
  class space    used 1306K, capacity 1418K, committed 1536K, reserved 1048576K
Event: 572.283 GC heap after
Heap after GC invocations=1599 (full 2):
 PSYoungGen      total 128000K, used 352K [0x00000000d5d80000, 0x00000000eb700000, 0x0000000100000000)
  eden space 127488K, 0% used [0x00000000d5d80000,0x00000000d5d80000,0x00000000dda00000)
  from space 512K, 68% used [0x00000000eb600000,0x00000000eb658000,0x00000000eb680000)
  to   space 512K, 0% used [0x00000000eb680000,0x00000000eb680000,0x00000000eb700000)
 ParOldGen       total 232960K, used 171697K [0x0000000081800000, 0x000000008fb80000, 0x00000000d5d80000)
  object space 232960K, 73% used [0x0000000081800000,0x000000008bfac778,0x000000008fb80000)
 Metaspace       used 12836K, capacity 13136K, committed 13312K, reserved 1060864K
  class space    used 1306K, capacity 1418K, committed 1536K, reserved 1048576K
}
Event: 573.770 GC heap before
{Heap before GC invocations=1600 (full 2):
 PSYoungGen      total 128000K, used 127840K [0x00000000d5d80000, 0x00000000eb700000, 0x0000000100000000)
  eden space 127488K, 100% used [0x00000000d5d80000,0x00000000dda00000,0x00000000dda00000)
  from space 512K, 68% used [0x00000000eb600000,0x00000000eb658000,0x00000000eb680000)
  to   space 512K, 0% used [0x00000000eb680000,0x00000000eb680000,0x00000000eb700000)
 ParOldGen       total 232960K, used 171697K [0x0000000081800000, 0x000000008fb80000, 0x00000000d5d80000)
  object space 232960K, 73% used [0x0000000081800000,0x000000008bfac778,0x000000008fb80000)
 Metaspace       used 12836K, capacity 13136K, committed 13312K, reserved 1060864K
  class space    used 1306K, capacity 1418K, committed 1536K, reserved 1048576K
Event: 573.775 GC heap after
Heap after GC invocations=1600 (full 2):
 PSYoungGen      total 123392K, used 512K [0x00000000d5d80000, 0x00000000eb700000, 0x0000000100000000)
  eden space 122880K, 0% used [0x00000000d5d80000,0x00000000d5d80000,0x00000000dd580000)
  from space 512K, 100% used [0x00000000eb680000,0x00000000eb700000,0x00000000eb700000)
  to   space 1024K, 0% used [0x00000000eb500000,0x00000000eb500000,0x00000000eb600000)
 ParOldGen       total 232960K, used 172001K [0x0000000081800000, 0x000000008fb80000, 0x00000000d5d80000)
  object space 232960K, 73% used [0x0000000081800000,0x000000008bff8778,0x000000008fb80000)
 Metaspace       used 12836K, capacity 13136K, committed 13312K, reserved 1060864K
  class space    used 1306K, capacity 1418K, committed 1536K, reserved 1048576K
}
Event: 574.717 GC heap before
{Heap before GC invocations=1601 (full 2):
 PSYoungGen      total 123392K, used 123392K [0x00000000d5d80000, 0x00000000eb700000, 0x0000000100000000)
  eden space 122880K, 100% used [0x00000000d5d80000,0x00000000dd580000,0x00000000dd580000)
  from space 512K, 100% used [0x00000000eb680000,0x00000000eb700000,0x00000000eb700000)
  to   space 1024K, 0% used [0x00000000eb500000,0x00000000eb500000,0x00000000eb600000)
 ParOldGen       total 232960K, used 172001K [0x0000000081800000, 0x000000008fb80000, 0x00000000d5d80000)
  object space 232960K, 73% used [0x0000000081800000,0x000000008bff8778,0x000000008fb80000)
 Metaspace       used 12836K, capacity 13136K, committed 13312K, reserved 1060864K
  class space    used 1306K, capacity 1418K, committed 1536K, reserved 1048576K
Event: 574.726 GC heap after
Heap after GC invocations=1601 (full 2):
 PSYoungGen      total 119296K, used 544K [0x00000000d5d80000, 0x00000000eb700000, 0x0000000100000000)
  eden space 118272K, 0% used [0x00000000d5d80000,0x00000000d5d80000,0x00000000dd100000)
  from space 1024K, 53% used [0x00000000eb500000,0x00000000eb588000,0x00000000eb600000)
  to   space 1024K, 0% used [0x00000000eb600000,0x00000000eb600000,0x00000000eb700000)
 ParOldGen       total 232960K, used 172017K [0x0000000081800000, 0x000000008fb80000, 0x00000000d5d80000)
  object space 232960K, 73% used [0x0000000081800000,0x000000008bffc778,0x000000008fb80000)
 Metaspace       used 12836K, capacity 13136K, committed 13312K, reserved 1060864K
  class space    used 1306K, capacity 1418K, committed 1536K, reserved 1048576K
}

Deoptimization events (10 events):
Event: 215.130 Thread 0x00000000023a8000 Uncommon trap: reason=unreached action=reinterpret pc=0x000000000310e784 method=com.saiglobal.sf.allocator.processor.MIP3Processor.solve([[[[Z)Lcom/saiglobal/sf/allocator/processor/MIP3Processor$SolverResult; @ 842
Event: 215.150 Thread 0x00000000023a8000 Uncommon trap: reason=unstable_if action=reinterpret pc=0x0000000003144778 method=com.saiglobal.sf.allocator.processor.MIP3Processor.solve([[[[Z)Lcom/saiglobal/sf/allocator/processor/MIP3Processor$SolverResult; @ 585
Event: 269.021 Thread 0x00000000023a8000 Uncommon trap: reason=unstable_if action=reinterpret pc=0x0000000003232788 method=java.util.HashMap.getNode(ILjava/lang/Object;)Ljava/util/HashMap$Node; @ 129
Event: 269.021 Thread 0x00000000023a8000 Uncommon trap: reason=unstable_if action=reinterpret pc=0x0000000002ceb84c method=java.util.HashMap.getNode(ILjava/lang/Object;)Ljava/util/HashMap$Node; @ 129
Event: 269.021 Thread 0x00000000023a8000 Uncommon trap: reason=unstable_if action=reinterpret pc=0x0000000003101378 method=java.util.HashMap.getNode(ILjava/lang/Object;)Ljava/util/HashMap$Node; @ 129
Event: 447.010 Thread 0x00000000023a8000 Uncommon trap: reason=unstable_if action=reinterpret pc=0x000000000328e798 method=com.saiglobal.sf.allocator.processor.MIP3Processor.solve([[[[Z)Lcom/saiglobal/sf/allocator/processor/MIP3Processor$SolverResult; @ 842
Event: 447.041 Thread 0x00000000023a8000 Uncommon trap: reason=unstable_if action=reinterpret pc=0x0000000003164f38 method=com.saiglobal.sf.allocator.processor.MIP3Processor.solve([[[[Z)Lcom/saiglobal/sf/allocator/processor/MIP3Processor$SolverResult; @ 1029
Event: 447.544 Thread 0x00000000023a8000 Uncommon trap: reason=unreached action=reinterpret pc=0x00000000031792ec method=com.saiglobal.sf.allocator.processor.MIP3Processor.solve([[[[Z)Lcom/saiglobal/sf/allocator/processor/MIP3Processor$SolverResult; @ 1396
Event: 447.569 Thread 0x00000000023a8000 Uncommon trap: reason=unstable_if action=reinterpret pc=0x0000000002d02320 method=com.saiglobal.sf.allocator.processor.MIP3Processor.solve([[[[Z)Lcom/saiglobal/sf/allocator/processor/MIP3Processor$SolverResult; @ 1384
Event: 448.005 Thread 0x00000000023a8000 Uncommon trap: reason=unstable_if action=reinterpret pc=0x000000000334ed28 method=com.saiglobal.sf.allocator.processor.MIP3Processor.solve([[[[Z)Lcom/saiglobal/sf/allocator/processor/MIP3Processor$SolverResult; @ 1081

Internal exceptions (10 events):
Event: 1.001 Thread 0x00000000023a8000 Exception <a 'java/lang/ClassNotFoundException': org/apache/log4j/AppenderSkeletonCustomizer> (0x00000000d632d228) thrown at [C:\re\workspace\8-2-build-windows-amd64-cygwin\jdk8u121\8372\hotspot\src\share\vm\classfile\systemDictionary.cpp, line 210]
Event: 1.004 Thread 0x00000000023a8000 Exception <a 'java/lang/ClassNotFoundException': org/apache/log4j/WriterAppenderCustomizer> (0x00000000d6347bd8) thrown at [C:\re\workspace\8-2-build-windows-amd64-cygwin\jdk8u121\8372\hotspot\src\share\vm\classfile\systemDictionary.cpp, line 210]
Event: 1.005 Thread 0x00000000023a8000 Exception <a 'java/lang/ClassNotFoundException': org/apache/log4j/FileAppenderCustomizer> (0x00000000d635b3c0) thrown at [C:\re\workspace\8-2-build-windows-amd64-cygwin\jdk8u121\8372\hotspot\src\share\vm\classfile\systemDictionary.cpp, line 210]
Event: 1.007 Thread 0x00000000023a8000 Exception <a 'java/lang/ClassNotFoundException': org/apache/log4j/RollingFileAppenderCustomizer> (0x00000000d636ecb0) thrown at [C:\re\workspace\8-2-build-windows-amd64-cygwin\jdk8u121\8372\hotspot\src\share\vm\classfile\systemDictionary.cpp, line 210]
Event: 1.015 Thread 0x00000000023a8000 Exception <a 'java/lang/ClassNotFoundException': org/apache/log4j/ConsoleAppenderBeanInfo> (0x00000000d63983c0) thrown at [C:\re\workspace\8-2-build-windows-amd64-cygwin\jdk8u121\8372\hotspot\src\share\vm\classfile\systemDictionary.cpp, line 210]
Event: 1.016 Thread 0x00000000023a8000 Exception <a 'java/lang/ClassNotFoundException': org/apache/log4j/ConsoleAppenderCustomizer> (0x00000000d639ec90) thrown at [C:\re\workspace\8-2-build-windows-amd64-cygwin\jdk8u121\8372\hotspot\src\share\vm\classfile\systemDictionary.cpp, line 210]
Event: 1.474 Thread 0x00000000023a8000 Implicit null exception at 0x0000000002c10687 to 0x0000000002c10bd1
Event: 4.842 Thread 0x00000000023a8000 Exception <a 'java/lang/NoSuchFieldError': method resolution failed> (0x00000000d6f847e0) thrown at [C:\re\workspace\8-2-build-windows-amd64-cygwin\jdk8u121\8372\hotspot\src\share\vm\prims\methodHandles.cpp, line 1146]
Event: 4.848 Thread 0x00000000023a8000 Exception <a 'java/lang/NoSuchFieldError': method resolution failed> (0x00000000d6f91b00) thrown at [C:\re\workspace\8-2-build-windows-amd64-cygwin\jdk8u121\8372\hotspot\src\share\vm\prims\methodHandles.cpp, line 1146]
Event: 115.575 Thread 0x00000000023a8000 Exception <a 'java/lang/NoSuchMethodError': java.lang.Object.lambda$minBy$0(Ljava/util/Comparator;Ljava/lang/Object;Ljava/lang/Object;)Ljava/lang/Object;> (0x00000000d7c2adb0) thrown at [C:\re\workspace\8-2-build-windows-amd64-cygwin\jdk8u121\8372\hotspot

Events (10 events):
Event: 572.279 Executing VM operation: ParallelGCFailedAllocation
Event: 572.283 Executing VM operation: ParallelGCFailedAllocation done
Event: 573.770 Executing VM operation: ParallelGCFailedAllocation
Event: 573.775 Executing VM operation: ParallelGCFailedAllocation done
Event: 574.717 Executing VM operation: ParallelGCFailedAllocation
Event: 574.726 Executing VM operation: ParallelGCFailedAllocation done
Event: 578.103 Thread 0x0000000058b34000 flushing nmethod 0x0000000002b30510
Event: 578.113 Thread 0x0000000058b34000 flushing nmethod 0x0000000002b7bd90
Event: 578.115 Thread 0x0000000058b34000 flushing nmethod 0x0000000002b805d0
Event: 578.133 Thread 0x0000000058b34000 flushing nmethod 0x0000000002bc2e50


Dynamic libraries:
0x000000013ffa0000 - 0x000000013ffd7000 	C:\Program Files\Java\jdk1.8.0_121\bin\javaw.exe
0x0000000077070000 - 0x000000007721a000 	C:\windows\SYSTEM32\ntdll.dll
0x0000000076e50000 - 0x0000000076f6f000 	C:\windows\system32\kernel32.dll
0x000007fefcda0000 - 0x000007fefce0a000 	C:\windows\system32\KERNELBASE.dll
0x000007fefec00000 - 0x000007fefecdb000 	C:\windows\system32\ADVAPI32.dll
0x000007fefe300000 - 0x000007fefe39f000 	C:\windows\system32\msvcrt.dll
0x000007fefefb0000 - 0x000007fefefcf000 	C:\windows\SYSTEM32\sechost.dll
0x000007fefeab0000 - 0x000007fefebdd000 	C:\windows\system32\RPCRT4.dll
0x0000000076f70000 - 0x000000007706a000 	C:\windows\system32\USER32.dll
0x000007fefe3a0000 - 0x000007fefe407000 	C:\windows\system32\GDI32.dll
0x000007fefe2f0000 - 0x000007fefe2fe000 	C:\windows\system32\LPK.dll
0x000007fefe9e0000 - 0x000007fefeaaa000 	C:\windows\system32\USP10.dll
0x000007fefb220000 - 0x000007fefb414000 	C:\windows\WinSxS\amd64_microsoft.windows.common-controls_6595b64144ccf1df_6.0.7601.18837_none_fa3b1e3d17594757\COMCTL32.dll
0x000007feff190000 - 0x000007feff201000 	C:\windows\system32\SHLWAPI.dll
0x000007fefe740000 - 0x000007fefe76e000 	C:\windows\system32\IMM32.DLL
0x000007fefefd0000 - 0x000007feff0d9000 	C:\windows\system32\MSCTF.dll
0x0000000068000000 - 0x0000000068056000 	C:\windows\system32\QIPCAP64.DLL
0x000007fefd560000 - 0x000007fefe2ea000 	C:\windows\system32\SHELL32.dll
0x000007fefc3b0000 - 0x000007fefc40b000 	C:\windows\system32\DNSAPI.dll
0x000007feff330000 - 0x000007feff37d000 	C:\windows\system32\WS2_32.dll
0x000007feff0e0000 - 0x000007feff0e8000 	C:\windows\system32\NSI.dll
0x0000000078da0000 - 0x0000000078e72000 	C:\Program Files\Java\jdk1.8.0_121\jre\bin\msvcr100.dll
0x000000006ffd0000 - 0x000000007086b000 	C:\Program Files\Java\jdk1.8.0_121\jre\bin\server\jvm.dll
0x000007fefaef0000 - 0x000007fefaef9000 	C:\windows\system32\WSOCK32.dll
0x000007fefa430000 - 0x000007fefa46b000 	C:\windows\system32\WINMM.dll
0x000007fefbe30000 - 0x000007fefbe3c000 	C:\windows\system32\VERSION.dll
0x0000000077230000 - 0x0000000077237000 	C:\windows\system32\PSAPI.DLL
0x0000000061ca0000 - 0x0000000061caf000 	C:\Program Files\Java\jdk1.8.0_121\jre\bin\verify.dll
0x0000000061870000 - 0x0000000061899000 	C:\Program Files\Java\jdk1.8.0_121\jre\bin\java.dll
0x00000000617b0000 - 0x00000000617e5000 	C:\Program Files\Java\jdk1.8.0_121\jre\bin\jdwp.dll
0x0000000061c90000 - 0x0000000061c98000 	C:\Program Files\Java\jdk1.8.0_121\jre\bin\npt.dll
0x0000000061c00000 - 0x0000000061c16000 	C:\Program Files\Java\jdk1.8.0_121\jre\bin\zip.dll
0x000007fefd180000 - 0x000007fefd37c000 	C:\windows\system32\ole32.dll
0x000007fefcd60000 - 0x000007fefcd6f000 	C:\windows\system32\profapi.dll
0x00000000617a0000 - 0x00000000617a9000 	C:\Program Files\Java\jdk1.8.0_121\jre\bin\dt_socket.dll
0x000007fefb620000 - 0x000007fefb635000 	C:\windows\system32\NLAapi.dll
0x000007feefb30000 - 0x000007feefb45000 	C:\windows\system32\napinsp.dll
0x000007feefb10000 - 0x000007feefb29000 	C:\windows\system32\pnrpnsp.dll
0x000007fefc530000 - 0x000007fefc585000 	C:\windows\System32\mswsock.dll
0x000007feefb00000 - 0x000007feefb0b000 	C:\windows\System32\winrnr.dll
0x000007feefaf0000 - 0x000007feefb00000 	C:\windows\system32\wshbth.dll
0x000007fefaec0000 - 0x000007fefaee7000 	C:\windows\system32\IPHLPAPI.DLL
0x000007fefaeb0000 - 0x000007fefaebb000 	C:\windows\system32\WINNSI.DLL
0x000007fef8810000 - 0x000007fef8863000 	C:\windows\System32\fwpuclnt.dll
0x000007fef73c0000 - 0x000007fef73c8000 	C:\windows\system32\rasadhlp.dll
0x000007fefc150000 - 0x000007fefc157000 	C:\windows\System32\wshtcpip.dll
0x0000000061780000 - 0x000000006179a000 	C:\Program Files\Java\jdk1.8.0_121\jre\bin\net.dll
0x000007fefc520000 - 0x000007fefc527000 	C:\windows\System32\wship6.dll
0x0000000061760000 - 0x0000000061771000 	C:\Program Files\Java\jdk1.8.0_121\jre\bin\nio.dll
0x000007fefcc50000 - 0x000007fefcca7000 	C:\windows\system32\apphelp.dll
0x0000000060890000 - 0x000000006089d000 	C:\Program Files\Java\jdk1.8.0_121\jre\bin\management.dll
0x000007fed3590000 - 0x000007fed4310000 	C:\Code\DataAnalysisBB\dataanalysis\SFResourceAllocator\lib\jniortools.dll
0x000007fee9c90000 - 0x000007fee9d2c000 	C:\windows\system32\MSVCP140.dll
0x000007fefb8d0000 - 0x000007fefb8e6000 	C:\windows\system32\VCRUNTIME140.dll
0x000007fef8e10000 - 0x000007fef8e14000 	C:\windows\system32\api-ms-win-crt-runtime-l1-1-0.dll
0x000007fee3df0000 - 0x000007fee3ee4000 	C:\windows\system32\ucrtbase.DLL
0x000007fee5ae0000 - 0x000007fee5ae3000 	C:\windows\system32\api-ms-win-core-timezone-l1-1-0.dll
0x000007fee5ad0000 - 0x000007fee5ad3000 	C:\windows\system32\api-ms-win-core-file-l2-1-0.dll
0x000007fee5ac0000 - 0x000007fee5ac3000 	C:\windows\system32\api-ms-win-core-localization-l1-2-0.dll
0x000007feeaa90000 - 0x000007feeaa93000 	C:\windows\system32\api-ms-win-core-synch-l1-2-0.dll
0x000007fee5ab0000 - 0x000007fee5ab3000 	C:\windows\system32\api-ms-win-core-processthreads-l1-1-1.dll
0x000007fee5aa0000 - 0x000007fee5aa3000 	C:\windows\system32\api-ms-win-core-file-l1-2-0.dll
0x000007fef8e30000 - 0x000007fef8e34000 	C:\windows\system32\api-ms-win-crt-string-l1-1-0.dll
0x000007fef8e00000 - 0x000007fef8e03000 	C:\windows\system32\api-ms-win-crt-heap-l1-1-0.dll
0x000007fef8c00000 - 0x000007fef8c04000 	C:\windows\system32\api-ms-win-crt-stdio-l1-1-0.dll
0x000007fef8bf0000 - 0x000007fef8bf4000 	C:\windows\system32\api-ms-win-crt-convert-l1-1-0.dll
0x000007fef8a40000 - 0x000007fef8a43000 	C:\windows\system32\api-ms-win-crt-locale-l1-1-0.dll
0x000007fef8a30000 - 0x000007fef8a35000 	C:\windows\system32\api-ms-win-crt-math-l1-1-0.dll
0x000007fef81a0000 - 0x000007fef81a5000 	C:\windows\system32\api-ms-win-crt-multibyte-l1-1-0.dll
0x000007fef6a40000 - 0x000007fef6a43000 	C:\windows\system32\api-ms-win-crt-time-l1-1-0.dll
0x000007fef0f90000 - 0x000007fef0f93000 	C:\windows\system32\api-ms-win-crt-filesystem-l1-1-0.dll
0x000007fef0f80000 - 0x000007fef0f83000 	C:\windows\system32\api-ms-win-crt-environment-l1-1-0.dll
0x000007feeeb60000 - 0x000007feeeb63000 	C:\windows\system32\api-ms-win-crt-utility-l1-1-0.dll
0x000007fefaf00000 - 0x000007fefb025000 	C:\windows\system32\dbghelp.dll

VM Arguments:
jvm_args: -agentlib:jdwp=transport=dt_socket,suspend=y,address=localhost:64861 -Djava.library.path=lib -Dfile.encoding=Cp1252 
java_command: com.saiglobal.sf.allocator.main.ResourceAllocator -ai com.saiglobal.sf.allocator.implementation.ResourceAllocatorMIPMilkRunsUK -includePipeline false -logLevel INFO -cp noOfMonth:12;milkRuns:true
java_class_path (initial): C:\Code\DataAnalysisBB\dataanalysis\SFResourceAllocator\bin;C:\Code\DataAnalysis\SFResourceAllocator\lib\org.apache.log4j_1.2.13.v200903072027.jar;C:\Code\DataAnalysisBB\dataanalysis\SFCore\bin;C:\Code\DataAnalysis\SFCore\lib\commons-cli-1.2.jar;C:\Code\DataAnalysis\SFCore\lib\commons-logging-1.1.3.jar;C:\Code\DataAnalysis\SFCore\lib\geocoder-java-0.15.jar;C:\Code\DataAnalysis\SFCore\lib\gson-2.2.4.jar;C:\Code\DataAnalysis\SFCore\lib\org.apache.log4j_1.2.13.v200903072027.jar;C:\Code\DataAnalysis\SFCore\lib\jsch-0.1.50.jar;C:\Code\DataAnalysis\SFCore\lib\sqljdbc4.jar;C:\Code\DataAnalysis\SFCore\lib\javax.mail.jar;C:\Code\DataAnalysis\SFCore\lib\mysql-connector-java-5.1.35-bin.jar;C:\Code\DataAnalysis\SFCore\lib\commons-lang-2.5.jar;C:\Code\DataAnalysis\SFCore\lib\force-wsc-32.0.0.jar;C:\Code\DataAnalysis\SFCore\lib\wsc.partner.32.jar;C:\Code\DataAnalysisBB\dataanalysis\SFResourceAllocator\lib\com.google.ortools.jar;C:\Code\DataAnalysisBB\dataanalysis\SFResourceAllocator\lib\protobuf.jar
Launcher Type: SUN_STANDARD

Environment Variables:
PATH=C:\Program Files\Java\jdk1.8.0_121\jre\bin;C:/Program Files/Java/jre1.8.0_121/bin/server;C:/Program Files/Java/jre1.8.0_121/bin;C:/Program Files/Java/jre1.8.0_121/lib/amd64;C:\gurobi702\win64\bin;C:\Program Files\Microsoft MPI\Bin\;C:\ProgramData\Oracle\Java\javapath;C:\windows\system32;C:\windows;C:\windows\System32\Wbem;C:\windows\System32\WindowsPowerShell\v1.0\;C:\Program Files (x86)\Common Files\Roxio Shared\DLLShared\;C:\Program Files (x86)\Common Files\Roxio Shared\10.0\DLLShared\;C:\Program Files (x86)\ATI Technologies\ATI.ACE\Core-Static;C:\Program Files (x86)\MySQL\MySQL Utilities 1.4\;C:\Program Files (x86)\MySQL\MySQL Utilities 1.4\Doctrine extensions for PHP\;C:\Program Files\nodejs\;C:\TDM-GCC-64\bin;C:\Program Files\Microsoft SQL Server\130\Tools\Binn\;C:\Program Files\Anaconda3;C:\Program Files\Anaconda3\Scripts;C:\Program Files\Anaconda3\Library\bin;C:\Program Files\Git\cmd;C:\Program Files (x86)\Microsoft Visual Studio\2017\Community\Common7\Tools\;C:\Users\conluc0\Downloads\or-tools-master\tools\;C:\Program Files\TortoiseSVN\bin;C:\Program Files\CMake\bin;C:\Program Files\Java\jdk1.8.0_121\bin;C:\Program Files\Microsoft SQL Server\110\Tools\Binn\;C:\Program Files (x86)\Microsoft SDKs\TypeScript\1.0\;C:\Program Files\Microsoft SQL Server\120\Tools\Binn\;C:\Windows\System32;C:\Users\conluc0\AppData\Local\Continuum\Anaconda;C:\Users\conluc0\AppData\Local\Continuum\Anaconda\Scripts;C:\Users\conluc0\AppData\Roaming\npm;C:\TDM-GCC-64\bin;C:\eclipse;
USERNAME=conluc0
OS=Windows_NT
PROCESSOR_IDENTIFIER=Intel64 Family 6 Model 69 Stepping 1, GenuineIntel



---------------  S Y S T E M  ---------------

OS: Windows 7 , 64 bit Build 7601 (6.1.7601.23796)

CPU:total 4 (2 cores per cpu, 2 threads per core) family 6 model 69 stepping 1, cmov, cx8, fxsr, mmx, sse, sse2, sse3, ssse3, sse4.1, sse4.2, popcnt, avx, avx2, aes, clmul, erms, lzcnt, ht, tsc, tscinvbit, bmi1, bmi2

Memory: 4k page, physical 8283244k(160356k free), swap 33111660k(361316k free)

vm_info: Java HotSpot(TM) 64-Bit Server VM (25.121-b13) for windows-amd64 JRE (1.8.0_121-b13), built on Dec 12 2016 18:21:36 by "java_re" with MS VC++ 10.0 (VS2010)

time: Wed Jun 07 15:43:15 2017
elapsed time: 994 seconds (0d 0h 16m 34s)

