#
# A fatal error has been detected by the Java Runtime Environment:
#
#  EXCEPTION_UNCAUGHT_CXX_EXCEPTION (0xe06d7363) at pc=0x000007fefcdba06d, pid=11108, tid=0x0000000000001c5c
#
# JRE version: Java(TM) SE Runtime Environment (8.0_121-b13) (build 1.8.0_121-b13)
# Java VM: Java HotSpot(TM) 64-Bit Server VM (25.121-b13 mixed mode windows-amd64 compressed oops)
# Problematic frame:
# C  [KERNELBASE.dll+0x1a06d]
#
# Failed to write core dump. Minidumps are not enabled by default on client versions of Windows
#
# If you would like to submit a bug report, please visit:
#   http://bugreport.java.com/bugreport/crash.jsp
# The crash happened outside the Java Virtual Machine in native code.
# See problematic frame for where to report the bug.
#

---------------  T H R E A D  ---------------

Current thread (0x00000000024fe800):  JavaThread "main" [_thread_in_native, id=7260, stack(0x0000000002570000,0x0000000002670000)]

siginfo: ExceptionCode=0xe06d7363, ExceptionInformation=0x0000000019930520 0x000000000266de30 0x000007fed420c2b0 0x000007fed3590000 

Registers:
RAX=0x0000000051248fb4, RBX=0x0000000016aa2ea0, RCX=0x000000000266d6b0, RDX=0x00000000000000d0
RSP=0x000000000266dcc0, RBP=0x000000000266ddf0, RSI=0x000007fed420c2b0, RDI=0x0000000000000000
R8 =0x0000000000000000, R9 =0x0000000000000000, R10=0x000007fed3590000, R11=0x000000000266dd00
R12=0x000000072e67fe20, R13=0xffffffffffffffff, R14=0x000000000266de30, R15=0x0000000000000000
RIP=0x000007fefcdba06d, EFLAGS=0x0000000000000206

Top of Stack: (sp=0x000000000266dcc0)
0x000000000266dcc0:   0000000016aa2ea0 000007fed420c2b0
0x000000000266dcd0:   0000000000000000 0000000000416980
0x000000000266dce0:   00000001e06d7363 0000000000000000
0x000000000266dcf0:   000007fefcdba06d 000007fe00000004
0x000000000266dd00:   0000000019930520 000000000266de30
0x000000000266dd10:   000007fed420c2b0 000007fed3590000
0x000000000266dd20:   00000000c0000017 000000000266dda8
0x000000000266dd30:   0000000016aa2ea0 0000000016aa2ee8
0x000000000266dd40:   000000000045a940 000000000266de30
0x000000000266dd50:   000000072b548d30 000007fed3ac079c
0x000000000266dd60:   000000000266de30 ffffffffffffffff
0x000000000266dd70:   000000072e67fe20 0000000000000000
0x000000000266dd80:   000007fed420c2b0 000007fef8a344f2
0x000000000266dd90:   0000000016aa2ea0 000000000266de10
0x000000000266dda0:   0000000700000001 000007fed3590110
0x000000000266ddb0:   00000001e06d7363 0000000000000000 

Instructions: (pc=0x000007fefcdba06d)
0x000007fefcdba04d:   54 24 24 48 89 4c 24 28 4d 85 c9 0f 85 6a 03 00
0x000007fefcdba05d:   00 89 4c 24 38 48 8d 4c 24 20 ff 15 33 02 03 00
0x000007fefcdba06d:   48 81 c4 c8 00 00 00 c3 90 90 90 90 90 90 90 90
0x000007fefcdba07d:   90 90 90 48 83 ec 28 65 48 8b 04 25 30 00 00 00 


Register to memory mapping:

RAX=0x0000000051248fb4 is an unknown value
RBX=0x0000000016aa2ea0 is an unknown value
RCX=0x000000000266d6b0 is pointing into the stack for thread: 0x00000000024fe800
RDX=0x00000000000000d0 is an unknown value
RSP=0x000000000266dcc0 is pointing into the stack for thread: 0x00000000024fe800
RBP=0x000000000266ddf0 is pointing into the stack for thread: 0x00000000024fe800
RSI=0x000007fed420c2b0 is an unknown value
RDI=0x0000000000000000 is an unknown value
R8 =0x0000000000000000 is an unknown value
R9 =0x0000000000000000 is an unknown value
R10=0x000007fed3590000 is an unknown value
R11=0x000000000266dd00 is pointing into the stack for thread: 0x00000000024fe800
R12=0x000000072e67fe20 is an unknown value
R13=0xffffffffffffffff is an unknown value
R14=0x000000000266de30 is pointing into the stack for thread: 0x00000000024fe800
R15=0x0000000000000000 is an unknown value


Stack: [0x0000000002570000,0x0000000002670000],  sp=0x000000000266dcc0,  free space=1015k
Native frames: (J=compiled Java code, j=interpreted, Vv=VM code, C=native code)
C  [KERNELBASE.dll+0x1a06d]
C  [VCRUNTIME140.dll+0x44f2]
C  [jniortools.dll+0x949e07]
C  [jniortools.dll+0x948615]
C  [jniortools.dll+0x7e57b6]
C  [jniortools.dll+0x7de882]
C  [jniortools.dll+0x4599aa]
C  [jniortools.dll+0x440e7b]
C  [jniortools.dll+0x440f7b]
C  0x0000000002957f54

Java frames: (J=compiled Java code, j=interpreted, Vv=VM code)
j  com.google.ortools.linearsolver.operations_research_linear_solverJNI.MPSolver_solve__SWIG_0(JLcom/google/ortools/linearsolver/MPSolver;)I+0
j  com.google.ortools.linearsolver.MPSolver.solve()Lcom/google/ortools/linearsolver/MPSolver$ResultStatus;+5
J 2141% C2 com.saiglobal.sf.allocator.processor.MIP3Processor.solve([[[[Z)Lcom/saiglobal/sf/allocator/processor/MIP3Processor$SolverResult; (2120 bytes) @ 0x00000000032d9610 [0x00000000032d3680+0x5f90]
j  com.saiglobal.sf.allocator.processor.MIP3Processor.scheduleBatch()Ljava/util/List;+279
j  com.saiglobal.sf.allocator.processor.MIP3Processor.execute()V+155
j  com.saiglobal.sf.allocator.main.ResourceAllocator.main([Ljava/lang/String;)V+382
v  ~StubRoutines::call_stub

---------------  P R O C E S S  ---------------

Java Threads: ( => current thread )
  0x0000000059e87800 JavaThread "Abandoned connection cleanup thread" daemon [_thread_blocked, id=10572, stack(0x000000005a7c0000,0x000000005a8c0000)]
  0x0000000058cd0000 JavaThread "Service Thread" daemon [_thread_blocked, id=8032, stack(0x00000000599e0000,0x0000000059ae0000)]
  0x0000000058c5a800 JavaThread "C1 CompilerThread2" daemon [_thread_blocked, id=12708, stack(0x0000000059880000,0x0000000059980000)]
  0x0000000058c48000 JavaThread "C2 CompilerThread1" daemon [_thread_blocked, id=6828, stack(0x00000000596f0000,0x00000000597f0000)]
  0x0000000058c44000 JavaThread "C2 CompilerThread0" daemon [_thread_blocked, id=11324, stack(0x0000000059500000,0x0000000059600000)]
  0x00000000575b5800 JavaThread "Attach Listener" daemon [_thread_blocked, id=10392, stack(0x00000000592e0000,0x00000000593e0000)]
  0x00000000575b4000 JavaThread "Signal Dispatcher" daemon [_thread_blocked, id=10996, stack(0x0000000059120000,0x0000000059220000)]
  0x000000005759d000 JavaThread "Finalizer" daemon [_thread_blocked, id=11508, stack(0x0000000058b40000,0x0000000058c40000)]
  0x0000000057555800 JavaThread "Reference Handler" daemon [_thread_blocked, id=7280, stack(0x0000000058990000,0x0000000058a90000)]
=>0x00000000024fe800 JavaThread "main" [_thread_in_native, id=7260, stack(0x0000000002570000,0x0000000002670000)]

Other Threads:
  0x000000005754e000 VMThread [stack: 0x0000000058790000,0x0000000058890000] [id=7780]
  0x00000000575bf800 WatcherThread [stack: 0x0000000059bf0000,0x0000000059cf0000] [id=7400]

VM state:not at safepoint (normal execution)

VM Mutex/Monitor currently owned by a thread: None

Heap:
 PSYoungGen      total 689664K, used 661446K [0x00000000d5d80000, 0x0000000100000000, 0x0000000100000000)
  eden space 688640K, 96% used [0x00000000d5d80000,0x00000000fe3199c8,0x00000000ffe00000)
  from space 1024K, 34% used [0x00000000ffe00000,0x00000000ffe58000,0x00000000fff00000)
  to   space 1024K, 0% used [0x00000000fff00000,0x00000000fff00000,0x0000000100000000)
 ParOldGen       total 377344K, used 267287K [0x0000000081800000, 0x0000000098880000, 0x00000000d5d80000)
  object space 377344K, 70% used [0x0000000081800000,0x0000000091d05c48,0x0000000098880000)
 Metaspace       used 12408K, capacity 12680K, committed 12928K, reserved 1060864K
  class space    used 1268K, capacity 1354K, committed 1408K, reserved 1048576K

Card table byte_map: [0x0000000011d00000,0x0000000012100000] byte_map_base: 0x00000000118f4000

Marking Bits: (ParMarkBitMap*) 0x0000000070a6b6d0
 Begin Bits: [0x0000000012880000, 0x0000000014820000)
 End Bits:   [0x0000000014820000, 0x00000000167c0000)

Polling page: 0x0000000001d30000

CodeCache: size=245760Kb used=9400Kb max_used=9440Kb free=236359Kb
 bounds [0x0000000002940000, 0x00000000032f0000, 0x0000000011940000]
 total_blobs=2378 nmethods=1968 adapters=322
 compilation: enabled

Compilation events (10 events):
Event: 537.135 Thread 0x0000000058c5a800 2137 %     3       com.saiglobal.sf.allocator.processor.MIP3Processor::solve @ 1068 (2120 bytes)
Event: 537.147 Thread 0x0000000058c5a800 nmethod 2137% 0x000000000326c650 code [0x000000000326e4c0, 0x0000000003284608]
Event: 537.147 Thread 0x0000000058c44000 2138 %     4       com.saiglobal.sf.allocator.processor.MIP3Processor::solve @ 1068 (2120 bytes)
Event: 537.161 Thread 0x0000000058c44000 nmethod 2138% 0x0000000002c36090 code [0x0000000002c36200, 0x0000000002c36818]
Event: 537.161 Thread 0x0000000058c5a800 2139 %     3       com.saiglobal.sf.allocator.processor.MIP3Processor::solve @ 1068 (2120 bytes)
Event: 537.174 Thread 0x0000000058c5a800 nmethod 2139% 0x0000000003298150 code [0x0000000003299fc0, 0x00000000032b0108]
Event: 537.174 Thread 0x0000000058c48000 2140 %     4       com.saiglobal.sf.allocator.processor.MIP3Processor::solve @ 1068 (2120 bytes)
Event: 537.846 Thread 0x0000000058c48000 nmethod 2140% 0x00000000032c3c50 code [0x00000000032c4420, 0x00000000032cb250]
Event: 537.846 Thread 0x0000000058c44000 2141 %     4       com.saiglobal.sf.allocator.processor.MIP3Processor::solve @ 1209 (2120 bytes)
Event: 538.843 Thread 0x0000000058c44000 nmethod 2141% 0x00000000032d2bd0 code [0x00000000032d3680, 0x00000000032dc810]

GC Heap History (10 events):
Event: 1067.406 GC heap before
{Heap before GC invocations=596 (full 3):
 PSYoungGen      total 689152K, used 687936K [0x00000000d5d80000, 0x0000000100000000, 0x0000000100000000)
  eden space 687616K, 100% used [0x00000000d5d80000,0x00000000ffd00000,0x00000000ffd00000)
  from space 1536K, 20% used [0x00000000ffe80000,0x00000000ffed0000,0x0000000100000000)
  to   space 1536K, 0% used [0x00000000ffd00000,0x00000000ffd00000,0x00000000ffe80000)
 ParOldGen       total 377344K, used 267287K [0x0000000081800000, 0x0000000098880000, 0x00000000d5d80000)
  object space 377344K, 70% used [0x0000000081800000,0x0000000091d05c48,0x0000000098880000)
 Metaspace       used 12408K, capacity 12680K, committed 12928K, reserved 1060864K
  class space    used 1268K, capacity 1354K, committed 1408K, reserved 1048576K
Event: 1067.413 GC heap after
Heap after GC invocations=596 (full 3):
 PSYoungGen      total 689152K, used 352K [0x00000000d5d80000, 0x0000000100000000, 0x0000000100000000)
  eden space 687616K, 0% used [0x00000000d5d80000,0x00000000d5d80000,0x00000000ffd00000)
  from space 1536K, 22% used [0x00000000ffd00000,0x00000000ffd58000,0x00000000ffe80000)
  to   space 1536K, 0% used [0x00000000ffe80000,0x00000000ffe80000,0x0000000100000000)
 ParOldGen       total 377344K, used 267287K [0x0000000081800000, 0x0000000098880000, 0x00000000d5d80000)
  object space 377344K, 70% used [0x0000000081800000,0x0000000091d05c48,0x0000000098880000)
 Metaspace       used 12408K, capacity 12680K, committed 12928K, reserved 1060864K
  class space    used 1268K, capacity 1354K, committed 1408K, reserved 1048576K
}
Event: 1074.129 GC heap before
{Heap before GC invocations=597 (full 3):
 PSYoungGen      total 689152K, used 687968K [0x00000000d5d80000, 0x0000000100000000, 0x0000000100000000)
  eden space 687616K, 100% used [0x00000000d5d80000,0x00000000ffd00000,0x00000000ffd00000)
  from space 1536K, 22% used [0x00000000ffd00000,0x00000000ffd58000,0x00000000ffe80000)
  to   space 1536K, 0% used [0x00000000ffe80000,0x00000000ffe80000,0x0000000100000000)
 ParOldGen       total 377344K, used 267287K [0x0000000081800000, 0x0000000098880000, 0x00000000d5d80000)
  object space 377344K, 70% used [0x0000000081800000,0x0000000091d05c48,0x0000000098880000)
 Metaspace       used 12408K, capacity 12680K, committed 12928K, reserved 1060864K
  class space    used 1268K, capacity 1354K, committed 1408K, reserved 1048576K
Event: 1074.134 GC heap after
Heap after GC invocations=597 (full 3):
 PSYoungGen      total 688128K, used 320K [0x00000000d5d80000, 0x00000000fff00000, 0x0000000100000000)
  eden space 687616K, 0% used [0x00000000d5d80000,0x00000000d5d80000,0x00000000ffd00000)
  from space 512K, 62% used [0x00000000ffe80000,0x00000000ffed0000,0x00000000fff00000)
  to   space 1024K, 0% used [0x00000000ffd00000,0x00000000ffd00000,0x00000000ffe00000)
 ParOldGen       total 377344K, used 267287K [0x0000000081800000, 0x0000000098880000, 0x00000000d5d80000)
  object space 377344K, 70% used [0x0000000081800000,0x0000000091d05c48,0x0000000098880000)
 Metaspace       used 12408K, capacity 12680K, committed 12928K, reserved 1060864K
  class space    used 1268K, capacity 1354K, committed 1408K, reserved 1048576K
}
Event: 1079.893 GC heap before
{Heap before GC invocations=598 (full 3):
 PSYoungGen      total 688128K, used 687936K [0x00000000d5d80000, 0x00000000fff00000, 0x0000000100000000)
  eden space 687616K, 100% used [0x00000000d5d80000,0x00000000ffd00000,0x00000000ffd00000)
  from space 512K, 62% used [0x00000000ffe80000,0x00000000ffed0000,0x00000000fff00000)
  to   space 1024K, 0% used [0x00000000ffd00000,0x00000000ffd00000,0x00000000ffe00000)
 ParOldGen       total 377344K, used 267287K [0x0000000081800000, 0x0000000098880000, 0x00000000d5d80000)
  object space 377344K, 70% used [0x0000000081800000,0x0000000091d05c48,0x0000000098880000)
 Metaspace       used 12408K, capacity 12680K, committed 12928K, reserved 1060864K
  class space    used 1268K, capacity 1354K, committed 1408K, reserved 1048576K
Event: 1079.898 GC heap after
Heap after GC invocations=598 (full 3):
 PSYoungGen      total 688640K, used 352K [0x00000000d5d80000, 0x0000000100000000, 0x0000000100000000)
  eden space 687616K, 0% used [0x00000000d5d80000,0x00000000d5d80000,0x00000000ffd00000)
  from space 1024K, 34% used [0x00000000ffd00000,0x00000000ffd58000,0x00000000ffe00000)
  to   space 1024K, 0% used [0x00000000fff00000,0x00000000fff00000,0x0000000100000000)
 ParOldGen       total 377344K, used 267287K [0x0000000081800000, 0x0000000098880000, 0x00000000d5d80000)
  object space 377344K, 70% used [0x0000000081800000,0x0000000091d05c48,0x0000000098880000)
 Metaspace       used 12408K, capacity 12680K, committed 12928K, reserved 1060864K
  class space    used 1268K, capacity 1354K, committed 1408K, reserved 1048576K
}
Event: 1087.214 GC heap before
{Heap before GC invocations=599 (full 3):
 PSYoungGen      total 688640K, used 687968K [0x00000000d5d80000, 0x0000000100000000, 0x0000000100000000)
  eden space 687616K, 100% used [0x00000000d5d80000,0x00000000ffd00000,0x00000000ffd00000)
  from space 1024K, 34% used [0x00000000ffd00000,0x00000000ffd58000,0x00000000ffe00000)
  to   space 1024K, 0% used [0x00000000fff00000,0x00000000fff00000,0x0000000100000000)
 ParOldGen       total 377344K, used 267287K [0x0000000081800000, 0x0000000098880000, 0x00000000d5d80000)
  object space 377344K, 70% used [0x0000000081800000,0x0000000091d05c48,0x0000000098880000)
 Metaspace       used 12408K, capacity 12680K, committed 12928K, reserved 1060864K
  class space    used 1268K, capacity 1354K, committed 1408K, reserved 1048576K
Event: 1087.219 GC heap after
Heap after GC invocations=599 (full 3):
 PSYoungGen      total 689664K, used 320K [0x00000000d5d80000, 0x0000000100000000, 0x0000000100000000)
  eden space 688640K, 0% used [0x00000000d5d80000,0x00000000d5d80000,0x00000000ffe00000)
  from space 1024K, 31% used [0x00000000fff00000,0x00000000fff50000,0x0000000100000000)
  to   space 1024K, 0% used [0x00000000ffe00000,0x00000000ffe00000,0x00000000fff00000)
 ParOldGen       total 377344K, used 267287K [0x0000000081800000, 0x0000000098880000, 0x00000000d5d80000)
  object space 377344K, 70% used [0x0000000081800000,0x0000000091d05c48,0x0000000098880000)
 Metaspace       used 12408K, capacity 12680K, committed 12928K, reserved 1060864K
  class space    used 1268K, capacity 1354K, committed 1408K, reserved 1048576K
}
Event: 1095.046 GC heap before
{Heap before GC invocations=600 (full 3):
 PSYoungGen      total 689664K, used 688960K [0x00000000d5d80000, 0x0000000100000000, 0x0000000100000000)
  eden space 688640K, 100% used [0x00000000d5d80000,0x00000000ffe00000,0x00000000ffe00000)
  from space 1024K, 31% used [0x00000000fff00000,0x00000000fff50000,0x0000000100000000)
  to   space 1024K, 0% used [0x00000000ffe00000,0x00000000ffe00000,0x00000000fff00000)
 ParOldGen       total 377344K, used 267287K [0x0000000081800000, 0x0000000098880000, 0x00000000d5d80000)
  object space 377344K, 70% used [0x0000000081800000,0x0000000091d05c48,0x0000000098880000)
 Metaspace       used 12408K, capacity 12680K, committed 12928K, reserved 1060864K
  class space    used 1268K, capacity 1354K, committed 1408K, reserved 1048576K
Event: 1095.053 GC heap after
Heap after GC invocations=600 (full 3):
 PSYoungGen      total 689664K, used 352K [0x00000000d5d80000, 0x0000000100000000, 0x0000000100000000)
  eden space 688640K, 0% used [0x00000000d5d80000,0x00000000d5d80000,0x00000000ffe00000)
  from space 1024K, 34% used [0x00000000ffe00000,0x00000000ffe58000,0x00000000fff00000)
  to   space 1024K, 0% used [0x00000000fff00000,0x00000000fff00000,0x0000000100000000)
 ParOldGen       total 377344K, used 267287K [0x0000000081800000, 0x0000000098880000, 0x00000000d5d80000)
  object space 377344K, 70% used [0x0000000081800000,0x0000000091d05c48,0x0000000098880000)
 Metaspace       used 12408K, capacity 12680K, committed 12928K, reserved 1060864K
  class space    used 1268K, capacity 1354K, committed 1408K, reserved 1048576K
}

Deoptimization events (10 events):
Event: 149.058 Thread 0x00000000024fe800 Uncommon trap: reason=unstable_if action=reinterpret pc=0x0000000002b8ae24 method=java.util.HashMap.getNode(ILjava/lang/Object;)Ljava/util/HashMap$Node; @ 62
Event: 150.700 Thread 0x00000000024fe800 Uncommon trap: reason=predicate action=maybe_recompile pc=0x000000000313d4e4 method=com.saiglobal.sf.allocator.processor.MIP3Processor.solve([[[[Z)Lcom/saiglobal/sf/allocator/processor/MIP3Processor$SolverResult; @ 559
Event: 234.820 Thread 0x00000000024fe800 Uncommon trap: reason=unstable_if action=reinterpret pc=0x00000000031607c4 method=java.util.HashMap.getNode(ILjava/lang/Object;)Ljava/util/HashMap$Node; @ 129
Event: 234.820 Thread 0x00000000024fe800 Uncommon trap: reason=unstable_if action=reinterpret pc=0x0000000002b59978 method=java.util.HashMap.getNode(ILjava/lang/Object;)Ljava/util/HashMap$Node; @ 129
Event: 234.822 Thread 0x00000000024fe800 Uncommon trap: reason=unstable_if action=reinterpret pc=0x0000000003178988 method=java.util.HashMap.getNode(ILjava/lang/Object;)Ljava/util/HashMap$Node; @ 129
Event: 536.533 Thread 0x00000000024fe800 Uncommon trap: reason=unreached action=reinterpret pc=0x00000000031ec170 method=com.saiglobal.sf.allocator.processor.MIP3Processor.solve([[[[Z)Lcom/saiglobal/sf/allocator/processor/MIP3Processor$SolverResult; @ 1041
Event: 536.566 Thread 0x00000000024fe800 Uncommon trap: reason=unstable_if action=reinterpret pc=0x0000000002c1e1c8 method=com.saiglobal.sf.allocator.processor.MIP3Processor.solve([[[[Z)Lcom/saiglobal/sf/allocator/processor/MIP3Processor$SolverResult; @ 1029
Event: 537.134 Thread 0x00000000024fe800 Uncommon trap: reason=unreached action=reinterpret pc=0x00000000030a63f4 method=com.saiglobal.sf.allocator.processor.MIP3Processor.solve([[[[Z)Lcom/saiglobal/sf/allocator/processor/MIP3Processor$SolverResult; @ 1396
Event: 537.161 Thread 0x00000000024fe800 Uncommon trap: reason=unstable_if action=reinterpret pc=0x0000000002c36718 method=com.saiglobal.sf.allocator.processor.MIP3Processor.solve([[[[Z)Lcom/saiglobal/sf/allocator/processor/MIP3Processor$SolverResult; @ 1384
Event: 537.941 Thread 0x00000000024fe800 Uncommon trap: reason=unstable_if action=reinterpret pc=0x00000000032c47a4 method=com.saiglobal.sf.allocator.processor.MIP3Processor.solve([[[[Z)Lcom/saiglobal/sf/allocator/processor/MIP3Processor$SolverResult; @ 1081

Internal exceptions (10 events):
Event: 0.579 Thread 0x00000000024fe800 Exception <a 'java/lang/ClassNotFoundException': org/apache/log4j/AppenderSkeletonCustomizer> (0x00000000d6285ba8) thrown at [C:\re\workspace\8-2-build-windows-amd64-cygwin\jdk8u121\8372\hotspot\src\share\vm\classfile\systemDictionary.cpp, line 210]
Event: 0.580 Thread 0x00000000024fe800 Exception <a 'java/lang/ClassNotFoundException': org/apache/log4j/WriterAppenderCustomizer> (0x00000000d62a0558) thrown at [C:\re\workspace\8-2-build-windows-amd64-cygwin\jdk8u121\8372\hotspot\src\share\vm\classfile\systemDictionary.cpp, line 210]
Event: 0.581 Thread 0x00000000024fe800 Exception <a 'java/lang/ClassNotFoundException': org/apache/log4j/FileAppenderCustomizer> (0x00000000d62b3c58) thrown at [C:\re\workspace\8-2-build-windows-amd64-cygwin\jdk8u121\8372\hotspot\src\share\vm\classfile\systemDictionary.cpp, line 210]
Event: 0.584 Thread 0x00000000024fe800 Exception <a 'java/lang/ClassNotFoundException': org/apache/log4j/RollingFileAppenderCustomizer> (0x00000000d62c7518) thrown at [C:\re\workspace\8-2-build-windows-amd64-cygwin\jdk8u121\8372\hotspot\src\share\vm\classfile\systemDictionary.cpp, line 210]
Event: 0.597 Thread 0x00000000024fe800 Exception <a 'java/lang/ClassNotFoundException': org/apache/log4j/ConsoleAppenderBeanInfo> (0x00000000d62f0c28) thrown at [C:\re\workspace\8-2-build-windows-amd64-cygwin\jdk8u121\8372\hotspot\src\share\vm\classfile\systemDictionary.cpp, line 210]
Event: 0.598 Thread 0x00000000024fe800 Exception <a 'java/lang/ClassNotFoundException': org/apache/log4j/ConsoleAppenderCustomizer> (0x00000000d62f74f8) thrown at [C:\re\workspace\8-2-build-windows-amd64-cygwin\jdk8u121\8372\hotspot\src\share\vm\classfile\systemDictionary.cpp, line 210]
Event: 0.839 Thread 0x00000000024fe800 Implicit null exception at 0x0000000002b60106 to 0x0000000002b604a9
Event: 4.165 Thread 0x00000000024fe800 Exception <a 'java/lang/NoSuchFieldError': method resolution failed> (0x00000000d6ed9648) thrown at [C:\re\workspace\8-2-build-windows-amd64-cygwin\jdk8u121\8372\hotspot\src\share\vm\prims\methodHandles.cpp, line 1146]
Event: 4.168 Thread 0x00000000024fe800 Exception <a 'java/lang/NoSuchFieldError': method resolution failed> (0x00000000d6ee6968) thrown at [C:\re\workspace\8-2-build-windows-amd64-cygwin\jdk8u121\8372\hotspot\src\share\vm\prims\methodHandles.cpp, line 1146]
Event: 117.158 Thread 0x00000000024fe800 Exception <a 'java/lang/NoSuchMethodError': java.lang.Object.lambda$minBy$0(Ljava/util/Comparator;Ljava/lang/Object;Ljava/lang/Object;)Ljava/lang/Object;> (0x00000000d8a35ba8) thrown at [C:\re\workspace\8-2-build-windows-amd64-cygwin\jdk8u121\8372\hotspot

Events (10 events):
Event: 1067.406 Executing VM operation: ParallelGCFailedAllocation
Event: 1067.413 Executing VM operation: ParallelGCFailedAllocation done
Event: 1074.129 Executing VM operation: ParallelGCFailedAllocation
Event: 1074.134 Executing VM operation: ParallelGCFailedAllocation done
Event: 1079.893 Executing VM operation: ParallelGCFailedAllocation
Event: 1079.898 Executing VM operation: ParallelGCFailedAllocation done
Event: 1087.214 Executing VM operation: ParallelGCFailedAllocation
Event: 1087.219 Executing VM operation: ParallelGCFailedAllocation done
Event: 1095.046 Executing VM operation: ParallelGCFailedAllocation
Event: 1095.053 Executing VM operation: ParallelGCFailedAllocation done


Dynamic libraries:
0x000000013f990000 - 0x000000013f9c7000 	C:\Program Files\Java\jdk1.8.0_121\bin\javaw.exe
0x0000000077070000 - 0x000000007721a000 	C:\windows\SYSTEM32\ntdll.dll
0x0000000076e50000 - 0x0000000076f6f000 	C:\windows\system32\kernel32.dll
0x000007fefcda0000 - 0x000007fefce0a000 	C:\windows\system32\KERNELBASE.dll
0x000007fefec00000 - 0x000007fefecdb000 	C:\windows\system32\ADVAPI32.dll
0x000007fefe300000 - 0x000007fefe39f000 	C:\windows\system32\msvcrt.dll
0x000007fefefb0000 - 0x000007fefefcf000 	C:\windows\SYSTEM32\sechost.dll
0x000007fefeab0000 - 0x000007fefebdd000 	C:\windows\system32\RPCRT4.dll
0x0000000076f70000 - 0x000000007706a000 	C:\windows\system32\USER32.dll
0x000007fefe3a0000 - 0x000007fefe407000 	C:\windows\system32\GDI32.dll
0x000007fefe2f0000 - 0x000007fefe2fe000 	C:\windows\system32\LPK.dll
0x000007fefe9e0000 - 0x000007fefeaaa000 	C:\windows\system32\USP10.dll
0x000007fefb220000 - 0x000007fefb414000 	C:\windows\WinSxS\amd64_microsoft.windows.common-controls_6595b64144ccf1df_6.0.7601.18837_none_fa3b1e3d17594757\COMCTL32.dll
0x000007feff190000 - 0x000007feff201000 	C:\windows\system32\SHLWAPI.dll
0x000007fefe740000 - 0x000007fefe76e000 	C:\windows\system32\IMM32.DLL
0x000007fefefd0000 - 0x000007feff0d9000 	C:\windows\system32\MSCTF.dll
0x0000000068000000 - 0x0000000068056000 	C:\windows\system32\QIPCAP64.DLL
0x000007fefd560000 - 0x000007fefe2ea000 	C:\windows\system32\SHELL32.dll
0x000007fefc3b0000 - 0x000007fefc40b000 	C:\windows\system32\DNSAPI.dll
0x000007feff330000 - 0x000007feff37d000 	C:\windows\system32\WS2_32.dll
0x000007feff0e0000 - 0x000007feff0e8000 	C:\windows\system32\NSI.dll
0x0000000078c20000 - 0x0000000078cf2000 	C:\Program Files\Java\jdk1.8.0_121\jre\bin\msvcr100.dll
0x0000000070250000 - 0x0000000070aeb000 	C:\Program Files\Java\jdk1.8.0_121\jre\bin\server\jvm.dll
0x000007fefaef0000 - 0x000007fefaef9000 	C:\windows\system32\WSOCK32.dll
0x000007fefa430000 - 0x000007fefa46b000 	C:\windows\system32\WINMM.dll
0x000007fefbe30000 - 0x000007fefbe3c000 	C:\windows\system32\VERSION.dll
0x0000000077230000 - 0x0000000077237000 	C:\windows\system32\PSAPI.DLL
0x0000000061c90000 - 0x0000000061c9f000 	C:\Program Files\Java\jdk1.8.0_121\jre\bin\verify.dll
0x0000000061c20000 - 0x0000000061c49000 	C:\Program Files\Java\jdk1.8.0_121\jre\bin\java.dll
0x0000000061880000 - 0x0000000061896000 	C:\Program Files\Java\jdk1.8.0_121\jre\bin\zip.dll
0x000007fefd180000 - 0x000007fefd37c000 	C:\windows\system32\ole32.dll
0x000007fefcd60000 - 0x000007fefcd6f000 	C:\windows\system32\profapi.dll
0x0000000061ca0000 - 0x0000000061cad000 	C:\Program Files\Java\jdk1.8.0_121\jre\bin\management.dll
0x0000000061c00000 - 0x0000000061c1a000 	C:\Program Files\Java\jdk1.8.0_121\jre\bin\net.dll
0x000007fefc530000 - 0x000007fefc585000 	C:\windows\system32\mswsock.dll
0x000007fefc520000 - 0x000007fefc527000 	C:\windows\System32\wship6.dll
0x000007fefb620000 - 0x000007fefb635000 	C:\windows\system32\NLAapi.dll
0x000007feefb30000 - 0x000007feefb45000 	C:\windows\system32\napinsp.dll
0x000007feefb10000 - 0x000007feefb29000 	C:\windows\system32\pnrpnsp.dll
0x000007feefb00000 - 0x000007feefb0b000 	C:\windows\System32\winrnr.dll
0x000007feefaf0000 - 0x000007feefb00000 	C:\windows\system32\wshbth.dll
0x000007fefc150000 - 0x000007fefc157000 	C:\windows\System32\wshtcpip.dll
0x000007fefaec0000 - 0x000007fefaee7000 	C:\windows\system32\IPHLPAPI.DLL
0x000007fefaeb0000 - 0x000007fefaebb000 	C:\windows\system32\WINNSI.DLL
0x000007fef73c0000 - 0x000007fef73c8000 	C:\windows\system32\rasadhlp.dll
0x000007fef8810000 - 0x000007fef8863000 	C:\windows\System32\fwpuclnt.dll
0x000007fed3590000 - 0x000007fed4310000 	C:\Code\DataAnalysisBB\dataanalysis\SFResourceAllocator\lib\jniortools.dll
0x000007fee9b90000 - 0x000007fee9c2c000 	C:\windows\system32\MSVCP140.dll
0x000007fef8a30000 - 0x000007fef8a46000 	C:\windows\system32\VCRUNTIME140.dll
0x000007fef81a0000 - 0x000007fef81a4000 	C:\windows\system32\api-ms-win-crt-runtime-l1-1-0.dll
0x000007fee3df0000 - 0x000007fee3ee4000 	C:\windows\system32\ucrtbase.DLL
0x000007fee5ae0000 - 0x000007fee5ae3000 	C:\windows\system32\api-ms-win-core-timezone-l1-1-0.dll
0x000007fee5ad0000 - 0x000007fee5ad3000 	C:\windows\system32\api-ms-win-core-file-l2-1-0.dll
0x000007fee5ac0000 - 0x000007fee5ac3000 	C:\windows\system32\api-ms-win-core-localization-l1-2-0.dll
0x000007feeaa90000 - 0x000007feeaa93000 	C:\windows\system32\api-ms-win-core-synch-l1-2-0.dll
0x000007fee5ab0000 - 0x000007fee5ab3000 	C:\windows\system32\api-ms-win-core-processthreads-l1-1-1.dll
0x000007fee5aa0000 - 0x000007fee5aa3000 	C:\windows\system32\api-ms-win-core-file-l1-2-0.dll
0x000007fef0f90000 - 0x000007fef0f94000 	C:\windows\system32\api-ms-win-crt-string-l1-1-0.dll
0x000007fef6a40000 - 0x000007fef6a43000 	C:\windows\system32\api-ms-win-crt-heap-l1-1-0.dll
0x000007fef0f80000 - 0x000007fef0f84000 	C:\windows\system32\api-ms-win-crt-stdio-l1-1-0.dll
0x000007feeeb60000 - 0x000007feeeb64000 	C:\windows\system32\api-ms-win-crt-convert-l1-1-0.dll
0x000007feeeb50000 - 0x000007feeeb53000 	C:\windows\system32\api-ms-win-crt-locale-l1-1-0.dll
0x000007feeeb40000 - 0x000007feeeb45000 	C:\windows\system32\api-ms-win-crt-math-l1-1-0.dll
0x000007feeeb30000 - 0x000007feeeb35000 	C:\windows\system32\api-ms-win-crt-multibyte-l1-1-0.dll
0x000007feeea50000 - 0x000007feeea53000 	C:\windows\system32\api-ms-win-crt-time-l1-1-0.dll
0x000007feee330000 - 0x000007feee333000 	C:\windows\system32\api-ms-win-crt-filesystem-l1-1-0.dll
0x000007feee320000 - 0x000007feee323000 	C:\windows\system32\api-ms-win-crt-environment-l1-1-0.dll
0x000007feee310000 - 0x000007feee313000 	C:\windows\system32\api-ms-win-crt-utility-l1-1-0.dll
0x000007fefaf00000 - 0x000007fefb025000 	C:\windows\system32\dbghelp.dll

VM Arguments:
jvm_args: -Djava.library.path=lib -Dfile.encoding=Cp1252 
java_command: com.saiglobal.sf.allocator.main.ResourceAllocator -ai com.saiglobal.sf.allocator.implementation.ResourceAllocatorMIPMilkRunsUK -includePipeline false -logLevel DEBUG -cp noOfMonth:12;milkRuns:true
java_class_path (initial): C:\Code\DataAnalysisBB\dataanalysis\SFResourceAllocator\bin;C:\Code\DataAnalysis\SFResourceAllocator\lib\org.apache.log4j_1.2.13.v200903072027.jar;C:\Code\DataAnalysisBB\dataanalysis\SFCore\bin;C:\Code\DataAnalysis\SFCore\lib\commons-cli-1.2.jar;C:\Code\DataAnalysis\SFCore\lib\commons-logging-1.1.3.jar;C:\Code\DataAnalysis\SFCore\lib\geocoder-java-0.15.jar;C:\Code\DataAnalysis\SFCore\lib\gson-2.2.4.jar;C:\Code\DataAnalysis\SFCore\lib\org.apache.log4j_1.2.13.v200903072027.jar;C:\Code\DataAnalysis\SFCore\lib\jsch-0.1.50.jar;C:\Code\DataAnalysis\SFCore\lib\sqljdbc4.jar;C:\Code\DataAnalysis\SFCore\lib\javax.mail.jar;C:\Code\DataAnalysis\SFCore\lib\mysql-connector-java-5.1.35-bin.jar;C:\Code\DataAnalysis\SFCore\lib\commons-lang-2.5.jar;C:\Code\DataAnalysis\SFCore\lib\force-wsc-32.0.0.jar;C:\Code\DataAnalysis\SFCore\lib\wsc.partner.32.jar;C:\Code\DataAnalysisBB\dataanalysis\SFResourceAllocator\lib\com.google.ortools.jar;C:\Code\DataAnalysisBB\dataanalysis\SFResourceAllocator\lib\protobuf.jar
Launcher Type: SUN_STANDARD

Environment Variables:
PATH=C:/Program Files/Java/jre1.8.0_121/bin/server;C:/Program Files/Java/jre1.8.0_121/bin;C:/Program Files/Java/jre1.8.0_121/lib/amd64;C:\gurobi702\win64\bin;C:\Program Files\Microsoft MPI\Bin\;C:\ProgramData\Oracle\Java\javapath;C:\windows\system32;C:\windows;C:\windows\System32\Wbem;C:\windows\System32\WindowsPowerShell\v1.0\;C:\Program Files (x86)\Common Files\Roxio Shared\DLLShared\;C:\Program Files (x86)\Common Files\Roxio Shared\10.0\DLLShared\;C:\Program Files (x86)\ATI Technologies\ATI.ACE\Core-Static;C:\Program Files (x86)\MySQL\MySQL Utilities 1.4\;C:\Program Files (x86)\MySQL\MySQL Utilities 1.4\Doctrine extensions for PHP\;C:\Program Files\nodejs\;C:\TDM-GCC-64\bin;C:\Program Files\Microsoft SQL Server\130\Tools\Binn\;C:\Program Files\Anaconda3;C:\Program Files\Anaconda3\Scripts;C:\Program Files\Anaconda3\Library\bin;C:\Program Files\Git\cmd;C:\Program Files (x86)\Microsoft Visual Studio\2017\Community\Common7\Tools\;C:\Users\conluc0\Downloads\or-tools-master\tools\;C:\Program Files\TortoiseSVN\bin;C:\Program Files\CMake\bin;C:\Program Files\Java\jdk1.8.0_121\bin;C:\Program Files\Microsoft SQL Server\110\Tools\Binn\;C:\Program Files (x86)\Microsoft SDKs\TypeScript\1.0\;C:\Program Files\Microsoft SQL Server\120\Tools\Binn\;C:\Windows\System32;C:\Users\conluc0\AppData\Local\Continuum\Anaconda;C:\Users\conluc0\AppData\Local\Continuum\Anaconda\Scripts;C:\Users\conluc0\AppData\Roaming\npm;C:\TDM-GCC-64\bin;C:\eclipse;
USERNAME=conluc0
OS=Windows_NT
PROCESSOR_IDENTIFIER=Intel64 Family 6 Model 69 Stepping 1, GenuineIntel



---------------  S Y S T E M  ---------------

OS: Windows 7 , 64 bit Build 7601 (6.1.7601.23796)

CPU:total 4 (2 cores per cpu, 2 threads per core) family 6 model 69 stepping 1, cmov, cx8, fxsr, mmx, sse, sse2, sse3, ssse3, sse4.1, sse4.2, popcnt, avx, avx2, aes, clmul, erms, lzcnt, ht, tsc, tscinvbit, bmi1, bmi2

Memory: 4k page, physical 8283244k(9024k free), swap 33131116k(264912k free)

vm_info: Java HotSpot(TM) 64-Bit Server VM (25.121-b13) for windows-amd64 JRE (1.8.0_121-b13), built on Dec 12 2016 18:21:36 by "java_re" with MS VC++ 10.0 (VS2010)

time: Wed Jun 07 13:07:59 2017
elapsed time: 1471 seconds (0d 0h 24m 31s)

